# RUNNING VERSION '1.07-1'
+==========================================================================================================+
|                                                                                                          |
|                                                                                              #           |
|                                                                                             ##           |
|                                                                                            ###           |
|                                                                                          ####            |
|                                                          TU Freiberg                    ######           |
|                                                          Chair of Numerical            #### ##           |
|                                                          Thermo-Fluid-Dynamics         ########          |
|        Universal Laminar Flame Solver                                                  #### #####        |
|                                                                                          ##########      |
|                                                                                                #####     |
|                            ###    ##########             ####  ################################# ###     |
|                           ####  ####                    #####     ####   ####          ######### ###     |
|                          ####  ####                    ######     ###   ###                  ### ###     |
|         ####      ####  ################              ###  ###   ###   #########   ###       ### ##      |
|        ####      ####  ################              ###   ###  ###   ########    ###       ### ###      |
|       ####       ###  #### ####                     ###    ### ###   ###         ##       ### ###        |
|       #####   #####  #### ####                     ###      #####   ###         ###    ##### ###         |
|        ##########   ####  ###                     ###       #############      ########## #####          |
|                                                        #######################################           |
|                                                      ###               #####################             |
|                                                                             ############                 |
|                                                                                                          |
+==========================================================================================================+
                                                                                                            
ULF run at Tue Sep 15 21:30:52 2015



==== Status of problem ====

Parser configured
Database configured
Mixture configured
Solution configured
Solver configured
Problem NOT solved

==== END of Status ====
time: 0.000000e+00
time: 7.124360e-11
time: 7.124360e-11
time: 7.124360e-11
time: 7.124360e-11
time: 7.124360e-11
time: 7.124360e-11
time: 7.124360e-11
time: 7.124360e-11
time: 7.124360e-11
time: 7.124360e-11
time: 7.124360e-11
time: 7.124360e-11
time: 7.124360e-11
time: 7.124360e-11
time: 7.124360e-11
time: 7.124360e-11
time: 7.124360e-11
time: 7.124360e-11
time: 7.124360e-11
time: 7.124360e-11
time: 7.124360e-11
time: 7.124360e-11
time: 7.124360e-11
time: 7.124360e-11
time: 7.124360e-11
time: 7.124360e-11
time: 7.124360e-11
time: 7.124360e-11
time: 7.124360e-11
time: 7.124360e-11
time: 7.124360e-11
time: 7.124360e-11
time: 7.124360e-11
time: 7.124360e-11
time: 7.124360e-11
time: 7.124360e-11
time: 7.124360e-11
time: 7.124360e-11
time: 7.124360e-11
time: 7.124360e-11
time: 7.124360e-11
time: 7.124360e-11
time: 7.124360e-11
time: 7.124360e-11
time: 7.124360e-11
time: 7.124360e-11
time: 7.124360e-11
time: 7.124360e-11
time: 7.124360e-11
time: 7.124360e-11
time: 7.124360e-11
time: 7.124360e-11
time: 7.124360e-11
time: 7.124360e-11
time: 7.124360e-11
time: 1.424872e-10
time: 2.137308e-10
time: 4.084054e-08
time: 8.146734e-08
time: 1.220941e-07
time: 2.171873e-07
time: 3.122805e-07
time: 4.073737e-07
time: 5.024668e-07
time: 6.879796e-07
time: 8.734923e-07
time: 1.059005e-06
time: 1.244518e-06
time: 1.548586e-06
time: 1.852655e-06
time: 2.156723e-06
time: 2.460792e-06
time: 3.103729e-06
time: 3.103729e-06
time: 3.746667e-06
time: 3.746667e-06
time: 4.389605e-06
time: 4.389605e-06
time: 5.032543e-06
time: 5.675481e-06
time: 6.461122e-06
time: 7.246762e-06
time: 8.032403e-06
time: 8.818043e-06
time: 9.603684e-06
time: 1.059462e-05
time: 1.158555e-05
time: 1.257649e-05
time: 1.356742e-05
time: 1.455836e-05
time: 1.579080e-05
time: 1.702325e-05
time: 1.825569e-05
time: 1.948814e-05
time: 2.072059e-05
time: 2.228994e-05
time: 2.385930e-05
time: 2.542865e-05
time: 2.699801e-05
time: 2.856736e-05
time: 3.055045e-05
time: 3.253354e-05
time: 3.451662e-05
time: 3.649971e-05
time: 3.848279e-05
time: 4.095721e-05
time: 4.343163e-05
time: 4.590604e-05
time: 4.838046e-05
time: 5.085487e-05
time: 5.391413e-05
time: 5.697338e-05
time: 6.003263e-05
time: 6.309188e-05
time: 6.615113e-05
time: 6.989794e-05
time: 7.364475e-05
time: 7.739156e-05
time: 8.113837e-05
time: 8.488518e-05
time: 8.863198e-05
time: 9.237879e-05
time: 9.237879e-05
time: 9.612560e-05
time: 1.011325e-04
time: 1.011325e-04
time: 1.011325e-04
time: 1.061393e-04
time: 1.061393e-04
time: 1.061393e-04
time: 1.111462e-04
time: 1.111462e-04
time: 1.111462e-04
time: 1.111462e-04
time: 1.161530e-04
time: 1.211599e-04
time: 1.211599e-04
time: 1.211599e-04
time: 1.261668e-04
time: 1.261668e-04
time: 1.261668e-04
time: 1.261668e-04
time: 1.311736e-04
time: 1.361805e-04
time: 1.361805e-04
time: 1.361805e-04
time: 1.361805e-04
time: 1.361805e-04
time: 1.324253e-04
time: 1.324253e-04
time: 1.324253e-04
time: 1.324253e-04
time: 1.324253e-04
time: 1.324253e-04
time: 1.324253e-04
time: 1.324253e-04
time: 1.324253e-04
time: 1.324253e-04
time: 1.324253e-04
time: 1.324253e-04
time: 1.324253e-04
time: 1.324253e-04
time: 1.324253e-04
time: 1.324253e-04
time: 1.324253e-04
time: 1.324253e-04
time: 1.324253e-04
time: 1.324253e-04
time: 1.324253e-04
time: 1.324253e-04
time: 1.324253e-04
time: 1.324253e-04
time: 1.324253e-04
time: 1.324253e-04
time: 1.324253e-04
time: 1.324253e-04
time: 1.324253e-04
time: 1.324253e-04
time: 1.324253e-04
time: 1.324253e-04
time: 1.324253e-04
time: 1.324253e-04
time: 1.324253e-04
time: 1.324253e-04
time: 1.324253e-04
time: 1.324253e-04
time: 1.324253e-04
time: 1.324253e-04
time: 1.324253e-04
time: 1.324253e-04
time: 1.324253e-04
time: 1.324253e-04
time: 1.324253e-04
time: 1.324253e-04
time: 1.324253e-04
time: 1.324253e-04
time: 1.324253e-04
time: 1.324253e-04
time: 1.324253e-04
time: 1.324253e-04
time: 1.324253e-04
time: 1.324253e-04
time: 1.324253e-04
time: 1.336771e-04
time: 1.349288e-04
time: 1.361805e-04
time: 1.374322e-04
time: 1.399356e-04
time: 1.424391e-04
time: 1.449425e-04
time: 1.474459e-04
time: 1.524528e-04
time: 1.574596e-04
time: 1.624665e-04
time: 1.674734e-04
time: 1.724802e-04
time: 1.802291e-04
time: 1.879779e-04
time: 1.957268e-04
time: 2.034756e-04
time: 2.112245e-04
time: 2.205557e-04
time: 2.298869e-04
time: 2.392181e-04
time: 2.485493e-04
time: 2.578805e-04
time: 2.672117e-04
time: 2.784909e-04
time: 2.897701e-04
time: 3.010494e-04
time: 3.123286e-04
time: 3.236078e-04
time: 3.348871e-04
time: 3.461663e-04
time: 3.598137e-04
time: 3.734611e-04
time: 3.734611e-04
time: 3.871085e-04
time: 3.871085e-04
time: 4.007559e-04
time: 4.007559e-04
time: 4.144032e-04
time: 4.280506e-04
time: 4.280506e-04
time: 4.416980e-04
time: 4.416980e-04
time: 4.553454e-04
time: 4.553454e-04
time: 4.689928e-04
time: 4.689928e-04
time: 4.826402e-04
time: 4.826402e-04
time: 4.962876e-04
time: 4.962876e-04
time: 5.099350e-04
time: 5.099350e-04
time: 5.235823e-04
time: 5.235823e-04
time: 5.372297e-04
time: 5.372297e-04
time: 5.508771e-04
time: 5.508771e-04
time: 5.645245e-04
time: 5.645245e-04
time: 5.645245e-04
time: 5.781719e-04
time: 5.781719e-04
time: 5.781719e-04
time: 5.918193e-04
time: 5.918193e-04
time: 5.918193e-04
time: 6.054667e-04
time: 6.054667e-04
time: 5.986430e-04
time: 5.986430e-04
time: 6.054667e-04
time: 6.122904e-04
time: 6.122904e-04
time: 6.191140e-04
time: 6.259377e-04
time: 6.327614e-04
time: 6.327614e-04
time: 6.395851e-04
time: 6.464088e-04
time: 6.532325e-04
time: 6.532325e-04
time: 6.600562e-04
time: 6.600562e-04
time: 6.668799e-04
time: 6.668799e-04
time: 6.737036e-04
time: 6.737036e-04
time: 6.805273e-04
time: 6.805273e-04
time: 6.873510e-04
time: 6.873510e-04
time: 6.941747e-04
time: 6.941747e-04
time: 7.009984e-04
time: 7.009984e-04
time: 7.078221e-04
time: 7.078221e-04
time: 7.078221e-04
time: 7.044102e-04
time: 7.078221e-04
time: 7.078221e-04
time: 7.112339e-04
time: 7.146457e-04
time: 7.180576e-04
time: 7.180576e-04
time: 7.214694e-04
time: 7.248813e-04
time: 7.248813e-04
time: 7.282931e-04
time: 7.282931e-04
time: 7.317050e-04
time: 7.317050e-04
time: 7.351168e-04
time: 7.351168e-04
time: 7.385287e-04
time: 7.385287e-04
time: 7.419405e-04
time: 7.419405e-04
time: 7.453524e-04
time: 7.453524e-04
time: 7.487642e-04
time: 7.487642e-04
time: 7.521761e-04
time: 7.521761e-04
time: 7.521761e-04
time: 7.555879e-04
time: 7.555879e-04
time: 7.555879e-04
time: 7.538820e-04
time: 7.538820e-04
time: 7.555879e-04
time: 7.572938e-04
time: 7.589998e-04
time: 7.589998e-04
time: 7.607057e-04
time: 7.624116e-04
time: 7.641175e-04
time: 7.641175e-04
time: 7.658234e-04
time: 7.658234e-04
time: 7.675294e-04
time: 7.675294e-04
time: 7.692353e-04
time: 7.692353e-04
time: 7.709412e-04
time: 7.709412e-04
time: 7.726471e-04
time: 7.726471e-04
time: 7.743531e-04
time: 7.743531e-04
time: 7.760590e-04
time: 7.760590e-04
time: 7.760590e-04
time: 7.777649e-04
time: 7.777649e-04
time: 7.777649e-04
time: 7.794708e-04
time: 7.794708e-04
time: 7.794708e-04
time: 7.811768e-04
time: 7.811768e-04
time: 7.811768e-04
time: 7.803238e-04
time: 7.803238e-04
time: 7.811768e-04
time: 7.820297e-04
time: 7.828827e-04
time: 7.837356e-04
time: 7.845886e-04
time: 7.854416e-04
time: 7.854416e-04
time: 7.862945e-04
time: 7.862945e-04
time: 7.871475e-04
time: 7.871475e-04
time: 7.880005e-04
time: 7.880005e-04
time: 7.888534e-04
time: 7.888534e-04
time: 7.897064e-04
time: 7.897064e-04
time: 7.905593e-04
time: 7.905593e-04
time: 7.914123e-04
time: 7.914123e-04
time: 7.922653e-04
time: 7.922653e-04
time: 7.931182e-04
time: 7.931182e-04
time: 7.939712e-04
time: 7.939712e-04
time: 7.948241e-04
time: 7.948241e-04
time: 7.948241e-04
time: 7.956771e-04
time: 7.956771e-04
time: 7.956771e-04
time: 7.965301e-04
time: 7.965301e-04
time: 7.965301e-04
time: 7.973830e-04
time: 7.973830e-04
time: 7.973830e-04
time: 7.969565e-04
time: 7.973830e-04
time: 7.978095e-04
time: 7.982360e-04
time: 7.986625e-04
time: 7.990890e-04
time: 7.996739e-04
time: 7.996739e-04
time: 8.002589e-04
time: 8.002589e-04
time: 8.008439e-04
time: 8.008439e-04
time: 8.014288e-04
time: 8.014288e-04
time: 8.020138e-04
time: 8.020138e-04
time: 8.025988e-04
time: 8.025988e-04
time: 8.031837e-04
time: 8.031837e-04
time: 8.037687e-04
time: 8.037687e-04
time: 8.037687e-04
time: 8.043537e-04
time: 8.043537e-04
time: 8.043537e-04
time: 8.049387e-04
time: 8.049387e-04
time: 8.049387e-04
time: 8.055236e-04
time: 8.055236e-04
time: 8.055236e-04
time: 8.061086e-04
time: 8.061086e-04
time: 8.061086e-04
time: 8.066936e-04
time: 8.066936e-04
time: 8.066936e-04
time: 8.072785e-04
time: 8.072785e-04
time: 8.078635e-04
time: 8.078635e-04
time: 8.084485e-04
time: 8.084485e-04
time: 8.090335e-04
time: 8.090335e-04
time: 8.090335e-04
time: 8.087410e-04
time: 8.090335e-04
time: 8.093259e-04
time: 8.096184e-04
time: 8.099109e-04
time: 8.102034e-04
time: 8.105695e-04
time: 8.109356e-04
time: 8.109356e-04
time: 8.113017e-04
time: 8.116678e-04
time: 8.116678e-04
time: 8.120339e-04
time: 8.124000e-04
time: 8.124000e-04
time: 8.127661e-04
time: 8.131322e-04
time: 8.131322e-04
time: 8.134983e-04
time: 8.138644e-04
time: 8.138644e-04
time: 8.142305e-04
time: 8.142305e-04
time: 8.145966e-04
time: 8.149627e-04
time: 8.149627e-04
time: 8.153288e-04
time: 8.156949e-04
time: 8.160610e-04
time: 8.164271e-04
time: 8.164271e-04
time: 8.167932e-04
time: 8.171593e-04
time: 8.171593e-04
time: 8.175254e-04
time: 8.175254e-04
time: 8.178915e-04
time: 8.178915e-04
time: 8.182576e-04
time: 8.182576e-04
time: 8.186237e-04
time: 8.186237e-04
time: 8.189898e-04
time: 8.189898e-04
time: 8.193559e-04
time: 8.193559e-04
time: 8.197220e-04
time: 8.197220e-04
time: 8.200881e-04
time: 8.200881e-04
time: 8.204542e-04
time: 8.204542e-04
time: 8.208203e-04
time: 8.208203e-04
time: 8.211864e-04
time: 8.211864e-04
time: 8.215525e-04
time: 8.215525e-04
time: 8.219186e-04
time: 8.219186e-04
time: 8.222847e-04
time: 8.222847e-04
time: 8.226508e-04
time: 8.226508e-04
time: 8.230169e-04
time: 8.230169e-04
time: 8.233829e-04
time: 8.233829e-04
time: 8.237490e-04
time: 8.237490e-04
time: 8.241151e-04
time: 8.241151e-04
time: 8.244812e-04
time: 8.248473e-04
time: 8.252134e-04
time: 8.252134e-04
time: 8.255795e-04
time: 8.255795e-04
time: 8.259456e-04
time: 8.259456e-04
time: 8.263117e-04
time: 8.266778e-04
time: 8.266778e-04
time: 8.266778e-04
time: 8.270439e-04
time: 8.270439e-04
time: 8.270439e-04
time: 8.274100e-04
time: 8.274100e-04
time: 8.274100e-04
time: 8.274100e-04
time: 8.277761e-04
time: 8.281422e-04
time: 8.281422e-04
time: 8.285083e-04
time: 8.285083e-04
time: 8.288744e-04
time: 8.288744e-04
time: 8.292405e-04
time: 8.292405e-04
time: 8.292405e-04
time: 8.296066e-04
time: 8.296066e-04
time: 8.296066e-04
time: 8.299727e-04
time: 8.299727e-04
time: 8.299727e-04
time: 8.303388e-04
time: 8.303388e-04
time: 8.303388e-04
time: 8.303388e-04
time: 8.307049e-04
time: 8.311794e-04
time: 8.311794e-04
time: 8.311794e-04
time: 8.311794e-04
time: 8.311794e-04
time: 8.308235e-04
time: 8.308235e-04
time: 8.308235e-04
time: 8.308235e-04
time: 8.308235e-04
time: 8.308235e-04
time: 8.308235e-04
time: 8.308235e-04
time: 8.308235e-04
time: 8.308235e-04
time: 8.308235e-04
time: 8.308235e-04
time: 8.308235e-04
time: 8.308235e-04
time: 8.308235e-04
time: 8.308235e-04
time: 8.308235e-04
time: 8.308235e-04
time: 8.308235e-04
time: 8.308235e-04
time: 8.308235e-04
time: 8.308235e-04
time: 8.308235e-04
time: 8.308235e-04
time: 8.308235e-04
time: 8.308235e-04
time: 8.308235e-04
time: 8.308235e-04
time: 8.308235e-04
time: 8.308235e-04
time: 8.308235e-04
time: 8.308235e-04
time: 8.308235e-04
time: 8.308235e-04
time: 8.308235e-04
time: 8.308235e-04
time: 8.308235e-04
time: 8.308235e-04
time: 8.308235e-04
time: 8.308235e-04
time: 8.308235e-04
time: 8.308235e-04
time: 8.308235e-04
time: 8.308235e-04
time: 8.308235e-04
time: 8.308235e-04
time: 8.308235e-04
time: 8.308235e-04
time: 8.308235e-04
time: 8.308235e-04
time: 8.308235e-04
time: 8.308235e-04
time: 8.308235e-04
time: 8.308235e-04
time: 8.308235e-04
time: 8.309422e-04
time: 8.310608e-04
time: 8.311794e-04
time: 8.312981e-04
time: 8.315353e-04
time: 8.317726e-04
time: 8.320098e-04
time: 8.322471e-04
time: 8.327216e-04
time: 8.327216e-04
time: 8.331961e-04
time: 8.336706e-04
time: 8.341451e-04
time: 8.346196e-04
time: 8.350941e-04
time: 8.355686e-04
time: 8.355686e-04
time: 8.360431e-04
time: 8.360431e-04
time: 8.368195e-04
time: 8.368195e-04
time: 8.375959e-04
time: 8.375959e-04
time: 8.383723e-04
time: 8.383723e-04
time: 8.379841e-04
time: 8.383723e-04
time: 8.387605e-04
time: 8.391487e-04
time: 8.395369e-04
time: 8.399251e-04
time: 8.403133e-04
time: 8.408232e-04
time: 8.413332e-04
time: 8.418432e-04
time: 8.418432e-04
time: 8.423532e-04
time: 8.428632e-04
time: 8.433732e-04
time: 8.433732e-04
time: 8.438832e-04
time: 8.438832e-04
time: 8.443932e-04
time: 8.449032e-04
time: 8.454131e-04
time: 8.459231e-04
time: 8.464331e-04
time: 8.464331e-04
time: 8.469431e-04
time: 8.474531e-04
time: 8.479631e-04
time: 8.479631e-04
time: 8.484731e-04
time: 8.484731e-04
time: 8.489831e-04
time: 8.489831e-04
time: 8.494930e-04
time: 8.500030e-04
time: 8.500030e-04
time: 8.505130e-04
time: 8.510230e-04
time: 8.510230e-04
time: 8.510230e-04
time: 8.515330e-04
time: 8.515330e-04
time: 8.515330e-04
time: 8.520430e-04
time: 8.520430e-04
time: 8.520430e-04
time: 8.525530e-04
time: 8.525530e-04
time: 8.525530e-04
time: 8.530630e-04
time: 8.530630e-04
time: 8.530630e-04
time: 8.535730e-04
time: 8.535730e-04
time: 8.535730e-04
time: 8.540829e-04
time: 8.540829e-04
time: 8.540829e-04
time: 8.545929e-04
time: 8.545929e-04
time: 8.545929e-04
time: 8.551029e-04
time: 8.551029e-04
time: 8.551029e-04
time: 8.556129e-04
time: 8.556129e-04
time: 8.556129e-04
time: 8.561229e-04
time: 8.561229e-04
time: 8.561229e-04
time: 8.566329e-04
time: 8.566329e-04
time: 8.566329e-04
time: 8.566329e-04
time: 8.571429e-04
time: 8.571429e-04
time: 8.578216e-04
time: 8.578216e-04
time: 8.578216e-04
time: 8.578216e-04
time: 8.578216e-04
time: 8.573126e-04
time: 8.573126e-04
time: 8.573126e-04
time: 8.573126e-04
time: 8.573126e-04
time: 8.573126e-04
time: 8.573126e-04
time: 8.573126e-04
time: 8.573126e-04
time: 8.573126e-04
time: 8.573126e-04
time: 8.573126e-04
time: 8.573126e-04
time: 8.573126e-04
time: 8.573126e-04
time: 8.573126e-04
time: 8.573126e-04
time: 8.573126e-04
time: 8.573126e-04
time: 8.573126e-04
time: 8.573126e-04
time: 8.573126e-04
time: 8.573126e-04
time: 8.573126e-04
time: 8.573126e-04
time: 8.573126e-04
time: 8.573126e-04
time: 8.573126e-04
time: 8.573126e-04
time: 8.573126e-04
time: 8.573126e-04
time: 8.573126e-04
time: 8.573126e-04
time: 8.573126e-04
time: 8.573126e-04
time: 8.573126e-04
time: 8.573126e-04
time: 8.573126e-04
time: 8.573126e-04
time: 8.573126e-04
time: 8.573126e-04
time: 8.573126e-04
time: 8.573126e-04
time: 8.573126e-04
time: 8.573126e-04
time: 8.573126e-04
time: 8.573126e-04
time: 8.573126e-04
time: 8.573126e-04
time: 8.573126e-04
time: 8.573126e-04
time: 8.573126e-04
time: 8.573126e-04
time: 8.573126e-04
time: 8.573126e-04
time: 8.574823e-04
time: 8.576519e-04
time: 8.578216e-04
time: 8.579913e-04
time: 8.583307e-04
time: 8.586700e-04
time: 8.590094e-04
time: 8.593488e-04
time: 8.600275e-04
time: 8.600275e-04
time: 8.607063e-04
time: 8.613850e-04
time: 8.613850e-04
time: 8.620638e-04
time: 8.620638e-04
time: 8.627425e-04
time: 8.627425e-04
time: 8.638902e-04
time: 8.638902e-04
time: 8.650378e-04
time: 8.650378e-04
time: 8.661855e-04
time: 8.661855e-04
time: 8.656117e-04
time: 8.656117e-04
time: 8.661855e-04
time: 8.667593e-04
time: 8.673332e-04
time: 8.679070e-04
time: 8.684808e-04
time: 8.690546e-04
time: 8.699236e-04
time: 8.707926e-04
time: 8.716616e-04
time: 8.716616e-04
time: 8.725306e-04
time: 8.725306e-04
time: 8.733997e-04
time: 8.733997e-04
time: 8.742687e-04
time: 8.742687e-04
time: 8.751377e-04
time: 8.760067e-04
time: 8.768757e-04
time: 8.768757e-04
time: 8.777447e-04
time: 8.777447e-04
time: 8.786137e-04
time: 8.786137e-04
time: 8.794827e-04
time: 8.803517e-04
time: 8.803517e-04
time: 8.812207e-04
time: 8.820897e-04
time: 8.820897e-04
time: 8.820897e-04
time: 8.829587e-04
time: 8.829587e-04
time: 8.829587e-04
time: 8.838277e-04
time: 8.838277e-04
time: 8.838277e-04
time: 8.838277e-04
time: 8.846967e-04
time: 8.846967e-04
time: 8.846967e-04
time: 8.855657e-04
time: 8.866484e-04
time: 8.866484e-04
time: 8.866484e-04
time: 8.877311e-04
time: 8.877311e-04
time: 8.877311e-04
time: 8.877311e-04
time: 8.888138e-04
time: 8.888138e-04
time: 8.898965e-04
time: 8.898965e-04
time: 8.898965e-04
time: 8.909793e-04
time: 8.909793e-04
time: 8.909793e-04
time: 8.909793e-04
time: 8.920620e-04
time: 8.931447e-04
time: 8.944695e-04
time: 8.944695e-04
time: 8.944695e-04
time: 8.944695e-04
time: 8.957943e-04
time: 8.957943e-04
time: 8.957943e-04
time: 8.971191e-04
time: 8.971191e-04
time: 8.971191e-04
time: 8.971191e-04
time: 8.971191e-04
time: 8.961255e-04
time: 8.961255e-04
time: 8.961255e-04
time: 8.961255e-04
time: 8.961255e-04
time: 8.961255e-04
time: 8.961255e-04
time: 8.961255e-04
time: 8.961255e-04
time: 8.961255e-04
time: 8.961255e-04
time: 8.961255e-04
time: 8.961255e-04
time: 8.961255e-04
time: 8.961255e-04
time: 8.961255e-04
time: 8.961255e-04
time: 8.961255e-04
time: 8.961255e-04
time: 8.961255e-04
time: 8.961255e-04
time: 8.961255e-04
time: 8.961255e-04
time: 8.961255e-04
time: 8.961255e-04
time: 8.961255e-04
time: 8.961255e-04
time: 8.961255e-04
time: 8.961255e-04
time: 8.961255e-04
time: 8.961255e-04
time: 8.961255e-04
time: 8.961255e-04
time: 8.961255e-04
time: 8.961255e-04
time: 8.961255e-04
time: 8.961255e-04
time: 8.961255e-04
time: 8.961255e-04
time: 8.961255e-04
time: 8.961255e-04
time: 8.961255e-04
time: 8.961255e-04
time: 8.961255e-04
time: 8.961255e-04
time: 8.961255e-04
time: 8.961255e-04
time: 8.961255e-04
time: 8.961255e-04
time: 8.961255e-04
time: 8.961255e-04
time: 8.961255e-04
time: 8.961255e-04
time: 8.961255e-04
time: 8.961255e-04
time: 8.964567e-04
time: 8.967879e-04
time: 8.971191e-04
time: 8.974503e-04
time: 8.981127e-04
time: 8.987751e-04
time: 8.994375e-04
time: 9.000999e-04
time: 9.014246e-04
time: 9.014246e-04
time: 9.027494e-04
time: 9.027494e-04
time: 9.040742e-04
time: 9.040742e-04
time: 9.053990e-04
time: 9.053990e-04
time: 9.067238e-04
time: 9.080486e-04
time: 9.093734e-04
time: 9.106982e-04
time: 9.123313e-04
time: 9.139644e-04
time: 9.155975e-04
time: 9.172306e-04
time: 9.188637e-04
time: 9.204968e-04
time: 9.224667e-04
time: 9.244366e-04
time: 9.244366e-04
time: 9.264065e-04
time: 9.264065e-04
time: 9.283764e-04
time: 9.283764e-04
time: 9.303463e-04
time: 9.303463e-04
time: 9.323162e-04
time: 9.342861e-04
time: 9.362560e-04
time: 9.382259e-04
time: 9.401958e-04
time: 9.421657e-04
time: 9.441356e-04
time: 9.441356e-04
time: 9.461055e-04
time: 9.480754e-04
time: 9.480754e-04
time: 9.500453e-04
time: 9.520151e-04
time: 9.520151e-04
time: 9.520151e-04
time: 9.539850e-04
time: 9.539850e-04
time: 9.539850e-04
time: 9.559549e-04
time: 9.559549e-04
time: 9.559549e-04
time: 9.559549e-04
time: 9.579248e-04
time: 9.598947e-04
time: 9.623143e-04
time: 9.623143e-04
time: 9.623143e-04
time: 9.623143e-04
time: 9.647338e-04
time: 9.671534e-04
time: 9.671534e-04
time: 9.671534e-04
time: 9.671534e-04
time: 9.695729e-04
time: 9.695729e-04
time: 9.719925e-04
time: 9.719925e-04
time: 9.719925e-04
time: 9.744120e-04
time: 9.744120e-04
time: 9.774222e-04
time: 9.774222e-04
time: 9.804323e-04
time: 9.804323e-04
time: 9.834425e-04
time: 9.864527e-04
time: 9.864527e-04
time: 9.864527e-04
time: 9.864527e-04
time: 9.864527e-04
time: 9.841951e-04
time: 9.841951e-04
time: 9.841951e-04
time: 9.841951e-04
time: 9.841951e-04
time: 9.841951e-04
time: 9.841951e-04
time: 9.841951e-04
time: 9.841951e-04
time: 9.841951e-04
time: 9.841951e-04
time: 9.841951e-04
time: 9.841951e-04
time: 9.841951e-04
time: 9.841951e-04
time: 9.841951e-04
time: 9.841951e-04
time: 9.841951e-04
time: 9.841951e-04
time: 9.841951e-04
time: 9.841951e-04
time: 9.841951e-04
time: 9.841951e-04
time: 9.841951e-04
time: 9.841951e-04
time: 9.841951e-04
time: 9.841951e-04
time: 9.841951e-04
time: 9.841951e-04
time: 9.841951e-04
time: 9.841951e-04
time: 9.841951e-04
time: 9.841951e-04
time: 9.841951e-04
time: 9.841951e-04
time: 9.841951e-04
time: 9.841951e-04
time: 9.841951e-04
time: 9.841951e-04
time: 9.841951e-04
time: 9.841951e-04
time: 9.841951e-04
time: 9.841951e-04
time: 9.841951e-04
time: 9.841951e-04
time: 9.841951e-04
time: 9.841951e-04
time: 9.841951e-04
time: 9.841951e-04
time: 9.841951e-04
time: 9.841951e-04
time: 9.841951e-04
time: 9.841951e-04
time: 9.841951e-04
time: 9.841951e-04
time: 9.841951e-04
time: 9.838188e-04
time: 9.838188e-04
time: 9.841951e-04
time: 9.841951e-04
time: 9.845713e-04
time: 9.845713e-04
time: 9.849476e-04
time: 9.849476e-04
time: 9.857001e-04
time: 9.864527e-04
time: 9.872052e-04
time: 9.879578e-04
time: 9.894629e-04
time: 9.909679e-04
time: 9.924730e-04
time: 9.939781e-04
time: 9.954832e-04
time: 9.984934e-04
time: 1.001504e-03
time: 1.004514e-03
time: 1.007524e-03
time: 1.010534e-03
time: 1.015091e-03
time: 1.019648e-03
time: 1.024205e-03
time: 1.028762e-03
time: 1.033319e-03
time: 1.037876e-03
time: 1.042433e-03
time: 1.046990e-03
time: 1.052543e-03
time: 1.058095e-03
time: 1.063647e-03
time: 1.069200e-03
time: 1.074752e-03
time: 1.080304e-03
time: 1.085856e-03
time: 1.091409e-03
time: 1.098120e-03
time: 1.104830e-03
time: 1.111541e-03
time: 1.118252e-03
time: 1.124963e-03
time: 1.131674e-03
time: 1.138385e-03
time: 1.145096e-03
time: 1.151807e-03
time: 1.158518e-03
time: 1.158518e-03
time: 1.165229e-03
time: 1.171939e-03
time: 1.171939e-03
time: 1.178650e-03
time: 1.185361e-03
time: 1.185361e-03
time: 1.192072e-03
time: 1.198783e-03
time: 1.198783e-03
time: 1.205494e-03
time: 1.213586e-03
time: 1.213586e-03
time: 1.221678e-03
time: 1.229771e-03
time: 1.237863e-03
time: 1.237863e-03
time: 1.245955e-03
time: 1.254047e-03
time: 1.254047e-03
time: 1.262139e-03
time: 1.270232e-03
time: 1.270232e-03
time: 1.278324e-03
time: 1.286416e-03
time: 1.294508e-03
time: 1.294508e-03
time: 1.294508e-03
time: 1.302601e-03
time: 1.302601e-03
time: 1.302601e-03
time: 1.310693e-03
time: 1.310693e-03
time: 1.318785e-03
time: 1.328875e-03
time: 1.328875e-03
time: 1.338965e-03
time: 1.349055e-03
time: 1.349055e-03
time: 1.359145e-03
time: 1.369235e-03
time: 1.379325e-03
time: 1.389415e-03
time: 1.389415e-03
time: 1.389415e-03
time: 1.399505e-03
time: 1.399505e-03
time: 1.399505e-03
time: 1.399505e-03
time: 1.409596e-03
time: 1.419686e-03
time: 1.419686e-03
time: 1.419686e-03
time: 1.419686e-03
time: 1.429776e-03
time: 1.429776e-03
time: 1.429776e-03
time: 1.429776e-03
time: 1.439866e-03
time: 1.449956e-03
time: 1.449956e-03
time: 1.460046e-03
time: 1.460046e-03
time: 1.460046e-03
time: 1.470136e-03
time: 1.470136e-03
time: 1.470136e-03
time: 1.480226e-03
time: 1.480226e-03
time: 1.480226e-03
time: 1.480226e-03
time: 1.490316e-03
time: 1.500406e-03
time: 1.500406e-03
time: 1.500406e-03
time: 1.500406e-03
time: 1.510496e-03
time: 1.510496e-03
time: 1.510496e-03
time: 1.510496e-03
time: 1.522981e-03
time: 1.522981e-03
time: 1.535467e-03
time: 1.535467e-03
time: 1.535467e-03
time: 1.535467e-03
time: 1.547952e-03
time: 1.560437e-03
time: 1.560437e-03
time: 1.560437e-03
time: 1.572922e-03
time: 1.572922e-03
time: 1.572922e-03
time: 1.572922e-03
time: 1.585407e-03
time: 1.597893e-03
time: 1.597893e-03
time: 1.597893e-03
time: 1.597893e-03
time: 1.610378e-03
time: 1.610378e-03
time: 1.610378e-03
time: 1.610378e-03
time: 1.610378e-03
time: 1.601014e-03
time: 1.601014e-03
time: 1.601014e-03
time: 1.601014e-03
time: 1.601014e-03
time: 1.601014e-03
time: 1.601014e-03
time: 1.601014e-03
time: 1.601014e-03
time: 1.601014e-03
time: 1.601014e-03
time: 1.601014e-03
time: 1.601014e-03
time: 1.601014e-03
time: 1.601014e-03
time: 1.601014e-03
time: 1.601014e-03
time: 1.601014e-03
time: 1.601014e-03
time: 1.601014e-03
time: 1.601014e-03
time: 1.601014e-03
time: 1.601014e-03
time: 1.601014e-03
time: 1.601014e-03
time: 1.601014e-03
time: 1.601014e-03
time: 1.601014e-03
time: 1.601014e-03
time: 1.601014e-03
time: 1.601014e-03
time: 1.601014e-03
time: 1.601014e-03
time: 1.601014e-03
time: 1.601014e-03
time: 1.601014e-03
time: 1.601014e-03
time: 1.601014e-03
time: 1.601014e-03
time: 1.601014e-03
time: 1.601014e-03
time: 1.601014e-03
time: 1.601014e-03
time: 1.601014e-03
time: 1.601014e-03
time: 1.601014e-03
time: 1.601014e-03
time: 1.601014e-03
time: 1.601014e-03
time: 1.601014e-03
time: 1.601014e-03
time: 1.601014e-03
time: 1.601014e-03
time: 1.601014e-03
time: 1.601014e-03
time: 1.604135e-03
time: 1.607257e-03
time: 1.610378e-03
time: 1.613499e-03
time: 1.619742e-03
time: 1.625984e-03
time: 1.632227e-03
time: 1.638470e-03
time: 1.650955e-03
time: 1.663440e-03
time: 1.675925e-03
time: 1.688410e-03
time: 1.700896e-03
time: 1.720825e-03
time: 1.740755e-03
time: 1.760684e-03
time: 1.780614e-03
time: 1.800543e-03
time: 1.820473e-03
time: 1.840402e-03
time: 1.864498e-03
time: 1.888594e-03
time: 1.888594e-03
time: 1.912689e-03
time: 1.912689e-03
time: 1.936785e-03
time: 1.960880e-03
time: 1.984976e-03
time: 2.009071e-03
time: 2.033167e-03
time: 2.057263e-03
time: 2.086413e-03
time: 2.115563e-03
time: 2.115563e-03
time: 2.144714e-03
time: 2.144714e-03
time: 2.173864e-03
time: 2.203015e-03
time: 2.232165e-03
time: 2.261315e-03
time: 2.290466e-03
time: 2.319616e-03
time: 2.319616e-03
time: 2.348767e-03
time: 2.384652e-03
time: 2.420537e-03
time: 2.420537e-03
time: 2.420537e-03
time: 2.456422e-03
time: 2.456422e-03
time: 2.456422e-03
time: 2.492307e-03
time: 2.492307e-03
time: 2.492307e-03
time: 2.492307e-03
time: 2.528193e-03
time: 2.528193e-03
time: 2.528193e-03
time: 2.564078e-03
time: 2.564078e-03
time: 2.599963e-03
time: 2.635848e-03
time: 2.635848e-03
time: 2.635848e-03
time: 2.671734e-03
time: 2.671734e-03
time: 2.671734e-03
time: 2.707619e-03
time: 2.707619e-03
time: 2.707619e-03
time: 2.707619e-03
time: 2.743504e-03
time: 2.779389e-03
time: 2.779389e-03
time: 2.779389e-03
time: 2.779389e-03
time: 2.815274e-03
time: 2.815274e-03
time: 2.815274e-03
time: 2.815274e-03
time: 2.859660e-03
time: 2.859660e-03
time: 2.904045e-03
time: 2.904045e-03
time: 2.904045e-03
time: 2.904045e-03
time: 2.904045e-03
time: 2.870756e-03
time: 2.870756e-03
time: 2.870756e-03
time: 2.870756e-03
time: 2.870756e-03
time: 2.870756e-03
time: 2.870756e-03
time: 2.870756e-03
time: 2.870756e-03
time: 2.870756e-03
time: 2.870756e-03
time: 2.870756e-03
time: 2.870756e-03
time: 2.870756e-03
time: 2.870756e-03
time: 2.870756e-03
time: 2.870756e-03
time: 2.870756e-03
time: 2.870756e-03
time: 2.870756e-03
time: 2.870756e-03
time: 2.870756e-03
time: 2.870756e-03
time: 2.870756e-03
time: 2.870756e-03
time: 2.870756e-03
time: 2.870756e-03
time: 2.870756e-03
time: 2.870756e-03
time: 2.870756e-03
time: 2.870756e-03
time: 2.870756e-03
time: 2.870756e-03
time: 2.870756e-03
time: 2.870756e-03
time: 2.870756e-03
time: 2.870756e-03
time: 2.870756e-03
time: 2.870756e-03
time: 2.870756e-03
time: 2.870756e-03
time: 2.870756e-03
time: 2.870756e-03
time: 2.870756e-03
time: 2.870756e-03
time: 2.870756e-03
time: 2.870756e-03
time: 2.870756e-03
time: 2.870756e-03
time: 2.870756e-03
time: 2.870756e-03
time: 2.870756e-03
time: 2.870756e-03
time: 2.870756e-03
time: 2.870756e-03
time: 2.881852e-03
time: 2.892949e-03
time: 2.904045e-03
time: 2.915141e-03
time: 2.937334e-03
time: 2.959526e-03
time: 2.981719e-03
time: 3.003912e-03
time: 3.026104e-03
time: 3.070489e-03
time: 3.114874e-03
time: 3.159260e-03
time: 3.203645e-03
time: 3.248030e-03
time: 3.306197e-03
time: 3.364363e-03
time: 3.422529e-03
time: 3.480696e-03
time: 3.538862e-03
time: 3.597029e-03
time: 3.655195e-03
time: 3.713362e-03
time: 3.783900e-03
time: 3.854437e-03
time: 3.854437e-03
time: 3.924975e-03
time: 3.924975e-03
time: 3.995513e-03
time: 3.995513e-03
time: 3.995513e-03
time: 3.995513e-03
time: 3.995513e-03
time: 3.942610e-03
time: 3.942610e-03
time: 3.942610e-03
time: 3.942610e-03
time: 3.942610e-03
time: 3.942610e-03
time: 3.942610e-03
time: 3.942610e-03
time: 3.942610e-03
time: 3.942610e-03
time: 3.942610e-03
time: 3.942610e-03
time: 3.942610e-03
time: 3.942610e-03
time: 3.942610e-03
time: 3.942610e-03
time: 3.942610e-03
time: 3.942610e-03
time: 3.942610e-03
time: 3.942610e-03
time: 3.942610e-03
time: 3.942610e-03
time: 3.942610e-03
time: 3.942610e-03
time: 3.942610e-03
time: 3.942610e-03
time: 3.942610e-03
time: 3.942610e-03
time: 3.942610e-03
time: 3.942610e-03
time: 3.942610e-03
time: 3.942610e-03
time: 3.942610e-03
time: 3.942610e-03
time: 3.942610e-03
time: 3.942610e-03
time: 3.942610e-03
time: 3.942610e-03
time: 3.942610e-03
time: 3.942610e-03
time: 3.942610e-03
time: 3.942610e-03
time: 3.942610e-03
time: 3.942610e-03
time: 3.942610e-03
time: 3.942610e-03
time: 3.942610e-03
time: 3.942610e-03
time: 3.942610e-03
time: 3.942610e-03
time: 3.942610e-03
time: 3.942610e-03
time: 3.942610e-03
time: 3.942610e-03
time: 3.942610e-03
time: 3.960244e-03
time: 3.977878e-03
time: 3.995513e-03
time: 4.013147e-03
time: 4.048416e-03
time: 4.083685e-03
time: 4.118954e-03
time: 4.154223e-03
time: 4.224760e-03
time: 4.224760e-03
time: 4.295298e-03
time: 4.295298e-03
time: 4.365836e-03
time: 4.365836e-03
time: 4.436374e-03
time: 4.506911e-03
time: 4.594456e-03
time: 4.682001e-03
time: 4.769546e-03
time: 4.857090e-03
time: 4.944635e-03
time: 5.032180e-03
time: 5.119725e-03
time: 5.207269e-03
time: 5.207269e-03
time: 5.312906e-03
time: 5.312906e-03
time: 5.312906e-03
time: 5.312906e-03
time: 5.312906e-03
time: 5.233679e-03
time: 5.233679e-03
time: 5.233679e-03
time: 5.233679e-03
time: 5.233679e-03
time: 5.233679e-03
time: 5.233679e-03
time: 5.233679e-03
time: 5.233679e-03
time: 5.233679e-03
time: 5.233679e-03
time: 5.233679e-03
time: 5.233679e-03
time: 5.233679e-03
time: 5.233679e-03
time: 5.233679e-03
time: 5.233679e-03
time: 5.233679e-03
time: 5.233679e-03
time: 5.233679e-03
time: 5.233679e-03
time: 5.233679e-03
time: 5.233679e-03
time: 5.233679e-03
time: 5.233679e-03
time: 5.233679e-03
time: 5.233679e-03
time: 5.233679e-03
time: 5.233679e-03
time: 5.233679e-03
time: 5.233679e-03
time: 5.233679e-03
time: 5.233679e-03
time: 5.233679e-03
time: 5.233679e-03
time: 5.233679e-03
time: 5.233679e-03
time: 5.233679e-03
time: 5.233679e-03
time: 5.233679e-03
time: 5.233679e-03
time: 5.233679e-03
time: 5.233679e-03
time: 5.233679e-03
time: 5.233679e-03
time: 5.233679e-03
time: 5.233679e-03
time: 5.233679e-03
time: 5.233679e-03
time: 5.233679e-03
time: 5.233679e-03
time: 5.233679e-03
time: 5.233679e-03
time: 5.233679e-03
time: 5.233679e-03
time: 5.260088e-03
time: 5.286497e-03
time: 5.312906e-03
time: 5.339315e-03
time: 5.392133e-03
time: 5.444952e-03
time: 5.497770e-03
time: 5.497770e-03
time: 5.550588e-03
time: 5.550588e-03
time: 5.656225e-03
time: 5.656225e-03
time: 5.761861e-03
time: 5.761861e-03
time: 5.867498e-03
time: 5.867498e-03
time: 5.973134e-03
time: 6.078771e-03
time: 6.208803e-03
time: 6.338836e-03
time: 6.468868e-03
time: 6.598901e-03
time: 6.728934e-03
time: 6.858966e-03
time: 7.018270e-03
time: 7.177574e-03
time: 7.177574e-03
time: 7.336877e-03
time: 7.336877e-03
time: 7.496181e-03
time: 7.496181e-03
time: 7.655485e-03
time: 7.814789e-03
time: 7.974093e-03
time: 8.133396e-03
time: 8.133396e-03
time: 8.292700e-03
time: 8.292700e-03
time: 8.452004e-03
time: 8.452004e-03
time: 8.452004e-03
time: 8.611308e-03
time: 8.611308e-03
time: 8.770612e-03
time: 8.929915e-03
time: 9.089219e-03
time: 9.089219e-03
time: 9.248523e-03
time: 9.248523e-03
time: 9.248523e-03
time: 9.248523e-03
time: 9.248523e-03
time: 9.089219e-03
time: 9.129045e-03
time: 9.129045e-03
time: 9.129045e-03
time: 9.129045e-03
time: 9.129045e-03
time: 9.129045e-03
time: 9.129045e-03
time: 9.129045e-03
time: 9.129045e-03
time: 9.129045e-03
time: 9.129045e-03
time: 9.129045e-03
time: 9.129045e-03
time: 9.129045e-03
time: 9.129045e-03
time: 9.129045e-03
time: 9.129045e-03
time: 9.129045e-03
time: 9.129045e-03
time: 9.129045e-03
time: 9.129045e-03
time: 9.129045e-03
time: 9.129045e-03
time: 9.129045e-03
time: 9.129045e-03
time: 9.129045e-03
time: 9.129045e-03
time: 9.129045e-03
time: 9.129045e-03
time: 9.129045e-03
time: 9.129045e-03
time: 9.129045e-03
time: 9.129045e-03
time: 9.129045e-03
time: 9.129045e-03
time: 9.129045e-03
time: 9.129045e-03
time: 9.129045e-03
time: 9.129045e-03
time: 9.129045e-03
time: 9.129045e-03
time: 9.129045e-03
time: 9.129045e-03
time: 9.129045e-03
time: 9.129045e-03
time: 9.129045e-03
time: 9.129045e-03
time: 9.129045e-03
time: 9.129045e-03
time: 9.129045e-03
time: 9.129045e-03
time: 9.129045e-03
time: 9.129045e-03
time: 9.129045e-03
time: 9.129045e-03
time: 9.129045e-03
time: 9.104495e-03
time: 9.104495e-03
time: 9.096857e-03
time: 9.096857e-03
time: 9.104495e-03
time: 9.112133e-03
time: 9.119771e-03
time: 9.135048e-03
time: 9.150324e-03
time: 9.165600e-03
time: 9.180876e-03
time: 9.211428e-03
time: 9.241980e-03
time: 9.272533e-03
time: 9.303085e-03
time: 9.364189e-03
time: 9.425294e-03
time: 9.486398e-03
time: 9.547503e-03
time: 9.669712e-03
time: 9.791920e-03
time: 9.914129e-03
time: 1.003634e-02
time: 1.015855e-02
time: 1.040187e-02
time: 1.064519e-02
time: 1.088851e-02
time: 1.113183e-02
time: 1.137515e-02
time: 1.161847e-02
time: 1.191841e-02
time: 1.221835e-02
time: 1.251829e-02
time: 1.281823e-02
time: 1.311817e-02
time: 1.341811e-02
time: 1.371805e-02
time: 1.407885e-02
time: 1.443966e-02
time: 1.480047e-02
time: 1.480047e-02
time: 1.516128e-02
time: 1.552209e-02
time: 1.552209e-02
time: 1.588290e-02
time: 1.588290e-02
time: 1.624371e-02
time: 1.660452e-02
time: 1.696533e-02
time: 1.732614e-02
time: 1.768695e-02
time: 1.804775e-02
time: 1.840856e-02
time: 1.876937e-02
time: 1.913018e-02
time: 1.949099e-02
time: 1.949099e-02
time: 1.985180e-02
time: 1.985180e-02
time: 1.985180e-02
time: 1.985180e-02
time: 1.985180e-02
time: 1.958119e-02
time: 1.958119e-02
time: 1.958119e-02
time: 1.958119e-02
time: 1.958119e-02
time: 1.958119e-02
time: 1.958119e-02
time: 1.958119e-02
time: 1.958119e-02
time: 1.958119e-02
time: 1.958119e-02
time: 1.958119e-02
time: 1.958119e-02
time: 1.958119e-02
time: 1.958119e-02
time: 1.958119e-02
time: 1.958119e-02
time: 1.958119e-02
time: 1.958119e-02
time: 1.958119e-02
time: 1.958119e-02
time: 1.958119e-02
time: 1.958119e-02
time: 1.958119e-02
time: 1.958119e-02
time: 1.958119e-02
time: 1.958119e-02
time: 1.958119e-02
time: 1.958119e-02
time: 1.958119e-02
time: 1.958119e-02
time: 1.958119e-02
time: 1.958119e-02
time: 1.958119e-02
time: 1.958119e-02
time: 1.958119e-02
time: 1.958119e-02
time: 1.958119e-02
time: 1.958119e-02
time: 1.958119e-02
time: 1.958119e-02
time: 1.958119e-02
time: 1.958119e-02
time: 1.958119e-02
time: 1.958119e-02
time: 1.958119e-02
time: 1.958119e-02
time: 1.958119e-02
time: 1.958119e-02
time: 1.958119e-02
time: 1.958119e-02
time: 1.958119e-02
time: 1.958119e-02
time: 1.958119e-02
time: 1.958119e-02
time: 1.967140e-02
time: 1.976160e-02
time: 1.985180e-02
time: 1.994200e-02
time: 2.012241e-02
time: 2.030281e-02
time: 2.048322e-02
time: 2.066362e-02
time: 2.102443e-02
time: 2.138524e-02
time: 2.174605e-02
time: 2.210686e-02
time: 2.246767e-02
time: 2.307190e-02
time: 2.367613e-02
time: 2.428036e-02
time: 2.488460e-02
time: 2.548883e-02
time: 2.609306e-02
time: 2.683750e-02
time: 2.758194e-02
time: 2.832637e-02
time: 2.907081e-02
time: 2.981525e-02
time: 3.055968e-02
time: 3.130412e-02
time: 3.204855e-02
time: 3.295735e-02
time: 3.386614e-02
time: 3.386614e-02
time: 3.477493e-02
time: 3.477493e-02
time: 3.568373e-02
time: 3.659252e-02
time: 3.750131e-02
time: 3.841010e-02
time: 3.931890e-02
time: 4.022769e-02
time: 4.113648e-02
time: 4.224110e-02
time: 4.334572e-02
time: 4.334572e-02
time: 4.445034e-02
time: 4.445034e-02
time: 4.555497e-02
time: 4.665959e-02
time: 4.665959e-02
time: 4.776421e-02
time: 4.886883e-02
time: 4.997345e-02
time: 5.107807e-02
time: 5.107807e-02
time: 5.218269e-02
time: 5.328732e-02
time: 5.439194e-02
time: 5.439194e-02
time: 5.439194e-02
time: 5.549656e-02
time: 5.549656e-02
time: 5.660118e-02
time: 5.660118e-02
time: 5.660118e-02
time: 5.660118e-02
time: 5.604887e-02
time: 5.604887e-02
time: 5.660118e-02
time: 5.660118e-02
time: 5.715349e-02
time: 5.715349e-02
time: 5.715349e-02
time: 5.770580e-02
time: 5.770580e-02
time: 5.770580e-02
time: 5.742965e-02
time: 5.770580e-02
time: 5.770580e-02
time: 5.798196e-02
time: 5.798196e-02
time: 5.825811e-02
time: 5.825811e-02
time: 5.825811e-02
time: 5.812003e-02
time: 5.812003e-02
time: 5.825811e-02
time: 5.839619e-02
time: 5.839619e-02
time: 5.839619e-02
time: 5.832715e-02
time: 5.832715e-02
time: 5.839619e-02
time: 5.846523e-02
time: 5.846523e-02
time: 5.853427e-02
time: 5.860331e-02
time: 5.860331e-02
time: 5.860331e-02
time: 5.867234e-02
time: 5.867234e-02
time: 5.874138e-02
time: 5.874138e-02
time: 5.874138e-02
time: 5.870686e-02
time: 5.870686e-02
time: 5.874138e-02
time: 5.877590e-02
time: 5.877590e-02
time: 5.877590e-02
time: 5.881042e-02
time: 5.884494e-02
time: 5.884494e-02
time: 5.884494e-02
time: 5.882768e-02
time: 5.882768e-02
time: 5.884494e-02
time: 5.886220e-02
time: 5.887946e-02
time: 5.889672e-02
time: 5.892368e-02
time: 5.895064e-02
time: 5.895064e-02
time: 5.897760e-02
time: 5.900456e-02
time: 5.904440e-02
time: 5.904440e-02
time: 5.908424e-02
time: 5.912408e-02
time: 5.920310e-02
time: 5.928213e-02
time: 5.936116e-02
time: 5.949644e-02
time: 5.963173e-02
time: 5.976702e-02
time: 5.999853e-02
time: 5.999853e-02
time: 6.023003e-02
time: 6.023003e-02
time: 6.046154e-02
time: 6.046154e-02
time: 6.092456e-02
time: 6.138758e-02
time: 6.185060e-02
time: 6.231362e-02
time: 6.311896e-02
time: 6.392430e-02
time: 6.392430e-02
time: 6.472963e-02
time: 6.553497e-02
time: 6.650174e-02
time: 6.650174e-02
time: 6.746851e-02
time: 6.746851e-02
time: 6.843528e-02
time: 6.843528e-02
time: 6.940205e-02
time: 6.940205e-02
time: 7.036882e-02
time: 7.133559e-02
time: 7.230236e-02
time: 7.230236e-02
time: 7.326913e-02
time: 7.423590e-02
time: 7.520267e-02
time: 7.520267e-02
time: 7.520267e-02
time: 7.471929e-02
time: 7.520267e-02
time: 7.568606e-02
time: 7.616944e-02
time: 7.616944e-02
time: 7.665283e-02
time: 7.665283e-02
time: 7.713621e-02
time: 7.761960e-02
time: 7.761960e-02
time: 7.810298e-02
time: 7.810298e-02
time: 7.858637e-02
time: 7.906975e-02
time: 7.906975e-02
time: 7.906975e-02
time: 7.882806e-02
time: 7.906975e-02
time: 7.931145e-02
time: 7.955314e-02
time: 7.955314e-02
time: 7.979483e-02
time: 8.003652e-02
time: 8.003652e-02
time: 8.027822e-02
time: 8.051991e-02
time: 8.051991e-02
time: 8.076160e-02
time: 8.100329e-02
time: 8.100329e-02
time: 8.124499e-02
time: 8.124499e-02
time: 8.148668e-02
time: 8.148668e-02
time: 8.172837e-02
time: 8.197006e-02
time: 8.197006e-02
time: 8.221176e-02
time: 8.245345e-02
time: 8.245345e-02
time: 8.269514e-02
time: 8.269514e-02
time: 8.293683e-02
time: 8.293683e-02
time: 8.317853e-02
time: 8.342022e-02
time: 8.342022e-02
time: 8.366191e-02
time: 8.390360e-02
time: 8.390360e-02
time: 8.414530e-02
time: 8.414530e-02
time: 8.438699e-02
time: 8.438699e-02
time: 8.462868e-02
time: 8.487037e-02
time: 8.487037e-02
time: 8.487037e-02
time: 8.474953e-02
time: 8.487037e-02
time: 8.499122e-02
time: 8.511207e-02
time: 8.511207e-02
time: 8.523291e-02
time: 8.535376e-02
time: 8.547461e-02
time: 8.547461e-02
time: 8.559545e-02
time: 8.571630e-02
time: 8.571630e-02
time: 8.583714e-02
time: 8.595799e-02
time: 8.595799e-02
time: 8.607884e-02
time: 8.619968e-02
time: 8.619968e-02
time: 8.632053e-02
time: 8.644138e-02
time: 8.644138e-02
time: 8.656222e-02
time: 8.668307e-02
time: 8.668307e-02
time: 8.680391e-02
time: 8.692476e-02
time: 8.692476e-02
time: 8.704561e-02
time: 8.704561e-02
time: 8.716645e-02
time: 8.716645e-02
time: 8.728730e-02
time: 8.740815e-02
time: 8.740815e-02
time: 8.752899e-02
time: 8.764984e-02
time: 8.764984e-02
time: 8.777068e-02
time: 8.789153e-02
time: 8.789153e-02
time: 8.801238e-02
time: 8.813322e-02
time: 8.813322e-02
time: 8.825407e-02
time: 8.837492e-02
time: 8.837492e-02
time: 8.849576e-02
time: 8.861661e-02
time: 8.861661e-02
time: 8.873745e-02
time: 8.885830e-02
time: 8.885830e-02
time: 8.897915e-02
time: 8.909999e-02
time: 8.909999e-02
time: 8.922084e-02
time: 8.934169e-02
time: 8.934169e-02
time: 8.946253e-02
time: 8.946253e-02
time: 8.958338e-02
time: 8.958338e-02
time: 8.970423e-02
time: 8.982507e-02
time: 8.982507e-02
time: 8.994592e-02
time: 9.006676e-02
time: 9.006676e-02
time: 9.018761e-02
time: 9.018761e-02
time: 9.030846e-02
time: 9.030846e-02
time: 9.042930e-02
time: 9.042930e-02
time: 9.055015e-02
time: 9.067100e-02
time: 9.067100e-02
time: 9.079184e-02
time: 9.091269e-02
time: 9.091269e-02
time: 9.103353e-02
time: 9.103353e-02
time: 9.115438e-02
time: 9.115438e-02
time: 9.127523e-02
time: 9.127523e-02
time: 9.139607e-02
time: 9.151692e-02
time: 9.151692e-02
time: 9.163777e-02
time: 9.163777e-02
time: 9.175861e-02
time: 9.175861e-02
time: 9.187946e-02
time: 9.187946e-02
time: 9.200030e-02
time: 9.212115e-02
time: 9.212115e-02
time: 9.224200e-02
time: 9.236284e-02
time: 9.236284e-02
time: 9.248369e-02
time: 9.260454e-02
time: 9.260454e-02
time: 9.272538e-02
time: 9.272538e-02
time: 9.284623e-02
time: 9.284623e-02
time: 9.296707e-02
time: 9.296707e-02
time: 9.308792e-02
time: 9.320877e-02
time: 9.320877e-02
time: 9.332961e-02
time: 9.345046e-02
time: 9.345046e-02
time: 9.357131e-02
time: 9.369215e-02
time: 9.369215e-02
time: 9.381300e-02
time: 9.381300e-02
time: 9.393384e-02
time: 9.405469e-02
time: 9.405469e-02
time: 9.417554e-02
time: 9.429638e-02
time: 9.429638e-02
time: 9.441723e-02
time: 9.453808e-02
time: 9.453808e-02
time: 9.465892e-02
time: 9.465892e-02
time: 9.477977e-02
time: 9.477977e-02
time: 9.490061e-02
time: 9.490061e-02
time: 9.502146e-02
time: 9.514231e-02
time: 9.514231e-02
time: 9.526315e-02
time: 9.538400e-02
time: 9.538400e-02
time: 9.550485e-02
time: 9.562569e-02
time: 9.562569e-02
time: 9.574654e-02
time: 9.574654e-02
time: 9.586738e-02
time: 9.586738e-02
time: 9.598823e-02
time: 9.610908e-02
time: 9.610908e-02
time: 9.622992e-02
time: 9.635077e-02
time: 9.635077e-02
time: 9.647162e-02
time: 9.659246e-02
time: 9.659246e-02
time: 9.671331e-02
time: 9.683415e-02
time: 9.683415e-02
time: 9.695500e-02
time: 9.695500e-02
time: 9.707585e-02
time: 9.719669e-02
time: 9.719669e-02
time: 9.731754e-02
time: 9.743839e-02
time: 9.743839e-02
time: 9.755923e-02
time: 9.768008e-02
time: 9.768008e-02
time: 9.780092e-02
time: 9.780092e-02
time: 9.792177e-02
time: 9.792177e-02
time: 9.804262e-02
time: 9.804262e-02
time: 9.816346e-02
time: 9.828431e-02
time: 9.828431e-02
time: 9.840516e-02
time: 9.852600e-02
time: 9.852600e-02
time: 9.864685e-02
time: 9.876769e-02
time: 9.876769e-02
time: 9.888854e-02
time: 9.900939e-02
time: 9.900939e-02
time: 9.913023e-02
time: 9.925108e-02
time: 9.925108e-02
time: 9.937193e-02
time: 9.937193e-02
time: 9.949277e-02
time: 9.949277e-02
time: 9.961362e-02
time: 9.961362e-02
time: 9.973447e-02
time: 9.985531e-02
time: 9.985531e-02
time: 9.997616e-02
time: 1.000970e-01
time: 1.000970e-01
time: 1.002179e-01
time: 1.002179e-01
time: 1.003387e-01
time: 1.003387e-01
time: 1.004595e-01
time: 1.004595e-01
time: 1.005804e-01
time: 1.005804e-01
time: 1.007012e-01
time: 1.008221e-01
time: 1.008221e-01
time: 1.009429e-01
time: 1.009429e-01
time: 1.010638e-01
time: 1.010638e-01
time: 1.011846e-01
time: 1.011846e-01
time: 1.013055e-01
time: 1.013055e-01
time: 1.014263e-01
time: 1.014263e-01
time: 1.015472e-01
time: 1.015472e-01
time: 1.016680e-01
time: 1.017889e-01
time: 1.017889e-01
time: 1.019097e-01
time: 1.020305e-01
time: 1.020305e-01
time: 1.021514e-01
time: 1.022722e-01
time: 1.022722e-01
time: 1.023931e-01
time: 1.023931e-01
time: 1.025139e-01
time: 1.025139e-01
time: 1.026348e-01
time: 1.027556e-01
time: 1.027556e-01
time: 1.028765e-01
time: 1.029973e-01
time: 1.029973e-01
time: 1.031182e-01
time: 1.031182e-01
time: 1.032390e-01
time: 1.032390e-01
time: 1.033599e-01
time: 1.033599e-01
time: 1.034807e-01
time: 1.034807e-01
time: 1.036015e-01
time: 1.036015e-01
time: 1.037224e-01
time: 1.038432e-01
time: 1.038432e-01
time: 1.039641e-01
time: 1.040849e-01
time: 1.040849e-01
time: 1.042058e-01
time: 1.042058e-01
time: 1.043266e-01
time: 1.043266e-01
time: 1.044475e-01
time: 1.045683e-01
time: 1.045683e-01
time: 1.046892e-01
time: 1.048100e-01
time: 1.048100e-01
time: 1.049309e-01
time: 1.049309e-01
time: 1.050517e-01
time: 1.050517e-01
time: 1.051725e-01
time: 1.051725e-01
time: 1.052934e-01
time: 1.054142e-01
time: 1.054142e-01
time: 1.055351e-01
time: 1.056559e-01
time: 1.056559e-01
time: 1.057768e-01
time: 1.057768e-01
time: 1.058976e-01
time: 1.060185e-01
time: 1.060185e-01
time: 1.061393e-01
time: 1.062602e-01
time: 1.062602e-01
time: 1.063810e-01
time: 1.065019e-01
time: 1.065019e-01
time: 1.066227e-01
time: 1.066227e-01
time: 1.067435e-01
time: 1.067435e-01
time: 1.068644e-01
time: 1.068644e-01
time: 1.069852e-01
time: 1.069852e-01
time: 1.071061e-01
time: 1.072269e-01
time: 1.072269e-01
time: 1.073478e-01
time: 1.074686e-01
time: 1.074686e-01
time: 1.075895e-01
time: 1.077103e-01
time: 1.077103e-01
time: 1.078312e-01
time: 1.078312e-01
time: 1.079520e-01
time: 1.079520e-01
time: 1.080729e-01
time: 1.080729e-01
time: 1.081937e-01
time: 1.081937e-01
time: 1.083145e-01
time: 1.084354e-01
time: 1.084354e-01
time: 1.085562e-01
time: 1.086771e-01
time: 1.086771e-01
time: 1.087979e-01
time: 1.089188e-01
time: 1.089188e-01
time: 1.089188e-01
time: 1.088584e-01
time: 1.089188e-01
time: 1.089792e-01
time: 1.090396e-01
time: 1.091001e-01
time: 1.091001e-01
time: 1.091605e-01
time: 1.092435e-01
time: 1.092435e-01
time: 1.093265e-01
time: 1.093265e-01
time: 1.094095e-01
time: 1.094925e-01
time: 1.094925e-01
time: 1.095755e-01
time: 1.096585e-01
time: 1.096585e-01
time: 1.097415e-01
time: 1.098245e-01
time: 1.098245e-01
time: 1.099075e-01
time: 1.099905e-01
time: 1.099905e-01
time: 1.100735e-01
time: 1.101565e-01
time: 1.101565e-01
time: 1.102394e-01
time: 1.103224e-01
time: 1.103224e-01
time: 1.104054e-01
time: 1.104884e-01
time: 1.104884e-01
time: 1.104884e-01
time: 1.104469e-01
time: 1.104884e-01
time: 1.105299e-01
time: 1.105714e-01
time: 1.106129e-01
time: 1.106129e-01
time: 1.106544e-01
time: 1.107134e-01
time: 1.107134e-01
time: 1.107134e-01
time: 1.106839e-01
time: 1.107134e-01
time: 1.107429e-01
time: 1.107723e-01
time: 1.108259e-01
time: 1.108795e-01
time: 1.109330e-01
time: 1.110331e-01
time: 1.111331e-01
time: 1.112331e-01
time: 1.114331e-01
time: 1.116331e-01
time: 1.118331e-01
time: 1.122331e-01
time: 1.126331e-01
time: 1.130331e-01
time: 1.138332e-01
time: 1.146332e-01
time: 1.154332e-01
time: 1.170333e-01
time: 1.186333e-01
time: 1.202334e-01
time: 1.234335e-01
time: 1.266337e-01
time: 1.298338e-01
time: 1.330339e-01
time: 1.370992e-01
time: 1.370992e-01
time: 1.411645e-01
time: 1.411645e-01
time: 1.452299e-01
time: 1.452299e-01
time: 1.492952e-01
time: 1.533605e-01
time: 1.533605e-01
time: 1.574258e-01
time: 1.574258e-01
time: 1.614911e-01
time: 1.614911e-01
time: 1.647434e-01
time: 1.679956e-01
time: 1.679956e-01
time: 1.679956e-01
time: 1.663695e-01
time: 1.679956e-01
time: 1.679956e-01
time: 1.696217e-01
time: 1.712479e-01
time: 1.712479e-01
time: 1.712479e-01
time: 1.704348e-01
time: 1.712479e-01
time: 1.720609e-01
time: 1.728740e-01
time: 1.739003e-01
time: 1.749267e-01
time: 1.749267e-01
time: 1.759530e-01
time: 1.775266e-01
time: 1.775266e-01
time: 1.791003e-01
time: 1.806739e-01
time: 1.806739e-01
time: 1.831816e-01
time: 1.856892e-01
time: 1.856892e-01
time: 1.856892e-01
time: 1.856892e-01
time: 1.869430e-01
time: 1.869430e-01
time: 1.869430e-01
time: 1.869430e-01
time: 1.869430e-01
time: 1.869430e-01
time: 1.869430e-01
time: 1.869430e-01
time: 1.869430e-01
time: 1.869430e-01
time: 1.869430e-01
time: 1.869430e-01
time: 1.869430e-01
time: 1.869430e-01
time: 1.869430e-01
time: 1.869430e-01
time: 1.869430e-01
time: 1.869430e-01
time: 1.869430e-01
time: 1.869430e-01
time: 1.869430e-01
time: 1.869430e-01
time: 1.869430e-01
time: 1.869430e-01
time: 1.869430e-01
time: 1.869430e-01
time: 1.869430e-01
time: 1.869430e-01
time: 1.869430e-01
time: 1.869430e-01
time: 1.869430e-01
time: 1.869430e-01
time: 1.869430e-01
time: 1.869430e-01
time: 1.869430e-01
time: 1.869430e-01
time: 1.869430e-01
time: 1.869430e-01
time: 1.869430e-01
time: 1.869430e-01
time: 1.869430e-01
time: 1.869430e-01
time: 1.869430e-01
time: 1.869430e-01
time: 1.869430e-01
time: 1.869430e-01
time: 1.869430e-01
time: 1.869430e-01
time: 1.869430e-01
time: 1.869430e-01
time: 1.869430e-01
time: 1.869430e-01
time: 1.869430e-01
time: 1.869430e-01
time: 1.869430e-01
time: 1.881968e-01
time: 1.894506e-01
time: 1.919582e-01
time: 1.944658e-01
time: 1.969734e-01
time: 2.019887e-01
time: 2.070039e-01
time: 2.120191e-01
time: 2.220496e-01
time: 2.320801e-01
time: 2.421105e-01
time: 2.621714e-01
time: 2.822324e-01
time: 3.022933e-01
time: 3.424152e-01
time: 3.825370e-01
time: 4.226589e-01
time: 5.029026e-01
time: 5.831463e-01
time: 6.633900e-01
time: 8.238774e-01
time: 9.843648e-01
time: 1.000000e+00
Number of steps: 1154, current time 1.000000

==== Status of problem ====

Parser configured
Database configured
Mixture configured
Solution configured
Solver configured
Problem solved

==== END of Status ====

ULF run took 23.23 s

==== ULF END ====
