# RUNNING VERSION '1.07-1'
+==========================================================================================================+
|                                                                                                          |
|                                                                                              #           |
|                                                                                             ##           |
|                                                                                            ###           |
|                                                                                          ####            |
|                                                          TU Freiberg                    ######           |
|                                                          Chair of Numerical            #### ##           |
|                                                          Thermo-Fluid-Dynamics         ########          |
|        Universal Laminar Flame Solver                                                  #### #####        |
|                                                                                          ##########      |
|                                                                                                #####     |
|                            ###    ##########             ####  ################################# ###     |
|                           ####  ####                    #####     ####   ####          ######### ###     |
|                          ####  ####                    ######     ###   ###                  ### ###     |
|         ####      ####  ################              ###  ###   ###   #########   ###       ### ##      |
|        ####      ####  ################              ###   ###  ###   ########    ###       ### ###      |
|       ####       ###  #### ####                     ###    ### ###   ###         ##       ### ###        |
|       #####   #####  #### ####                     ###      #####   ###         ###    ##### ###         |
|        ##########   ####  ###                     ###       #############      ########## #####          |
|                                                        #######################################           |
|                                                      ###               #####################             |
|                                                                             ############                 |
|                                                                                                          |
+==========================================================================================================+
                                                                                                            
ULF run at Tue Sep 15 21:29:18 2015



==== Status of problem ====

Parser configured
Database configured
Mixture configured
Solution configured
Solver configured
Problem NOT solved

==== END of Status ====
time: 0.000000e+00
time: 1.163107e-09
time: 1.163107e-09
time: 1.163107e-09
time: 1.163107e-09
time: 1.163107e-09
time: 1.163107e-09
time: 1.163107e-09
time: 1.163107e-09
time: 1.163107e-09
time: 1.163107e-09
time: 1.163107e-09
time: 1.163107e-09
time: 1.163107e-09
time: 1.163107e-09
time: 1.163107e-09
time: 1.163107e-09
time: 1.163107e-09
time: 1.163107e-09
time: 1.163107e-09
time: 1.163107e-09
time: 1.163107e-09
time: 1.163107e-09
time: 1.163107e-09
time: 1.163107e-09
time: 1.163107e-09
time: 1.163107e-09
time: 1.163107e-09
time: 1.163107e-09
time: 1.163107e-09
time: 1.163107e-09
time: 1.163107e-09
time: 1.163107e-09
time: 1.163107e-09
time: 1.163107e-09
time: 1.163107e-09
time: 1.163107e-09
time: 1.163107e-09
time: 1.163107e-09
time: 1.163107e-09
time: 1.163107e-09
time: 1.163107e-09
time: 1.163107e-09
time: 1.163107e-09
time: 1.163107e-09
time: 1.163107e-09
time: 1.163107e-09
time: 1.163107e-09
time: 1.163107e-09
time: 1.163107e-09
time: 1.163107e-09
time: 1.163107e-09
time: 1.163107e-09
time: 1.163107e-09
time: 1.163107e-09
time: 1.163107e-09
time: 2.326214e-09
time: 3.489321e-09
time: 5.388603e-08
time: 1.042827e-07
time: 1.546795e-07
time: 2.505414e-07
time: 3.464034e-07
time: 4.422654e-07
time: 6.059792e-07
time: 7.696930e-07
time: 9.334067e-07
time: 1.187468e-06
time: 1.441529e-06
time: 1.695590e-06
time: 2.065891e-06
time: 2.436191e-06
time: 2.806491e-06
time: 3.572245e-06
time: 4.337999e-06
time: 5.103753e-06
time: 5.869507e-06
time: 7.071590e-06
time: 8.273673e-06
time: 9.475757e-06
time: 1.067784e-05
time: 1.276385e-05
time: 1.484986e-05
time: 1.693588e-05
time: 1.902189e-05
time: 2.319391e-05
time: 2.736593e-05
time: 3.153796e-05
time: 3.570998e-05
time: 4.405403e-05
time: 4.405403e-05
time: 5.239808e-05
time: 6.074212e-05
time: 6.908617e-05
time: 7.743022e-05
time: 8.879517e-05
time: 1.001601e-04
time: 1.115251e-04
time: 1.228900e-04
time: 1.342550e-04
time: 1.557102e-04
time: 1.557102e-04
time: 1.771654e-04
time: 1.986207e-04
time: 1.986207e-04
time: 2.200759e-04
time: 2.200759e-04
time: 2.200759e-04
time: 2.415311e-04
time: 2.415311e-04
time: 2.415311e-04
time: 2.629863e-04
time: 2.629863e-04
time: 2.629863e-04
time: 2.844416e-04
time: 2.844416e-04
time: 3.058968e-04
time: 3.058968e-04
time: 3.273520e-04
time: 3.273520e-04
time: 3.273520e-04
time: 3.488072e-04
time: 3.488072e-04
time: 3.488072e-04
time: 3.702625e-04
time: 3.702625e-04
time: 3.702625e-04
time: 3.917177e-04
time: 3.917177e-04
time: 3.917177e-04
time: 3.917177e-04
time: 4.131729e-04
time: 4.131729e-04
time: 4.346281e-04
time: 4.346281e-04
time: 4.346281e-04
time: 4.346281e-04
time: 4.346281e-04
time: 4.185367e-04
time: 4.185367e-04
time: 4.185367e-04
time: 4.185367e-04
time: 4.185367e-04
time: 4.185367e-04
time: 4.185367e-04
time: 4.185367e-04
time: 4.185367e-04
time: 4.185367e-04
time: 4.185367e-04
time: 4.185367e-04
time: 4.185367e-04
time: 4.185367e-04
time: 4.185367e-04
time: 4.185367e-04
time: 4.185367e-04
time: 4.185367e-04
time: 4.185367e-04
time: 4.185367e-04
time: 4.185367e-04
time: 4.185367e-04
time: 4.185367e-04
time: 4.185367e-04
time: 4.185367e-04
time: 4.185367e-04
time: 4.185367e-04
time: 4.185367e-04
time: 4.185367e-04
time: 4.185367e-04
time: 4.185367e-04
time: 4.185367e-04
time: 4.185367e-04
time: 4.185367e-04
time: 4.185367e-04
time: 4.185367e-04
time: 4.185367e-04
time: 4.185367e-04
time: 4.185367e-04
time: 4.185367e-04
time: 4.185367e-04
time: 4.185367e-04
time: 4.185367e-04
time: 4.185367e-04
time: 4.185367e-04
time: 4.185367e-04
time: 4.185367e-04
time: 4.185367e-04
time: 4.185367e-04
time: 4.185367e-04
time: 4.185367e-04
time: 4.185367e-04
time: 4.185367e-04
time: 4.185367e-04
time: 4.185367e-04
time: 4.239005e-04
time: 4.292643e-04
time: 4.346281e-04
time: 4.399919e-04
time: 4.453558e-04
time: 4.560834e-04
time: 4.668110e-04
time: 4.775386e-04
time: 4.882662e-04
time: 4.989938e-04
time: 5.167282e-04
time: 5.167282e-04
time: 5.344625e-04
time: 5.344625e-04
time: 5.521969e-04
time: 5.521969e-04
time: 5.699312e-04
time: 5.699312e-04
time: 5.876656e-04
time: 5.876656e-04
time: 5.876656e-04
time: 5.787984e-04
time: 5.876656e-04
time: 5.876656e-04
time: 5.965328e-04
time: 6.054000e-04
time: 6.142671e-04
time: 6.231343e-04
time: 6.231343e-04
time: 6.320015e-04
time: 6.408687e-04
time: 6.408687e-04
time: 6.497359e-04
time: 6.497359e-04
time: 6.586030e-04
time: 6.586030e-04
time: 6.586030e-04
time: 6.674702e-04
time: 6.674702e-04
time: 6.674702e-04
time: 6.674702e-04
time: 6.763374e-04
time: 6.763374e-04
time: 6.852046e-04
time: 6.852046e-04
time: 6.852046e-04
time: 6.852046e-04
time: 6.940718e-04
time: 6.940718e-04
time: 6.940718e-04
time: 6.940718e-04
time: 6.940718e-04
time: 6.874214e-04
time: 6.874214e-04
time: 6.874214e-04
time: 6.874214e-04
time: 6.874214e-04
time: 6.874214e-04
time: 6.874214e-04
time: 6.874214e-04
time: 6.874214e-04
time: 6.874214e-04
time: 6.874214e-04
time: 6.874214e-04
time: 6.874214e-04
time: 6.874214e-04
time: 6.874214e-04
time: 6.874214e-04
time: 6.874214e-04
time: 6.874214e-04
time: 6.874214e-04
time: 6.874214e-04
time: 6.874214e-04
time: 6.874214e-04
time: 6.874214e-04
time: 6.874214e-04
time: 6.874214e-04
time: 6.874214e-04
time: 6.874214e-04
time: 6.874214e-04
time: 6.874214e-04
time: 6.874214e-04
time: 6.874214e-04
time: 6.874214e-04
time: 6.874214e-04
time: 6.874214e-04
time: 6.874214e-04
time: 6.874214e-04
time: 6.874214e-04
time: 6.874214e-04
time: 6.874214e-04
time: 6.874214e-04
time: 6.874214e-04
time: 6.874214e-04
time: 6.874214e-04
time: 6.874214e-04
time: 6.874214e-04
time: 6.874214e-04
time: 6.874214e-04
time: 6.874214e-04
time: 6.874214e-04
time: 6.874214e-04
time: 6.874214e-04
time: 6.874214e-04
time: 6.874214e-04
time: 6.874214e-04
time: 6.874214e-04
time: 6.896382e-04
time: 6.918550e-04
time: 6.940718e-04
time: 6.962886e-04
time: 6.985053e-04
time: 7.029389e-04
time: 7.073725e-04
time: 7.118061e-04
time: 7.162397e-04
time: 7.206733e-04
time: 7.251069e-04
time: 7.295405e-04
time: 7.339741e-04
time: 7.384077e-04
time: 7.428412e-04
time: 7.472748e-04
time: 7.517084e-04
time: 7.572083e-04
time: 7.627081e-04
time: 7.682079e-04
time: 7.737078e-04
time: 7.792076e-04
time: 7.847074e-04
time: 7.847074e-04
time: 7.902072e-04
time: 7.957071e-04
time: 8.012069e-04
time: 8.079293e-04
time: 8.079293e-04
time: 8.146517e-04
time: 8.213741e-04
time: 8.213741e-04
time: 8.280965e-04
time: 8.348189e-04
time: 8.348189e-04
time: 8.415413e-04
time: 8.482637e-04
time: 8.482637e-04
time: 8.566406e-04
time: 8.566406e-04
time: 8.650174e-04
time: 8.650174e-04
time: 8.733942e-04
time: 8.817710e-04
time: 8.901479e-04
time: 8.985247e-04
time: 9.069015e-04
time: 9.069015e-04
time: 9.152784e-04
time: 9.257286e-04
time: 9.257286e-04
time: 9.361789e-04
time: 9.361789e-04
time: 9.466291e-04
time: 9.466291e-04
time: 9.570794e-04
time: 9.570794e-04
time: 9.741893e-04
time: 9.741893e-04
time: 9.912993e-04
time: 9.912993e-04
time: 1.008409e-03
time: 1.008409e-03
time: 1.025519e-03
time: 1.025519e-03
time: 1.042629e-03
time: 1.042629e-03
time: 1.059739e-03
time: 1.076849e-03
time: 1.076849e-03
time: 1.076849e-03
time: 1.076849e-03
time: 1.093959e-03
time: 1.093959e-03
time: 1.111069e-03
time: 1.111069e-03
time: 1.111069e-03
time: 1.128179e-03
time: 1.128179e-03
time: 1.128179e-03
time: 1.128179e-03
time: 1.128179e-03
time: 1.115347e-03
time: 1.115347e-03
time: 1.115347e-03
time: 1.115347e-03
time: 1.115347e-03
time: 1.115347e-03
time: 1.115347e-03
time: 1.115347e-03
time: 1.115347e-03
time: 1.115347e-03
time: 1.115347e-03
time: 1.115347e-03
time: 1.115347e-03
time: 1.115347e-03
time: 1.115347e-03
time: 1.115347e-03
time: 1.115347e-03
time: 1.115347e-03
time: 1.115347e-03
time: 1.115347e-03
time: 1.115347e-03
time: 1.115347e-03
time: 1.115347e-03
time: 1.115347e-03
time: 1.115347e-03
time: 1.115347e-03
time: 1.115347e-03
time: 1.115347e-03
time: 1.115347e-03
time: 1.115347e-03
time: 1.115347e-03
time: 1.115347e-03
time: 1.115347e-03
time: 1.115347e-03
time: 1.115347e-03
time: 1.115347e-03
time: 1.115347e-03
time: 1.115347e-03
time: 1.115347e-03
time: 1.115347e-03
time: 1.115347e-03
time: 1.115347e-03
time: 1.115347e-03
time: 1.115347e-03
time: 1.115347e-03
time: 1.115347e-03
time: 1.115347e-03
time: 1.115347e-03
time: 1.115347e-03
time: 1.115347e-03
time: 1.115347e-03
time: 1.115347e-03
time: 1.115347e-03
time: 1.115347e-03
time: 1.115347e-03
time: 1.119624e-03
time: 1.123902e-03
time: 1.128179e-03
time: 1.132457e-03
time: 1.141012e-03
time: 1.149567e-03
time: 1.158122e-03
time: 1.166677e-03
time: 1.183550e-03
time: 1.183550e-03
time: 1.200424e-03
time: 1.200424e-03
time: 1.217298e-03
time: 1.217298e-03
time: 1.234171e-03
time: 1.234171e-03
time: 1.251045e-03
time: 1.251045e-03
time: 1.267919e-03
time: 1.267919e-03
time: 1.284792e-03
time: 1.301666e-03
time: 1.318540e-03
time: 1.340634e-03
time: 1.362728e-03
time: 1.362728e-03
time: 1.384822e-03
time: 1.384822e-03
time: 1.406917e-03
time: 1.406917e-03
time: 1.429011e-03
time: 1.429011e-03
time: 1.451105e-03
time: 1.451105e-03
time: 1.473200e-03
time: 1.473200e-03
time: 1.495294e-03
time: 1.495294e-03
time: 1.517388e-03
time: 1.517388e-03
time: 1.539483e-03
time: 1.561577e-03
time: 1.583671e-03
time: 1.605766e-03
time: 1.605766e-03
time: 1.627860e-03
time: 1.627860e-03
time: 1.649954e-03
time: 1.672048e-03
time: 1.672048e-03
time: 1.672048e-03
time: 1.672048e-03
time: 1.694143e-03
time: 1.694143e-03
time: 1.716237e-03
time: 1.716237e-03
time: 1.716237e-03
time: 1.716237e-03
time: 1.738331e-03
time: 1.738331e-03
time: 1.738331e-03
time: 1.760426e-03
time: 1.782520e-03
time: 1.782520e-03
time: 1.782520e-03
time: 1.782520e-03
time: 1.804614e-03
time: 1.826709e-03
time: 1.826709e-03
time: 1.854189e-03
time: 1.854189e-03
time: 1.854189e-03
time: 1.854189e-03
time: 1.881669e-03
time: 1.881669e-03
time: 1.909148e-03
time: 1.909148e-03
time: 1.909148e-03
time: 1.909148e-03
time: 1.909148e-03
time: 1.888539e-03
time: 1.888539e-03
time: 1.888539e-03
time: 1.888539e-03
time: 1.888539e-03
time: 1.888539e-03
time: 1.888539e-03
time: 1.888539e-03
time: 1.888539e-03
time: 1.888539e-03
time: 1.888539e-03
time: 1.888539e-03
time: 1.888539e-03
time: 1.888539e-03
time: 1.888539e-03
time: 1.888539e-03
time: 1.888539e-03
time: 1.888539e-03
time: 1.888539e-03
time: 1.888539e-03
time: 1.888539e-03
time: 1.888539e-03
time: 1.888539e-03
time: 1.888539e-03
time: 1.888539e-03
time: 1.888539e-03
time: 1.888539e-03
time: 1.888539e-03
time: 1.888539e-03
time: 1.888539e-03
time: 1.888539e-03
time: 1.888539e-03
time: 1.888539e-03
time: 1.888539e-03
time: 1.888539e-03
time: 1.888539e-03
time: 1.888539e-03
time: 1.888539e-03
time: 1.888539e-03
time: 1.888539e-03
time: 1.888539e-03
time: 1.888539e-03
time: 1.888539e-03
time: 1.888539e-03
time: 1.888539e-03
time: 1.888539e-03
time: 1.888539e-03
time: 1.888539e-03
time: 1.888539e-03
time: 1.888539e-03
time: 1.888539e-03
time: 1.888539e-03
time: 1.888539e-03
time: 1.888539e-03
time: 1.888539e-03
time: 1.895409e-03
time: 1.902278e-03
time: 1.909148e-03
time: 1.916018e-03
time: 1.929758e-03
time: 1.943498e-03
time: 1.957238e-03
time: 1.970978e-03
time: 1.998458e-03
time: 2.025938e-03
time: 2.053418e-03
time: 2.080898e-03
time: 2.108378e-03
time: 2.157881e-03
time: 2.207384e-03
time: 2.256887e-03
time: 2.306390e-03
time: 2.355892e-03
time: 2.416163e-03
time: 2.476433e-03
time: 2.536704e-03
time: 2.596974e-03
time: 2.657245e-03
time: 2.717515e-03
time: 2.777786e-03
time: 2.838056e-03
time: 2.838056e-03
time: 2.898327e-03
time: 2.898327e-03
time: 2.958597e-03
time: 3.037008e-03
time: 3.037008e-03
time: 3.115419e-03
time: 3.193830e-03
time: 3.193830e-03
time: 3.272241e-03
time: 3.350652e-03
time: 3.429063e-03
time: 3.429063e-03
time: 3.507474e-03
time: 3.585885e-03
time: 3.585885e-03
time: 3.664296e-03
time: 3.664296e-03
time: 3.742707e-03
time: 3.821118e-03
time: 3.821118e-03
time: 3.821118e-03
time: 3.821118e-03
time: 3.899529e-03
time: 3.899529e-03
time: 3.899529e-03
time: 3.977940e-03
time: 3.977940e-03
time: 3.977940e-03
time: 4.056351e-03
time: 4.056351e-03
time: 4.056351e-03
time: 4.056351e-03
time: 4.134762e-03
time: 4.134762e-03
time: 4.134762e-03
time: 4.213172e-03
time: 4.213172e-03
time: 4.291583e-03
time: 4.393563e-03
time: 4.393563e-03
time: 4.393563e-03
time: 4.495543e-03
time: 4.495543e-03
time: 4.495543e-03
time: 4.495543e-03
time: 4.597523e-03
time: 4.597523e-03
time: 4.597523e-03
time: 4.699503e-03
time: 4.699503e-03
time: 4.801483e-03
time: 4.903463e-03
time: 4.903463e-03
time: 4.903463e-03
time: 4.903463e-03
time: 4.903463e-03
time: 4.826978e-03
time: 4.826978e-03
time: 4.826978e-03
time: 4.826978e-03
time: 4.826978e-03
time: 4.826978e-03
time: 4.826978e-03
time: 4.826978e-03
time: 4.826978e-03
time: 4.826978e-03
time: 4.826978e-03
time: 4.826978e-03
time: 4.826978e-03
time: 4.826978e-03
time: 4.826978e-03
time: 4.826978e-03
time: 4.826978e-03
time: 4.826978e-03
time: 4.826978e-03
time: 4.826978e-03
time: 4.826978e-03
time: 4.826978e-03
time: 4.826978e-03
time: 4.826978e-03
time: 4.826978e-03
time: 4.826978e-03
time: 4.826978e-03
time: 4.826978e-03
time: 4.826978e-03
time: 4.826978e-03
time: 4.826978e-03
time: 4.826978e-03
time: 4.826978e-03
time: 4.826978e-03
time: 4.826978e-03
time: 4.826978e-03
time: 4.826978e-03
time: 4.826978e-03
time: 4.826978e-03
time: 4.826978e-03
time: 4.826978e-03
time: 4.826978e-03
time: 4.826978e-03
time: 4.826978e-03
time: 4.826978e-03
time: 4.826978e-03
time: 4.826978e-03
time: 4.826978e-03
time: 4.826978e-03
time: 4.826978e-03
time: 4.826978e-03
time: 4.826978e-03
time: 4.826978e-03
time: 4.826978e-03
time: 4.826978e-03
time: 4.826978e-03
time: 4.814230e-03
time: 4.814230e-03
time: 4.826978e-03
time: 4.826978e-03
time: 4.839725e-03
time: 4.839725e-03
time: 4.852473e-03
time: 4.852473e-03
time: 4.877968e-03
time: 4.903463e-03
time: 4.928958e-03
time: 4.954453e-03
time: 5.005443e-03
time: 5.056433e-03
time: 5.107423e-03
time: 5.158413e-03
time: 5.260393e-03
time: 5.362372e-03
time: 5.464352e-03
time: 5.566332e-03
time: 5.668312e-03
time: 5.843972e-03
time: 6.019631e-03
time: 6.195291e-03
time: 6.370950e-03
time: 6.546610e-03
time: 6.722269e-03
time: 6.937293e-03
time: 7.152316e-03
time: 7.367339e-03
time: 7.582362e-03
time: 7.797385e-03
time: 8.012408e-03
time: 8.227431e-03
time: 8.442454e-03
time: 8.657477e-03
time: 8.657477e-03
time: 8.872500e-03
time: 9.087523e-03
time: 9.302546e-03
time: 9.302546e-03
time: 9.517569e-03
time: 9.517569e-03
time: 9.732592e-03
time: 9.947615e-03
time: 9.947615e-03
time: 1.016264e-02
time: 1.037766e-02
time: 1.065260e-02
time: 1.065260e-02
time: 1.092755e-02
time: 1.120249e-02
time: 1.147743e-02
time: 1.175237e-02
time: 1.175237e-02
time: 1.175237e-02
time: 1.202731e-02
time: 1.202731e-02
time: 1.202731e-02
time: 1.230226e-02
time: 1.230226e-02
time: 1.230226e-02
time: 1.230226e-02
time: 1.257720e-02
time: 1.257720e-02
time: 1.257720e-02
time: 1.285214e-02
time: 1.285214e-02
time: 1.312708e-02
time: 1.350338e-02
time: 1.350338e-02
time: 1.350338e-02
time: 1.387967e-02
time: 1.387967e-02
time: 1.387967e-02
time: 1.425596e-02
time: 1.425596e-02
time: 1.425596e-02
time: 1.425596e-02
time: 1.463226e-02
time: 1.463226e-02
time: 1.463226e-02
time: 1.500855e-02
time: 1.500855e-02
time: 1.500855e-02
time: 1.538484e-02
time: 1.538484e-02
time: 1.538484e-02
time: 1.538484e-02
time: 1.576114e-02
time: 1.576114e-02
time: 1.613743e-02
time: 1.613743e-02
time: 1.613743e-02
time: 1.613743e-02
time: 1.651372e-02
time: 1.651372e-02
time: 1.651372e-02
time: 1.651372e-02
time: 1.689002e-02
time: 1.689002e-02
time: 1.689002e-02
time: 1.726631e-02
time: 1.726631e-02
time: 1.726631e-02
time: 1.726631e-02
time: 1.726631e-02
time: 1.698409e-02
time: 1.698409e-02
time: 1.698409e-02
time: 1.698409e-02
time: 1.698409e-02
time: 1.698409e-02
time: 1.698409e-02
time: 1.698409e-02
time: 1.698409e-02
time: 1.698409e-02
time: 1.698409e-02
time: 1.698409e-02
time: 1.698409e-02
time: 1.698409e-02
time: 1.698409e-02
time: 1.698409e-02
time: 1.698409e-02
time: 1.698409e-02
time: 1.698409e-02
time: 1.698409e-02
time: 1.698409e-02
time: 1.698409e-02
time: 1.698409e-02
time: 1.698409e-02
time: 1.698409e-02
time: 1.698409e-02
time: 1.698409e-02
time: 1.698409e-02
time: 1.698409e-02
time: 1.698409e-02
time: 1.698409e-02
time: 1.698409e-02
time: 1.698409e-02
time: 1.698409e-02
time: 1.698409e-02
time: 1.698409e-02
time: 1.698409e-02
time: 1.698409e-02
time: 1.698409e-02
time: 1.698409e-02
time: 1.698409e-02
time: 1.698409e-02
time: 1.698409e-02
time: 1.698409e-02
time: 1.698409e-02
time: 1.698409e-02
time: 1.698409e-02
time: 1.698409e-02
time: 1.698409e-02
time: 1.698409e-02
time: 1.698409e-02
time: 1.698409e-02
time: 1.698409e-02
time: 1.698409e-02
time: 1.698409e-02
time: 1.707816e-02
time: 1.717224e-02
time: 1.726631e-02
time: 1.736039e-02
time: 1.754853e-02
time: 1.773668e-02
time: 1.792483e-02
time: 1.811297e-02
time: 1.848927e-02
time: 1.848927e-02
time: 1.886556e-02
time: 1.924185e-02
time: 1.961815e-02
time: 1.999444e-02
time: 2.055340e-02
time: 2.111236e-02
time: 2.167132e-02
time: 2.223028e-02
time: 2.278924e-02
time: 2.334820e-02
time: 2.390716e-02
time: 2.458662e-02
time: 2.526608e-02
time: 2.594554e-02
time: 2.662499e-02
time: 2.730445e-02
time: 2.798391e-02
time: 2.866337e-02
time: 2.934283e-02
time: 3.016269e-02
time: 3.098256e-02
time: 3.180242e-02
time: 3.262229e-02
time: 3.344216e-02
time: 3.426202e-02
time: 3.426202e-02
time: 3.508189e-02
time: 3.508189e-02
time: 3.508189e-02
time: 3.590175e-02
time: 3.590175e-02
time: 3.672162e-02
time: 3.672162e-02
time: 3.754149e-02
time: 3.836135e-02
time: 3.836135e-02
time: 3.918122e-02
time: 4.024879e-02
time: 4.024879e-02
time: 4.131636e-02
time: 4.131636e-02
time: 4.238393e-02
time: 4.238393e-02
time: 4.345150e-02
time: 4.345150e-02
time: 4.345150e-02
time: 4.451906e-02
time: 4.451906e-02
time: 4.558663e-02
time: 4.558663e-02
time: 4.558663e-02
time: 4.558663e-02
time: 4.558663e-02
time: 4.478596e-02
time: 4.478596e-02
time: 4.478596e-02
time: 4.478596e-02
time: 4.478596e-02
time: 4.478596e-02
time: 4.478596e-02
time: 4.478596e-02
time: 4.478596e-02
time: 4.478596e-02
time: 4.478596e-02
time: 4.478596e-02
time: 4.478596e-02
time: 4.478596e-02
time: 4.478596e-02
time: 4.478596e-02
time: 4.478596e-02
time: 4.478596e-02
time: 4.478596e-02
time: 4.478596e-02
time: 4.478596e-02
time: 4.478596e-02
time: 4.478596e-02
time: 4.478596e-02
time: 4.478596e-02
time: 4.478596e-02
time: 4.478596e-02
time: 4.478596e-02
time: 4.478596e-02
time: 4.478596e-02
time: 4.478596e-02
time: 4.478596e-02
time: 4.478596e-02
time: 4.478596e-02
time: 4.478596e-02
time: 4.478596e-02
time: 4.478596e-02
time: 4.478596e-02
time: 4.478596e-02
time: 4.478596e-02
time: 4.478596e-02
time: 4.478596e-02
time: 4.478596e-02
time: 4.478596e-02
time: 4.478596e-02
time: 4.478596e-02
time: 4.478596e-02
time: 4.478596e-02
time: 4.478596e-02
time: 4.478596e-02
time: 4.478596e-02
time: 4.478596e-02
time: 4.478596e-02
time: 4.478596e-02
time: 4.478596e-02
time: 4.505285e-02
time: 4.531974e-02
time: 4.558663e-02
time: 4.585353e-02
time: 4.638731e-02
time: 4.692110e-02
time: 4.745488e-02
time: 4.798866e-02
time: 4.852245e-02
time: 4.959002e-02
time: 5.065759e-02
time: 5.172516e-02
time: 5.279273e-02
time: 5.386030e-02
time: 5.532652e-02
time: 5.679274e-02
time: 5.825896e-02
time: 5.972518e-02
time: 6.119140e-02
time: 6.265762e-02
time: 6.412384e-02
time: 6.559006e-02
time: 6.737439e-02
time: 6.915871e-02
time: 7.094304e-02
time: 7.272736e-02
time: 7.451169e-02
time: 7.629602e-02
time: 7.808034e-02
time: 7.986467e-02
time: 8.164899e-02
time: 8.343332e-02
time: 8.521764e-02
time: 8.700197e-02
time: 8.700197e-02
time: 8.878630e-02
time: 9.057062e-02
time: 9.057062e-02
time: 9.235495e-02
time: 9.235495e-02
time: 9.413927e-02
time: 9.638480e-02
time: 9.863033e-02
time: 1.008759e-01
time: 1.031214e-01
time: 1.053669e-01
time: 1.076124e-01
time: 1.076124e-01
time: 1.098580e-01
time: 1.098580e-01
time: 1.126105e-01
time: 1.126105e-01
time: 1.153630e-01
time: 1.181155e-01
time: 1.208681e-01
time: 1.208681e-01
time: 1.236206e-01
time: 1.236206e-01
time: 1.269350e-01
time: 1.269350e-01
time: 1.269350e-01
time: 1.302494e-01
time: 1.302494e-01
time: 1.335637e-01
time: 1.335637e-01
time: 1.368781e-01
time: 1.368781e-01
time: 1.401925e-01
time: 1.435069e-01
time: 1.435069e-01
time: 1.468213e-01
time: 1.468213e-01
time: 1.501357e-01
time: 1.501357e-01
time: 1.534500e-01
time: 1.567644e-01
time: 1.567644e-01
time: 1.567644e-01
time: 1.600788e-01
time: 1.600788e-01
time: 1.600788e-01
time: 1.600788e-01
time: 1.633932e-01
time: 1.633932e-01
time: 1.633932e-01
time: 1.667076e-01
time: 1.667076e-01
time: 1.700219e-01
time: 1.700219e-01
time: 1.733363e-01
time: 1.766507e-01
time: 1.766507e-01
time: 1.799651e-01
time: 1.832795e-01
time: 1.832795e-01
time: 1.865939e-01
time: 1.906642e-01
time: 1.906642e-01
time: 1.906642e-01
time: 1.947345e-01
time: 1.947345e-01
time: 1.947345e-01
time: 1.988048e-01
time: 1.988048e-01
time: 1.988048e-01
time: 1.988048e-01
time: 2.028751e-01
time: 2.028751e-01
time: 2.028751e-01
time: 2.069455e-01
time: 2.069455e-01
time: 2.110158e-01
time: 2.150861e-01
time: 2.150861e-01
time: 2.191564e-01
time: 2.242348e-01
time: 2.242348e-01
time: 2.293131e-01
time: 2.293131e-01
time: 2.343914e-01
time: 2.343914e-01
time: 2.394698e-01
time: 2.394698e-01
time: 2.445481e-01
time: 2.445481e-01
time: 2.496264e-01
time: 2.547048e-01
time: 2.547048e-01
time: 2.547048e-01
time: 2.597831e-01
time: 2.597831e-01
time: 2.597831e-01
time: 2.648614e-01
time: 2.648614e-01
time: 2.648614e-01
time: 2.699398e-01
time: 2.699398e-01
time: 2.699398e-01
time: 2.750181e-01
time: 2.750181e-01
time: 2.750181e-01
time: 2.800964e-01
time: 2.800964e-01
time: 2.800964e-01
time: 2.851748e-01
time: 2.851748e-01
time: 2.851748e-01
time: 2.902531e-01
time: 2.902531e-01
time: 2.902531e-01
time: 2.953314e-01
time: 2.953314e-01
time: 2.953314e-01
time: 3.004098e-01
time: 3.004098e-01
time: 3.004098e-01
time: 3.054881e-01
time: 3.054881e-01
time: 3.054881e-01
time: 3.105664e-01
time: 3.105664e-01
time: 3.156448e-01
time: 3.156448e-01
time: 3.207231e-01
time: 3.207231e-01
time: 3.258014e-01
time: 3.258014e-01
time: 3.258014e-01
time: 3.308798e-01
time: 3.308798e-01
time: 3.308798e-01
time: 3.359581e-01
time: 3.359581e-01
time: 3.359581e-01
time: 3.359581e-01
time: 3.334189e-01
time: 3.334189e-01
time: 3.359581e-01
time: 3.384973e-01
time: 3.384973e-01
time: 3.384973e-01
time: 3.384973e-01
time: 3.372277e-01
time: 3.384973e-01
time: 3.384973e-01
time: 3.397668e-01
time: 3.397668e-01
time: 3.410364e-01
time: 3.410364e-01
time: 3.410364e-01
time: 3.410364e-01
time: 3.404016e-01
time: 3.404016e-01
time: 3.410364e-01
time: 3.416712e-01
time: 3.416712e-01
time: 3.416712e-01
time: 3.416712e-01
time: 3.416712e-01
time: 3.411951e-01
time: 3.411951e-01
time: 3.411951e-01
time: 3.411951e-01
time: 3.411951e-01
time: 3.411951e-01
time: 3.411951e-01
time: 3.411951e-01
time: 3.411951e-01
time: 3.411951e-01
time: 3.411951e-01
time: 3.411951e-01
time: 3.411951e-01
time: 3.411951e-01
time: 3.411951e-01
time: 3.411951e-01
time: 3.411951e-01
time: 3.411951e-01
time: 3.411951e-01
time: 3.411951e-01
time: 3.411951e-01
time: 3.411951e-01
time: 3.411951e-01
time: 3.411951e-01
time: 3.411951e-01
time: 3.411951e-01
time: 3.411951e-01
time: 3.411951e-01
time: 3.411951e-01
time: 3.411951e-01
time: 3.411951e-01
time: 3.411951e-01
time: 3.411951e-01
time: 3.411951e-01
time: 3.411951e-01
time: 3.411951e-01
time: 3.411951e-01
time: 3.411951e-01
time: 3.411951e-01
time: 3.411951e-01
time: 3.411951e-01
time: 3.411951e-01
time: 3.411951e-01
time: 3.411951e-01
time: 3.411951e-01
time: 3.411951e-01
time: 3.411951e-01
time: 3.411951e-01
time: 3.411951e-01
time: 3.411951e-01
time: 3.411951e-01
time: 3.411951e-01
time: 3.411951e-01
time: 3.411951e-01
time: 3.411951e-01
time: 3.411951e-01
time: 3.413538e-01
time: 3.413538e-01
time: 3.412745e-01
time: 3.412745e-01
time: 3.413538e-01
time: 3.414332e-01
time: 3.415125e-01
time: 3.416712e-01
time: 3.418299e-01
time: 3.419886e-01
time: 3.423060e-01
time: 3.426234e-01
time: 3.429408e-01
time: 3.432582e-01
time: 3.438930e-01
time: 3.445278e-01
time: 3.451626e-01
time: 3.457974e-01
time: 3.470669e-01
time: 3.483365e-01
time: 3.496061e-01
time: 3.508757e-01
time: 3.534149e-01
time: 3.559540e-01
time: 3.584932e-01
time: 3.610324e-01
time: 3.661107e-01
time: 3.711890e-01
time: 3.762674e-01
time: 3.813457e-01
time: 3.864240e-01
time: 3.965807e-01
time: 4.067374e-01
time: 4.168940e-01
time: 4.270507e-01
time: 4.372074e-01
time: 4.497806e-01
time: 4.623539e-01
time: 4.749271e-01
time: 4.875004e-01
time: 5.000736e-01
time: 5.126469e-01
time: 5.252201e-01
time: 5.377934e-01
time: 5.503666e-01
time: 5.629399e-01
time: 5.755131e-01
time: 5.880864e-01
time: 5.880864e-01
time: 6.006596e-01
time: 6.006596e-01
time: 6.132329e-01
time: 6.258061e-01
time: 6.258061e-01
time: 6.383794e-01
time: 6.383794e-01
time: 6.509526e-01
time: 6.635259e-01
time: 6.635259e-01
time: 6.760991e-01
time: 6.760991e-01
time: 6.886724e-01
time: 7.012457e-01
time: 7.012457e-01
time: 7.138189e-01
time: 7.138189e-01
time: 7.263922e-01
time: 7.389654e-01
time: 7.389654e-01
time: 7.515387e-01
time: 7.515387e-01
time: 7.641119e-01
time: 7.641119e-01
time: 7.766852e-01
time: 7.892584e-01
time: 7.892584e-01
time: 8.018317e-01
time: 8.018317e-01
time: 8.144049e-01
time: 8.144049e-01
time: 8.269782e-01
time: 8.269782e-01
time: 8.395514e-01
time: 8.395514e-01
time: 8.521247e-01
time: 8.521247e-01
time: 8.646979e-01
time: 8.646979e-01
time: 8.646979e-01
time: 8.772712e-01
time: 8.772712e-01
time: 8.772712e-01
time: 8.709846e-01
time: 8.709846e-01
time: 8.772712e-01
time: 8.835578e-01
time: 8.898444e-01
time: 8.961311e-01
time: 8.961311e-01
time: 9.024177e-01
time: 9.024177e-01
time: 9.087043e-01
time: 9.149909e-01
time: 9.149909e-01
time: 9.212776e-01
time: 9.275642e-01
time: 9.275642e-01
time: 9.338508e-01
time: 9.338508e-01
time: 9.401374e-01
time: 9.401374e-01
time: 9.464241e-01
time: 9.527107e-01
time: 9.527107e-01
time: 9.589973e-01
time: 9.652840e-01
time: 9.652840e-01
time: 9.715706e-01
time: 9.715706e-01
time: 9.778572e-01
time: 9.778572e-01
time: 9.841438e-01
time: 9.841438e-01
time: 9.904305e-01
time: 9.904305e-01
time: 9.967171e-01
time: 9.967171e-01
time: 1.000000e+00
time: 1.000000e+00
Number of steps: 537, current time 1.000000

==== Status of problem ====

Parser configured
Database configured
Mixture configured
Solution configured
Solver configured
Problem solved

==== END of Status ====

ULF run took 16.79 s

==== ULF END ====
