# RUNNING VERSION '1.07-1'
+==========================================================================================================+
|                                                                                                          |
|                                                                                              #           |
|                                                                                             ##           |
|                                                                                            ###           |
|                                                                                          ####            |
|                                                          TU Freiberg                    ######           |
|                                                          Chair of Numerical            #### ##           |
|                                                          Thermo-Fluid-Dynamics         ########          |
|        Universal Laminar Flame Solver                                                  #### #####        |
|                                                                                          ##########      |
|                                                                                                #####     |
|                            ###    ##########             ####  ################################# ###     |
|                           ####  ####                    #####     ####   ####          ######### ###     |
|                          ####  ####                    ######     ###   ###                  ### ###     |
|         ####      ####  ################              ###  ###   ###   #########   ###       ### ##      |
|        ####      ####  ################              ###   ###  ###   ########    ###       ### ###      |
|       ####       ###  #### ####                     ###    ### ###   ###         ##       ### ###        |
|       #####   #####  #### ####                     ###      #####   ###         ###    ##### ###         |
|        ##########   ####  ###                     ###       #############      ########## #####          |
|                                                        #######################################           |
|                                                      ###               #####################             |
|                                                                             ############                 |
|                                                                                                          |
+==========================================================================================================+
                                                                                                            
ULF run at Tue Sep 15 21:29:02 2015



==== Status of problem ====

Parser configured
Database configured
Mixture configured
Solution configured
Solver configured
Problem NOT solved

==== END of Status ====
time: 0.000000e+00
time: 8.906009e-09
time: 8.906009e-09
time: 8.906009e-09
time: 8.906009e-09
time: 8.906009e-09
time: 8.906009e-09
time: 8.906009e-09
time: 8.906009e-09
time: 8.906009e-09
time: 8.906009e-09
time: 8.906009e-09
time: 8.906009e-09
time: 8.906009e-09
time: 8.906009e-09
time: 8.906009e-09
time: 8.906009e-09
time: 8.906009e-09
time: 8.906009e-09
time: 8.906009e-09
time: 8.906009e-09
time: 8.906009e-09
time: 8.906009e-09
time: 8.906009e-09
time: 8.906009e-09
time: 8.906009e-09
time: 8.906009e-09
time: 8.906009e-09
time: 8.906009e-09
time: 8.906009e-09
time: 8.906009e-09
time: 8.906009e-09
time: 8.906009e-09
time: 8.906009e-09
time: 8.906009e-09
time: 8.906009e-09
time: 8.906009e-09
time: 8.906009e-09
time: 8.906009e-09
time: 8.906009e-09
time: 8.906009e-09
time: 8.906009e-09
time: 8.906009e-09
time: 8.906009e-09
time: 8.906009e-09
time: 8.906009e-09
time: 8.906009e-09
time: 8.906009e-09
time: 8.906009e-09
time: 8.906009e-09
time: 8.906009e-09
time: 8.906009e-09
time: 8.906009e-09
time: 8.906009e-09
time: 8.906009e-09
time: 8.906009e-09
time: 1.781202e-08
time: 2.671803e-08
time: 8.589029e-08
time: 1.450626e-07
time: 2.042348e-07
time: 3.139433e-07
time: 4.236518e-07
time: 5.333603e-07
time: 7.157622e-07
time: 8.981642e-07
time: 1.080566e-06
time: 1.359430e-06
time: 1.638294e-06
time: 1.917158e-06
time: 2.323859e-06
time: 2.730559e-06
time: 3.137259e-06
time: 3.717700e-06
time: 4.298140e-06
time: 4.878580e-06
time: 5.706288e-06
time: 6.533996e-06
time: 7.361704e-06
time: 8.610143e-06
time: 9.858582e-06
time: 1.110702e-05
time: 1.326176e-05
time: 1.541649e-05
time: 1.757123e-05
time: 2.188069e-05
time: 2.619016e-05
time: 3.049963e-05
time: 3.911857e-05
time: 4.773751e-05
time: 5.635645e-05
time: 6.497539e-05
time: 7.812623e-05
time: 9.127708e-05
time: 9.127708e-05
time: 1.044279e-04
time: 1.044279e-04
time: 1.175788e-04
time: 1.403897e-04
time: 1.403897e-04
time: 1.632005e-04
time: 1.632005e-04
time: 1.860114e-04
time: 1.860114e-04
time: 2.088223e-04
time: 2.088223e-04
time: 2.316332e-04
time: 2.544441e-04
time: 2.772549e-04
time: 2.772549e-04
time: 3.061808e-04
time: 3.061808e-04
time: 3.061808e-04
time: 3.061808e-04
time: 3.061808e-04
time: 2.844864e-04
time: 2.844864e-04
time: 2.844864e-04
time: 2.844864e-04
time: 2.844864e-04
time: 2.844864e-04
time: 2.844864e-04
time: 2.844864e-04
time: 2.844864e-04
time: 2.844864e-04
time: 2.844864e-04
time: 2.844864e-04
time: 2.844864e-04
time: 2.844864e-04
time: 2.844864e-04
time: 2.844864e-04
time: 2.844864e-04
time: 2.844864e-04
time: 2.844864e-04
time: 2.844864e-04
time: 2.844864e-04
time: 2.844864e-04
time: 2.844864e-04
time: 2.844864e-04
time: 2.844864e-04
time: 2.844864e-04
time: 2.844864e-04
time: 2.844864e-04
time: 2.844864e-04
time: 2.844864e-04
time: 2.844864e-04
time: 2.844864e-04
time: 2.844864e-04
time: 2.844864e-04
time: 2.844864e-04
time: 2.844864e-04
time: 2.844864e-04
time: 2.844864e-04
time: 2.844864e-04
time: 2.844864e-04
time: 2.844864e-04
time: 2.844864e-04
time: 2.844864e-04
time: 2.844864e-04
time: 2.844864e-04
time: 2.844864e-04
time: 2.844864e-04
time: 2.844864e-04
time: 2.844864e-04
time: 2.844864e-04
time: 2.844864e-04
time: 2.844864e-04
time: 2.844864e-04
time: 2.844864e-04
time: 2.844864e-04
time: 2.917179e-04
time: 2.989493e-04
time: 3.061808e-04
time: 3.134122e-04
time: 3.278751e-04
time: 3.423380e-04
time: 3.568009e-04
time: 3.712638e-04
time: 3.857267e-04
time: 4.113882e-04
time: 4.370497e-04
time: 4.627112e-04
time: 4.627112e-04
time: 4.883727e-04
time: 4.883727e-04
time: 5.140342e-04
time: 5.140342e-04
time: 5.396957e-04
time: 5.396957e-04
time: 5.653572e-04
time: 5.653572e-04
time: 6.054862e-04
time: 6.054862e-04
time: 6.456152e-04
time: 6.857441e-04
time: 6.857441e-04
time: 7.258731e-04
time: 7.258731e-04
time: 7.660020e-04
time: 7.660020e-04
time: 8.061310e-04
time: 8.061310e-04
time: 8.462599e-04
time: 8.462599e-04
time: 8.462599e-04
time: 8.462599e-04
time: 8.462599e-04
time: 8.161632e-04
time: 8.161632e-04
time: 8.161632e-04
time: 8.161632e-04
time: 8.161632e-04
time: 8.161632e-04
time: 8.161632e-04
time: 8.161632e-04
time: 8.161632e-04
time: 8.161632e-04
time: 8.161632e-04
time: 8.161632e-04
time: 8.161632e-04
time: 8.161632e-04
time: 8.161632e-04
time: 8.161632e-04
time: 8.161632e-04
time: 8.161632e-04
time: 8.161632e-04
time: 8.161632e-04
time: 8.161632e-04
time: 8.161632e-04
time: 8.161632e-04
time: 8.161632e-04
time: 8.161632e-04
time: 8.161632e-04
time: 8.161632e-04
time: 8.161632e-04
time: 8.161632e-04
time: 8.161632e-04
time: 8.161632e-04
time: 8.161632e-04
time: 8.161632e-04
time: 8.161632e-04
time: 8.161632e-04
time: 8.161632e-04
time: 8.161632e-04
time: 8.161632e-04
time: 8.161632e-04
time: 8.161632e-04
time: 8.161632e-04
time: 8.161632e-04
time: 8.161632e-04
time: 8.161632e-04
time: 8.161632e-04
time: 8.161632e-04
time: 8.161632e-04
time: 8.161632e-04
time: 8.161632e-04
time: 8.161632e-04
time: 8.161632e-04
time: 8.161632e-04
time: 8.161632e-04
time: 8.161632e-04
time: 8.161632e-04
time: 8.261955e-04
time: 8.362277e-04
time: 8.462599e-04
time: 8.562922e-04
time: 8.663244e-04
time: 8.863889e-04
time: 9.064534e-04
time: 9.265178e-04
time: 9.465823e-04
time: 9.666468e-04
time: 1.001023e-03
time: 1.035398e-03
time: 1.069774e-03
time: 1.104150e-03
time: 1.138526e-03
time: 1.186706e-03
time: 1.186706e-03
time: 1.234886e-03
time: 1.234886e-03
time: 1.283066e-03
time: 1.283066e-03
time: 1.331246e-03
time: 1.331246e-03
time: 1.379426e-03
time: 1.427606e-03
time: 1.489074e-03
time: 1.489074e-03
time: 1.550541e-03
time: 1.550541e-03
time: 1.612009e-03
time: 1.612009e-03
time: 1.673476e-03
time: 1.734943e-03
time: 1.734943e-03
time: 1.796411e-03
time: 1.857878e-03
time: 1.857878e-03
time: 1.919346e-03
time: 1.980813e-03
time: 1.980813e-03
time: 1.980813e-03
time: 1.980813e-03
time: 2.042280e-03
time: 2.042280e-03
time: 2.042280e-03
time: 2.103748e-03
time: 2.165215e-03
time: 2.165215e-03
time: 2.165215e-03
time: 2.165215e-03
time: 2.226683e-03
time: 2.226683e-03
time: 2.226683e-03
time: 2.226683e-03
time: 2.226683e-03
time: 2.180582e-03
time: 2.180582e-03
time: 2.180582e-03
time: 2.180582e-03
time: 2.180582e-03
time: 2.180582e-03
time: 2.180582e-03
time: 2.180582e-03
time: 2.180582e-03
time: 2.180582e-03
time: 2.180582e-03
time: 2.180582e-03
time: 2.180582e-03
time: 2.180582e-03
time: 2.180582e-03
time: 2.180582e-03
time: 2.180582e-03
time: 2.180582e-03
time: 2.180582e-03
time: 2.180582e-03
time: 2.180582e-03
time: 2.180582e-03
time: 2.180582e-03
time: 2.180582e-03
time: 2.180582e-03
time: 2.180582e-03
time: 2.180582e-03
time: 2.180582e-03
time: 2.180582e-03
time: 2.180582e-03
time: 2.180582e-03
time: 2.180582e-03
time: 2.180582e-03
time: 2.180582e-03
time: 2.180582e-03
time: 2.180582e-03
time: 2.180582e-03
time: 2.180582e-03
time: 2.180582e-03
time: 2.180582e-03
time: 2.180582e-03
time: 2.180582e-03
time: 2.180582e-03
time: 2.180582e-03
time: 2.180582e-03
time: 2.180582e-03
time: 2.180582e-03
time: 2.180582e-03
time: 2.180582e-03
time: 2.180582e-03
time: 2.180582e-03
time: 2.180582e-03
time: 2.180582e-03
time: 2.180582e-03
time: 2.180582e-03
time: 2.195949e-03
time: 2.211316e-03
time: 2.226683e-03
time: 2.242050e-03
time: 2.272783e-03
time: 2.303517e-03
time: 2.334251e-03
time: 2.364984e-03
time: 2.426452e-03
time: 2.426452e-03
time: 2.487919e-03
time: 2.549387e-03
time: 2.549387e-03
time: 2.610854e-03
time: 2.672321e-03
time: 2.748473e-03
time: 2.748473e-03
time: 2.824625e-03
time: 2.824625e-03
time: 2.900776e-03
time: 2.900776e-03
time: 2.976928e-03
time: 2.976928e-03
time: 3.053080e-03
time: 3.053080e-03
time: 3.129231e-03
time: 3.129231e-03
time: 3.205383e-03
time: 3.205383e-03
time: 3.281535e-03
time: 3.281535e-03
time: 3.357686e-03
time: 3.357686e-03
time: 3.433838e-03
time: 3.509990e-03
time: 3.509990e-03
time: 3.509990e-03
time: 3.509990e-03
time: 3.509990e-03
time: 3.452876e-03
time: 3.452876e-03
time: 3.452876e-03
time: 3.452876e-03
time: 3.452876e-03
time: 3.452876e-03
time: 3.452876e-03
time: 3.452876e-03
time: 3.452876e-03
time: 3.452876e-03
time: 3.452876e-03
time: 3.452876e-03
time: 3.452876e-03
time: 3.452876e-03
time: 3.452876e-03
time: 3.452876e-03
time: 3.452876e-03
time: 3.452876e-03
time: 3.452876e-03
time: 3.452876e-03
time: 3.452876e-03
time: 3.452876e-03
time: 3.452876e-03
time: 3.452876e-03
time: 3.452876e-03
time: 3.452876e-03
time: 3.452876e-03
time: 3.452876e-03
time: 3.452876e-03
time: 3.452876e-03
time: 3.452876e-03
time: 3.452876e-03
time: 3.452876e-03
time: 3.452876e-03
time: 3.452876e-03
time: 3.452876e-03
time: 3.452876e-03
time: 3.452876e-03
time: 3.452876e-03
time: 3.452876e-03
time: 3.452876e-03
time: 3.452876e-03
time: 3.452876e-03
time: 3.452876e-03
time: 3.452876e-03
time: 3.452876e-03
time: 3.452876e-03
time: 3.452876e-03
time: 3.452876e-03
time: 3.452876e-03
time: 3.452876e-03
time: 3.452876e-03
time: 3.452876e-03
time: 3.452876e-03
time: 3.452876e-03
time: 3.471914e-03
time: 3.490952e-03
time: 3.509990e-03
time: 3.529028e-03
time: 3.567103e-03
time: 3.605179e-03
time: 3.643255e-03
time: 3.681331e-03
time: 3.757483e-03
time: 3.757483e-03
time: 3.833634e-03
time: 3.833634e-03
time: 3.909786e-03
time: 3.909786e-03
time: 3.985938e-03
time: 3.985938e-03
time: 4.062089e-03
time: 4.138241e-03
time: 4.248192e-03
time: 4.248192e-03
time: 4.358143e-03
time: 4.358143e-03
time: 4.468094e-03
time: 4.468094e-03
time: 4.578045e-03
time: 4.687996e-03
time: 4.797947e-03
time: 4.797947e-03
time: 4.907898e-03
time: 4.907898e-03
time: 5.017849e-03
time: 5.017849e-03
time: 5.127800e-03
time: 5.127800e-03
time: 5.237751e-03
time: 5.237751e-03
time: 5.347702e-03
time: 5.347702e-03
time: 5.457653e-03
time: 5.457653e-03
time: 5.567604e-03
time: 5.567604e-03
time: 5.567604e-03
time: 5.677555e-03
time: 5.677555e-03
time: 5.677555e-03
time: 5.677555e-03
time: 5.677555e-03
time: 5.595092e-03
time: 5.595092e-03
time: 5.595092e-03
time: 5.595092e-03
time: 5.595092e-03
time: 5.595092e-03
time: 5.595092e-03
time: 5.595092e-03
time: 5.595092e-03
time: 5.595092e-03
time: 5.595092e-03
time: 5.595092e-03
time: 5.595092e-03
time: 5.595092e-03
time: 5.595092e-03
time: 5.595092e-03
time: 5.595092e-03
time: 5.595092e-03
time: 5.595092e-03
time: 5.595092e-03
time: 5.595092e-03
time: 5.595092e-03
time: 5.595092e-03
time: 5.595092e-03
time: 5.595092e-03
time: 5.595092e-03
time: 5.595092e-03
time: 5.595092e-03
time: 5.595092e-03
time: 5.595092e-03
time: 5.595092e-03
time: 5.595092e-03
time: 5.595092e-03
time: 5.595092e-03
time: 5.595092e-03
time: 5.595092e-03
time: 5.595092e-03
time: 5.595092e-03
time: 5.595092e-03
time: 5.595092e-03
time: 5.595092e-03
time: 5.595092e-03
time: 5.595092e-03
time: 5.595092e-03
time: 5.595092e-03
time: 5.595092e-03
time: 5.595092e-03
time: 5.595092e-03
time: 5.595092e-03
time: 5.595092e-03
time: 5.595092e-03
time: 5.595092e-03
time: 5.595092e-03
time: 5.595092e-03
time: 5.595092e-03
time: 5.595092e-03
time: 5.622579e-03
time: 5.622579e-03
time: 5.650067e-03
time: 5.650067e-03
time: 5.677555e-03
time: 5.677555e-03
time: 5.732530e-03
time: 5.787506e-03
time: 5.842481e-03
time: 5.897457e-03
time: 6.007408e-03
time: 6.117359e-03
time: 6.227310e-03
time: 6.337261e-03
time: 6.557163e-03
time: 6.557163e-03
time: 6.777065e-03
time: 6.996967e-03
time: 7.216869e-03
time: 7.436771e-03
time: 7.727169e-03
time: 8.017568e-03
time: 8.307966e-03
time: 8.598365e-03
time: 8.598365e-03
time: 8.888763e-03
time: 9.179162e-03
time: 9.179162e-03
time: 9.469560e-03
time: 9.759959e-03
time: 9.759959e-03
time: 1.011508e-02
time: 1.011508e-02
time: 1.047020e-02
time: 1.047020e-02
time: 1.047020e-02
time: 1.082532e-02
time: 1.082532e-02
time: 1.082532e-02
time: 1.118044e-02
time: 1.118044e-02
time: 1.118044e-02
time: 1.118044e-02
time: 1.118044e-02
time: 1.091410e-02
time: 1.091410e-02
time: 1.091410e-02
time: 1.091410e-02
time: 1.091410e-02
time: 1.091410e-02
time: 1.091410e-02
time: 1.091410e-02
time: 1.091410e-02
time: 1.091410e-02
time: 1.091410e-02
time: 1.091410e-02
time: 1.091410e-02
time: 1.091410e-02
time: 1.091410e-02
time: 1.091410e-02
time: 1.091410e-02
time: 1.091410e-02
time: 1.091410e-02
time: 1.091410e-02
time: 1.091410e-02
time: 1.091410e-02
time: 1.091410e-02
time: 1.091410e-02
time: 1.091410e-02
time: 1.091410e-02
time: 1.091410e-02
time: 1.091410e-02
time: 1.091410e-02
time: 1.091410e-02
time: 1.091410e-02
time: 1.091410e-02
time: 1.091410e-02
time: 1.091410e-02
time: 1.091410e-02
time: 1.091410e-02
time: 1.091410e-02
time: 1.091410e-02
time: 1.091410e-02
time: 1.091410e-02
time: 1.091410e-02
time: 1.091410e-02
time: 1.091410e-02
time: 1.091410e-02
time: 1.091410e-02
time: 1.091410e-02
time: 1.091410e-02
time: 1.091410e-02
time: 1.091410e-02
time: 1.091410e-02
time: 1.091410e-02
time: 1.091410e-02
time: 1.091410e-02
time: 1.091410e-02
time: 1.091410e-02
time: 1.100288e-02
time: 1.109166e-02
time: 1.118044e-02
time: 1.126922e-02
time: 1.144678e-02
time: 1.162434e-02
time: 1.180190e-02
time: 1.197946e-02
time: 1.233458e-02
time: 1.233458e-02
time: 1.268970e-02
time: 1.304482e-02
time: 1.339994e-02
time: 1.375505e-02
time: 1.425565e-02
time: 1.475624e-02
time: 1.525684e-02
time: 1.575743e-02
time: 1.625802e-02
time: 1.686806e-02
time: 1.747809e-02
time: 1.808812e-02
time: 1.808812e-02
time: 1.869816e-02
time: 1.930819e-02
time: 1.991822e-02
time: 1.991822e-02
time: 1.991822e-02
time: 2.052826e-02
time: 2.052826e-02
time: 2.052826e-02
time: 2.052826e-02
time: 2.052826e-02
time: 2.007073e-02
time: 2.007073e-02
time: 2.007073e-02
time: 2.007073e-02
time: 2.007073e-02
time: 2.007073e-02
time: 2.007073e-02
time: 2.007073e-02
time: 2.007073e-02
time: 2.007073e-02
time: 2.007073e-02
time: 2.007073e-02
time: 2.007073e-02
time: 2.007073e-02
time: 2.007073e-02
time: 2.007073e-02
time: 2.007073e-02
time: 2.007073e-02
time: 2.007073e-02
time: 2.007073e-02
time: 2.007073e-02
time: 2.007073e-02
time: 2.007073e-02
time: 2.007073e-02
time: 2.007073e-02
time: 2.007073e-02
time: 2.007073e-02
time: 2.007073e-02
time: 2.007073e-02
time: 2.007073e-02
time: 2.007073e-02
time: 2.007073e-02
time: 2.007073e-02
time: 2.007073e-02
time: 2.007073e-02
time: 2.007073e-02
time: 2.007073e-02
time: 2.007073e-02
time: 2.007073e-02
time: 2.007073e-02
time: 2.007073e-02
time: 2.007073e-02
time: 2.007073e-02
time: 2.007073e-02
time: 2.007073e-02
time: 2.007073e-02
time: 2.007073e-02
time: 2.007073e-02
time: 2.007073e-02
time: 2.007073e-02
time: 2.007073e-02
time: 2.007073e-02
time: 2.007073e-02
time: 2.007073e-02
time: 2.007073e-02
time: 2.022324e-02
time: 2.037575e-02
time: 2.052826e-02
time: 2.068077e-02
time: 2.098578e-02
time: 2.129080e-02
time: 2.159582e-02
time: 2.190083e-02
time: 2.251087e-02
time: 2.251087e-02
time: 2.312090e-02
time: 2.373093e-02
time: 2.434097e-02
time: 2.495100e-02
time: 2.585045e-02
time: 2.674989e-02
time: 2.674989e-02
time: 2.764933e-02
time: 2.764933e-02
time: 2.854878e-02
time: 2.854878e-02
time: 2.944822e-02
time: 2.944822e-02
time: 3.034767e-02
time: 3.034767e-02
time: 3.034767e-02
time: 3.034767e-02
time: 3.124711e-02
time: 3.214656e-02
time: 3.214656e-02
time: 3.214656e-02
time: 3.214656e-02
time: 3.304600e-02
time: 3.304600e-02
time: 3.394545e-02
time: 3.394545e-02
time: 3.394545e-02
time: 3.394545e-02
time: 3.394545e-02
time: 3.327086e-02
time: 3.327086e-02
time: 3.327086e-02
time: 3.327086e-02
time: 3.327086e-02
time: 3.327086e-02
time: 3.327086e-02
time: 3.327086e-02
time: 3.327086e-02
time: 3.327086e-02
time: 3.327086e-02
time: 3.327086e-02
time: 3.327086e-02
time: 3.327086e-02
time: 3.327086e-02
time: 3.327086e-02
time: 3.327086e-02
time: 3.327086e-02
time: 3.327086e-02
time: 3.327086e-02
time: 3.327086e-02
time: 3.327086e-02
time: 3.327086e-02
time: 3.327086e-02
time: 3.327086e-02
time: 3.327086e-02
time: 3.327086e-02
time: 3.327086e-02
time: 3.327086e-02
time: 3.327086e-02
time: 3.327086e-02
time: 3.327086e-02
time: 3.327086e-02
time: 3.327086e-02
time: 3.327086e-02
time: 3.327086e-02
time: 3.327086e-02
time: 3.327086e-02
time: 3.327086e-02
time: 3.327086e-02
time: 3.327086e-02
time: 3.327086e-02
time: 3.327086e-02
time: 3.327086e-02
time: 3.327086e-02
time: 3.327086e-02
time: 3.327086e-02
time: 3.327086e-02
time: 3.327086e-02
time: 3.327086e-02
time: 3.327086e-02
time: 3.327086e-02
time: 3.327086e-02
time: 3.327086e-02
time: 3.327086e-02
time: 3.349573e-02
time: 3.372059e-02
time: 3.394545e-02
time: 3.417031e-02
time: 3.462003e-02
time: 3.506975e-02
time: 3.551948e-02
time: 3.596920e-02
time: 3.686864e-02
time: 3.776809e-02
time: 3.866753e-02
time: 3.956698e-02
time: 4.046642e-02
time: 4.169265e-02
time: 4.291888e-02
time: 4.414511e-02
time: 4.537134e-02
time: 4.537134e-02
time: 4.659757e-02
time: 4.782380e-02
time: 4.940345e-02
time: 4.940345e-02
time: 5.098309e-02
time: 5.098309e-02
time: 5.256274e-02
time: 5.414239e-02
time: 5.414239e-02
time: 5.572203e-02
time: 5.572203e-02
time: 5.730168e-02
time: 5.730168e-02
time: 5.888133e-02
time: 6.046097e-02
time: 6.204062e-02
time: 6.204062e-02
time: 6.362027e-02
time: 6.519992e-02
time: 6.713366e-02
time: 6.713366e-02
time: 6.906740e-02
time: 6.906740e-02
time: 7.100115e-02
time: 7.100115e-02
time: 7.100115e-02
time: 7.293489e-02
time: 7.293489e-02
time: 7.293489e-02
time: 7.293489e-02
time: 7.486863e-02
time: 7.486863e-02
time: 7.680237e-02
time: 7.680237e-02
time: 7.680237e-02
time: 7.873612e-02
time: 7.873612e-02
time: 7.873612e-02
time: 7.873612e-02
time: 8.066986e-02
time: 8.066986e-02
time: 8.260360e-02
time: 8.260360e-02
time: 8.260360e-02
time: 8.260360e-02
time: 8.453735e-02
time: 8.453735e-02
time: 8.453735e-02
time: 8.453735e-02
time: 8.647109e-02
time: 8.647109e-02
time: 8.647109e-02
time: 8.840483e-02
time: 8.840483e-02
time: 8.840483e-02
time: 8.840483e-02
time: 8.840483e-02
time: 8.695453e-02
time: 8.695453e-02
time: 8.695453e-02
time: 8.695453e-02
time: 8.695453e-02
time: 8.695453e-02
time: 8.695453e-02
time: 8.695453e-02
time: 8.695453e-02
time: 8.695453e-02
time: 8.695453e-02
time: 8.695453e-02
time: 8.695453e-02
time: 8.695453e-02
time: 8.695453e-02
time: 8.695453e-02
time: 8.695453e-02
time: 8.695453e-02
time: 8.695453e-02
time: 8.695453e-02
time: 8.695453e-02
time: 8.695453e-02
time: 8.695453e-02
time: 8.695453e-02
time: 8.695453e-02
time: 8.695453e-02
time: 8.695453e-02
time: 8.695453e-02
time: 8.695453e-02
time: 8.695453e-02
time: 8.695453e-02
time: 8.695453e-02
time: 8.695453e-02
time: 8.695453e-02
time: 8.695453e-02
time: 8.695453e-02
time: 8.695453e-02
time: 8.695453e-02
time: 8.695453e-02
time: 8.695453e-02
time: 8.695453e-02
time: 8.695453e-02
time: 8.695453e-02
time: 8.695453e-02
time: 8.695453e-02
time: 8.695453e-02
time: 8.695453e-02
time: 8.695453e-02
time: 8.695453e-02
time: 8.695453e-02
time: 8.695453e-02
time: 8.695453e-02
time: 8.695453e-02
time: 8.695453e-02
time: 8.695453e-02
time: 8.743796e-02
time: 8.792140e-02
time: 8.840483e-02
time: 8.888827e-02
time: 8.985514e-02
time: 9.082201e-02
time: 9.178888e-02
time: 9.275576e-02
time: 9.468950e-02
time: 9.662324e-02
time: 9.855699e-02
time: 1.004907e-01
time: 1.024245e-01
time: 1.056409e-01
time: 1.088573e-01
time: 1.120738e-01
time: 1.152902e-01
time: 1.185066e-01
time: 1.217230e-01
time: 1.249395e-01
time: 1.288387e-01
time: 1.327380e-01
time: 1.366373e-01
time: 1.405366e-01
time: 1.444358e-01
time: 1.483351e-01
time: 1.522344e-01
time: 1.561336e-01
time: 1.600329e-01
time: 1.600329e-01
time: 1.600329e-01
time: 1.639322e-01
time: 1.639322e-01
time: 1.639322e-01
time: 1.639322e-01
time: 1.639322e-01
time: 1.600329e-01
time: 1.610077e-01
time: 1.610077e-01
time: 1.610077e-01
time: 1.610077e-01
time: 1.610077e-01
time: 1.610077e-01
time: 1.610077e-01
time: 1.610077e-01
time: 1.610077e-01
time: 1.610077e-01
time: 1.610077e-01
time: 1.610077e-01
time: 1.610077e-01
time: 1.610077e-01
time: 1.610077e-01
time: 1.610077e-01
time: 1.610077e-01
time: 1.610077e-01
time: 1.610077e-01
time: 1.610077e-01
time: 1.610077e-01
time: 1.610077e-01
time: 1.610077e-01
time: 1.610077e-01
time: 1.610077e-01
time: 1.610077e-01
time: 1.610077e-01
time: 1.610077e-01
time: 1.610077e-01
time: 1.610077e-01
time: 1.610077e-01
time: 1.610077e-01
time: 1.610077e-01
time: 1.610077e-01
time: 1.610077e-01
time: 1.610077e-01
time: 1.610077e-01
time: 1.610077e-01
time: 1.610077e-01
time: 1.610077e-01
time: 1.610077e-01
time: 1.610077e-01
time: 1.610077e-01
time: 1.610077e-01
time: 1.610077e-01
time: 1.610077e-01
time: 1.610077e-01
time: 1.610077e-01
time: 1.610077e-01
time: 1.610077e-01
time: 1.610077e-01
time: 1.610077e-01
time: 1.610077e-01
time: 1.610077e-01
time: 1.610077e-01
time: 1.610077e-01
time: 1.603642e-01
time: 1.603642e-01
time: 1.606955e-01
time: 1.606955e-01
time: 1.610267e-01
time: 1.610267e-01
time: 1.613580e-01
time: 1.613580e-01
time: 1.620205e-01
time: 1.626831e-01
time: 1.633456e-01
time: 1.640081e-01
time: 1.653332e-01
time: 1.666583e-01
time: 1.679833e-01
time: 1.693084e-01
time: 1.706335e-01
time: 1.732836e-01
time: 1.759338e-01
time: 1.785839e-01
time: 1.812341e-01
time: 1.838842e-01
time: 1.891845e-01
time: 1.944848e-01
time: 1.997851e-01
time: 2.050853e-01
time: 2.103856e-01
time: 2.156859e-01
time: 2.209862e-01
time: 2.262865e-01
time: 2.315868e-01
time: 2.380621e-01
time: 2.445375e-01
time: 2.445375e-01
time: 2.510129e-01
time: 2.574883e-01
time: 2.639636e-01
time: 2.704390e-01
time: 2.769144e-01
time: 2.833898e-01
time: 2.833898e-01
time: 2.898651e-01
time: 2.963405e-01
time: 3.028159e-01
time: 3.092913e-01
time: 3.092913e-01
time: 3.157666e-01
time: 3.157666e-01
time: 3.157666e-01
time: 3.157666e-01
time: 3.157666e-01
time: 3.109101e-01
time: 3.109101e-01
time: 3.109101e-01
time: 3.109101e-01
time: 3.109101e-01
time: 3.109101e-01
time: 3.109101e-01
time: 3.109101e-01
time: 3.109101e-01
time: 3.109101e-01
time: 3.109101e-01
time: 3.109101e-01
time: 3.109101e-01
time: 3.109101e-01
time: 3.109101e-01
time: 3.109101e-01
time: 3.109101e-01
time: 3.109101e-01
time: 3.109101e-01
time: 3.109101e-01
time: 3.109101e-01
time: 3.109101e-01
time: 3.109101e-01
time: 3.109101e-01
time: 3.109101e-01
time: 3.109101e-01
time: 3.109101e-01
time: 3.109101e-01
time: 3.109101e-01
time: 3.109101e-01
time: 3.109101e-01
time: 3.109101e-01
time: 3.109101e-01
time: 3.109101e-01
time: 3.109101e-01
time: 3.109101e-01
time: 3.109101e-01
time: 3.109101e-01
time: 3.109101e-01
time: 3.109101e-01
time: 3.109101e-01
time: 3.109101e-01
time: 3.109101e-01
time: 3.109101e-01
time: 3.109101e-01
time: 3.109101e-01
time: 3.109101e-01
time: 3.109101e-01
time: 3.109101e-01
time: 3.109101e-01
time: 3.109101e-01
time: 3.109101e-01
time: 3.109101e-01
time: 3.109101e-01
time: 3.109101e-01
time: 3.125290e-01
time: 3.141478e-01
time: 3.157666e-01
time: 3.173855e-01
time: 3.206232e-01
time: 3.238609e-01
time: 3.270985e-01
time: 3.303362e-01
time: 3.335739e-01
time: 3.400493e-01
time: 3.465247e-01
time: 3.530000e-01
time: 3.594754e-01
time: 3.659508e-01
time: 3.757818e-01
time: 3.856129e-01
time: 3.954439e-01
time: 4.052750e-01
time: 4.151060e-01
time: 4.249371e-01
time: 4.347681e-01
time: 4.445992e-01
time: 4.544302e-01
time: 4.662913e-01
time: 4.781525e-01
time: 4.900136e-01
time: 4.900136e-01
time: 5.018747e-01
time: 5.137358e-01
time: 5.255970e-01
time: 5.374581e-01
time: 5.374581e-01
time: 5.493192e-01
time: 5.611804e-01
time: 5.611804e-01
time: 5.730415e-01
time: 5.730415e-01
time: 5.849026e-01
time: 5.967638e-01
time: 6.086249e-01
time: 6.204860e-01
time: 6.204860e-01
time: 6.323471e-01
time: 6.442083e-01
time: 6.442083e-01
time: 6.560694e-01
time: 6.560694e-01
time: 6.679305e-01
time: 6.797917e-01
time: 6.797917e-01
time: 6.916528e-01
time: 7.064585e-01
time: 7.212643e-01
time: 7.360701e-01
time: 7.360701e-01
time: 7.508758e-01
time: 7.508758e-01
time: 7.656816e-01
time: 7.656816e-01
time: 7.804873e-01
time: 7.990812e-01
time: 7.990812e-01
time: 8.176751e-01
time: 8.176751e-01
time: 8.176751e-01
time: 8.362690e-01
time: 8.362690e-01
time: 8.362690e-01
time: 8.362690e-01
time: 8.548629e-01
time: 8.548629e-01
time: 8.734568e-01
time: 8.734568e-01
time: 8.734568e-01
time: 8.734568e-01
time: 8.734568e-01
time: 8.595114e-01
time: 8.595114e-01
time: 8.595114e-01
time: 8.595114e-01
time: 8.595114e-01
time: 8.595114e-01
time: 8.595114e-01
time: 8.595114e-01
time: 8.595114e-01
time: 8.595114e-01
time: 8.595114e-01
time: 8.595114e-01
time: 8.595114e-01
time: 8.595114e-01
time: 8.595114e-01
time: 8.595114e-01
time: 8.595114e-01
time: 8.595114e-01
time: 8.595114e-01
time: 8.595114e-01
time: 8.595114e-01
time: 8.595114e-01
time: 8.595114e-01
time: 8.595114e-01
time: 8.595114e-01
time: 8.595114e-01
time: 8.595114e-01
time: 8.595114e-01
time: 8.595114e-01
time: 8.595114e-01
time: 8.595114e-01
time: 8.595114e-01
time: 8.595114e-01
time: 8.595114e-01
time: 8.595114e-01
time: 8.595114e-01
time: 8.595114e-01
time: 8.595114e-01
time: 8.595114e-01
time: 8.595114e-01
time: 8.595114e-01
time: 8.595114e-01
time: 8.595114e-01
time: 8.595114e-01
time: 8.595114e-01
time: 8.595114e-01
time: 8.595114e-01
time: 8.595114e-01
time: 8.595114e-01
time: 8.595114e-01
time: 8.595114e-01
time: 8.595114e-01
time: 8.595114e-01
time: 8.595114e-01
time: 8.595114e-01
time: 8.641599e-01
time: 8.688084e-01
time: 8.734568e-01
time: 8.781053e-01
time: 8.874022e-01
time: 8.966992e-01
time: 9.059961e-01
time: 9.152931e-01
time: 9.338870e-01
time: 9.338870e-01
time: 9.524809e-01
time: 9.710748e-01
time: 9.896687e-01
time: 1.000000e+00
Number of steps: 412, current time 1.000000

==== Status of problem ====

Parser configured
Database configured
Mixture configured
Solution configured
Solver configured
Problem solved

==== END of Status ====

ULF run took 16.24 s

==== ULF END ====
