# RUNNING VERSION '1.07-1'
+==========================================================================================================+
|                                                                                                          |
|                                                                                              #           |
|                                                                                             ##           |
|                                                                                            ###           |
|                                                                                          ####            |
|                                                          TU Freiberg                    ######           |
|                                                          Chair of Numerical            #### ##           |
|                                                          Thermo-Fluid-Dynamics         ########          |
|        Universal Laminar Flame Solver                                                  #### #####        |
|                                                                                          ##########      |
|                                                                                                #####     |
|                            ###    ##########             ####  ################################# ###     |
|                           ####  ####                    #####     ####   ####          ######### ###     |
|                          ####  ####                    ######     ###   ###                  ### ###     |
|         ####      ####  ################              ###  ###   ###   #########   ###       ### ##      |
|        ####      ####  ################              ###   ###  ###   ########    ###       ### ###      |
|       ####       ###  #### ####                     ###    ### ###   ###         ##       ### ###        |
|       #####   #####  #### ####                     ###      #####   ###         ###    ##### ###         |
|        ##########   ####  ###                     ###       #############      ########## #####          |
|                                                        #######################################           |
|                                                      ###               #####################             |
|                                                                             ############                 |
|                                                                                                          |
+==========================================================================================================+
                                                                                                            
ULF run at Tue Sep 15 21:30:13 2015



==== Status of problem ====

Parser configured
Database configured
Mixture configured
Solution configured
Solver configured
Problem NOT solved

==== END of Status ====
time: 0.000000e+00
time: 1.326307e-10
time: 1.326307e-10
time: 1.326307e-10
time: 1.326307e-10
time: 1.326307e-10
time: 1.326307e-10
time: 1.326307e-10
time: 1.326307e-10
time: 1.326307e-10
time: 1.326307e-10
time: 1.326307e-10
time: 1.326307e-10
time: 1.326307e-10
time: 1.326307e-10
time: 1.326307e-10
time: 1.326307e-10
time: 1.326307e-10
time: 1.326307e-10
time: 1.326307e-10
time: 1.326307e-10
time: 1.326307e-10
time: 1.326307e-10
time: 1.326307e-10
time: 1.326307e-10
time: 1.326307e-10
time: 1.326307e-10
time: 1.326307e-10
time: 1.326307e-10
time: 1.326307e-10
time: 1.326307e-10
time: 1.326307e-10
time: 1.326307e-10
time: 1.326307e-10
time: 1.326307e-10
time: 1.326307e-10
time: 1.326307e-10
time: 1.326307e-10
time: 1.326307e-10
time: 1.326307e-10
time: 1.326307e-10
time: 1.326307e-10
time: 1.326307e-10
time: 1.326307e-10
time: 1.326307e-10
time: 1.326307e-10
time: 1.326307e-10
time: 1.326307e-10
time: 1.326307e-10
time: 1.326307e-10
time: 1.326307e-10
time: 1.326307e-10
time: 1.326307e-10
time: 1.326307e-10
time: 1.326307e-10
time: 1.326307e-10
time: 2.652613e-10
time: 3.978920e-10
time: 4.804625e-08
time: 9.569461e-08
time: 1.433430e-07
time: 2.227084e-07
time: 3.020737e-07
time: 3.814391e-07
time: 5.643268e-07
time: 7.472146e-07
time: 9.301023e-07
time: 1.112990e-06
time: 1.438309e-06
time: 1.763627e-06
time: 2.088946e-06
time: 2.414264e-06
time: 2.953912e-06
time: 3.493559e-06
time: 4.033206e-06
time: 4.572853e-06
time: 5.647302e-06
time: 5.647302e-06
time: 6.721751e-06
time: 6.721751e-06
time: 7.796201e-06
time: 7.796201e-06
time: 8.870650e-06
time: 9.945099e-06
time: 1.137484e-05
time: 1.280457e-05
time: 1.423431e-05
time: 1.566405e-05
time: 1.709378e-05
time: 1.890139e-05
time: 2.070899e-05
time: 2.251660e-05
time: 2.432420e-05
time: 2.613181e-05
time: 2.837391e-05
time: 3.061602e-05
time: 3.285812e-05
time: 3.510023e-05
time: 3.734233e-05
time: 4.019336e-05
time: 4.304438e-05
time: 4.589540e-05
time: 4.874642e-05
time: 5.159745e-05
time: 5.520769e-05
time: 5.881793e-05
time: 6.242818e-05
time: 6.603842e-05
time: 6.964866e-05
time: 7.415771e-05
time: 7.866675e-05
time: 8.317579e-05
time: 8.768484e-05
time: 9.219388e-05
time: 9.777071e-05
time: 1.033475e-04
time: 1.089244e-04
time: 1.089244e-04
time: 1.145012e-04
time: 1.200780e-04
time: 1.200780e-04
time: 1.256549e-04
time: 1.312317e-04
time: 1.312317e-04
time: 1.312317e-04
time: 1.368085e-04
time: 1.368085e-04
time: 1.368085e-04
time: 1.423853e-04
time: 1.423853e-04
time: 1.423853e-04
time: 1.479622e-04
time: 1.479622e-04
time: 1.479622e-04
time: 1.535390e-04
time: 1.535390e-04
time: 1.535390e-04
time: 1.535390e-04
time: 1.591158e-04
time: 1.670325e-04
time: 1.670325e-04
time: 1.670325e-04
time: 1.670325e-04
time: 1.670325e-04
time: 1.610950e-04
time: 1.610950e-04
time: 1.610950e-04
time: 1.610950e-04
time: 1.610950e-04
time: 1.610950e-04
time: 1.610950e-04
time: 1.610950e-04
time: 1.610950e-04
time: 1.610950e-04
time: 1.610950e-04
time: 1.610950e-04
time: 1.610950e-04
time: 1.610950e-04
time: 1.610950e-04
time: 1.610950e-04
time: 1.610950e-04
time: 1.610950e-04
time: 1.610950e-04
time: 1.610950e-04
time: 1.610950e-04
time: 1.610950e-04
time: 1.610950e-04
time: 1.610950e-04
time: 1.610950e-04
time: 1.610950e-04
time: 1.610950e-04
time: 1.610950e-04
time: 1.610950e-04
time: 1.610950e-04
time: 1.610950e-04
time: 1.610950e-04
time: 1.610950e-04
time: 1.610950e-04
time: 1.610950e-04
time: 1.610950e-04
time: 1.610950e-04
time: 1.610950e-04
time: 1.610950e-04
time: 1.610950e-04
time: 1.610950e-04
time: 1.610950e-04
time: 1.610950e-04
time: 1.610950e-04
time: 1.610950e-04
time: 1.610950e-04
time: 1.610950e-04
time: 1.610950e-04
time: 1.610950e-04
time: 1.610950e-04
time: 1.610950e-04
time: 1.610950e-04
time: 1.610950e-04
time: 1.610950e-04
time: 1.610950e-04
time: 1.630742e-04
time: 1.650533e-04
time: 1.670325e-04
time: 1.690116e-04
time: 1.729700e-04
time: 1.769283e-04
time: 1.808866e-04
time: 1.848449e-04
time: 1.888033e-04
time: 1.967199e-04
time: 2.046366e-04
time: 2.125532e-04
time: 2.204699e-04
time: 2.283865e-04
time: 2.397352e-04
time: 2.510840e-04
time: 2.624327e-04
time: 2.737815e-04
time: 2.851302e-04
time: 2.964790e-04
time: 3.078277e-04
time: 3.215141e-04
time: 3.352004e-04
time: 3.352004e-04
time: 3.488867e-04
time: 3.488867e-04
time: 3.625730e-04
time: 3.625730e-04
time: 3.762594e-04
time: 3.762594e-04
time: 3.899457e-04
time: 3.899457e-04
time: 4.036320e-04
time: 4.036320e-04
time: 4.173183e-04
time: 4.173183e-04
time: 4.310046e-04
time: 4.310046e-04
time: 4.446910e-04
time: 4.446910e-04
time: 4.378478e-04
time: 4.446910e-04
time: 4.515341e-04
time: 4.583773e-04
time: 4.583773e-04
time: 4.652204e-04
time: 4.720636e-04
time: 4.789068e-04
time: 4.789068e-04
time: 4.857499e-04
time: 4.925931e-04
time: 4.925931e-04
time: 4.994362e-04
time: 4.994362e-04
time: 5.062794e-04
time: 5.062794e-04
time: 5.131226e-04
time: 5.131226e-04
time: 5.199657e-04
time: 5.199657e-04
time: 5.268089e-04
time: 5.268089e-04
time: 5.336520e-04
time: 5.336520e-04
time: 5.302305e-04
time: 5.336520e-04
time: 5.370736e-04
time: 5.370736e-04
time: 5.404952e-04
time: 5.439168e-04
time: 5.473384e-04
time: 5.507599e-04
time: 5.541815e-04
time: 5.541815e-04
time: 5.576031e-04
time: 5.576031e-04
time: 5.610247e-04
time: 5.610247e-04
time: 5.644463e-04
time: 5.644463e-04
time: 5.678679e-04
time: 5.678679e-04
time: 5.712894e-04
time: 5.712894e-04
time: 5.747110e-04
time: 5.747110e-04
time: 5.730002e-04
time: 5.747110e-04
time: 5.764218e-04
time: 5.781326e-04
time: 5.781326e-04
time: 5.798434e-04
time: 5.815542e-04
time: 5.832650e-04
time: 5.832650e-04
time: 5.849758e-04
time: 5.866865e-04
time: 5.883973e-04
time: 5.883973e-04
time: 5.901081e-04
time: 5.901081e-04
time: 5.918189e-04
time: 5.918189e-04
time: 5.935297e-04
time: 5.935297e-04
time: 5.952405e-04
time: 5.952405e-04
time: 5.969513e-04
time: 5.969513e-04
time: 5.986621e-04
time: 5.986621e-04
time: 6.003729e-04
time: 6.003729e-04
time: 6.003729e-04
time: 6.020837e-04
time: 6.020837e-04
time: 6.020837e-04
time: 6.037944e-04
time: 6.037944e-04
time: 6.037944e-04
time: 6.055052e-04
time: 6.055052e-04
time: 6.055052e-04
time: 6.072160e-04
time: 6.072160e-04
time: 6.072160e-04
time: 6.072160e-04
time: 6.063606e-04
time: 6.072160e-04
time: 6.080714e-04
time: 6.089268e-04
time: 6.097822e-04
time: 6.106376e-04
time: 6.106376e-04
time: 6.114930e-04
time: 6.123484e-04
time: 6.123484e-04
time: 6.132038e-04
time: 6.132038e-04
time: 6.140592e-04
time: 6.154569e-04
time: 6.154569e-04
time: 6.154569e-04
time: 6.168546e-04
time: 6.168546e-04
time: 6.168546e-04
time: 6.182523e-04
time: 6.182523e-04
time: 6.182523e-04
time: 6.182523e-04
time: 6.196500e-04
time: 6.196500e-04
time: 6.196500e-04
time: 6.196500e-04
time: 6.210478e-04
time: 6.210478e-04
time: 6.210478e-04
time: 6.224455e-04
time: 6.224455e-04
time: 6.224455e-04
time: 6.217466e-04
time: 6.217466e-04
time: 6.224455e-04
time: 6.231443e-04
time: 6.238432e-04
time: 6.245420e-04
time: 6.245420e-04
time: 6.252409e-04
time: 6.259397e-04
time: 6.268461e-04
time: 6.277525e-04
time: 6.277525e-04
time: 6.286588e-04
time: 6.295652e-04
time: 6.295652e-04
time: 6.304716e-04
time: 6.313779e-04
time: 6.322843e-04
time: 6.322843e-04
time: 6.331907e-04
time: 6.340970e-04
time: 6.350034e-04
time: 6.350034e-04
time: 6.359097e-04
time: 6.368161e-04
time: 6.377225e-04
time: 6.377225e-04
time: 6.386288e-04
time: 6.386288e-04
time: 6.395352e-04
time: 6.395352e-04
time: 6.404416e-04
time: 6.404416e-04
time: 6.413479e-04
time: 6.413479e-04
time: 6.422543e-04
time: 6.422543e-04
time: 6.431606e-04
time: 6.431606e-04
time: 6.440670e-04
time: 6.440670e-04
time: 6.449734e-04
time: 6.449734e-04
time: 6.449734e-04
time: 6.458797e-04
time: 6.458797e-04
time: 6.467861e-04
time: 6.467861e-04
time: 6.467861e-04
time: 6.476925e-04
time: 6.476925e-04
time: 6.485988e-04
time: 6.485988e-04
time: 6.495052e-04
time: 6.495052e-04
time: 6.504116e-04
time: 6.504116e-04
time: 6.513179e-04
time: 6.513179e-04
time: 6.522243e-04
time: 6.522243e-04
time: 6.531306e-04
time: 6.531306e-04
time: 6.540370e-04
time: 6.540370e-04
time: 6.549434e-04
time: 6.549434e-04
time: 6.549434e-04
time: 6.558497e-04
time: 6.558497e-04
time: 6.558497e-04
time: 6.567561e-04
time: 6.567561e-04
time: 6.567561e-04
time: 6.576625e-04
time: 6.576625e-04
time: 6.576625e-04
time: 6.576625e-04
time: 6.585688e-04
time: 6.585688e-04
time: 6.594752e-04
time: 6.594752e-04
time: 6.594752e-04
time: 6.594752e-04
time: 6.603815e-04
time: 6.603815e-04
time: 6.612879e-04
time: 6.612879e-04
time: 6.612879e-04
time: 6.612879e-04
time: 6.612879e-04
time: 6.606081e-04
time: 6.606081e-04
time: 6.606081e-04
time: 6.606081e-04
time: 6.606081e-04
time: 6.606081e-04
time: 6.606081e-04
time: 6.606081e-04
time: 6.606081e-04
time: 6.606081e-04
time: 6.606081e-04
time: 6.606081e-04
time: 6.606081e-04
time: 6.606081e-04
time: 6.606081e-04
time: 6.606081e-04
time: 6.606081e-04
time: 6.606081e-04
time: 6.606081e-04
time: 6.606081e-04
time: 6.606081e-04
time: 6.606081e-04
time: 6.606081e-04
time: 6.606081e-04
time: 6.606081e-04
time: 6.606081e-04
time: 6.606081e-04
time: 6.606081e-04
time: 6.606081e-04
time: 6.606081e-04
time: 6.606081e-04
time: 6.606081e-04
time: 6.606081e-04
time: 6.606081e-04
time: 6.606081e-04
time: 6.606081e-04
time: 6.606081e-04
time: 6.606081e-04
time: 6.606081e-04
time: 6.606081e-04
time: 6.606081e-04
time: 6.606081e-04
time: 6.606081e-04
time: 6.606081e-04
time: 6.606081e-04
time: 6.606081e-04
time: 6.606081e-04
time: 6.606081e-04
time: 6.606081e-04
time: 6.606081e-04
time: 6.606081e-04
time: 6.606081e-04
time: 6.606081e-04
time: 6.606081e-04
time: 6.606081e-04
time: 6.608347e-04
time: 6.610613e-04
time: 6.612879e-04
time: 6.615145e-04
time: 6.617411e-04
time: 6.621943e-04
time: 6.626475e-04
time: 6.631006e-04
time: 6.635538e-04
time: 6.640070e-04
time: 6.649134e-04
time: 6.658197e-04
time: 6.667261e-04
time: 6.676324e-04
time: 6.685388e-04
time: 6.694452e-04
time: 6.694452e-04
time: 6.703515e-04
time: 6.703515e-04
time: 6.712579e-04
time: 6.712579e-04
time: 6.721643e-04
time: 6.721643e-04
time: 6.730706e-04
time: 6.730706e-04
time: 6.739770e-04
time: 6.739770e-04
time: 6.748834e-04
time: 6.748834e-04
time: 6.757897e-04
time: 6.757897e-04
time: 6.766961e-04
time: 6.766961e-04
time: 6.776024e-04
time: 6.776024e-04
time: 6.785088e-04
time: 6.785088e-04
time: 6.794152e-04
time: 6.794152e-04
time: 6.803215e-04
time: 6.803215e-04
time: 6.812279e-04
time: 6.812279e-04
time: 6.821343e-04
time: 6.821343e-04
time: 6.830406e-04
time: 6.830406e-04
time: 6.839470e-04
time: 6.839470e-04
time: 6.848533e-04
time: 6.848533e-04
time: 6.857597e-04
time: 6.857597e-04
time: 6.866661e-04
time: 6.866661e-04
time: 6.875724e-04
time: 6.875724e-04
time: 6.884788e-04
time: 6.884788e-04
time: 6.893852e-04
time: 6.893852e-04
time: 6.902915e-04
time: 6.911979e-04
time: 6.911979e-04
time: 6.921043e-04
time: 6.930106e-04
time: 6.939170e-04
time: 6.948233e-04
time: 6.948233e-04
time: 6.957297e-04
time: 6.966361e-04
time: 6.966361e-04
time: 6.966361e-04
time: 6.975424e-04
time: 6.975424e-04
time: 6.984488e-04
time: 6.984488e-04
time: 6.993552e-04
time: 7.004494e-04
time: 7.015437e-04
time: 7.026380e-04
time: 7.037323e-04
time: 7.037323e-04
time: 7.048266e-04
time: 7.059208e-04
time: 7.059208e-04
time: 7.059208e-04
time: 7.070151e-04
time: 7.070151e-04
time: 7.083475e-04
time: 7.083475e-04
time: 7.096799e-04
time: 7.110123e-04
time: 7.123447e-04
time: 7.123447e-04
time: 7.136771e-04
time: 7.150095e-04
time: 7.150095e-04
time: 7.150095e-04
time: 7.150095e-04
time: 7.163419e-04
time: 7.163419e-04
time: 7.176743e-04
time: 7.176743e-04
time: 7.176743e-04
time: 7.176743e-04
time: 7.190067e-04
time: 7.190067e-04
time: 7.190067e-04
time: 7.203391e-04
time: 7.203391e-04
time: 7.203391e-04
time: 7.203391e-04
time: 7.203391e-04
time: 7.193398e-04
time: 7.193398e-04
time: 7.193398e-04
time: 7.193398e-04
time: 7.193398e-04
time: 7.193398e-04
time: 7.193398e-04
time: 7.193398e-04
time: 7.193398e-04
time: 7.193398e-04
time: 7.193398e-04
time: 7.193398e-04
time: 7.193398e-04
time: 7.193398e-04
time: 7.193398e-04
time: 7.193398e-04
time: 7.193398e-04
time: 7.193398e-04
time: 7.193398e-04
time: 7.193398e-04
time: 7.193398e-04
time: 7.193398e-04
time: 7.193398e-04
time: 7.193398e-04
time: 7.193398e-04
time: 7.193398e-04
time: 7.193398e-04
time: 7.193398e-04
time: 7.193398e-04
time: 7.193398e-04
time: 7.193398e-04
time: 7.193398e-04
time: 7.193398e-04
time: 7.193398e-04
time: 7.193398e-04
time: 7.193398e-04
time: 7.193398e-04
time: 7.193398e-04
time: 7.193398e-04
time: 7.193398e-04
time: 7.193398e-04
time: 7.193398e-04
time: 7.193398e-04
time: 7.193398e-04
time: 7.193398e-04
time: 7.193398e-04
time: 7.193398e-04
time: 7.193398e-04
time: 7.193398e-04
time: 7.193398e-04
time: 7.193398e-04
time: 7.193398e-04
time: 7.193398e-04
time: 7.193398e-04
time: 7.193398e-04
time: 7.196729e-04
time: 7.200060e-04
time: 7.203391e-04
time: 7.206722e-04
time: 7.213384e-04
time: 7.220046e-04
time: 7.226707e-04
time: 7.233369e-04
time: 7.246693e-04
time: 7.246693e-04
time: 7.260017e-04
time: 7.273341e-04
time: 7.286665e-04
time: 7.299989e-04
time: 7.317069e-04
time: 7.334150e-04
time: 7.334150e-04
time: 7.351230e-04
time: 7.351230e-04
time: 7.368310e-04
time: 7.368310e-04
time: 7.385391e-04
time: 7.385391e-04
time: 7.402471e-04
time: 7.402471e-04
time: 7.419551e-04
time: 7.419551e-04
time: 7.436631e-04
time: 7.436631e-04
time: 7.453712e-04
time: 7.453712e-04
time: 7.470792e-04
time: 7.470792e-04
time: 7.487872e-04
time: 7.487872e-04
time: 7.504953e-04
time: 7.504953e-04
time: 7.522033e-04
time: 7.539113e-04
time: 7.539113e-04
time: 7.556193e-04
time: 7.573274e-04
time: 7.573274e-04
time: 7.590354e-04
time: 7.590354e-04
time: 7.607434e-04
time: 7.607434e-04
time: 7.624515e-04
time: 7.624515e-04
time: 7.641595e-04
time: 7.641595e-04
time: 7.658675e-04
time: 7.675755e-04
time: 7.692836e-04
time: 7.692836e-04
time: 7.709916e-04
time: 7.726996e-04
time: 7.726996e-04
time: 7.744076e-04
time: 7.761157e-04
time: 7.783256e-04
time: 7.783256e-04
time: 7.783256e-04
time: 7.805355e-04
time: 7.805355e-04
time: 7.827454e-04
time: 7.849554e-04
time: 7.849554e-04
time: 7.871653e-04
time: 7.893752e-04
time: 7.893752e-04
time: 7.893752e-04
time: 7.915851e-04
time: 7.915851e-04
time: 7.937951e-04
time: 7.964509e-04
time: 7.964509e-04
time: 7.964509e-04
time: 7.991067e-04
time: 7.991067e-04
time: 8.017626e-04
time: 8.044184e-04
time: 8.070743e-04
time: 8.097301e-04
time: 8.097301e-04
time: 8.123859e-04
time: 8.150418e-04
time: 8.176976e-04
time: 8.203534e-04
time: 8.203534e-04
time: 8.203534e-04
time: 8.203534e-04
time: 8.230093e-04
time: 8.230093e-04
time: 8.230093e-04
time: 8.230093e-04
time: 8.256651e-04
time: 8.256651e-04
time: 8.283210e-04
time: 8.283210e-04
time: 8.309768e-04
time: 8.336326e-04
time: 8.336326e-04
time: 8.362885e-04
time: 8.389443e-04
time: 8.389443e-04
time: 8.389443e-04
time: 8.416001e-04
time: 8.416001e-04
time: 8.416001e-04
time: 8.416001e-04
time: 8.442560e-04
time: 8.469118e-04
time: 8.469118e-04
time: 8.469118e-04
time: 8.469118e-04
time: 8.469118e-04
time: 8.449199e-04
time: 8.449199e-04
time: 8.449199e-04
time: 8.449199e-04
time: 8.449199e-04
time: 8.449199e-04
time: 8.449199e-04
time: 8.449199e-04
time: 8.449199e-04
time: 8.449199e-04
time: 8.449199e-04
time: 8.449199e-04
time: 8.449199e-04
time: 8.449199e-04
time: 8.449199e-04
time: 8.449199e-04
time: 8.449199e-04
time: 8.449199e-04
time: 8.449199e-04
time: 8.449199e-04
time: 8.449199e-04
time: 8.449199e-04
time: 8.449199e-04
time: 8.449199e-04
time: 8.449199e-04
time: 8.449199e-04
time: 8.449199e-04
time: 8.449199e-04
time: 8.449199e-04
time: 8.449199e-04
time: 8.449199e-04
time: 8.449199e-04
time: 8.449199e-04
time: 8.449199e-04
time: 8.449199e-04
time: 8.449199e-04
time: 8.449199e-04
time: 8.449199e-04
time: 8.449199e-04
time: 8.449199e-04
time: 8.449199e-04
time: 8.449199e-04
time: 8.449199e-04
time: 8.449199e-04
time: 8.449199e-04
time: 8.449199e-04
time: 8.449199e-04
time: 8.449199e-04
time: 8.449199e-04
time: 8.449199e-04
time: 8.449199e-04
time: 8.449199e-04
time: 8.449199e-04
time: 8.449199e-04
time: 8.449199e-04
time: 8.455839e-04
time: 8.462479e-04
time: 8.469118e-04
time: 8.475758e-04
time: 8.489037e-04
time: 8.502316e-04
time: 8.515595e-04
time: 8.528875e-04
time: 8.555433e-04
time: 8.581991e-04
time: 8.608550e-04
time: 8.635108e-04
time: 8.661666e-04
time: 8.714783e-04
time: 8.767900e-04
time: 8.821017e-04
time: 8.874133e-04
time: 8.927250e-04
time: 8.993344e-04
time: 9.059438e-04
time: 9.125531e-04
time: 9.191625e-04
time: 9.257719e-04
time: 9.323812e-04
time: 9.389906e-04
time: 9.469519e-04
time: 9.549131e-04
time: 9.628744e-04
time: 9.708357e-04
time: 9.787969e-04
time: 9.867582e-04
time: 9.947195e-04
time: 1.002681e-03
time: 1.012440e-03
time: 1.022199e-03
time: 1.031959e-03
time: 1.041718e-03
time: 1.051477e-03
time: 1.061236e-03
time: 1.070996e-03
time: 1.080755e-03
time: 1.092492e-03
time: 1.092492e-03
time: 1.104228e-03
time: 1.115965e-03
time: 1.127702e-03
time: 1.139438e-03
time: 1.139438e-03
time: 1.151175e-03
time: 1.162912e-03
time: 1.162912e-03
time: 1.174648e-03
time: 1.186385e-03
time: 1.186385e-03
time: 1.198122e-03
time: 1.212259e-03
time: 1.212259e-03
time: 1.226396e-03
time: 1.240534e-03
time: 1.240534e-03
time: 1.254671e-03
time: 1.268808e-03
time: 1.282946e-03
time: 1.282946e-03
time: 1.297083e-03
time: 1.311220e-03
time: 1.311220e-03
time: 1.325357e-03
time: 1.339495e-03
time: 1.339495e-03
time: 1.353632e-03
time: 1.367769e-03
time: 1.367769e-03
time: 1.381907e-03
time: 1.396044e-03
time: 1.396044e-03
time: 1.410181e-03
time: 1.410181e-03
time: 1.424318e-03
time: 1.424318e-03
time: 1.438456e-03
time: 1.452593e-03
time: 1.452593e-03
time: 1.466730e-03
time: 1.480868e-03
time: 1.480868e-03
time: 1.495005e-03
time: 1.509142e-03
time: 1.509142e-03
time: 1.523279e-03
time: 1.523279e-03
time: 1.537417e-03
time: 1.537417e-03
time: 1.551554e-03
time: 1.565691e-03
time: 1.565691e-03
time: 1.579829e-03
time: 1.593966e-03
time: 1.608103e-03
time: 1.608103e-03
time: 1.608103e-03
time: 1.622240e-03
time: 1.622240e-03
time: 1.622240e-03
time: 1.636378e-03
time: 1.636378e-03
time: 1.653548e-03
time: 1.670718e-03
time: 1.670718e-03
time: 1.687888e-03
time: 1.705057e-03
time: 1.705057e-03
time: 1.722227e-03
time: 1.743240e-03
time: 1.743240e-03
time: 1.764252e-03
time: 1.764252e-03
time: 1.764252e-03
time: 1.785265e-03
time: 1.785265e-03
time: 1.806277e-03
time: 1.806277e-03
time: 1.827289e-03
time: 1.848302e-03
time: 1.848302e-03
time: 1.869314e-03
time: 1.890327e-03
time: 1.890327e-03
time: 1.911339e-03
time: 1.911339e-03
time: 1.932351e-03
time: 1.932351e-03
time: 1.953364e-03
time: 1.953364e-03
time: 1.974376e-03
time: 1.974376e-03
time: 1.995389e-03
time: 1.995389e-03
time: 2.016401e-03
time: 2.037414e-03
time: 2.037414e-03
time: 2.058426e-03
time: 2.058426e-03
time: 2.079438e-03
time: 2.100451e-03
time: 2.100451e-03
time: 2.121463e-03
time: 2.142476e-03
time: 2.142476e-03
time: 2.142476e-03
time: 2.163488e-03
time: 2.163488e-03
time: 2.163488e-03
time: 2.163488e-03
time: 2.184500e-03
time: 2.184500e-03
time: 2.184500e-03
time: 2.205513e-03
time: 2.226525e-03
time: 2.226525e-03
time: 2.226525e-03
time: 2.247538e-03
time: 2.247538e-03
time: 2.247538e-03
time: 2.247538e-03
time: 2.268550e-03
time: 2.268550e-03
time: 2.268550e-03
time: 2.289562e-03
time: 2.318968e-03
time: 2.318968e-03
time: 2.348373e-03
time: 2.348373e-03
time: 2.377778e-03
time: 2.377778e-03
time: 2.377778e-03
time: 2.377778e-03
time: 2.407183e-03
time: 2.407183e-03
time: 2.407183e-03
time: 2.436589e-03
time: 2.436589e-03
time: 2.436589e-03
time: 2.436589e-03
time: 2.465994e-03
time: 2.507073e-03
time: 2.507073e-03
time: 2.507073e-03
time: 2.507073e-03
time: 2.507073e-03
time: 2.476264e-03
time: 2.476264e-03
time: 2.476264e-03
time: 2.476264e-03
time: 2.476264e-03
time: 2.476264e-03
time: 2.476264e-03
time: 2.476264e-03
time: 2.476264e-03
time: 2.476264e-03
time: 2.476264e-03
time: 2.476264e-03
time: 2.476264e-03
time: 2.476264e-03
time: 2.476264e-03
time: 2.476264e-03
time: 2.476264e-03
time: 2.476264e-03
time: 2.476264e-03
time: 2.476264e-03
time: 2.476264e-03
time: 2.476264e-03
time: 2.476264e-03
time: 2.476264e-03
time: 2.476264e-03
time: 2.476264e-03
time: 2.476264e-03
time: 2.476264e-03
time: 2.476264e-03
time: 2.476264e-03
time: 2.476264e-03
time: 2.476264e-03
time: 2.476264e-03
time: 2.476264e-03
time: 2.476264e-03
time: 2.476264e-03
time: 2.476264e-03
time: 2.476264e-03
time: 2.476264e-03
time: 2.476264e-03
time: 2.476264e-03
time: 2.476264e-03
time: 2.476264e-03
time: 2.476264e-03
time: 2.476264e-03
time: 2.476264e-03
time: 2.476264e-03
time: 2.476264e-03
time: 2.476264e-03
time: 2.476264e-03
time: 2.476264e-03
time: 2.476264e-03
time: 2.476264e-03
time: 2.476264e-03
time: 2.476264e-03
time: 2.476264e-03
time: 2.469850e-03
time: 2.469850e-03
time: 2.473705e-03
time: 2.473705e-03
time: 2.477561e-03
time: 2.477561e-03
time: 2.481417e-03
time: 2.481417e-03
time: 2.489128e-03
time: 2.496840e-03
time: 2.504551e-03
time: 2.512262e-03
time: 2.527685e-03
time: 2.543108e-03
time: 2.558531e-03
time: 2.573954e-03
time: 2.604799e-03
time: 2.635645e-03
time: 2.666490e-03
time: 2.697336e-03
time: 2.728182e-03
time: 2.780546e-03
time: 2.832910e-03
time: 2.885273e-03
time: 2.937637e-03
time: 2.990001e-03
time: 3.042365e-03
time: 3.105299e-03
time: 3.168232e-03
time: 3.231166e-03
time: 3.294099e-03
time: 3.357033e-03
time: 3.419967e-03
time: 3.482900e-03
time: 3.545834e-03
time: 3.622727e-03
time: 3.699621e-03
time: 3.776515e-03
time: 3.853408e-03
time: 3.930302e-03
time: 4.007196e-03
time: 4.084089e-03
time: 4.160983e-03
time: 4.253446e-03
time: 4.253446e-03
time: 4.345909e-03
time: 4.438371e-03
time: 4.530834e-03
time: 4.530834e-03
time: 4.623297e-03
time: 4.715760e-03
time: 4.808223e-03
time: 4.808223e-03
time: 4.808223e-03
time: 4.900686e-03
time: 4.900686e-03
time: 4.900686e-03
time: 4.993148e-03
time: 4.993148e-03
time: 4.993148e-03
time: 5.085611e-03
time: 5.085611e-03
time: 5.085611e-03
time: 5.178074e-03
time: 5.178074e-03
time: 5.178074e-03
time: 5.270537e-03
time: 5.270537e-03
time: 5.270537e-03
time: 5.270537e-03
time: 5.363000e-03
time: 5.474540e-03
time: 5.474540e-03
time: 5.474540e-03
time: 5.474540e-03
time: 5.586079e-03
time: 5.586079e-03
time: 5.586079e-03
time: 5.586079e-03
time: 5.586079e-03
time: 5.502425e-03
time: 5.502425e-03
time: 5.502425e-03
time: 5.502425e-03
time: 5.502425e-03
time: 5.502425e-03
time: 5.502425e-03
time: 5.502425e-03
time: 5.502425e-03
time: 5.502425e-03
time: 5.502425e-03
time: 5.502425e-03
time: 5.502425e-03
time: 5.502425e-03
time: 5.502425e-03
time: 5.502425e-03
time: 5.502425e-03
time: 5.502425e-03
time: 5.502425e-03
time: 5.502425e-03
time: 5.502425e-03
time: 5.502425e-03
time: 5.502425e-03
time: 5.502425e-03
time: 5.502425e-03
time: 5.502425e-03
time: 5.502425e-03
time: 5.502425e-03
time: 5.502425e-03
time: 5.502425e-03
time: 5.502425e-03
time: 5.502425e-03
time: 5.502425e-03
time: 5.502425e-03
time: 5.502425e-03
time: 5.502425e-03
time: 5.502425e-03
time: 5.502425e-03
time: 5.502425e-03
time: 5.502425e-03
time: 5.502425e-03
time: 5.502425e-03
time: 5.502425e-03
time: 5.502425e-03
time: 5.502425e-03
time: 5.502425e-03
time: 5.502425e-03
time: 5.502425e-03
time: 5.502425e-03
time: 5.502425e-03
time: 5.502425e-03
time: 5.502425e-03
time: 5.502425e-03
time: 5.502425e-03
time: 5.502425e-03
time: 5.530310e-03
time: 5.558195e-03
time: 5.586079e-03
time: 5.613964e-03
time: 5.669734e-03
time: 5.725504e-03
time: 5.781274e-03
time: 5.837044e-03
time: 5.892814e-03
time: 6.004354e-03
time: 6.115894e-03
time: 6.227434e-03
time: 6.338973e-03
time: 6.450513e-03
time: 6.607401e-03
time: 6.764288e-03
time: 6.921175e-03
time: 6.921175e-03
time: 7.078062e-03
time: 7.078062e-03
time: 7.234949e-03
time: 7.234949e-03
time: 7.391836e-03
time: 7.548723e-03
time: 7.705611e-03
time: 7.862498e-03
time: 7.862498e-03
time: 8.019385e-03
time: 8.019385e-03
time: 8.019385e-03
time: 8.019385e-03
time: 8.019385e-03
time: 7.901720e-03
time: 7.901720e-03
time: 7.901720e-03
time: 7.901720e-03
time: 7.901720e-03
time: 7.901720e-03
time: 7.901720e-03
time: 7.901720e-03
time: 7.901720e-03
time: 7.901720e-03
time: 7.901720e-03
time: 7.901720e-03
time: 7.901720e-03
time: 7.901720e-03
time: 7.901720e-03
time: 7.901720e-03
time: 7.901720e-03
time: 7.901720e-03
time: 7.901720e-03
time: 7.901720e-03
time: 7.901720e-03
time: 7.901720e-03
time: 7.901720e-03
time: 7.901720e-03
time: 7.901720e-03
time: 7.901720e-03
time: 7.901720e-03
time: 7.901720e-03
time: 7.901720e-03
time: 7.901720e-03
time: 7.901720e-03
time: 7.901720e-03
time: 7.901720e-03
time: 7.901720e-03
time: 7.901720e-03
time: 7.901720e-03
time: 7.901720e-03
time: 7.901720e-03
time: 7.901720e-03
time: 7.901720e-03
time: 7.901720e-03
time: 7.901720e-03
time: 7.901720e-03
time: 7.901720e-03
time: 7.901720e-03
time: 7.901720e-03
time: 7.901720e-03
time: 7.901720e-03
time: 7.901720e-03
time: 7.901720e-03
time: 7.901720e-03
time: 7.901720e-03
time: 7.901720e-03
time: 7.901720e-03
time: 7.901720e-03
time: 7.940941e-03
time: 7.980163e-03
time: 8.019385e-03
time: 8.058607e-03
time: 8.137050e-03
time: 8.215494e-03
time: 8.293937e-03
time: 8.372381e-03
time: 8.529268e-03
time: 8.529268e-03
time: 8.686155e-03
time: 8.843043e-03
time: 8.999930e-03
time: 9.156817e-03
time: 9.381500e-03
time: 9.606183e-03
time: 9.830866e-03
time: 1.005555e-02
time: 1.028023e-02
time: 1.050492e-02
time: 1.072960e-02
time: 1.095428e-02
time: 1.117896e-02
time: 1.117896e-02
time: 1.140365e-02
time: 1.140365e-02
time: 1.140365e-02
time: 1.162833e-02
time: 1.162833e-02
time: 1.185301e-02
time: 1.185301e-02
time: 1.207770e-02
time: 1.207770e-02
time: 1.236125e-02
time: 1.236125e-02
time: 1.236125e-02
time: 1.264481e-02
time: 1.264481e-02
time: 1.292836e-02
time: 1.292836e-02
time: 1.321192e-02
time: 1.321192e-02
time: 1.349548e-02
time: 1.349548e-02
time: 1.349548e-02
time: 1.377903e-02
time: 1.377903e-02
time: 1.406259e-02
time: 1.406259e-02
time: 1.434614e-02
time: 1.434614e-02
time: 1.469194e-02
time: 1.469194e-02
time: 1.469194e-02
time: 1.469194e-02
time: 1.469194e-02
time: 1.443259e-02
time: 1.443259e-02
time: 1.443259e-02
time: 1.443259e-02
time: 1.443259e-02
time: 1.443259e-02
time: 1.443259e-02
time: 1.443259e-02
time: 1.443259e-02
time: 1.443259e-02
time: 1.443259e-02
time: 1.443259e-02
time: 1.443259e-02
time: 1.443259e-02
time: 1.443259e-02
time: 1.443259e-02
time: 1.443259e-02
time: 1.443259e-02
time: 1.443259e-02
time: 1.443259e-02
time: 1.443259e-02
time: 1.443259e-02
time: 1.443259e-02
time: 1.443259e-02
time: 1.443259e-02
time: 1.443259e-02
time: 1.443259e-02
time: 1.443259e-02
time: 1.443259e-02
time: 1.443259e-02
time: 1.443259e-02
time: 1.443259e-02
time: 1.443259e-02
time: 1.443259e-02
time: 1.443259e-02
time: 1.443259e-02
time: 1.443259e-02
time: 1.443259e-02
time: 1.443259e-02
time: 1.443259e-02
time: 1.443259e-02
time: 1.443259e-02
time: 1.443259e-02
time: 1.443259e-02
time: 1.443259e-02
time: 1.443259e-02
time: 1.443259e-02
time: 1.443259e-02
time: 1.443259e-02
time: 1.443259e-02
time: 1.443259e-02
time: 1.443259e-02
time: 1.443259e-02
time: 1.443259e-02
time: 1.443259e-02
time: 1.451904e-02
time: 1.460549e-02
time: 1.469194e-02
time: 1.477839e-02
time: 1.495128e-02
time: 1.512418e-02
time: 1.529708e-02
time: 1.546998e-02
time: 1.564287e-02
time: 1.598867e-02
time: 1.633446e-02
time: 1.668026e-02
time: 1.702605e-02
time: 1.737184e-02
time: 1.784277e-02
time: 1.831370e-02
time: 1.878463e-02
time: 1.925556e-02
time: 1.972649e-02
time: 2.019741e-02
time: 2.066834e-02
time: 2.113927e-02
time: 2.161020e-02
time: 2.208113e-02
time: 2.255206e-02
time: 2.255206e-02
time: 2.302299e-02
time: 2.302299e-02
time: 2.364511e-02
time: 2.364511e-02
time: 2.364511e-02
time: 2.426724e-02
time: 2.426724e-02
time: 2.488937e-02
time: 2.488937e-02
time: 2.551149e-02
time: 2.613362e-02
time: 2.675574e-02
time: 2.737787e-02
time: 2.737787e-02
time: 2.800000e-02
time: 2.800000e-02
time: 2.862212e-02
time: 2.862212e-02
time: 2.939125e-02
time: 2.939125e-02
time: 2.939125e-02
time: 3.016037e-02
time: 3.016037e-02
time: 3.092950e-02
time: 3.092950e-02
time: 3.169862e-02
time: 3.169862e-02
time: 3.169862e-02
time: 3.246774e-02
time: 3.246774e-02
time: 3.323687e-02
time: 3.323687e-02
time: 3.400599e-02
time: 3.400599e-02
time: 3.400599e-02
time: 3.477512e-02
time: 3.477512e-02
time: 3.554424e-02
time: 3.554424e-02
time: 3.631336e-02
time: 3.631336e-02
time: 3.708249e-02
time: 3.708249e-02
time: 3.708249e-02
time: 3.785161e-02
time: 3.785161e-02
time: 3.862074e-02
time: 3.862074e-02
time: 3.938986e-02
time: 3.938986e-02
time: 4.015898e-02
time: 4.015898e-02
time: 4.015898e-02
time: 4.092811e-02
time: 4.092811e-02
time: 4.169723e-02
time: 4.169723e-02
time: 4.246636e-02
time: 4.246636e-02
time: 4.339108e-02
time: 4.431580e-02
time: 4.431580e-02
time: 4.524052e-02
time: 4.524052e-02
time: 4.524052e-02
time: 4.524052e-02
time: 4.524052e-02
time: 4.454698e-02
time: 4.454698e-02
time: 4.454698e-02
time: 4.454698e-02
time: 4.454698e-02
time: 4.454698e-02
time: 4.454698e-02
time: 4.454698e-02
time: 4.454698e-02
time: 4.454698e-02
time: 4.454698e-02
time: 4.454698e-02
time: 4.454698e-02
time: 4.454698e-02
time: 4.454698e-02
time: 4.454698e-02
time: 4.454698e-02
time: 4.454698e-02
time: 4.454698e-02
time: 4.454698e-02
time: 4.454698e-02
time: 4.454698e-02
time: 4.454698e-02
time: 4.454698e-02
time: 4.454698e-02
time: 4.454698e-02
time: 4.454698e-02
time: 4.454698e-02
time: 4.454698e-02
time: 4.454698e-02
time: 4.454698e-02
time: 4.454698e-02
time: 4.454698e-02
time: 4.454698e-02
time: 4.454698e-02
time: 4.454698e-02
time: 4.454698e-02
time: 4.454698e-02
time: 4.454698e-02
time: 4.454698e-02
time: 4.454698e-02
time: 4.454698e-02
time: 4.454698e-02
time: 4.454698e-02
time: 4.454698e-02
time: 4.454698e-02
time: 4.454698e-02
time: 4.454698e-02
time: 4.454698e-02
time: 4.454698e-02
time: 4.454698e-02
time: 4.454698e-02
time: 4.454698e-02
time: 4.454698e-02
time: 4.454698e-02
time: 4.477816e-02
time: 4.500934e-02
time: 4.524052e-02
time: 4.547170e-02
time: 4.593406e-02
time: 4.639642e-02
time: 4.685878e-02
time: 4.732114e-02
time: 4.824587e-02
time: 4.824587e-02
time: 4.917059e-02
time: 5.009531e-02
time: 5.102003e-02
time: 5.194475e-02
time: 5.337337e-02
time: 5.480199e-02
time: 5.623061e-02
time: 5.765923e-02
time: 5.908785e-02
time: 6.051647e-02
time: 6.224438e-02
time: 6.397229e-02
time: 6.397229e-02
time: 6.570020e-02
time: 6.742811e-02
time: 6.915603e-02
time: 7.088394e-02
time: 7.261185e-02
time: 7.433976e-02
time: 7.606767e-02
time: 7.779558e-02
time: 7.990718e-02
time: 8.201877e-02
time: 8.201877e-02
time: 8.413036e-02
time: 8.413036e-02
time: 8.624196e-02
time: 8.835355e-02
time: 9.046515e-02
time: 9.257674e-02
time: 9.468834e-02
time: 9.679993e-02
time: 9.936949e-02
time: 1.019391e-01
time: 1.019391e-01
time: 1.045086e-01
time: 1.070782e-01
time: 1.070782e-01
time: 1.096477e-01
time: 1.122173e-01
time: 1.122173e-01
time: 1.147869e-01
time: 1.173564e-01
time: 1.173564e-01
time: 1.199260e-01
time: 1.199260e-01
time: 1.224955e-01
time: 1.224955e-01
time: 1.250651e-01
time: 1.250651e-01
time: 1.250651e-01
time: 1.276347e-01
time: 1.276347e-01
time: 1.302042e-01
time: 1.302042e-01
time: 1.302042e-01
time: 1.302042e-01
time: 1.289194e-01
time: 1.289194e-01
time: 1.302042e-01
time: 1.314890e-01
time: 1.314890e-01
time: 1.314890e-01
time: 1.314890e-01
time: 1.308466e-01
time: 1.308466e-01
time: 1.314890e-01
time: 1.314890e-01
time: 1.321314e-01
time: 1.321314e-01
time: 1.321314e-01
time: 1.327738e-01
time: 1.327738e-01
time: 1.334162e-01
time: 1.334162e-01
time: 1.334162e-01
time: 1.330950e-01
time: 1.330950e-01
time: 1.334162e-01
time: 1.334162e-01
time: 1.337374e-01
time: 1.337374e-01
time: 1.340586e-01
time: 1.340586e-01
time: 1.343797e-01
time: 1.343797e-01
time: 1.343797e-01
time: 1.347009e-01
time: 1.347009e-01
time: 1.350221e-01
time: 1.350221e-01
time: 1.350221e-01
time: 1.353433e-01
time: 1.353433e-01
time: 1.353433e-01
time: 1.356645e-01
time: 1.356645e-01
time: 1.359857e-01
time: 1.359857e-01
time: 1.363069e-01
time: 1.363069e-01
time: 1.363069e-01
time: 1.366281e-01
time: 1.366281e-01
time: 1.366281e-01
time: 1.364675e-01
time: 1.366281e-01
time: 1.366281e-01
time: 1.367887e-01
time: 1.369493e-01
time: 1.371099e-01
time: 1.372705e-01
time: 1.374800e-01
time: 1.376895e-01
time: 1.376895e-01
time: 1.378989e-01
time: 1.381084e-01
time: 1.381084e-01
time: 1.383179e-01
time: 1.386026e-01
time: 1.386026e-01
time: 1.388873e-01
time: 1.391720e-01
time: 1.394568e-01
time: 1.397415e-01
time: 1.400262e-01
time: 1.403110e-01
time: 1.405957e-01
time: 1.405957e-01
time: 1.408804e-01
time: 1.412256e-01
time: 1.412256e-01
time: 1.410530e-01
time: 1.412256e-01
time: 1.413982e-01
time: 1.415708e-01
time: 1.419160e-01
time: 1.422612e-01
time: 1.426064e-01
time: 1.432757e-01
time: 1.439449e-01
time: 1.446142e-01
time: 1.459527e-01
time: 1.472912e-01
time: 1.486298e-01
time: 1.499683e-01
time: 1.519913e-01
time: 1.540144e-01
time: 1.540144e-01
time: 1.560374e-01
time: 1.580605e-01
time: 1.580605e-01
time: 1.600836e-01
time: 1.627300e-01
time: 1.627300e-01
time: 1.627300e-01
time: 1.614068e-01
time: 1.627300e-01
time: 1.640532e-01
time: 1.653764e-01
time: 1.666996e-01
time: 1.666996e-01
time: 1.680228e-01
time: 1.697639e-01
time: 1.697639e-01
time: 1.697639e-01
time: 1.688933e-01
time: 1.697639e-01
time: 1.706345e-01
time: 1.715050e-01
time: 1.728659e-01
time: 1.742268e-01
time: 1.755877e-01
time: 1.783094e-01
time: 1.810312e-01
time: 1.837529e-01
time: 1.837529e-01
time: 1.864747e-01
time: 1.902596e-01
time: 1.902596e-01
time: 1.902596e-01
time: 1.883672e-01
time: 1.902596e-01
time: 1.921521e-01
time: 1.940446e-01
time: 1.959370e-01
time: 1.959370e-01
time: 1.978295e-01
time: 2.002417e-01
time: 2.002417e-01
time: 2.026538e-01
time: 2.026538e-01
time: 2.050659e-01
time: 2.074781e-01
time: 2.074781e-01
time: 2.098902e-01
time: 2.128188e-01
time: 2.128188e-01
time: 2.128188e-01
time: 2.113545e-01
time: 2.128188e-01
time: 2.142831e-01
time: 2.157474e-01
time: 2.186129e-01
time: 2.214783e-01
time: 2.243438e-01
time: 2.297139e-01
time: 2.350841e-01
time: 2.350841e-01
time: 2.404543e-01
time: 2.458245e-01
time: 2.529295e-01
time: 2.529295e-01
time: 2.600346e-01
time: 2.600346e-01
time: 2.671397e-01
time: 2.742447e-01
time: 2.742447e-01
time: 2.813498e-01
time: 2.884549e-01
time: 2.973946e-01
time: 2.973946e-01
time: 3.063344e-01
time: 3.063344e-01
time: 3.134862e-01
time: 3.206380e-01
time: 3.206380e-01
time: 3.277898e-01
time: 3.349416e-01
time: 3.420934e-01
time: 3.420934e-01
time: 3.492452e-01
time: 3.563970e-01
time: 3.563970e-01
time: 3.635488e-01
time: 3.635488e-01
time: 3.707006e-01
time: 3.707006e-01
time: 3.764221e-01
time: 3.821435e-01
time: 3.878649e-01
time: 3.878649e-01
time: 3.935864e-01
time: 4.010769e-01
time: 4.010769e-01
time: 4.085674e-01
time: 4.085674e-01
time: 4.160579e-01
time: 4.235484e-01
time: 4.235484e-01
time: 4.235484e-01
time: 4.198031e-01
time: 4.235484e-01
time: 4.272936e-01
time: 4.310389e-01
time: 4.361759e-01
time: 4.413129e-01
time: 4.464500e-01
time: 4.464500e-01
time: 4.515870e-01
time: 4.606303e-01
time: 4.696736e-01
time: 4.787170e-01
time: 4.787170e-01
time: 4.877603e-01
time: 4.998958e-01
time: 4.998958e-01
time: 5.120314e-01
time: 5.241669e-01
time: 5.241669e-01
time: 5.411682e-01
time: 5.581694e-01
time: 5.581694e-01
time: 5.717705e-01
time: 5.853715e-01
time: 5.853715e-01
time: 5.989725e-01
time: 6.260402e-01
time: 6.260402e-01
time: 6.260402e-01
time: 6.260402e-01
time: 6.260402e-01
time: 5.989725e-01
time: 6.057394e-01
time: 6.057394e-01
time: 6.057394e-01
time: 6.057394e-01
time: 6.057394e-01
time: 6.057394e-01
time: 6.057394e-01
time: 6.057394e-01
time: 6.057394e-01
time: 6.057394e-01
time: 6.057394e-01
time: 6.057394e-01
time: 6.057394e-01
time: 6.057394e-01
time: 6.057394e-01
time: 6.057394e-01
time: 6.057394e-01
time: 6.057394e-01
time: 6.057394e-01
time: 6.057394e-01
time: 6.057394e-01
time: 6.057394e-01
time: 6.057394e-01
time: 6.057394e-01
time: 6.057394e-01
time: 6.057394e-01
time: 6.057394e-01
time: 6.057394e-01
time: 6.057394e-01
time: 6.057394e-01
time: 6.057394e-01
time: 6.057394e-01
time: 6.057394e-01
time: 6.057394e-01
time: 6.057394e-01
time: 6.057394e-01
time: 6.057394e-01
time: 6.057394e-01
time: 6.057394e-01
time: 6.057394e-01
time: 6.057394e-01
time: 6.057394e-01
time: 6.057394e-01
time: 6.057394e-01
time: 6.057394e-01
time: 6.057394e-01
time: 6.057394e-01
time: 6.057394e-01
time: 6.057394e-01
time: 6.057394e-01
time: 6.057394e-01
time: 6.057394e-01
time: 6.057394e-01
time: 6.057394e-01
time: 6.057394e-01
time: 6.057394e-01
time: 6.019160e-01
time: 6.019160e-01
time: 6.004443e-01
time: 6.004443e-01
time: 6.019160e-01
time: 6.033878e-01
time: 6.048595e-01
time: 6.078031e-01
time: 6.107466e-01
time: 6.136901e-01
time: 6.195772e-01
time: 6.254642e-01
time: 6.313513e-01
time: 6.431254e-01
time: 6.548995e-01
time: 6.666736e-01
time: 6.902218e-01
time: 7.137700e-01
time: 7.373182e-01
time: 7.844146e-01
time: 8.315111e-01
time: 8.786075e-01
time: 9.728003e-01
time: 1.000000e+00
Number of steps: 840, current time 1.000000

==== Status of problem ====

Parser configured
Database configured
Mixture configured
Solution configured
Solver configured
Problem solved

==== END of Status ====

ULF run took 19.89 s

==== ULF END ====
