# RUNNING VERSION '1.07-1'
+==========================================================================================================+
|                                                                                                          |
|                                                                                              #           |
|                                                                                             ##           |
|                                                                                            ###           |
|                                                                                          ####            |
|                                                          TU Freiberg                    ######           |
|                                                          Chair of Numerical            #### ##           |
|                                                          Thermo-Fluid-Dynamics         ########          |
|        Universal Laminar Flame Solver                                                  #### #####        |
|                                                                                          ##########      |
|                                                                                                #####     |
|                            ###    ##########             ####  ################################# ###     |
|                           ####  ####                    #####     ####   ####          ######### ###     |
|                          ####  ####                    ######     ###   ###                  ### ###     |
|         ####      ####  ################              ###  ###   ###   #########   ###       ### ##      |
|        ####      ####  ################              ###   ###  ###   ########    ###       ### ###      |
|       ####       ###  #### ####                     ###    ### ###   ###         ##       ### ###        |
|       #####   #####  #### ####                     ###      #####   ###         ###    ##### ###         |
|        ##########   ####  ###                     ###       #############      ########## #####          |
|                                                        #######################################           |
|                                                      ###               #####################             |
|                                                                             ############                 |
|                                                                                                          |
+==========================================================================================================+
                                                                                                            
ULF run at Tue Sep 15 21:29:35 2015



==== Status of problem ====

Parser configured
Database configured
Mixture configured
Solution configured
Solver configured
Problem NOT solved

==== END of Status ====
time: 0.000000e+00
time: 4.666233e-10
time: 4.666233e-10
time: 4.666233e-10
time: 4.666233e-10
time: 4.666233e-10
time: 4.666233e-10
time: 4.666233e-10
time: 4.666233e-10
time: 4.666233e-10
time: 4.666233e-10
time: 4.666233e-10
time: 4.666233e-10
time: 4.666233e-10
time: 4.666233e-10
time: 4.666233e-10
time: 4.666233e-10
time: 4.666233e-10
time: 4.666233e-10
time: 4.666233e-10
time: 4.666233e-10
time: 4.666233e-10
time: 4.666233e-10
time: 4.666233e-10
time: 4.666233e-10
time: 4.666233e-10
time: 4.666233e-10
time: 4.666233e-10
time: 4.666233e-10
time: 4.666233e-10
time: 4.666233e-10
time: 4.666233e-10
time: 4.666233e-10
time: 4.666233e-10
time: 4.666233e-10
time: 4.666233e-10
time: 4.666233e-10
time: 4.666233e-10
time: 4.666233e-10
time: 4.666233e-10
time: 4.666233e-10
time: 4.666233e-10
time: 4.666233e-10
time: 4.666233e-10
time: 4.666233e-10
time: 4.666233e-10
time: 4.666233e-10
time: 4.666233e-10
time: 4.666233e-10
time: 4.666233e-10
time: 4.666233e-10
time: 4.666233e-10
time: 4.666233e-10
time: 4.666233e-10
time: 4.666233e-10
time: 4.666233e-10
time: 9.332467e-10
time: 1.399870e-09
time: 5.089495e-08
time: 1.003900e-07
time: 1.498851e-07
time: 2.441863e-07
time: 3.384874e-07
time: 4.327886e-07
time: 5.925172e-07
time: 7.522459e-07
time: 9.119745e-07
time: 1.147491e-06
time: 1.383007e-06
time: 1.618523e-06
time: 2.122120e-06
time: 2.625717e-06
time: 3.129315e-06
time: 3.632912e-06
time: 4.441063e-06
time: 5.249214e-06
time: 6.057366e-06
time: 6.865517e-06
time: 8.254841e-06
time: 9.644164e-06
time: 1.103349e-05
time: 1.242281e-05
time: 1.448361e-05
time: 1.654442e-05
time: 1.860522e-05
time: 2.066602e-05
time: 2.478763e-05
time: 2.478763e-05
time: 2.890923e-05
time: 2.890923e-05
time: 3.303084e-05
time: 3.303084e-05
time: 3.715244e-05
time: 4.127405e-05
time: 4.657595e-05
time: 5.187785e-05
time: 5.717976e-05
time: 6.248166e-05
time: 6.778356e-05
time: 7.443635e-05
time: 8.108914e-05
time: 8.774193e-05
time: 9.439471e-05
time: 1.010475e-04
time: 1.093722e-04
time: 1.176968e-04
time: 1.260215e-04
time: 1.343461e-04
time: 1.426708e-04
time: 1.533181e-04
time: 1.639653e-04
time: 1.746126e-04
time: 1.746126e-04
time: 1.852598e-04
time: 1.959071e-04
time: 1.959071e-04
time: 2.065544e-04
time: 2.198814e-04
time: 2.198814e-04
time: 2.198814e-04
time: 2.198814e-04
time: 2.332084e-04
time: 2.465355e-04
time: 2.465355e-04
time: 2.465355e-04
time: 2.465355e-04
time: 2.598625e-04
time: 2.731895e-04
time: 2.731895e-04
time: 2.731895e-04
time: 2.731895e-04
time: 2.865166e-04
time: 2.865166e-04
time: 2.998436e-04
time: 2.998436e-04
time: 3.131706e-04
time: 3.131706e-04
time: 3.131706e-04
time: 3.131706e-04
time: 3.131706e-04
time: 3.031753e-04
time: 3.031753e-04
time: 3.031753e-04
time: 3.031753e-04
time: 3.031753e-04
time: 3.031753e-04
time: 3.031753e-04
time: 3.031753e-04
time: 3.031753e-04
time: 3.031753e-04
time: 3.031753e-04
time: 3.031753e-04
time: 3.031753e-04
time: 3.031753e-04
time: 3.031753e-04
time: 3.031753e-04
time: 3.031753e-04
time: 3.031753e-04
time: 3.031753e-04
time: 3.031753e-04
time: 3.031753e-04
time: 3.031753e-04
time: 3.031753e-04
time: 3.031753e-04
time: 3.031753e-04
time: 3.031753e-04
time: 3.031753e-04
time: 3.031753e-04
time: 3.031753e-04
time: 3.031753e-04
time: 3.031753e-04
time: 3.031753e-04
time: 3.031753e-04
time: 3.031753e-04
time: 3.031753e-04
time: 3.031753e-04
time: 3.031753e-04
time: 3.031753e-04
time: 3.031753e-04
time: 3.031753e-04
time: 3.031753e-04
time: 3.031753e-04
time: 3.031753e-04
time: 3.031753e-04
time: 3.031753e-04
time: 3.031753e-04
time: 3.031753e-04
time: 3.031753e-04
time: 3.031753e-04
time: 3.031753e-04
time: 3.031753e-04
time: 3.031753e-04
time: 3.031753e-04
time: 3.031753e-04
time: 3.031753e-04
time: 3.065071e-04
time: 3.098389e-04
time: 3.131706e-04
time: 3.165024e-04
time: 3.231659e-04
time: 3.298294e-04
time: 3.364929e-04
time: 3.364929e-04
time: 3.431564e-04
time: 3.431564e-04
time: 3.556612e-04
time: 3.556612e-04
time: 3.681660e-04
time: 3.806708e-04
time: 3.931756e-04
time: 3.931756e-04
time: 4.056804e-04
time: 4.056804e-04
time: 4.181852e-04
time: 4.181852e-04
time: 4.306900e-04
time: 4.306900e-04
time: 4.244376e-04
time: 4.306900e-04
time: 4.369424e-04
time: 4.431948e-04
time: 4.494472e-04
time: 4.556996e-04
time: 4.632421e-04
time: 4.632421e-04
time: 4.707847e-04
time: 4.707847e-04
time: 4.783272e-04
time: 4.783272e-04
time: 4.858698e-04
time: 4.858698e-04
time: 4.934123e-04
time: 4.934123e-04
time: 5.009549e-04
time: 5.009549e-04
time: 5.084974e-04
time: 5.084974e-04
time: 5.047261e-04
time: 5.084974e-04
time: 5.122687e-04
time: 5.160400e-04
time: 5.198112e-04
time: 5.235825e-04
time: 5.273538e-04
time: 5.311251e-04
time: 5.311251e-04
time: 5.348963e-04
time: 5.394695e-04
time: 5.440426e-04
time: 5.486157e-04
time: 5.486157e-04
time: 5.486157e-04
time: 5.531888e-04
time: 5.531888e-04
time: 5.577620e-04
time: 5.577620e-04
time: 5.577620e-04
time: 5.623351e-04
time: 5.623351e-04
time: 5.623351e-04
time: 5.600485e-04
time: 5.623351e-04
time: 5.646217e-04
time: 5.669082e-04
time: 5.691948e-04
time: 5.714813e-04
time: 5.714813e-04
time: 5.737679e-04
time: 5.765652e-04
time: 5.793626e-04
time: 5.793626e-04
time: 5.821599e-04
time: 5.821599e-04
time: 5.849573e-04
time: 5.849573e-04
time: 5.877546e-04
time: 5.877546e-04
time: 5.905519e-04
time: 5.905519e-04
time: 5.933493e-04
time: 5.933493e-04
time: 5.961466e-04
time: 5.961466e-04
time: 5.989440e-04
time: 5.989440e-04
time: 6.017413e-04
time: 6.017413e-04
time: 6.045386e-04
time: 6.045386e-04
time: 6.073360e-04
time: 6.073360e-04
time: 6.073360e-04
time: 6.101333e-04
time: 6.101333e-04
time: 6.101333e-04
time: 6.129307e-04
time: 6.129307e-04
time: 6.129307e-04
time: 6.129307e-04
time: 6.157280e-04
time: 6.157280e-04
time: 6.157280e-04
time: 6.185253e-04
time: 6.185253e-04
time: 6.185253e-04
time: 6.185253e-04
time: 6.213227e-04
time: 6.213227e-04
time: 6.241200e-04
time: 6.241200e-04
time: 6.241200e-04
time: 6.241200e-04
time: 6.269174e-04
time: 6.297147e-04
time: 6.297147e-04
time: 6.297147e-04
time: 6.297147e-04
time: 6.325120e-04
time: 6.325120e-04
time: 6.353094e-04
time: 6.353094e-04
time: 6.381067e-04
time: 6.381067e-04
time: 6.381067e-04
time: 6.409041e-04
time: 6.409041e-04
time: 6.409041e-04
time: 6.437014e-04
time: 6.437014e-04
time: 6.437014e-04
time: 6.464987e-04
time: 6.464987e-04
time: 6.464987e-04
time: 6.464987e-04
time: 6.464987e-04
time: 6.444007e-04
time: 6.444007e-04
time: 6.444007e-04
time: 6.444007e-04
time: 6.444007e-04
time: 6.444007e-04
time: 6.444007e-04
time: 6.444007e-04
time: 6.444007e-04
time: 6.444007e-04
time: 6.444007e-04
time: 6.444007e-04
time: 6.444007e-04
time: 6.444007e-04
time: 6.444007e-04
time: 6.444007e-04
time: 6.444007e-04
time: 6.444007e-04
time: 6.444007e-04
time: 6.444007e-04
time: 6.444007e-04
time: 6.444007e-04
time: 6.444007e-04
time: 6.444007e-04
time: 6.444007e-04
time: 6.444007e-04
time: 6.444007e-04
time: 6.444007e-04
time: 6.444007e-04
time: 6.444007e-04
time: 6.444007e-04
time: 6.444007e-04
time: 6.444007e-04
time: 6.444007e-04
time: 6.444007e-04
time: 6.444007e-04
time: 6.444007e-04
time: 6.444007e-04
time: 6.444007e-04
time: 6.444007e-04
time: 6.444007e-04
time: 6.444007e-04
time: 6.444007e-04
time: 6.444007e-04
time: 6.444007e-04
time: 6.444007e-04
time: 6.444007e-04
time: 6.444007e-04
time: 6.444007e-04
time: 6.444007e-04
time: 6.444007e-04
time: 6.444007e-04
time: 6.444007e-04
time: 6.444007e-04
time: 6.444007e-04
time: 6.451001e-04
time: 6.457994e-04
time: 6.464987e-04
time: 6.471981e-04
time: 6.485967e-04
time: 6.499954e-04
time: 6.513941e-04
time: 6.527928e-04
time: 6.541914e-04
time: 6.565825e-04
time: 6.589736e-04
time: 6.589736e-04
time: 6.613647e-04
time: 6.613647e-04
time: 6.637558e-04
time: 6.637558e-04
time: 6.661469e-04
time: 6.661469e-04
time: 6.685380e-04
time: 6.685380e-04
time: 6.709290e-04
time: 6.709290e-04
time: 6.733201e-04
time: 6.733201e-04
time: 6.757112e-04
time: 6.757112e-04
time: 6.781023e-04
time: 6.781023e-04
time: 6.804934e-04
time: 6.804934e-04
time: 6.828845e-04
time: 6.828845e-04
time: 6.852756e-04
time: 6.852756e-04
time: 6.876667e-04
time: 6.900578e-04
time: 6.924488e-04
time: 6.924488e-04
time: 6.948399e-04
time: 6.977427e-04
time: 6.977427e-04
time: 7.006454e-04
time: 7.006454e-04
time: 7.035481e-04
time: 7.035481e-04
time: 7.064509e-04
time: 7.064509e-04
time: 7.093536e-04
time: 7.093536e-04
time: 7.122563e-04
time: 7.151591e-04
time: 7.180618e-04
time: 7.180618e-04
time: 7.209646e-04
time: 7.238673e-04
time: 7.238673e-04
time: 7.267700e-04
time: 7.296728e-04
time: 7.325755e-04
time: 7.325755e-04
time: 7.354782e-04
time: 7.393378e-04
time: 7.393378e-04
time: 7.431973e-04
time: 7.431973e-04
time: 7.470569e-04
time: 7.470569e-04
time: 7.509164e-04
time: 7.509164e-04
time: 7.547759e-04
time: 7.602915e-04
time: 7.602915e-04
time: 7.658070e-04
time: 7.658070e-04
time: 7.713225e-04
time: 7.713225e-04
time: 7.768380e-04
time: 7.768380e-04
time: 7.823536e-04
time: 7.897769e-04
time: 7.897769e-04
time: 7.972002e-04
time: 7.972002e-04
time: 8.046236e-04
time: 8.046236e-04
time: 8.120469e-04
time: 8.120469e-04
time: 8.194702e-04
time: 8.194702e-04
time: 8.268936e-04
time: 8.268936e-04
time: 8.343169e-04
time: 8.343169e-04
time: 8.343169e-04
time: 8.417402e-04
time: 8.417402e-04
time: 8.417402e-04
time: 8.417402e-04
time: 8.491636e-04
time: 8.491636e-04
time: 8.491636e-04
time: 8.565869e-04
time: 8.565869e-04
time: 8.640102e-04
time: 8.640102e-04
time: 8.640102e-04
time: 8.640102e-04
time: 8.640102e-04
time: 8.584427e-04
time: 8.584427e-04
time: 8.584427e-04
time: 8.584427e-04
time: 8.584427e-04
time: 8.584427e-04
time: 8.584427e-04
time: 8.584427e-04
time: 8.584427e-04
time: 8.584427e-04
time: 8.584427e-04
time: 8.584427e-04
time: 8.584427e-04
time: 8.584427e-04
time: 8.584427e-04
time: 8.584427e-04
time: 8.584427e-04
time: 8.584427e-04
time: 8.584427e-04
time: 8.584427e-04
time: 8.584427e-04
time: 8.584427e-04
time: 8.584427e-04
time: 8.584427e-04
time: 8.584427e-04
time: 8.584427e-04
time: 8.584427e-04
time: 8.584427e-04
time: 8.584427e-04
time: 8.584427e-04
time: 8.584427e-04
time: 8.584427e-04
time: 8.584427e-04
time: 8.584427e-04
time: 8.584427e-04
time: 8.584427e-04
time: 8.584427e-04
time: 8.584427e-04
time: 8.584427e-04
time: 8.584427e-04
time: 8.584427e-04
time: 8.584427e-04
time: 8.584427e-04
time: 8.584427e-04
time: 8.584427e-04
time: 8.584427e-04
time: 8.584427e-04
time: 8.584427e-04
time: 8.584427e-04
time: 8.584427e-04
time: 8.584427e-04
time: 8.584427e-04
time: 8.584427e-04
time: 8.584427e-04
time: 8.584427e-04
time: 8.602986e-04
time: 8.621544e-04
time: 8.640102e-04
time: 8.658661e-04
time: 8.695777e-04
time: 8.732894e-04
time: 8.770011e-04
time: 8.807127e-04
time: 8.844244e-04
time: 8.907080e-04
time: 8.969917e-04
time: 9.032753e-04
time: 9.032753e-04
time: 9.095589e-04
time: 9.158426e-04
time: 9.221262e-04
time: 9.297178e-04
time: 9.373094e-04
time: 9.449011e-04
time: 9.524927e-04
time: 9.600843e-04
time: 9.676759e-04
time: 9.752675e-04
time: 9.752675e-04
time: 9.828591e-04
time: 9.828591e-04
time: 9.904507e-04
time: 9.980423e-04
time: 1.005634e-03
time: 1.014826e-03
time: 1.014826e-03
time: 1.024018e-03
time: 1.024018e-03
time: 1.033211e-03
time: 1.042403e-03
time: 1.051595e-03
time: 1.060787e-03
time: 1.069979e-03
time: 1.069979e-03
time: 1.079171e-03
time: 1.090288e-03
time: 1.101404e-03
time: 1.101404e-03
time: 1.112520e-03
time: 1.123636e-03
time: 1.134752e-03
time: 1.134752e-03
time: 1.145868e-03
time: 1.160377e-03
time: 1.160377e-03
time: 1.174886e-03
time: 1.189395e-03
time: 1.189395e-03
time: 1.189395e-03
time: 1.203904e-03
time: 1.203904e-03
time: 1.203904e-03
time: 1.203904e-03
time: 1.218413e-03
time: 1.218413e-03
time: 1.218413e-03
time: 1.232922e-03
time: 1.253321e-03
time: 1.273720e-03
time: 1.273720e-03
time: 1.294119e-03
time: 1.294119e-03
time: 1.314518e-03
time: 1.314518e-03
time: 1.334917e-03
time: 1.334917e-03
time: 1.355316e-03
time: 1.355316e-03
time: 1.375715e-03
time: 1.375715e-03
time: 1.396114e-03
time: 1.396114e-03
time: 1.416513e-03
time: 1.416513e-03
time: 1.436912e-03
time: 1.436912e-03
time: 1.436912e-03
time: 1.436912e-03
time: 1.436912e-03
time: 1.421613e-03
time: 1.421613e-03
time: 1.421613e-03
time: 1.421613e-03
time: 1.421613e-03
time: 1.421613e-03
time: 1.421613e-03
time: 1.421613e-03
time: 1.421613e-03
time: 1.421613e-03
time: 1.421613e-03
time: 1.421613e-03
time: 1.421613e-03
time: 1.421613e-03
time: 1.421613e-03
time: 1.421613e-03
time: 1.421613e-03
time: 1.421613e-03
time: 1.421613e-03
time: 1.421613e-03
time: 1.421613e-03
time: 1.421613e-03
time: 1.421613e-03
time: 1.421613e-03
time: 1.421613e-03
time: 1.421613e-03
time: 1.421613e-03
time: 1.421613e-03
time: 1.421613e-03
time: 1.421613e-03
time: 1.421613e-03
time: 1.421613e-03
time: 1.421613e-03
time: 1.421613e-03
time: 1.421613e-03
time: 1.421613e-03
time: 1.421613e-03
time: 1.421613e-03
time: 1.421613e-03
time: 1.421613e-03
time: 1.421613e-03
time: 1.421613e-03
time: 1.421613e-03
time: 1.421613e-03
time: 1.421613e-03
time: 1.421613e-03
time: 1.421613e-03
time: 1.421613e-03
time: 1.421613e-03
time: 1.421613e-03
time: 1.421613e-03
time: 1.421613e-03
time: 1.421613e-03
time: 1.421613e-03
time: 1.421613e-03
time: 1.426713e-03
time: 1.431813e-03
time: 1.436912e-03
time: 1.442012e-03
time: 1.452212e-03
time: 1.462411e-03
time: 1.472611e-03
time: 1.482810e-03
time: 1.503209e-03
time: 1.523608e-03
time: 1.544007e-03
time: 1.564406e-03
time: 1.584805e-03
time: 1.615586e-03
time: 1.646367e-03
time: 1.677148e-03
time: 1.707929e-03
time: 1.738710e-03
time: 1.769491e-03
time: 1.807252e-03
time: 1.845013e-03
time: 1.882774e-03
time: 1.920536e-03
time: 1.958297e-03
time: 1.996058e-03
time: 2.033819e-03
time: 2.080101e-03
time: 2.126382e-03
time: 2.172664e-03
time: 2.218946e-03
time: 2.265228e-03
time: 2.311509e-03
time: 2.311509e-03
time: 2.357791e-03
time: 2.404073e-03
time: 2.450354e-03
time: 2.450354e-03
time: 2.496636e-03
time: 2.496636e-03
time: 2.542918e-03
time: 2.601299e-03
time: 2.601299e-03
time: 2.659681e-03
time: 2.718063e-03
time: 2.776445e-03
time: 2.776445e-03
time: 2.834826e-03
time: 2.893208e-03
time: 2.951590e-03
time: 2.951590e-03
time: 3.009971e-03
time: 3.068353e-03
time: 3.068353e-03
time: 3.126735e-03
time: 3.185116e-03
time: 3.185116e-03
time: 3.243498e-03
time: 3.301880e-03
time: 3.301880e-03
time: 3.360262e-03
time: 3.360262e-03
time: 3.418643e-03
time: 3.418643e-03
time: 3.477025e-03
time: 3.477025e-03
time: 3.477025e-03
time: 3.535407e-03
time: 3.535407e-03
time: 3.535407e-03
time: 3.535407e-03
time: 3.535407e-03
time: 3.491620e-03
time: 3.491620e-03
time: 3.491620e-03
time: 3.491620e-03
time: 3.491620e-03
time: 3.491620e-03
time: 3.491620e-03
time: 3.491620e-03
time: 3.491620e-03
time: 3.491620e-03
time: 3.491620e-03
time: 3.491620e-03
time: 3.491620e-03
time: 3.491620e-03
time: 3.491620e-03
time: 3.491620e-03
time: 3.491620e-03
time: 3.491620e-03
time: 3.491620e-03
time: 3.491620e-03
time: 3.491620e-03
time: 3.491620e-03
time: 3.491620e-03
time: 3.491620e-03
time: 3.491620e-03
time: 3.491620e-03
time: 3.491620e-03
time: 3.491620e-03
time: 3.491620e-03
time: 3.491620e-03
time: 3.491620e-03
time: 3.491620e-03
time: 3.491620e-03
time: 3.491620e-03
time: 3.491620e-03
time: 3.491620e-03
time: 3.491620e-03
time: 3.491620e-03
time: 3.491620e-03
time: 3.491620e-03
time: 3.491620e-03
time: 3.491620e-03
time: 3.491620e-03
time: 3.491620e-03
time: 3.491620e-03
time: 3.491620e-03
time: 3.491620e-03
time: 3.491620e-03
time: 3.491620e-03
time: 3.491620e-03
time: 3.491620e-03
time: 3.491620e-03
time: 3.491620e-03
time: 3.491620e-03
time: 3.491620e-03
time: 3.491620e-03
time: 3.484323e-03
time: 3.484323e-03
time: 3.491620e-03
time: 3.491620e-03
time: 3.498918e-03
time: 3.498918e-03
time: 3.506216e-03
time: 3.506216e-03
time: 3.520811e-03
time: 3.535407e-03
time: 3.550002e-03
time: 3.564598e-03
time: 3.593788e-03
time: 3.622979e-03
time: 3.652170e-03
time: 3.681361e-03
time: 3.739743e-03
time: 3.798124e-03
time: 3.856506e-03
time: 3.914888e-03
time: 3.973270e-03
time: 4.075394e-03
time: 4.177517e-03
time: 4.279641e-03
time: 4.381765e-03
time: 4.483889e-03
time: 4.586013e-03
time: 4.709703e-03
time: 4.833393e-03
time: 4.957083e-03
time: 5.080772e-03
time: 5.204462e-03
time: 5.328152e-03
time: 5.451842e-03
time: 5.600816e-03
time: 5.749791e-03
time: 5.749791e-03
time: 5.898765e-03
time: 6.047740e-03
time: 6.196715e-03
time: 6.196715e-03
time: 6.345689e-03
time: 6.494664e-03
time: 6.494664e-03
time: 6.643638e-03
time: 6.792613e-03
time: 6.792613e-03
time: 6.941587e-03
time: 7.090562e-03
time: 7.239536e-03
time: 7.239536e-03
time: 7.388511e-03
time: 7.388511e-03
time: 7.537486e-03
time: 7.537486e-03
time: 7.686460e-03
time: 7.686460e-03
time: 7.835435e-03
time: 7.984409e-03
time: 7.984409e-03
time: 8.133384e-03
time: 8.282358e-03
time: 8.495359e-03
time: 8.495359e-03
time: 8.708359e-03
time: 8.708359e-03
time: 8.921360e-03
time: 8.921360e-03
time: 9.134361e-03
time: 9.134361e-03
time: 9.347361e-03
time: 9.560362e-03
time: 9.560362e-03
time: 9.560362e-03
time: 9.773362e-03
time: 9.773362e-03
time: 9.773362e-03
time: 9.773362e-03
time: 9.986363e-03
time: 9.986363e-03
time: 9.986363e-03
time: 1.019936e-02
time: 1.019936e-02
time: 1.041236e-02
time: 1.067118e-02
time: 1.067118e-02
time: 1.067118e-02
time: 1.067118e-02
time: 1.067118e-02
time: 1.047707e-02
time: 1.047707e-02
time: 1.047707e-02
time: 1.047707e-02
time: 1.047707e-02
time: 1.047707e-02
time: 1.047707e-02
time: 1.047707e-02
time: 1.047707e-02
time: 1.047707e-02
time: 1.047707e-02
time: 1.047707e-02
time: 1.047707e-02
time: 1.047707e-02
time: 1.047707e-02
time: 1.047707e-02
time: 1.047707e-02
time: 1.047707e-02
time: 1.047707e-02
time: 1.047707e-02
time: 1.047707e-02
time: 1.047707e-02
time: 1.047707e-02
time: 1.047707e-02
time: 1.047707e-02
time: 1.047707e-02
time: 1.047707e-02
time: 1.047707e-02
time: 1.047707e-02
time: 1.047707e-02
time: 1.047707e-02
time: 1.047707e-02
time: 1.047707e-02
time: 1.047707e-02
time: 1.047707e-02
time: 1.047707e-02
time: 1.047707e-02
time: 1.047707e-02
time: 1.047707e-02
time: 1.047707e-02
time: 1.047707e-02
time: 1.047707e-02
time: 1.047707e-02
time: 1.047707e-02
time: 1.047707e-02
time: 1.047707e-02
time: 1.047707e-02
time: 1.047707e-02
time: 1.047707e-02
time: 1.047707e-02
time: 1.047707e-02
time: 1.047707e-02
time: 1.047707e-02
time: 1.047707e-02
time: 1.047707e-02
time: 1.054177e-02
time: 1.060648e-02
time: 1.067118e-02
time: 1.073589e-02
time: 1.086530e-02
time: 1.099471e-02
time: 1.112412e-02
time: 1.125353e-02
time: 1.151235e-02
time: 1.151235e-02
time: 1.177117e-02
time: 1.202998e-02
time: 1.202998e-02
time: 1.228880e-02
time: 1.254762e-02
time: 1.287731e-02
time: 1.320700e-02
time: 1.353668e-02
time: 1.386637e-02
time: 1.419606e-02
time: 1.452575e-02
time: 1.485543e-02
time: 1.525847e-02
time: 1.566150e-02
time: 1.606454e-02
time: 1.646757e-02
time: 1.687061e-02
time: 1.727364e-02
time: 1.767668e-02
time: 1.807971e-02
time: 1.848275e-02
time: 1.848275e-02
time: 1.888578e-02
time: 1.888578e-02
time: 1.888578e-02
time: 1.888578e-02
time: 1.888578e-02
time: 1.858351e-02
time: 1.858351e-02
time: 1.858351e-02
time: 1.858351e-02
time: 1.858351e-02
time: 1.858351e-02
time: 1.858351e-02
time: 1.858351e-02
time: 1.858351e-02
time: 1.858351e-02
time: 1.858351e-02
time: 1.858351e-02
time: 1.858351e-02
time: 1.858351e-02
time: 1.858351e-02
time: 1.858351e-02
time: 1.858351e-02
time: 1.858351e-02
time: 1.858351e-02
time: 1.858351e-02
time: 1.858351e-02
time: 1.858351e-02
time: 1.858351e-02
time: 1.858351e-02
time: 1.858351e-02
time: 1.858351e-02
time: 1.858351e-02
time: 1.858351e-02
time: 1.858351e-02
time: 1.858351e-02
time: 1.858351e-02
time: 1.858351e-02
time: 1.858351e-02
time: 1.858351e-02
time: 1.858351e-02
time: 1.858351e-02
time: 1.858351e-02
time: 1.858351e-02
time: 1.858351e-02
time: 1.858351e-02
time: 1.858351e-02
time: 1.858351e-02
time: 1.858351e-02
time: 1.858351e-02
time: 1.858351e-02
time: 1.858351e-02
time: 1.858351e-02
time: 1.858351e-02
time: 1.858351e-02
time: 1.858351e-02
time: 1.858351e-02
time: 1.858351e-02
time: 1.858351e-02
time: 1.858351e-02
time: 1.858351e-02
time: 1.868426e-02
time: 1.878502e-02
time: 1.888578e-02
time: 1.898654e-02
time: 1.918806e-02
time: 1.938958e-02
time: 1.959109e-02
time: 1.979261e-02
time: 1.999413e-02
time: 2.039716e-02
time: 2.080020e-02
time: 2.120323e-02
time: 2.160627e-02
time: 2.200930e-02
time: 2.260494e-02
time: 2.320059e-02
time: 2.379623e-02
time: 2.439187e-02
time: 2.498751e-02
time: 2.558315e-02
time: 2.617880e-02
time: 2.677444e-02
time: 2.737008e-02
time: 2.796572e-02
time: 2.856137e-02
time: 2.915701e-02
time: 2.915701e-02
time: 2.975265e-02
time: 3.034829e-02
time: 3.034829e-02
time: 3.094393e-02
time: 3.153958e-02
time: 3.213522e-02
time: 3.213522e-02
time: 3.285842e-02
time: 3.285842e-02
time: 3.285842e-02
time: 3.285842e-02
time: 3.285842e-02
time: 3.231602e-02
time: 3.231602e-02
time: 3.231602e-02
time: 3.231602e-02
time: 3.231602e-02
time: 3.231602e-02
time: 3.231602e-02
time: 3.231602e-02
time: 3.231602e-02
time: 3.231602e-02
time: 3.231602e-02
time: 3.231602e-02
time: 3.231602e-02
time: 3.231602e-02
time: 3.231602e-02
time: 3.231602e-02
time: 3.231602e-02
time: 3.231602e-02
time: 3.231602e-02
time: 3.231602e-02
time: 3.231602e-02
time: 3.231602e-02
time: 3.231602e-02
time: 3.231602e-02
time: 3.231602e-02
time: 3.231602e-02
time: 3.231602e-02
time: 3.231602e-02
time: 3.231602e-02
time: 3.231602e-02
time: 3.231602e-02
time: 3.231602e-02
time: 3.231602e-02
time: 3.231602e-02
time: 3.231602e-02
time: 3.231602e-02
time: 3.231602e-02
time: 3.231602e-02
time: 3.231602e-02
time: 3.231602e-02
time: 3.231602e-02
time: 3.231602e-02
time: 3.231602e-02
time: 3.231602e-02
time: 3.231602e-02
time: 3.231602e-02
time: 3.231602e-02
time: 3.231602e-02
time: 3.231602e-02
time: 3.231602e-02
time: 3.231602e-02
time: 3.231602e-02
time: 3.231602e-02
time: 3.231602e-02
time: 3.231602e-02
time: 3.249682e-02
time: 3.267762e-02
time: 3.285842e-02
time: 3.303923e-02
time: 3.340083e-02
time: 3.376243e-02
time: 3.412403e-02
time: 3.448564e-02
time: 3.484724e-02
time: 3.557044e-02
time: 3.629365e-02
time: 3.701686e-02
time: 3.774006e-02
time: 3.846327e-02
time: 3.952144e-02
time: 4.057961e-02
time: 4.163778e-02
time: 4.269595e-02
time: 4.375412e-02
time: 4.481229e-02
time: 4.587046e-02
time: 4.692863e-02
time: 4.822900e-02
time: 4.952938e-02
time: 5.082975e-02
time: 5.213012e-02
time: 5.343050e-02
time: 5.473087e-02
time: 5.603124e-02
time: 5.733162e-02
time: 5.863199e-02
time: 5.993236e-02
time: 6.123273e-02
time: 6.253311e-02
time: 6.383348e-02
time: 6.513385e-02
time: 6.643423e-02
time: 6.773460e-02
time: 6.903497e-02
time: 7.033534e-02
time: 7.163572e-02
time: 7.163572e-02
time: 7.293609e-02
time: 7.423646e-02
time: 7.423646e-02
time: 7.553684e-02
time: 7.553684e-02
time: 7.683721e-02
time: 7.850399e-02
time: 8.017078e-02
time: 8.183756e-02
time: 8.350435e-02
time: 8.517113e-02
time: 8.717649e-02
time: 8.918185e-02
time: 9.118721e-02
time: 9.319257e-02
time: 9.519792e-02
time: 9.720328e-02
time: 9.920864e-02
time: 9.920864e-02
time: 1.012140e-01
time: 1.012140e-01
time: 1.036293e-01
time: 1.036293e-01
time: 1.036293e-01
time: 1.060445e-01
time: 1.060445e-01
time: 1.084598e-01
time: 1.084598e-01
time: 1.108750e-01
time: 1.132903e-01
time: 1.157055e-01
time: 1.181208e-01
time: 1.205360e-01
time: 1.205360e-01
time: 1.229513e-01
time: 1.229513e-01
time: 1.229513e-01
time: 1.253665e-01
time: 1.253665e-01
time: 1.277818e-01
time: 1.277818e-01
time: 1.301971e-01
time: 1.301971e-01
time: 1.326123e-01
time: 1.350276e-01
time: 1.350276e-01
time: 1.374428e-01
time: 1.374428e-01
time: 1.374428e-01
time: 1.398581e-01
time: 1.398581e-01
time: 1.422733e-01
time: 1.422733e-01
time: 1.422733e-01
time: 1.410657e-01
time: 1.410657e-01
time: 1.422733e-01
time: 1.434810e-01
time: 1.434810e-01
time: 1.434810e-01
time: 1.434810e-01
time: 1.428771e-01
time: 1.428771e-01
time: 1.434810e-01
time: 1.440848e-01
time: 1.440848e-01
time: 1.440848e-01
time: 1.440848e-01
time: 1.437829e-01
time: 1.437829e-01
time: 1.440848e-01
time: 1.443867e-01
time: 1.443867e-01
time: 1.443867e-01
time: 1.442357e-01
time: 1.443867e-01
time: 1.443867e-01
time: 1.445376e-01
time: 1.446886e-01
time: 1.446886e-01
time: 1.448395e-01
time: 1.448395e-01
time: 1.449905e-01
time: 1.451915e-01
time: 1.451915e-01
time: 1.451915e-01
time: 1.450910e-01
time: 1.451915e-01
time: 1.452919e-01
time: 1.453924e-01
time: 1.455403e-01
time: 1.456882e-01
time: 1.458360e-01
time: 1.460520e-01
time: 1.462680e-01
time: 1.464840e-01
time: 1.467923e-01
time: 1.467923e-01
time: 1.471007e-01
time: 1.471007e-01
time: 1.474090e-01
time: 1.474090e-01
time: 1.479416e-01
time: 1.484742e-01
time: 1.490068e-01
time: 1.495394e-01
time: 1.502077e-01
time: 1.508760e-01
time: 1.515443e-01
time: 1.522126e-01
time: 1.522126e-01
time: 1.528809e-01
time: 1.536975e-01
time: 1.536975e-01
time: 1.536975e-01
time: 1.532892e-01
time: 1.536975e-01
time: 1.541057e-01
time: 1.545140e-01
time: 1.549223e-01
time: 1.549223e-01
time: 1.553306e-01
time: 1.557389e-01
time: 1.557389e-01
time: 1.557389e-01
time: 1.555347e-01
time: 1.555347e-01
time: 1.557389e-01
time: 1.559430e-01
time: 1.561472e-01
time: 1.561472e-01
time: 1.561472e-01
time: 1.560451e-01
time: 1.560451e-01
time: 1.561472e-01
time: 1.562492e-01
time: 1.563513e-01
time: 1.563513e-01
time: 1.563513e-01
time: 1.563003e-01
time: 1.563003e-01
time: 1.563513e-01
time: 1.564023e-01
time: 1.564534e-01
time: 1.564534e-01
time: 1.564534e-01
time: 1.564279e-01
time: 1.564534e-01
time: 1.564789e-01
time: 1.565044e-01
time: 1.565299e-01
time: 1.565299e-01
time: 1.565555e-01
time: 1.565810e-01
time: 1.566065e-01
time: 1.566065e-01
time: 1.566065e-01
time: 1.565937e-01
time: 1.566065e-01
time: 1.566192e-01
time: 1.566320e-01
time: 1.566320e-01
time: 1.566448e-01
time: 1.566575e-01
time: 1.566703e-01
time: 1.566703e-01
time: 1.566830e-01
time: 1.566958e-01
time: 1.566958e-01
time: 1.567086e-01
time: 1.567086e-01
time: 1.567213e-01
time: 1.567341e-01
time: 1.567341e-01
time: 1.567341e-01
time: 1.567277e-01
time: 1.567341e-01
time: 1.567405e-01
time: 1.567468e-01
time: 1.567468e-01
time: 1.567532e-01
time: 1.567596e-01
time: 1.567596e-01
time: 1.567660e-01
time: 1.567724e-01
time: 1.567724e-01
time: 1.567787e-01
time: 1.567851e-01
time: 1.567851e-01
time: 1.567915e-01
time: 1.567915e-01
time: 1.567979e-01
time: 1.568043e-01
time: 1.568043e-01
time: 1.568043e-01
time: 1.568011e-01
time: 1.568011e-01
time: 1.568043e-01
time: 1.568074e-01
time: 1.568106e-01
time: 1.568106e-01
time: 1.568138e-01
time: 1.568181e-01
time: 1.568181e-01
time: 1.568224e-01
time: 1.568224e-01
time: 1.568224e-01
time: 1.568203e-01
time: 1.568224e-01
time: 1.568246e-01
time: 1.568267e-01
time: 1.568308e-01
time: 1.568348e-01
time: 1.568389e-01
time: 1.568452e-01
time: 1.568515e-01
time: 1.568578e-01
time: 1.568705e-01
time: 1.568831e-01
time: 1.568957e-01
time: 1.569195e-01
time: 1.569433e-01
time: 1.569671e-01
time: 1.570146e-01
time: 1.570622e-01
time: 1.571097e-01
time: 1.572048e-01
time: 1.573000e-01
time: 1.573951e-01
time: 1.575853e-01
time: 1.577755e-01
time: 1.579657e-01
time: 1.583006e-01
time: 1.583006e-01
time: 1.586354e-01
time: 1.586354e-01
time: 1.589702e-01
time: 1.595879e-01
time: 1.602057e-01
time: 1.608234e-01
time: 1.614411e-01
time: 1.624193e-01
time: 1.633975e-01
time: 1.643757e-01
time: 1.653538e-01
time: 1.663320e-01
time: 1.675491e-01
time: 1.675491e-01
time: 1.687661e-01
time: 1.687661e-01
time: 1.687661e-01
time: 1.699832e-01
time: 1.699832e-01
time: 1.712002e-01
time: 1.712002e-01
time: 1.724173e-01
time: 1.724173e-01
time: 1.736344e-01
time: 1.748514e-01
time: 1.748514e-01
time: 1.760685e-01
time: 1.760685e-01
time: 1.772855e-01
time: 1.772855e-01
time: 1.785026e-01
time: 1.785026e-01
time: 1.785026e-01
time: 1.778941e-01
time: 1.785026e-01
time: 1.791111e-01
time: 1.797197e-01
time: 1.797197e-01
time: 1.803282e-01
time: 1.803282e-01
time: 1.809367e-01
time: 1.809367e-01
time: 1.815453e-01
time: 1.815453e-01
time: 1.815453e-01
time: 1.812410e-01
time: 1.815453e-01
time: 1.818495e-01
time: 1.821538e-01
time: 1.824581e-01
time: 1.824581e-01
time: 1.824581e-01
time: 1.823059e-01
time: 1.824581e-01
time: 1.826102e-01
time: 1.827623e-01
time: 1.827623e-01
time: 1.829145e-01
time: 1.829145e-01
time: 1.830666e-01
time: 1.832187e-01
time: 1.832187e-01
time: 1.832187e-01
time: 1.831427e-01
time: 1.832187e-01
time: 1.832948e-01
time: 1.833709e-01
time: 1.834469e-01
time: 1.834469e-01
time: 1.834469e-01
time: 1.834089e-01
time: 1.834089e-01
time: 1.834469e-01
time: 1.834850e-01
time: 1.835230e-01
time: 1.835230e-01
time: 1.835230e-01
time: 1.835230e-01
time: 1.835040e-01
time: 1.835040e-01
time: 1.835230e-01
time: 1.835420e-01
time: 1.835610e-01
time: 1.835610e-01
time: 1.835610e-01
time: 1.835515e-01
time: 1.835610e-01
time: 1.835705e-01
time: 1.835800e-01
time: 1.835943e-01
time: 1.836085e-01
time: 1.836227e-01
time: 1.836443e-01
time: 1.836659e-01
time: 1.836874e-01
time: 1.837199e-01
time: 1.837524e-01
time: 1.837849e-01
time: 1.838498e-01
time: 1.839148e-01
time: 1.839798e-01
time: 1.841097e-01
time: 1.842396e-01
time: 1.843695e-01
time: 1.843695e-01
time: 1.843695e-01
time: 1.843046e-01
time: 1.843695e-01
time: 1.844345e-01
time: 1.844994e-01
time: 1.845974e-01
time: 1.846953e-01
time: 1.847933e-01
time: 1.849370e-01
time: 1.850808e-01
time: 1.852245e-01
time: 1.854355e-01
time: 1.856465e-01
time: 1.858575e-01
time: 1.862238e-01
time: 1.865902e-01
time: 1.869566e-01
time: 1.876893e-01
time: 1.884220e-01
time: 1.891547e-01
time: 1.891547e-01
time: 1.891547e-01
time: 1.887884e-01
time: 1.891547e-01
time: 1.895211e-01
time: 1.898875e-01
time: 1.902538e-01
time: 1.902538e-01
time: 1.906202e-01
time: 1.906202e-01
time: 1.909866e-01
time: 1.915175e-01
time: 1.915175e-01
time: 1.915175e-01
time: 1.915175e-01
time: 1.912520e-01
time: 1.915175e-01
time: 1.915175e-01
time: 1.913847e-01
time: 1.915175e-01
time: 1.916502e-01
time: 1.917829e-01
time: 1.920327e-01
time: 1.922824e-01
time: 1.925322e-01
time: 1.927819e-01
time: 1.932432e-01
time: 1.937044e-01
time: 1.941656e-01
time: 1.941656e-01
time: 1.941656e-01
time: 1.941656e-01
time: 1.939350e-01
time: 1.939350e-01
time: 1.941656e-01
time: 1.943962e-01
time: 1.946268e-01
time: 1.946268e-01
time: 1.948574e-01
time: 1.948574e-01
time: 1.951485e-01
time: 1.954396e-01
time: 1.954396e-01
time: 1.954396e-01
time: 1.954396e-01
time: 1.954396e-01
time: 1.952213e-01
time: 1.952213e-01
time: 1.952213e-01
time: 1.952213e-01
time: 1.952213e-01
time: 1.952213e-01
time: 1.952213e-01
time: 1.952213e-01
time: 1.952213e-01
time: 1.952213e-01
time: 1.952213e-01
time: 1.952213e-01
time: 1.952213e-01
time: 1.952213e-01
time: 1.952213e-01
time: 1.952213e-01
time: 1.952213e-01
time: 1.952213e-01
time: 1.952213e-01
time: 1.952213e-01
time: 1.952213e-01
time: 1.952213e-01
time: 1.952213e-01
time: 1.952213e-01
time: 1.952213e-01
time: 1.952213e-01
time: 1.952213e-01
time: 1.952213e-01
time: 1.952213e-01
time: 1.952213e-01
time: 1.952213e-01
time: 1.952213e-01
time: 1.952213e-01
time: 1.952213e-01
time: 1.952213e-01
time: 1.952213e-01
time: 1.952213e-01
time: 1.952213e-01
time: 1.952213e-01
time: 1.952213e-01
time: 1.952213e-01
time: 1.952213e-01
time: 1.952213e-01
time: 1.952213e-01
time: 1.952213e-01
time: 1.952213e-01
time: 1.952213e-01
time: 1.952213e-01
time: 1.952213e-01
time: 1.952213e-01
time: 1.952213e-01
time: 1.952213e-01
time: 1.952213e-01
time: 1.952213e-01
time: 1.952213e-01
time: 1.952213e-01
time: 1.952940e-01
time: 1.952940e-01
time: 1.952577e-01
time: 1.952577e-01
time: 1.952940e-01
time: 1.953304e-01
time: 1.953668e-01
time: 1.954396e-01
time: 1.955124e-01
time: 1.955851e-01
time: 1.957307e-01
time: 1.958762e-01
time: 1.960218e-01
time: 1.961673e-01
time: 1.964584e-01
time: 1.967495e-01
time: 1.970405e-01
time: 1.973316e-01
time: 1.979138e-01
time: 1.984960e-01
time: 1.990781e-01
time: 1.996603e-01
time: 2.008246e-01
time: 2.019889e-01
time: 2.031533e-01
time: 2.043176e-01
time: 2.054819e-01
time: 2.078106e-01
time: 2.101393e-01
time: 2.124679e-01
time: 2.147966e-01
time: 2.171252e-01
time: 2.217826e-01
time: 2.264399e-01
time: 2.310972e-01
time: 2.357545e-01
time: 2.404119e-01
time: 2.471688e-01
time: 2.539258e-01
time: 2.606827e-01
time: 2.674397e-01
time: 2.741966e-01
time: 2.809536e-01
time: 2.877105e-01
time: 2.944675e-01
time: 3.012245e-01
time: 3.094315e-01
time: 3.176386e-01
time: 3.258456e-01
time: 3.340527e-01
time: 3.422597e-01
time: 3.504668e-01
time: 3.586738e-01
time: 3.668809e-01
time: 3.769905e-01
time: 3.871001e-01
time: 3.972097e-01
time: 4.073194e-01
time: 4.174290e-01
time: 4.275386e-01
time: 4.397041e-01
time: 4.397041e-01
time: 4.518696e-01
time: 4.518696e-01
time: 4.640351e-01
time: 4.762006e-01
time: 4.762006e-01
time: 4.883661e-01
time: 4.883661e-01
time: 5.005316e-01
time: 5.151814e-01
time: 5.298312e-01
time: 5.298312e-01
time: 5.444810e-01
time: 5.444810e-01
time: 5.591308e-01
time: 5.737806e-01
time: 5.915453e-01
time: 5.915453e-01
time: 6.093100e-01
time: 6.093100e-01
time: 6.270747e-01
time: 6.448394e-01
time: 6.626041e-01
time: 6.626041e-01
time: 6.803688e-01
time: 6.803688e-01
time: 6.981335e-01
time: 7.158982e-01
time: 7.158982e-01
time: 7.336630e-01
time: 7.336630e-01
time: 7.514277e-01
time: 7.514277e-01
time: 7.691924e-01
time: 7.691924e-01
time: 7.869571e-01
time: 7.869571e-01
time: 8.047218e-01
time: 8.047218e-01
time: 8.224865e-01
time: 8.224865e-01
time: 8.402512e-01
time: 8.402512e-01
time: 8.313688e-01
time: 8.402512e-01
time: 8.402512e-01
time: 8.491335e-01
time: 8.580159e-01
time: 8.668983e-01
time: 8.757806e-01
time: 8.871105e-01
time: 8.871105e-01
time: 8.984404e-01
time: 9.097703e-01
time: 9.211003e-01
time: 9.324302e-01
time: 9.437601e-01
time: 9.437601e-01
time: 9.550900e-01
time: 9.664199e-01
time: 9.777498e-01
time: 9.777498e-01
time: 9.890798e-01
time: 1.000000e+00
time: 1.000000e+00
Number of steps: 821, current time 1.000000

==== Status of problem ====

Parser configured
Database configured
Mixture configured
Solution configured
Solver configured
Problem solved

==== END of Status ====

ULF run took 19.28 s

==== ULF END ====
