# RUNNING VERSION '1.07-1'
+==========================================================================================================+
|                                                                                                          |
|                                                                                              #           |
|                                                                                             ##           |
|                                                                                            ###           |
|                                                                                          ####            |
|                                                          TU Freiberg                    ######           |
|                                                          Chair of Numerical            #### ##           |
|                                                          Thermo-Fluid-Dynamics         ########          |
|        Universal Laminar Flame Solver                                                  #### #####        |
|                                                                                          ##########      |
|                                                                                                #####     |
|                            ###    ##########             ####  ################################# ###     |
|                           ####  ####                    #####     ####   ####          ######### ###     |
|                          ####  ####                    ######     ###   ###                  ### ###     |
|         ####      ####  ################              ###  ###   ###   #########   ###       ### ##      |
|        ####      ####  ################              ###   ###  ###   ########    ###       ### ###      |
|       ####       ###  #### ####                     ###    ### ###   ###         ##       ### ###        |
|       #####   #####  #### ####                     ###      #####   ###         ###    ##### ###         |
|        ##########   ####  ###                     ###       #############      ########## #####          |
|                                                        #######################################           |
|                                                      ###               #####################             |
|                                                                             ############                 |
|                                                                                                          |
+==========================================================================================================+
                                                                                                            
ULF run at Tue Sep 15 21:31:16 2015



==== Status of problem ====

Parser configured
Database configured
Mixture configured
Solution configured
Solver configured
Problem NOT solved

==== END of Status ====
time: 0.000000e+00
time: 5.890128e-11
time: 5.890128e-11
time: 5.890128e-11
time: 5.890128e-11
time: 5.890128e-11
time: 5.890128e-11
time: 5.890128e-11
time: 5.890128e-11
time: 5.890128e-11
time: 5.890128e-11
time: 5.890128e-11
time: 5.890128e-11
time: 5.890128e-11
time: 5.890128e-11
time: 5.890128e-11
time: 5.890128e-11
time: 5.890128e-11
time: 5.890128e-11
time: 5.890128e-11
time: 5.890128e-11
time: 5.890128e-11
time: 5.890128e-11
time: 5.890128e-11
time: 5.890128e-11
time: 5.890128e-11
time: 5.890128e-11
time: 5.890128e-11
time: 5.890128e-11
time: 5.890128e-11
time: 5.890128e-11
time: 5.890128e-11
time: 5.890128e-11
time: 5.890128e-11
time: 5.890128e-11
time: 5.890128e-11
time: 5.890128e-11
time: 5.890128e-11
time: 5.890128e-11
time: 5.890128e-11
time: 5.890128e-11
time: 5.890128e-11
time: 5.890128e-11
time: 5.890128e-11
time: 5.890128e-11
time: 5.890128e-11
time: 5.890128e-11
time: 5.890128e-11
time: 5.890128e-11
time: 5.890128e-11
time: 5.890128e-11
time: 5.890128e-11
time: 5.890128e-11
time: 5.890128e-11
time: 5.890128e-11
time: 5.890128e-11
time: 1.178026e-10
time: 1.767039e-10
time: 3.651884e-08
time: 7.286099e-08
time: 1.092031e-07
time: 2.004118e-07
time: 2.916205e-07
time: 3.828291e-07
time: 4.740378e-07
time: 6.506299e-07
time: 8.272220e-07
time: 1.003814e-06
time: 1.180406e-06
time: 1.442484e-06
time: 1.704561e-06
time: 1.704561e-06
time: 1.966639e-06
time: 2.228716e-06
time: 2.816265e-06
time: 2.816265e-06
time: 3.403813e-06
time: 3.403813e-06
time: 3.991362e-06
time: 3.991362e-06
time: 4.578910e-06
time: 4.578910e-06
time: 5.166459e-06
time: 5.754007e-06
time: 6.481932e-06
time: 7.209857e-06
time: 7.937781e-06
time: 8.665706e-06
time: 9.393631e-06
time: 1.027789e-05
time: 1.116216e-05
time: 1.204642e-05
time: 1.293068e-05
time: 1.381495e-05
time: 1.493071e-05
time: 1.604648e-05
time: 1.716224e-05
time: 1.827801e-05
time: 1.939378e-05
time: 2.081369e-05
time: 2.223360e-05
time: 2.365351e-05
time: 2.507342e-05
time: 2.649333e-05
time: 2.827748e-05
time: 3.006164e-05
time: 3.184579e-05
time: 3.362994e-05
time: 3.541410e-05
time: 3.763265e-05
time: 3.985119e-05
time: 4.206974e-05
time: 4.428829e-05
time: 4.650684e-05
time: 4.923991e-05
time: 5.197298e-05
time: 5.470605e-05
time: 5.743912e-05
time: 6.017219e-05
time: 6.350850e-05
time: 6.684482e-05
time: 7.018114e-05
time: 7.351746e-05
time: 7.685377e-05
time: 8.087737e-05
time: 8.490096e-05
time: 8.490096e-05
time: 8.892455e-05
time: 9.294815e-05
time: 9.697174e-05
time: 9.697174e-05
time: 1.009953e-04
time: 1.050189e-04
time: 1.050189e-04
time: 1.050189e-04
time: 1.090425e-04
time: 1.090425e-04
time: 1.090425e-04
time: 1.090425e-04
time: 1.130661e-04
time: 1.185739e-04
time: 1.185739e-04
time: 1.185739e-04
time: 1.185739e-04
time: 1.185739e-04
time: 1.144431e-04
time: 1.144431e-04
time: 1.144431e-04
time: 1.144431e-04
time: 1.144431e-04
time: 1.144431e-04
time: 1.144431e-04
time: 1.144431e-04
time: 1.144431e-04
time: 1.144431e-04
time: 1.144431e-04
time: 1.144431e-04
time: 1.144431e-04
time: 1.144431e-04
time: 1.144431e-04
time: 1.144431e-04
time: 1.144431e-04
time: 1.144431e-04
time: 1.144431e-04
time: 1.144431e-04
time: 1.144431e-04
time: 1.144431e-04
time: 1.144431e-04
time: 1.144431e-04
time: 1.144431e-04
time: 1.144431e-04
time: 1.144431e-04
time: 1.144431e-04
time: 1.144431e-04
time: 1.144431e-04
time: 1.144431e-04
time: 1.144431e-04
time: 1.144431e-04
time: 1.144431e-04
time: 1.144431e-04
time: 1.144431e-04
time: 1.144431e-04
time: 1.144431e-04
time: 1.144431e-04
time: 1.144431e-04
time: 1.144431e-04
time: 1.144431e-04
time: 1.144431e-04
time: 1.144431e-04
time: 1.144431e-04
time: 1.144431e-04
time: 1.144431e-04
time: 1.144431e-04
time: 1.144431e-04
time: 1.144431e-04
time: 1.144431e-04
time: 1.144431e-04
time: 1.144431e-04
time: 1.144431e-04
time: 1.144431e-04
time: 1.158200e-04
time: 1.171970e-04
time: 1.185739e-04
time: 1.199508e-04
time: 1.227047e-04
time: 1.254586e-04
time: 1.282125e-04
time: 1.309664e-04
time: 1.337203e-04
time: 1.392281e-04
time: 1.447359e-04
time: 1.502437e-04
time: 1.557515e-04
time: 1.612592e-04
time: 1.685300e-04
time: 1.758008e-04
time: 1.830715e-04
time: 1.903423e-04
time: 1.976130e-04
time: 2.048838e-04
time: 2.136787e-04
time: 2.224737e-04
time: 2.312687e-04
time: 2.400636e-04
time: 2.488586e-04
time: 2.576535e-04
time: 2.664485e-04
time: 2.772960e-04
time: 2.881436e-04
time: 2.989912e-04
time: 3.098387e-04
time: 3.206863e-04
time: 3.315339e-04
time: 3.423814e-04
time: 3.423814e-04
time: 3.532290e-04
time: 3.664884e-04
time: 3.664884e-04
time: 3.797478e-04
time: 3.797478e-04
time: 3.930072e-04
time: 3.930072e-04
time: 4.062666e-04
time: 4.062666e-04
time: 4.195260e-04
time: 4.195260e-04
time: 4.327854e-04
time: 4.327854e-04
time: 4.327854e-04
time: 4.460448e-04
time: 4.460448e-04
time: 4.460448e-04
time: 4.593042e-04
time: 4.593042e-04
time: 4.593042e-04
time: 4.593042e-04
time: 4.725636e-04
time: 4.725636e-04
time: 4.858230e-04
time: 4.858230e-04
time: 4.858230e-04
time: 4.858230e-04
time: 4.990825e-04
time: 4.990825e-04
time: 5.123419e-04
time: 5.123419e-04
time: 5.123419e-04
time: 5.123419e-04
time: 5.256013e-04
time: 5.256013e-04
time: 5.256013e-04
time: 5.388607e-04
time: 5.388607e-04
time: 5.388607e-04
time: 5.388607e-04
time: 5.388607e-04
time: 5.289161e-04
time: 5.289161e-04
time: 5.289161e-04
time: 5.289161e-04
time: 5.289161e-04
time: 5.289161e-04
time: 5.289161e-04
time: 5.289161e-04
time: 5.289161e-04
time: 5.289161e-04
time: 5.289161e-04
time: 5.289161e-04
time: 5.289161e-04
time: 5.289161e-04
time: 5.289161e-04
time: 5.289161e-04
time: 5.289161e-04
time: 5.289161e-04
time: 5.289161e-04
time: 5.289161e-04
time: 5.289161e-04
time: 5.289161e-04
time: 5.289161e-04
time: 5.289161e-04
time: 5.289161e-04
time: 5.289161e-04
time: 5.289161e-04
time: 5.289161e-04
time: 5.289161e-04
time: 5.289161e-04
time: 5.289161e-04
time: 5.289161e-04
time: 5.289161e-04
time: 5.289161e-04
time: 5.289161e-04
time: 5.289161e-04
time: 5.289161e-04
time: 5.289161e-04
time: 5.289161e-04
time: 5.289161e-04
time: 5.289161e-04
time: 5.289161e-04
time: 5.289161e-04
time: 5.289161e-04
time: 5.289161e-04
time: 5.289161e-04
time: 5.289161e-04
time: 5.289161e-04
time: 5.289161e-04
time: 5.289161e-04
time: 5.289161e-04
time: 5.289161e-04
time: 5.289161e-04
time: 5.289161e-04
time: 5.289161e-04
time: 5.322310e-04
time: 5.355458e-04
time: 5.388607e-04
time: 5.421755e-04
time: 5.488052e-04
time: 5.554349e-04
time: 5.620646e-04
time: 5.686943e-04
time: 5.753240e-04
time: 5.885834e-04
time: 6.018428e-04
time: 6.151022e-04
time: 6.151022e-04
time: 6.283617e-04
time: 6.283617e-04
time: 6.416211e-04
time: 6.416211e-04
time: 6.607442e-04
time: 6.607442e-04
time: 6.798674e-04
time: 6.798674e-04
time: 6.989906e-04
time: 7.181137e-04
time: 7.181137e-04
time: 7.372369e-04
time: 7.372369e-04
time: 7.563601e-04
time: 7.563601e-04
time: 7.467985e-04
time: 7.563601e-04
time: 7.659216e-04
time: 7.754832e-04
time: 7.850448e-04
time: 7.850448e-04
time: 7.946064e-04
time: 7.946064e-04
time: 8.041680e-04
time: 8.041680e-04
time: 8.137295e-04
time: 8.137295e-04
time: 8.232911e-04
time: 8.232911e-04
time: 8.328527e-04
time: 8.328527e-04
time: 8.328527e-04
time: 8.424143e-04
time: 8.424143e-04
time: 8.424143e-04
time: 8.519759e-04
time: 8.519759e-04
time: 8.519759e-04
time: 8.615375e-04
time: 8.615375e-04
time: 8.615375e-04
time: 8.567567e-04
time: 8.567567e-04
time: 8.615375e-04
time: 8.663183e-04
time: 8.663183e-04
time: 8.710990e-04
time: 8.758798e-04
time: 8.758798e-04
time: 8.806606e-04
time: 8.806606e-04
time: 8.854414e-04
time: 8.854414e-04
time: 8.902222e-04
time: 8.902222e-04
time: 8.950030e-04
time: 8.950030e-04
time: 8.997838e-04
time: 8.997838e-04
time: 8.997838e-04
time: 8.997838e-04
time: 8.973934e-04
time: 8.973934e-04
time: 8.997838e-04
time: 9.021742e-04
time: 9.021742e-04
time: 9.045646e-04
time: 9.069550e-04
time: 9.069550e-04
time: 9.093454e-04
time: 9.093454e-04
time: 9.093454e-04
time: 9.117358e-04
time: 9.117358e-04
time: 9.117358e-04
time: 9.141262e-04
time: 9.141262e-04
time: 9.141262e-04
time: 9.141262e-04
time: 9.165166e-04
time: 9.165166e-04
time: 9.165166e-04
time: 9.189070e-04
time: 9.189070e-04
time: 9.189070e-04
time: 9.212974e-04
time: 9.212974e-04
time: 9.212974e-04
time: 9.212974e-04
time: 9.201022e-04
time: 9.201022e-04
time: 9.212974e-04
time: 9.224925e-04
time: 9.224925e-04
time: 9.236877e-04
time: 9.236877e-04
time: 9.248829e-04
time: 9.248829e-04
time: 9.260781e-04
time: 9.272733e-04
time: 9.272733e-04
time: 9.284685e-04
time: 9.284685e-04
time: 9.296637e-04
time: 9.296637e-04
time: 9.296637e-04
time: 9.308589e-04
time: 9.308589e-04
time: 9.320541e-04
time: 9.320541e-04
time: 9.320541e-04
time: 9.332493e-04
time: 9.332493e-04
time: 9.332493e-04
time: 9.332493e-04
time: 9.332493e-04
time: 9.323529e-04
time: 9.323529e-04
time: 9.323529e-04
time: 9.323529e-04
time: 9.323529e-04
time: 9.323529e-04
time: 9.323529e-04
time: 9.323529e-04
time: 9.323529e-04
time: 9.323529e-04
time: 9.323529e-04
time: 9.323529e-04
time: 9.323529e-04
time: 9.323529e-04
time: 9.323529e-04
time: 9.323529e-04
time: 9.323529e-04
time: 9.323529e-04
time: 9.323529e-04
time: 9.323529e-04
time: 9.323529e-04
time: 9.323529e-04
time: 9.323529e-04
time: 9.323529e-04
time: 9.323529e-04
time: 9.323529e-04
time: 9.323529e-04
time: 9.323529e-04
time: 9.323529e-04
time: 9.323529e-04
time: 9.323529e-04
time: 9.323529e-04
time: 9.323529e-04
time: 9.323529e-04
time: 9.323529e-04
time: 9.323529e-04
time: 9.323529e-04
time: 9.323529e-04
time: 9.323529e-04
time: 9.323529e-04
time: 9.323529e-04
time: 9.323529e-04
time: 9.323529e-04
time: 9.323529e-04
time: 9.323529e-04
time: 9.323529e-04
time: 9.323529e-04
time: 9.323529e-04
time: 9.323529e-04
time: 9.323529e-04
time: 9.323529e-04
time: 9.323529e-04
time: 9.323529e-04
time: 9.323529e-04
time: 9.323529e-04
time: 9.326517e-04
time: 9.329505e-04
time: 9.332493e-04
time: 9.335481e-04
time: 9.338469e-04
time: 9.344387e-04
time: 9.350304e-04
time: 9.350304e-04
time: 9.356221e-04
time: 9.356221e-04
time: 9.362139e-04
time: 9.362139e-04
time: 9.368056e-04
time: 9.368056e-04
time: 9.373973e-04
time: 9.373973e-04
time: 9.379891e-04
time: 9.379891e-04
time: 9.385808e-04
time: 9.385808e-04
time: 9.391725e-04
time: 9.391725e-04
time: 9.397642e-04
time: 9.397642e-04
time: 9.403560e-04
time: 9.403560e-04
time: 9.409477e-04
time: 9.409477e-04
time: 9.406518e-04
time: 9.409477e-04
time: 9.412436e-04
time: 9.415394e-04
time: 9.418353e-04
time: 9.421312e-04
time: 9.425412e-04
time: 9.429513e-04
time: 9.433613e-04
time: 9.433613e-04
time: 9.437713e-04
time: 9.437713e-04
time: 9.441814e-04
time: 9.441814e-04
time: 9.445914e-04
time: 9.445914e-04
time: 9.450015e-04
time: 9.450015e-04
time: 9.454115e-04
time: 9.454115e-04
time: 9.458216e-04
time: 9.458216e-04
time: 9.462316e-04
time: 9.462316e-04
time: 9.466417e-04
time: 9.466417e-04
time: 9.470517e-04
time: 9.470517e-04
time: 9.474617e-04
time: 9.474617e-04
time: 9.478718e-04
time: 9.482818e-04
time: 9.486919e-04
time: 9.491019e-04
time: 9.491019e-04
time: 9.495120e-04
time: 9.495120e-04
time: 9.499220e-04
time: 9.499220e-04
time: 9.503321e-04
time: 9.503321e-04
time: 9.507421e-04
time: 9.507421e-04
time: 9.511521e-04
time: 9.511521e-04
time: 9.515622e-04
time: 9.515622e-04
time: 9.519722e-04
time: 9.519722e-04
time: 9.523823e-04
time: 9.523823e-04
time: 9.527923e-04
time: 9.527923e-04
time: 9.532024e-04
time: 9.532024e-04
time: 9.536124e-04
time: 9.536124e-04
time: 9.540225e-04
time: 9.540225e-04
time: 9.544325e-04
time: 9.544325e-04
time: 9.548425e-04
time: 9.548425e-04
time: 9.552526e-04
time: 9.552526e-04
time: 9.556626e-04
time: 9.556626e-04
time: 9.560727e-04
time: 9.560727e-04
time: 9.564827e-04
time: 9.564827e-04
time: 9.568928e-04
time: 9.568928e-04
time: 9.573028e-04
time: 9.573028e-04
time: 9.577128e-04
time: 9.577128e-04
time: 9.581229e-04
time: 9.581229e-04
time: 9.585329e-04
time: 9.585329e-04
time: 9.589430e-04
time: 9.593530e-04
time: 9.593530e-04
time: 9.597631e-04
time: 9.597631e-04
time: 9.601731e-04
time: 9.601731e-04
time: 9.605832e-04
time: 9.605832e-04
time: 9.609932e-04
time: 9.609932e-04
time: 9.614032e-04
time: 9.614032e-04
time: 9.614032e-04
time: 9.618133e-04
time: 9.618133e-04
time: 9.618133e-04
time: 9.618133e-04
time: 9.618133e-04
time: 9.615058e-04
time: 9.615058e-04
time: 9.615058e-04
time: 9.615058e-04
time: 9.615058e-04
time: 9.615058e-04
time: 9.615058e-04
time: 9.615058e-04
time: 9.615058e-04
time: 9.615058e-04
time: 9.615058e-04
time: 9.615058e-04
time: 9.615058e-04
time: 9.615058e-04
time: 9.615058e-04
time: 9.615058e-04
time: 9.615058e-04
time: 9.615058e-04
time: 9.615058e-04
time: 9.615058e-04
time: 9.615058e-04
time: 9.615058e-04
time: 9.615058e-04
time: 9.615058e-04
time: 9.615058e-04
time: 9.615058e-04
time: 9.615058e-04
time: 9.615058e-04
time: 9.615058e-04
time: 9.615058e-04
time: 9.615058e-04
time: 9.615058e-04
time: 9.615058e-04
time: 9.615058e-04
time: 9.615058e-04
time: 9.615058e-04
time: 9.615058e-04
time: 9.615058e-04
time: 9.615058e-04
time: 9.615058e-04
time: 9.615058e-04
time: 9.615058e-04
time: 9.615058e-04
time: 9.615058e-04
time: 9.615058e-04
time: 9.615058e-04
time: 9.615058e-04
time: 9.615058e-04
time: 9.615058e-04
time: 9.615058e-04
time: 9.615058e-04
time: 9.615058e-04
time: 9.615058e-04
time: 9.615058e-04
time: 9.615058e-04
time: 9.616083e-04
time: 9.617108e-04
time: 9.618133e-04
time: 9.619158e-04
time: 9.621208e-04
time: 9.623258e-04
time: 9.625309e-04
time: 9.627359e-04
time: 9.631459e-04
time: 9.631459e-04
time: 9.635560e-04
time: 9.639660e-04
time: 9.639660e-04
time: 9.643761e-04
time: 9.643761e-04
time: 9.647861e-04
time: 9.647861e-04
time: 9.651962e-04
time: 9.651962e-04
time: 9.656062e-04
time: 9.656062e-04
time: 9.660162e-04
time: 9.660162e-04
time: 9.664263e-04
time: 9.664263e-04
time: 9.668363e-04
time: 9.668363e-04
time: 9.672464e-04
time: 9.672464e-04
time: 9.676564e-04
time: 9.676564e-04
time: 9.680665e-04
time: 9.680665e-04
time: 9.684765e-04
time: 9.684765e-04
time: 9.688866e-04
time: 9.688866e-04
time: 9.692966e-04
time: 9.692966e-04
time: 9.697066e-04
time: 9.697066e-04
time: 9.701167e-04
time: 9.701167e-04
time: 9.705267e-04
time: 9.705267e-04
time: 9.709368e-04
time: 9.709368e-04
time: 9.713468e-04
time: 9.713468e-04
time: 9.717569e-04
time: 9.717569e-04
time: 9.721669e-04
time: 9.721669e-04
time: 9.725769e-04
time: 9.725769e-04
time: 9.729870e-04
time: 9.729870e-04
time: 9.733970e-04
time: 9.733970e-04
time: 9.738071e-04
time: 9.742171e-04
time: 9.742171e-04
time: 9.746272e-04
time: 9.750372e-04
time: 9.750372e-04
time: 9.754473e-04
time: 9.758573e-04
time: 9.762673e-04
time: 9.766774e-04
time: 9.770874e-04
time: 9.775875e-04
time: 9.780875e-04
time: 9.785876e-04
time: 9.790876e-04
time: 9.795876e-04
time: 9.800877e-04
time: 9.800877e-04
time: 9.805877e-04
time: 9.810878e-04
time: 9.810878e-04
time: 9.810878e-04
time: 9.815878e-04
time: 9.815878e-04
time: 9.815878e-04
time: 9.815878e-04
time: 9.820878e-04
time: 9.825879e-04
time: 9.825879e-04
time: 9.830879e-04
time: 9.830879e-04
time: 9.835880e-04
time: 9.840880e-04
time: 9.840880e-04
time: 9.845881e-04
time: 9.845881e-04
time: 9.845881e-04
time: 9.850881e-04
time: 9.850881e-04
time: 9.850881e-04
time: 9.850881e-04
time: 9.850881e-04
time: 9.847131e-04
time: 9.847131e-04
time: 9.847131e-04
time: 9.847131e-04
time: 9.847131e-04
time: 9.847131e-04
time: 9.847131e-04
time: 9.847131e-04
time: 9.847131e-04
time: 9.847131e-04
time: 9.847131e-04
time: 9.847131e-04
time: 9.847131e-04
time: 9.847131e-04
time: 9.847131e-04
time: 9.847131e-04
time: 9.847131e-04
time: 9.847131e-04
time: 9.847131e-04
time: 9.847131e-04
time: 9.847131e-04
time: 9.847131e-04
time: 9.847131e-04
time: 9.847131e-04
time: 9.847131e-04
time: 9.847131e-04
time: 9.847131e-04
time: 9.847131e-04
time: 9.847131e-04
time: 9.847131e-04
time: 9.847131e-04
time: 9.847131e-04
time: 9.847131e-04
time: 9.847131e-04
time: 9.847131e-04
time: 9.847131e-04
time: 9.847131e-04
time: 9.847131e-04
time: 9.847131e-04
time: 9.847131e-04
time: 9.847131e-04
time: 9.847131e-04
time: 9.847131e-04
time: 9.847131e-04
time: 9.847131e-04
time: 9.847131e-04
time: 9.847131e-04
time: 9.847131e-04
time: 9.847131e-04
time: 9.847131e-04
time: 9.847131e-04
time: 9.847131e-04
time: 9.847131e-04
time: 9.847131e-04
time: 9.847131e-04
time: 9.847131e-04
time: 9.846506e-04
time: 9.847131e-04
time: 9.847756e-04
time: 9.848381e-04
time: 9.849631e-04
time: 9.850881e-04
time: 9.852131e-04
time: 9.853381e-04
time: 9.855881e-04
time: 9.858382e-04
time: 9.860882e-04
time: 9.863382e-04
time: 9.865882e-04
time: 9.870638e-04
time: 9.875393e-04
time: 9.880149e-04
time: 9.880149e-04
time: 9.884904e-04
time: 9.884904e-04
time: 9.889660e-04
time: 9.889660e-04
time: 9.894415e-04
time: 9.894415e-04
time: 9.899171e-04
time: 9.899171e-04
time: 9.903926e-04
time: 9.903926e-04
time: 9.908682e-04
time: 9.908682e-04
time: 9.913437e-04
time: 9.913437e-04
time: 9.918193e-04
time: 9.918193e-04
time: 9.922948e-04
time: 9.927704e-04
time: 9.932459e-04
time: 9.937215e-04
time: 9.943281e-04
time: 9.943281e-04
time: 9.949348e-04
time: 9.949348e-04
time: 9.955415e-04
time: 9.955415e-04
time: 9.961481e-04
time: 9.961481e-04
time: 9.967548e-04
time: 9.967548e-04
time: 9.973615e-04
time: 9.973615e-04
time: 9.979681e-04
time: 9.979681e-04
time: 9.985748e-04
time: 9.985748e-04
time: 9.991815e-04
time: 9.997881e-04
time: 1.000395e-03
time: 1.001001e-03
time: 1.001608e-03
time: 1.002215e-03
time: 1.003019e-03
time: 1.003823e-03
time: 1.003823e-03
time: 1.004627e-03
time: 1.004627e-03
time: 1.005432e-03
time: 1.006236e-03
time: 1.007040e-03
time: 1.007844e-03
time: 1.007844e-03
time: 1.007844e-03
time: 1.008649e-03
time: 1.008649e-03
time: 1.008649e-03
time: 1.008649e-03
time: 1.008649e-03
time: 1.008045e-03
time: 1.008045e-03
time: 1.008045e-03
time: 1.008045e-03
time: 1.008045e-03
time: 1.008045e-03
time: 1.008045e-03
time: 1.008045e-03
time: 1.008045e-03
time: 1.008045e-03
time: 1.008045e-03
time: 1.008045e-03
time: 1.008045e-03
time: 1.008045e-03
time: 1.008045e-03
time: 1.008045e-03
time: 1.008045e-03
time: 1.008045e-03
time: 1.008045e-03
time: 1.008045e-03
time: 1.008045e-03
time: 1.008045e-03
time: 1.008045e-03
time: 1.008045e-03
time: 1.008045e-03
time: 1.008045e-03
time: 1.008045e-03
time: 1.008045e-03
time: 1.008045e-03
time: 1.008045e-03
time: 1.008045e-03
time: 1.008045e-03
time: 1.008045e-03
time: 1.008045e-03
time: 1.008045e-03
time: 1.008045e-03
time: 1.008045e-03
time: 1.008045e-03
time: 1.008045e-03
time: 1.008045e-03
time: 1.008045e-03
time: 1.008045e-03
time: 1.008045e-03
time: 1.008045e-03
time: 1.008045e-03
time: 1.008045e-03
time: 1.008045e-03
time: 1.008045e-03
time: 1.008045e-03
time: 1.008045e-03
time: 1.008045e-03
time: 1.008045e-03
time: 1.008045e-03
time: 1.008045e-03
time: 1.008045e-03
time: 1.008247e-03
time: 1.008448e-03
time: 1.008649e-03
time: 1.008850e-03
time: 1.009252e-03
time: 1.009654e-03
time: 1.010056e-03
time: 1.010458e-03
time: 1.011262e-03
time: 1.011262e-03
time: 1.012067e-03
time: 1.012067e-03
time: 1.012871e-03
time: 1.012871e-03
time: 1.013675e-03
time: 1.013675e-03
time: 1.014479e-03
time: 1.015284e-03
time: 1.016088e-03
time: 1.016892e-03
time: 1.017696e-03
time: 1.018500e-03
time: 1.019305e-03
time: 1.020297e-03
time: 1.021290e-03
time: 1.022283e-03
time: 1.023275e-03
time: 1.024268e-03
time: 1.025473e-03
time: 1.026678e-03
time: 1.026678e-03
time: 1.027883e-03
time: 1.027883e-03
time: 1.029088e-03
time: 1.029088e-03
time: 1.030293e-03
time: 1.030293e-03
time: 1.031498e-03
time: 1.031498e-03
time: 1.032703e-03
time: 1.032703e-03
time: 1.033908e-03
time: 1.035113e-03
time: 1.036319e-03
time: 1.037524e-03
time: 1.037524e-03
time: 1.038729e-03
time: 1.039934e-03
time: 1.041139e-03
time: 1.041139e-03
time: 1.042344e-03
time: 1.043549e-03
time: 1.043549e-03
time: 1.043549e-03
time: 1.043549e-03
time: 1.044754e-03
time: 1.045959e-03
time: 1.045959e-03
time: 1.045959e-03
time: 1.045959e-03
time: 1.045959e-03
time: 1.045055e-03
time: 1.045055e-03
time: 1.045055e-03
time: 1.045055e-03
time: 1.045055e-03
time: 1.045055e-03
time: 1.045055e-03
time: 1.045055e-03
time: 1.045055e-03
time: 1.045055e-03
time: 1.045055e-03
time: 1.045055e-03
time: 1.045055e-03
time: 1.045055e-03
time: 1.045055e-03
time: 1.045055e-03
time: 1.045055e-03
time: 1.045055e-03
time: 1.045055e-03
time: 1.045055e-03
time: 1.045055e-03
time: 1.045055e-03
time: 1.045055e-03
time: 1.045055e-03
time: 1.045055e-03
time: 1.045055e-03
time: 1.045055e-03
time: 1.045055e-03
time: 1.045055e-03
time: 1.045055e-03
time: 1.045055e-03
time: 1.045055e-03
time: 1.045055e-03
time: 1.045055e-03
time: 1.045055e-03
time: 1.045055e-03
time: 1.045055e-03
time: 1.045055e-03
time: 1.045055e-03
time: 1.045055e-03
time: 1.045055e-03
time: 1.045055e-03
time: 1.045055e-03
time: 1.045055e-03
time: 1.045055e-03
time: 1.045055e-03
time: 1.045055e-03
time: 1.045055e-03
time: 1.045055e-03
time: 1.045055e-03
time: 1.045055e-03
time: 1.045055e-03
time: 1.045055e-03
time: 1.045055e-03
time: 1.045055e-03
time: 1.045357e-03
time: 1.045658e-03
time: 1.045959e-03
time: 1.046260e-03
time: 1.046863e-03
time: 1.047466e-03
time: 1.048068e-03
time: 1.048671e-03
time: 1.049876e-03
time: 1.051081e-03
time: 1.052286e-03
time: 1.053491e-03
time: 1.054696e-03
time: 1.056694e-03
time: 1.058692e-03
time: 1.060690e-03
time: 1.062688e-03
time: 1.064686e-03
time: 1.066684e-03
time: 1.068682e-03
time: 1.071088e-03
time: 1.073494e-03
time: 1.075899e-03
time: 1.078305e-03
time: 1.080711e-03
time: 1.083116e-03
time: 1.085522e-03
time: 1.087928e-03
time: 1.090876e-03
time: 1.093824e-03
time: 1.096772e-03
time: 1.099720e-03
time: 1.102668e-03
time: 1.105617e-03
time: 1.108565e-03
time: 1.111513e-03
time: 1.114461e-03
time: 1.114461e-03
time: 1.117409e-03
time: 1.120357e-03
time: 1.123305e-03
time: 1.123305e-03
time: 1.127121e-03
time: 1.127121e-03
time: 1.130938e-03
time: 1.130938e-03
time: 1.130938e-03
time: 1.128076e-03
time: 1.128076e-03
time: 1.128076e-03
time: 1.128076e-03
time: 1.128076e-03
time: 1.128076e-03
time: 1.128076e-03
time: 1.128076e-03
time: 1.128076e-03
time: 1.128076e-03
time: 1.128076e-03
time: 1.128076e-03
time: 1.128076e-03
time: 1.128076e-03
time: 1.128076e-03
time: 1.128076e-03
time: 1.128076e-03
time: 1.128076e-03
time: 1.128076e-03
time: 1.128076e-03
time: 1.128076e-03
time: 1.128076e-03
time: 1.128076e-03
time: 1.128076e-03
time: 1.128076e-03
time: 1.128076e-03
time: 1.128076e-03
time: 1.128076e-03
time: 1.128076e-03
time: 1.128076e-03
time: 1.128076e-03
time: 1.128076e-03
time: 1.128076e-03
time: 1.128076e-03
time: 1.128076e-03
time: 1.128076e-03
time: 1.128076e-03
time: 1.128076e-03
time: 1.128076e-03
time: 1.128076e-03
time: 1.128076e-03
time: 1.128076e-03
time: 1.128076e-03
time: 1.128076e-03
time: 1.128076e-03
time: 1.128076e-03
time: 1.128076e-03
time: 1.128076e-03
time: 1.128076e-03
time: 1.128076e-03
time: 1.128076e-03
time: 1.128076e-03
time: 1.128076e-03
time: 1.128076e-03
time: 1.128076e-03
time: 1.128076e-03
time: 1.127598e-03
time: 1.127598e-03
time: 1.127360e-03
time: 1.127360e-03
time: 1.127598e-03
time: 1.127598e-03
time: 1.127479e-03
time: 1.127598e-03
time: 1.127718e-03
time: 1.127837e-03
time: 1.128076e-03
time: 1.128314e-03
time: 1.128553e-03
time: 1.129030e-03
time: 1.129507e-03
time: 1.129984e-03
time: 1.130461e-03
time: 1.131415e-03
time: 1.132369e-03
time: 1.133323e-03
time: 1.134277e-03
time: 1.136185e-03
time: 1.138093e-03
time: 1.140001e-03
time: 1.141909e-03
time: 1.143817e-03
time: 1.147633e-03
time: 1.151449e-03
time: 1.155265e-03
time: 1.159082e-03
time: 1.162898e-03
time: 1.167864e-03
time: 1.172830e-03
time: 1.177797e-03
time: 1.182763e-03
time: 1.187729e-03
time: 1.192695e-03
time: 1.197662e-03
time: 1.202628e-03
time: 1.208634e-03
time: 1.214639e-03
time: 1.214639e-03
time: 1.220645e-03
time: 1.220645e-03
time: 1.226651e-03
time: 1.232656e-03
time: 1.238662e-03
time: 1.244667e-03
time: 1.250673e-03
time: 1.256679e-03
time: 1.264056e-03
time: 1.271432e-03
time: 1.271432e-03
time: 1.278809e-03
time: 1.278809e-03
time: 1.286186e-03
time: 1.293563e-03
time: 1.300940e-03
time: 1.308317e-03
time: 1.315694e-03
time: 1.323071e-03
time: 1.330447e-03
time: 1.330447e-03
time: 1.337824e-03
time: 1.346704e-03
time: 1.346704e-03
time: 1.355584e-03
time: 1.364464e-03
time: 1.364464e-03
time: 1.373344e-03
time: 1.382224e-03
time: 1.391104e-03
time: 1.391104e-03
time: 1.399984e-03
time: 1.408864e-03
time: 1.417743e-03
time: 1.417743e-03
time: 1.426623e-03
time: 1.435503e-03
time: 1.435503e-03
time: 1.444383e-03
time: 1.453263e-03
time: 1.453263e-03
time: 1.462143e-03
time: 1.473114e-03
time: 1.473114e-03
time: 1.484084e-03
time: 1.495055e-03
time: 1.495055e-03
time: 1.506026e-03
time: 1.516996e-03
time: 1.516996e-03
time: 1.527967e-03
time: 1.527967e-03
time: 1.538938e-03
time: 1.538938e-03
time: 1.538938e-03
time: 1.549908e-03
time: 1.549908e-03
time: 1.549908e-03
time: 1.560879e-03
time: 1.560879e-03
time: 1.560879e-03
time: 1.560879e-03
time: 1.571850e-03
time: 1.582820e-03
time: 1.582820e-03
time: 1.582820e-03
time: 1.582820e-03
time: 1.593791e-03
time: 1.593791e-03
time: 1.593791e-03
time: 1.593791e-03
time: 1.604762e-03
time: 1.604762e-03
time: 1.615732e-03
time: 1.615732e-03
time: 1.615732e-03
time: 1.626703e-03
time: 1.626703e-03
time: 1.626703e-03
time: 1.626703e-03
time: 1.637673e-03
time: 1.648644e-03
time: 1.648644e-03
time: 1.648644e-03
time: 1.659615e-03
time: 1.659615e-03
time: 1.659615e-03
time: 1.659615e-03
time: 1.659615e-03
time: 1.651387e-03
time: 1.651387e-03
time: 1.651387e-03
time: 1.651387e-03
time: 1.651387e-03
time: 1.651387e-03
time: 1.651387e-03
time: 1.651387e-03
time: 1.651387e-03
time: 1.651387e-03
time: 1.651387e-03
time: 1.651387e-03
time: 1.651387e-03
time: 1.651387e-03
time: 1.651387e-03
time: 1.651387e-03
time: 1.651387e-03
time: 1.651387e-03
time: 1.651387e-03
time: 1.651387e-03
time: 1.651387e-03
time: 1.651387e-03
time: 1.651387e-03
time: 1.651387e-03
time: 1.651387e-03
time: 1.651387e-03
time: 1.651387e-03
time: 1.651387e-03
time: 1.651387e-03
time: 1.651387e-03
time: 1.651387e-03
time: 1.651387e-03
time: 1.651387e-03
time: 1.651387e-03
time: 1.651387e-03
time: 1.651387e-03
time: 1.651387e-03
time: 1.651387e-03
time: 1.651387e-03
time: 1.651387e-03
time: 1.651387e-03
time: 1.651387e-03
time: 1.651387e-03
time: 1.651387e-03
time: 1.651387e-03
time: 1.651387e-03
time: 1.651387e-03
time: 1.651387e-03
time: 1.651387e-03
time: 1.651387e-03
time: 1.651387e-03
time: 1.651387e-03
time: 1.651387e-03
time: 1.651387e-03
time: 1.651387e-03
time: 1.654129e-03
time: 1.656872e-03
time: 1.659615e-03
time: 1.662357e-03
time: 1.667843e-03
time: 1.673328e-03
time: 1.678813e-03
time: 1.684299e-03
time: 1.695269e-03
time: 1.706240e-03
time: 1.717211e-03
time: 1.728181e-03
time: 1.739152e-03
time: 1.756454e-03
time: 1.773755e-03
time: 1.791056e-03
time: 1.808358e-03
time: 1.825659e-03
time: 1.842961e-03
time: 1.860262e-03
time: 1.881114e-03
time: 1.901965e-03
time: 1.901965e-03
time: 1.922817e-03
time: 1.922817e-03
time: 1.943668e-03
time: 1.964520e-03
time: 1.985371e-03
time: 2.006223e-03
time: 2.027074e-03
time: 2.047925e-03
time: 2.072984e-03
time: 2.098043e-03
time: 2.098043e-03
time: 2.123102e-03
time: 2.123102e-03
time: 2.148161e-03
time: 2.173220e-03
time: 2.198279e-03
time: 2.223338e-03
time: 2.248396e-03
time: 2.248396e-03
time: 2.248396e-03
time: 2.273455e-03
time: 2.273455e-03
time: 2.273455e-03
time: 2.273455e-03
time: 2.298514e-03
time: 2.323573e-03
time: 2.323573e-03
time: 2.323573e-03
time: 2.323573e-03
time: 2.348632e-03
time: 2.348632e-03
time: 2.348632e-03
time: 2.348632e-03
time: 2.373691e-03
time: 2.373691e-03
time: 2.398750e-03
time: 2.398750e-03
time: 2.398750e-03
time: 2.398750e-03
time: 2.423809e-03
time: 2.423809e-03
time: 2.448867e-03
time: 2.448867e-03
time: 2.448867e-03
time: 2.448867e-03
time: 2.473926e-03
time: 2.473926e-03
time: 2.473926e-03
time: 2.473926e-03
time: 2.498985e-03
time: 2.498985e-03
time: 2.498985e-03
time: 2.524044e-03
time: 2.524044e-03
time: 2.524044e-03
time: 2.524044e-03
time: 2.524044e-03
time: 2.498985e-03
time: 2.505250e-03
time: 2.505250e-03
time: 2.505250e-03
time: 2.505250e-03
time: 2.505250e-03
time: 2.505250e-03
time: 2.505250e-03
time: 2.505250e-03
time: 2.505250e-03
time: 2.505250e-03
time: 2.505250e-03
time: 2.505250e-03
time: 2.505250e-03
time: 2.505250e-03
time: 2.505250e-03
time: 2.505250e-03
time: 2.505250e-03
time: 2.505250e-03
time: 2.505250e-03
time: 2.505250e-03
time: 2.505250e-03
time: 2.505250e-03
time: 2.505250e-03
time: 2.505250e-03
time: 2.505250e-03
time: 2.505250e-03
time: 2.505250e-03
time: 2.505250e-03
time: 2.505250e-03
time: 2.505250e-03
time: 2.505250e-03
time: 2.505250e-03
time: 2.505250e-03
time: 2.505250e-03
time: 2.505250e-03
time: 2.505250e-03
time: 2.505250e-03
time: 2.505250e-03
time: 2.505250e-03
time: 2.505250e-03
time: 2.505250e-03
time: 2.505250e-03
time: 2.505250e-03
time: 2.505250e-03
time: 2.505250e-03
time: 2.505250e-03
time: 2.505250e-03
time: 2.505250e-03
time: 2.505250e-03
time: 2.505250e-03
time: 2.505250e-03
time: 2.505250e-03
time: 2.505250e-03
time: 2.505250e-03
time: 2.505250e-03
time: 2.505250e-03
time: 2.501733e-03
time: 2.501733e-03
time: 2.504480e-03
time: 2.504480e-03
time: 2.507227e-03
time: 2.507227e-03
time: 2.509974e-03
time: 2.509974e-03
time: 2.515469e-03
time: 2.520964e-03
time: 2.526458e-03
time: 2.531953e-03
time: 2.542942e-03
time: 2.553931e-03
time: 2.564920e-03
time: 2.575910e-03
time: 2.586899e-03
time: 2.608877e-03
time: 2.630856e-03
time: 2.652834e-03
time: 2.674812e-03
time: 2.696791e-03
time: 2.737148e-03
time: 2.777504e-03
time: 2.817861e-03
time: 2.817861e-03
time: 2.858218e-03
time: 2.898575e-03
time: 2.938931e-03
time: 2.979288e-03
time: 3.019645e-03
time: 3.060001e-03
time: 3.108824e-03
time: 3.157647e-03
time: 3.157647e-03
time: 3.206470e-03
time: 3.255293e-03
time: 3.304116e-03
time: 3.304116e-03
time: 3.352939e-03
time: 3.352939e-03
time: 3.352939e-03
time: 3.352939e-03
time: 3.352939e-03
time: 3.316322e-03
time: 3.316322e-03
time: 3.316322e-03
time: 3.316322e-03
time: 3.316322e-03
time: 3.316322e-03
time: 3.316322e-03
time: 3.316322e-03
time: 3.316322e-03
time: 3.316322e-03
time: 3.316322e-03
time: 3.316322e-03
time: 3.316322e-03
time: 3.316322e-03
time: 3.316322e-03
time: 3.316322e-03
time: 3.316322e-03
time: 3.316322e-03
time: 3.316322e-03
time: 3.316322e-03
time: 3.316322e-03
time: 3.316322e-03
time: 3.316322e-03
time: 3.316322e-03
time: 3.316322e-03
time: 3.316322e-03
time: 3.316322e-03
time: 3.316322e-03
time: 3.316322e-03
time: 3.316322e-03
time: 3.316322e-03
time: 3.316322e-03
time: 3.316322e-03
time: 3.316322e-03
time: 3.316322e-03
time: 3.316322e-03
time: 3.316322e-03
time: 3.316322e-03
time: 3.316322e-03
time: 3.316322e-03
time: 3.316322e-03
time: 3.316322e-03
time: 3.316322e-03
time: 3.316322e-03
time: 3.316322e-03
time: 3.316322e-03
time: 3.316322e-03
time: 3.316322e-03
time: 3.316322e-03
time: 3.316322e-03
time: 3.316322e-03
time: 3.316322e-03
time: 3.316322e-03
time: 3.316322e-03
time: 3.316322e-03
time: 3.328528e-03
time: 3.340733e-03
time: 3.352939e-03
time: 3.365145e-03
time: 3.389556e-03
time: 3.413968e-03
time: 3.438379e-03
time: 3.462791e-03
time: 3.511614e-03
time: 3.511614e-03
time: 3.560437e-03
time: 3.609260e-03
time: 3.609260e-03
time: 3.658083e-03
time: 3.706905e-03
time: 3.768695e-03
time: 3.830485e-03
time: 3.892275e-03
time: 3.954065e-03
time: 4.015855e-03
time: 4.077645e-03
time: 4.077645e-03
time: 4.139435e-03
time: 4.201225e-03
time: 4.263014e-03
time: 4.263014e-03
time: 4.263014e-03
time: 4.263014e-03
time: 4.263014e-03
time: 4.216672e-03
time: 4.216672e-03
time: 4.216672e-03
time: 4.216672e-03
time: 4.216672e-03
time: 4.216672e-03
time: 4.216672e-03
time: 4.216672e-03
time: 4.216672e-03
time: 4.216672e-03
time: 4.216672e-03
time: 4.216672e-03
time: 4.216672e-03
time: 4.216672e-03
time: 4.216672e-03
time: 4.216672e-03
time: 4.216672e-03
time: 4.216672e-03
time: 4.216672e-03
time: 4.216672e-03
time: 4.216672e-03
time: 4.216672e-03
time: 4.216672e-03
time: 4.216672e-03
time: 4.216672e-03
time: 4.216672e-03
time: 4.216672e-03
time: 4.216672e-03
time: 4.216672e-03
time: 4.216672e-03
time: 4.216672e-03
time: 4.216672e-03
time: 4.216672e-03
time: 4.216672e-03
time: 4.216672e-03
time: 4.216672e-03
time: 4.216672e-03
time: 4.216672e-03
time: 4.216672e-03
time: 4.216672e-03
time: 4.216672e-03
time: 4.216672e-03
time: 4.216672e-03
time: 4.216672e-03
time: 4.216672e-03
time: 4.216672e-03
time: 4.216672e-03
time: 4.216672e-03
time: 4.216672e-03
time: 4.216672e-03
time: 4.216672e-03
time: 4.216672e-03
time: 4.216672e-03
time: 4.216672e-03
time: 4.216672e-03
time: 4.232119e-03
time: 4.247567e-03
time: 4.263014e-03
time: 4.278462e-03
time: 4.309357e-03
time: 4.340252e-03
time: 4.371147e-03
time: 4.402042e-03
time: 4.463832e-03
time: 4.463832e-03
time: 4.525621e-03
time: 4.587411e-03
time: 4.649201e-03
time: 4.710991e-03
time: 4.798143e-03
time: 4.885294e-03
time: 4.972446e-03
time: 5.059597e-03
time: 5.146749e-03
time: 5.233900e-03
time: 5.321052e-03
time: 5.408203e-03
time: 5.495355e-03
time: 5.495355e-03
time: 5.582506e-03
time: 5.582506e-03
time: 5.582506e-03
time: 5.582506e-03
time: 5.582506e-03
time: 5.517143e-03
time: 5.517143e-03
time: 5.517143e-03
time: 5.517143e-03
time: 5.517143e-03
time: 5.517143e-03
time: 5.517143e-03
time: 5.517143e-03
time: 5.517143e-03
time: 5.517143e-03
time: 5.517143e-03
time: 5.517143e-03
time: 5.517143e-03
time: 5.517143e-03
time: 5.517143e-03
time: 5.517143e-03
time: 5.517143e-03
time: 5.517143e-03
time: 5.517143e-03
time: 5.517143e-03
time: 5.517143e-03
time: 5.517143e-03
time: 5.517143e-03
time: 5.517143e-03
time: 5.517143e-03
time: 5.517143e-03
time: 5.517143e-03
time: 5.517143e-03
time: 5.517143e-03
time: 5.517143e-03
time: 5.517143e-03
time: 5.517143e-03
time: 5.517143e-03
time: 5.517143e-03
time: 5.517143e-03
time: 5.517143e-03
time: 5.517143e-03
time: 5.517143e-03
time: 5.517143e-03
time: 5.517143e-03
time: 5.517143e-03
time: 5.517143e-03
time: 5.517143e-03
time: 5.517143e-03
time: 5.517143e-03
time: 5.517143e-03
time: 5.517143e-03
time: 5.517143e-03
time: 5.517143e-03
time: 5.517143e-03
time: 5.517143e-03
time: 5.517143e-03
time: 5.517143e-03
time: 5.517143e-03
time: 5.517143e-03
time: 5.538931e-03
time: 5.560718e-03
time: 5.582506e-03
time: 5.604294e-03
time: 5.647870e-03
time: 5.691446e-03
time: 5.735021e-03
time: 5.778597e-03
time: 5.865749e-03
time: 5.865749e-03
time: 5.952900e-03
time: 6.040052e-03
time: 6.127203e-03
time: 6.214355e-03
time: 6.341589e-03
time: 6.468824e-03
time: 6.596058e-03
time: 6.723292e-03
time: 6.850527e-03
time: 6.977761e-03
time: 7.132902e-03
time: 7.288043e-03
time: 7.288043e-03
time: 7.443184e-03
time: 7.598325e-03
time: 7.753466e-03
time: 7.908606e-03
time: 7.908606e-03
time: 8.063747e-03
time: 8.218888e-03
time: 8.374029e-03
time: 8.374029e-03
time: 8.560919e-03
time: 8.560919e-03
time: 8.560919e-03
time: 8.560919e-03
time: 8.560919e-03
time: 8.420752e-03
time: 8.420752e-03
time: 8.420752e-03
time: 8.420752e-03
time: 8.420752e-03
time: 8.420752e-03
time: 8.420752e-03
time: 8.420752e-03
time: 8.420752e-03
time: 8.420752e-03
time: 8.420752e-03
time: 8.420752e-03
time: 8.420752e-03
time: 8.420752e-03
time: 8.420752e-03
time: 8.420752e-03
time: 8.420752e-03
time: 8.420752e-03
time: 8.420752e-03
time: 8.420752e-03
time: 8.420752e-03
time: 8.420752e-03
time: 8.420752e-03
time: 8.420752e-03
time: 8.420752e-03
time: 8.420752e-03
time: 8.420752e-03
time: 8.420752e-03
time: 8.420752e-03
time: 8.420752e-03
time: 8.420752e-03
time: 8.420752e-03
time: 8.420752e-03
time: 8.420752e-03
time: 8.420752e-03
time: 8.420752e-03
time: 8.420752e-03
time: 8.420752e-03
time: 8.420752e-03
time: 8.420752e-03
time: 8.420752e-03
time: 8.420752e-03
time: 8.420752e-03
time: 8.420752e-03
time: 8.420752e-03
time: 8.420752e-03
time: 8.420752e-03
time: 8.420752e-03
time: 8.420752e-03
time: 8.420752e-03
time: 8.420752e-03
time: 8.420752e-03
time: 8.420752e-03
time: 8.420752e-03
time: 8.420752e-03
time: 8.467474e-03
time: 8.514197e-03
time: 8.560919e-03
time: 8.607642e-03
time: 8.701087e-03
time: 8.794532e-03
time: 8.887977e-03
time: 8.981422e-03
time: 9.074867e-03
time: 9.261757e-03
time: 9.448647e-03
time: 9.635537e-03
time: 9.822427e-03
time: 1.000932e-02
time: 1.025412e-02
time: 1.049893e-02
time: 1.074374e-02
time: 1.098855e-02
time: 1.123335e-02
time: 1.147816e-02
time: 1.172297e-02
time: 1.201706e-02
time: 1.231116e-02
time: 1.231116e-02
time: 1.260525e-02
time: 1.289934e-02
time: 1.289934e-02
time: 1.319343e-02
time: 1.348753e-02
time: 1.378162e-02
time: 1.413613e-02
time: 1.449064e-02
time: 1.449064e-02
time: 1.484515e-02
time: 1.484515e-02
time: 1.519966e-02
time: 1.519966e-02
time: 1.555417e-02
time: 1.590868e-02
time: 1.626319e-02
time: 1.661770e-02
time: 1.697221e-02
time: 1.732672e-02
time: 1.732672e-02
time: 1.768122e-02
time: 1.768122e-02
time: 1.768122e-02
time: 1.803573e-02
time: 1.803573e-02
time: 1.839024e-02
time: 1.839024e-02
time: 1.874475e-02
time: 1.874475e-02
time: 1.874475e-02
time: 1.909926e-02
time: 1.909926e-02
time: 1.945377e-02
time: 1.945377e-02
time: 1.980828e-02
time: 1.980828e-02
time: 2.024602e-02
time: 2.024602e-02
time: 2.024602e-02
time: 2.068376e-02
time: 2.068376e-02
time: 2.112149e-02
time: 2.112149e-02
time: 2.155923e-02
time: 2.155923e-02
time: 2.199697e-02
time: 2.199697e-02
time: 2.199697e-02
time: 2.243471e-02
time: 2.243471e-02
time: 2.287244e-02
time: 2.287244e-02
time: 2.331018e-02
time: 2.331018e-02
time: 2.384768e-02
time: 2.384768e-02
time: 2.384768e-02
time: 2.438518e-02
time: 2.438518e-02
time: 2.492267e-02
time: 2.492267e-02
time: 2.546017e-02
time: 2.546017e-02
time: 2.599767e-02
time: 2.599767e-02
time: 2.599767e-02
time: 2.653517e-02
time: 2.653517e-02
time: 2.707267e-02
time: 2.707267e-02
time: 2.761016e-02
time: 2.761016e-02
time: 2.814766e-02
time: 2.868516e-02
time: 2.868516e-02
time: 2.922266e-02
time: 2.922266e-02
time: 2.976016e-02
time: 2.976016e-02
time: 2.976016e-02
time: 2.976016e-02
time: 3.029766e-02
time: 3.029766e-02
time: 3.029766e-02
time: 3.083515e-02
time: 3.083515e-02
time: 3.137265e-02
time: 3.137265e-02
time: 3.137265e-02
time: 3.191015e-02
time: 3.191015e-02
time: 3.191015e-02
time: 3.191015e-02
time: 3.164140e-02
time: 3.191015e-02
time: 3.191015e-02
time: 3.191015e-02
time: 3.217890e-02
time: 3.217890e-02
time: 3.244765e-02
time: 3.244765e-02
time: 3.244765e-02
time: 3.244765e-02
time: 3.244765e-02
time: 3.224609e-02
time: 3.224609e-02
time: 3.224609e-02
time: 3.224609e-02
time: 3.224609e-02
time: 3.224609e-02
time: 3.224609e-02
time: 3.224609e-02
time: 3.224609e-02
time: 3.224609e-02
time: 3.224609e-02
time: 3.224609e-02
time: 3.224609e-02
time: 3.224609e-02
time: 3.224609e-02
time: 3.224609e-02
time: 3.224609e-02
time: 3.224609e-02
time: 3.224609e-02
time: 3.224609e-02
time: 3.224609e-02
time: 3.224609e-02
time: 3.224609e-02
time: 3.224609e-02
time: 3.224609e-02
time: 3.224609e-02
time: 3.224609e-02
time: 3.224609e-02
time: 3.224609e-02
time: 3.224609e-02
time: 3.224609e-02
time: 3.224609e-02
time: 3.224609e-02
time: 3.224609e-02
time: 3.224609e-02
time: 3.224609e-02
time: 3.224609e-02
time: 3.224609e-02
time: 3.224609e-02
time: 3.224609e-02
time: 3.224609e-02
time: 3.224609e-02
time: 3.224609e-02
time: 3.224609e-02
time: 3.224609e-02
time: 3.224609e-02
time: 3.224609e-02
time: 3.224609e-02
time: 3.224609e-02
time: 3.224609e-02
time: 3.224609e-02
time: 3.224609e-02
time: 3.224609e-02
time: 3.224609e-02
time: 3.224609e-02
time: 3.224609e-02
time: 3.221249e-02
time: 3.221249e-02
time: 3.219570e-02
time: 3.219570e-02
time: 3.221249e-02
time: 3.221249e-02
time: 3.222929e-02
time: 3.224609e-02
time: 3.227968e-02
time: 3.231327e-02
time: 3.234687e-02
time: 3.241405e-02
time: 3.248124e-02
time: 3.254843e-02
time: 3.261562e-02
time: 3.274999e-02
time: 3.288436e-02
time: 3.301874e-02
time: 3.315311e-02
time: 3.342186e-02
time: 3.369061e-02
time: 3.395936e-02
time: 3.422811e-02
time: 3.476561e-02
time: 3.530311e-02
time: 3.584060e-02
time: 3.637810e-02
time: 3.691560e-02
time: 3.783261e-02
time: 3.874961e-02
time: 3.966662e-02
time: 4.058362e-02
time: 4.150063e-02
time: 4.241763e-02
time: 4.352513e-02
time: 4.463263e-02
time: 4.574013e-02
time: 4.684763e-02
time: 4.795513e-02
time: 4.906263e-02
time: 5.017013e-02
time: 5.150859e-02
time: 5.284704e-02
time: 5.418550e-02
time: 5.552395e-02
time: 5.686241e-02
time: 5.820086e-02
time: 5.982715e-02
time: 6.145343e-02
time: 6.307972e-02
time: 6.470600e-02
time: 6.633229e-02
time: 6.830911e-02
time: 7.028593e-02
time: 7.226274e-02
time: 7.423956e-02
time: 7.621638e-02
time: 7.873583e-02
time: 8.125527e-02
time: 8.377472e-02
time: 8.629416e-02
time: 8.881361e-02
time: 9.220578e-02
time: 9.559796e-02
time: 9.899014e-02
time: 1.023823e-01
time: 1.057745e-01
time: 1.106297e-01
time: 1.154848e-01
time: 1.203400e-01
time: 1.251952e-01
time: 1.300503e-01
time: 1.373693e-01
time: 1.446883e-01
time: 1.520072e-01
time: 1.593262e-01
time: 1.666451e-01
time: 1.809459e-01
time: 1.952467e-01
time: 2.095475e-01
time: 2.238482e-01
time: 2.524498e-01
time: 2.810513e-01
time: 3.096529e-01
time: 3.668560e-01
time: 4.240591e-01
time: 4.812622e-01
time: 5.956683e-01
time: 7.100745e-01
time: 8.244807e-01
time: 1.000000e+00
Number of steps: 844, current time 1.000000

==== Status of problem ====

Parser configured
Database configured
Mixture configured
Solution configured
Solver configured
Problem solved

==== END of Status ====

ULF run took 20.75 s

==== ULF END ====
