# RUNNING VERSION '1.07-1'
+==========================================================================================================+
|                                                                                                          |
|                                                                                              #           |
|                                                                                             ##           |
|                                                                                            ###           |
|                                                                                          ####            |
|                                                          TU Freiberg                    ######           |
|                                                          Chair of Numerical            #### ##           |
|                                                          Thermo-Fluid-Dynamics         ########          |
|        Universal Laminar Flame Solver                                                  #### #####        |
|                                                                                          ##########      |
|                                                                                                #####     |
|                            ###    ##########             ####  ################################# ###     |
|                           ####  ####                    #####     ####   ####          ######### ###     |
|                          ####  ####                    ######     ###   ###                  ### ###     |
|         ####      ####  ################              ###  ###   ###   #########   ###       ### ##      |
|        ####      ####  ################              ###   ###  ###   ########    ###       ### ###      |
|       ####       ###  #### ####                     ###    ### ###   ###         ##       ### ###        |
|       #####   #####  #### ####                     ###      #####   ###         ###    ##### ###         |
|        ##########   ####  ###                     ###       #############      ########## #####          |
|                                                        #######################################           |
|                                                      ###               #####################             |
|                                                                             ############                 |
|                                                                                                          |
+==========================================================================================================+
                                                                                                            
ULF run at Tue Sep 15 21:31:37 2015



==== Status of problem ====

Parser configured
Database configured
Mixture configured
Solution configured
Solver configured
Problem NOT solved

==== END of Status ====
time: 0.000000e+00
time: 3.083001e-11
time: 3.083001e-11
time: 3.083001e-11
time: 3.083001e-11
time: 3.083001e-11
time: 3.083001e-11
time: 3.083001e-11
time: 3.083001e-11
time: 3.083001e-11
time: 3.083001e-11
time: 3.083001e-11
time: 3.083001e-11
time: 3.083001e-11
time: 3.083001e-11
time: 3.083001e-11
time: 3.083001e-11
time: 3.083001e-11
time: 3.083001e-11
time: 3.083001e-11
time: 3.083001e-11
time: 3.083001e-11
time: 3.083001e-11
time: 3.083001e-11
time: 3.083001e-11
time: 3.083001e-11
time: 3.083001e-11
time: 3.083001e-11
time: 3.083001e-11
time: 3.083001e-11
time: 3.083001e-11
time: 3.083001e-11
time: 3.083001e-11
time: 3.083001e-11
time: 3.083001e-11
time: 3.083001e-11
time: 3.083001e-11
time: 3.083001e-11
time: 3.083001e-11
time: 3.083001e-11
time: 3.083001e-11
time: 3.083001e-11
time: 3.083001e-11
time: 3.083001e-11
time: 3.083001e-11
time: 3.083001e-11
time: 3.083001e-11
time: 3.083001e-11
time: 3.083001e-11
time: 3.083001e-11
time: 3.083001e-11
time: 3.083001e-11
time: 3.083001e-11
time: 3.083001e-11
time: 3.083001e-11
time: 3.083001e-11
time: 6.166003e-11
time: 9.249004e-11
time: 2.093492e-08
time: 2.093492e-08
time: 4.177736e-08
time: 6.261979e-08
time: 1.384641e-07
time: 2.143085e-07
time: 2.901528e-07
time: 3.659972e-07
time: 4.930650e-07
time: 6.201328e-07
time: 7.472007e-07
time: 8.742685e-07
time: 1.154972e-06
time: 1.154972e-06
time: 1.435675e-06
time: 1.435675e-06
time: 1.716378e-06
time: 1.716378e-06
time: 1.997082e-06
time: 1.997082e-06
time: 2.277785e-06
time: 2.558488e-06
time: 2.922715e-06
time: 3.286942e-06
time: 3.651169e-06
time: 4.015396e-06
time: 4.379623e-06
time: 4.816746e-06
time: 5.253869e-06
time: 5.690993e-06
time: 6.128116e-06
time: 6.565239e-06
time: 7.113435e-06
time: 7.661632e-06
time: 8.209828e-06
time: 8.758025e-06
time: 9.306222e-06
time: 1.000410e-05
time: 1.070197e-05
time: 1.139985e-05
time: 1.209772e-05
time: 1.279560e-05
time: 1.367604e-05
time: 1.455648e-05
time: 1.543693e-05
time: 1.631737e-05
time: 1.719781e-05
time: 1.829470e-05
time: 1.939158e-05
time: 2.048846e-05
time: 2.158535e-05
time: 2.268223e-05
time: 2.403702e-05
time: 2.539181e-05
time: 2.674660e-05
time: 2.810139e-05
time: 2.945618e-05
time: 3.111392e-05
time: 3.277166e-05
time: 3.442939e-05
time: 3.608713e-05
time: 3.774487e-05
time: 3.975656e-05
time: 4.176825e-05
time: 4.377993e-05
time: 4.579162e-05
time: 4.780331e-05
time: 5.022606e-05
time: 5.264882e-05
time: 5.507157e-05
time: 5.749432e-05
time: 5.991708e-05
time: 6.233983e-05
time: 6.533877e-05
time: 6.833770e-05
time: 7.133663e-05
time: 7.133663e-05
time: 7.433557e-05
time: 7.733450e-05
time: 8.033344e-05
time: 8.033344e-05
time: 8.333237e-05
time: 8.633130e-05
time: 8.633130e-05
time: 8.633130e-05
time: 8.933024e-05
time: 8.933024e-05
time: 8.933024e-05
time: 9.232917e-05
time: 9.232917e-05
time: 9.232917e-05
time: 9.532810e-05
time: 9.532810e-05
time: 9.532810e-05
time: 9.532810e-05
time: 9.832704e-05
time: 1.023038e-04
time: 1.023038e-04
time: 1.023038e-04
time: 1.023038e-04
time: 1.023038e-04
time: 9.932123e-05
time: 9.932123e-05
time: 9.932123e-05
time: 9.932123e-05
time: 9.932123e-05
time: 9.932123e-05
time: 9.932123e-05
time: 9.932123e-05
time: 9.932123e-05
time: 9.932123e-05
time: 9.932123e-05
time: 9.932123e-05
time: 9.932123e-05
time: 9.932123e-05
time: 9.932123e-05
time: 9.932123e-05
time: 9.932123e-05
time: 9.932123e-05
time: 9.932123e-05
time: 9.932123e-05
time: 9.932123e-05
time: 9.932123e-05
time: 9.932123e-05
time: 9.932123e-05
time: 9.932123e-05
time: 9.932123e-05
time: 9.932123e-05
time: 9.932123e-05
time: 9.932123e-05
time: 9.932123e-05
time: 9.932123e-05
time: 9.932123e-05
time: 9.932123e-05
time: 9.932123e-05
time: 9.932123e-05
time: 9.932123e-05
time: 9.932123e-05
time: 9.932123e-05
time: 9.932123e-05
time: 9.932123e-05
time: 9.932123e-05
time: 9.932123e-05
time: 9.932123e-05
time: 9.932123e-05
time: 9.932123e-05
time: 9.932123e-05
time: 9.932123e-05
time: 9.932123e-05
time: 9.932123e-05
time: 9.932123e-05
time: 9.932123e-05
time: 9.932123e-05
time: 9.932123e-05
time: 9.932123e-05
time: 9.932123e-05
time: 1.003154e-04
time: 1.013096e-04
time: 1.023038e-04
time: 1.032980e-04
time: 1.052864e-04
time: 1.072748e-04
time: 1.092632e-04
time: 1.112515e-04
time: 1.132399e-04
time: 1.172167e-04
time: 1.211935e-04
time: 1.251702e-04
time: 1.291470e-04
time: 1.331238e-04
time: 1.386026e-04
time: 1.440815e-04
time: 1.495603e-04
time: 1.550391e-04
time: 1.605180e-04
time: 1.659968e-04
time: 1.714756e-04
time: 1.781747e-04
time: 1.848737e-04
time: 1.915727e-04
time: 1.982718e-04
time: 2.049708e-04
time: 2.116699e-04
time: 2.183689e-04
time: 2.264795e-04
time: 2.345901e-04
time: 2.427006e-04
time: 2.508112e-04
time: 2.589218e-04
time: 2.670323e-04
time: 2.751429e-04
time: 2.848762e-04
time: 2.946095e-04
time: 3.043428e-04
time: 3.140761e-04
time: 3.140761e-04
time: 3.238094e-04
time: 3.335428e-04
time: 3.432761e-04
time: 3.432761e-04
time: 3.530094e-04
time: 3.627427e-04
time: 3.627427e-04
time: 3.627427e-04
time: 3.724760e-04
time: 3.724760e-04
time: 3.724760e-04
time: 3.724760e-04
time: 3.822093e-04
time: 3.942109e-04
time: 3.942109e-04
time: 3.942109e-04
time: 3.942109e-04
time: 3.942109e-04
time: 3.852097e-04
time: 3.852097e-04
time: 3.852097e-04
time: 3.852097e-04
time: 3.852097e-04
time: 3.852097e-04
time: 3.852097e-04
time: 3.852097e-04
time: 3.852097e-04
time: 3.852097e-04
time: 3.852097e-04
time: 3.852097e-04
time: 3.852097e-04
time: 3.852097e-04
time: 3.852097e-04
time: 3.852097e-04
time: 3.852097e-04
time: 3.852097e-04
time: 3.852097e-04
time: 3.852097e-04
time: 3.852097e-04
time: 3.852097e-04
time: 3.852097e-04
time: 3.852097e-04
time: 3.852097e-04
time: 3.852097e-04
time: 3.852097e-04
time: 3.852097e-04
time: 3.852097e-04
time: 3.852097e-04
time: 3.852097e-04
time: 3.852097e-04
time: 3.852097e-04
time: 3.852097e-04
time: 3.852097e-04
time: 3.852097e-04
time: 3.852097e-04
time: 3.852097e-04
time: 3.852097e-04
time: 3.852097e-04
time: 3.852097e-04
time: 3.852097e-04
time: 3.852097e-04
time: 3.852097e-04
time: 3.852097e-04
time: 3.852097e-04
time: 3.852097e-04
time: 3.852097e-04
time: 3.852097e-04
time: 3.852097e-04
time: 3.852097e-04
time: 3.852097e-04
time: 3.852097e-04
time: 3.852097e-04
time: 3.852097e-04
time: 3.882101e-04
time: 3.912105e-04
time: 3.942109e-04
time: 3.972112e-04
time: 4.032120e-04
time: 4.092128e-04
time: 4.152136e-04
time: 4.212143e-04
time: 4.272151e-04
time: 4.392166e-04
time: 4.512182e-04
time: 4.632197e-04
time: 4.752213e-04
time: 4.872228e-04
time: 5.103206e-04
time: 5.103206e-04
time: 5.334185e-04
time: 5.565163e-04
time: 5.565163e-04
time: 5.796141e-04
time: 5.796141e-04
time: 6.027120e-04
time: 6.258098e-04
time: 6.556529e-04
time: 6.854959e-04
time: 7.153390e-04
time: 7.153390e-04
time: 7.451821e-04
time: 7.750251e-04
time: 8.048682e-04
time: 8.347113e-04
time: 8.645543e-04
time: 8.645543e-04
time: 8.943974e-04
time: 8.943974e-04
time: 9.242405e-04
time: 9.242405e-04
time: 9.540836e-04
time: 9.540836e-04
time: 9.839266e-04
time: 9.839266e-04
time: 1.013770e-03
time: 1.013770e-03
time: 1.013770e-03
time: 1.043613e-03
time: 1.043613e-03
time: 1.043613e-03
time: 1.043613e-03
time: 1.043613e-03
time: 1.021230e-03
time: 1.021230e-03
time: 1.021230e-03
time: 1.021230e-03
time: 1.021230e-03
time: 1.021230e-03
time: 1.021230e-03
time: 1.021230e-03
time: 1.021230e-03
time: 1.021230e-03
time: 1.021230e-03
time: 1.021230e-03
time: 1.021230e-03
time: 1.021230e-03
time: 1.021230e-03
time: 1.021230e-03
time: 1.021230e-03
time: 1.021230e-03
time: 1.021230e-03
time: 1.021230e-03
time: 1.021230e-03
time: 1.021230e-03
time: 1.021230e-03
time: 1.021230e-03
time: 1.021230e-03
time: 1.021230e-03
time: 1.021230e-03
time: 1.021230e-03
time: 1.021230e-03
time: 1.021230e-03
time: 1.021230e-03
time: 1.021230e-03
time: 1.021230e-03
time: 1.021230e-03
time: 1.021230e-03
time: 1.021230e-03
time: 1.021230e-03
time: 1.021230e-03
time: 1.021230e-03
time: 1.021230e-03
time: 1.021230e-03
time: 1.021230e-03
time: 1.021230e-03
time: 1.021230e-03
time: 1.021230e-03
time: 1.021230e-03
time: 1.021230e-03
time: 1.021230e-03
time: 1.021230e-03
time: 1.021230e-03
time: 1.021230e-03
time: 1.021230e-03
time: 1.021230e-03
time: 1.021230e-03
time: 1.021230e-03
time: 1.028691e-03
time: 1.036152e-03
time: 1.043613e-03
time: 1.051074e-03
time: 1.058534e-03
time: 1.072303e-03
time: 1.086071e-03
time: 1.099840e-03
time: 1.113608e-03
time: 1.127377e-03
time: 1.153673e-03
time: 1.179968e-03
time: 1.206264e-03
time: 1.206264e-03
time: 1.232559e-03
time: 1.232559e-03
time: 1.258855e-03
time: 1.285151e-03
time: 1.311446e-03
time: 1.337742e-03
time: 1.364038e-03
time: 1.390333e-03
time: 1.416629e-03
time: 1.442924e-03
time: 1.469220e-03
time: 1.495516e-03
time: 1.521811e-03
time: 1.548107e-03
time: 1.548107e-03
time: 1.574402e-03
time: 1.574402e-03
time: 1.574402e-03
time: 1.600698e-03
time: 1.600698e-03
time: 1.626994e-03
time: 1.626994e-03
time: 1.653289e-03
time: 1.653289e-03
time: 1.653289e-03
time: 1.679585e-03
time: 1.679585e-03
time: 1.679585e-03
time: 1.705881e-03
time: 1.705881e-03
time: 1.705881e-03
time: 1.732176e-03
time: 1.732176e-03
time: 1.732176e-03
time: 1.758472e-03
time: 1.758472e-03
time: 1.758472e-03
time: 1.758472e-03
time: 1.745324e-03
time: 1.745324e-03
time: 1.758472e-03
time: 1.771620e-03
time: 1.771620e-03
time: 1.784767e-03
time: 1.784767e-03
time: 1.784767e-03
time: 1.797915e-03
time: 1.797915e-03
time: 1.811063e-03
time: 1.811063e-03
time: 1.824211e-03
time: 1.824211e-03
time: 1.824211e-03
time: 1.824211e-03
time: 1.817637e-03
time: 1.817637e-03
time: 1.824211e-03
time: 1.830785e-03
time: 1.830785e-03
time: 1.837359e-03
time: 1.837359e-03
time: 1.843933e-03
time: 1.843933e-03
time: 1.850506e-03
time: 1.850506e-03
time: 1.857080e-03
time: 1.857080e-03
time: 1.857080e-03
time: 1.863654e-03
time: 1.863654e-03
time: 1.870228e-03
time: 1.870228e-03
time: 1.870228e-03
time: 1.876802e-03
time: 1.876802e-03
time: 1.883376e-03
time: 1.883376e-03
time: 1.889950e-03
time: 1.889950e-03
time: 1.896524e-03
time: 1.896524e-03
time: 1.896524e-03
time: 1.903098e-03
time: 1.903098e-03
time: 1.909672e-03
time: 1.909672e-03
time: 1.916246e-03
time: 1.916246e-03
time: 1.916246e-03
time: 1.922819e-03
time: 1.922819e-03
time: 1.929393e-03
time: 1.929393e-03
time: 1.935967e-03
time: 1.935967e-03
time: 1.935967e-03
time: 1.942541e-03
time: 1.942541e-03
time: 1.949115e-03
time: 1.949115e-03
time: 1.955689e-03
time: 1.955689e-03
time: 1.955689e-03
time: 1.952402e-03
time: 1.955689e-03
time: 1.958976e-03
time: 1.962263e-03
time: 1.962263e-03
time: 1.965550e-03
time: 1.965550e-03
time: 1.968837e-03
time: 1.968837e-03
time: 1.972124e-03
time: 1.972124e-03
time: 1.975411e-03
time: 1.975411e-03
time: 1.978698e-03
time: 1.978698e-03
time: 1.981985e-03
time: 1.981985e-03
time: 1.985272e-03
time: 1.985272e-03
time: 1.988558e-03
time: 1.988558e-03
time: 1.991845e-03
time: 1.991845e-03
time: 1.995132e-03
time: 1.995132e-03
time: 1.998419e-03
time: 1.998419e-03
time: 2.001706e-03
time: 2.001706e-03
time: 2.004993e-03
time: 2.004993e-03
time: 2.008280e-03
time: 2.008280e-03
time: 2.011567e-03
time: 2.011567e-03
time: 2.014854e-03
time: 2.014854e-03
time: 2.018141e-03
time: 2.018141e-03
time: 2.018141e-03
time: 2.021428e-03
time: 2.021428e-03
time: 2.021428e-03
time: 2.024715e-03
time: 2.024715e-03
time: 2.028002e-03
time: 2.028002e-03
time: 2.031289e-03
time: 2.031289e-03
time: 2.034576e-03
time: 2.034576e-03
time: 2.034576e-03
time: 2.037863e-03
time: 2.037863e-03
time: 2.041150e-03
time: 2.041150e-03
time: 2.041150e-03
time: 2.044437e-03
time: 2.044437e-03
time: 2.047724e-03
time: 2.047724e-03
time: 2.051011e-03
time: 2.051011e-03
time: 2.051011e-03
time: 2.054298e-03
time: 2.054298e-03
time: 2.057584e-03
time: 2.057584e-03
time: 2.057584e-03
time: 2.060871e-03
time: 2.060871e-03
time: 2.060871e-03
time: 2.064158e-03
time: 2.064158e-03
time: 2.064158e-03
time: 2.067445e-03
time: 2.067445e-03
time: 2.070732e-03
time: 2.070732e-03
time: 2.070732e-03
time: 2.074019e-03
time: 2.074019e-03
time: 2.077306e-03
time: 2.077306e-03
time: 2.077306e-03
time: 2.075663e-03
time: 2.075663e-03
time: 2.077306e-03
time: 2.078950e-03
time: 2.078950e-03
time: 2.078950e-03
time: 2.080593e-03
time: 2.080593e-03
time: 2.082237e-03
time: 2.082237e-03
time: 2.082237e-03
time: 2.081415e-03
time: 2.081415e-03
time: 2.082237e-03
time: 2.083058e-03
time: 2.083058e-03
time: 2.083880e-03
time: 2.084702e-03
time: 2.084702e-03
time: 2.084702e-03
time: 2.084291e-03
time: 2.084702e-03
time: 2.085113e-03
time: 2.085524e-03
time: 2.085934e-03
time: 2.086575e-03
time: 2.087216e-03
time: 2.087857e-03
time: 2.089138e-03
time: 2.090420e-03
time: 2.091701e-03
time: 2.094264e-03
time: 2.096827e-03
time: 2.099390e-03
time: 2.101953e-03
time: 2.105503e-03
time: 2.109054e-03
time: 2.109054e-03
time: 2.112604e-03
time: 2.116155e-03
time: 2.120632e-03
time: 2.120632e-03
time: 2.125109e-03
time: 2.129586e-03
time: 2.134063e-03
time: 2.134063e-03
time: 2.138540e-03
time: 2.144872e-03
time: 2.144872e-03
time: 2.144872e-03
time: 2.141706e-03
time: 2.144872e-03
time: 2.148038e-03
time: 2.151204e-03
time: 2.154370e-03
time: 2.157536e-03
time: 2.160703e-03
time: 2.164867e-03
time: 2.164867e-03
time: 2.169031e-03
time: 2.173195e-03
time: 2.177359e-03
time: 2.177359e-03
time: 2.181523e-03
time: 2.185687e-03
time: 2.185687e-03
time: 2.189851e-03
time: 2.194887e-03
time: 2.194887e-03
time: 2.199922e-03
time: 2.199922e-03
time: 2.204958e-03
time: 2.209994e-03
time: 2.209994e-03
time: 2.215030e-03
time: 2.220065e-03
time: 2.220065e-03
time: 2.225101e-03
time: 2.225101e-03
time: 2.230137e-03
time: 2.235173e-03
time: 2.235173e-03
time: 2.240209e-03
time: 2.245244e-03
time: 2.245244e-03
time: 2.250280e-03
time: 2.255316e-03
time: 2.255316e-03
time: 2.260352e-03
time: 2.260352e-03
time: 2.265388e-03
time: 2.265388e-03
time: 2.270423e-03
time: 2.275459e-03
time: 2.275459e-03
time: 2.280495e-03
time: 2.280495e-03
time: 2.285531e-03
time: 2.285531e-03
time: 2.290566e-03
time: 2.290566e-03
time: 2.295602e-03
time: 2.295602e-03
time: 2.300638e-03
time: 2.300638e-03
time: 2.305674e-03
time: 2.310710e-03
time: 2.310710e-03
time: 2.315745e-03
time: 2.315745e-03
time: 2.320781e-03
time: 2.320781e-03
time: 2.325817e-03
time: 2.325817e-03
time: 2.330853e-03
time: 2.330853e-03
time: 2.335889e-03
time: 2.335889e-03
time: 2.340924e-03
time: 2.345960e-03
time: 2.345960e-03
time: 2.350996e-03
time: 2.350996e-03
time: 2.356032e-03
time: 2.356032e-03
time: 2.361067e-03
time: 2.361067e-03
time: 2.366103e-03
time: 2.366103e-03
time: 2.371139e-03
time: 2.371139e-03
time: 2.376175e-03
time: 2.381211e-03
time: 2.381211e-03
time: 2.386246e-03
time: 2.391282e-03
time: 2.391282e-03
time: 2.396318e-03
time: 2.401354e-03
time: 2.401354e-03
time: 2.406390e-03
time: 2.406390e-03
time: 2.411425e-03
time: 2.411425e-03
time: 2.416461e-03
time: 2.416461e-03
time: 2.421497e-03
time: 2.421497e-03
time: 2.426533e-03
time: 2.431569e-03
time: 2.431569e-03
time: 2.436604e-03
time: 2.436604e-03
time: 2.441640e-03
time: 2.446676e-03
time: 2.446676e-03
time: 2.451712e-03
time: 2.451712e-03
time: 2.456747e-03
time: 2.461783e-03
time: 2.461783e-03
time: 2.466819e-03
time: 2.466819e-03
time: 2.471855e-03
time: 2.471855e-03
time: 2.476891e-03
time: 2.476891e-03
time: 2.481926e-03
time: 2.481926e-03
time: 2.486962e-03
time: 2.486962e-03
time: 2.491998e-03
time: 2.491998e-03
time: 2.497034e-03
time: 2.497034e-03
time: 2.502070e-03
time: 2.502070e-03
time: 2.507105e-03
time: 2.507105e-03
time: 2.512141e-03
time: 2.512141e-03
time: 2.517177e-03
time: 2.517177e-03
time: 2.522213e-03
time: 2.522213e-03
time: 2.522213e-03
time: 2.519695e-03
time: 2.522213e-03
time: 2.524731e-03
time: 2.527248e-03
time: 2.529766e-03
time: 2.532284e-03
time: 2.532284e-03
time: 2.534802e-03
time: 2.537849e-03
time: 2.540897e-03
time: 2.540897e-03
time: 2.543944e-03
time: 2.543944e-03
time: 2.546991e-03
time: 2.550038e-03
time: 2.550038e-03
time: 2.553085e-03
time: 2.556132e-03
time: 2.556132e-03
time: 2.559180e-03
time: 2.559180e-03
time: 2.562227e-03
time: 2.565274e-03
time: 2.565274e-03
time: 2.568321e-03
time: 2.568321e-03
time: 2.571368e-03
time: 2.571368e-03
time: 2.574416e-03
time: 2.577463e-03
time: 2.577463e-03
time: 2.580510e-03
time: 2.580510e-03
time: 2.583557e-03
time: 2.586604e-03
time: 2.586604e-03
time: 2.589652e-03
time: 2.592699e-03
time: 2.592699e-03
time: 2.595746e-03
time: 2.595746e-03
time: 2.598793e-03
time: 2.598793e-03
time: 2.601840e-03
time: 2.601840e-03
time: 2.604887e-03
time: 2.604887e-03
time: 2.607935e-03
time: 2.607935e-03
time: 2.610982e-03
time: 2.614029e-03
time: 2.614029e-03
time: 2.614029e-03
time: 2.612505e-03
time: 2.614029e-03
time: 2.615553e-03
time: 2.617076e-03
time: 2.618600e-03
time: 2.620123e-03
time: 2.620123e-03
time: 2.621647e-03
time: 2.623543e-03
time: 2.623543e-03
time: 2.623543e-03
time: 2.622595e-03
time: 2.623543e-03
time: 2.624492e-03
time: 2.625440e-03
time: 2.626388e-03
time: 2.627336e-03
time: 2.628284e-03
time: 2.629233e-03
time: 2.630412e-03
time: 2.630412e-03
time: 2.631591e-03
time: 2.631591e-03
time: 2.632771e-03
time: 2.633950e-03
time: 2.633950e-03
time: 2.635129e-03
time: 2.636308e-03
time: 2.636308e-03
time: 2.637488e-03
time: 2.638667e-03
time: 2.638667e-03
time: 2.639846e-03
time: 2.641026e-03
time: 2.641026e-03
time: 2.642205e-03
time: 2.643384e-03
time: 2.643384e-03
time: 2.642795e-03
time: 2.643384e-03
time: 2.643974e-03
time: 2.644564e-03
time: 2.645153e-03
time: 2.645743e-03
time: 2.646476e-03
time: 2.647209e-03
time: 2.647209e-03
time: 2.647942e-03
time: 2.648675e-03
time: 2.649408e-03
time: 2.650141e-03
time: 2.650141e-03
time: 2.650874e-03
time: 2.651792e-03
time: 2.651792e-03
time: 2.652709e-03
time: 2.652709e-03
time: 2.653627e-03
time: 2.654544e-03
time: 2.654544e-03
time: 2.655461e-03
time: 2.656379e-03
time: 2.656379e-03
time: 2.657296e-03
time: 2.658213e-03
time: 2.658213e-03
time: 2.659131e-03
time: 2.660048e-03
time: 2.660965e-03
time: 2.660965e-03
time: 2.661883e-03
time: 2.663003e-03
time: 2.663003e-03
time: 2.664122e-03
time: 2.664122e-03
time: 2.665242e-03
time: 2.666362e-03
time: 2.666362e-03
time: 2.667482e-03
time: 2.667482e-03
time: 2.668602e-03
time: 2.669722e-03
time: 2.669722e-03
time: 2.670841e-03
time: 2.671961e-03
time: 2.671961e-03
time: 2.673081e-03
time: 2.674201e-03
time: 2.674201e-03
time: 2.675321e-03
time: 2.675321e-03
time: 2.676440e-03
time: 2.676440e-03
time: 2.677560e-03
time: 2.677560e-03
time: 2.678680e-03
time: 2.679800e-03
time: 2.679800e-03
time: 2.680920e-03
time: 2.682039e-03
time: 2.682039e-03
time: 2.683159e-03
time: 2.684279e-03
time: 2.684279e-03
time: 2.685399e-03
time: 2.686519e-03
time: 2.686519e-03
time: 2.687639e-03
time: 2.687639e-03
time: 2.688758e-03
time: 2.689878e-03
time: 2.689878e-03
time: 2.689318e-03
time: 2.689878e-03
time: 2.690438e-03
time: 2.690998e-03
time: 2.691558e-03
time: 2.692118e-03
time: 2.692678e-03
time: 2.693414e-03
time: 2.693414e-03
time: 2.694150e-03
time: 2.694150e-03
time: 2.694886e-03
time: 2.695622e-03
time: 2.696358e-03
time: 2.696358e-03
time: 2.697095e-03
time: 2.698018e-03
time: 2.698018e-03
time: 2.698942e-03
time: 2.698942e-03
time: 2.699865e-03
time: 2.700789e-03
time: 2.700789e-03
time: 2.701713e-03
time: 2.702636e-03
time: 2.702636e-03
time: 2.703560e-03
time: 2.704484e-03
time: 2.704484e-03
time: 2.705407e-03
time: 2.706331e-03
time: 2.707255e-03
time: 2.707255e-03
time: 2.708178e-03
time: 2.709102e-03
time: 2.709102e-03
time: 2.710025e-03
time: 2.710949e-03
time: 2.710949e-03
time: 2.711873e-03
time: 2.712796e-03
time: 2.712796e-03
time: 2.713720e-03
time: 2.713720e-03
time: 2.714644e-03
time: 2.715567e-03
time: 2.715567e-03
time: 2.716491e-03
time: 2.717415e-03
time: 2.717415e-03
time: 2.718338e-03
time: 2.719262e-03
time: 2.720185e-03
time: 2.720185e-03
time: 2.721109e-03
time: 2.722033e-03
time: 2.722033e-03
time: 2.722956e-03
time: 2.723880e-03
time: 2.723880e-03
time: 2.724804e-03
time: 2.725727e-03
time: 2.725727e-03
time: 2.726651e-03
time: 2.727575e-03
time: 2.727575e-03
time: 2.727113e-03
time: 2.727575e-03
time: 2.728036e-03
time: 2.728498e-03
time: 2.728960e-03
time: 2.729422e-03
time: 2.729984e-03
time: 2.730545e-03
time: 2.730545e-03
time: 2.731107e-03
time: 2.731669e-03
time: 2.732231e-03
time: 2.732915e-03
time: 2.733599e-03
time: 2.733599e-03
time: 2.734284e-03
time: 2.734968e-03
time: 2.735652e-03
time: 2.735652e-03
time: 2.736336e-03
time: 2.737021e-03
time: 2.737021e-03
time: 2.737705e-03
time: 2.738389e-03
time: 2.738389e-03
time: 2.739074e-03
time: 2.739758e-03
time: 2.739758e-03
time: 2.740442e-03
time: 2.741126e-03
time: 2.741126e-03
time: 2.741811e-03
time: 2.742495e-03
time: 2.742495e-03
time: 2.743179e-03
time: 2.743864e-03
time: 2.743864e-03
time: 2.744548e-03
time: 2.745232e-03
time: 2.745232e-03
time: 2.745917e-03
time: 2.746601e-03
time: 2.746601e-03
time: 2.747285e-03
time: 2.747969e-03
time: 2.747969e-03
time: 2.748654e-03
time: 2.749338e-03
time: 2.749338e-03
time: 2.750022e-03
time: 2.750707e-03
time: 2.750707e-03
time: 2.751391e-03
time: 2.752075e-03
time: 2.752075e-03
time: 2.752759e-03
time: 2.753444e-03
time: 2.753444e-03
time: 2.754128e-03
time: 2.754812e-03
time: 2.754812e-03
time: 2.755497e-03
time: 2.756181e-03
time: 2.756181e-03
time: 2.756865e-03
time: 2.757549e-03
time: 2.757549e-03
time: 2.758234e-03
time: 2.758918e-03
time: 2.758918e-03
time: 2.759602e-03
time: 2.760287e-03
time: 2.760287e-03
time: 2.760971e-03
time: 2.761655e-03
time: 2.761655e-03
time: 2.762340e-03
time: 2.763024e-03
time: 2.763024e-03
time: 2.763708e-03
time: 2.764542e-03
time: 2.764542e-03
time: 2.764125e-03
time: 2.764542e-03
time: 2.764959e-03
time: 2.765377e-03
time: 2.766141e-03
time: 2.766905e-03
time: 2.767669e-03
time: 2.769006e-03
time: 2.770342e-03
time: 2.771678e-03
time: 2.774241e-03
time: 2.776803e-03
time: 2.779365e-03
time: 2.784489e-03
time: 2.789614e-03
time: 2.794738e-03
time: 2.799862e-03
time: 2.804987e-03
time: 2.811147e-03
time: 2.817306e-03
time: 2.817306e-03
time: 2.823466e-03
time: 2.823466e-03
time: 2.829626e-03
time: 2.837726e-03
time: 2.837726e-03
time: 2.837726e-03
time: 2.837726e-03
time: 2.837726e-03
time: 2.831651e-03
time: 2.831651e-03
time: 2.831651e-03
time: 2.831651e-03
time: 2.831651e-03
time: 2.831651e-03
time: 2.831651e-03
time: 2.831651e-03
time: 2.831651e-03
time: 2.831651e-03
time: 2.831651e-03
time: 2.831651e-03
time: 2.831651e-03
time: 2.831651e-03
time: 2.831651e-03
time: 2.831651e-03
time: 2.831651e-03
time: 2.831651e-03
time: 2.831651e-03
time: 2.831651e-03
time: 2.831651e-03
time: 2.831651e-03
time: 2.831651e-03
time: 2.831651e-03
time: 2.831651e-03
time: 2.831651e-03
time: 2.831651e-03
time: 2.831651e-03
time: 2.831651e-03
time: 2.831651e-03
time: 2.831651e-03
time: 2.831651e-03
time: 2.831651e-03
time: 2.831651e-03
time: 2.831651e-03
time: 2.831651e-03
time: 2.831651e-03
time: 2.831651e-03
time: 2.831651e-03
time: 2.831651e-03
time: 2.831651e-03
time: 2.831651e-03
time: 2.831651e-03
time: 2.831651e-03
time: 2.831651e-03
time: 2.831651e-03
time: 2.831651e-03
time: 2.831651e-03
time: 2.831651e-03
time: 2.831651e-03
time: 2.831651e-03
time: 2.831651e-03
time: 2.831651e-03
time: 2.831651e-03
time: 2.831651e-03
time: 2.831651e-03
time: 2.830639e-03
time: 2.830639e-03
time: 2.831651e-03
time: 2.831651e-03
time: 2.832664e-03
time: 2.833676e-03
time: 2.835701e-03
time: 2.837726e-03
time: 2.839751e-03
time: 2.843801e-03
time: 2.847851e-03
time: 2.851900e-03
time: 2.855950e-03
time: 2.864050e-03
time: 2.872150e-03
time: 2.880249e-03
time: 2.888349e-03
time: 2.904549e-03
time: 2.920748e-03
time: 2.936947e-03
time: 2.953147e-03
time: 2.969346e-03
time: 3.001745e-03
time: 3.034144e-03
time: 3.066543e-03
time: 3.098942e-03
time: 3.131341e-03
time: 3.186737e-03
time: 3.242133e-03
time: 3.297529e-03
time: 3.297529e-03
time: 3.352926e-03
time: 3.352926e-03
time: 3.408322e-03
time: 3.463718e-03
time: 3.519115e-03
time: 3.574511e-03
time: 3.629907e-03
time: 3.685303e-03
time: 3.740700e-03
time: 3.796096e-03
time: 3.851492e-03
time: 3.906889e-03
time: 3.973481e-03
time: 4.040074e-03
time: 4.040074e-03
time: 4.106666e-03
time: 4.106666e-03
time: 4.173259e-03
time: 4.173259e-03
time: 4.239852e-03
time: 4.306444e-03
time: 4.306444e-03
time: 4.373037e-03
time: 4.373037e-03
time: 4.439630e-03
time: 4.439630e-03
time: 4.506222e-03
time: 4.506222e-03
time: 4.506222e-03
time: 4.506222e-03
time: 4.572815e-03
time: 4.572815e-03
time: 4.639407e-03
time: 4.639407e-03
time: 4.706000e-03
time: 4.706000e-03
time: 4.706000e-03
time: 4.706000e-03
time: 4.672704e-03
time: 4.672704e-03
time: 4.706000e-03
time: 4.739296e-03
time: 4.739296e-03
time: 4.739296e-03
time: 4.772593e-03
time: 4.772593e-03
time: 4.805889e-03
time: 4.805889e-03
time: 4.805889e-03
time: 4.805889e-03
time: 4.789241e-03
time: 4.789241e-03
time: 4.805889e-03
time: 4.822537e-03
time: 4.822537e-03
time: 4.839185e-03
time: 4.839185e-03
time: 4.839185e-03
time: 4.855834e-03
time: 4.855834e-03
time: 4.855834e-03
time: 4.872482e-03
time: 4.872482e-03
time: 4.872482e-03
time: 4.889130e-03
time: 4.889130e-03
time: 4.889130e-03
time: 4.905778e-03
time: 4.905778e-03
time: 4.905778e-03
time: 4.922426e-03
time: 4.922426e-03
time: 4.922426e-03
time: 4.914102e-03
time: 4.922426e-03
time: 4.922426e-03
time: 4.930750e-03
time: 4.930750e-03
time: 4.939074e-03
time: 4.939074e-03
time: 4.947398e-03
time: 4.955722e-03
time: 4.955722e-03
time: 4.964047e-03
time: 4.964047e-03
time: 4.972371e-03
time: 4.972371e-03
time: 4.980695e-03
time: 4.980695e-03
time: 4.989019e-03
time: 4.989019e-03
time: 4.997343e-03
time: 4.997343e-03
time: 5.005667e-03
time: 5.005667e-03
time: 5.005667e-03
time: 5.013991e-03
time: 5.013991e-03
time: 5.013991e-03
time: 5.022315e-03
time: 5.022315e-03
time: 5.022315e-03
time: 5.018153e-03
time: 5.018153e-03
time: 5.022315e-03
time: 5.022315e-03
time: 5.026477e-03
time: 5.030639e-03
time: 5.030639e-03
time: 5.034801e-03
time: 5.034801e-03
time: 5.038963e-03
time: 5.038963e-03
time: 5.043125e-03
time: 5.047287e-03
time: 5.047287e-03
time: 5.051449e-03
time: 5.051449e-03
time: 5.055611e-03
time: 5.059773e-03
time: 5.059773e-03
time: 5.063935e-03
time: 5.063935e-03
time: 5.068098e-03
time: 5.068098e-03
time: 5.072260e-03
time: 5.072260e-03
time: 5.076422e-03
time: 5.076422e-03
time: 5.080584e-03
time: 5.080584e-03
time: 5.084746e-03
time: 5.088908e-03
time: 5.088908e-03
time: 5.093070e-03
time: 5.093070e-03
time: 5.097232e-03
time: 5.101394e-03
time: 5.101394e-03
time: 5.105556e-03
time: 5.105556e-03
time: 5.109718e-03
time: 5.109718e-03
time: 5.113880e-03
time: 5.113880e-03
time: 5.118042e-03
time: 5.118042e-03
time: 5.122204e-03
time: 5.122204e-03
time: 5.126366e-03
time: 5.126366e-03
time: 5.130528e-03
time: 5.130528e-03
time: 5.134690e-03
time: 5.134690e-03
time: 5.138852e-03
time: 5.143014e-03
time: 5.143014e-03
time: 5.147176e-03
time: 5.147176e-03
time: 5.151338e-03
time: 5.155500e-03
time: 5.155500e-03
time: 5.155500e-03
time: 5.153419e-03
time: 5.155500e-03
time: 5.157581e-03
time: 5.159662e-03
time: 5.162630e-03
time: 5.165597e-03
time: 5.168565e-03
time: 5.173157e-03
time: 5.177749e-03
time: 5.182342e-03
time: 5.188214e-03
time: 5.194087e-03
time: 5.199960e-03
time: 5.205833e-03
time: 5.216798e-03
time: 5.227763e-03
time: 5.238727e-03
time: 5.249692e-03
time: 5.249692e-03
time: 5.260657e-03
time: 5.260657e-03
time: 5.271622e-03
time: 5.282587e-03
time: 5.282587e-03
time: 5.282587e-03
time: 5.293552e-03
time: 5.293552e-03
time: 5.304517e-03
time: 5.304517e-03
time: 5.315482e-03
time: 5.315482e-03
time: 5.315482e-03
time: 5.309999e-03
time: 5.315482e-03
time: 5.320964e-03
time: 5.326447e-03
time: 5.331929e-03
time: 5.331929e-03
time: 5.337411e-03
time: 5.337411e-03
time: 5.342894e-03
time: 5.342894e-03
time: 5.348376e-03
time: 5.353859e-03
time: 5.353859e-03
time: 5.359341e-03
time: 5.359341e-03
time: 5.364824e-03
time: 5.364824e-03
time: 5.370306e-03
time: 5.370306e-03
time: 5.375789e-03
time: 5.375789e-03
time: 5.381271e-03
time: 5.381271e-03
time: 5.386753e-03
time: 5.386753e-03
time: 5.392236e-03
time: 5.392236e-03
time: 5.397718e-03
time: 5.397718e-03
time: 5.403201e-03
time: 5.403201e-03
time: 5.408683e-03
time: 5.408683e-03
time: 5.414166e-03
time: 5.414166e-03
time: 5.419648e-03
time: 5.419648e-03
time: 5.425131e-03
time: 5.425131e-03
time: 5.430613e-03
time: 5.430613e-03
time: 5.436096e-03
time: 5.436096e-03
time: 5.441578e-03
time: 5.441578e-03
time: 5.441578e-03
time: 5.438837e-03
time: 5.441578e-03
time: 5.444319e-03
time: 5.447060e-03
time: 5.452054e-03
time: 5.457047e-03
time: 5.462041e-03
time: 5.462041e-03
time: 5.467034e-03
time: 5.467034e-03
time: 5.472027e-03
time: 5.472027e-03
time: 5.477021e-03
time: 5.482014e-03
time: 5.482014e-03
time: 5.487007e-03
time: 5.487007e-03
time: 5.492001e-03
time: 5.492001e-03
time: 5.496994e-03
time: 5.496994e-03
time: 5.501987e-03
time: 5.501987e-03
time: 5.506981e-03
time: 5.506981e-03
time: 5.511974e-03
time: 5.511974e-03
time: 5.516968e-03
time: 5.516968e-03
time: 5.521961e-03
time: 5.521961e-03
time: 5.526954e-03
time: 5.526954e-03
time: 5.531948e-03
time: 5.531948e-03
time: 5.536941e-03
time: 5.536941e-03
time: 5.541934e-03
time: 5.541934e-03
time: 5.546928e-03
time: 5.546928e-03
time: 5.546928e-03
time: 5.551921e-03
time: 5.551921e-03
time: 5.556915e-03
time: 5.556915e-03
time: 5.561908e-03
time: 5.561908e-03
time: 5.561908e-03
time: 5.566901e-03
time: 5.566901e-03
time: 5.571895e-03
time: 5.571895e-03
time: 5.576888e-03
time: 5.576888e-03
time: 5.576888e-03
time: 5.574391e-03
time: 5.576888e-03
time: 5.579385e-03
time: 5.581881e-03
time: 5.586264e-03
time: 5.590646e-03
time: 5.595028e-03
time: 5.595028e-03
time: 5.599410e-03
time: 5.599410e-03
time: 5.603792e-03
time: 5.603792e-03
time: 5.608174e-03
time: 5.612556e-03
time: 5.612556e-03
time: 5.616938e-03
time: 5.616938e-03
time: 5.621321e-03
time: 5.621321e-03
time: 5.625703e-03
time: 5.625703e-03
time: 5.630085e-03
time: 5.630085e-03
time: 5.634467e-03
time: 5.634467e-03
time: 5.638849e-03
time: 5.638849e-03
time: 5.638849e-03
time: 5.643231e-03
time: 5.643231e-03
time: 5.647613e-03
time: 5.647613e-03
time: 5.651996e-03
time: 5.651996e-03
time: 5.656378e-03
time: 5.656378e-03
time: 5.660760e-03
time: 5.660760e-03
time: 5.665142e-03
time: 5.665142e-03
time: 5.669524e-03
time: 5.669524e-03
time: 5.673906e-03
time: 5.673906e-03
time: 5.678288e-03
time: 5.678288e-03
time: 5.682671e-03
time: 5.682671e-03
time: 5.687053e-03
time: 5.687053e-03
time: 5.691435e-03
time: 5.691435e-03
time: 5.695817e-03
time: 5.695817e-03
time: 5.700199e-03
time: 5.700199e-03
time: 5.700199e-03
time: 5.698008e-03
time: 5.700199e-03
time: 5.702390e-03
time: 5.704581e-03
time: 5.706772e-03
time: 5.708963e-03
time: 5.708963e-03
time: 5.711154e-03
time: 5.711154e-03
time: 5.713345e-03
time: 5.715537e-03
time: 5.715537e-03
time: 5.717728e-03
time: 5.717728e-03
time: 5.719919e-03
time: 5.719919e-03
time: 5.722110e-03
time: 5.724301e-03
time: 5.724301e-03
time: 5.724301e-03
time: 5.723205e-03
time: 5.724301e-03
time: 5.725396e-03
time: 5.726492e-03
time: 5.727973e-03
time: 5.729454e-03
time: 5.730935e-03
time: 5.733471e-03
time: 5.736006e-03
time: 5.738542e-03
time: 5.741816e-03
time: 5.741816e-03
time: 5.745090e-03
time: 5.748365e-03
time: 5.752449e-03
time: 5.756533e-03
time: 5.760617e-03
time: 5.766529e-03
time: 5.766529e-03
time: 5.772442e-03
time: 5.772442e-03
time: 5.778354e-03
time: 5.784267e-03
time: 5.790179e-03
time: 5.797754e-03
time: 5.797754e-03
time: 5.805328e-03
time: 5.805328e-03
time: 5.812903e-03
time: 5.812903e-03
time: 5.826024e-03
time: 5.839146e-03
time: 5.852267e-03
time: 5.852267e-03
time: 5.865388e-03
time: 5.865388e-03
time: 5.878510e-03
time: 5.891631e-03
time: 5.891631e-03
time: 5.904753e-03
time: 5.904753e-03
time: 5.917874e-03
time: 5.917874e-03
time: 5.930995e-03
time: 5.944117e-03
time: 5.944117e-03
time: 5.944117e-03
time: 5.957238e-03
time: 5.957238e-03
time: 5.957238e-03
time: 5.957238e-03
time: 5.957238e-03
time: 5.947397e-03
time: 5.947397e-03
time: 5.947397e-03
time: 5.947397e-03
time: 5.947397e-03
time: 5.947397e-03
time: 5.947397e-03
time: 5.947397e-03
time: 5.947397e-03
time: 5.947397e-03
time: 5.947397e-03
time: 5.947397e-03
time: 5.947397e-03
time: 5.947397e-03
time: 5.947397e-03
time: 5.947397e-03
time: 5.947397e-03
time: 5.947397e-03
time: 5.947397e-03
time: 5.947397e-03
time: 5.947397e-03
time: 5.947397e-03
time: 5.947397e-03
time: 5.947397e-03
time: 5.947397e-03
time: 5.947397e-03
time: 5.947397e-03
time: 5.947397e-03
time: 5.947397e-03
time: 5.947397e-03
time: 5.947397e-03
time: 5.947397e-03
time: 5.947397e-03
time: 5.947397e-03
time: 5.947397e-03
time: 5.947397e-03
time: 5.947397e-03
time: 5.947397e-03
time: 5.947397e-03
time: 5.947397e-03
time: 5.947397e-03
time: 5.947397e-03
time: 5.947397e-03
time: 5.947397e-03
time: 5.947397e-03
time: 5.947397e-03
time: 5.947397e-03
time: 5.947397e-03
time: 5.947397e-03
time: 5.947397e-03
time: 5.947397e-03
time: 5.947397e-03
time: 5.947397e-03
time: 5.947397e-03
time: 5.947397e-03
time: 5.947397e-03
time: 5.950677e-03
time: 5.953958e-03
time: 5.957238e-03
time: 5.963799e-03
time: 5.970359e-03
time: 5.976920e-03
time: 5.990041e-03
time: 6.003163e-03
time: 6.016284e-03
time: 6.029406e-03
time: 6.055648e-03
time: 6.081891e-03
time: 6.108134e-03
time: 6.134377e-03
time: 6.186510e-03
time: 6.238644e-03
time: 6.238644e-03
time: 6.290777e-03
time: 6.290777e-03
time: 6.342911e-03
time: 6.342911e-03
time: 6.447178e-03
time: 6.447178e-03
time: 6.551446e-03
time: 6.551446e-03
time: 6.655713e-03
time: 6.655713e-03
time: 6.759980e-03
time: 6.759980e-03
time: 6.864247e-03
time: 6.968515e-03
time: 7.072782e-03
time: 7.200128e-03
time: 7.327474e-03
time: 7.327474e-03
time: 7.454821e-03
time: 7.454821e-03
time: 7.582167e-03
time: 7.709513e-03
time: 7.836860e-03
time: 7.964206e-03
time: 8.091552e-03
time: 8.091552e-03
time: 8.091552e-03
time: 8.091552e-03
time: 8.091552e-03
time: 7.996042e-03
time: 7.996042e-03
time: 7.996042e-03
time: 7.996042e-03
time: 7.996042e-03
time: 7.996042e-03
time: 7.996042e-03
time: 7.996042e-03
time: 7.996042e-03
time: 7.996042e-03
time: 7.996042e-03
time: 7.996042e-03
time: 7.996042e-03
time: 7.996042e-03
time: 7.996042e-03
time: 7.996042e-03
time: 7.996042e-03
time: 7.996042e-03
time: 7.996042e-03
time: 7.996042e-03
time: 7.996042e-03
time: 7.996042e-03
time: 7.996042e-03
time: 7.996042e-03
time: 7.996042e-03
time: 7.996042e-03
time: 7.996042e-03
time: 7.996042e-03
time: 7.996042e-03
time: 7.996042e-03
time: 7.996042e-03
time: 7.996042e-03
time: 7.996042e-03
time: 7.996042e-03
time: 7.996042e-03
time: 7.996042e-03
time: 7.996042e-03
time: 7.996042e-03
time: 7.996042e-03
time: 7.996042e-03
time: 7.996042e-03
time: 7.996042e-03
time: 7.996042e-03
time: 7.996042e-03
time: 7.996042e-03
time: 7.996042e-03
time: 7.996042e-03
time: 7.996042e-03
time: 7.996042e-03
time: 7.996042e-03
time: 7.996042e-03
time: 7.996042e-03
time: 7.996042e-03
time: 7.996042e-03
time: 7.996042e-03
time: 8.027879e-03
time: 8.059716e-03
time: 8.091552e-03
time: 8.123389e-03
time: 8.187062e-03
time: 8.250735e-03
time: 8.314408e-03
time: 8.378081e-03
time: 8.441755e-03
time: 8.569101e-03
time: 8.696447e-03
time: 8.823793e-03
time: 8.951140e-03
time: 9.078486e-03
time: 9.251658e-03
time: 9.424830e-03
time: 9.424830e-03
time: 9.598002e-03
time: 9.598002e-03
time: 9.771174e-03
time: 9.771174e-03
time: 9.944346e-03
time: 1.011752e-02
time: 1.011752e-02
time: 1.029069e-02
time: 1.029069e-02
time: 1.046386e-02
time: 1.046386e-02
time: 1.063703e-02
time: 1.063703e-02
time: 1.081021e-02
time: 1.098338e-02
time: 1.098338e-02
time: 1.115655e-02
time: 1.115655e-02
time: 1.115655e-02
time: 1.115655e-02
time: 1.115655e-02
time: 1.102667e-02
time: 1.102667e-02
time: 1.102667e-02
time: 1.102667e-02
time: 1.102667e-02
time: 1.102667e-02
time: 1.102667e-02
time: 1.102667e-02
time: 1.102667e-02
time: 1.102667e-02
time: 1.102667e-02
time: 1.102667e-02
time: 1.102667e-02
time: 1.102667e-02
time: 1.102667e-02
time: 1.102667e-02
time: 1.102667e-02
time: 1.102667e-02
time: 1.102667e-02
time: 1.102667e-02
time: 1.102667e-02
time: 1.102667e-02
time: 1.102667e-02
time: 1.102667e-02
time: 1.102667e-02
time: 1.102667e-02
time: 1.102667e-02
time: 1.102667e-02
time: 1.102667e-02
time: 1.102667e-02
time: 1.102667e-02
time: 1.102667e-02
time: 1.102667e-02
time: 1.102667e-02
time: 1.102667e-02
time: 1.102667e-02
time: 1.102667e-02
time: 1.102667e-02
time: 1.102667e-02
time: 1.102667e-02
time: 1.102667e-02
time: 1.102667e-02
time: 1.102667e-02
time: 1.102667e-02
time: 1.102667e-02
time: 1.102667e-02
time: 1.102667e-02
time: 1.102667e-02
time: 1.102667e-02
time: 1.102667e-02
time: 1.102667e-02
time: 1.102667e-02
time: 1.102667e-02
time: 1.102667e-02
time: 1.102667e-02
time: 1.106996e-02
time: 1.111326e-02
time: 1.115655e-02
time: 1.119984e-02
time: 1.128643e-02
time: 1.137302e-02
time: 1.145960e-02
time: 1.145960e-02
time: 1.154619e-02
time: 1.154619e-02
time: 1.171936e-02
time: 1.171936e-02
time: 1.189253e-02
time: 1.189253e-02
time: 1.206570e-02
time: 1.206570e-02
time: 1.223888e-02
time: 1.241205e-02
time: 1.262970e-02
time: 1.284735e-02
time: 1.306500e-02
time: 1.328265e-02
time: 1.350030e-02
time: 1.350030e-02
time: 1.371795e-02
time: 1.393560e-02
time: 1.415325e-02
time: 1.415325e-02
time: 1.415325e-02
time: 1.415325e-02
time: 1.415325e-02
time: 1.399001e-02
time: 1.399001e-02
time: 1.399001e-02
time: 1.399001e-02
time: 1.399001e-02
time: 1.399001e-02
time: 1.399001e-02
time: 1.399001e-02
time: 1.399001e-02
time: 1.399001e-02
time: 1.399001e-02
time: 1.399001e-02
time: 1.399001e-02
time: 1.399001e-02
time: 1.399001e-02
time: 1.399001e-02
time: 1.399001e-02
time: 1.399001e-02
time: 1.399001e-02
time: 1.399001e-02
time: 1.399001e-02
time: 1.399001e-02
time: 1.399001e-02
time: 1.399001e-02
time: 1.399001e-02
time: 1.399001e-02
time: 1.399001e-02
time: 1.399001e-02
time: 1.399001e-02
time: 1.399001e-02
time: 1.399001e-02
time: 1.399001e-02
time: 1.399001e-02
time: 1.399001e-02
time: 1.399001e-02
time: 1.399001e-02
time: 1.399001e-02
time: 1.399001e-02
time: 1.399001e-02
time: 1.399001e-02
time: 1.399001e-02
time: 1.399001e-02
time: 1.399001e-02
time: 1.399001e-02
time: 1.399001e-02
time: 1.399001e-02
time: 1.399001e-02
time: 1.399001e-02
time: 1.399001e-02
time: 1.399001e-02
time: 1.399001e-02
time: 1.399001e-02
time: 1.399001e-02
time: 1.399001e-02
time: 1.399001e-02
time: 1.404442e-02
time: 1.409883e-02
time: 1.415325e-02
time: 1.420766e-02
time: 1.431648e-02
time: 1.442531e-02
time: 1.453413e-02
time: 1.464296e-02
time: 1.475178e-02
time: 1.496943e-02
time: 1.518708e-02
time: 1.540473e-02
time: 1.562238e-02
time: 1.584003e-02
time: 1.610709e-02
time: 1.637414e-02
time: 1.637414e-02
time: 1.664120e-02
time: 1.664120e-02
time: 1.690825e-02
time: 1.690825e-02
time: 1.717531e-02
time: 1.717531e-02
time: 1.744236e-02
time: 1.744236e-02
time: 1.770942e-02
time: 1.770942e-02
time: 1.797647e-02
time: 1.797647e-02
time: 1.824353e-02
time: 1.872761e-02
time: 1.872761e-02
time: 1.921170e-02
time: 1.969578e-02
time: 1.969578e-02
time: 2.017987e-02
time: 2.017987e-02
time: 2.066395e-02
time: 2.066395e-02
time: 2.114804e-02
time: 2.163212e-02
time: 2.222055e-02
time: 2.222055e-02
time: 2.280898e-02
time: 2.280898e-02
time: 2.339740e-02
time: 2.339740e-02
time: 2.398583e-02
time: 2.398583e-02
time: 2.457426e-02
time: 2.457426e-02
time: 2.516269e-02
time: 2.516269e-02
time: 2.575111e-02
time: 2.575111e-02
time: 2.633954e-02
time: 2.633954e-02
time: 2.692797e-02
time: 2.692797e-02
time: 2.751639e-02
time: 2.751639e-02
time: 2.810482e-02
time: 2.810482e-02
time: 2.869325e-02
time: 2.869325e-02
time: 2.928167e-02
time: 2.928167e-02
time: 2.987010e-02
time: 2.987010e-02
time: 3.045853e-02
time: 3.045853e-02
time: 3.104696e-02
time: 3.104696e-02
time: 3.163538e-02
time: 3.163538e-02
time: 3.222381e-02
time: 3.281224e-02
time: 3.340066e-02
time: 3.398909e-02
time: 3.457752e-02
time: 3.516595e-02
time: 3.575437e-02
time: 3.634280e-02
time: 3.693123e-02
time: 3.751965e-02
time: 3.810808e-02
time: 3.869651e-02
time: 3.928493e-02
time: 3.999455e-02
time: 4.070418e-02
time: 4.141380e-02
time: 4.141380e-02
time: 4.212342e-02
time: 4.283304e-02
time: 4.354266e-02
time: 4.425228e-02
time: 4.496190e-02
time: 4.567152e-02
time: 4.638114e-02
time: 4.709076e-02
time: 4.794378e-02
time: 4.879680e-02
time: 4.879680e-02
time: 4.964981e-02
time: 4.964981e-02
time: 5.050283e-02
time: 5.050283e-02
time: 5.135585e-02
time: 5.220886e-02
time: 5.220886e-02
time: 5.306188e-02
time: 5.306188e-02
time: 5.391490e-02
time: 5.391490e-02
time: 5.476791e-02
time: 5.562093e-02
time: 5.647395e-02
time: 5.732697e-02
time: 5.817998e-02
time: 5.903300e-02
time: 5.903300e-02
time: 5.988602e-02
time: 6.073903e-02
time: 6.073903e-02
time: 6.159205e-02
time: 6.159205e-02
time: 6.244507e-02
time: 6.244507e-02
time: 6.329809e-02
time: 6.329809e-02
time: 6.415110e-02
time: 6.415110e-02
time: 6.500412e-02
time: 6.500412e-02
time: 6.585714e-02
time: 6.585714e-02
time: 6.671015e-02
time: 6.671015e-02
time: 6.756317e-02
time: 6.756317e-02
time: 6.841619e-02
time: 6.841619e-02
time: 6.926920e-02
time: 6.926920e-02
time: 6.926920e-02
time: 7.012222e-02
time: 7.012222e-02
time: 6.969571e-02
time: 6.969571e-02
time: 7.012222e-02
time: 7.012222e-02
time: 7.054873e-02
time: 7.054873e-02
time: 7.097524e-02
time: 7.140175e-02
time: 7.182826e-02
time: 7.182826e-02
time: 7.225476e-02
time: 7.268127e-02
time: 7.268127e-02
time: 7.310778e-02
time: 7.310778e-02
time: 7.353429e-02
time: 7.396080e-02
time: 7.396080e-02
time: 7.438731e-02
time: 7.438731e-02
time: 7.481381e-02
time: 7.481381e-02
time: 7.524032e-02
time: 7.524032e-02
time: 7.566683e-02
time: 7.566683e-02
time: 7.609334e-02
time: 7.609334e-02
time: 7.609334e-02
time: 7.609334e-02
time: 7.651985e-02
time: 7.651985e-02
time: 7.651985e-02
time: 7.651985e-02
time: 7.694636e-02
time: 7.694636e-02
time: 7.694636e-02
time: 7.694636e-02
time: 7.694636e-02
time: 7.662648e-02
time: 7.662648e-02
time: 7.662648e-02
time: 7.662648e-02
time: 7.662648e-02
time: 7.662648e-02
time: 7.662648e-02
time: 7.662648e-02
time: 7.662648e-02
time: 7.662648e-02
time: 7.662648e-02
time: 7.662648e-02
time: 7.662648e-02
time: 7.662648e-02
time: 7.662648e-02
time: 7.662648e-02
time: 7.662648e-02
time: 7.662648e-02
time: 7.662648e-02
time: 7.662648e-02
time: 7.662648e-02
time: 7.662648e-02
time: 7.662648e-02
time: 7.662648e-02
time: 7.662648e-02
time: 7.662648e-02
time: 7.662648e-02
time: 7.662648e-02
time: 7.662648e-02
time: 7.662648e-02
time: 7.662648e-02
time: 7.662648e-02
time: 7.662648e-02
time: 7.662648e-02
time: 7.662648e-02
time: 7.662648e-02
time: 7.662648e-02
time: 7.662648e-02
time: 7.662648e-02
time: 7.662648e-02
time: 7.662648e-02
time: 7.662648e-02
time: 7.662648e-02
time: 7.662648e-02
time: 7.662648e-02
time: 7.662648e-02
time: 7.662648e-02
time: 7.662648e-02
time: 7.662648e-02
time: 7.662648e-02
time: 7.662648e-02
time: 7.662648e-02
time: 7.662648e-02
time: 7.662648e-02
time: 7.662648e-02
time: 7.662648e-02
time: 7.673310e-02
time: 7.673310e-02
time: 7.683973e-02
time: 7.694636e-02
time: 7.705298e-02
time: 7.726624e-02
time: 7.747949e-02
time: 7.769275e-02
time: 7.811926e-02
time: 7.854576e-02
time: 7.897227e-02
time: 7.939878e-02
time: 8.025180e-02
time: 8.110482e-02
time: 8.195783e-02
time: 8.281085e-02
time: 8.451688e-02
time: 8.622292e-02
time: 8.792895e-02
time: 8.963499e-02
time: 9.134102e-02
time: 9.394425e-02
time: 9.654747e-02
time: 9.915070e-02
time: 1.017539e-01
time: 1.043572e-01
time: 1.085170e-01
time: 1.126768e-01
time: 1.168366e-01
time: 1.209964e-01
time: 1.251562e-01
time: 1.334758e-01
time: 1.417955e-01
time: 1.501151e-01
time: 1.584347e-01
time: 1.750740e-01
time: 1.917132e-01
time: 2.083525e-01
time: 2.416310e-01
time: 2.749095e-01
time: 3.081880e-01
time: 3.747450e-01
time: 4.413020e-01
time: 5.078590e-01
time: 6.409730e-01
time: 7.740870e-01
time: 9.072010e-01
time: 1.000000e+00
Number of steps: 1108, current time 1.000000

==== Status of problem ====

Parser configured
Database configured
Mixture configured
Solution configured
Solver configured
Problem solved

==== END of Status ====

ULF run took 22.06 s

==== ULF END ====
