# RUNNING VERSION '1.07-1'
+==========================================================================================================+
|                                                                                                          |
|                                                                                              #           |
|                                                                                             ##           |
|                                                                                            ###           |
|                                                                                          ####            |
|                                                          TU Freiberg                    ######           |
|                                                          Chair of Numerical            #### ##           |
|                                                          Thermo-Fluid-Dynamics         ########          |
|        Universal Laminar Flame Solver                                                  #### #####        |
|                                                                                          ##########      |
|                                                                                                #####     |
|                            ###    ##########             ####  ################################# ###     |
|                           ####  ####                    #####     ####   ####          ######### ###     |
|                          ####  ####                    ######     ###   ###                  ### ###     |
|         ####      ####  ################              ###  ###   ###   #########   ###       ### ##      |
|        ####      ####  ################              ###   ###  ###   ########    ###       ### ###      |
|       ####       ###  #### ####                     ###    ### ###   ###         ##       ### ###        |
|       #####   #####  #### ####                     ###      #####   ###         ###    ##### ###         |
|        ##########   ####  ###                     ###       #############      ########## #####          |
|                                                        #######################################           |
|                                                      ###               #####################             |
|                                                                             ############                 |
|                                                                                                          |
+==========================================================================================================+
                                                                                                            
ULF run at Tue Sep 15 21:30:33 2015



==== Status of problem ====

Parser configured
Database configured
Mixture configured
Solution configured
Solver configured
Problem NOT solved

==== END of Status ====
time: 0.000000e+00
time: 9.200496e-11
time: 9.200496e-11
time: 9.200496e-11
time: 9.200496e-11
time: 9.200496e-11
time: 9.200496e-11
time: 9.200496e-11
time: 9.200496e-11
time: 9.200496e-11
time: 9.200496e-11
time: 9.200496e-11
time: 9.200496e-11
time: 9.200496e-11
time: 9.200496e-11
time: 9.200496e-11
time: 9.200496e-11
time: 9.200496e-11
time: 9.200496e-11
time: 9.200496e-11
time: 9.200496e-11
time: 9.200496e-11
time: 9.200496e-11
time: 9.200496e-11
time: 9.200496e-11
time: 9.200496e-11
time: 9.200496e-11
time: 9.200496e-11
time: 9.200496e-11
time: 9.200496e-11
time: 9.200496e-11
time: 9.200496e-11
time: 9.200496e-11
time: 9.200496e-11
time: 9.200496e-11
time: 9.200496e-11
time: 9.200496e-11
time: 9.200496e-11
time: 9.200496e-11
time: 9.200496e-11
time: 9.200496e-11
time: 9.200496e-11
time: 9.200496e-11
time: 9.200496e-11
time: 9.200496e-11
time: 9.200496e-11
time: 9.200496e-11
time: 9.200496e-11
time: 9.200496e-11
time: 9.200496e-11
time: 9.200496e-11
time: 9.200496e-11
time: 9.200496e-11
time: 9.200496e-11
time: 9.200496e-11
time: 9.200496e-11
time: 1.840099e-10
time: 2.760149e-10
time: 4.504718e-08
time: 8.981835e-08
time: 1.345895e-07
time: 2.333566e-07
time: 3.321238e-07
time: 4.308909e-07
time: 5.296580e-07
time: 7.228765e-07
time: 9.160949e-07
time: 1.109313e-06
time: 1.302532e-06
time: 1.655419e-06
time: 2.008306e-06
time: 2.361193e-06
time: 2.714081e-06
time: 3.405731e-06
time: 3.405731e-06
time: 4.097381e-06
time: 4.789032e-06
time: 5.480682e-06
time: 6.172333e-06
time: 7.137920e-06
time: 8.103507e-06
time: 9.069094e-06
time: 1.003468e-05
time: 1.100027e-05
time: 1.221515e-05
time: 1.343004e-05
time: 1.464493e-05
time: 1.585982e-05
time: 1.707470e-05
time: 1.857657e-05
time: 2.007844e-05
time: 2.158031e-05
time: 2.308218e-05
time: 2.458405e-05
time: 2.649058e-05
time: 2.839711e-05
time: 3.030363e-05
time: 3.221016e-05
time: 3.411669e-05
time: 3.653480e-05
time: 3.895292e-05
time: 4.137103e-05
time: 4.378915e-05
time: 4.620727e-05
time: 4.923268e-05
time: 5.225809e-05
time: 5.528350e-05
time: 5.830892e-05
time: 6.133433e-05
time: 6.508336e-05
time: 6.883239e-05
time: 7.258142e-05
time: 7.633045e-05
time: 8.007948e-05
time: 8.468141e-05
time: 8.928333e-05
time: 9.388526e-05
time: 9.848719e-05
time: 1.030891e-04
time: 1.030891e-04
time: 1.076910e-04
time: 1.122930e-04
time: 1.122930e-04
time: 1.122930e-04
time: 1.168949e-04
time: 1.168949e-04
time: 1.168949e-04
time: 1.214968e-04
time: 1.214968e-04
time: 1.214968e-04
time: 1.260988e-04
time: 1.260988e-04
time: 1.260988e-04
time: 1.307007e-04
time: 1.307007e-04
time: 1.307007e-04
time: 1.353026e-04
time: 1.353026e-04
time: 1.353026e-04
time: 1.353026e-04
time: 1.399045e-04
time: 1.461697e-04
time: 1.461697e-04
time: 1.461697e-04
time: 1.461697e-04
time: 1.524348e-04
time: 1.524348e-04
time: 1.524348e-04
time: 1.524348e-04
time: 1.524348e-04
time: 1.477359e-04
time: 1.477359e-04
time: 1.477359e-04
time: 1.477359e-04
time: 1.477359e-04
time: 1.477359e-04
time: 1.477359e-04
time: 1.477359e-04
time: 1.477359e-04
time: 1.477359e-04
time: 1.477359e-04
time: 1.477359e-04
time: 1.477359e-04
time: 1.477359e-04
time: 1.477359e-04
time: 1.477359e-04
time: 1.477359e-04
time: 1.477359e-04
time: 1.477359e-04
time: 1.477359e-04
time: 1.477359e-04
time: 1.477359e-04
time: 1.477359e-04
time: 1.477359e-04
time: 1.477359e-04
time: 1.477359e-04
time: 1.477359e-04
time: 1.477359e-04
time: 1.477359e-04
time: 1.477359e-04
time: 1.477359e-04
time: 1.477359e-04
time: 1.477359e-04
time: 1.477359e-04
time: 1.477359e-04
time: 1.477359e-04
time: 1.477359e-04
time: 1.477359e-04
time: 1.477359e-04
time: 1.477359e-04
time: 1.477359e-04
time: 1.477359e-04
time: 1.477359e-04
time: 1.477359e-04
time: 1.477359e-04
time: 1.477359e-04
time: 1.477359e-04
time: 1.477359e-04
time: 1.477359e-04
time: 1.477359e-04
time: 1.477359e-04
time: 1.477359e-04
time: 1.477359e-04
time: 1.477359e-04
time: 1.477359e-04
time: 1.493022e-04
time: 1.508685e-04
time: 1.524348e-04
time: 1.540011e-04
time: 1.571336e-04
time: 1.602662e-04
time: 1.633988e-04
time: 1.665313e-04
time: 1.727964e-04
time: 1.727964e-04
time: 1.790616e-04
time: 1.853267e-04
time: 1.915918e-04
time: 1.978569e-04
time: 2.069490e-04
time: 2.160410e-04
time: 2.251331e-04
time: 2.342251e-04
time: 2.433172e-04
time: 2.543130e-04
time: 2.653087e-04
time: 2.763045e-04
time: 2.873003e-04
time: 2.982961e-04
time: 3.092919e-04
time: 3.202876e-04
time: 3.337760e-04
time: 3.472644e-04
time: 3.472644e-04
time: 3.607528e-04
time: 3.607528e-04
time: 3.742413e-04
time: 3.742413e-04
time: 3.877297e-04
time: 3.877297e-04
time: 4.012181e-04
time: 4.012181e-04
time: 4.147065e-04
time: 4.147065e-04
time: 4.281949e-04
time: 4.281949e-04
time: 4.416833e-04
time: 4.416833e-04
time: 4.551717e-04
time: 4.551717e-04
time: 4.686601e-04
time: 4.686601e-04
time: 4.821485e-04
time: 4.821485e-04
time: 4.956369e-04
time: 4.956369e-04
time: 5.091253e-04
time: 5.091253e-04
time: 5.023811e-04
time: 5.091253e-04
time: 5.158695e-04
time: 5.158695e-04
time: 5.226137e-04
time: 5.293579e-04
time: 5.361021e-04
time: 5.428463e-04
time: 5.495905e-04
time: 5.563347e-04
time: 5.630789e-04
time: 5.630789e-04
time: 5.698231e-04
time: 5.698231e-04
time: 5.765673e-04
time: 5.765673e-04
time: 5.833115e-04
time: 5.833115e-04
time: 5.900557e-04
time: 5.900557e-04
time: 5.967999e-04
time: 5.967999e-04
time: 6.035441e-04
time: 6.035441e-04
time: 6.102883e-04
time: 6.102883e-04
time: 6.102883e-04
time: 6.069162e-04
time: 6.102883e-04
time: 6.136604e-04
time: 6.136604e-04
time: 6.170325e-04
time: 6.204046e-04
time: 6.237767e-04
time: 6.271488e-04
time: 6.271488e-04
time: 6.305209e-04
time: 6.305209e-04
time: 6.338930e-04
time: 6.338930e-04
time: 6.372651e-04
time: 6.372651e-04
time: 6.406372e-04
time: 6.406372e-04
time: 6.440093e-04
time: 6.440093e-04
time: 6.473814e-04
time: 6.473814e-04
time: 6.507535e-04
time: 6.507535e-04
time: 6.507535e-04
time: 6.490675e-04
time: 6.507535e-04
time: 6.524396e-04
time: 6.524396e-04
time: 6.541256e-04
time: 6.558117e-04
time: 6.574977e-04
time: 6.591838e-04
time: 6.608698e-04
time: 6.625559e-04
time: 6.625559e-04
time: 6.642419e-04
time: 6.642419e-04
time: 6.659280e-04
time: 6.659280e-04
time: 6.676140e-04
time: 6.676140e-04
time: 6.693001e-04
time: 6.693001e-04
time: 6.709861e-04
time: 6.709861e-04
time: 6.726722e-04
time: 6.726722e-04
time: 6.726722e-04
time: 6.743582e-04
time: 6.743582e-04
time: 6.743582e-04
time: 6.760443e-04
time: 6.760443e-04
time: 6.760443e-04
time: 6.777303e-04
time: 6.777303e-04
time: 6.777303e-04
time: 6.768873e-04
time: 6.777303e-04
time: 6.785734e-04
time: 6.794164e-04
time: 6.802594e-04
time: 6.811024e-04
time: 6.821714e-04
time: 6.821714e-04
time: 6.832403e-04
time: 6.832403e-04
time: 6.843093e-04
time: 6.843093e-04
time: 6.853782e-04
time: 6.853782e-04
time: 6.864471e-04
time: 6.864471e-04
time: 6.875161e-04
time: 6.875161e-04
time: 6.885850e-04
time: 6.885850e-04
time: 6.885850e-04
time: 6.896540e-04
time: 6.896540e-04
time: 6.896540e-04
time: 6.907229e-04
time: 6.907229e-04
time: 6.907229e-04
time: 6.901885e-04
time: 6.907229e-04
time: 6.912574e-04
time: 6.917919e-04
time: 6.923263e-04
time: 6.928608e-04
time: 6.935563e-04
time: 6.942519e-04
time: 6.942519e-04
time: 6.949474e-04
time: 6.949474e-04
time: 6.956429e-04
time: 6.956429e-04
time: 6.963384e-04
time: 6.963384e-04
time: 6.970340e-04
time: 6.970340e-04
time: 6.977295e-04
time: 6.977295e-04
time: 6.984250e-04
time: 6.984250e-04
time: 6.991205e-04
time: 6.991205e-04
time: 6.991205e-04
time: 6.998161e-04
time: 6.998161e-04
time: 6.998161e-04
time: 7.005116e-04
time: 7.005116e-04
time: 7.005116e-04
time: 7.012071e-04
time: 7.012071e-04
time: 7.012071e-04
time: 7.019026e-04
time: 7.019026e-04
time: 7.025982e-04
time: 7.025982e-04
time: 7.034797e-04
time: 7.034797e-04
time: 7.043612e-04
time: 7.043612e-04
time: 7.043612e-04
time: 7.052427e-04
time: 7.052427e-04
time: 7.052427e-04
time: 7.052427e-04
time: 7.061243e-04
time: 7.061243e-04
time: 7.061243e-04
time: 7.070058e-04
time: 7.070058e-04
time: 7.070058e-04
time: 7.078873e-04
time: 7.078873e-04
time: 7.087688e-04
time: 7.087688e-04
time: 7.087688e-04
time: 7.096504e-04
time: 7.096504e-04
time: 7.096504e-04
time: 7.105319e-04
time: 7.105319e-04
time: 7.105319e-04
time: 7.105319e-04
time: 7.105319e-04
time: 7.098707e-04
time: 7.098707e-04
time: 7.098707e-04
time: 7.098707e-04
time: 7.098707e-04
time: 7.098707e-04
time: 7.098707e-04
time: 7.098707e-04
time: 7.098707e-04
time: 7.098707e-04
time: 7.098707e-04
time: 7.098707e-04
time: 7.098707e-04
time: 7.098707e-04
time: 7.098707e-04
time: 7.098707e-04
time: 7.098707e-04
time: 7.098707e-04
time: 7.098707e-04
time: 7.098707e-04
time: 7.098707e-04
time: 7.098707e-04
time: 7.098707e-04
time: 7.098707e-04
time: 7.098707e-04
time: 7.098707e-04
time: 7.098707e-04
time: 7.098707e-04
time: 7.098707e-04
time: 7.098707e-04
time: 7.098707e-04
time: 7.098707e-04
time: 7.098707e-04
time: 7.098707e-04
time: 7.098707e-04
time: 7.098707e-04
time: 7.098707e-04
time: 7.098707e-04
time: 7.098707e-04
time: 7.098707e-04
time: 7.098707e-04
time: 7.098707e-04
time: 7.098707e-04
time: 7.098707e-04
time: 7.098707e-04
time: 7.098707e-04
time: 7.098707e-04
time: 7.098707e-04
time: 7.098707e-04
time: 7.098707e-04
time: 7.098707e-04
time: 7.098707e-04
time: 7.098707e-04
time: 7.098707e-04
time: 7.098707e-04
time: 7.100911e-04
time: 7.103115e-04
time: 7.105319e-04
time: 7.107523e-04
time: 7.109726e-04
time: 7.114134e-04
time: 7.118542e-04
time: 7.122949e-04
time: 7.127357e-04
time: 7.131764e-04
time: 7.137504e-04
time: 7.143243e-04
time: 7.143243e-04
time: 7.148982e-04
time: 7.148982e-04
time: 7.154721e-04
time: 7.154721e-04
time: 7.160460e-04
time: 7.160460e-04
time: 7.166200e-04
time: 7.166200e-04
time: 7.171939e-04
time: 7.171939e-04
time: 7.177678e-04
time: 7.177678e-04
time: 7.183417e-04
time: 7.183417e-04
time: 7.189156e-04
time: 7.189156e-04
time: 7.194896e-04
time: 7.194896e-04
time: 7.200635e-04
time: 7.200635e-04
time: 7.206374e-04
time: 7.206374e-04
time: 7.212113e-04
time: 7.212113e-04
time: 7.217852e-04
time: 7.217852e-04
time: 7.223592e-04
time: 7.223592e-04
time: 7.229331e-04
time: 7.229331e-04
time: 7.235070e-04
time: 7.235070e-04
time: 7.240809e-04
time: 7.240809e-04
time: 7.246548e-04
time: 7.246548e-04
time: 7.252288e-04
time: 7.258027e-04
time: 7.263766e-04
time: 7.269505e-04
time: 7.269505e-04
time: 7.275244e-04
time: 7.280984e-04
time: 7.286723e-04
time: 7.292462e-04
time: 7.299677e-04
time: 7.299677e-04
time: 7.306892e-04
time: 7.306892e-04
time: 7.314107e-04
time: 7.314107e-04
time: 7.321322e-04
time: 7.328537e-04
time: 7.335752e-04
time: 7.335752e-04
time: 7.342967e-04
time: 7.342967e-04
time: 7.350182e-04
time: 7.357397e-04
time: 7.357397e-04
time: 7.364612e-04
time: 7.364612e-04
time: 7.371827e-04
time: 7.371827e-04
time: 7.379042e-04
time: 7.379042e-04
time: 7.386257e-04
time: 7.386257e-04
time: 7.393472e-04
time: 7.393472e-04
time: 7.400687e-04
time: 7.400687e-04
time: 7.407902e-04
time: 7.407902e-04
time: 7.415117e-04
time: 7.415117e-04
time: 7.422332e-04
time: 7.422332e-04
time: 7.429547e-04
time: 7.429547e-04
time: 7.436762e-04
time: 7.436762e-04
time: 7.443977e-04
time: 7.443977e-04
time: 7.451192e-04
time: 7.451192e-04
time: 7.458407e-04
time: 7.458407e-04
time: 7.454799e-04
time: 7.458407e-04
time: 7.462014e-04
time: 7.465622e-04
time: 7.469229e-04
time: 7.472837e-04
time: 7.476444e-04
time: 7.476444e-04
time: 7.480052e-04
time: 7.484763e-04
time: 7.484763e-04
time: 7.484763e-04
time: 7.484763e-04
time: 7.484763e-04
time: 7.481229e-04
time: 7.481229e-04
time: 7.481229e-04
time: 7.481229e-04
time: 7.481229e-04
time: 7.481229e-04
time: 7.481229e-04
time: 7.481229e-04
time: 7.481229e-04
time: 7.481229e-04
time: 7.481229e-04
time: 7.481229e-04
time: 7.481229e-04
time: 7.481229e-04
time: 7.481229e-04
time: 7.481229e-04
time: 7.481229e-04
time: 7.481229e-04
time: 7.481229e-04
time: 7.481229e-04
time: 7.481229e-04
time: 7.481229e-04
time: 7.481229e-04
time: 7.481229e-04
time: 7.481229e-04
time: 7.481229e-04
time: 7.481229e-04
time: 7.481229e-04
time: 7.481229e-04
time: 7.481229e-04
time: 7.481229e-04
time: 7.481229e-04
time: 7.481229e-04
time: 7.481229e-04
time: 7.481229e-04
time: 7.481229e-04
time: 7.481229e-04
time: 7.481229e-04
time: 7.481229e-04
time: 7.481229e-04
time: 7.481229e-04
time: 7.481229e-04
time: 7.481229e-04
time: 7.481229e-04
time: 7.481229e-04
time: 7.481229e-04
time: 7.481229e-04
time: 7.481229e-04
time: 7.481229e-04
time: 7.481229e-04
time: 7.481229e-04
time: 7.481229e-04
time: 7.481229e-04
time: 7.481229e-04
time: 7.481229e-04
time: 7.482407e-04
time: 7.483585e-04
time: 7.484763e-04
time: 7.485940e-04
time: 7.488296e-04
time: 7.490652e-04
time: 7.493007e-04
time: 7.495363e-04
time: 7.500074e-04
time: 7.504785e-04
time: 7.509496e-04
time: 7.514207e-04
time: 7.518918e-04
time: 7.525477e-04
time: 7.532035e-04
time: 7.538593e-04
time: 7.545152e-04
time: 7.551710e-04
time: 7.558268e-04
time: 7.564827e-04
time: 7.571385e-04
time: 7.577944e-04
time: 7.585963e-04
time: 7.593982e-04
time: 7.602001e-04
time: 7.610020e-04
time: 7.618039e-04
time: 7.628105e-04
time: 7.638170e-04
time: 7.648235e-04
time: 7.658300e-04
time: 7.668365e-04
time: 7.678430e-04
time: 7.688495e-04
time: 7.698560e-04
time: 7.708625e-04
time: 7.718690e-04
time: 7.728755e-04
time: 7.728755e-04
time: 7.738820e-04
time: 7.748885e-04
time: 7.748885e-04
time: 7.758950e-04
time: 7.758950e-04
time: 7.769016e-04
time: 7.769016e-04
time: 7.779081e-04
time: 7.779081e-04
time: 7.789146e-04
time: 7.789146e-04
time: 7.799211e-04
time: 7.799211e-04
time: 7.809276e-04
time: 7.809276e-04
time: 7.819341e-04
time: 7.819341e-04
time: 7.829406e-04
time: 7.829406e-04
time: 7.839471e-04
time: 7.839471e-04
time: 7.849536e-04
time: 7.849536e-04
time: 7.859601e-04
time: 7.859601e-04
time: 7.869666e-04
time: 7.869666e-04
time: 7.869666e-04
time: 7.869666e-04
time: 7.869666e-04
time: 7.862117e-04
time: 7.862117e-04
time: 7.862117e-04
time: 7.862117e-04
time: 7.862117e-04
time: 7.862117e-04
time: 7.862117e-04
time: 7.862117e-04
time: 7.862117e-04
time: 7.862117e-04
time: 7.862117e-04
time: 7.862117e-04
time: 7.862117e-04
time: 7.862117e-04
time: 7.862117e-04
time: 7.862117e-04
time: 7.862117e-04
time: 7.862117e-04
time: 7.862117e-04
time: 7.862117e-04
time: 7.862117e-04
time: 7.862117e-04
time: 7.862117e-04
time: 7.862117e-04
time: 7.862117e-04
time: 7.862117e-04
time: 7.862117e-04
time: 7.862117e-04
time: 7.862117e-04
time: 7.862117e-04
time: 7.862117e-04
time: 7.862117e-04
time: 7.862117e-04
time: 7.862117e-04
time: 7.862117e-04
time: 7.862117e-04
time: 7.862117e-04
time: 7.862117e-04
time: 7.862117e-04
time: 7.862117e-04
time: 7.862117e-04
time: 7.862117e-04
time: 7.862117e-04
time: 7.862117e-04
time: 7.862117e-04
time: 7.862117e-04
time: 7.862117e-04
time: 7.862117e-04
time: 7.862117e-04
time: 7.862117e-04
time: 7.862117e-04
time: 7.862117e-04
time: 7.862117e-04
time: 7.862117e-04
time: 7.862117e-04
time: 7.864634e-04
time: 7.867150e-04
time: 7.869666e-04
time: 7.872182e-04
time: 7.877215e-04
time: 7.882248e-04
time: 7.887280e-04
time: 7.892313e-04
time: 7.902378e-04
time: 7.902378e-04
time: 7.912443e-04
time: 7.912443e-04
time: 7.922508e-04
time: 7.922508e-04
time: 7.932573e-04
time: 7.932573e-04
time: 7.942638e-04
time: 7.952703e-04
time: 7.962768e-04
time: 7.972833e-04
time: 7.982898e-04
time: 7.992963e-04
time: 8.003028e-04
time: 8.015289e-04
time: 8.027549e-04
time: 8.039810e-04
time: 8.052070e-04
time: 8.064330e-04
time: 8.076591e-04
time: 8.091885e-04
time: 8.107180e-04
time: 8.122475e-04
time: 8.137769e-04
time: 8.153064e-04
time: 8.173139e-04
time: 8.193215e-04
time: 8.213290e-04
time: 8.233365e-04
time: 8.253440e-04
time: 8.278601e-04
time: 8.278601e-04
time: 8.303761e-04
time: 8.303761e-04
time: 8.328921e-04
time: 8.328921e-04
time: 8.354082e-04
time: 8.354082e-04
time: 8.379242e-04
time: 8.379242e-04
time: 8.379242e-04
time: 8.404402e-04
time: 8.404402e-04
time: 8.404402e-04
time: 8.404402e-04
time: 8.404402e-04
time: 8.385532e-04
time: 8.385532e-04
time: 8.385532e-04
time: 8.385532e-04
time: 8.385532e-04
time: 8.385532e-04
time: 8.385532e-04
time: 8.385532e-04
time: 8.385532e-04
time: 8.385532e-04
time: 8.385532e-04
time: 8.385532e-04
time: 8.385532e-04
time: 8.385532e-04
time: 8.385532e-04
time: 8.385532e-04
time: 8.385532e-04
time: 8.385532e-04
time: 8.385532e-04
time: 8.385532e-04
time: 8.385532e-04
time: 8.385532e-04
time: 8.385532e-04
time: 8.385532e-04
time: 8.385532e-04
time: 8.385532e-04
time: 8.385532e-04
time: 8.385532e-04
time: 8.385532e-04
time: 8.385532e-04
time: 8.385532e-04
time: 8.385532e-04
time: 8.385532e-04
time: 8.385532e-04
time: 8.385532e-04
time: 8.385532e-04
time: 8.385532e-04
time: 8.385532e-04
time: 8.385532e-04
time: 8.385532e-04
time: 8.385532e-04
time: 8.385532e-04
time: 8.385532e-04
time: 8.385532e-04
time: 8.385532e-04
time: 8.385532e-04
time: 8.385532e-04
time: 8.385532e-04
time: 8.385532e-04
time: 8.385532e-04
time: 8.385532e-04
time: 8.385532e-04
time: 8.385532e-04
time: 8.385532e-04
time: 8.385532e-04
time: 8.385532e-04
time: 8.382308e-04
time: 8.382308e-04
time: 8.385374e-04
time: 8.385374e-04
time: 8.388440e-04
time: 8.388440e-04
time: 8.391507e-04
time: 8.391507e-04
time: 8.397639e-04
time: 8.403771e-04
time: 8.409904e-04
time: 8.416036e-04
time: 8.428301e-04
time: 8.440566e-04
time: 8.452831e-04
time: 8.465095e-04
time: 8.489625e-04
time: 8.489625e-04
time: 8.514155e-04
time: 8.538684e-04
time: 8.538684e-04
time: 8.563214e-04
time: 8.587744e-04
time: 8.620396e-04
time: 8.653049e-04
time: 8.653049e-04
time: 8.685701e-04
time: 8.685701e-04
time: 8.718354e-04
time: 8.718354e-04
time: 8.751006e-04
time: 8.783659e-04
time: 8.816311e-04
time: 8.848964e-04
time: 8.881617e-04
time: 8.920854e-04
time: 8.960091e-04
time: 8.999328e-04
time: 9.038565e-04
time: 9.077802e-04
time: 9.117040e-04
time: 9.156277e-04
time: 9.204594e-04
time: 9.252910e-04
time: 9.301227e-04
time: 9.349544e-04
time: 9.349544e-04
time: 9.397860e-04
time: 9.446177e-04
time: 9.494494e-04
time: 9.542810e-04
time: 9.542810e-04
time: 9.591127e-04
time: 9.639444e-04
time: 9.698113e-04
time: 9.756782e-04
time: 9.756782e-04
time: 9.815451e-04
time: 9.815451e-04
time: 9.874121e-04
time: 9.932790e-04
time: 9.932790e-04
time: 9.991459e-04
time: 1.005013e-03
time: 1.005013e-03
time: 1.010880e-03
time: 1.016747e-03
time: 1.016747e-03
time: 1.022614e-03
time: 1.028481e-03
time: 1.028481e-03
time: 1.034347e-03
time: 1.040214e-03
time: 1.040214e-03
time: 1.046081e-03
time: 1.051948e-03
time: 1.051948e-03
time: 1.051948e-03
time: 1.057815e-03
time: 1.057815e-03
time: 1.057815e-03
time: 1.063682e-03
time: 1.063682e-03
time: 1.063682e-03
time: 1.069549e-03
time: 1.069549e-03
time: 1.069549e-03
time: 1.075416e-03
time: 1.075416e-03
time: 1.075416e-03
time: 1.081283e-03
time: 1.081283e-03
time: 1.081283e-03
time: 1.081283e-03
time: 1.087150e-03
time: 1.087150e-03
time: 1.087150e-03
time: 1.093017e-03
time: 1.100285e-03
time: 1.100285e-03
time: 1.100285e-03
time: 1.107553e-03
time: 1.107553e-03
time: 1.107553e-03
time: 1.114821e-03
time: 1.114821e-03
time: 1.114821e-03
time: 1.114821e-03
time: 1.122088e-03
time: 1.122088e-03
time: 1.129356e-03
time: 1.129356e-03
time: 1.129356e-03
time: 1.136624e-03
time: 1.136624e-03
time: 1.136624e-03
time: 1.136624e-03
time: 1.143892e-03
time: 1.143892e-03
time: 1.151160e-03
time: 1.151160e-03
time: 1.151160e-03
time: 1.158428e-03
time: 1.158428e-03
time: 1.158428e-03
time: 1.158428e-03
time: 1.165696e-03
time: 1.165696e-03
time: 1.165696e-03
time: 1.172964e-03
time: 1.183172e-03
time: 1.193380e-03
time: 1.193380e-03
time: 1.203588e-03
time: 1.203588e-03
time: 1.213796e-03
time: 1.213796e-03
time: 1.213796e-03
time: 1.224004e-03
time: 1.224004e-03
time: 1.224004e-03
time: 1.224004e-03
time: 1.234212e-03
time: 1.234212e-03
time: 1.244420e-03
time: 1.244420e-03
time: 1.244420e-03
time: 1.244420e-03
time: 1.254629e-03
time: 1.254629e-03
time: 1.254629e-03
time: 1.264837e-03
time: 1.275045e-03
time: 1.275045e-03
time: 1.275045e-03
time: 1.275045e-03
time: 1.285253e-03
time: 1.285253e-03
time: 1.285253e-03
time: 1.295461e-03
time: 1.295461e-03
time: 1.305669e-03
time: 1.315877e-03
time: 1.315877e-03
time: 1.315877e-03
time: 1.315877e-03
time: 1.326085e-03
time: 1.326085e-03
time: 1.336293e-03
time: 1.336293e-03
time: 1.336293e-03
time: 1.336293e-03
time: 1.346501e-03
time: 1.346501e-03
time: 1.346501e-03
time: 1.346501e-03
time: 1.356709e-03
time: 1.356709e-03
time: 1.356709e-03
time: 1.366917e-03
time: 1.366917e-03
time: 1.366917e-03
time: 1.366917e-03
time: 1.366917e-03
time: 1.359261e-03
time: 1.359261e-03
time: 1.359261e-03
time: 1.359261e-03
time: 1.359261e-03
time: 1.359261e-03
time: 1.359261e-03
time: 1.359261e-03
time: 1.359261e-03
time: 1.359261e-03
time: 1.359261e-03
time: 1.359261e-03
time: 1.359261e-03
time: 1.359261e-03
time: 1.359261e-03
time: 1.359261e-03
time: 1.359261e-03
time: 1.359261e-03
time: 1.359261e-03
time: 1.359261e-03
time: 1.359261e-03
time: 1.359261e-03
time: 1.359261e-03
time: 1.359261e-03
time: 1.359261e-03
time: 1.359261e-03
time: 1.359261e-03
time: 1.359261e-03
time: 1.359261e-03
time: 1.359261e-03
time: 1.359261e-03
time: 1.359261e-03
time: 1.359261e-03
time: 1.359261e-03
time: 1.359261e-03
time: 1.359261e-03
time: 1.359261e-03
time: 1.359261e-03
time: 1.359261e-03
time: 1.359261e-03
time: 1.359261e-03
time: 1.359261e-03
time: 1.359261e-03
time: 1.359261e-03
time: 1.359261e-03
time: 1.359261e-03
time: 1.359261e-03
time: 1.359261e-03
time: 1.359261e-03
time: 1.359261e-03
time: 1.359261e-03
time: 1.359261e-03
time: 1.359261e-03
time: 1.359261e-03
time: 1.359261e-03
time: 1.361813e-03
time: 1.364365e-03
time: 1.366917e-03
time: 1.369469e-03
time: 1.374573e-03
time: 1.379677e-03
time: 1.384781e-03
time: 1.389885e-03
time: 1.400093e-03
time: 1.410302e-03
time: 1.420510e-03
time: 1.430718e-03
time: 1.440926e-03
time: 1.458207e-03
time: 1.475488e-03
time: 1.492769e-03
time: 1.510051e-03
time: 1.527332e-03
time: 1.544613e-03
time: 1.561895e-03
time: 1.582859e-03
time: 1.603824e-03
time: 1.603824e-03
time: 1.624788e-03
time: 1.645753e-03
time: 1.666717e-03
time: 1.687682e-03
time: 1.708646e-03
time: 1.729611e-03
time: 1.750575e-03
time: 1.776042e-03
time: 1.801508e-03
time: 1.801508e-03
time: 1.826974e-03
time: 1.852441e-03
time: 1.877907e-03
time: 1.903373e-03
time: 1.928840e-03
time: 1.954306e-03
time: 1.954306e-03
time: 1.979772e-03
time: 2.010353e-03
time: 2.010353e-03
time: 2.040933e-03
time: 2.071513e-03
time: 2.071513e-03
time: 2.102093e-03
time: 2.132673e-03
time: 2.132673e-03
time: 2.163253e-03
time: 2.193833e-03
time: 2.193833e-03
time: 2.224414e-03
time: 2.254994e-03
time: 2.285574e-03
time: 2.285574e-03
time: 2.285574e-03
time: 2.316154e-03
time: 2.316154e-03
time: 2.316154e-03
time: 2.346734e-03
time: 2.346734e-03
time: 2.346734e-03
time: 2.384299e-03
time: 2.384299e-03
time: 2.384299e-03
time: 2.421863e-03
time: 2.421863e-03
time: 2.459428e-03
time: 2.496993e-03
time: 2.534557e-03
time: 2.572122e-03
time: 2.572122e-03
time: 2.609687e-03
time: 2.655879e-03
time: 2.655879e-03
time: 2.702071e-03
time: 2.702071e-03
time: 2.748264e-03
time: 2.748264e-03
time: 2.794456e-03
time: 2.840648e-03
time: 2.840648e-03
time: 2.886841e-03
time: 2.933033e-03
time: 2.979225e-03
time: 2.979225e-03
time: 3.025418e-03
time: 3.071610e-03
time: 3.071610e-03
time: 3.127250e-03
time: 3.127250e-03
time: 3.182890e-03
time: 3.182890e-03
time: 3.238530e-03
time: 3.238530e-03
time: 3.294169e-03
time: 3.294169e-03
time: 3.349809e-03
time: 3.349809e-03
time: 3.405449e-03
time: 3.461089e-03
time: 3.461089e-03
time: 3.516729e-03
time: 3.572369e-03
time: 3.572369e-03
time: 3.639970e-03
time: 3.639970e-03
time: 3.707571e-03
time: 3.707571e-03
time: 3.775173e-03
time: 3.775173e-03
time: 3.775173e-03
time: 3.775173e-03
time: 3.842774e-03
time: 3.842774e-03
time: 3.842774e-03
time: 3.910375e-03
time: 3.910375e-03
time: 3.910375e-03
time: 3.910375e-03
time: 3.910375e-03
time: 3.859674e-03
time: 3.859674e-03
time: 3.859674e-03
time: 3.859674e-03
time: 3.859674e-03
time: 3.859674e-03
time: 3.859674e-03
time: 3.859674e-03
time: 3.859674e-03
time: 3.859674e-03
time: 3.859674e-03
time: 3.859674e-03
time: 3.859674e-03
time: 3.859674e-03
time: 3.859674e-03
time: 3.859674e-03
time: 3.859674e-03
time: 3.859674e-03
time: 3.859674e-03
time: 3.859674e-03
time: 3.859674e-03
time: 3.859674e-03
time: 3.859674e-03
time: 3.859674e-03
time: 3.859674e-03
time: 3.859674e-03
time: 3.859674e-03
time: 3.859674e-03
time: 3.859674e-03
time: 3.859674e-03
time: 3.859674e-03
time: 3.859674e-03
time: 3.859674e-03
time: 3.859674e-03
time: 3.859674e-03
time: 3.859674e-03
time: 3.859674e-03
time: 3.859674e-03
time: 3.859674e-03
time: 3.859674e-03
time: 3.859674e-03
time: 3.859674e-03
time: 3.859674e-03
time: 3.859674e-03
time: 3.859674e-03
time: 3.859674e-03
time: 3.859674e-03
time: 3.859674e-03
time: 3.859674e-03
time: 3.859674e-03
time: 3.859674e-03
time: 3.859674e-03
time: 3.859674e-03
time: 3.859674e-03
time: 3.859674e-03
time: 3.876575e-03
time: 3.893475e-03
time: 3.910375e-03
time: 3.927276e-03
time: 3.961076e-03
time: 3.994877e-03
time: 4.028678e-03
time: 4.062478e-03
time: 4.096279e-03
time: 4.163880e-03
time: 4.231482e-03
time: 4.299083e-03
time: 4.366684e-03
time: 4.434286e-03
time: 4.529722e-03
time: 4.625158e-03
time: 4.720594e-03
time: 4.816030e-03
time: 4.911466e-03
time: 5.006902e-03
time: 5.102338e-03
time: 5.197775e-03
time: 5.293211e-03
time: 5.293211e-03
time: 5.388647e-03
time: 5.484083e-03
time: 5.579519e-03
time: 5.579519e-03
time: 5.674955e-03
time: 5.674955e-03
time: 5.674955e-03
time: 5.674955e-03
time: 5.674955e-03
time: 5.603378e-03
time: 5.603378e-03
time: 5.603378e-03
time: 5.603378e-03
time: 5.603378e-03
time: 5.603378e-03
time: 5.603378e-03
time: 5.603378e-03
time: 5.603378e-03
time: 5.603378e-03
time: 5.603378e-03
time: 5.603378e-03
time: 5.603378e-03
time: 5.603378e-03
time: 5.603378e-03
time: 5.603378e-03
time: 5.603378e-03
time: 5.603378e-03
time: 5.603378e-03
time: 5.603378e-03
time: 5.603378e-03
time: 5.603378e-03
time: 5.603378e-03
time: 5.603378e-03
time: 5.603378e-03
time: 5.603378e-03
time: 5.603378e-03
time: 5.603378e-03
time: 5.603378e-03
time: 5.603378e-03
time: 5.603378e-03
time: 5.603378e-03
time: 5.603378e-03
time: 5.603378e-03
time: 5.603378e-03
time: 5.603378e-03
time: 5.603378e-03
time: 5.603378e-03
time: 5.603378e-03
time: 5.603378e-03
time: 5.603378e-03
time: 5.603378e-03
time: 5.603378e-03
time: 5.603378e-03
time: 5.603378e-03
time: 5.603378e-03
time: 5.603378e-03
time: 5.603378e-03
time: 5.603378e-03
time: 5.603378e-03
time: 5.603378e-03
time: 5.603378e-03
time: 5.603378e-03
time: 5.603378e-03
time: 5.603378e-03
time: 5.627237e-03
time: 5.651096e-03
time: 5.674955e-03
time: 5.698814e-03
time: 5.746532e-03
time: 5.794250e-03
time: 5.841968e-03
time: 5.889687e-03
time: 5.985123e-03
time: 5.985123e-03
time: 6.080559e-03
time: 6.175995e-03
time: 6.271431e-03
time: 6.366867e-03
time: 6.510745e-03
time: 6.654624e-03
time: 6.798502e-03
time: 6.942380e-03
time: 7.086259e-03
time: 7.230137e-03
time: 7.374015e-03
time: 7.517894e-03
time: 7.517894e-03
time: 7.661772e-03
time: 7.661772e-03
time: 7.805650e-03
time: 7.805650e-03
time: 7.805650e-03
time: 7.805650e-03
time: 7.805650e-03
time: 7.697741e-03
time: 7.697741e-03
time: 7.697741e-03
time: 7.697741e-03
time: 7.697741e-03
time: 7.697741e-03
time: 7.697741e-03
time: 7.697741e-03
time: 7.697741e-03
time: 7.697741e-03
time: 7.697741e-03
time: 7.697741e-03
time: 7.697741e-03
time: 7.697741e-03
time: 7.697741e-03
time: 7.697741e-03
time: 7.697741e-03
time: 7.697741e-03
time: 7.697741e-03
time: 7.697741e-03
time: 7.697741e-03
time: 7.697741e-03
time: 7.697741e-03
time: 7.697741e-03
time: 7.697741e-03
time: 7.697741e-03
time: 7.697741e-03
time: 7.697741e-03
time: 7.697741e-03
time: 7.697741e-03
time: 7.697741e-03
time: 7.697741e-03
time: 7.697741e-03
time: 7.697741e-03
time: 7.697741e-03
time: 7.697741e-03
time: 7.697741e-03
time: 7.697741e-03
time: 7.697741e-03
time: 7.697741e-03
time: 7.697741e-03
time: 7.697741e-03
time: 7.697741e-03
time: 7.697741e-03
time: 7.697741e-03
time: 7.697741e-03
time: 7.697741e-03
time: 7.697741e-03
time: 7.697741e-03
time: 7.697741e-03
time: 7.697741e-03
time: 7.697741e-03
time: 7.697741e-03
time: 7.697741e-03
time: 7.697741e-03
time: 7.733711e-03
time: 7.769681e-03
time: 7.805650e-03
time: 7.841620e-03
time: 7.913559e-03
time: 7.985498e-03
time: 8.057437e-03
time: 8.129376e-03
time: 8.273255e-03
time: 8.273255e-03
time: 8.417133e-03
time: 8.561011e-03
time: 8.704889e-03
time: 8.848768e-03
time: 9.061700e-03
time: 9.274632e-03
time: 9.487564e-03
time: 9.700497e-03
time: 9.913429e-03
time: 1.012636e-02
time: 1.038325e-02
time: 1.064014e-02
time: 1.064014e-02
time: 1.089702e-02
time: 1.115391e-02
time: 1.141080e-02
time: 1.141080e-02
time: 1.166769e-02
time: 1.166769e-02
time: 1.166769e-02
time: 1.192457e-02
time: 1.192457e-02
time: 1.218146e-02
time: 1.218146e-02
time: 1.243835e-02
time: 1.243835e-02
time: 1.269524e-02
time: 1.295213e-02
time: 1.295213e-02
time: 1.320901e-02
time: 1.320901e-02
time: 1.346590e-02
time: 1.372279e-02
time: 1.372279e-02
time: 1.397968e-02
time: 1.423656e-02
time: 1.456410e-02
time: 1.456410e-02
time: 1.489164e-02
time: 1.489164e-02
time: 1.489164e-02
time: 1.489164e-02
time: 1.489164e-02
time: 1.456410e-02
time: 1.464598e-02
time: 1.464598e-02
time: 1.464598e-02
time: 1.464598e-02
time: 1.464598e-02
time: 1.464598e-02
time: 1.464598e-02
time: 1.464598e-02
time: 1.464598e-02
time: 1.464598e-02
time: 1.464598e-02
time: 1.464598e-02
time: 1.464598e-02
time: 1.464598e-02
time: 1.464598e-02
time: 1.464598e-02
time: 1.464598e-02
time: 1.464598e-02
time: 1.464598e-02
time: 1.464598e-02
time: 1.464598e-02
time: 1.464598e-02
time: 1.464598e-02
time: 1.464598e-02
time: 1.464598e-02
time: 1.464598e-02
time: 1.464598e-02
time: 1.464598e-02
time: 1.464598e-02
time: 1.464598e-02
time: 1.464598e-02
time: 1.464598e-02
time: 1.464598e-02
time: 1.464598e-02
time: 1.464598e-02
time: 1.464598e-02
time: 1.464598e-02
time: 1.464598e-02
time: 1.464598e-02
time: 1.464598e-02
time: 1.464598e-02
time: 1.464598e-02
time: 1.464598e-02
time: 1.464598e-02
time: 1.464598e-02
time: 1.464598e-02
time: 1.464598e-02
time: 1.464598e-02
time: 1.464598e-02
time: 1.464598e-02
time: 1.464598e-02
time: 1.464598e-02
time: 1.464598e-02
time: 1.464598e-02
time: 1.464598e-02
time: 1.464598e-02
time: 1.458782e-02
time: 1.458782e-02
time: 1.457596e-02
time: 1.457596e-02
time: 1.458782e-02
time: 1.459968e-02
time: 1.461154e-02
time: 1.463525e-02
time: 1.465897e-02
time: 1.468269e-02
time: 1.470641e-02
time: 1.475384e-02
time: 1.480127e-02
time: 1.484871e-02
time: 1.489614e-02
time: 1.499101e-02
time: 1.508588e-02
time: 1.518075e-02
time: 1.527562e-02
time: 1.537049e-02
time: 1.556023e-02
time: 1.574997e-02
time: 1.593971e-02
time: 1.612945e-02
time: 1.631919e-02
time: 1.669867e-02
time: 1.707815e-02
time: 1.745763e-02
time: 1.783711e-02
time: 1.821659e-02
time: 1.870952e-02
time: 1.920245e-02
time: 1.969538e-02
time: 2.018832e-02
time: 2.068125e-02
time: 2.117418e-02
time: 2.166712e-02
time: 2.226377e-02
time: 2.286042e-02
time: 2.345707e-02
time: 2.405372e-02
time: 2.465037e-02
time: 2.524702e-02
time: 2.584367e-02
time: 2.656024e-02
time: 2.727682e-02
time: 2.727682e-02
time: 2.799339e-02
time: 2.870996e-02
time: 2.870996e-02
time: 2.942653e-02
time: 2.942653e-02
time: 3.014311e-02
time: 3.085968e-02
time: 3.085968e-02
time: 3.157625e-02
time: 3.157625e-02
time: 3.229282e-02
time: 3.300939e-02
time: 3.372597e-02
time: 3.444254e-02
time: 3.515911e-02
time: 3.587568e-02
time: 3.659226e-02
time: 3.659226e-02
time: 3.730883e-02
time: 3.730883e-02
time: 3.730883e-02
time: 3.802540e-02
time: 3.802540e-02
time: 3.874197e-02
time: 3.874197e-02
time: 3.945854e-02
time: 3.945854e-02
time: 4.017512e-02
time: 4.089169e-02
time: 4.089169e-02
time: 4.160826e-02
time: 4.160826e-02
time: 4.160826e-02
time: 4.160826e-02
time: 4.160826e-02
time: 4.107083e-02
time: 4.107083e-02
time: 4.107083e-02
time: 4.107083e-02
time: 4.107083e-02
time: 4.107083e-02
time: 4.107083e-02
time: 4.107083e-02
time: 4.107083e-02
time: 4.107083e-02
time: 4.107083e-02
time: 4.107083e-02
time: 4.107083e-02
time: 4.107083e-02
time: 4.107083e-02
time: 4.107083e-02
time: 4.107083e-02
time: 4.107083e-02
time: 4.107083e-02
time: 4.107083e-02
time: 4.107083e-02
time: 4.107083e-02
time: 4.107083e-02
time: 4.107083e-02
time: 4.107083e-02
time: 4.107083e-02
time: 4.107083e-02
time: 4.107083e-02
time: 4.107083e-02
time: 4.107083e-02
time: 4.107083e-02
time: 4.107083e-02
time: 4.107083e-02
time: 4.107083e-02
time: 4.107083e-02
time: 4.107083e-02
time: 4.107083e-02
time: 4.107083e-02
time: 4.107083e-02
time: 4.107083e-02
time: 4.107083e-02
time: 4.107083e-02
time: 4.107083e-02
time: 4.107083e-02
time: 4.107083e-02
time: 4.107083e-02
time: 4.107083e-02
time: 4.107083e-02
time: 4.107083e-02
time: 4.107083e-02
time: 4.107083e-02
time: 4.107083e-02
time: 4.107083e-02
time: 4.107083e-02
time: 4.107083e-02
time: 4.124997e-02
time: 4.142912e-02
time: 4.160826e-02
time: 4.178740e-02
time: 4.214569e-02
time: 4.250398e-02
time: 4.286226e-02
time: 4.322055e-02
time: 4.393712e-02
time: 4.465369e-02
time: 4.537027e-02
time: 4.608684e-02
time: 4.680341e-02
time: 4.802158e-02
time: 4.923975e-02
time: 5.045792e-02
time: 5.167610e-02
time: 5.289427e-02
time: 5.411244e-02
time: 5.533061e-02
time: 5.681631e-02
time: 5.830201e-02
time: 5.830201e-02
time: 5.978771e-02
time: 6.127341e-02
time: 6.275911e-02
time: 6.424481e-02
time: 6.573051e-02
time: 6.721621e-02
time: 6.870191e-02
time: 7.052065e-02
time: 7.233938e-02
time: 7.415812e-02
time: 7.597685e-02
time: 7.779559e-02
time: 7.961432e-02
time: 8.143306e-02
time: 8.364627e-02
time: 8.585947e-02
time: 8.807268e-02
time: 9.028589e-02
time: 9.249909e-02
time: 9.471230e-02
time: 9.743521e-02
time: 1.001581e-01
time: 1.028810e-01
time: 1.056039e-01
time: 1.083268e-01
time: 1.116752e-01
time: 1.150235e-01
time: 1.150235e-01
time: 1.183718e-01
time: 1.217202e-01
time: 1.217202e-01
time: 1.250685e-01
time: 1.250685e-01
time: 1.284168e-01
time: 1.284168e-01
time: 1.317652e-01
time: 1.317652e-01
time: 1.351135e-01
time: 1.351135e-01
time: 1.384618e-01
time: 1.384618e-01
time: 1.418102e-01
time: 1.418102e-01
time: 1.451585e-01
time: 1.451585e-01
time: 1.485068e-01
time: 1.485068e-01
time: 1.518552e-01
time: 1.518552e-01
time: 1.552035e-01
time: 1.552035e-01
time: 1.585518e-01
time: 1.585518e-01
time: 1.619002e-01
time: 1.619002e-01
time: 1.652485e-01
time: 1.685968e-01
time: 1.685968e-01
time: 1.685968e-01
time: 1.669227e-01
time: 1.669227e-01
time: 1.685968e-01
time: 1.702710e-01
time: 1.719452e-01
time: 1.736193e-01
time: 1.760343e-01
time: 1.760343e-01
time: 1.784493e-01
time: 1.808642e-01
time: 1.832792e-01
time: 1.864313e-01
time: 1.895835e-01
time: 1.927356e-01
time: 1.958877e-01
time: 2.004720e-01
time: 2.004720e-01
time: 2.050563e-01
time: 2.096406e-01
time: 2.142250e-01
time: 2.201170e-01
time: 2.260090e-01
time: 2.319010e-01
time: 2.377930e-01
time: 2.459751e-01
time: 2.459751e-01
time: 2.541572e-01
time: 2.623393e-01
time: 2.705214e-01
time: 2.807876e-01
time: 2.910538e-01
time: 2.910538e-01
time: 3.013200e-01
time: 3.115863e-01
time: 3.321187e-01
time: 3.321187e-01
time: 3.526511e-01
time: 3.731836e-01
time: 4.101311e-01
time: 4.470787e-01
time: 4.840262e-01
time: 5.579213e-01
time: 6.318164e-01
time: 7.057115e-01
time: 8.535017e-01
time: 1.000000e+00
Number of steps: 790, current time 1.000000

==== Status of problem ====

Parser configured
Database configured
Mixture configured
Solution configured
Solver configured
Problem solved

==== END of Status ====

ULF run took 19.34 s

==== ULF END ====
