# RUNNING VERSION '1.07-1'
+==========================================================================================================+
|                                                                                                          |
|                                                                                              #           |
|                                                                                             ##           |
|                                                                                            ###           |
|                                                                                          ####            |
|                                                          TU Freiberg                    ######           |
|                                                          Chair of Numerical            #### ##           |
|                                                          Thermo-Fluid-Dynamics         ########          |
|        Universal Laminar Flame Solver                                                  #### #####        |
|                                                                                          ##########      |
|                                                                                                #####     |
|                            ###    ##########             ####  ################################# ###     |
|                           ####  ####                    #####     ####   ####          ######### ###     |
|                          ####  ####                    ######     ###   ###                  ### ###     |
|         ####      ####  ################              ###  ###   ###   #########   ###       ### ##      |
|        ####      ####  ################              ###   ###  ###   ########    ###       ### ###      |
|       ####       ###  #### ####                     ###    ### ###   ###         ##       ### ###        |
|       #####   #####  #### ####                     ###      #####   ###         ###    ##### ###         |
|        ##########   ####  ###                     ###       #############      ########## #####          |
|                                                        #######################################           |
|                                                      ###               #####################             |
|                                                                             ############                 |
|                                                                                                          |
+==========================================================================================================+
                                                                                                            
ULF run at Tue Sep 15 21:29:55 2015



==== Status of problem ====

Parser configured
Database configured
Mixture configured
Solution configured
Solver configured
Problem NOT solved

==== END of Status ====
time: 0.000000e+00
time: 2.372994e-10
time: 2.372994e-10
time: 2.372994e-10
time: 2.372994e-10
time: 2.372994e-10
time: 2.372994e-10
time: 2.372994e-10
time: 2.372994e-10
time: 2.372994e-10
time: 2.372994e-10
time: 2.372994e-10
time: 2.372994e-10
time: 2.372994e-10
time: 2.372994e-10
time: 2.372994e-10
time: 2.372994e-10
time: 2.372994e-10
time: 2.372994e-10
time: 2.372994e-10
time: 2.372994e-10
time: 2.372994e-10
time: 2.372994e-10
time: 2.372994e-10
time: 2.372994e-10
time: 2.372994e-10
time: 2.372994e-10
time: 2.372994e-10
time: 2.372994e-10
time: 2.372994e-10
time: 2.372994e-10
time: 2.372994e-10
time: 2.372994e-10
time: 2.372994e-10
time: 2.372994e-10
time: 2.372994e-10
time: 2.372994e-10
time: 2.372994e-10
time: 2.372994e-10
time: 2.372994e-10
time: 2.372994e-10
time: 2.372994e-10
time: 2.372994e-10
time: 2.372994e-10
time: 2.372994e-10
time: 2.372994e-10
time: 2.372994e-10
time: 2.372994e-10
time: 2.372994e-10
time: 2.372994e-10
time: 2.372994e-10
time: 2.372994e-10
time: 2.372994e-10
time: 2.372994e-10
time: 2.372994e-10
time: 2.372994e-10
time: 4.745988e-10
time: 7.118982e-10
time: 4.968198e-08
time: 9.865205e-08
time: 1.476221e-07
time: 2.394329e-07
time: 3.312437e-07
time: 4.230545e-07
time: 5.626143e-07
time: 7.021740e-07
time: 8.417338e-07
time: 1.155238e-06
time: 1.468742e-06
time: 1.782246e-06
time: 2.095750e-06
time: 2.619302e-06
time: 3.142854e-06
time: 3.666406e-06
time: 4.189958e-06
time: 5.077888e-06
time: 5.965819e-06
time: 6.853750e-06
time: 7.741680e-06
time: 9.449335e-06
time: 9.449335e-06
time: 1.115699e-05
time: 1.286464e-05
time: 1.457230e-05
time: 1.627995e-05
time: 1.874431e-05
time: 2.120867e-05
time: 2.367303e-05
time: 2.613740e-05
time: 2.860176e-05
time: 3.174778e-05
time: 3.489380e-05
time: 3.803982e-05
time: 4.118585e-05
time: 4.433187e-05
time: 4.820870e-05
time: 5.208553e-05
time: 5.596237e-05
time: 5.983920e-05
time: 6.371603e-05
time: 6.864215e-05
time: 7.356826e-05
time: 7.849438e-05
time: 8.342050e-05
time: 8.834661e-05
time: 9.459450e-05
time: 1.008424e-04
time: 1.070903e-04
time: 1.133382e-04
time: 1.195861e-04
time: 1.273482e-04
time: 1.351104e-04
time: 1.351104e-04
time: 1.428725e-04
time: 1.506347e-04
time: 1.583969e-04
time: 1.583969e-04
time: 1.661590e-04
time: 1.754909e-04
time: 1.754909e-04
time: 1.754909e-04
time: 1.754909e-04
time: 1.754909e-04
time: 1.684920e-04
time: 1.684920e-04
time: 1.684920e-04
time: 1.684920e-04
time: 1.684920e-04
time: 1.684920e-04
time: 1.684920e-04
time: 1.684920e-04
time: 1.684920e-04
time: 1.684920e-04
time: 1.684920e-04
time: 1.684920e-04
time: 1.684920e-04
time: 1.684920e-04
time: 1.684920e-04
time: 1.684920e-04
time: 1.684920e-04
time: 1.684920e-04
time: 1.684920e-04
time: 1.684920e-04
time: 1.684920e-04
time: 1.684920e-04
time: 1.684920e-04
time: 1.684920e-04
time: 1.684920e-04
time: 1.684920e-04
time: 1.684920e-04
time: 1.684920e-04
time: 1.684920e-04
time: 1.684920e-04
time: 1.684920e-04
time: 1.684920e-04
time: 1.684920e-04
time: 1.684920e-04
time: 1.684920e-04
time: 1.684920e-04
time: 1.684920e-04
time: 1.684920e-04
time: 1.684920e-04
time: 1.684920e-04
time: 1.684920e-04
time: 1.684920e-04
time: 1.684920e-04
time: 1.684920e-04
time: 1.684920e-04
time: 1.684920e-04
time: 1.684920e-04
time: 1.684920e-04
time: 1.684920e-04
time: 1.684920e-04
time: 1.684920e-04
time: 1.684920e-04
time: 1.684920e-04
time: 1.684920e-04
time: 1.684920e-04
time: 1.708249e-04
time: 1.731579e-04
time: 1.754909e-04
time: 1.778238e-04
time: 1.824897e-04
time: 1.871556e-04
time: 1.918216e-04
time: 1.964875e-04
time: 2.058193e-04
time: 2.058193e-04
time: 2.151512e-04
time: 2.244830e-04
time: 2.338148e-04
time: 2.431467e-04
time: 2.561063e-04
time: 2.690660e-04
time: 2.820256e-04
time: 2.949853e-04
time: 3.079450e-04
time: 3.209046e-04
time: 3.338643e-04
time: 3.338643e-04
time: 3.468240e-04
time: 3.468240e-04
time: 3.597836e-04
time: 3.597836e-04
time: 3.727433e-04
time: 3.727433e-04
time: 3.857030e-04
time: 3.857030e-04
time: 3.986626e-04
time: 3.986626e-04
time: 4.116223e-04
time: 4.116223e-04
time: 4.051425e-04
time: 4.116223e-04
time: 4.181021e-04
time: 4.245819e-04
time: 4.310618e-04
time: 4.375416e-04
time: 4.440214e-04
time: 4.505013e-04
time: 4.505013e-04
time: 4.569811e-04
time: 4.569811e-04
time: 4.634609e-04
time: 4.634609e-04
time: 4.699408e-04
time: 4.699408e-04
time: 4.764206e-04
time: 4.764206e-04
time: 4.829004e-04
time: 4.829004e-04
time: 4.893803e-04
time: 4.893803e-04
time: 4.958601e-04
time: 4.958601e-04
time: 4.926202e-04
time: 4.958601e-04
time: 4.991000e-04
time: 5.023399e-04
time: 5.055798e-04
time: 5.055798e-04
time: 5.088198e-04
time: 5.120597e-04
time: 5.152996e-04
time: 5.185395e-04
time: 5.217794e-04
time: 5.217794e-04
time: 5.250193e-04
time: 5.250193e-04
time: 5.282593e-04
time: 5.282593e-04
time: 5.314992e-04
time: 5.314992e-04
time: 5.347391e-04
time: 5.347391e-04
time: 5.379790e-04
time: 5.379790e-04
time: 5.412189e-04
time: 5.412189e-04
time: 5.444588e-04
time: 5.444588e-04
time: 5.444588e-04
time: 5.476988e-04
time: 5.476988e-04
time: 5.476988e-04
time: 5.509387e-04
time: 5.509387e-04
time: 5.509387e-04
time: 5.541786e-04
time: 5.541786e-04
time: 5.541786e-04
time: 5.541786e-04
time: 5.525586e-04
time: 5.541786e-04
time: 5.557985e-04
time: 5.557985e-04
time: 5.574185e-04
time: 5.590385e-04
time: 5.606584e-04
time: 5.622784e-04
time: 5.622784e-04
time: 5.638983e-04
time: 5.638983e-04
time: 5.655183e-04
time: 5.671382e-04
time: 5.671382e-04
time: 5.687582e-04
time: 5.687582e-04
time: 5.703782e-04
time: 5.719981e-04
time: 5.719981e-04
time: 5.736181e-04
time: 5.736181e-04
time: 5.752380e-04
time: 5.752380e-04
time: 5.768580e-04
time: 5.768580e-04
time: 5.784780e-04
time: 5.784780e-04
time: 5.800979e-04
time: 5.800979e-04
time: 5.817179e-04
time: 5.817179e-04
time: 5.833378e-04
time: 5.833378e-04
time: 5.849578e-04
time: 5.849578e-04
time: 5.865777e-04
time: 5.865777e-04
time: 5.881977e-04
time: 5.881977e-04
time: 5.881977e-04
time: 5.898177e-04
time: 5.898177e-04
time: 5.898177e-04
time: 5.914376e-04
time: 5.914376e-04
time: 5.914376e-04
time: 5.930576e-04
time: 5.930576e-04
time: 5.930576e-04
time: 5.930576e-04
time: 5.946775e-04
time: 5.946775e-04
time: 5.946775e-04
time: 5.946775e-04
time: 5.962975e-04
time: 5.962975e-04
time: 5.962975e-04
time: 5.962975e-04
time: 5.979175e-04
time: 5.979175e-04
time: 5.979175e-04
time: 5.979175e-04
time: 5.971075e-04
time: 5.979175e-04
time: 5.979175e-04
time: 5.987274e-04
time: 5.995374e-04
time: 6.003474e-04
time: 6.011574e-04
time: 6.019673e-04
time: 6.027773e-04
time: 6.035873e-04
time: 6.043973e-04
time: 6.052073e-04
time: 6.061921e-04
time: 6.061921e-04
time: 6.071768e-04
time: 6.081616e-04
time: 6.091464e-04
time: 6.101312e-04
time: 6.101312e-04
time: 6.111160e-04
time: 6.123367e-04
time: 6.135574e-04
time: 6.135574e-04
time: 6.147781e-04
time: 6.147781e-04
time: 6.159988e-04
time: 6.172195e-04
time: 6.184402e-04
time: 6.184402e-04
time: 6.196609e-04
time: 6.208815e-04
time: 6.208815e-04
time: 6.221022e-04
time: 6.221022e-04
time: 6.233229e-04
time: 6.233229e-04
time: 6.248378e-04
time: 6.248378e-04
time: 6.263527e-04
time: 6.278676e-04
time: 6.278676e-04
time: 6.278676e-04
time: 6.293825e-04
time: 6.293825e-04
time: 6.293825e-04
time: 6.308974e-04
time: 6.308974e-04
time: 6.308974e-04
time: 6.324123e-04
time: 6.324123e-04
time: 6.324123e-04
time: 6.339272e-04
time: 6.339272e-04
time: 6.339272e-04
time: 6.354421e-04
time: 6.354421e-04
time: 6.354421e-04
time: 6.369570e-04
time: 6.369570e-04
time: 6.369570e-04
time: 6.384719e-04
time: 6.384719e-04
time: 6.384719e-04
time: 6.399868e-04
time: 6.399868e-04
time: 6.399868e-04
time: 6.415017e-04
time: 6.415017e-04
time: 6.415017e-04
time: 6.430165e-04
time: 6.430165e-04
time: 6.430165e-04
time: 6.445314e-04
time: 6.445314e-04
time: 6.445314e-04
time: 6.460463e-04
time: 6.460463e-04
time: 6.460463e-04
time: 6.475612e-04
time: 6.475612e-04
time: 6.475612e-04
time: 6.490761e-04
time: 6.490761e-04
time: 6.490761e-04
time: 6.505910e-04
time: 6.505910e-04
time: 6.505910e-04
time: 6.521059e-04
time: 6.521059e-04
time: 6.521059e-04
time: 6.536208e-04
time: 6.536208e-04
time: 6.536208e-04
time: 6.551357e-04
time: 6.551357e-04
time: 6.551357e-04
time: 6.566506e-04
time: 6.566506e-04
time: 6.566506e-04
time: 6.581655e-04
time: 6.581655e-04
time: 6.581655e-04
time: 6.581655e-04
time: 6.596804e-04
time: 6.596804e-04
time: 6.596804e-04
time: 6.596804e-04
time: 6.596804e-04
time: 6.585442e-04
time: 6.585442e-04
time: 6.585442e-04
time: 6.585442e-04
time: 6.585442e-04
time: 6.585442e-04
time: 6.585442e-04
time: 6.585442e-04
time: 6.585442e-04
time: 6.585442e-04
time: 6.585442e-04
time: 6.585442e-04
time: 6.585442e-04
time: 6.585442e-04
time: 6.585442e-04
time: 6.585442e-04
time: 6.585442e-04
time: 6.585442e-04
time: 6.585442e-04
time: 6.585442e-04
time: 6.585442e-04
time: 6.585442e-04
time: 6.585442e-04
time: 6.585442e-04
time: 6.585442e-04
time: 6.585442e-04
time: 6.585442e-04
time: 6.585442e-04
time: 6.585442e-04
time: 6.585442e-04
time: 6.585442e-04
time: 6.585442e-04
time: 6.585442e-04
time: 6.585442e-04
time: 6.585442e-04
time: 6.585442e-04
time: 6.585442e-04
time: 6.585442e-04
time: 6.585442e-04
time: 6.585442e-04
time: 6.585442e-04
time: 6.585442e-04
time: 6.585442e-04
time: 6.585442e-04
time: 6.585442e-04
time: 6.585442e-04
time: 6.585442e-04
time: 6.585442e-04
time: 6.585442e-04
time: 6.585442e-04
time: 6.585442e-04
time: 6.585442e-04
time: 6.585442e-04
time: 6.585442e-04
time: 6.585442e-04
time: 6.589229e-04
time: 6.593017e-04
time: 6.596804e-04
time: 6.600591e-04
time: 6.608165e-04
time: 6.615740e-04
time: 6.623314e-04
time: 6.630889e-04
time: 6.638463e-04
time: 6.653612e-04
time: 6.668761e-04
time: 6.683910e-04
time: 6.699059e-04
time: 6.714208e-04
time: 6.729357e-04
time: 6.744506e-04
time: 6.759655e-04
time: 6.774804e-04
time: 6.793490e-04
time: 6.812177e-04
time: 6.830863e-04
time: 6.849549e-04
time: 6.868236e-04
time: 6.892770e-04
time: 6.917305e-04
time: 6.941839e-04
time: 6.966374e-04
time: 6.990909e-04
time: 7.026381e-04
time: 7.061854e-04
time: 7.097326e-04
time: 7.132799e-04
time: 7.168271e-04
time: 7.203744e-04
time: 7.203744e-04
time: 7.239216e-04
time: 7.239216e-04
time: 7.274689e-04
time: 7.274689e-04
time: 7.310161e-04
time: 7.310161e-04
time: 7.345634e-04
time: 7.345634e-04
time: 7.381106e-04
time: 7.381106e-04
time: 7.416579e-04
time: 7.416579e-04
time: 7.452052e-04
time: 7.452052e-04
time: 7.487524e-04
time: 7.487524e-04
time: 7.522997e-04
time: 7.522997e-04
time: 7.558469e-04
time: 7.558469e-04
time: 7.593942e-04
time: 7.593942e-04
time: 7.629414e-04
time: 7.629414e-04
time: 7.674813e-04
time: 7.674813e-04
time: 7.674813e-04
time: 7.720213e-04
time: 7.720213e-04
time: 7.765612e-04
time: 7.765612e-04
time: 7.765612e-04
time: 7.811011e-04
time: 7.811011e-04
time: 7.811011e-04
time: 7.811011e-04
time: 7.811011e-04
time: 7.776962e-04
time: 7.776962e-04
time: 7.776962e-04
time: 7.776962e-04
time: 7.776962e-04
time: 7.776962e-04
time: 7.776962e-04
time: 7.776962e-04
time: 7.776962e-04
time: 7.776962e-04
time: 7.776962e-04
time: 7.776962e-04
time: 7.776962e-04
time: 7.776962e-04
time: 7.776962e-04
time: 7.776962e-04
time: 7.776962e-04
time: 7.776962e-04
time: 7.776962e-04
time: 7.776962e-04
time: 7.776962e-04
time: 7.776962e-04
time: 7.776962e-04
time: 7.776962e-04
time: 7.776962e-04
time: 7.776962e-04
time: 7.776962e-04
time: 7.776962e-04
time: 7.776962e-04
time: 7.776962e-04
time: 7.776962e-04
time: 7.776962e-04
time: 7.776962e-04
time: 7.776962e-04
time: 7.776962e-04
time: 7.776962e-04
time: 7.776962e-04
time: 7.776962e-04
time: 7.776962e-04
time: 7.776962e-04
time: 7.776962e-04
time: 7.776962e-04
time: 7.776962e-04
time: 7.776962e-04
time: 7.776962e-04
time: 7.776962e-04
time: 7.776962e-04
time: 7.776962e-04
time: 7.776962e-04
time: 7.776962e-04
time: 7.776962e-04
time: 7.776962e-04
time: 7.776962e-04
time: 7.776962e-04
time: 7.776962e-04
time: 7.788311e-04
time: 7.799661e-04
time: 7.811011e-04
time: 7.822361e-04
time: 7.833711e-04
time: 7.856410e-04
time: 7.879110e-04
time: 7.901809e-04
time: 7.924509e-04
time: 7.947209e-04
time: 7.986359e-04
time: 8.025510e-04
time: 8.025510e-04
time: 8.064661e-04
time: 8.064661e-04
time: 8.103811e-04
time: 8.103811e-04
time: 8.142962e-04
time: 8.142962e-04
time: 8.182113e-04
time: 8.182113e-04
time: 8.221264e-04
time: 8.260414e-04
time: 8.299565e-04
time: 8.347943e-04
time: 8.396320e-04
time: 8.444698e-04
time: 8.493075e-04
time: 8.541453e-04
time: 8.605921e-04
time: 8.670390e-04
time: 8.734858e-04
time: 8.799327e-04
time: 8.863795e-04
time: 8.948058e-04
time: 9.032320e-04
time: 9.116583e-04
time: 9.200845e-04
time: 9.285108e-04
time: 9.369370e-04
time: 9.453633e-04
time: 9.555472e-04
time: 9.555472e-04
time: 9.657312e-04
time: 9.759151e-04
time: 9.860991e-04
time: 9.962831e-04
time: 9.962831e-04
time: 1.006467e-03
time: 1.016651e-03
time: 1.026835e-03
time: 1.037019e-03
time: 1.037019e-03
time: 1.047203e-03
time: 1.057387e-03
time: 1.067571e-03
time: 1.077755e-03
time: 1.077755e-03
time: 1.087939e-03
time: 1.098123e-03
time: 1.108307e-03
time: 1.108307e-03
time: 1.118491e-03
time: 1.128675e-03
time: 1.138859e-03
time: 1.138859e-03
time: 1.149043e-03
time: 1.159227e-03
time: 1.159227e-03
time: 1.169411e-03
time: 1.169411e-03
time: 1.179594e-03
time: 1.192515e-03
time: 1.192515e-03
time: 1.205436e-03
time: 1.205436e-03
time: 1.218357e-03
time: 1.218357e-03
time: 1.231278e-03
time: 1.244198e-03
time: 1.257119e-03
time: 1.257119e-03
time: 1.257119e-03
time: 1.270040e-03
time: 1.270040e-03
time: 1.270040e-03
time: 1.270040e-03
time: 1.282961e-03
time: 1.282961e-03
time: 1.298690e-03
time: 1.298690e-03
time: 1.298690e-03
time: 1.298690e-03
time: 1.314419e-03
time: 1.314419e-03
time: 1.330148e-03
time: 1.330148e-03
time: 1.330148e-03
time: 1.345877e-03
time: 1.345877e-03
time: 1.345877e-03
time: 1.345877e-03
time: 1.361606e-03
time: 1.377335e-03
time: 1.393064e-03
time: 1.393064e-03
time: 1.393064e-03
time: 1.408794e-03
time: 1.408794e-03
time: 1.408794e-03
time: 1.408794e-03
time: 1.424523e-03
time: 1.440252e-03
time: 1.460006e-03
time: 1.460006e-03
time: 1.479759e-03
time: 1.499513e-03
time: 1.499513e-03
time: 1.499513e-03
time: 1.499513e-03
time: 1.499513e-03
time: 1.484698e-03
time: 1.484698e-03
time: 1.484698e-03
time: 1.484698e-03
time: 1.484698e-03
time: 1.484698e-03
time: 1.484698e-03
time: 1.484698e-03
time: 1.484698e-03
time: 1.484698e-03
time: 1.484698e-03
time: 1.484698e-03
time: 1.484698e-03
time: 1.484698e-03
time: 1.484698e-03
time: 1.484698e-03
time: 1.484698e-03
time: 1.484698e-03
time: 1.484698e-03
time: 1.484698e-03
time: 1.484698e-03
time: 1.484698e-03
time: 1.484698e-03
time: 1.484698e-03
time: 1.484698e-03
time: 1.484698e-03
time: 1.484698e-03
time: 1.484698e-03
time: 1.484698e-03
time: 1.484698e-03
time: 1.484698e-03
time: 1.484698e-03
time: 1.484698e-03
time: 1.484698e-03
time: 1.484698e-03
time: 1.484698e-03
time: 1.484698e-03
time: 1.484698e-03
time: 1.484698e-03
time: 1.484698e-03
time: 1.484698e-03
time: 1.484698e-03
time: 1.484698e-03
time: 1.484698e-03
time: 1.484698e-03
time: 1.484698e-03
time: 1.484698e-03
time: 1.484698e-03
time: 1.484698e-03
time: 1.484698e-03
time: 1.484698e-03
time: 1.484698e-03
time: 1.484698e-03
time: 1.484698e-03
time: 1.484698e-03
time: 1.489636e-03
time: 1.494575e-03
time: 1.499513e-03
time: 1.504452e-03
time: 1.514328e-03
time: 1.524205e-03
time: 1.534082e-03
time: 1.543959e-03
time: 1.563713e-03
time: 1.583467e-03
time: 1.603220e-03
time: 1.622974e-03
time: 1.642728e-03
time: 1.671817e-03
time: 1.700906e-03
time: 1.729995e-03
time: 1.759084e-03
time: 1.788173e-03
time: 1.817262e-03
time: 1.852358e-03
time: 1.887454e-03
time: 1.922551e-03
time: 1.957647e-03
time: 1.992743e-03
time: 2.027839e-03
time: 2.062936e-03
time: 2.098032e-03
time: 2.141111e-03
time: 2.184189e-03
time: 2.227268e-03
time: 2.270347e-03
time: 2.313426e-03
time: 2.356505e-03
time: 2.356505e-03
time: 2.399584e-03
time: 2.442663e-03
time: 2.485742e-03
time: 2.485742e-03
time: 2.528820e-03
time: 2.528820e-03
time: 2.571899e-03
time: 2.614978e-03
time: 2.614978e-03
time: 2.658057e-03
time: 2.701136e-03
time: 2.757802e-03
time: 2.757802e-03
time: 2.814469e-03
time: 2.871135e-03
time: 2.927802e-03
time: 2.984468e-03
time: 2.984468e-03
time: 3.041135e-03
time: 3.097801e-03
time: 3.166230e-03
time: 3.166230e-03
time: 3.234660e-03
time: 3.303089e-03
time: 3.303089e-03
time: 3.303089e-03
time: 3.371519e-03
time: 3.371519e-03
time: 3.371519e-03
time: 3.371519e-03
time: 3.439948e-03
time: 3.439948e-03
time: 3.508377e-03
time: 3.508377e-03
time: 3.508377e-03
time: 3.508377e-03
time: 3.576807e-03
time: 3.576807e-03
time: 3.576807e-03
time: 3.645236e-03
time: 3.645236e-03
time: 3.645236e-03
time: 3.713666e-03
time: 3.713666e-03
time: 3.713666e-03
time: 3.713666e-03
time: 3.782095e-03
time: 3.782095e-03
time: 3.782095e-03
time: 3.850524e-03
time: 3.918954e-03
time: 3.918954e-03
time: 3.918954e-03
time: 3.987383e-03
time: 3.987383e-03
time: 3.987383e-03
time: 3.987383e-03
time: 4.055813e-03
time: 4.055813e-03
time: 4.055813e-03
time: 4.124242e-03
time: 4.218712e-03
time: 4.218712e-03
time: 4.313182e-03
time: 4.313182e-03
time: 4.313182e-03
time: 4.313182e-03
time: 4.313182e-03
time: 4.242330e-03
time: 4.242330e-03
time: 4.242330e-03
time: 4.242330e-03
time: 4.242330e-03
time: 4.242330e-03
time: 4.242330e-03
time: 4.242330e-03
time: 4.242330e-03
time: 4.242330e-03
time: 4.242330e-03
time: 4.242330e-03
time: 4.242330e-03
time: 4.242330e-03
time: 4.242330e-03
time: 4.242330e-03
time: 4.242330e-03
time: 4.242330e-03
time: 4.242330e-03
time: 4.242330e-03
time: 4.242330e-03
time: 4.242330e-03
time: 4.242330e-03
time: 4.242330e-03
time: 4.242330e-03
time: 4.242330e-03
time: 4.242330e-03
time: 4.242330e-03
time: 4.242330e-03
time: 4.242330e-03
time: 4.242330e-03
time: 4.242330e-03
time: 4.242330e-03
time: 4.242330e-03
time: 4.242330e-03
time: 4.242330e-03
time: 4.242330e-03
time: 4.242330e-03
time: 4.242330e-03
time: 4.242330e-03
time: 4.242330e-03
time: 4.242330e-03
time: 4.242330e-03
time: 4.242330e-03
time: 4.242330e-03
time: 4.242330e-03
time: 4.242330e-03
time: 4.242330e-03
time: 4.242330e-03
time: 4.242330e-03
time: 4.242330e-03
time: 4.242330e-03
time: 4.242330e-03
time: 4.242330e-03
time: 4.242330e-03
time: 4.242330e-03
time: 4.226649e-03
time: 4.226649e-03
time: 4.234585e-03
time: 4.234585e-03
time: 4.242522e-03
time: 4.242522e-03
time: 4.250458e-03
time: 4.250458e-03
time: 4.266331e-03
time: 4.282205e-03
time: 4.298078e-03
time: 4.313951e-03
time: 4.345697e-03
time: 4.377443e-03
time: 4.409190e-03
time: 4.440936e-03
time: 4.504428e-03
time: 4.567921e-03
time: 4.631413e-03
time: 4.694906e-03
time: 4.758398e-03
time: 4.872544e-03
time: 4.986690e-03
time: 5.100836e-03
time: 5.214982e-03
time: 5.329128e-03
time: 5.443274e-03
time: 5.580413e-03
time: 5.717552e-03
time: 5.854691e-03
time: 5.991830e-03
time: 6.128969e-03
time: 6.266108e-03
time: 6.403247e-03
time: 6.540386e-03
time: 6.708160e-03
time: 6.875933e-03
time: 7.043707e-03
time: 7.211481e-03
time: 7.379255e-03
time: 7.547029e-03
time: 7.714802e-03
time: 7.882576e-03
time: 8.084443e-03
time: 8.286309e-03
time: 8.286309e-03
time: 8.488175e-03
time: 8.690042e-03
time: 8.690042e-03
time: 8.891908e-03
time: 9.093775e-03
time: 9.093775e-03
time: 9.295641e-03
time: 9.295641e-03
time: 9.497507e-03
time: 9.497507e-03
time: 9.497507e-03
time: 9.699374e-03
time: 9.699374e-03
time: 9.699374e-03
time: 9.901240e-03
time: 9.901240e-03
time: 9.901240e-03
time: 9.901240e-03
time: 9.901240e-03
time: 9.749840e-03
time: 9.749840e-03
time: 9.749840e-03
time: 9.749840e-03
time: 9.749840e-03
time: 9.749840e-03
time: 9.749840e-03
time: 9.749840e-03
time: 9.749840e-03
time: 9.749840e-03
time: 9.749840e-03
time: 9.749840e-03
time: 9.749840e-03
time: 9.749840e-03
time: 9.749840e-03
time: 9.749840e-03
time: 9.749840e-03
time: 9.749840e-03
time: 9.749840e-03
time: 9.749840e-03
time: 9.749840e-03
time: 9.749840e-03
time: 9.749840e-03
time: 9.749840e-03
time: 9.749840e-03
time: 9.749840e-03
time: 9.749840e-03
time: 9.749840e-03
time: 9.749840e-03
time: 9.749840e-03
time: 9.749840e-03
time: 9.749840e-03
time: 9.749840e-03
time: 9.749840e-03
time: 9.749840e-03
time: 9.749840e-03
time: 9.749840e-03
time: 9.749840e-03
time: 9.749840e-03
time: 9.749840e-03
time: 9.749840e-03
time: 9.749840e-03
time: 9.749840e-03
time: 9.749840e-03
time: 9.749840e-03
time: 9.749840e-03
time: 9.749840e-03
time: 9.749840e-03
time: 9.749840e-03
time: 9.749840e-03
time: 9.749840e-03
time: 9.749840e-03
time: 9.749840e-03
time: 9.749840e-03
time: 9.749840e-03
time: 9.800307e-03
time: 9.850774e-03
time: 9.901240e-03
time: 9.951707e-03
time: 1.005264e-02
time: 1.015357e-02
time: 1.025451e-02
time: 1.035544e-02
time: 1.045637e-02
time: 1.065824e-02
time: 1.086011e-02
time: 1.106197e-02
time: 1.126384e-02
time: 1.146570e-02
time: 1.176741e-02
time: 1.206912e-02
time: 1.237083e-02
time: 1.267254e-02
time: 1.297425e-02
time: 1.327596e-02
time: 1.327596e-02
time: 1.357767e-02
time: 1.387937e-02
time: 1.418108e-02
time: 1.418108e-02
time: 1.448279e-02
time: 1.448279e-02
time: 1.448279e-02
time: 1.448279e-02
time: 1.448279e-02
time: 1.425651e-02
time: 1.425651e-02
time: 1.425651e-02
time: 1.425651e-02
time: 1.425651e-02
time: 1.425651e-02
time: 1.425651e-02
time: 1.425651e-02
time: 1.425651e-02
time: 1.425651e-02
time: 1.425651e-02
time: 1.425651e-02
time: 1.425651e-02
time: 1.425651e-02
time: 1.425651e-02
time: 1.425651e-02
time: 1.425651e-02
time: 1.425651e-02
time: 1.425651e-02
time: 1.425651e-02
time: 1.425651e-02
time: 1.425651e-02
time: 1.425651e-02
time: 1.425651e-02
time: 1.425651e-02
time: 1.425651e-02
time: 1.425651e-02
time: 1.425651e-02
time: 1.425651e-02
time: 1.425651e-02
time: 1.425651e-02
time: 1.425651e-02
time: 1.425651e-02
time: 1.425651e-02
time: 1.425651e-02
time: 1.425651e-02
time: 1.425651e-02
time: 1.425651e-02
time: 1.425651e-02
time: 1.425651e-02
time: 1.425651e-02
time: 1.425651e-02
time: 1.425651e-02
time: 1.425651e-02
time: 1.425651e-02
time: 1.425651e-02
time: 1.425651e-02
time: 1.425651e-02
time: 1.425651e-02
time: 1.425651e-02
time: 1.425651e-02
time: 1.425651e-02
time: 1.425651e-02
time: 1.425651e-02
time: 1.425651e-02
time: 1.433194e-02
time: 1.440736e-02
time: 1.448279e-02
time: 1.455822e-02
time: 1.470907e-02
time: 1.485993e-02
time: 1.501078e-02
time: 1.516164e-02
time: 1.531249e-02
time: 1.561420e-02
time: 1.591591e-02
time: 1.621762e-02
time: 1.651932e-02
time: 1.682103e-02
time: 1.727243e-02
time: 1.772383e-02
time: 1.817523e-02
time: 1.862662e-02
time: 1.907802e-02
time: 1.952942e-02
time: 1.998082e-02
time: 1.998082e-02
time: 2.043221e-02
time: 2.043221e-02
time: 2.098654e-02
time: 2.098654e-02
time: 2.154087e-02
time: 2.209519e-02
time: 2.209519e-02
time: 2.264952e-02
time: 2.264952e-02
time: 2.320384e-02
time: 2.320384e-02
time: 2.320384e-02
time: 2.375817e-02
time: 2.375817e-02
time: 2.431249e-02
time: 2.431249e-02
time: 2.486682e-02
time: 2.486682e-02
time: 2.542115e-02
time: 2.542115e-02
time: 2.542115e-02
time: 2.597547e-02
time: 2.597547e-02
time: 2.652980e-02
time: 2.652980e-02
time: 2.708412e-02
time: 2.708412e-02
time: 2.776859e-02
time: 2.776859e-02
time: 2.776859e-02
time: 2.845306e-02
time: 2.845306e-02
time: 2.913754e-02
time: 2.913754e-02
time: 2.982201e-02
time: 2.982201e-02
time: 3.050648e-02
time: 3.050648e-02
time: 3.050648e-02
time: 3.119095e-02
time: 3.119095e-02
time: 3.187542e-02
time: 3.187542e-02
time: 3.255989e-02
time: 3.255989e-02
time: 3.324436e-02
time: 3.324436e-02
time: 3.412687e-02
time: 3.500938e-02
time: 3.500938e-02
time: 3.589189e-02
time: 3.589189e-02
time: 3.589189e-02
time: 3.589189e-02
time: 3.589189e-02
time: 3.523000e-02
time: 3.523000e-02
time: 3.523000e-02
time: 3.523000e-02
time: 3.523000e-02
time: 3.523000e-02
time: 3.523000e-02
time: 3.523000e-02
time: 3.523000e-02
time: 3.523000e-02
time: 3.523000e-02
time: 3.523000e-02
time: 3.523000e-02
time: 3.523000e-02
time: 3.523000e-02
time: 3.523000e-02
time: 3.523000e-02
time: 3.523000e-02
time: 3.523000e-02
time: 3.523000e-02
time: 3.523000e-02
time: 3.523000e-02
time: 3.523000e-02
time: 3.523000e-02
time: 3.523000e-02
time: 3.523000e-02
time: 3.523000e-02
time: 3.523000e-02
time: 3.523000e-02
time: 3.523000e-02
time: 3.523000e-02
time: 3.523000e-02
time: 3.523000e-02
time: 3.523000e-02
time: 3.523000e-02
time: 3.523000e-02
time: 3.523000e-02
time: 3.523000e-02
time: 3.523000e-02
time: 3.523000e-02
time: 3.523000e-02
time: 3.523000e-02
time: 3.523000e-02
time: 3.523000e-02
time: 3.523000e-02
time: 3.523000e-02
time: 3.523000e-02
time: 3.523000e-02
time: 3.523000e-02
time: 3.523000e-02
time: 3.523000e-02
time: 3.523000e-02
time: 3.523000e-02
time: 3.523000e-02
time: 3.523000e-02
time: 3.545063e-02
time: 3.567126e-02
time: 3.589189e-02
time: 3.611251e-02
time: 3.655377e-02
time: 3.699502e-02
time: 3.743627e-02
time: 3.787753e-02
time: 3.831878e-02
time: 3.920129e-02
time: 4.008380e-02
time: 4.096631e-02
time: 4.184881e-02
time: 4.273132e-02
time: 4.391546e-02
time: 4.509960e-02
time: 4.628375e-02
time: 4.746789e-02
time: 4.865203e-02
time: 4.983617e-02
time: 5.102031e-02
time: 5.244601e-02
time: 5.387170e-02
time: 5.529740e-02
time: 5.672310e-02
time: 5.814879e-02
time: 5.957449e-02
time: 6.100019e-02
time: 6.272965e-02
time: 6.445912e-02
time: 6.618858e-02
time: 6.791804e-02
time: 6.964751e-02
time: 7.137697e-02
time: 7.310644e-02
time: 7.483590e-02
time: 7.656536e-02
time: 7.656536e-02
time: 7.829483e-02
time: 8.002429e-02
time: 8.002429e-02
time: 8.175376e-02
time: 8.175376e-02
time: 8.348322e-02
time: 8.560988e-02
time: 8.773654e-02
time: 8.986320e-02
time: 9.198986e-02
time: 9.411652e-02
time: 9.411652e-02
time: 9.624318e-02
time: 9.624318e-02
time: 9.624318e-02
time: 9.836984e-02
time: 9.836984e-02
time: 1.004965e-01
time: 1.004965e-01
time: 1.026232e-01
time: 1.047498e-01
time: 1.047498e-01
time: 1.068765e-01
time: 1.068765e-01
time: 1.068765e-01
time: 1.090031e-01
time: 1.090031e-01
time: 1.090031e-01
time: 1.090031e-01
time: 1.090031e-01
time: 1.074081e-01
time: 1.074081e-01
time: 1.074081e-01
time: 1.074081e-01
time: 1.074081e-01
time: 1.074081e-01
time: 1.074081e-01
time: 1.074081e-01
time: 1.074081e-01
time: 1.074081e-01
time: 1.074081e-01
time: 1.074081e-01
time: 1.074081e-01
time: 1.074081e-01
time: 1.074081e-01
time: 1.074081e-01
time: 1.074081e-01
time: 1.074081e-01
time: 1.074081e-01
time: 1.074081e-01
time: 1.074081e-01
time: 1.074081e-01
time: 1.074081e-01
time: 1.074081e-01
time: 1.074081e-01
time: 1.074081e-01
time: 1.074081e-01
time: 1.074081e-01
time: 1.074081e-01
time: 1.074081e-01
time: 1.074081e-01
time: 1.074081e-01
time: 1.074081e-01
time: 1.074081e-01
time: 1.074081e-01
time: 1.074081e-01
time: 1.074081e-01
time: 1.074081e-01
time: 1.074081e-01
time: 1.074081e-01
time: 1.074081e-01
time: 1.074081e-01
time: 1.074081e-01
time: 1.074081e-01
time: 1.074081e-01
time: 1.074081e-01
time: 1.074081e-01
time: 1.074081e-01
time: 1.074081e-01
time: 1.074081e-01
time: 1.074081e-01
time: 1.074081e-01
time: 1.074081e-01
time: 1.074081e-01
time: 1.074081e-01
time: 1.079398e-01
time: 1.084715e-01
time: 1.090031e-01
time: 1.095348e-01
time: 1.105981e-01
time: 1.116615e-01
time: 1.127248e-01
time: 1.137881e-01
time: 1.159148e-01
time: 1.180414e-01
time: 1.201681e-01
time: 1.222948e-01
time: 1.244214e-01
time: 1.276887e-01
time: 1.309559e-01
time: 1.342232e-01
time: 1.374905e-01
time: 1.407577e-01
time: 1.440250e-01
time: 1.472922e-01
time: 1.512847e-01
time: 1.552772e-01
time: 1.592697e-01
time: 1.632622e-01
time: 1.672546e-01
time: 1.712471e-01
time: 1.752396e-01
time: 1.792321e-01
time: 1.840693e-01
time: 1.889065e-01
time: 1.937437e-01
time: 1.985809e-01
time: 2.034181e-01
time: 2.082553e-01
time: 2.130925e-01
time: 2.190392e-01
time: 2.249859e-01
time: 2.309326e-01
time: 2.368792e-01
time: 2.428259e-01
time: 2.487726e-01
time: 2.547193e-01
time: 2.606660e-01
time: 2.606660e-01
time: 2.666126e-01
time: 2.740317e-01
time: 2.814508e-01
time: 2.814508e-01
time: 2.888699e-01
time: 2.888699e-01
time: 2.962890e-01
time: 3.037080e-01
time: 3.111271e-01
time: 3.111271e-01
time: 3.185462e-01
time: 3.185462e-01
time: 3.259653e-01
time: 3.352046e-01
time: 3.444438e-01
time: 3.444438e-01
time: 3.536831e-01
time: 3.536831e-01
time: 3.629224e-01
time: 3.629224e-01
time: 3.721616e-01
time: 3.721616e-01
time: 3.814009e-01
time: 3.814009e-01
time: 3.906402e-01
time: 3.906402e-01
time: 3.998795e-01
time: 3.998795e-01
time: 4.091187e-01
time: 4.091187e-01
time: 4.183580e-01
time: 4.183580e-01
time: 4.275973e-01
time: 4.275973e-01
time: 4.368366e-01
time: 4.368366e-01
time: 4.460758e-01
time: 4.460758e-01
time: 4.553151e-01
time: 4.553151e-01
time: 4.645544e-01
time: 4.645544e-01
time: 4.737937e-01
time: 4.737937e-01
time: 4.830329e-01
time: 4.830329e-01
time: 4.922722e-01
time: 4.922722e-01
time: 5.015115e-01
time: 5.015115e-01
time: 5.107508e-01
time: 5.107508e-01
time: 5.199900e-01
time: 5.199900e-01
time: 5.292293e-01
time: 5.292293e-01
time: 5.292293e-01
time: 5.384686e-01
time: 5.384686e-01
time: 5.384686e-01
time: 5.384686e-01
time: 5.384686e-01
time: 5.384686e-01
time: 5.384686e-01
time: 5.384686e-01
time: 5.384686e-01
time: 5.384686e-01
time: 5.384686e-01
time: 5.384686e-01
time: 5.384686e-01
time: 5.384686e-01
time: 5.384686e-01
time: 5.384686e-01
time: 5.384686e-01
time: 5.384686e-01
time: 5.384686e-01
time: 5.384686e-01
time: 5.384686e-01
time: 5.384686e-01
time: 5.384686e-01
time: 5.384686e-01
time: 5.384686e-01
time: 5.384686e-01
time: 5.384686e-01
time: 5.384686e-01
time: 5.384686e-01
time: 5.384686e-01
time: 5.384686e-01
time: 5.384686e-01
time: 5.384686e-01
time: 5.384686e-01
time: 5.384686e-01
time: 5.384686e-01
time: 5.384686e-01
time: 5.384686e-01
time: 5.384686e-01
time: 5.384686e-01
time: 5.384686e-01
time: 5.384686e-01
time: 5.384686e-01
time: 5.384686e-01
time: 5.384686e-01
time: 5.384686e-01
time: 5.384686e-01
time: 5.384686e-01
time: 5.384686e-01
time: 5.384686e-01
time: 5.384686e-01
time: 5.384686e-01
time: 5.384686e-01
time: 5.384686e-01
time: 5.384686e-01
time: 5.384686e-01
time: 5.477078e-01
time: 5.477078e-01
time: 5.569471e-01
time: 5.569471e-01
time: 5.714392e-01
time: 5.859313e-01
time: 6.004234e-01
time: 6.149155e-01
time: 6.438997e-01
time: 6.728839e-01
time: 7.018681e-01
time: 7.308524e-01
time: 7.888208e-01
time: 8.467892e-01
time: 9.047576e-01
time: 1.000000e+00
Number of steps: 653, current time 1.000000

==== Status of problem ====

Parser configured
Database configured
Mixture configured
Solution configured
Solver configured
Problem solved

==== END of Status ====

ULF run took 17.80 s

==== ULF END ====
