# RUNNING VERSION '1.07-1'
+==========================================================================================================+
|                                                                                                          |
|                                                                                              #           |
|                                                                                             ##           |
|                                                                                            ###           |
|                                                                                          ####            |
|                                                          TU Freiberg                    ######           |
|                                                          Chair of Numerical            #### ##           |
|                                                          Thermo-Fluid-Dynamics         ########          |
|        Universal Laminar Flame Solver                                                  #### #####        |
|                                                                                          ##########      |
|                                                                                                #####     |
|                            ###    ##########             ####  ################################# ###     |
|                           ####  ####                    #####     ####   ####          ######### ###     |
|                          ####  ####                    ######     ###   ###                  ### ###     |
|         ####      ####  ################              ###  ###   ###   #########   ###       ### ##      |
|        ####      ####  ################              ###   ###  ###   ########    ###       ### ###      |
|       ####       ###  #### ####                     ###    ### ###   ###         ##       ### ###        |
|       #####   #####  #### ####                     ###      #####   ###         ###    ##### ###         |
|        ##########   ####  ###                     ###       #############      ########## #####          |
|                                                        #######################################           |
|                                                      ###               #####################             |
|                                                                             ############                 |
|                                                                                                          |
+==========================================================================================================+
                                                                                                            
ULF run at Tue Sep 15 21:52:14 2015



==== Status of problem ====

Parser configured
Database configured
Mixture configured
Solution configured
Solver configured
Problem NOT solved

==== END of Status ====
time: 0.000000e+00
time: 3.203307e-11
time: 3.203307e-11
time: 3.203307e-11
time: 3.203307e-11
time: 3.203307e-11
time: 3.203307e-11
time: 3.203307e-11
time: 3.203307e-11
time: 3.203307e-11
time: 3.203307e-11
time: 3.203307e-11
time: 3.203307e-11
time: 3.203307e-11
time: 3.203307e-11
time: 3.203307e-11
time: 3.203307e-11
time: 3.203307e-11
time: 3.203307e-11
time: 3.203307e-11
time: 3.203307e-11
time: 3.203307e-11
time: 3.203307e-11
time: 3.203307e-11
time: 3.203307e-11
time: 3.203307e-11
time: 3.203307e-11
time: 3.203307e-11
time: 3.203307e-11
time: 3.203307e-11
time: 3.203307e-11
time: 3.203307e-11
time: 3.203307e-11
time: 3.203307e-11
time: 3.203307e-11
time: 3.203307e-11
time: 3.203307e-11
time: 3.203307e-11
time: 3.203307e-11
time: 3.203307e-11
time: 3.203307e-11
time: 3.203307e-11
time: 3.203307e-11
time: 3.203307e-11
time: 3.203307e-11
time: 3.203307e-11
time: 3.203307e-11
time: 3.203307e-11
time: 3.203307e-11
time: 3.203307e-11
time: 3.203307e-11
time: 3.203307e-11
time: 3.203307e-11
time: 3.203307e-11
time: 3.203307e-11
time: 3.203307e-11
time: 6.406615e-11
time: 9.609922e-11
time: 2.177336e-08
time: 2.177336e-08
time: 4.345062e-08
time: 6.512788e-08
time: 1.419066e-07
time: 2.186853e-07
time: 2.954640e-07
time: 3.722427e-07
time: 5.030928e-07
time: 6.339429e-07
time: 7.647930e-07
time: 8.956431e-07
time: 1.181428e-06
time: 1.181428e-06
time: 1.467213e-06
time: 1.467213e-06
time: 1.752998e-06
time: 1.752998e-06
time: 2.038783e-06
time: 2.324568e-06
time: 2.671010e-06
time: 3.017452e-06
time: 3.363894e-06
time: 3.710336e-06
time: 4.056778e-06
time: 4.491036e-06
time: 4.925294e-06
time: 5.359551e-06
time: 5.793809e-06
time: 6.228067e-06
time: 6.765429e-06
time: 7.302790e-06
time: 7.840152e-06
time: 8.377514e-06
time: 8.914876e-06
time: 9.597274e-06
time: 1.027967e-05
time: 1.096207e-05
time: 1.164447e-05
time: 1.232687e-05
time: 1.318962e-05
time: 1.405237e-05
time: 1.491513e-05
time: 1.577788e-05
time: 1.664064e-05
time: 1.771785e-05
time: 1.879507e-05
time: 1.987229e-05
time: 2.094951e-05
time: 2.202673e-05
time: 2.336009e-05
time: 2.469346e-05
time: 2.602683e-05
time: 2.736020e-05
time: 2.869356e-05
time: 3.032789e-05
time: 3.196222e-05
time: 3.359655e-05
time: 3.523087e-05
time: 3.686520e-05
time: 3.885138e-05
time: 4.083756e-05
time: 4.282374e-05
time: 4.480991e-05
time: 4.679609e-05
time: 4.919110e-05
time: 5.158611e-05
time: 5.398112e-05
time: 5.637612e-05
time: 5.877113e-05
time: 6.116614e-05
time: 6.413484e-05
time: 6.710354e-05
time: 7.007224e-05
time: 7.304094e-05
time: 7.304094e-05
time: 7.600963e-05
time: 7.897833e-05
time: 7.897833e-05
time: 8.194703e-05
time: 8.491573e-05
time: 8.491573e-05
time: 8.491573e-05
time: 8.491573e-05
time: 8.788443e-05
time: 9.085313e-05
time: 9.445370e-05
time: 9.805427e-05
time: 9.805427e-05
time: 1.016548e-04
time: 1.052554e-04
time: 1.052554e-04
time: 1.052554e-04
time: 1.052554e-04
time: 1.052554e-04
time: 1.025550e-04
time: 1.025550e-04
time: 1.025550e-04
time: 1.025550e-04
time: 1.025550e-04
time: 1.025550e-04
time: 1.025550e-04
time: 1.025550e-04
time: 1.025550e-04
time: 1.025550e-04
time: 1.025550e-04
time: 1.025550e-04
time: 1.025550e-04
time: 1.025550e-04
time: 1.025550e-04
time: 1.025550e-04
time: 1.025550e-04
time: 1.025550e-04
time: 1.025550e-04
time: 1.025550e-04
time: 1.025550e-04
time: 1.025550e-04
time: 1.025550e-04
time: 1.025550e-04
time: 1.025550e-04
time: 1.025550e-04
time: 1.025550e-04
time: 1.025550e-04
time: 1.025550e-04
time: 1.025550e-04
time: 1.025550e-04
time: 1.025550e-04
time: 1.025550e-04
time: 1.025550e-04
time: 1.025550e-04
time: 1.025550e-04
time: 1.025550e-04
time: 1.025550e-04
time: 1.025550e-04
time: 1.025550e-04
time: 1.025550e-04
time: 1.025550e-04
time: 1.025550e-04
time: 1.025550e-04
time: 1.025550e-04
time: 1.025550e-04
time: 1.025550e-04
time: 1.025550e-04
time: 1.025550e-04
time: 1.025550e-04
time: 1.025550e-04
time: 1.025550e-04
time: 1.025550e-04
time: 1.025550e-04
time: 1.025550e-04
time: 1.034551e-04
time: 1.043553e-04
time: 1.052554e-04
time: 1.061556e-04
time: 1.079558e-04
time: 1.097561e-04
time: 1.115564e-04
time: 1.133567e-04
time: 1.169573e-04
time: 1.169573e-04
time: 1.205578e-04
time: 1.241584e-04
time: 1.277590e-04
time: 1.313596e-04
time: 1.366201e-04
time: 1.418807e-04
time: 1.471413e-04
time: 1.524018e-04
time: 1.576624e-04
time: 1.629230e-04
time: 1.693592e-04
time: 1.757954e-04
time: 1.822316e-04
time: 1.886678e-04
time: 1.951040e-04
time: 2.015402e-04
time: 2.079764e-04
time: 2.157899e-04
time: 2.236034e-04
time: 2.314168e-04
time: 2.392303e-04
time: 2.470438e-04
time: 2.548572e-04
time: 2.626707e-04
time: 2.720547e-04
time: 2.814388e-04
time: 2.908228e-04
time: 2.908228e-04
time: 3.002068e-04
time: 3.095908e-04
time: 3.189748e-04
time: 3.189748e-04
time: 3.283588e-04
time: 3.377429e-04
time: 3.377429e-04
time: 3.377429e-04
time: 3.471269e-04
time: 3.471269e-04
time: 3.471269e-04
time: 3.471269e-04
time: 3.565109e-04
time: 3.680211e-04
time: 3.680211e-04
time: 3.680211e-04
time: 3.680211e-04
time: 3.795313e-04
time: 3.795313e-04
time: 3.795313e-04
time: 3.795313e-04
time: 3.910415e-04
time: 3.910415e-04
time: 4.025517e-04
time: 4.025517e-04
time: 4.025517e-04
time: 4.025517e-04
time: 4.025517e-04
time: 3.939190e-04
time: 3.939190e-04
time: 3.939190e-04
time: 3.939190e-04
time: 3.939190e-04
time: 3.939190e-04
time: 3.939190e-04
time: 3.939190e-04
time: 3.939190e-04
time: 3.939190e-04
time: 3.939190e-04
time: 3.939190e-04
time: 3.939190e-04
time: 3.939190e-04
time: 3.939190e-04
time: 3.939190e-04
time: 3.939190e-04
time: 3.939190e-04
time: 3.939190e-04
time: 3.939190e-04
time: 3.939190e-04
time: 3.939190e-04
time: 3.939190e-04
time: 3.939190e-04
time: 3.939190e-04
time: 3.939190e-04
time: 3.939190e-04
time: 3.939190e-04
time: 3.939190e-04
time: 3.939190e-04
time: 3.939190e-04
time: 3.939190e-04
time: 3.939190e-04
time: 3.939190e-04
time: 3.939190e-04
time: 3.939190e-04
time: 3.939190e-04
time: 3.939190e-04
time: 3.939190e-04
time: 3.939190e-04
time: 3.939190e-04
time: 3.939190e-04
time: 3.939190e-04
time: 3.939190e-04
time: 3.939190e-04
time: 3.939190e-04
time: 3.939190e-04
time: 3.939190e-04
time: 3.939190e-04
time: 3.939190e-04
time: 3.939190e-04
time: 3.939190e-04
time: 3.939190e-04
time: 3.939190e-04
time: 3.939190e-04
time: 3.967966e-04
time: 3.996741e-04
time: 4.025517e-04
time: 4.054292e-04
time: 4.111843e-04
time: 4.169394e-04
time: 4.226945e-04
time: 4.284496e-04
time: 4.342047e-04
time: 4.457149e-04
time: 4.572251e-04
time: 4.687353e-04
time: 4.802455e-04
time: 4.917557e-04
time: 5.147761e-04
time: 5.147761e-04
time: 5.377965e-04
time: 5.608169e-04
time: 5.608169e-04
time: 5.838373e-04
time: 5.838373e-04
time: 6.068577e-04
time: 6.298781e-04
time: 6.596781e-04
time: 6.894781e-04
time: 7.192781e-04
time: 7.192781e-04
time: 7.490780e-04
time: 7.788780e-04
time: 8.086780e-04
time: 8.384780e-04
time: 8.384780e-04
time: 8.682780e-04
time: 8.682780e-04
time: 8.980780e-04
time: 8.980780e-04
time: 9.278780e-04
time: 9.278780e-04
time: 9.576780e-04
time: 9.874780e-04
time: 9.874780e-04
time: 1.017278e-03
time: 1.017278e-03
time: 1.017278e-03
time: 1.047078e-03
time: 1.047078e-03
time: 1.047078e-03
time: 1.047078e-03
time: 1.047078e-03
time: 1.024728e-03
time: 1.024728e-03
time: 1.024728e-03
time: 1.024728e-03
time: 1.024728e-03
time: 1.024728e-03
time: 1.024728e-03
time: 1.024728e-03
time: 1.024728e-03
time: 1.024728e-03
time: 1.024728e-03
time: 1.024728e-03
time: 1.024728e-03
time: 1.024728e-03
time: 1.024728e-03
time: 1.024728e-03
time: 1.024728e-03
time: 1.024728e-03
time: 1.024728e-03
time: 1.024728e-03
time: 1.024728e-03
time: 1.024728e-03
time: 1.024728e-03
time: 1.024728e-03
time: 1.024728e-03
time: 1.024728e-03
time: 1.024728e-03
time: 1.024728e-03
time: 1.024728e-03
time: 1.024728e-03
time: 1.024728e-03
time: 1.024728e-03
time: 1.024728e-03
time: 1.024728e-03
time: 1.024728e-03
time: 1.024728e-03
time: 1.024728e-03
time: 1.024728e-03
time: 1.024728e-03
time: 1.024728e-03
time: 1.024728e-03
time: 1.024728e-03
time: 1.024728e-03
time: 1.024728e-03
time: 1.024728e-03
time: 1.024728e-03
time: 1.024728e-03
time: 1.024728e-03
time: 1.024728e-03
time: 1.024728e-03
time: 1.024728e-03
time: 1.024728e-03
time: 1.024728e-03
time: 1.024728e-03
time: 1.024728e-03
time: 1.032178e-03
time: 1.039628e-03
time: 1.047078e-03
time: 1.054528e-03
time: 1.061978e-03
time: 1.076878e-03
time: 1.091778e-03
time: 1.106678e-03
time: 1.121578e-03
time: 1.136478e-03
time: 1.163832e-03
time: 1.191187e-03
time: 1.218541e-03
time: 1.218541e-03
time: 1.245895e-03
time: 1.245895e-03
time: 1.273250e-03
time: 1.300604e-03
time: 1.327959e-03
time: 1.355313e-03
time: 1.382667e-03
time: 1.410022e-03
time: 1.437376e-03
time: 1.464730e-03
time: 1.492085e-03
time: 1.519439e-03
time: 1.546793e-03
time: 1.546793e-03
time: 1.574148e-03
time: 1.574148e-03
time: 1.574148e-03
time: 1.574148e-03
time: 1.574148e-03
time: 1.553632e-03
time: 1.553632e-03
time: 1.553632e-03
time: 1.553632e-03
time: 1.553632e-03
time: 1.553632e-03
time: 1.553632e-03
time: 1.553632e-03
time: 1.553632e-03
time: 1.553632e-03
time: 1.553632e-03
time: 1.553632e-03
time: 1.553632e-03
time: 1.553632e-03
time: 1.553632e-03
time: 1.553632e-03
time: 1.553632e-03
time: 1.553632e-03
time: 1.553632e-03
time: 1.553632e-03
time: 1.553632e-03
time: 1.553632e-03
time: 1.553632e-03
time: 1.553632e-03
time: 1.553632e-03
time: 1.553632e-03
time: 1.553632e-03
time: 1.553632e-03
time: 1.553632e-03
time: 1.553632e-03
time: 1.553632e-03
time: 1.553632e-03
time: 1.553632e-03
time: 1.553632e-03
time: 1.553632e-03
time: 1.553632e-03
time: 1.553632e-03
time: 1.553632e-03
time: 1.553632e-03
time: 1.553632e-03
time: 1.553632e-03
time: 1.553632e-03
time: 1.553632e-03
time: 1.553632e-03
time: 1.553632e-03
time: 1.553632e-03
time: 1.553632e-03
time: 1.553632e-03
time: 1.553632e-03
time: 1.553632e-03
time: 1.553632e-03
time: 1.553632e-03
time: 1.553632e-03
time: 1.553632e-03
time: 1.553632e-03
time: 1.560471e-03
time: 1.567309e-03
time: 1.574148e-03
time: 1.580986e-03
time: 1.594664e-03
time: 1.608341e-03
time: 1.622018e-03
time: 1.635695e-03
time: 1.663050e-03
time: 1.663050e-03
time: 1.690404e-03
time: 1.717758e-03
time: 1.745113e-03
time: 1.772467e-03
time: 1.807983e-03
time: 1.843498e-03
time: 1.879014e-03
time: 1.914530e-03
time: 1.950046e-03
time: 1.985561e-03
time: 2.021077e-03
time: 2.056593e-03
time: 2.092108e-03
time: 2.127624e-03
time: 2.163140e-03
time: 2.206305e-03
time: 2.206305e-03
time: 2.249470e-03
time: 2.249470e-03
time: 2.292635e-03
time: 2.292635e-03
time: 2.335800e-03
time: 2.335800e-03
time: 2.378965e-03
time: 2.378965e-03
time: 2.422130e-03
time: 2.422130e-03
time: 2.422130e-03
time: 2.422130e-03
time: 2.422130e-03
time: 2.389756e-03
time: 2.389756e-03
time: 2.389756e-03
time: 2.389756e-03
time: 2.389756e-03
time: 2.389756e-03
time: 2.389756e-03
time: 2.389756e-03
time: 2.389756e-03
time: 2.389756e-03
time: 2.389756e-03
time: 2.389756e-03
time: 2.389756e-03
time: 2.389756e-03
time: 2.389756e-03
time: 2.389756e-03
time: 2.389756e-03
time: 2.389756e-03
time: 2.389756e-03
time: 2.389756e-03
time: 2.389756e-03
time: 2.389756e-03
time: 2.389756e-03
time: 2.389756e-03
time: 2.389756e-03
time: 2.389756e-03
time: 2.389756e-03
time: 2.389756e-03
time: 2.389756e-03
time: 2.389756e-03
time: 2.389756e-03
time: 2.389756e-03
time: 2.389756e-03
time: 2.389756e-03
time: 2.389756e-03
time: 2.389756e-03
time: 2.389756e-03
time: 2.389756e-03
time: 2.389756e-03
time: 2.389756e-03
time: 2.389756e-03
time: 2.389756e-03
time: 2.389756e-03
time: 2.389756e-03
time: 2.389756e-03
time: 2.389756e-03
time: 2.389756e-03
time: 2.389756e-03
time: 2.389756e-03
time: 2.389756e-03
time: 2.389756e-03
time: 2.389756e-03
time: 2.389756e-03
time: 2.389756e-03
time: 2.389756e-03
time: 2.389756e-03
time: 2.382068e-03
time: 2.382068e-03
time: 2.385172e-03
time: 2.385172e-03
time: 2.388275e-03
time: 2.388275e-03
time: 2.391379e-03
time: 2.391379e-03
time: 2.397586e-03
time: 2.403793e-03
time: 2.410000e-03
time: 2.416206e-03
time: 2.428620e-03
time: 2.441034e-03
time: 2.453448e-03
time: 2.465862e-03
time: 2.490690e-03
time: 2.515518e-03
time: 2.540346e-03
time: 2.565173e-03
time: 2.590001e-03
time: 2.637917e-03
time: 2.685833e-03
time: 2.733748e-03
time: 2.781664e-03
time: 2.829580e-03
time: 2.877495e-03
time: 2.925411e-03
time: 2.973326e-03
time: 3.021242e-03
time: 3.078757e-03
time: 3.136271e-03
time: 3.136271e-03
time: 3.193786e-03
time: 3.193786e-03
time: 3.193786e-03
time: 3.193786e-03
time: 3.193786e-03
time: 3.150650e-03
time: 3.150650e-03
time: 3.150650e-03
time: 3.150650e-03
time: 3.150650e-03
time: 3.150650e-03
time: 3.150650e-03
time: 3.150650e-03
time: 3.150650e-03
time: 3.150650e-03
time: 3.150650e-03
time: 3.150650e-03
time: 3.150650e-03
time: 3.150650e-03
time: 3.150650e-03
time: 3.150650e-03
time: 3.150650e-03
time: 3.150650e-03
time: 3.150650e-03
time: 3.150650e-03
time: 3.150650e-03
time: 3.150650e-03
time: 3.150650e-03
time: 3.150650e-03
time: 3.150650e-03
time: 3.150650e-03
time: 3.150650e-03
time: 3.150650e-03
time: 3.150650e-03
time: 3.150650e-03
time: 3.150650e-03
time: 3.150650e-03
time: 3.150650e-03
time: 3.150650e-03
time: 3.150650e-03
time: 3.150650e-03
time: 3.150650e-03
time: 3.150650e-03
time: 3.150650e-03
time: 3.150650e-03
time: 3.150650e-03
time: 3.150650e-03
time: 3.150650e-03
time: 3.150650e-03
time: 3.150650e-03
time: 3.150650e-03
time: 3.150650e-03
time: 3.150650e-03
time: 3.150650e-03
time: 3.150650e-03
time: 3.150650e-03
time: 3.150650e-03
time: 3.150650e-03
time: 3.150650e-03
time: 3.150650e-03
time: 3.165028e-03
time: 3.179407e-03
time: 3.193786e-03
time: 3.208164e-03
time: 3.236377e-03
time: 3.264589e-03
time: 3.264589e-03
time: 3.292801e-03
time: 3.292801e-03
time: 3.321014e-03
time: 3.321014e-03
time: 3.377439e-03
time: 3.377439e-03
time: 3.433863e-03
time: 3.433863e-03
time: 3.490288e-03
time: 3.490288e-03
time: 3.546713e-03
time: 3.546713e-03
time: 3.603138e-03
time: 3.659563e-03
time: 3.727880e-03
time: 3.796197e-03
time: 3.796197e-03
time: 3.864514e-03
time: 3.864514e-03
time: 3.932831e-03
time: 4.001148e-03
time: 4.069465e-03
time: 4.137782e-03
time: 4.206099e-03
time: 4.274416e-03
time: 4.342733e-03
time: 4.411050e-03
time: 4.479367e-03
time: 4.562499e-03
time: 4.562499e-03
time: 4.645631e-03
time: 4.645631e-03
time: 4.728762e-03
time: 4.728762e-03
time: 4.811894e-03
time: 4.811894e-03
time: 4.895025e-03
time: 4.895025e-03
time: 4.978157e-03
time: 4.978157e-03
time: 5.061288e-03
time: 5.061288e-03
time: 5.144420e-03
time: 5.144420e-03
time: 5.227551e-03
time: 5.227551e-03
time: 5.310683e-03
time: 5.310683e-03
time: 5.310683e-03
time: 5.310683e-03
time: 5.269117e-03
time: 5.310683e-03
time: 5.352249e-03
time: 5.352249e-03
time: 5.393814e-03
time: 5.393814e-03
time: 5.393814e-03
time: 5.393814e-03
time: 5.393814e-03
time: 5.362640e-03
time: 5.362640e-03
time: 5.362640e-03
time: 5.362640e-03
time: 5.362640e-03
time: 5.362640e-03
time: 5.362640e-03
time: 5.362640e-03
time: 5.362640e-03
time: 5.362640e-03
time: 5.362640e-03
time: 5.362640e-03
time: 5.362640e-03
time: 5.362640e-03
time: 5.362640e-03
time: 5.362640e-03
time: 5.362640e-03
time: 5.362640e-03
time: 5.362640e-03
time: 5.362640e-03
time: 5.362640e-03
time: 5.362640e-03
time: 5.362640e-03
time: 5.362640e-03
time: 5.362640e-03
time: 5.362640e-03
time: 5.362640e-03
time: 5.362640e-03
time: 5.362640e-03
time: 5.362640e-03
time: 5.362640e-03
time: 5.362640e-03
time: 5.362640e-03
time: 5.362640e-03
time: 5.362640e-03
time: 5.362640e-03
time: 5.362640e-03
time: 5.362640e-03
time: 5.362640e-03
time: 5.362640e-03
time: 5.362640e-03
time: 5.362640e-03
time: 5.362640e-03
time: 5.362640e-03
time: 5.362640e-03
time: 5.362640e-03
time: 5.362640e-03
time: 5.362640e-03
time: 5.362640e-03
time: 5.362640e-03
time: 5.362640e-03
time: 5.362640e-03
time: 5.362640e-03
time: 5.362640e-03
time: 5.362640e-03
time: 5.373031e-03
time: 5.383423e-03
time: 5.393814e-03
time: 5.404206e-03
time: 5.424989e-03
time: 5.445772e-03
time: 5.466554e-03
time: 5.487337e-03
time: 5.528903e-03
time: 5.570469e-03
time: 5.612035e-03
time: 5.653600e-03
time: 5.736209e-03
time: 5.736209e-03
time: 5.818819e-03
time: 5.901428e-03
time: 5.901428e-03
time: 5.984037e-03
time: 6.066646e-03
time: 6.149255e-03
time: 6.231864e-03
time: 6.231864e-03
time: 6.314473e-03
time: 6.314473e-03
time: 6.397082e-03
time: 6.397082e-03
time: 6.479691e-03
time: 6.562300e-03
time: 6.676513e-03
time: 6.790725e-03
time: 6.904938e-03
time: 7.019150e-03
time: 7.133363e-03
time: 7.133363e-03
time: 7.133363e-03
time: 7.133363e-03
time: 7.133363e-03
time: 7.047703e-03
time: 7.047703e-03
time: 7.047703e-03
time: 7.047703e-03
time: 7.047703e-03
time: 7.047703e-03
time: 7.047703e-03
time: 7.047703e-03
time: 7.047703e-03
time: 7.047703e-03
time: 7.047703e-03
time: 7.047703e-03
time: 7.047703e-03
time: 7.047703e-03
time: 7.047703e-03
time: 7.047703e-03
time: 7.047703e-03
time: 7.047703e-03
time: 7.047703e-03
time: 7.047703e-03
time: 7.047703e-03
time: 7.047703e-03
time: 7.047703e-03
time: 7.047703e-03
time: 7.047703e-03
time: 7.047703e-03
time: 7.047703e-03
time: 7.047703e-03
time: 7.047703e-03
time: 7.047703e-03
time: 7.047703e-03
time: 7.047703e-03
time: 7.047703e-03
time: 7.047703e-03
time: 7.047703e-03
time: 7.047703e-03
time: 7.047703e-03
time: 7.047703e-03
time: 7.047703e-03
time: 7.047703e-03
time: 7.047703e-03
time: 7.047703e-03
time: 7.047703e-03
time: 7.047703e-03
time: 7.047703e-03
time: 7.047703e-03
time: 7.047703e-03
time: 7.047703e-03
time: 7.047703e-03
time: 7.047703e-03
time: 7.047703e-03
time: 7.047703e-03
time: 7.047703e-03
time: 7.047703e-03
time: 7.047703e-03
time: 7.076256e-03
time: 7.104809e-03
time: 7.133363e-03
time: 7.161916e-03
time: 7.219022e-03
time: 7.276128e-03
time: 7.333234e-03
time: 7.390341e-03
time: 7.447447e-03
time: 7.561659e-03
time: 7.675872e-03
time: 7.790084e-03
time: 7.904297e-03
time: 8.018509e-03
time: 8.180655e-03
time: 8.342800e-03
time: 8.342800e-03
time: 8.504945e-03
time: 8.504945e-03
time: 8.667091e-03
time: 8.667091e-03
time: 8.829236e-03
time: 8.829236e-03
time: 8.991382e-03
time: 9.153527e-03
time: 9.153527e-03
time: 9.315673e-03
time: 9.315673e-03
time: 9.477818e-03
time: 9.477818e-03
time: 9.477818e-03
time: 9.639964e-03
time: 9.639964e-03
time: 9.802109e-03
time: 9.802109e-03
time: 9.964255e-03
time: 9.964255e-03
time: 1.012640e-02
time: 1.012640e-02
time: 1.012640e-02
time: 1.012640e-02
time: 1.012640e-02
time: 1.000479e-02
time: 1.000479e-02
time: 1.000479e-02
time: 1.000479e-02
time: 1.000479e-02
time: 1.000479e-02
time: 1.000479e-02
time: 1.000479e-02
time: 1.000479e-02
time: 1.000479e-02
time: 1.000479e-02
time: 1.000479e-02
time: 1.000479e-02
time: 1.000479e-02
time: 1.000479e-02
time: 1.000479e-02
time: 1.000479e-02
time: 1.000479e-02
time: 1.000479e-02
time: 1.000479e-02
time: 1.000479e-02
time: 1.000479e-02
time: 1.000479e-02
time: 1.000479e-02
time: 1.000479e-02
time: 1.000479e-02
time: 1.000479e-02
time: 1.000479e-02
time: 1.000479e-02
time: 1.000479e-02
time: 1.000479e-02
time: 1.000479e-02
time: 1.000479e-02
time: 1.000479e-02
time: 1.000479e-02
time: 1.000479e-02
time: 1.000479e-02
time: 1.000479e-02
time: 1.000479e-02
time: 1.000479e-02
time: 1.000479e-02
time: 1.000479e-02
time: 1.000479e-02
time: 1.000479e-02
time: 1.000479e-02
time: 1.000479e-02
time: 1.000479e-02
time: 1.000479e-02
time: 1.000479e-02
time: 1.000479e-02
time: 1.000479e-02
time: 1.000479e-02
time: 1.000479e-02
time: 1.000479e-02
time: 1.000479e-02
time: 1.004533e-02
time: 1.008586e-02
time: 1.012640e-02
time: 1.016694e-02
time: 1.024801e-02
time: 1.032908e-02
time: 1.041015e-02
time: 1.049123e-02
time: 1.057230e-02
time: 1.073445e-02
time: 1.089659e-02
time: 1.105874e-02
time: 1.122088e-02
time: 1.138303e-02
time: 1.159998e-02
time: 1.181693e-02
time: 1.181693e-02
time: 1.203388e-02
time: 1.203388e-02
time: 1.225083e-02
time: 1.225083e-02
time: 1.246777e-02
time: 1.246777e-02
time: 1.268472e-02
time: 1.290167e-02
time: 1.311862e-02
time: 1.333557e-02
time: 1.333557e-02
time: 1.355252e-02
time: 1.355252e-02
time: 1.355252e-02
time: 1.355252e-02
time: 1.355252e-02
time: 1.333557e-02
time: 1.338981e-02
time: 1.338981e-02
time: 1.338981e-02
time: 1.338981e-02
time: 1.338981e-02
time: 1.338981e-02
time: 1.338981e-02
time: 1.338981e-02
time: 1.338981e-02
time: 1.338981e-02
time: 1.338981e-02
time: 1.338981e-02
time: 1.338981e-02
time: 1.338981e-02
time: 1.338981e-02
time: 1.338981e-02
time: 1.338981e-02
time: 1.338981e-02
time: 1.338981e-02
time: 1.338981e-02
time: 1.338981e-02
time: 1.338981e-02
time: 1.338981e-02
time: 1.338981e-02
time: 1.338981e-02
time: 1.338981e-02
time: 1.338981e-02
time: 1.338981e-02
time: 1.338981e-02
time: 1.338981e-02
time: 1.338981e-02
time: 1.338981e-02
time: 1.338981e-02
time: 1.338981e-02
time: 1.338981e-02
time: 1.338981e-02
time: 1.338981e-02
time: 1.338981e-02
time: 1.338981e-02
time: 1.338981e-02
time: 1.338981e-02
time: 1.338981e-02
time: 1.338981e-02
time: 1.338981e-02
time: 1.338981e-02
time: 1.338981e-02
time: 1.338981e-02
time: 1.338981e-02
time: 1.338981e-02
time: 1.338981e-02
time: 1.338981e-02
time: 1.338981e-02
time: 1.338981e-02
time: 1.338981e-02
time: 1.338981e-02
time: 1.338981e-02
time: 1.334854e-02
time: 1.334854e-02
time: 1.336151e-02
time: 1.336151e-02
time: 1.337448e-02
time: 1.337448e-02
time: 1.338745e-02
time: 1.338745e-02
time: 1.341339e-02
time: 1.343932e-02
time: 1.346526e-02
time: 1.349120e-02
time: 1.354307e-02
time: 1.359495e-02
time: 1.364682e-02
time: 1.369870e-02
time: 1.380245e-02
time: 1.390620e-02
time: 1.400995e-02
time: 1.411370e-02
time: 1.421745e-02
time: 1.442495e-02
time: 1.463245e-02
time: 1.483995e-02
time: 1.504746e-02
time: 1.525496e-02
time: 1.551621e-02
time: 1.577747e-02
time: 1.577747e-02
time: 1.603872e-02
time: 1.603872e-02
time: 1.629998e-02
time: 1.629998e-02
time: 1.656123e-02
time: 1.656123e-02
time: 1.682249e-02
time: 1.682249e-02
time: 1.708374e-02
time: 1.708374e-02
time: 1.734499e-02
time: 1.760625e-02
time: 1.786750e-02
time: 1.812876e-02
time: 1.839001e-02
time: 1.865127e-02
time: 1.891252e-02
time: 1.917378e-02
time: 1.943503e-02
time: 1.969629e-02
time: 1.995754e-02
time: 2.021880e-02
time: 2.048005e-02
time: 2.074131e-02
time: 2.100256e-02
time: 2.126382e-02
time: 2.152507e-02
time: 2.178633e-02
time: 2.204758e-02
time: 2.230884e-02
time: 2.257009e-02
time: 2.283135e-02
time: 2.309260e-02
time: 2.335386e-02
time: 2.361511e-02
time: 2.387637e-02
time: 2.419008e-02
time: 2.450380e-02
time: 2.450380e-02
time: 2.481752e-02
time: 2.481752e-02
time: 2.513123e-02
time: 2.513123e-02
time: 2.544495e-02
time: 2.544495e-02
time: 2.575867e-02
time: 2.575867e-02
time: 2.607239e-02
time: 2.607239e-02
time: 2.638610e-02
time: 2.638610e-02
time: 2.669982e-02
time: 2.669982e-02
time: 2.701354e-02
time: 2.701354e-02
time: 2.732725e-02
time: 2.732725e-02
time: 2.764097e-02
time: 2.764097e-02
time: 2.795469e-02
time: 2.795469e-02
time: 2.826840e-02
time: 2.858212e-02
time: 2.889584e-02
time: 2.920956e-02
time: 2.952327e-02
time: 2.983699e-02
time: 3.015071e-02
time: 3.046442e-02
time: 3.077814e-02
time: 3.109186e-02
time: 3.140558e-02
time: 3.171929e-02
time: 3.203301e-02
time: 3.234673e-02
time: 3.266044e-02
time: 3.297416e-02
time: 3.328788e-02
time: 3.360160e-02
time: 3.391531e-02
time: 3.422903e-02
time: 3.454275e-02
time: 3.485646e-02
time: 3.523443e-02
time: 3.561239e-02
time: 3.561239e-02
time: 3.599035e-02
time: 3.599035e-02
time: 3.636831e-02
time: 3.636831e-02
time: 3.674627e-02
time: 3.674627e-02
time: 3.712423e-02
time: 3.712423e-02
time: 3.750219e-02
time: 3.788016e-02
time: 3.788016e-02
time: 3.825812e-02
time: 3.825812e-02
time: 3.863608e-02
time: 3.863608e-02
time: 3.901404e-02
time: 3.939200e-02
time: 3.976996e-02
time: 3.976996e-02
time: 4.014792e-02
time: 4.014792e-02
time: 4.052589e-02
time: 4.052589e-02
time: 4.090385e-02
time: 4.128181e-02
time: 4.165977e-02
time: 4.203773e-02
time: 4.241569e-02
time: 4.279365e-02
time: 4.317162e-02
time: 4.354958e-02
time: 4.392754e-02
time: 4.438756e-02
time: 4.484758e-02
time: 4.530760e-02
time: 4.530760e-02
time: 4.576762e-02
time: 4.576762e-02
time: 4.622765e-02
time: 4.622765e-02
time: 4.668767e-02
time: 4.714769e-02
time: 4.714769e-02
time: 4.760771e-02
time: 4.760771e-02
time: 4.806773e-02
time: 4.806773e-02
time: 4.852776e-02
time: 4.898778e-02
time: 4.944780e-02
time: 4.990782e-02
time: 5.036784e-02
time: 5.082786e-02
time: 5.128789e-02
time: 5.174791e-02
time: 5.220793e-02
time: 5.266795e-02
time: 5.323179e-02
time: 5.379564e-02
time: 5.435948e-02
time: 5.492333e-02
time: 5.548717e-02
time: 5.605101e-02
time: 5.661486e-02
time: 5.717870e-02
time: 5.774255e-02
time: 5.830639e-02
time: 5.887024e-02
time: 5.943408e-02
time: 5.999792e-02
time: 6.056177e-02
time: 6.112561e-02
time: 6.112561e-02
time: 6.168946e-02
time: 6.168946e-02
time: 6.225330e-02
time: 6.225330e-02
time: 6.281714e-02
time: 6.338099e-02
time: 6.338099e-02
time: 6.394483e-02
time: 6.394483e-02
time: 6.450868e-02
time: 6.450868e-02
time: 6.507252e-02
time: 6.563637e-02
time: 6.563637e-02
time: 6.620021e-02
time: 6.620021e-02
time: 6.676405e-02
time: 6.676405e-02
time: 6.732790e-02
time: 6.789174e-02
time: 6.789174e-02
time: 6.845559e-02
time: 6.845559e-02
time: 6.817366e-02
time: 6.817366e-02
time: 6.845559e-02
time: 6.873751e-02
time: 6.901943e-02
time: 6.930135e-02
time: 6.968488e-02
time: 6.968488e-02
time: 7.006841e-02
time: 7.045193e-02
time: 7.045193e-02
time: 7.083546e-02
time: 7.083546e-02
time: 7.083546e-02
time: 7.121899e-02
time: 7.121899e-02
time: 7.160252e-02
time: 7.160252e-02
time: 7.198604e-02
time: 7.247666e-02
time: 7.247666e-02
time: 7.247666e-02
time: 7.296727e-02
time: 7.296727e-02
time: 7.345789e-02
time: 7.345789e-02
time: 7.394850e-02
time: 7.394850e-02
time: 7.443911e-02
time: 7.492973e-02
time: 7.492973e-02
time: 7.492973e-02
time: 7.492973e-02
time: 7.492973e-02
time: 7.456177e-02
time: 7.456177e-02
time: 7.456177e-02
time: 7.456177e-02
time: 7.456177e-02
time: 7.456177e-02
time: 7.456177e-02
time: 7.456177e-02
time: 7.456177e-02
time: 7.456177e-02
time: 7.456177e-02
time: 7.456177e-02
time: 7.456177e-02
time: 7.456177e-02
time: 7.456177e-02
time: 7.456177e-02
time: 7.456177e-02
time: 7.456177e-02
time: 7.456177e-02
time: 7.456177e-02
time: 7.456177e-02
time: 7.456177e-02
time: 7.456177e-02
time: 7.456177e-02
time: 7.456177e-02
time: 7.456177e-02
time: 7.456177e-02
time: 7.456177e-02
time: 7.456177e-02
time: 7.456177e-02
time: 7.456177e-02
time: 7.456177e-02
time: 7.456177e-02
time: 7.456177e-02
time: 7.456177e-02
time: 7.456177e-02
time: 7.456177e-02
time: 7.456177e-02
time: 7.456177e-02
time: 7.456177e-02
time: 7.456177e-02
time: 7.456177e-02
time: 7.456177e-02
time: 7.456177e-02
time: 7.456177e-02
time: 7.456177e-02
time: 7.456177e-02
time: 7.456177e-02
time: 7.456177e-02
time: 7.456177e-02
time: 7.456177e-02
time: 7.456177e-02
time: 7.456177e-02
time: 7.456177e-02
time: 7.456177e-02
time: 7.456177e-02
time: 7.468442e-02
time: 7.468442e-02
time: 7.480707e-02
time: 7.492973e-02
time: 7.517503e-02
time: 7.542034e-02
time: 7.566565e-02
time: 7.615626e-02
time: 7.664687e-02
time: 7.713749e-02
time: 7.762810e-02
time: 7.860933e-02
time: 7.959056e-02
time: 8.057178e-02
time: 8.155301e-02
time: 8.253424e-02
time: 8.435909e-02
time: 8.618394e-02
time: 8.800879e-02
time: 8.983364e-02
time: 9.165849e-02
time: 9.416271e-02
time: 9.666692e-02
time: 9.917114e-02
time: 1.016754e-01
time: 1.041796e-01
time: 1.080160e-01
time: 1.118524e-01
time: 1.156889e-01
time: 1.195253e-01
time: 1.233617e-01
time: 1.310346e-01
time: 1.387074e-01
time: 1.463803e-01
time: 1.540531e-01
time: 1.693988e-01
time: 1.847445e-01
time: 2.000902e-01
time: 2.307816e-01
time: 2.614731e-01
time: 2.921645e-01
time: 3.535473e-01
time: 4.149301e-01
time: 4.763129e-01
time: 5.990786e-01
time: 7.218442e-01
time: 8.446098e-01
time: 1.000000e+00
Number of steps: 591, current time 1.000000

==== Status of problem ====

Parser configured
Database configured
Mixture configured
Solution configured
Solver configured
Problem solved

==== END of Status ====

ULF run took 47.57 s

==== ULF END ====
