# RUNNING VERSION '1.07-1'
+==========================================================================================================+
|                                                                                                          |
|                                                                                              #           |
|                                                                                             ##           |
|                                                                                            ###           |
|                                                                                          ####            |
|                                                          TU Freiberg                    ######           |
|                                                          Chair of Numerical            #### ##           |
|                                                          Thermo-Fluid-Dynamics         ########          |
|        Universal Laminar Flame Solver                                                  #### #####        |
|                                                                                          ##########      |
|                                                                                                #####     |
|                            ###    ##########             ####  ################################# ###     |
|                           ####  ####                    #####     ####   ####          ######### ###     |
|                          ####  ####                    ######     ###   ###                  ### ###     |
|         ####      ####  ################              ###  ###   ###   #########   ###       ### ##      |
|        ####      ####  ################              ###   ###  ###   ########    ###       ### ###      |
|       ####       ###  #### ####                     ###    ### ###   ###         ##       ### ###        |
|       #####   #####  #### ####                     ###      #####   ###         ###    ##### ###         |
|        ##########   ####  ###                     ###       #############      ########## #####          |
|                                                        #######################################           |
|                                                      ###               #####################             |
|                                                                             ############                 |
|                                                                                                          |
+==========================================================================================================+
                                                                                                            
ULF run at Tue Sep 15 21:49:03 2015



==== Status of problem ====

Parser configured
Database configured
Mixture configured
Solution configured
Solver configured
Problem NOT solved

==== END of Status ====
time: 0.000000e+00
time: 1.378058e-10
time: 1.378058e-10
time: 1.378058e-10
time: 1.378058e-10
time: 1.378058e-10
time: 1.378058e-10
time: 1.378058e-10
time: 1.378058e-10
time: 1.378058e-10
time: 1.378058e-10
time: 1.378058e-10
time: 1.378058e-10
time: 1.378058e-10
time: 1.378058e-10
time: 1.378058e-10
time: 1.378058e-10
time: 1.378058e-10
time: 1.378058e-10
time: 1.378058e-10
time: 1.378058e-10
time: 1.378058e-10
time: 1.378058e-10
time: 1.378058e-10
time: 1.378058e-10
time: 1.378058e-10
time: 1.378058e-10
time: 1.378058e-10
time: 1.378058e-10
time: 1.378058e-10
time: 1.378058e-10
time: 1.378058e-10
time: 1.378058e-10
time: 1.378058e-10
time: 1.378058e-10
time: 1.378058e-10
time: 1.378058e-10
time: 1.378058e-10
time: 1.378058e-10
time: 1.378058e-10
time: 1.378058e-10
time: 1.378058e-10
time: 1.378058e-10
time: 1.378058e-10
time: 1.378058e-10
time: 1.378058e-10
time: 1.378058e-10
time: 1.378058e-10
time: 1.378058e-10
time: 1.378058e-10
time: 1.378058e-10
time: 1.378058e-10
time: 1.378058e-10
time: 1.378058e-10
time: 1.378058e-10
time: 1.378058e-10
time: 2.756116e-10
time: 4.134173e-10
time: 4.823302e-08
time: 9.605263e-08
time: 1.438722e-07
time: 2.247459e-07
time: 3.056196e-07
time: 3.864933e-07
time: 5.707259e-07
time: 7.549584e-07
time: 9.391909e-07
time: 1.123423e-06
time: 1.451313e-06
time: 1.779202e-06
time: 2.107092e-06
time: 2.434981e-06
time: 2.986755e-06
time: 3.538528e-06
time: 4.090302e-06
time: 4.642076e-06
time: 5.731089e-06
time: 5.731089e-06
time: 6.820103e-06
time: 6.820103e-06
time: 7.909117e-06
time: 7.909117e-06
time: 8.998130e-06
time: 1.008714e-05
time: 1.156298e-05
time: 1.303881e-05
time: 1.451465e-05
time: 1.599048e-05
time: 1.746632e-05
time: 1.933215e-05
time: 2.119799e-05
time: 2.306382e-05
time: 2.492965e-05
time: 2.679548e-05
time: 2.910452e-05
time: 3.141355e-05
time: 3.372259e-05
time: 3.603162e-05
time: 3.834066e-05
time: 4.127178e-05
time: 4.420290e-05
time: 4.713402e-05
time: 5.006514e-05
time: 5.299626e-05
time: 5.670509e-05
time: 6.041393e-05
time: 6.412276e-05
time: 6.783160e-05
time: 7.154043e-05
time: 7.617278e-05
time: 8.080512e-05
time: 8.543747e-05
time: 9.006982e-05
time: 9.470216e-05
time: 1.004346e-04
time: 1.061670e-04
time: 1.118994e-04
time: 1.118994e-04
time: 1.176317e-04
time: 1.233641e-04
time: 1.233641e-04
time: 1.290965e-04
time: 1.348289e-04
time: 1.348289e-04
time: 1.348289e-04
time: 1.405613e-04
time: 1.405613e-04
time: 1.405613e-04
time: 1.405613e-04
time: 1.462937e-04
time: 1.542137e-04
time: 1.542137e-04
time: 1.542137e-04
time: 1.542137e-04
time: 1.542137e-04
time: 1.482737e-04
time: 1.482737e-04
time: 1.482737e-04
time: 1.482737e-04
time: 1.482737e-04
time: 1.482737e-04
time: 1.482737e-04
time: 1.482737e-04
time: 1.482737e-04
time: 1.482737e-04
time: 1.482737e-04
time: 1.482737e-04
time: 1.482737e-04
time: 1.482737e-04
time: 1.482737e-04
time: 1.482737e-04
time: 1.482737e-04
time: 1.482737e-04
time: 1.482737e-04
time: 1.482737e-04
time: 1.482737e-04
time: 1.482737e-04
time: 1.482737e-04
time: 1.482737e-04
time: 1.482737e-04
time: 1.482737e-04
time: 1.482737e-04
time: 1.482737e-04
time: 1.482737e-04
time: 1.482737e-04
time: 1.482737e-04
time: 1.482737e-04
time: 1.482737e-04
time: 1.482737e-04
time: 1.482737e-04
time: 1.482737e-04
time: 1.482737e-04
time: 1.482737e-04
time: 1.482737e-04
time: 1.482737e-04
time: 1.482737e-04
time: 1.482737e-04
time: 1.482737e-04
time: 1.482737e-04
time: 1.482737e-04
time: 1.482737e-04
time: 1.482737e-04
time: 1.482737e-04
time: 1.482737e-04
time: 1.482737e-04
time: 1.482737e-04
time: 1.482737e-04
time: 1.482737e-04
time: 1.482737e-04
time: 1.482737e-04
time: 1.502537e-04
time: 1.522337e-04
time: 1.542137e-04
time: 1.561937e-04
time: 1.601537e-04
time: 1.641136e-04
time: 1.680736e-04
time: 1.720336e-04
time: 1.759936e-04
time: 1.839135e-04
time: 1.918335e-04
time: 1.997535e-04
time: 2.076734e-04
time: 2.155934e-04
time: 2.264840e-04
time: 2.373746e-04
time: 2.482653e-04
time: 2.591559e-04
time: 2.700465e-04
time: 2.809371e-04
time: 2.941850e-04
time: 3.074328e-04
time: 3.206807e-04
time: 3.339285e-04
time: 3.471763e-04
time: 3.604242e-04
time: 3.604242e-04
time: 3.736720e-04
time: 3.736720e-04
time: 3.869198e-04
time: 3.869198e-04
time: 4.001677e-04
time: 4.001677e-04
time: 4.134155e-04
time: 4.134155e-04
time: 4.266634e-04
time: 4.266634e-04
time: 4.399112e-04
time: 4.399112e-04
time: 4.531590e-04
time: 4.531590e-04
time: 4.664069e-04
time: 4.664069e-04
time: 4.597830e-04
time: 4.664069e-04
time: 4.730308e-04
time: 4.796547e-04
time: 4.796547e-04
time: 4.862786e-04
time: 4.929025e-04
time: 4.995265e-04
time: 4.995265e-04
time: 5.061504e-04
time: 5.127743e-04
time: 5.127743e-04
time: 5.193982e-04
time: 5.193982e-04
time: 5.260221e-04
time: 5.260221e-04
time: 5.326461e-04
time: 5.326461e-04
time: 5.392700e-04
time: 5.392700e-04
time: 5.458939e-04
time: 5.458939e-04
time: 5.525178e-04
time: 5.525178e-04
time: 5.492059e-04
time: 5.525178e-04
time: 5.558298e-04
time: 5.591417e-04
time: 5.591417e-04
time: 5.624537e-04
time: 5.657656e-04
time: 5.690776e-04
time: 5.690776e-04
time: 5.723896e-04
time: 5.723896e-04
time: 5.757015e-04
time: 5.757015e-04
time: 5.790135e-04
time: 5.790135e-04
time: 5.823254e-04
time: 5.823254e-04
time: 5.856374e-04
time: 5.856374e-04
time: 5.889494e-04
time: 5.889494e-04
time: 5.922613e-04
time: 5.922613e-04
time: 5.955733e-04
time: 5.955733e-04
time: 5.988852e-04
time: 5.988852e-04
time: 5.988852e-04
time: 6.021972e-04
time: 6.021972e-04
time: 6.021972e-04
time: 6.005412e-04
time: 6.021972e-04
time: 6.038532e-04
time: 6.038532e-04
time: 6.055092e-04
time: 6.071651e-04
time: 6.088211e-04
time: 6.108242e-04
time: 6.108242e-04
time: 6.128272e-04
time: 6.128272e-04
time: 6.148302e-04
time: 6.148302e-04
time: 6.168333e-04
time: 6.168333e-04
time: 6.188363e-04
time: 6.188363e-04
time: 6.188363e-04
time: 6.208394e-04
time: 6.208394e-04
time: 6.228424e-04
time: 6.228424e-04
time: 6.228424e-04
time: 6.248454e-04
time: 6.248454e-04
time: 6.248454e-04
time: 6.268485e-04
time: 6.268485e-04
time: 6.268485e-04
time: 6.258470e-04
time: 6.268485e-04
time: 6.278500e-04
time: 6.288515e-04
time: 6.298530e-04
time: 6.308545e-04
time: 6.318561e-04
time: 6.328576e-04
time: 6.328576e-04
time: 6.338591e-04
time: 6.348606e-04
time: 6.361077e-04
time: 6.361077e-04
time: 6.373547e-04
time: 6.373547e-04
time: 6.386018e-04
time: 6.386018e-04
time: 6.398488e-04
time: 6.398488e-04
time: 6.410959e-04
time: 6.410959e-04
time: 6.423429e-04
time: 6.423429e-04
time: 6.435900e-04
time: 6.435900e-04
time: 6.448370e-04
time: 6.448370e-04
time: 6.448370e-04
time: 6.460841e-04
time: 6.460841e-04
time: 6.460841e-04
time: 6.473311e-04
time: 6.473311e-04
time: 6.473311e-04
time: 6.485782e-04
time: 6.485782e-04
time: 6.485782e-04
time: 6.498252e-04
time: 6.498252e-04
time: 6.498252e-04
time: 6.510723e-04
time: 6.510723e-04
time: 6.510723e-04
time: 6.523193e-04
time: 6.523193e-04
time: 6.523193e-04
time: 6.535664e-04
time: 6.535664e-04
time: 6.535664e-04
time: 6.529429e-04
time: 6.535664e-04
time: 6.541899e-04
time: 6.548134e-04
time: 6.554370e-04
time: 6.560605e-04
time: 6.568607e-04
time: 6.576610e-04
time: 6.584613e-04
time: 6.592615e-04
time: 6.592615e-04
time: 6.600618e-04
time: 6.608621e-04
time: 6.616623e-04
time: 6.624626e-04
time: 6.624626e-04
time: 6.632628e-04
time: 6.640631e-04
time: 6.640631e-04
time: 6.648634e-04
time: 6.656636e-04
time: 6.656636e-04
time: 6.664639e-04
time: 6.672642e-04
time: 6.672642e-04
time: 6.680644e-04
time: 6.680644e-04
time: 6.688647e-04
time: 6.696649e-04
time: 6.696649e-04
time: 6.704652e-04
time: 6.704652e-04
time: 6.712655e-04
time: 6.712655e-04
time: 6.720657e-04
time: 6.720657e-04
time: 6.728660e-04
time: 6.728660e-04
time: 6.736663e-04
time: 6.736663e-04
time: 6.744665e-04
time: 6.744665e-04
time: 6.752668e-04
time: 6.752668e-04
time: 6.760670e-04
time: 6.760670e-04
time: 6.768673e-04
time: 6.768673e-04
time: 6.776676e-04
time: 6.776676e-04
time: 6.784678e-04
time: 6.784678e-04
time: 6.792681e-04
time: 6.792681e-04
time: 6.800684e-04
time: 6.800684e-04
time: 6.808686e-04
time: 6.808686e-04
time: 6.816689e-04
time: 6.824691e-04
time: 6.832694e-04
time: 6.832694e-04
time: 6.840697e-04
time: 6.848699e-04
time: 6.848699e-04
time: 6.856702e-04
time: 6.866680e-04
time: 6.876658e-04
time: 6.876658e-04
time: 6.886636e-04
time: 6.886636e-04
time: 6.896614e-04
time: 6.906592e-04
time: 6.906592e-04
time: 6.916571e-04
time: 6.916571e-04
time: 6.926549e-04
time: 6.936527e-04
time: 6.936527e-04
time: 6.946505e-04
time: 6.946505e-04
time: 6.956483e-04
time: 6.956483e-04
time: 6.966461e-04
time: 6.966461e-04
time: 6.976439e-04
time: 6.986417e-04
time: 6.996395e-04
time: 6.996395e-04
time: 7.006373e-04
time: 7.006373e-04
time: 7.016352e-04
time: 7.016352e-04
time: 7.026330e-04
time: 7.026330e-04
time: 7.036308e-04
time: 7.036308e-04
time: 7.046286e-04
time: 7.046286e-04
time: 7.056264e-04
time: 7.056264e-04
time: 7.066242e-04
time: 7.066242e-04
time: 7.076220e-04
time: 7.076220e-04
time: 7.086198e-04
time: 7.086198e-04
time: 7.096176e-04
time: 7.096176e-04
time: 7.106154e-04
time: 7.106154e-04
time: 7.116132e-04
time: 7.116132e-04
time: 7.126111e-04
time: 7.126111e-04
time: 7.136089e-04
time: 7.136089e-04
time: 7.146067e-04
time: 7.146067e-04
time: 7.156045e-04
time: 7.156045e-04
time: 7.166023e-04
time: 7.166023e-04
time: 7.176001e-04
time: 7.176001e-04
time: 7.185979e-04
time: 7.195957e-04
time: 7.195957e-04
time: 7.205935e-04
time: 7.205935e-04
time: 7.215913e-04
time: 7.215913e-04
time: 7.225891e-04
time: 7.225891e-04
time: 7.235870e-04
time: 7.235870e-04
time: 7.245848e-04
time: 7.245848e-04
time: 7.255826e-04
time: 7.265804e-04
time: 7.265804e-04
time: 7.275782e-04
time: 7.275782e-04
time: 7.285760e-04
time: 7.295738e-04
time: 7.295738e-04
time: 7.305716e-04
time: 7.305716e-04
time: 7.315694e-04
time: 7.325672e-04
time: 7.325672e-04
time: 7.325672e-04
time: 7.335651e-04
time: 7.335651e-04
time: 7.335651e-04
time: 7.345629e-04
time: 7.345629e-04
time: 7.345629e-04
time: 7.355607e-04
time: 7.355607e-04
time: 7.355607e-04
time: 7.355607e-04
time: 7.355607e-04
time: 7.348123e-04
time: 7.348123e-04
time: 7.348123e-04
time: 7.348123e-04
time: 7.348123e-04
time: 7.348123e-04
time: 7.348123e-04
time: 7.348123e-04
time: 7.348123e-04
time: 7.348123e-04
time: 7.348123e-04
time: 7.348123e-04
time: 7.348123e-04
time: 7.348123e-04
time: 7.348123e-04
time: 7.348123e-04
time: 7.348123e-04
time: 7.348123e-04
time: 7.348123e-04
time: 7.348123e-04
time: 7.348123e-04
time: 7.348123e-04
time: 7.348123e-04
time: 7.348123e-04
time: 7.348123e-04
time: 7.348123e-04
time: 7.348123e-04
time: 7.348123e-04
time: 7.348123e-04
time: 7.348123e-04
time: 7.348123e-04
time: 7.348123e-04
time: 7.348123e-04
time: 7.348123e-04
time: 7.348123e-04
time: 7.348123e-04
time: 7.348123e-04
time: 7.348123e-04
time: 7.348123e-04
time: 7.348123e-04
time: 7.348123e-04
time: 7.348123e-04
time: 7.348123e-04
time: 7.348123e-04
time: 7.348123e-04
time: 7.348123e-04
time: 7.348123e-04
time: 7.348123e-04
time: 7.348123e-04
time: 7.348123e-04
time: 7.348123e-04
time: 7.348123e-04
time: 7.348123e-04
time: 7.348123e-04
time: 7.348123e-04
time: 7.350618e-04
time: 7.353112e-04
time: 7.355607e-04
time: 7.358101e-04
time: 7.363090e-04
time: 7.368079e-04
time: 7.373068e-04
time: 7.378057e-04
time: 7.388036e-04
time: 7.398014e-04
time: 7.407992e-04
time: 7.417970e-04
time: 7.427948e-04
time: 7.447904e-04
time: 7.467860e-04
time: 7.487816e-04
time: 7.507773e-04
time: 7.527729e-04
time: 7.547685e-04
time: 7.567641e-04
time: 7.587597e-04
time: 7.607554e-04
time: 7.627510e-04
time: 7.647466e-04
time: 7.671545e-04
time: 7.695624e-04
time: 7.719703e-04
time: 7.743782e-04
time: 7.767861e-04
time: 7.791940e-04
time: 7.821512e-04
time: 7.851085e-04
time: 7.851085e-04
time: 7.880658e-04
time: 7.880658e-04
time: 7.910230e-04
time: 7.910230e-04
time: 7.939803e-04
time: 7.939803e-04
time: 7.969376e-04
time: 7.969376e-04
time: 7.998948e-04
time: 7.998948e-04
time: 8.028521e-04
time: 8.058094e-04
time: 8.087666e-04
time: 8.117239e-04
time: 8.146812e-04
time: 8.146812e-04
time: 8.176384e-04
time: 8.205957e-04
time: 8.242411e-04
time: 8.242411e-04
time: 8.278866e-04
time: 8.278866e-04
time: 8.315321e-04
time: 8.351775e-04
time: 8.388230e-04
time: 8.424684e-04
time: 8.424684e-04
time: 8.424684e-04
time: 8.461139e-04
time: 8.461139e-04
time: 8.497593e-04
time: 8.541566e-04
time: 8.541566e-04
time: 8.541566e-04
time: 8.585539e-04
time: 8.585539e-04
time: 8.629512e-04
time: 8.673485e-04
time: 8.673485e-04
time: 8.717458e-04
time: 8.761431e-04
time: 8.761431e-04
time: 8.761431e-04
time: 8.805404e-04
time: 8.805404e-04
time: 8.805404e-04
time: 8.805404e-04
time: 8.849377e-04
time: 8.893350e-04
time: 8.893350e-04
time: 8.937323e-04
time: 8.937323e-04
time: 8.981297e-04
time: 9.025270e-04
time: 9.025270e-04
time: 9.025270e-04
time: 9.069243e-04
time: 9.069243e-04
time: 9.069243e-04
time: 9.069243e-04
time: 9.113216e-04
time: 9.172654e-04
time: 9.172654e-04
time: 9.172654e-04
time: 9.172654e-04
time: 9.232093e-04
time: 9.232093e-04
time: 9.232093e-04
time: 9.291532e-04
time: 9.291532e-04
time: 9.291532e-04
time: 9.291532e-04
time: 9.291532e-04
time: 9.246953e-04
time: 9.246953e-04
time: 9.246953e-04
time: 9.246953e-04
time: 9.246953e-04
time: 9.246953e-04
time: 9.246953e-04
time: 9.246953e-04
time: 9.246953e-04
time: 9.246953e-04
time: 9.246953e-04
time: 9.246953e-04
time: 9.246953e-04
time: 9.246953e-04
time: 9.246953e-04
time: 9.246953e-04
time: 9.246953e-04
time: 9.246953e-04
time: 9.246953e-04
time: 9.246953e-04
time: 9.246953e-04
time: 9.246953e-04
time: 9.246953e-04
time: 9.246953e-04
time: 9.246953e-04
time: 9.246953e-04
time: 9.246953e-04
time: 9.246953e-04
time: 9.246953e-04
time: 9.246953e-04
time: 9.246953e-04
time: 9.246953e-04
time: 9.246953e-04
time: 9.246953e-04
time: 9.246953e-04
time: 9.246953e-04
time: 9.246953e-04
time: 9.246953e-04
time: 9.246953e-04
time: 9.246953e-04
time: 9.246953e-04
time: 9.246953e-04
time: 9.246953e-04
time: 9.246953e-04
time: 9.246953e-04
time: 9.246953e-04
time: 9.246953e-04
time: 9.246953e-04
time: 9.246953e-04
time: 9.246953e-04
time: 9.246953e-04
time: 9.246953e-04
time: 9.246953e-04
time: 9.246953e-04
time: 9.246953e-04
time: 9.261812e-04
time: 9.276672e-04
time: 9.291532e-04
time: 9.306391e-04
time: 9.336110e-04
time: 9.365830e-04
time: 9.395549e-04
time: 9.425268e-04
time: 9.454988e-04
time: 9.514426e-04
time: 9.573865e-04
time: 9.633304e-04
time: 9.692742e-04
time: 9.752181e-04
time: 9.835703e-04
time: 9.919225e-04
time: 1.000275e-03
time: 1.008627e-03
time: 1.016979e-03
time: 1.025331e-03
time: 1.033684e-03
time: 1.042036e-03
time: 1.052199e-03
time: 1.062362e-03
time: 1.072526e-03
time: 1.082689e-03
time: 1.092852e-03
time: 1.103015e-03
time: 1.113179e-03
time: 1.123342e-03
time: 1.135662e-03
time: 1.147981e-03
time: 1.160301e-03
time: 1.172620e-03
time: 1.184940e-03
time: 1.197260e-03
time: 1.209579e-03
time: 1.221899e-03
time: 1.221899e-03
time: 1.234218e-03
time: 1.246538e-03
time: 1.258858e-03
time: 1.258858e-03
time: 1.271177e-03
time: 1.283497e-03
time: 1.283497e-03
time: 1.295816e-03
time: 1.308136e-03
time: 1.308136e-03
time: 1.320456e-03
time: 1.332775e-03
time: 1.332775e-03
time: 1.345095e-03
time: 1.357414e-03
time: 1.357414e-03
time: 1.369734e-03
time: 1.382054e-03
time: 1.382054e-03
time: 1.394373e-03
time: 1.406693e-03
time: 1.406693e-03
time: 1.419012e-03
time: 1.431332e-03
time: 1.431332e-03
time: 1.443652e-03
time: 1.455971e-03
time: 1.455971e-03
time: 1.468291e-03
time: 1.480611e-03
time: 1.480611e-03
time: 1.492930e-03
time: 1.505250e-03
time: 1.505250e-03
time: 1.517569e-03
time: 1.529889e-03
time: 1.529889e-03
time: 1.542209e-03
time: 1.554528e-03
time: 1.554528e-03
time: 1.566848e-03
time: 1.579167e-03
time: 1.579167e-03
time: 1.591487e-03
time: 1.603807e-03
time: 1.603807e-03
time: 1.616126e-03
time: 1.628446e-03
time: 1.628446e-03
time: 1.640765e-03
time: 1.653085e-03
time: 1.653085e-03
time: 1.665405e-03
time: 1.677724e-03
time: 1.677724e-03
time: 1.690044e-03
time: 1.702363e-03
time: 1.702363e-03
time: 1.714683e-03
time: 1.727003e-03
time: 1.727003e-03
time: 1.739322e-03
time: 1.751642e-03
time: 1.751642e-03
time: 1.763961e-03
time: 1.776281e-03
time: 1.776281e-03
time: 1.788601e-03
time: 1.800920e-03
time: 1.800920e-03
time: 1.813240e-03
time: 1.825559e-03
time: 1.825559e-03
time: 1.837879e-03
time: 1.850199e-03
time: 1.850199e-03
time: 1.862518e-03
time: 1.874838e-03
time: 1.874838e-03
time: 1.887158e-03
time: 1.899477e-03
time: 1.899477e-03
time: 1.911797e-03
time: 1.924116e-03
time: 1.924116e-03
time: 1.938908e-03
time: 1.953700e-03
time: 1.953700e-03
time: 1.953700e-03
time: 1.968492e-03
time: 1.968492e-03
time: 1.968492e-03
time: 1.983284e-03
time: 1.983284e-03
time: 1.998076e-03
time: 2.012868e-03
time: 2.027660e-03
time: 2.042451e-03
time: 2.042451e-03
time: 2.057243e-03
time: 2.072035e-03
time: 2.072035e-03
time: 2.089812e-03
time: 2.089812e-03
time: 2.089812e-03
time: 2.107590e-03
time: 2.125367e-03
time: 2.143144e-03
time: 2.143144e-03
time: 2.160921e-03
time: 2.183235e-03
time: 2.183235e-03
time: 2.183235e-03
time: 2.205550e-03
time: 2.205550e-03
time: 2.205550e-03
time: 2.227864e-03
time: 2.227864e-03
time: 2.250178e-03
time: 2.272493e-03
time: 2.294807e-03
time: 2.317121e-03
time: 2.317121e-03
time: 2.317121e-03
time: 2.339436e-03
time: 2.339436e-03
time: 2.339436e-03
time: 2.361750e-03
time: 2.361750e-03
time: 2.361750e-03
time: 2.384064e-03
time: 2.384064e-03
time: 2.384064e-03
time: 2.406379e-03
time: 2.406379e-03
time: 2.406379e-03
time: 2.428693e-03
time: 2.428693e-03
time: 2.428693e-03
time: 2.451007e-03
time: 2.451007e-03
time: 2.451007e-03
time: 2.473322e-03
time: 2.473322e-03
time: 2.473322e-03
time: 2.473322e-03
time: 2.495636e-03
time: 2.517950e-03
time: 2.517950e-03
time: 2.517950e-03
time: 2.517950e-03
time: 2.540264e-03
time: 2.540264e-03
time: 2.540264e-03
time: 2.540264e-03
time: 2.562579e-03
time: 2.584893e-03
time: 2.584893e-03
time: 2.612025e-03
time: 2.612025e-03
time: 2.612025e-03
time: 2.639158e-03
time: 2.639158e-03
time: 2.639158e-03
time: 2.639158e-03
time: 2.666290e-03
time: 2.693422e-03
time: 2.693422e-03
time: 2.693422e-03
time: 2.720554e-03
time: 2.720554e-03
time: 2.720554e-03
time: 2.720554e-03
time: 2.747686e-03
time: 2.774819e-03
time: 2.774819e-03
time: 2.774819e-03
time: 2.774819e-03
time: 2.801951e-03
time: 2.801951e-03
time: 2.801951e-03
time: 2.801951e-03
time: 2.801951e-03
time: 2.781602e-03
time: 2.781602e-03
time: 2.781602e-03
time: 2.781602e-03
time: 2.781602e-03
time: 2.781602e-03
time: 2.781602e-03
time: 2.781602e-03
time: 2.781602e-03
time: 2.781602e-03
time: 2.781602e-03
time: 2.781602e-03
time: 2.781602e-03
time: 2.781602e-03
time: 2.781602e-03
time: 2.781602e-03
time: 2.781602e-03
time: 2.781602e-03
time: 2.781602e-03
time: 2.781602e-03
time: 2.781602e-03
time: 2.781602e-03
time: 2.781602e-03
time: 2.781602e-03
time: 2.781602e-03
time: 2.781602e-03
time: 2.781602e-03
time: 2.781602e-03
time: 2.781602e-03
time: 2.781602e-03
time: 2.781602e-03
time: 2.781602e-03
time: 2.781602e-03
time: 2.781602e-03
time: 2.781602e-03
time: 2.781602e-03
time: 2.781602e-03
time: 2.781602e-03
time: 2.781602e-03
time: 2.781602e-03
time: 2.781602e-03
time: 2.781602e-03
time: 2.781602e-03
time: 2.781602e-03
time: 2.781602e-03
time: 2.781602e-03
time: 2.781602e-03
time: 2.781602e-03
time: 2.781602e-03
time: 2.781602e-03
time: 2.781602e-03
time: 2.781602e-03
time: 2.781602e-03
time: 2.781602e-03
time: 2.781602e-03
time: 2.788385e-03
time: 2.795168e-03
time: 2.801951e-03
time: 2.808734e-03
time: 2.822300e-03
time: 2.835866e-03
time: 2.849432e-03
time: 2.862998e-03
time: 2.890131e-03
time: 2.917263e-03
time: 2.944395e-03
time: 2.971527e-03
time: 2.998660e-03
time: 3.052924e-03
time: 3.107188e-03
time: 3.161453e-03
time: 3.215717e-03
time: 3.269982e-03
time: 3.339675e-03
time: 3.409368e-03
time: 3.479062e-03
time: 3.548755e-03
time: 3.618448e-03
time: 3.688141e-03
time: 3.757834e-03
time: 3.841493e-03
time: 3.925152e-03
time: 4.008810e-03
time: 4.092469e-03
time: 4.176128e-03
time: 4.259786e-03
time: 4.343445e-03
time: 4.427104e-03
time: 4.510762e-03
time: 4.510762e-03
time: 4.510762e-03
time: 4.594421e-03
time: 4.594421e-03
time: 4.594421e-03
time: 4.594421e-03
time: 4.594421e-03
time: 4.531677e-03
time: 4.531677e-03
time: 4.531677e-03
time: 4.531677e-03
time: 4.531677e-03
time: 4.531677e-03
time: 4.531677e-03
time: 4.531677e-03
time: 4.531677e-03
time: 4.531677e-03
time: 4.531677e-03
time: 4.531677e-03
time: 4.531677e-03
time: 4.531677e-03
time: 4.531677e-03
time: 4.531677e-03
time: 4.531677e-03
time: 4.531677e-03
time: 4.531677e-03
time: 4.531677e-03
time: 4.531677e-03
time: 4.531677e-03
time: 4.531677e-03
time: 4.531677e-03
time: 4.531677e-03
time: 4.531677e-03
time: 4.531677e-03
time: 4.531677e-03
time: 4.531677e-03
time: 4.531677e-03
time: 4.531677e-03
time: 4.531677e-03
time: 4.531677e-03
time: 4.531677e-03
time: 4.531677e-03
time: 4.531677e-03
time: 4.531677e-03
time: 4.531677e-03
time: 4.531677e-03
time: 4.531677e-03
time: 4.531677e-03
time: 4.531677e-03
time: 4.531677e-03
time: 4.531677e-03
time: 4.531677e-03
time: 4.531677e-03
time: 4.531677e-03
time: 4.531677e-03
time: 4.531677e-03
time: 4.531677e-03
time: 4.531677e-03
time: 4.531677e-03
time: 4.531677e-03
time: 4.531677e-03
time: 4.531677e-03
time: 4.531677e-03
time: 4.518618e-03
time: 4.518618e-03
time: 4.526475e-03
time: 4.526475e-03
time: 4.534331e-03
time: 4.534331e-03
time: 4.542187e-03
time: 4.542187e-03
time: 4.557900e-03
time: 4.573612e-03
time: 4.589324e-03
time: 4.605037e-03
time: 4.636462e-03
time: 4.667887e-03
time: 4.699312e-03
time: 4.730736e-03
time: 4.762161e-03
time: 4.825011e-03
time: 4.887861e-03
time: 4.950711e-03
time: 5.013560e-03
time: 5.076410e-03
time: 5.198731e-03
time: 5.321052e-03
time: 5.443372e-03
time: 5.565693e-03
time: 5.688014e-03
time: 5.810335e-03
time: 5.932655e-03
time: 6.054976e-03
time: 6.177297e-03
time: 6.299618e-03
time: 6.299618e-03
time: 6.421938e-03
time: 6.544259e-03
time: 6.666580e-03
time: 6.666580e-03
time: 6.666580e-03
time: 6.666580e-03
time: 6.666580e-03
time: 6.574839e-03
time: 6.574839e-03
time: 6.574839e-03
time: 6.574839e-03
time: 6.574839e-03
time: 6.574839e-03
time: 6.574839e-03
time: 6.574839e-03
time: 6.574839e-03
time: 6.574839e-03
time: 6.574839e-03
time: 6.574839e-03
time: 6.574839e-03
time: 6.574839e-03
time: 6.574839e-03
time: 6.574839e-03
time: 6.574839e-03
time: 6.574839e-03
time: 6.574839e-03
time: 6.574839e-03
time: 6.574839e-03
time: 6.574839e-03
time: 6.574839e-03
time: 6.574839e-03
time: 6.574839e-03
time: 6.574839e-03
time: 6.574839e-03
time: 6.574839e-03
time: 6.574839e-03
time: 6.574839e-03
time: 6.574839e-03
time: 6.574839e-03
time: 6.574839e-03
time: 6.574839e-03
time: 6.574839e-03
time: 6.574839e-03
time: 6.574839e-03
time: 6.574839e-03
time: 6.574839e-03
time: 6.574839e-03
time: 6.574839e-03
time: 6.574839e-03
time: 6.574839e-03
time: 6.574839e-03
time: 6.574839e-03
time: 6.574839e-03
time: 6.574839e-03
time: 6.574839e-03
time: 6.574839e-03
time: 6.574839e-03
time: 6.574839e-03
time: 6.574839e-03
time: 6.574839e-03
time: 6.574839e-03
time: 6.574839e-03
time: 6.605419e-03
time: 6.636000e-03
time: 6.666580e-03
time: 6.697160e-03
time: 6.758320e-03
time: 6.819481e-03
time: 6.880641e-03
time: 6.941802e-03
time: 7.064122e-03
time: 7.064122e-03
time: 7.186443e-03
time: 7.308764e-03
time: 7.431085e-03
time: 7.553405e-03
time: 7.737373e-03
time: 7.921341e-03
time: 8.105310e-03
time: 8.289278e-03
time: 8.473246e-03
time: 8.657214e-03
time: 8.841182e-03
time: 9.025150e-03
time: 9.025150e-03
time: 9.209118e-03
time: 9.209118e-03
time: 9.209118e-03
time: 9.393086e-03
time: 9.393086e-03
time: 9.577055e-03
time: 9.577055e-03
time: 9.761023e-03
time: 9.944991e-03
time: 9.944991e-03
time: 1.012896e-02
time: 1.035275e-02
time: 1.035275e-02
time: 1.057654e-02
time: 1.057654e-02
time: 1.057654e-02
time: 1.057654e-02
time: 1.057654e-02
time: 1.040870e-02
time: 1.040870e-02
time: 1.040870e-02
time: 1.040870e-02
time: 1.040870e-02
time: 1.040870e-02
time: 1.040870e-02
time: 1.040870e-02
time: 1.040870e-02
time: 1.040870e-02
time: 1.040870e-02
time: 1.040870e-02
time: 1.040870e-02
time: 1.040870e-02
time: 1.040870e-02
time: 1.040870e-02
time: 1.040870e-02
time: 1.040870e-02
time: 1.040870e-02
time: 1.040870e-02
time: 1.040870e-02
time: 1.040870e-02
time: 1.040870e-02
time: 1.040870e-02
time: 1.040870e-02
time: 1.040870e-02
time: 1.040870e-02
time: 1.040870e-02
time: 1.040870e-02
time: 1.040870e-02
time: 1.040870e-02
time: 1.040870e-02
time: 1.040870e-02
time: 1.040870e-02
time: 1.040870e-02
time: 1.040870e-02
time: 1.040870e-02
time: 1.040870e-02
time: 1.040870e-02
time: 1.040870e-02
time: 1.040870e-02
time: 1.040870e-02
time: 1.040870e-02
time: 1.040870e-02
time: 1.040870e-02
time: 1.040870e-02
time: 1.040870e-02
time: 1.040870e-02
time: 1.040870e-02
time: 1.040870e-02
time: 1.040870e-02
time: 1.040870e-02
time: 1.040870e-02
time: 1.040870e-02
time: 1.040870e-02
time: 1.046464e-02
time: 1.052059e-02
time: 1.057654e-02
time: 1.063248e-02
time: 1.074438e-02
time: 1.085627e-02
time: 1.096817e-02
time: 1.108006e-02
time: 1.119196e-02
time: 1.141575e-02
time: 1.163954e-02
time: 1.186333e-02
time: 1.208711e-02
time: 1.231090e-02
time: 1.263761e-02
time: 1.296431e-02
time: 1.329101e-02
time: 1.361771e-02
time: 1.394441e-02
time: 1.427111e-02
time: 1.459781e-02
time: 1.459781e-02
time: 1.492451e-02
time: 1.492451e-02
time: 1.525121e-02
time: 1.525121e-02
time: 1.565082e-02
time: 1.605042e-02
time: 1.605042e-02
time: 1.645003e-02
time: 1.645003e-02
time: 1.684963e-02
time: 1.684963e-02
time: 1.684963e-02
time: 1.684963e-02
time: 1.684963e-02
time: 1.654993e-02
time: 1.654993e-02
time: 1.654993e-02
time: 1.654993e-02
time: 1.654993e-02
time: 1.654993e-02
time: 1.654993e-02
time: 1.654993e-02
time: 1.654993e-02
time: 1.654993e-02
time: 1.654993e-02
time: 1.654993e-02
time: 1.654993e-02
time: 1.654993e-02
time: 1.654993e-02
time: 1.654993e-02
time: 1.654993e-02
time: 1.654993e-02
time: 1.654993e-02
time: 1.654993e-02
time: 1.654993e-02
time: 1.654993e-02
time: 1.654993e-02
time: 1.654993e-02
time: 1.654993e-02
time: 1.654993e-02
time: 1.654993e-02
time: 1.654993e-02
time: 1.654993e-02
time: 1.654993e-02
time: 1.654993e-02
time: 1.654993e-02
time: 1.654993e-02
time: 1.654993e-02
time: 1.654993e-02
time: 1.654993e-02
time: 1.654993e-02
time: 1.654993e-02
time: 1.654993e-02
time: 1.654993e-02
time: 1.654993e-02
time: 1.654993e-02
time: 1.654993e-02
time: 1.654993e-02
time: 1.654993e-02
time: 1.654993e-02
time: 1.654993e-02
time: 1.654993e-02
time: 1.654993e-02
time: 1.654993e-02
time: 1.654993e-02
time: 1.654993e-02
time: 1.654993e-02
time: 1.654993e-02
time: 1.654993e-02
time: 1.664983e-02
time: 1.674973e-02
time: 1.684963e-02
time: 1.694953e-02
time: 1.714933e-02
time: 1.734913e-02
time: 1.754894e-02
time: 1.774874e-02
time: 1.794854e-02
time: 1.834814e-02
time: 1.874775e-02
time: 1.914735e-02
time: 1.954695e-02
time: 1.994656e-02
time: 2.048486e-02
time: 2.102316e-02
time: 2.156146e-02
time: 2.209977e-02
time: 2.263807e-02
time: 2.317637e-02
time: 2.371467e-02
time: 2.425297e-02
time: 2.479127e-02
time: 2.532958e-02
time: 2.586788e-02
time: 2.640618e-02
time: 2.640618e-02
time: 2.694448e-02
time: 2.748278e-02
time: 2.802109e-02
time: 2.855939e-02
time: 2.855939e-02
time: 2.909769e-02
time: 2.963599e-02
time: 3.017429e-02
time: 3.017429e-02
time: 3.083133e-02
time: 3.083133e-02
time: 3.083133e-02
time: 3.083133e-02
time: 3.083133e-02
time: 3.033855e-02
time: 3.033855e-02
time: 3.033855e-02
time: 3.033855e-02
time: 3.033855e-02
time: 3.033855e-02
time: 3.033855e-02
time: 3.033855e-02
time: 3.033855e-02
time: 3.033855e-02
time: 3.033855e-02
time: 3.033855e-02
time: 3.033855e-02
time: 3.033855e-02
time: 3.033855e-02
time: 3.033855e-02
time: 3.033855e-02
time: 3.033855e-02
time: 3.033855e-02
time: 3.033855e-02
time: 3.033855e-02
time: 3.033855e-02
time: 3.033855e-02
time: 3.033855e-02
time: 3.033855e-02
time: 3.033855e-02
time: 3.033855e-02
time: 3.033855e-02
time: 3.033855e-02
time: 3.033855e-02
time: 3.033855e-02
time: 3.033855e-02
time: 3.033855e-02
time: 3.033855e-02
time: 3.033855e-02
time: 3.033855e-02
time: 3.033855e-02
time: 3.033855e-02
time: 3.033855e-02
time: 3.033855e-02
time: 3.033855e-02
time: 3.033855e-02
time: 3.033855e-02
time: 3.033855e-02
time: 3.033855e-02
time: 3.033855e-02
time: 3.033855e-02
time: 3.033855e-02
time: 3.033855e-02
time: 3.033855e-02
time: 3.033855e-02
time: 3.033855e-02
time: 3.033855e-02
time: 3.033855e-02
time: 3.033855e-02
time: 3.050281e-02
time: 3.066707e-02
time: 3.083133e-02
time: 3.099559e-02
time: 3.132410e-02
time: 3.165262e-02
time: 3.198114e-02
time: 3.230965e-02
time: 3.263817e-02
time: 3.329521e-02
time: 3.395224e-02
time: 3.460927e-02
time: 3.526631e-02
time: 3.592334e-02
time: 3.692712e-02
time: 3.793089e-02
time: 3.893466e-02
time: 3.993843e-02
time: 4.094220e-02
time: 4.194598e-02
time: 4.294975e-02
time: 4.418079e-02
time: 4.541182e-02
time: 4.664286e-02
time: 4.787390e-02
time: 4.910494e-02
time: 5.033597e-02
time: 5.156701e-02
time: 5.306726e-02
time: 5.456750e-02
time: 5.456750e-02
time: 5.606775e-02
time: 5.756799e-02
time: 5.906824e-02
time: 6.056848e-02
time: 6.206873e-02
time: 6.206873e-02
time: 6.356897e-02
time: 6.506922e-02
time: 6.506922e-02
time: 6.656946e-02
time: 6.656946e-02
time: 6.806971e-02
time: 6.992274e-02
time: 7.177578e-02
time: 7.177578e-02
time: 7.362881e-02
time: 7.362881e-02
time: 7.548185e-02
time: 7.733488e-02
time: 7.918792e-02
time: 7.918792e-02
time: 8.104095e-02
time: 8.289399e-02
time: 8.289399e-02
time: 8.289399e-02
time: 8.474702e-02
time: 8.474702e-02
time: 8.474702e-02
time: 8.474702e-02
time: 8.660006e-02
time: 8.660006e-02
time: 8.660006e-02
time: 8.660006e-02
time: 8.845309e-02
time: 8.845309e-02
time: 8.845309e-02
time: 8.845309e-02
time: 8.845309e-02
time: 8.660006e-02
time: 8.706332e-02
time: 8.706332e-02
time: 8.706332e-02
time: 8.706332e-02
time: 8.706332e-02
time: 8.706332e-02
time: 8.706332e-02
time: 8.706332e-02
time: 8.706332e-02
time: 8.706332e-02
time: 8.706332e-02
time: 8.706332e-02
time: 8.706332e-02
time: 8.706332e-02
time: 8.706332e-02
time: 8.706332e-02
time: 8.706332e-02
time: 8.706332e-02
time: 8.706332e-02
time: 8.706332e-02
time: 8.706332e-02
time: 8.706332e-02
time: 8.706332e-02
time: 8.706332e-02
time: 8.706332e-02
time: 8.706332e-02
time: 8.706332e-02
time: 8.706332e-02
time: 8.706332e-02
time: 8.706332e-02
time: 8.706332e-02
time: 8.706332e-02
time: 8.706332e-02
time: 8.706332e-02
time: 8.706332e-02
time: 8.706332e-02
time: 8.706332e-02
time: 8.706332e-02
time: 8.706332e-02
time: 8.706332e-02
time: 8.706332e-02
time: 8.706332e-02
time: 8.706332e-02
time: 8.706332e-02
time: 8.706332e-02
time: 8.706332e-02
time: 8.706332e-02
time: 8.706332e-02
time: 8.706332e-02
time: 8.706332e-02
time: 8.706332e-02
time: 8.706332e-02
time: 8.706332e-02
time: 8.706332e-02
time: 8.706332e-02
time: 8.706332e-02
time: 8.670298e-02
time: 8.670298e-02
time: 8.664968e-02
time: 8.664968e-02
time: 8.662487e-02
time: 8.662487e-02
time: 8.664968e-02
time: 8.667449e-02
time: 8.669930e-02
time: 8.674892e-02
time: 8.679854e-02
time: 8.684816e-02
time: 8.694740e-02
time: 8.704664e-02
time: 8.714588e-02
time: 8.734437e-02
time: 8.754285e-02
time: 8.774133e-02
time: 8.793981e-02
time: 8.833678e-02
time: 8.873374e-02
time: 8.913071e-02
time: 8.952767e-02
time: 9.032160e-02
time: 9.111553e-02
time: 9.190946e-02
time: 9.270338e-02
time: 9.429124e-02
time: 9.587910e-02
time: 9.746695e-02
time: 9.905481e-02
time: 1.006427e-01
time: 1.032148e-01
time: 1.057870e-01
time: 1.083591e-01
time: 1.109313e-01
time: 1.135034e-01
time: 1.160756e-01
time: 1.192509e-01
time: 1.224262e-01
time: 1.256015e-01
time: 1.287768e-01
time: 1.319521e-01
time: 1.351274e-01
time: 1.390146e-01
time: 1.429019e-01
time: 1.467891e-01
time: 1.506763e-01
time: 1.545636e-01
time: 1.593084e-01
time: 1.640532e-01
time: 1.687980e-01
time: 1.735428e-01
time: 1.782876e-01
time: 1.843440e-01
time: 1.904004e-01
time: 1.964569e-01
time: 2.025133e-01
time: 2.085697e-01
time: 2.166715e-01
time: 2.247734e-01
time: 2.328752e-01
time: 2.409770e-01
time: 2.490789e-01
time: 2.604845e-01
time: 2.718902e-01
time: 2.832959e-01
time: 2.947016e-01
time: 3.061073e-01
time: 3.234291e-01
time: 3.407510e-01
time: 3.580728e-01
time: 3.753947e-01
time: 3.927165e-01
time: 4.273602e-01
time: 4.620039e-01
time: 4.966476e-01
time: 5.312913e-01
time: 6.005787e-01
time: 6.698662e-01
time: 7.391536e-01
time: 8.777284e-01
time: 1.000000e+00
Number of steps: 748, current time 1.000000

==== Status of problem ====

Parser configured
Database configured
Mixture configured
Solution configured
Solver configured
Problem solved

==== END of Status ====

ULF run took 54.43 s

==== ULF END ====
