# RUNNING VERSION '1.07-1'
+==========================================================================================================+
|                                                                                                          |
|                                                                                              #           |
|                                                                                             ##           |
|                                                                                            ###           |
|                                                                                          ####            |
|                                                          TU Freiberg                    ######           |
|                                                          Chair of Numerical            #### ##           |
|                                                          Thermo-Fluid-Dynamics         ########          |
|        Universal Laminar Flame Solver                                                  #### #####        |
|                                                                                          ##########      |
|                                                                                                #####     |
|                            ###    ##########             ####  ################################# ###     |
|                           ####  ####                    #####     ####   ####          ######### ###     |
|                          ####  ####                    ######     ###   ###                  ### ###     |
|         ####      ####  ################              ###  ###   ###   #########   ###       ### ##      |
|        ####      ####  ################              ###   ###  ###   ########    ###       ### ###      |
|       ####       ###  #### ####                     ###    ### ###   ###         ##       ### ###        |
|       #####   #####  #### ####                     ###      #####   ###         ###    ##### ###         |
|        ##########   ####  ###                     ###       #############      ########## #####          |
|                                                        #######################################           |
|                                                      ###               #####################             |
|                                                                             ############                 |
|                                                                                                          |
+==========================================================================================================+
                                                                                                            
ULF run at Tue Sep 15 21:47:15 2015



==== Status of problem ====

Parser configured
Database configured
Mixture configured
Solution configured
Solver configured
Problem NOT solved

==== END of Status ====
time: 0.000000e+00
time: 4.848104e-10
time: 4.848104e-10
time: 4.848104e-10
time: 4.848104e-10
time: 4.848104e-10
time: 4.848104e-10
time: 4.848104e-10
time: 4.848104e-10
time: 4.848104e-10
time: 4.848104e-10
time: 4.848104e-10
time: 4.848104e-10
time: 4.848104e-10
time: 4.848104e-10
time: 4.848104e-10
time: 4.848104e-10
time: 4.848104e-10
time: 4.848104e-10
time: 4.848104e-10
time: 4.848104e-10
time: 4.848104e-10
time: 4.848104e-10
time: 4.848104e-10
time: 4.848104e-10
time: 4.848104e-10
time: 4.848104e-10
time: 4.848104e-10
time: 4.848104e-10
time: 4.848104e-10
time: 4.848104e-10
time: 4.848104e-10
time: 4.848104e-10
time: 4.848104e-10
time: 4.848104e-10
time: 4.848104e-10
time: 4.848104e-10
time: 4.848104e-10
time: 4.848104e-10
time: 4.848104e-10
time: 4.848104e-10
time: 4.848104e-10
time: 4.848104e-10
time: 4.848104e-10
time: 4.848104e-10
time: 4.848104e-10
time: 4.848104e-10
time: 4.848104e-10
time: 4.848104e-10
time: 4.848104e-10
time: 4.848104e-10
time: 4.848104e-10
time: 4.848104e-10
time: 4.848104e-10
time: 4.848104e-10
time: 4.848104e-10
time: 9.696208e-10
time: 1.454431e-09
time: 5.097696e-08
time: 1.004995e-07
time: 1.500220e-07
time: 2.443862e-07
time: 3.387503e-07
time: 4.331145e-07
time: 5.932153e-07
time: 7.533161e-07
time: 9.134169e-07
time: 1.151116e-06
time: 1.388815e-06
time: 1.626514e-06
time: 2.131756e-06
time: 2.636998e-06
time: 3.142241e-06
time: 3.647483e-06
time: 4.458432e-06
time: 5.269382e-06
time: 6.080331e-06
time: 6.891281e-06
time: 8.288524e-06
time: 9.685767e-06
time: 1.108301e-05
time: 1.248025e-05
time: 1.459621e-05
time: 1.671217e-05
time: 1.882814e-05
time: 2.094410e-05
time: 2.517602e-05
time: 2.517602e-05
time: 2.940794e-05
time: 2.940794e-05
time: 3.363986e-05
time: 3.363986e-05
time: 3.787178e-05
time: 4.210370e-05
time: 4.757445e-05
time: 5.304521e-05
time: 5.851596e-05
time: 6.398672e-05
time: 6.945747e-05
time: 7.630939e-05
time: 8.316131e-05
time: 9.001323e-05
time: 9.686515e-05
time: 1.037171e-04
time: 1.122845e-04
time: 1.208519e-04
time: 1.294192e-04
time: 1.379866e-04
time: 1.465540e-04
time: 1.572957e-04
time: 1.572957e-04
time: 1.680374e-04
time: 1.787791e-04
time: 1.787791e-04
time: 1.895208e-04
time: 2.002624e-04
time: 2.002624e-04
time: 2.110041e-04
time: 2.217458e-04
time: 2.217458e-04
time: 2.217458e-04
time: 2.324875e-04
time: 2.324875e-04
time: 2.324875e-04
time: 2.324875e-04
time: 2.432292e-04
time: 2.568768e-04
time: 2.705243e-04
time: 2.705243e-04
time: 2.705243e-04
time: 2.841719e-04
time: 2.841719e-04
time: 2.841719e-04
time: 2.841719e-04
time: 2.841719e-04
time: 2.739362e-04
time: 2.739362e-04
time: 2.739362e-04
time: 2.739362e-04
time: 2.739362e-04
time: 2.739362e-04
time: 2.739362e-04
time: 2.739362e-04
time: 2.739362e-04
time: 2.739362e-04
time: 2.739362e-04
time: 2.739362e-04
time: 2.739362e-04
time: 2.739362e-04
time: 2.739362e-04
time: 2.739362e-04
time: 2.739362e-04
time: 2.739362e-04
time: 2.739362e-04
time: 2.739362e-04
time: 2.739362e-04
time: 2.739362e-04
time: 2.739362e-04
time: 2.739362e-04
time: 2.739362e-04
time: 2.739362e-04
time: 2.739362e-04
time: 2.739362e-04
time: 2.739362e-04
time: 2.739362e-04
time: 2.739362e-04
time: 2.739362e-04
time: 2.739362e-04
time: 2.739362e-04
time: 2.739362e-04
time: 2.739362e-04
time: 2.739362e-04
time: 2.739362e-04
time: 2.739362e-04
time: 2.739362e-04
time: 2.739362e-04
time: 2.739362e-04
time: 2.739362e-04
time: 2.739362e-04
time: 2.739362e-04
time: 2.739362e-04
time: 2.739362e-04
time: 2.739362e-04
time: 2.739362e-04
time: 2.739362e-04
time: 2.739362e-04
time: 2.739362e-04
time: 2.739362e-04
time: 2.739362e-04
time: 2.739362e-04
time: 2.773481e-04
time: 2.807600e-04
time: 2.841719e-04
time: 2.875838e-04
time: 2.944076e-04
time: 3.012314e-04
time: 3.080552e-04
time: 3.148790e-04
time: 3.285266e-04
time: 3.285266e-04
time: 3.421742e-04
time: 3.558218e-04
time: 3.694694e-04
time: 3.694694e-04
time: 3.831169e-04
time: 3.831169e-04
time: 3.967645e-04
time: 3.967645e-04
time: 4.104121e-04
time: 4.104121e-04
time: 4.240597e-04
time: 4.240597e-04
time: 4.172359e-04
time: 4.240597e-04
time: 4.308835e-04
time: 4.377073e-04
time: 4.445311e-04
time: 4.513549e-04
time: 4.595782e-04
time: 4.595782e-04
time: 4.678015e-04
time: 4.678015e-04
time: 4.760248e-04
time: 4.760248e-04
time: 4.842481e-04
time: 4.842481e-04
time: 4.924713e-04
time: 4.924713e-04
time: 5.006946e-04
time: 5.006946e-04
time: 5.089179e-04
time: 5.089179e-04
time: 5.171412e-04
time: 5.171412e-04
time: 5.130296e-04
time: 5.171412e-04
time: 5.212529e-04
time: 5.253645e-04
time: 5.294762e-04
time: 5.335878e-04
time: 5.335878e-04
time: 5.376995e-04
time: 5.431017e-04
time: 5.485040e-04
time: 5.485040e-04
time: 5.539063e-04
time: 5.539063e-04
time: 5.539063e-04
time: 5.593085e-04
time: 5.593085e-04
time: 5.593085e-04
time: 5.647108e-04
time: 5.647108e-04
time: 5.647108e-04
time: 5.701131e-04
time: 5.701131e-04
time: 5.701131e-04
time: 5.674119e-04
time: 5.701131e-04
time: 5.728142e-04
time: 5.755153e-04
time: 5.755153e-04
time: 5.782165e-04
time: 5.809176e-04
time: 5.836187e-04
time: 5.863199e-04
time: 5.863199e-04
time: 5.890210e-04
time: 5.917221e-04
time: 5.917221e-04
time: 5.944233e-04
time: 5.944233e-04
time: 5.971244e-04
time: 5.998255e-04
time: 5.998255e-04
time: 6.025267e-04
time: 6.025267e-04
time: 6.052278e-04
time: 6.079289e-04
time: 6.079289e-04
time: 6.106301e-04
time: 6.106301e-04
time: 6.133312e-04
time: 6.133312e-04
time: 6.133312e-04
time: 6.160323e-04
time: 6.160323e-04
time: 6.187335e-04
time: 6.187335e-04
time: 6.214346e-04
time: 6.214346e-04
time: 6.241357e-04
time: 6.241357e-04
time: 6.268369e-04
time: 6.268369e-04
time: 6.295380e-04
time: 6.295380e-04
time: 6.322391e-04
time: 6.322391e-04
time: 6.349403e-04
time: 6.376414e-04
time: 6.376414e-04
time: 6.376414e-04
time: 6.403425e-04
time: 6.403425e-04
time: 6.403425e-04
time: 6.403425e-04
time: 6.430437e-04
time: 6.457448e-04
time: 6.457448e-04
time: 6.457448e-04
time: 6.484459e-04
time: 6.484459e-04
time: 6.484459e-04
time: 6.511471e-04
time: 6.511471e-04
time: 6.511471e-04
time: 6.538482e-04
time: 6.538482e-04
time: 6.538482e-04
time: 6.538482e-04
time: 6.565493e-04
time: 6.599899e-04
time: 6.599899e-04
time: 6.599899e-04
time: 6.599899e-04
time: 6.634304e-04
time: 6.634304e-04
time: 6.634304e-04
time: 6.634304e-04
time: 6.634304e-04
time: 6.608500e-04
time: 6.608500e-04
time: 6.608500e-04
time: 6.608500e-04
time: 6.608500e-04
time: 6.608500e-04
time: 6.608500e-04
time: 6.608500e-04
time: 6.608500e-04
time: 6.608500e-04
time: 6.608500e-04
time: 6.608500e-04
time: 6.608500e-04
time: 6.608500e-04
time: 6.608500e-04
time: 6.608500e-04
time: 6.608500e-04
time: 6.608500e-04
time: 6.608500e-04
time: 6.608500e-04
time: 6.608500e-04
time: 6.608500e-04
time: 6.608500e-04
time: 6.608500e-04
time: 6.608500e-04
time: 6.608500e-04
time: 6.608500e-04
time: 6.608500e-04
time: 6.608500e-04
time: 6.608500e-04
time: 6.608500e-04
time: 6.608500e-04
time: 6.608500e-04
time: 6.608500e-04
time: 6.608500e-04
time: 6.608500e-04
time: 6.608500e-04
time: 6.608500e-04
time: 6.608500e-04
time: 6.608500e-04
time: 6.608500e-04
time: 6.608500e-04
time: 6.608500e-04
time: 6.608500e-04
time: 6.608500e-04
time: 6.608500e-04
time: 6.608500e-04
time: 6.608500e-04
time: 6.608500e-04
time: 6.608500e-04
time: 6.608500e-04
time: 6.608500e-04
time: 6.608500e-04
time: 6.608500e-04
time: 6.608500e-04
time: 6.617102e-04
time: 6.625703e-04
time: 6.634304e-04
time: 6.642906e-04
time: 6.660109e-04
time: 6.677311e-04
time: 6.694514e-04
time: 6.711717e-04
time: 6.711717e-04
time: 6.743068e-04
time: 6.743068e-04
time: 6.774418e-04
time: 6.805769e-04
time: 6.805769e-04
time: 6.837120e-04
time: 6.837120e-04
time: 6.868470e-04
time: 6.868470e-04
time: 6.899821e-04
time: 6.899821e-04
time: 6.931172e-04
time: 6.931172e-04
time: 6.962522e-04
time: 6.962522e-04
time: 6.993873e-04
time: 6.993873e-04
time: 7.025224e-04
time: 7.025224e-04
time: 7.056575e-04
time: 7.056575e-04
time: 7.087925e-04
time: 7.087925e-04
time: 7.119276e-04
time: 7.119276e-04
time: 7.150627e-04
time: 7.150627e-04
time: 7.181977e-04
time: 7.181977e-04
time: 7.213328e-04
time: 7.213328e-04
time: 7.244679e-04
time: 7.276029e-04
time: 7.307380e-04
time: 7.307380e-04
time: 7.338731e-04
time: 7.370082e-04
time: 7.401432e-04
time: 7.401432e-04
time: 7.432783e-04
time: 7.432783e-04
time: 7.464134e-04
time: 7.495484e-04
time: 7.495484e-04
time: 7.526835e-04
time: 7.558186e-04
time: 7.558186e-04
time: 7.589536e-04
time: 7.620887e-04
time: 7.620887e-04
time: 7.658591e-04
time: 7.696295e-04
time: 7.696295e-04
time: 7.696295e-04
time: 7.733999e-04
time: 7.733999e-04
time: 7.733999e-04
time: 7.771703e-04
time: 7.771703e-04
time: 7.809407e-04
time: 7.856292e-04
time: 7.856292e-04
time: 7.903178e-04
time: 7.950064e-04
time: 7.950064e-04
time: 7.950064e-04
time: 7.996949e-04
time: 7.996949e-04
time: 7.996949e-04
time: 8.043835e-04
time: 8.043835e-04
time: 8.090721e-04
time: 8.154014e-04
time: 8.154014e-04
time: 8.154014e-04
time: 8.217307e-04
time: 8.217307e-04
time: 8.217307e-04
time: 8.280600e-04
time: 8.280600e-04
time: 8.280600e-04
time: 8.343894e-04
time: 8.343894e-04
time: 8.343894e-04
time: 8.407187e-04
time: 8.407187e-04
time: 8.407187e-04
time: 8.470480e-04
time: 8.470480e-04
time: 8.470480e-04
time: 8.533774e-04
time: 8.533774e-04
time: 8.533774e-04
time: 8.597067e-04
time: 8.597067e-04
time: 8.597067e-04
time: 8.660360e-04
time: 8.660360e-04
time: 8.660360e-04
time: 8.723654e-04
time: 8.723654e-04
time: 8.786947e-04
time: 8.863799e-04
time: 8.863799e-04
time: 8.863799e-04
time: 8.863799e-04
time: 8.940652e-04
time: 9.017504e-04
time: 9.094357e-04
time: 9.094357e-04
time: 9.171209e-04
time: 9.171209e-04
time: 9.171209e-04
time: 9.248061e-04
time: 9.248061e-04
time: 9.248061e-04
time: 9.248061e-04
time: 9.248061e-04
time: 9.190422e-04
time: 9.190422e-04
time: 9.190422e-04
time: 9.190422e-04
time: 9.190422e-04
time: 9.190422e-04
time: 9.190422e-04
time: 9.190422e-04
time: 9.190422e-04
time: 9.190422e-04
time: 9.190422e-04
time: 9.190422e-04
time: 9.190422e-04
time: 9.190422e-04
time: 9.190422e-04
time: 9.190422e-04
time: 9.190422e-04
time: 9.190422e-04
time: 9.190422e-04
time: 9.190422e-04
time: 9.190422e-04
time: 9.190422e-04
time: 9.190422e-04
time: 9.190422e-04
time: 9.190422e-04
time: 9.190422e-04
time: 9.190422e-04
time: 9.190422e-04
time: 9.190422e-04
time: 9.190422e-04
time: 9.190422e-04
time: 9.190422e-04
time: 9.190422e-04
time: 9.190422e-04
time: 9.190422e-04
time: 9.190422e-04
time: 9.190422e-04
time: 9.190422e-04
time: 9.190422e-04
time: 9.190422e-04
time: 9.190422e-04
time: 9.190422e-04
time: 9.190422e-04
time: 9.190422e-04
time: 9.190422e-04
time: 9.190422e-04
time: 9.190422e-04
time: 9.190422e-04
time: 9.190422e-04
time: 9.190422e-04
time: 9.190422e-04
time: 9.190422e-04
time: 9.190422e-04
time: 9.190422e-04
time: 9.190422e-04
time: 9.209635e-04
time: 9.228848e-04
time: 9.248061e-04
time: 9.267275e-04
time: 9.305701e-04
time: 9.344127e-04
time: 9.382553e-04
time: 9.420979e-04
time: 9.497832e-04
time: 9.574684e-04
time: 9.651537e-04
time: 9.728389e-04
time: 9.805241e-04
time: 9.926412e-04
time: 1.004758e-03
time: 1.016875e-03
time: 1.028992e-03
time: 1.041109e-03
time: 1.053226e-03
time: 1.065344e-03
time: 1.077461e-03
time: 1.089578e-03
time: 1.101695e-03
time: 1.116595e-03
time: 1.131495e-03
time: 1.146395e-03
time: 1.161294e-03
time: 1.176194e-03
time: 1.191094e-03
time: 1.209094e-03
time: 1.227094e-03
time: 1.227094e-03
time: 1.245094e-03
time: 1.245094e-03
time: 1.263094e-03
time: 1.281093e-03
time: 1.299093e-03
time: 1.299093e-03
time: 1.317093e-03
time: 1.335093e-03
time: 1.353093e-03
time: 1.353093e-03
time: 1.371092e-03
time: 1.389092e-03
time: 1.407092e-03
time: 1.425092e-03
time: 1.425092e-03
time: 1.443092e-03
time: 1.465020e-03
time: 1.486948e-03
time: 1.486948e-03
time: 1.508877e-03
time: 1.530805e-03
time: 1.530805e-03
time: 1.552733e-03
time: 1.579115e-03
time: 1.579115e-03
time: 1.605497e-03
time: 1.605497e-03
time: 1.631879e-03
time: 1.631879e-03
time: 1.658262e-03
time: 1.658262e-03
time: 1.684644e-03
time: 1.684644e-03
time: 1.711026e-03
time: 1.711026e-03
time: 1.711026e-03
time: 1.737408e-03
time: 1.737408e-03
time: 1.737408e-03
time: 1.737408e-03
time: 1.763790e-03
time: 1.763790e-03
time: 1.790172e-03
time: 1.790172e-03
time: 1.790172e-03
time: 1.816554e-03
time: 1.816554e-03
time: 1.816554e-03
time: 1.816554e-03
time: 1.842936e-03
time: 1.842936e-03
time: 1.842936e-03
time: 1.869318e-03
time: 1.904623e-03
time: 1.904623e-03
time: 1.939927e-03
time: 1.939927e-03
time: 1.939927e-03
time: 1.975232e-03
time: 1.975232e-03
time: 1.975232e-03
time: 1.975232e-03
time: 1.975232e-03
time: 1.948753e-03
time: 1.948753e-03
time: 1.948753e-03
time: 1.948753e-03
time: 1.948753e-03
time: 1.948753e-03
time: 1.948753e-03
time: 1.948753e-03
time: 1.948753e-03
time: 1.948753e-03
time: 1.948753e-03
time: 1.948753e-03
time: 1.948753e-03
time: 1.948753e-03
time: 1.948753e-03
time: 1.948753e-03
time: 1.948753e-03
time: 1.948753e-03
time: 1.948753e-03
time: 1.948753e-03
time: 1.948753e-03
time: 1.948753e-03
time: 1.948753e-03
time: 1.948753e-03
time: 1.948753e-03
time: 1.948753e-03
time: 1.948753e-03
time: 1.948753e-03
time: 1.948753e-03
time: 1.948753e-03
time: 1.948753e-03
time: 1.948753e-03
time: 1.948753e-03
time: 1.948753e-03
time: 1.948753e-03
time: 1.948753e-03
time: 1.948753e-03
time: 1.948753e-03
time: 1.948753e-03
time: 1.948753e-03
time: 1.948753e-03
time: 1.948753e-03
time: 1.948753e-03
time: 1.948753e-03
time: 1.948753e-03
time: 1.948753e-03
time: 1.948753e-03
time: 1.948753e-03
time: 1.948753e-03
time: 1.948753e-03
time: 1.948753e-03
time: 1.948753e-03
time: 1.948753e-03
time: 1.948753e-03
time: 1.948753e-03
time: 1.957580e-03
time: 1.966406e-03
time: 1.975232e-03
time: 1.984058e-03
time: 2.001710e-03
time: 2.019362e-03
time: 2.037015e-03
time: 2.054667e-03
time: 2.089972e-03
time: 2.089972e-03
time: 2.125276e-03
time: 2.160581e-03
time: 2.195885e-03
time: 2.231190e-03
time: 2.280602e-03
time: 2.330014e-03
time: 2.379426e-03
time: 2.428838e-03
time: 2.478250e-03
time: 2.527663e-03
time: 2.588407e-03
time: 2.649152e-03
time: 2.709897e-03
time: 2.770642e-03
time: 2.831387e-03
time: 2.892132e-03
time: 2.952877e-03
time: 3.027336e-03
time: 3.101795e-03
time: 3.176253e-03
time: 3.250712e-03
time: 3.325171e-03
time: 3.399630e-03
time: 3.474089e-03
time: 3.564999e-03
time: 3.655908e-03
time: 3.746818e-03
time: 3.837727e-03
time: 3.928637e-03
time: 4.019547e-03
time: 4.110456e-03
time: 4.201366e-03
time: 4.292276e-03
time: 4.292276e-03
time: 4.383185e-03
time: 4.474095e-03
time: 4.565005e-03
time: 4.565005e-03
time: 4.655914e-03
time: 4.746824e-03
time: 4.837734e-03
time: 4.837734e-03
time: 4.837734e-03
time: 4.928643e-03
time: 4.928643e-03
time: 4.928643e-03
time: 5.019553e-03
time: 5.019553e-03
time: 5.019553e-03
time: 5.019553e-03
time: 5.110463e-03
time: 5.110463e-03
time: 5.110463e-03
time: 5.201372e-03
time: 5.201372e-03
time: 5.292282e-03
time: 5.415884e-03
time: 5.415884e-03
time: 5.415884e-03
time: 5.539487e-03
time: 5.539487e-03
time: 5.539487e-03
time: 5.539487e-03
time: 5.663090e-03
time: 5.663090e-03
time: 5.663090e-03
time: 5.786692e-03
time: 5.786692e-03
time: 5.910295e-03
time: 6.059220e-03
time: 6.059220e-03
time: 6.059220e-03
time: 6.059220e-03
time: 6.208145e-03
time: 6.208145e-03
time: 6.357070e-03
time: 6.357070e-03
time: 6.357070e-03
time: 6.357070e-03
time: 6.505996e-03
time: 6.505996e-03
time: 6.505996e-03
time: 6.505996e-03
time: 6.654921e-03
time: 6.654921e-03
time: 6.654921e-03
time: 6.654921e-03
time: 6.654921e-03
time: 6.543227e-03
time: 6.543227e-03
time: 6.543227e-03
time: 6.543227e-03
time: 6.543227e-03
time: 6.543227e-03
time: 6.543227e-03
time: 6.543227e-03
time: 6.543227e-03
time: 6.543227e-03
time: 6.543227e-03
time: 6.543227e-03
time: 6.543227e-03
time: 6.543227e-03
time: 6.543227e-03
time: 6.543227e-03
time: 6.543227e-03
time: 6.543227e-03
time: 6.543227e-03
time: 6.543227e-03
time: 6.543227e-03
time: 6.543227e-03
time: 6.543227e-03
time: 6.543227e-03
time: 6.543227e-03
time: 6.543227e-03
time: 6.543227e-03
time: 6.543227e-03
time: 6.543227e-03
time: 6.543227e-03
time: 6.543227e-03
time: 6.543227e-03
time: 6.543227e-03
time: 6.543227e-03
time: 6.543227e-03
time: 6.543227e-03
time: 6.543227e-03
time: 6.543227e-03
time: 6.543227e-03
time: 6.543227e-03
time: 6.543227e-03
time: 6.543227e-03
time: 6.543227e-03
time: 6.543227e-03
time: 6.543227e-03
time: 6.543227e-03
time: 6.543227e-03
time: 6.543227e-03
time: 6.543227e-03
time: 6.543227e-03
time: 6.543227e-03
time: 6.543227e-03
time: 6.543227e-03
time: 6.543227e-03
time: 6.543227e-03
time: 6.543227e-03
time: 6.520043e-03
time: 6.520043e-03
time: 6.534090e-03
time: 6.534090e-03
time: 6.548137e-03
time: 6.548137e-03
time: 6.562184e-03
time: 6.562184e-03
time: 6.590278e-03
time: 6.618373e-03
time: 6.646467e-03
time: 6.674561e-03
time: 6.730750e-03
time: 6.786939e-03
time: 6.843127e-03
time: 6.899316e-03
time: 7.011693e-03
time: 7.124071e-03
time: 7.236448e-03
time: 7.348825e-03
time: 7.461202e-03
time: 7.660920e-03
time: 7.860637e-03
time: 8.060354e-03
time: 8.260071e-03
time: 8.459789e-03
time: 8.659506e-03
time: 8.859223e-03
time: 9.103743e-03
time: 9.348262e-03
time: 9.592782e-03
time: 9.837301e-03
time: 1.008182e-02
time: 1.032634e-02
time: 1.057086e-02
time: 1.081538e-02
time: 1.111003e-02
time: 1.111003e-02
time: 1.140468e-02
time: 1.169933e-02
time: 1.169933e-02
time: 1.199397e-02
time: 1.228862e-02
time: 1.228862e-02
time: 1.228862e-02
time: 1.258327e-02
time: 1.258327e-02
time: 1.258327e-02
time: 1.258327e-02
time: 1.287792e-02
time: 1.317257e-02
time: 1.346722e-02
time: 1.346722e-02
time: 1.376187e-02
time: 1.376187e-02
time: 1.412318e-02
time: 1.412318e-02
time: 1.412318e-02
time: 1.448450e-02
time: 1.448450e-02
time: 1.448450e-02
time: 1.448450e-02
time: 1.448450e-02
time: 1.421351e-02
time: 1.421351e-02
time: 1.421351e-02
time: 1.421351e-02
time: 1.421351e-02
time: 1.421351e-02
time: 1.421351e-02
time: 1.421351e-02
time: 1.421351e-02
time: 1.421351e-02
time: 1.421351e-02
time: 1.421351e-02
time: 1.421351e-02
time: 1.421351e-02
time: 1.421351e-02
time: 1.421351e-02
time: 1.421351e-02
time: 1.421351e-02
time: 1.421351e-02
time: 1.421351e-02
time: 1.421351e-02
time: 1.421351e-02
time: 1.421351e-02
time: 1.421351e-02
time: 1.421351e-02
time: 1.421351e-02
time: 1.421351e-02
time: 1.421351e-02
time: 1.421351e-02
time: 1.421351e-02
time: 1.421351e-02
time: 1.421351e-02
time: 1.421351e-02
time: 1.421351e-02
time: 1.421351e-02
time: 1.421351e-02
time: 1.421351e-02
time: 1.421351e-02
time: 1.421351e-02
time: 1.421351e-02
time: 1.421351e-02
time: 1.421351e-02
time: 1.421351e-02
time: 1.421351e-02
time: 1.421351e-02
time: 1.421351e-02
time: 1.421351e-02
time: 1.421351e-02
time: 1.421351e-02
time: 1.421351e-02
time: 1.421351e-02
time: 1.421351e-02
time: 1.421351e-02
time: 1.421351e-02
time: 1.421351e-02
time: 1.430384e-02
time: 1.439417e-02
time: 1.448450e-02
time: 1.457483e-02
time: 1.475549e-02
time: 1.493615e-02
time: 1.511681e-02
time: 1.511681e-02
time: 1.529746e-02
time: 1.529746e-02
time: 1.565878e-02
time: 1.565878e-02
time: 1.602010e-02
time: 1.602010e-02
time: 1.638142e-02
time: 1.638142e-02
time: 1.674273e-02
time: 1.710405e-02
time: 1.755113e-02
time: 1.799820e-02
time: 1.844527e-02
time: 1.889235e-02
time: 1.933942e-02
time: 1.978649e-02
time: 2.032363e-02
time: 2.086077e-02
time: 2.139791e-02
time: 2.139791e-02
time: 2.193504e-02
time: 2.247218e-02
time: 2.300932e-02
time: 2.300932e-02
time: 2.354646e-02
time: 2.408360e-02
time: 2.408360e-02
time: 2.408360e-02
time: 2.408360e-02
time: 2.408360e-02
time: 2.368074e-02
time: 2.368074e-02
time: 2.368074e-02
time: 2.368074e-02
time: 2.368074e-02
time: 2.368074e-02
time: 2.368074e-02
time: 2.368074e-02
time: 2.368074e-02
time: 2.368074e-02
time: 2.368074e-02
time: 2.368074e-02
time: 2.368074e-02
time: 2.368074e-02
time: 2.368074e-02
time: 2.368074e-02
time: 2.368074e-02
time: 2.368074e-02
time: 2.368074e-02
time: 2.368074e-02
time: 2.368074e-02
time: 2.368074e-02
time: 2.368074e-02
time: 2.368074e-02
time: 2.368074e-02
time: 2.368074e-02
time: 2.368074e-02
time: 2.368074e-02
time: 2.368074e-02
time: 2.368074e-02
time: 2.368074e-02
time: 2.368074e-02
time: 2.368074e-02
time: 2.368074e-02
time: 2.368074e-02
time: 2.368074e-02
time: 2.368074e-02
time: 2.368074e-02
time: 2.368074e-02
time: 2.368074e-02
time: 2.368074e-02
time: 2.368074e-02
time: 2.368074e-02
time: 2.368074e-02
time: 2.368074e-02
time: 2.368074e-02
time: 2.368074e-02
time: 2.368074e-02
time: 2.368074e-02
time: 2.368074e-02
time: 2.368074e-02
time: 2.368074e-02
time: 2.368074e-02
time: 2.368074e-02
time: 2.368074e-02
time: 2.381503e-02
time: 2.394931e-02
time: 2.408360e-02
time: 2.421788e-02
time: 2.448645e-02
time: 2.475502e-02
time: 2.502359e-02
time: 2.529216e-02
time: 2.582929e-02
time: 2.582929e-02
time: 2.636643e-02
time: 2.690357e-02
time: 2.744071e-02
time: 2.797784e-02
time: 2.870883e-02
time: 2.943982e-02
time: 3.017081e-02
time: 3.090180e-02
time: 3.163279e-02
time: 3.236378e-02
time: 3.324272e-02
time: 3.324272e-02
time: 3.412165e-02
time: 3.500059e-02
time: 3.500059e-02
time: 3.587953e-02
time: 3.675847e-02
time: 3.675847e-02
time: 3.763741e-02
time: 3.763741e-02
time: 3.851635e-02
time: 3.851635e-02
time: 3.939529e-02
time: 3.939529e-02
time: 3.939529e-02
time: 3.939529e-02
time: 3.939529e-02
time: 3.873608e-02
time: 3.873608e-02
time: 3.873608e-02
time: 3.873608e-02
time: 3.873608e-02
time: 3.873608e-02
time: 3.873608e-02
time: 3.873608e-02
time: 3.873608e-02
time: 3.873608e-02
time: 3.873608e-02
time: 3.873608e-02
time: 3.873608e-02
time: 3.873608e-02
time: 3.873608e-02
time: 3.873608e-02
time: 3.873608e-02
time: 3.873608e-02
time: 3.873608e-02
time: 3.873608e-02
time: 3.873608e-02
time: 3.873608e-02
time: 3.873608e-02
time: 3.873608e-02
time: 3.873608e-02
time: 3.873608e-02
time: 3.873608e-02
time: 3.873608e-02
time: 3.873608e-02
time: 3.873608e-02
time: 3.873608e-02
time: 3.873608e-02
time: 3.873608e-02
time: 3.873608e-02
time: 3.873608e-02
time: 3.873608e-02
time: 3.873608e-02
time: 3.873608e-02
time: 3.873608e-02
time: 3.873608e-02
time: 3.873608e-02
time: 3.873608e-02
time: 3.873608e-02
time: 3.873608e-02
time: 3.873608e-02
time: 3.873608e-02
time: 3.873608e-02
time: 3.873608e-02
time: 3.873608e-02
time: 3.873608e-02
time: 3.873608e-02
time: 3.873608e-02
time: 3.873608e-02
time: 3.873608e-02
time: 3.873608e-02
time: 3.895582e-02
time: 3.917555e-02
time: 3.939529e-02
time: 3.961502e-02
time: 4.005449e-02
time: 4.049396e-02
time: 4.093343e-02
time: 4.137290e-02
time: 4.225184e-02
time: 4.225184e-02
time: 4.313078e-02
time: 4.400972e-02
time: 4.488866e-02
time: 4.576760e-02
time: 4.698509e-02
time: 4.820258e-02
time: 4.942007e-02
time: 5.063756e-02
time: 5.185505e-02
time: 5.307255e-02
time: 5.455486e-02
time: 5.603717e-02
time: 5.603717e-02
time: 5.751948e-02
time: 5.900178e-02
time: 6.048409e-02
time: 6.048409e-02
time: 6.196640e-02
time: 6.344871e-02
time: 6.493102e-02
time: 6.641333e-02
time: 6.641333e-02
time: 6.641333e-02
time: 6.789564e-02
time: 6.789564e-02
time: 6.789564e-02
time: 6.789564e-02
time: 6.937795e-02
time: 6.937795e-02
time: 7.086026e-02
time: 7.086026e-02
time: 7.086026e-02
time: 7.086026e-02
time: 7.234257e-02
time: 7.234257e-02
time: 7.234257e-02
time: 7.382488e-02
time: 7.382488e-02
time: 7.382488e-02
time: 7.530719e-02
time: 7.530719e-02
time: 7.530719e-02
time: 7.530719e-02
time: 7.530719e-02
time: 7.419546e-02
time: 7.419546e-02
time: 7.419546e-02
time: 7.419546e-02
time: 7.419546e-02
time: 7.419546e-02
time: 7.419546e-02
time: 7.419546e-02
time: 7.419546e-02
time: 7.419546e-02
time: 7.419546e-02
time: 7.419546e-02
time: 7.419546e-02
time: 7.419546e-02
time: 7.419546e-02
time: 7.419546e-02
time: 7.419546e-02
time: 7.419546e-02
time: 7.419546e-02
time: 7.419546e-02
time: 7.419546e-02
time: 7.419546e-02
time: 7.419546e-02
time: 7.419546e-02
time: 7.419546e-02
time: 7.419546e-02
time: 7.419546e-02
time: 7.419546e-02
time: 7.419546e-02
time: 7.419546e-02
time: 7.419546e-02
time: 7.419546e-02
time: 7.419546e-02
time: 7.419546e-02
time: 7.419546e-02
time: 7.419546e-02
time: 7.419546e-02
time: 7.419546e-02
time: 7.419546e-02
time: 7.419546e-02
time: 7.419546e-02
time: 7.419546e-02
time: 7.419546e-02
time: 7.419546e-02
time: 7.419546e-02
time: 7.419546e-02
time: 7.419546e-02
time: 7.419546e-02
time: 7.419546e-02
time: 7.419546e-02
time: 7.419546e-02
time: 7.419546e-02
time: 7.419546e-02
time: 7.419546e-02
time: 7.419546e-02
time: 7.456604e-02
time: 7.493661e-02
time: 7.530719e-02
time: 7.567777e-02
time: 7.641892e-02
time: 7.716008e-02
time: 7.790123e-02
time: 7.864239e-02
time: 8.012470e-02
time: 8.160701e-02
time: 8.308932e-02
time: 8.457163e-02
time: 8.605394e-02
time: 8.831170e-02
time: 9.056946e-02
time: 9.282722e-02
time: 9.508498e-02
time: 9.734274e-02
time: 1.000747e-01
time: 1.028066e-01
time: 1.055386e-01
time: 1.082705e-01
time: 1.110024e-01
time: 1.137344e-01
time: 1.164663e-01
time: 1.198126e-01
time: 1.231590e-01
time: 1.265053e-01
time: 1.298516e-01
time: 1.331980e-01
time: 1.365443e-01
time: 1.398906e-01
time: 1.439406e-01
time: 1.479905e-01
time: 1.520404e-01
time: 1.560904e-01
time: 1.601403e-01
time: 1.641902e-01
time: 1.641902e-01
time: 1.641902e-01
time: 1.682401e-01
time: 1.682401e-01
time: 1.682401e-01
time: 1.682401e-01
time: 1.722901e-01
time: 1.763400e-01
time: 1.763400e-01
time: 1.763400e-01
time: 1.763400e-01
time: 1.803899e-01
time: 1.803899e-01
time: 1.803899e-01
time: 1.844399e-01
time: 1.844399e-01
time: 1.844399e-01
time: 1.844399e-01
time: 1.884898e-01
time: 1.925397e-01
time: 1.925397e-01
time: 1.925397e-01
time: 1.925397e-01
time: 1.925397e-01
time: 1.884898e-01
time: 1.895023e-01
time: 1.895023e-01
time: 1.895023e-01
time: 1.895023e-01
time: 1.895023e-01
time: 1.895023e-01
time: 1.895023e-01
time: 1.895023e-01
time: 1.895023e-01
time: 1.895023e-01
time: 1.895023e-01
time: 1.895023e-01
time: 1.895023e-01
time: 1.895023e-01
time: 1.895023e-01
time: 1.895023e-01
time: 1.895023e-01
time: 1.895023e-01
time: 1.895023e-01
time: 1.895023e-01
time: 1.895023e-01
time: 1.895023e-01
time: 1.895023e-01
time: 1.895023e-01
time: 1.895023e-01
time: 1.895023e-01
time: 1.895023e-01
time: 1.895023e-01
time: 1.895023e-01
time: 1.895023e-01
time: 1.895023e-01
time: 1.895023e-01
time: 1.895023e-01
time: 1.895023e-01
time: 1.895023e-01
time: 1.895023e-01
time: 1.895023e-01
time: 1.895023e-01
time: 1.895023e-01
time: 1.895023e-01
time: 1.895023e-01
time: 1.895023e-01
time: 1.895023e-01
time: 1.895023e-01
time: 1.895023e-01
time: 1.895023e-01
time: 1.895023e-01
time: 1.895023e-01
time: 1.895023e-01
time: 1.895023e-01
time: 1.895023e-01
time: 1.895023e-01
time: 1.895023e-01
time: 1.895023e-01
time: 1.895023e-01
time: 1.895023e-01
time: 1.887501e-01
time: 1.887501e-01
time: 1.886199e-01
time: 1.886199e-01
time: 1.885549e-01
time: 1.885549e-01
time: 1.886199e-01
time: 1.886850e-01
time: 1.887501e-01
time: 1.888802e-01
time: 1.890104e-01
time: 1.891405e-01
time: 1.894008e-01
time: 1.896611e-01
time: 1.899214e-01
time: 1.901817e-01
time: 1.907023e-01
time: 1.912229e-01
time: 1.917434e-01
time: 1.922640e-01
time: 1.933052e-01
time: 1.943463e-01
time: 1.953875e-01
time: 1.964287e-01
time: 1.985110e-01
time: 2.005933e-01
time: 2.026757e-01
time: 2.047580e-01
time: 2.068403e-01
time: 2.110050e-01
time: 2.151696e-01
time: 2.193343e-01
time: 2.234990e-01
time: 2.276636e-01
time: 2.340259e-01
time: 2.403881e-01
time: 2.467504e-01
time: 2.531127e-01
time: 2.594749e-01
time: 2.658372e-01
time: 2.721994e-01
time: 2.785617e-01
time: 2.849239e-01
time: 2.925745e-01
time: 2.925745e-01
time: 3.002251e-01
time: 3.078756e-01
time: 3.155262e-01
time: 3.231768e-01
time: 3.308274e-01
time: 3.308274e-01
time: 3.384779e-01
time: 3.384779e-01
time: 3.461285e-01
time: 3.537791e-01
time: 3.537791e-01
time: 3.614296e-01
time: 3.614296e-01
time: 3.690802e-01
time: 3.767308e-01
time: 3.767308e-01
time: 3.843814e-01
time: 3.843814e-01
time: 3.920319e-01
time: 3.996825e-01
time: 3.996825e-01
time: 4.073331e-01
time: 4.073331e-01
time: 4.149837e-01
time: 4.226342e-01
time: 4.226342e-01
time: 4.302848e-01
time: 4.302848e-01
time: 4.379354e-01
time: 4.455859e-01
time: 4.455859e-01
time: 4.532365e-01
time: 4.532365e-01
time: 4.608871e-01
time: 4.685377e-01
time: 4.685377e-01
time: 4.761882e-01
time: 4.761882e-01
time: 4.838388e-01
time: 4.914894e-01
time: 4.914894e-01
time: 4.991400e-01
time: 4.991400e-01
time: 5.067905e-01
time: 5.144411e-01
time: 5.144411e-01
time: 5.220917e-01
time: 5.220917e-01
time: 5.297422e-01
time: 5.373928e-01
time: 5.373928e-01
time: 5.450434e-01
time: 5.450434e-01
time: 5.542380e-01
time: 5.542380e-01
time: 5.634325e-01
time: 5.726271e-01
time: 5.818217e-01
time: 5.818217e-01
time: 5.910163e-01
time: 6.002108e-01
time: 6.126081e-01
time: 6.126081e-01
time: 6.250053e-01
time: 6.374026e-01
time: 6.497998e-01
time: 6.497998e-01
time: 6.621971e-01
time: 6.784373e-01
time: 6.946776e-01
time: 7.109178e-01
time: 7.271581e-01
time: 7.433983e-01
time: 7.596386e-01
time: 7.794738e-01
time: 7.794738e-01
time: 7.993090e-01
time: 8.191441e-01
time: 8.389793e-01
time: 8.588145e-01
time: 8.588145e-01
time: 8.786497e-01
time: 9.044651e-01
time: 9.044651e-01
time: 9.302806e-01
time: 9.560960e-01
time: 9.819114e-01
time: 9.819114e-01
time: 1.000000e+00
Number of steps: 605, current time 1.000000

==== Status of problem ====

Parser configured
Database configured
Mixture configured
Solution configured
Solver configured
Problem solved

==== END of Status ====

ULF run took 50.24 s

==== ULF END ====
