# RUNNING VERSION '1.07-1'
+==========================================================================================================+
|                                                                                                          |
|                                                                                              #           |
|                                                                                             ##           |
|                                                                                            ###           |
|                                                                                          ####            |
|                                                          TU Freiberg                    ######           |
|                                                          Chair of Numerical            #### ##           |
|                                                          Thermo-Fluid-Dynamics         ########          |
|        Universal Laminar Flame Solver                                                  #### #####        |
|                                                                                          ##########      |
|                                                                                                #####     |
|                            ###    ##########             ####  ################################# ###     |
|                           ####  ####                    #####     ####   ####          ######### ###     |
|                          ####  ####                    ######     ###   ###                  ### ###     |
|         ####      ####  ################              ###  ###   ###   #########   ###       ### ##      |
|        ####      ####  ################              ###   ###  ###   ########    ###       ### ###      |
|       ####       ###  #### ####                     ###    ### ###   ###         ##       ### ###        |
|       #####   #####  #### ####                     ###      #####   ###         ###    ##### ###         |
|        ##########   ####  ###                     ###       #############      ########## #####          |
|                                                        #######################################           |
|                                                      ###               #####################             |
|                                                                             ############                 |
|                                                                                                          |
+==========================================================================================================+
                                                                                                            
ULF run at Tue Sep 15 21:48:05 2015



==== Status of problem ====

Parser configured
Database configured
Mixture configured
Solution configured
Solver configured
Problem NOT solved

==== END of Status ====
time: 0.000000e+00
time: 2.465566e-10
time: 2.465566e-10
time: 2.465566e-10
time: 2.465566e-10
time: 2.465566e-10
time: 2.465566e-10
time: 2.465566e-10
time: 2.465566e-10
time: 2.465566e-10
time: 2.465566e-10
time: 2.465566e-10
time: 2.465566e-10
time: 2.465566e-10
time: 2.465566e-10
time: 2.465566e-10
time: 2.465566e-10
time: 2.465566e-10
time: 2.465566e-10
time: 2.465566e-10
time: 2.465566e-10
time: 2.465566e-10
time: 2.465566e-10
time: 2.465566e-10
time: 2.465566e-10
time: 2.465566e-10
time: 2.465566e-10
time: 2.465566e-10
time: 2.465566e-10
time: 2.465566e-10
time: 2.465566e-10
time: 2.465566e-10
time: 2.465566e-10
time: 2.465566e-10
time: 2.465566e-10
time: 2.465566e-10
time: 2.465566e-10
time: 2.465566e-10
time: 2.465566e-10
time: 2.465566e-10
time: 2.465566e-10
time: 2.465566e-10
time: 2.465566e-10
time: 2.465566e-10
time: 2.465566e-10
time: 2.465566e-10
time: 2.465566e-10
time: 2.465566e-10
time: 2.465566e-10
time: 2.465566e-10
time: 2.465566e-10
time: 2.465566e-10
time: 2.465566e-10
time: 2.465566e-10
time: 2.465566e-10
time: 2.465566e-10
time: 4.931132e-10
time: 7.396699e-10
time: 4.975007e-08
time: 9.876047e-08
time: 1.477709e-07
time: 2.399061e-07
time: 3.320414e-07
time: 4.241767e-07
time: 5.661224e-07
time: 7.080681e-07
time: 8.500138e-07
time: 1.165482e-06
time: 1.480949e-06
time: 1.796417e-06
time: 2.111885e-06
time: 2.638687e-06
time: 3.165489e-06
time: 3.692292e-06
time: 4.219094e-06
time: 5.120587e-06
time: 6.022080e-06
time: 6.923573e-06
time: 7.825066e-06
time: 9.545324e-06
time: 9.545324e-06
time: 1.126558e-05
time: 1.298584e-05
time: 1.470610e-05
time: 1.642636e-05
time: 1.896432e-05
time: 2.150229e-05
time: 2.404025e-05
time: 2.657822e-05
time: 2.911618e-05
time: 3.235819e-05
time: 3.560020e-05
time: 3.884220e-05
time: 4.208421e-05
time: 4.532622e-05
time: 4.931302e-05
time: 5.329981e-05
time: 5.728661e-05
time: 6.127340e-05
time: 6.526020e-05
time: 7.031867e-05
time: 7.537714e-05
time: 8.043561e-05
time: 8.549407e-05
time: 9.055254e-05
time: 9.696319e-05
time: 1.033738e-04
time: 1.097845e-04
time: 1.161951e-04
time: 1.226058e-04
time: 1.305447e-04
time: 1.384836e-04
time: 1.384836e-04
time: 1.464226e-04
time: 1.543615e-04
time: 1.543615e-04
time: 1.623004e-04
time: 1.623004e-04
time: 1.702393e-04
time: 1.781783e-04
time: 1.877232e-04
time: 1.877232e-04
time: 1.877232e-04
time: 1.877232e-04
time: 1.972682e-04
time: 2.068131e-04
time: 2.068131e-04
time: 2.068131e-04
time: 2.068131e-04
time: 2.068131e-04
time: 1.996544e-04
time: 1.996544e-04
time: 1.996544e-04
time: 1.996544e-04
time: 1.996544e-04
time: 1.996544e-04
time: 1.996544e-04
time: 1.996544e-04
time: 1.996544e-04
time: 1.996544e-04
time: 1.996544e-04
time: 1.996544e-04
time: 1.996544e-04
time: 1.996544e-04
time: 1.996544e-04
time: 1.996544e-04
time: 1.996544e-04
time: 1.996544e-04
time: 1.996544e-04
time: 1.996544e-04
time: 1.996544e-04
time: 1.996544e-04
time: 1.996544e-04
time: 1.996544e-04
time: 1.996544e-04
time: 1.996544e-04
time: 1.996544e-04
time: 1.996544e-04
time: 1.996544e-04
time: 1.996544e-04
time: 1.996544e-04
time: 1.996544e-04
time: 1.996544e-04
time: 1.996544e-04
time: 1.996544e-04
time: 1.996544e-04
time: 1.996544e-04
time: 1.996544e-04
time: 1.996544e-04
time: 1.996544e-04
time: 1.996544e-04
time: 1.996544e-04
time: 1.996544e-04
time: 1.996544e-04
time: 1.996544e-04
time: 1.996544e-04
time: 1.996544e-04
time: 1.996544e-04
time: 1.996544e-04
time: 1.996544e-04
time: 1.996544e-04
time: 1.996544e-04
time: 1.996544e-04
time: 1.996544e-04
time: 1.996544e-04
time: 2.020406e-04
time: 2.044269e-04
time: 2.068131e-04
time: 2.091993e-04
time: 2.139718e-04
time: 2.187443e-04
time: 2.235167e-04
time: 2.282892e-04
time: 2.378341e-04
time: 2.473791e-04
time: 2.569240e-04
time: 2.664690e-04
time: 2.760139e-04
time: 2.901622e-04
time: 3.043105e-04
time: 3.184587e-04
time: 3.184587e-04
time: 3.326070e-04
time: 3.326070e-04
time: 3.467553e-04
time: 3.467553e-04
time: 3.609036e-04
time: 3.609036e-04
time: 3.750519e-04
time: 3.750519e-04
time: 3.892001e-04
time: 3.892001e-04
time: 4.033484e-04
time: 4.033484e-04
time: 4.174967e-04
time: 4.174967e-04
time: 4.104225e-04
time: 4.174967e-04
time: 4.245708e-04
time: 4.316450e-04
time: 4.387191e-04
time: 4.457932e-04
time: 4.457932e-04
time: 4.528674e-04
time: 4.528674e-04
time: 4.599415e-04
time: 4.599415e-04
time: 4.670157e-04
time: 4.670157e-04
time: 4.740898e-04
time: 4.740898e-04
time: 4.811639e-04
time: 4.811639e-04
time: 4.882381e-04
time: 4.882381e-04
time: 4.953122e-04
time: 4.953122e-04
time: 5.023864e-04
time: 5.023864e-04
time: 4.988493e-04
time: 5.023864e-04
time: 5.059234e-04
time: 5.094605e-04
time: 5.094605e-04
time: 5.129976e-04
time: 5.165346e-04
time: 5.200717e-04
time: 5.200717e-04
time: 5.236088e-04
time: 5.236088e-04
time: 5.271458e-04
time: 5.271458e-04
time: 5.306829e-04
time: 5.306829e-04
time: 5.342200e-04
time: 5.342200e-04
time: 5.395297e-04
time: 5.395297e-04
time: 5.448395e-04
time: 5.448395e-04
time: 5.501492e-04
time: 5.501492e-04
time: 5.501492e-04
time: 5.554590e-04
time: 5.554590e-04
time: 5.554590e-04
time: 5.554590e-04
time: 5.607687e-04
time: 5.607687e-04
time: 5.607687e-04
time: 5.607687e-04
time: 5.607687e-04
time: 5.567864e-04
time: 5.567864e-04
time: 5.567864e-04
time: 5.567864e-04
time: 5.567864e-04
time: 5.567864e-04
time: 5.567864e-04
time: 5.567864e-04
time: 5.567864e-04
time: 5.567864e-04
time: 5.567864e-04
time: 5.567864e-04
time: 5.567864e-04
time: 5.567864e-04
time: 5.567864e-04
time: 5.567864e-04
time: 5.567864e-04
time: 5.567864e-04
time: 5.567864e-04
time: 5.567864e-04
time: 5.567864e-04
time: 5.567864e-04
time: 5.567864e-04
time: 5.567864e-04
time: 5.567864e-04
time: 5.567864e-04
time: 5.567864e-04
time: 5.567864e-04
time: 5.567864e-04
time: 5.567864e-04
time: 5.567864e-04
time: 5.567864e-04
time: 5.567864e-04
time: 5.567864e-04
time: 5.567864e-04
time: 5.567864e-04
time: 5.567864e-04
time: 5.567864e-04
time: 5.567864e-04
time: 5.567864e-04
time: 5.567864e-04
time: 5.567864e-04
time: 5.567864e-04
time: 5.567864e-04
time: 5.567864e-04
time: 5.567864e-04
time: 5.567864e-04
time: 5.567864e-04
time: 5.567864e-04
time: 5.567864e-04
time: 5.567864e-04
time: 5.567864e-04
time: 5.567864e-04
time: 5.567864e-04
time: 5.567864e-04
time: 5.581139e-04
time: 5.594413e-04
time: 5.607687e-04
time: 5.620962e-04
time: 5.634236e-04
time: 5.657470e-04
time: 5.680703e-04
time: 5.680703e-04
time: 5.703937e-04
time: 5.703937e-04
time: 5.727170e-04
time: 5.727170e-04
time: 5.750404e-04
time: 5.750404e-04
time: 5.773637e-04
time: 5.773637e-04
time: 5.796871e-04
time: 5.796871e-04
time: 5.820105e-04
time: 5.820105e-04
time: 5.843338e-04
time: 5.843338e-04
time: 5.866572e-04
time: 5.866572e-04
time: 5.889805e-04
time: 5.889805e-04
time: 5.913039e-04
time: 5.913039e-04
time: 5.936272e-04
time: 5.936272e-04
time: 5.959506e-04
time: 5.959506e-04
time: 5.947889e-04
time: 5.959506e-04
time: 5.971123e-04
time: 5.982740e-04
time: 5.994356e-04
time: 6.005973e-04
time: 6.021690e-04
time: 6.021690e-04
time: 6.037406e-04
time: 6.037406e-04
time: 6.053122e-04
time: 6.053122e-04
time: 6.068839e-04
time: 6.068839e-04
time: 6.084555e-04
time: 6.084555e-04
time: 6.100272e-04
time: 6.100272e-04
time: 6.115988e-04
time: 6.115988e-04
time: 6.131705e-04
time: 6.131705e-04
time: 6.147421e-04
time: 6.147421e-04
time: 6.163138e-04
time: 6.163138e-04
time: 6.178854e-04
time: 6.178854e-04
time: 6.194570e-04
time: 6.194570e-04
time: 6.210287e-04
time: 6.210287e-04
time: 6.226003e-04
time: 6.226003e-04
time: 6.241720e-04
time: 6.241720e-04
time: 6.257436e-04
time: 6.257436e-04
time: 6.273153e-04
time: 6.273153e-04
time: 6.288869e-04
time: 6.288869e-04
time: 6.304586e-04
time: 6.304586e-04
time: 6.320302e-04
time: 6.320302e-04
time: 6.336018e-04
time: 6.351735e-04
time: 6.351735e-04
time: 6.367451e-04
time: 6.383168e-04
time: 6.398884e-04
time: 6.398884e-04
time: 6.398884e-04
time: 6.398884e-04
time: 6.414601e-04
time: 6.414601e-04
time: 6.414601e-04
time: 6.430317e-04
time: 6.446033e-04
time: 6.446033e-04
time: 6.461750e-04
time: 6.477466e-04
time: 6.477466e-04
time: 6.477466e-04
time: 6.493183e-04
time: 6.493183e-04
time: 6.493183e-04
time: 6.493183e-04
time: 6.508899e-04
time: 6.529365e-04
time: 6.549831e-04
time: 6.549831e-04
time: 6.570296e-04
time: 6.570296e-04
time: 6.570296e-04
time: 6.570296e-04
time: 6.590762e-04
time: 6.590762e-04
time: 6.611228e-04
time: 6.611228e-04
time: 6.631693e-04
time: 6.631693e-04
time: 6.631693e-04
time: 6.631693e-04
time: 6.652159e-04
time: 6.652159e-04
time: 6.672625e-04
time: 6.672625e-04
time: 6.672625e-04
time: 6.693090e-04
time: 6.693090e-04
time: 6.713556e-04
time: 6.713556e-04
time: 6.713556e-04
time: 6.734022e-04
time: 6.734022e-04
time: 6.754487e-04
time: 6.754487e-04
time: 6.754487e-04
time: 6.774953e-04
time: 6.774953e-04
time: 6.795419e-04
time: 6.795419e-04
time: 6.795419e-04
time: 6.815884e-04
time: 6.815884e-04
time: 6.815884e-04
time: 6.815884e-04
time: 6.836350e-04
time: 6.836350e-04
time: 6.836350e-04
time: 6.836350e-04
time: 6.856816e-04
time: 6.856816e-04
time: 6.856816e-04
time: 6.856816e-04
time: 6.877281e-04
time: 6.877281e-04
time: 6.877281e-04
time: 6.877281e-04
time: 6.897747e-04
time: 6.897747e-04
time: 6.897747e-04
time: 6.897747e-04
time: 6.918213e-04
time: 6.918213e-04
time: 6.918213e-04
time: 6.938678e-04
time: 6.938678e-04
time: 6.959144e-04
time: 6.959144e-04
time: 6.959144e-04
time: 6.959144e-04
time: 6.979610e-04
time: 6.979610e-04
time: 7.000075e-04
time: 7.000075e-04
time: 7.000075e-04
time: 7.020541e-04
time: 7.020541e-04
time: 7.020541e-04
time: 7.020541e-04
time: 7.041007e-04
time: 7.041007e-04
time: 7.061472e-04
time: 7.061472e-04
time: 7.081938e-04
time: 7.081938e-04
time: 7.081938e-04
time: 7.081938e-04
time: 7.102404e-04
time: 7.102404e-04
time: 7.122869e-04
time: 7.122869e-04
time: 7.122869e-04
time: 7.143335e-04
time: 7.143335e-04
time: 7.143335e-04
time: 7.143335e-04
time: 7.143335e-04
time: 7.127986e-04
time: 7.127986e-04
time: 7.127986e-04
time: 7.127986e-04
time: 7.127986e-04
time: 7.127986e-04
time: 7.127986e-04
time: 7.127986e-04
time: 7.127986e-04
time: 7.127986e-04
time: 7.127986e-04
time: 7.127986e-04
time: 7.127986e-04
time: 7.127986e-04
time: 7.127986e-04
time: 7.127986e-04
time: 7.127986e-04
time: 7.127986e-04
time: 7.127986e-04
time: 7.127986e-04
time: 7.127986e-04
time: 7.127986e-04
time: 7.127986e-04
time: 7.127986e-04
time: 7.127986e-04
time: 7.127986e-04
time: 7.127986e-04
time: 7.127986e-04
time: 7.127986e-04
time: 7.127986e-04
time: 7.127986e-04
time: 7.127986e-04
time: 7.127986e-04
time: 7.127986e-04
time: 7.127986e-04
time: 7.127986e-04
time: 7.127986e-04
time: 7.127986e-04
time: 7.127986e-04
time: 7.127986e-04
time: 7.127986e-04
time: 7.127986e-04
time: 7.127986e-04
time: 7.127986e-04
time: 7.127986e-04
time: 7.127986e-04
time: 7.127986e-04
time: 7.127986e-04
time: 7.127986e-04
time: 7.127986e-04
time: 7.127986e-04
time: 7.127986e-04
time: 7.127986e-04
time: 7.127986e-04
time: 7.127986e-04
time: 7.133102e-04
time: 7.138218e-04
time: 7.143335e-04
time: 7.148451e-04
time: 7.158684e-04
time: 7.168917e-04
time: 7.179150e-04
time: 7.189383e-04
time: 7.209848e-04
time: 7.230314e-04
time: 7.250780e-04
time: 7.271245e-04
time: 7.291711e-04
time: 7.328414e-04
time: 7.365118e-04
time: 7.401821e-04
time: 7.438525e-04
time: 7.475228e-04
time: 7.519437e-04
time: 7.563647e-04
time: 7.563647e-04
time: 7.607856e-04
time: 7.607856e-04
time: 7.652065e-04
time: 7.652065e-04
time: 7.696274e-04
time: 7.696274e-04
time: 7.740483e-04
time: 7.784693e-04
time: 7.828902e-04
time: 7.873111e-04
time: 7.917320e-04
time: 7.961529e-04
time: 8.016652e-04
time: 8.016652e-04
time: 8.071774e-04
time: 8.126897e-04
time: 8.126897e-04
time: 8.182019e-04
time: 8.237141e-04
time: 8.237141e-04
time: 8.292264e-04
time: 8.292264e-04
time: 8.347386e-04
time: 8.347386e-04
time: 8.402509e-04
time: 8.402509e-04
time: 8.457631e-04
time: 8.512753e-04
time: 8.567876e-04
time: 8.622998e-04
time: 8.622998e-04
time: 8.622998e-04
time: 8.678121e-04
time: 8.678121e-04
time: 8.733243e-04
time: 8.788365e-04
time: 8.788365e-04
time: 8.843488e-04
time: 8.915700e-04
time: 8.915700e-04
time: 8.915700e-04
time: 8.987911e-04
time: 8.987911e-04
time: 9.060123e-04
time: 9.132335e-04
time: 9.204547e-04
time: 9.292550e-04
time: 9.292550e-04
time: 9.292550e-04
time: 9.292550e-04
time: 9.380554e-04
time: 9.380554e-04
time: 9.380554e-04
time: 9.380554e-04
time: 9.468558e-04
time: 9.468558e-04
time: 9.556562e-04
time: 9.556562e-04
time: 9.644565e-04
time: 9.644565e-04
time: 9.644565e-04
time: 9.732569e-04
time: 9.732569e-04
time: 9.732569e-04
time: 9.820573e-04
time: 9.820573e-04
time: 9.908576e-04
time: 9.996580e-04
time: 9.996580e-04
time: 1.008458e-03
time: 1.017259e-03
time: 1.017259e-03
time: 1.017259e-03
time: 1.026059e-03
time: 1.026059e-03
time: 1.026059e-03
time: 1.034859e-03
time: 1.034859e-03
time: 1.043660e-03
time: 1.054519e-03
time: 1.054519e-03
time: 1.065378e-03
time: 1.076237e-03
time: 1.076237e-03
time: 1.087096e-03
time: 1.097954e-03
time: 1.097954e-03
time: 1.097954e-03
time: 1.097954e-03
time: 1.097954e-03
time: 1.089810e-03
time: 1.089810e-03
time: 1.089810e-03
time: 1.089810e-03
time: 1.089810e-03
time: 1.089810e-03
time: 1.089810e-03
time: 1.089810e-03
time: 1.089810e-03
time: 1.089810e-03
time: 1.089810e-03
time: 1.089810e-03
time: 1.089810e-03
time: 1.089810e-03
time: 1.089810e-03
time: 1.089810e-03
time: 1.089810e-03
time: 1.089810e-03
time: 1.089810e-03
time: 1.089810e-03
time: 1.089810e-03
time: 1.089810e-03
time: 1.089810e-03
time: 1.089810e-03
time: 1.089810e-03
time: 1.089810e-03
time: 1.089810e-03
time: 1.089810e-03
time: 1.089810e-03
time: 1.089810e-03
time: 1.089810e-03
time: 1.089810e-03
time: 1.089810e-03
time: 1.089810e-03
time: 1.089810e-03
time: 1.089810e-03
time: 1.089810e-03
time: 1.089810e-03
time: 1.089810e-03
time: 1.089810e-03
time: 1.089810e-03
time: 1.089810e-03
time: 1.089810e-03
time: 1.089810e-03
time: 1.089810e-03
time: 1.089810e-03
time: 1.089810e-03
time: 1.089810e-03
time: 1.089810e-03
time: 1.089810e-03
time: 1.089810e-03
time: 1.089810e-03
time: 1.089810e-03
time: 1.089810e-03
time: 1.089810e-03
time: 1.092525e-03
time: 1.095240e-03
time: 1.097954e-03
time: 1.100669e-03
time: 1.106099e-03
time: 1.111528e-03
time: 1.116958e-03
time: 1.122387e-03
time: 1.133246e-03
time: 1.144105e-03
time: 1.154964e-03
time: 1.165823e-03
time: 1.176682e-03
time: 1.192609e-03
time: 1.208536e-03
time: 1.224463e-03
time: 1.240391e-03
time: 1.256318e-03
time: 1.272245e-03
time: 1.291489e-03
time: 1.310732e-03
time: 1.329976e-03
time: 1.349220e-03
time: 1.368463e-03
time: 1.387707e-03
time: 1.406951e-03
time: 1.430050e-03
time: 1.453149e-03
time: 1.476247e-03
time: 1.499346e-03
time: 1.522445e-03
time: 1.545544e-03
time: 1.568643e-03
time: 1.591742e-03
time: 1.620104e-03
time: 1.648466e-03
time: 1.676827e-03
time: 1.705189e-03
time: 1.733551e-03
time: 1.761913e-03
time: 1.790275e-03
time: 1.818637e-03
time: 1.846999e-03
time: 1.846999e-03
time: 1.875361e-03
time: 1.903723e-03
time: 1.932084e-03
time: 1.932084e-03
time: 1.960446e-03
time: 1.988808e-03
time: 1.988808e-03
time: 2.017170e-03
time: 2.017170e-03
time: 2.051312e-03
time: 2.085455e-03
time: 2.119597e-03
time: 2.153739e-03
time: 2.153739e-03
time: 2.187881e-03
time: 2.230539e-03
time: 2.230539e-03
time: 2.273196e-03
time: 2.315853e-03
time: 2.358510e-03
time: 2.358510e-03
time: 2.401167e-03
time: 2.443825e-03
time: 2.443825e-03
time: 2.486482e-03
time: 2.529139e-03
time: 2.529139e-03
time: 2.571796e-03
time: 2.614454e-03
time: 2.614454e-03
time: 2.657111e-03
time: 2.699768e-03
time: 2.699768e-03
time: 2.742425e-03
time: 2.785082e-03
time: 2.785082e-03
time: 2.827740e-03
time: 2.870397e-03
time: 2.870397e-03
time: 2.913054e-03
time: 2.955711e-03
time: 2.955711e-03
time: 2.998368e-03
time: 3.041026e-03
time: 3.041026e-03
time: 3.083683e-03
time: 3.126340e-03
time: 3.126340e-03
time: 3.168997e-03
time: 3.211655e-03
time: 3.211655e-03
time: 3.254312e-03
time: 3.296969e-03
time: 3.296969e-03
time: 3.339626e-03
time: 3.382283e-03
time: 3.382283e-03
time: 3.424941e-03
time: 3.467598e-03
time: 3.467598e-03
time: 3.510255e-03
time: 3.552912e-03
time: 3.552912e-03
time: 3.595570e-03
time: 3.638227e-03
time: 3.638227e-03
time: 3.680884e-03
time: 3.723541e-03
time: 3.723541e-03
time: 3.723541e-03
time: 3.766198e-03
time: 3.766198e-03
time: 3.766198e-03
time: 3.766198e-03
time: 3.766198e-03
time: 3.734205e-03
time: 3.734205e-03
time: 3.734205e-03
time: 3.734205e-03
time: 3.734205e-03
time: 3.734205e-03
time: 3.734205e-03
time: 3.734205e-03
time: 3.734205e-03
time: 3.734205e-03
time: 3.734205e-03
time: 3.734205e-03
time: 3.734205e-03
time: 3.734205e-03
time: 3.734205e-03
time: 3.734205e-03
time: 3.734205e-03
time: 3.734205e-03
time: 3.734205e-03
time: 3.734205e-03
time: 3.734205e-03
time: 3.734205e-03
time: 3.734205e-03
time: 3.734205e-03
time: 3.734205e-03
time: 3.734205e-03
time: 3.734205e-03
time: 3.734205e-03
time: 3.734205e-03
time: 3.734205e-03
time: 3.734205e-03
time: 3.734205e-03
time: 3.734205e-03
time: 3.734205e-03
time: 3.734205e-03
time: 3.734205e-03
time: 3.734205e-03
time: 3.734205e-03
time: 3.734205e-03
time: 3.734205e-03
time: 3.734205e-03
time: 3.734205e-03
time: 3.734205e-03
time: 3.734205e-03
time: 3.734205e-03
time: 3.734205e-03
time: 3.734205e-03
time: 3.734205e-03
time: 3.734205e-03
time: 3.734205e-03
time: 3.734205e-03
time: 3.734205e-03
time: 3.734205e-03
time: 3.734205e-03
time: 3.734205e-03
time: 3.734205e-03
time: 3.728873e-03
time: 3.734205e-03
time: 3.739538e-03
time: 3.744870e-03
time: 3.755534e-03
time: 3.766198e-03
time: 3.776863e-03
time: 3.787527e-03
time: 3.808856e-03
time: 3.830184e-03
time: 3.851513e-03
time: 3.872841e-03
time: 3.915499e-03
time: 3.958156e-03
time: 4.000813e-03
time: 4.043470e-03
time: 4.086128e-03
time: 4.171442e-03
time: 4.256756e-03
time: 4.342071e-03
time: 4.427385e-03
time: 4.512700e-03
time: 4.625653e-03
time: 4.738606e-03
time: 4.851560e-03
time: 4.964513e-03
time: 5.077466e-03
time: 5.190420e-03
time: 5.303373e-03
time: 5.416326e-03
time: 5.555205e-03
time: 5.694084e-03
time: 5.832963e-03
time: 5.971841e-03
time: 6.110720e-03
time: 6.249599e-03
time: 6.388477e-03
time: 6.527356e-03
time: 6.527356e-03
time: 6.666235e-03
time: 6.837841e-03
time: 6.837841e-03
time: 6.837841e-03
time: 7.009447e-03
time: 7.009447e-03
time: 7.009447e-03
time: 7.009447e-03
time: 7.181054e-03
time: 7.181054e-03
time: 7.352660e-03
time: 7.352660e-03
time: 7.352660e-03
time: 7.352660e-03
time: 7.524266e-03
time: 7.524266e-03
time: 7.695872e-03
time: 7.695872e-03
time: 7.695872e-03
time: 7.695872e-03
time: 7.695872e-03
time: 7.567168e-03
time: 7.567168e-03
time: 7.567168e-03
time: 7.567168e-03
time: 7.567168e-03
time: 7.567168e-03
time: 7.567168e-03
time: 7.567168e-03
time: 7.567168e-03
time: 7.567168e-03
time: 7.567168e-03
time: 7.567168e-03
time: 7.567168e-03
time: 7.567168e-03
time: 7.567168e-03
time: 7.567168e-03
time: 7.567168e-03
time: 7.567168e-03
time: 7.567168e-03
time: 7.567168e-03
time: 7.567168e-03
time: 7.567168e-03
time: 7.567168e-03
time: 7.567168e-03
time: 7.567168e-03
time: 7.567168e-03
time: 7.567168e-03
time: 7.567168e-03
time: 7.567168e-03
time: 7.567168e-03
time: 7.567168e-03
time: 7.567168e-03
time: 7.567168e-03
time: 7.567168e-03
time: 7.567168e-03
time: 7.567168e-03
time: 7.567168e-03
time: 7.567168e-03
time: 7.567168e-03
time: 7.567168e-03
time: 7.567168e-03
time: 7.567168e-03
time: 7.567168e-03
time: 7.567168e-03
time: 7.567168e-03
time: 7.567168e-03
time: 7.567168e-03
time: 7.567168e-03
time: 7.567168e-03
time: 7.567168e-03
time: 7.567168e-03
time: 7.567168e-03
time: 7.567168e-03
time: 7.567168e-03
time: 7.567168e-03
time: 7.610069e-03
time: 7.652971e-03
time: 7.695872e-03
time: 7.738774e-03
time: 7.824577e-03
time: 7.910380e-03
time: 7.996183e-03
time: 8.081986e-03
time: 8.253593e-03
time: 8.253593e-03
time: 8.425199e-03
time: 8.596805e-03
time: 8.768411e-03
time: 8.940017e-03
time: 9.166544e-03
time: 9.393070e-03
time: 9.619596e-03
time: 9.846123e-03
time: 1.007265e-02
time: 1.029918e-02
time: 1.057132e-02
time: 1.084347e-02
time: 1.111562e-02
time: 1.111562e-02
time: 1.138776e-02
time: 1.165991e-02
time: 1.193206e-02
time: 1.193206e-02
time: 1.220420e-02
time: 1.247635e-02
time: 1.247635e-02
time: 1.274850e-02
time: 1.274850e-02
time: 1.274850e-02
time: 1.274850e-02
time: 1.274850e-02
time: 1.254439e-02
time: 1.254439e-02
time: 1.254439e-02
time: 1.254439e-02
time: 1.254439e-02
time: 1.254439e-02
time: 1.254439e-02
time: 1.254439e-02
time: 1.254439e-02
time: 1.254439e-02
time: 1.254439e-02
time: 1.254439e-02
time: 1.254439e-02
time: 1.254439e-02
time: 1.254439e-02
time: 1.254439e-02
time: 1.254439e-02
time: 1.254439e-02
time: 1.254439e-02
time: 1.254439e-02
time: 1.254439e-02
time: 1.254439e-02
time: 1.254439e-02
time: 1.254439e-02
time: 1.254439e-02
time: 1.254439e-02
time: 1.254439e-02
time: 1.254439e-02
time: 1.254439e-02
time: 1.254439e-02
time: 1.254439e-02
time: 1.254439e-02
time: 1.254439e-02
time: 1.254439e-02
time: 1.254439e-02
time: 1.254439e-02
time: 1.254439e-02
time: 1.254439e-02
time: 1.254439e-02
time: 1.254439e-02
time: 1.254439e-02
time: 1.254439e-02
time: 1.254439e-02
time: 1.254439e-02
time: 1.254439e-02
time: 1.254439e-02
time: 1.254439e-02
time: 1.254439e-02
time: 1.254439e-02
time: 1.254439e-02
time: 1.254439e-02
time: 1.254439e-02
time: 1.254439e-02
time: 1.254439e-02
time: 1.254439e-02
time: 1.261242e-02
time: 1.268046e-02
time: 1.274850e-02
time: 1.281653e-02
time: 1.295261e-02
time: 1.308868e-02
time: 1.322476e-02
time: 1.336083e-02
time: 1.349690e-02
time: 1.376905e-02
time: 1.404120e-02
time: 1.431334e-02
time: 1.458549e-02
time: 1.485764e-02
time: 1.525742e-02
time: 1.565720e-02
time: 1.605699e-02
time: 1.645677e-02
time: 1.645677e-02
time: 1.685655e-02
time: 1.725633e-02
time: 1.765612e-02
time: 1.765612e-02
time: 1.805590e-02
time: 1.805590e-02
time: 1.805590e-02
time: 1.845568e-02
time: 1.845568e-02
time: 1.885547e-02
time: 1.885547e-02
time: 1.925525e-02
time: 1.925525e-02
time: 1.925525e-02
time: 1.965503e-02
time: 1.965503e-02
time: 2.005482e-02
time: 2.005482e-02
time: 2.045460e-02
time: 2.045460e-02
time: 2.094939e-02
time: 2.094939e-02
time: 2.094939e-02
time: 2.144418e-02
time: 2.144418e-02
time: 2.193898e-02
time: 2.193898e-02
time: 2.243377e-02
time: 2.243377e-02
time: 2.292857e-02
time: 2.292857e-02
time: 2.292857e-02
time: 2.342336e-02
time: 2.342336e-02
time: 2.391815e-02
time: 2.391815e-02
time: 2.391815e-02
time: 2.391815e-02
time: 2.391815e-02
time: 2.354706e-02
time: 2.354706e-02
time: 2.354706e-02
time: 2.354706e-02
time: 2.354706e-02
time: 2.354706e-02
time: 2.354706e-02
time: 2.354706e-02
time: 2.354706e-02
time: 2.354706e-02
time: 2.354706e-02
time: 2.354706e-02
time: 2.354706e-02
time: 2.354706e-02
time: 2.354706e-02
time: 2.354706e-02
time: 2.354706e-02
time: 2.354706e-02
time: 2.354706e-02
time: 2.354706e-02
time: 2.354706e-02
time: 2.354706e-02
time: 2.354706e-02
time: 2.354706e-02
time: 2.354706e-02
time: 2.354706e-02
time: 2.354706e-02
time: 2.354706e-02
time: 2.354706e-02
time: 2.354706e-02
time: 2.354706e-02
time: 2.354706e-02
time: 2.354706e-02
time: 2.354706e-02
time: 2.354706e-02
time: 2.354706e-02
time: 2.354706e-02
time: 2.354706e-02
time: 2.354706e-02
time: 2.354706e-02
time: 2.354706e-02
time: 2.354706e-02
time: 2.354706e-02
time: 2.354706e-02
time: 2.354706e-02
time: 2.354706e-02
time: 2.354706e-02
time: 2.354706e-02
time: 2.354706e-02
time: 2.354706e-02
time: 2.354706e-02
time: 2.354706e-02
time: 2.354706e-02
time: 2.354706e-02
time: 2.354706e-02
time: 2.367076e-02
time: 2.379445e-02
time: 2.391815e-02
time: 2.404185e-02
time: 2.428925e-02
time: 2.453664e-02
time: 2.478404e-02
time: 2.503144e-02
time: 2.552623e-02
time: 2.552623e-02
time: 2.602103e-02
time: 2.651582e-02
time: 2.701061e-02
time: 2.750541e-02
time: 2.823156e-02
time: 2.895772e-02
time: 2.968387e-02
time: 3.041003e-02
time: 3.113618e-02
time: 3.186233e-02
time: 3.275094e-02
time: 3.363955e-02
time: 3.452815e-02
time: 3.541676e-02
time: 3.630536e-02
time: 3.719397e-02
time: 3.808257e-02
time: 3.808257e-02
time: 3.897118e-02
time: 3.897118e-02
time: 3.985978e-02
time: 4.074839e-02
time: 4.074839e-02
time: 4.163699e-02
time: 4.163699e-02
time: 4.252560e-02
time: 4.252560e-02
time: 4.341420e-02
time: 4.430281e-02
time: 4.430281e-02
time: 4.519141e-02
time: 4.519141e-02
time: 4.608002e-02
time: 4.696863e-02
time: 4.696863e-02
time: 4.785723e-02
time: 4.874584e-02
time: 4.874584e-02
time: 4.963444e-02
time: 5.088956e-02
time: 5.088956e-02
time: 5.088956e-02
time: 5.214467e-02
time: 5.214467e-02
time: 5.339979e-02
time: 5.339979e-02
time: 5.465490e-02
time: 5.465490e-02
time: 5.465490e-02
time: 5.591002e-02
time: 5.591002e-02
time: 5.716514e-02
time: 5.842025e-02
time: 5.842025e-02
time: 5.842025e-02
time: 5.967537e-02
time: 5.967537e-02
time: 5.967537e-02
time: 6.093048e-02
time: 6.093048e-02
time: 6.093048e-02
time: 6.093048e-02
time: 6.218560e-02
time: 6.218560e-02
time: 6.218560e-02
time: 6.344072e-02
time: 6.344072e-02
time: 6.469583e-02
time: 6.622943e-02
time: 6.622943e-02
time: 6.776303e-02
time: 6.929663e-02
time: 6.929663e-02
time: 7.083022e-02
time: 7.236382e-02
time: 7.236382e-02
time: 7.389742e-02
time: 7.543102e-02
time: 7.543102e-02
time: 7.696462e-02
time: 7.849821e-02
time: 7.849821e-02
time: 8.003181e-02
time: 8.156541e-02
time: 8.156541e-02
time: 8.156541e-02
time: 8.309901e-02
time: 8.309901e-02
time: 8.309901e-02
time: 8.309901e-02
time: 8.309901e-02
time: 8.194881e-02
time: 8.194881e-02
time: 8.194881e-02
time: 8.194881e-02
time: 8.194881e-02
time: 8.194881e-02
time: 8.194881e-02
time: 8.194881e-02
time: 8.194881e-02
time: 8.194881e-02
time: 8.194881e-02
time: 8.194881e-02
time: 8.194881e-02
time: 8.194881e-02
time: 8.194881e-02
time: 8.194881e-02
time: 8.194881e-02
time: 8.194881e-02
time: 8.194881e-02
time: 8.194881e-02
time: 8.194881e-02
time: 8.194881e-02
time: 8.194881e-02
time: 8.194881e-02
time: 8.194881e-02
time: 8.194881e-02
time: 8.194881e-02
time: 8.194881e-02
time: 8.194881e-02
time: 8.194881e-02
time: 8.194881e-02
time: 8.194881e-02
time: 8.194881e-02
time: 8.194881e-02
time: 8.194881e-02
time: 8.194881e-02
time: 8.194881e-02
time: 8.194881e-02
time: 8.194881e-02
time: 8.194881e-02
time: 8.194881e-02
time: 8.194881e-02
time: 8.194881e-02
time: 8.194881e-02
time: 8.194881e-02
time: 8.194881e-02
time: 8.194881e-02
time: 8.194881e-02
time: 8.194881e-02
time: 8.194881e-02
time: 8.194881e-02
time: 8.194881e-02
time: 8.194881e-02
time: 8.194881e-02
time: 8.194881e-02
time: 8.233221e-02
time: 8.271561e-02
time: 8.309901e-02
time: 8.348241e-02
time: 8.424921e-02
time: 8.501601e-02
time: 8.578280e-02
time: 8.654960e-02
time: 8.808320e-02
time: 8.961680e-02
time: 9.115040e-02
time: 9.268400e-02
time: 9.421759e-02
time: 9.681312e-02
time: 9.940865e-02
time: 1.020042e-01
time: 1.045997e-01
time: 1.071952e-01
time: 1.097908e-01
time: 1.129470e-01
time: 1.161032e-01
time: 1.192594e-01
time: 1.224156e-01
time: 1.255718e-01
time: 1.287280e-01
time: 1.318842e-01
time: 1.350404e-01
time: 1.381966e-01
time: 1.420133e-01
time: 1.458299e-01
time: 1.496465e-01
time: 1.496465e-01
time: 1.534631e-01
time: 1.572797e-01
time: 1.610964e-01
time: 1.649130e-01
time: 1.649130e-01
time: 1.687296e-01
time: 1.725462e-01
time: 1.763629e-01
time: 1.801795e-01
time: 1.801795e-01
time: 1.839961e-01
time: 1.839961e-01
time: 1.878127e-01
time: 1.916293e-01
time: 1.916293e-01
time: 1.954460e-01
time: 1.954460e-01
time: 1.992626e-01
time: 1.992626e-01
time: 1.992626e-01
time: 2.030792e-01
time: 2.030792e-01
time: 2.030792e-01
time: 2.011709e-01
time: 2.030792e-01
time: 2.030792e-01
time: 2.049875e-01
time: 2.049875e-01
time: 2.068958e-01
time: 2.068958e-01
time: 2.068958e-01
time: 2.088042e-01
time: 2.088042e-01
time: 2.088042e-01
time: 2.107125e-01
time: 2.107125e-01
time: 2.107125e-01
time: 2.126208e-01
time: 2.126208e-01
time: 2.145291e-01
time: 2.145291e-01
time: 2.145291e-01
time: 2.135749e-01
time: 2.135749e-01
time: 2.145291e-01
time: 2.145291e-01
time: 2.154832e-01
time: 2.154832e-01
time: 2.164374e-01
time: 2.164374e-01
time: 2.173916e-01
time: 2.173916e-01
time: 2.173916e-01
time: 2.169145e-01
time: 2.173916e-01
time: 2.173916e-01
time: 2.178686e-01
time: 2.183457e-01
time: 2.183457e-01
time: 2.188228e-01
time: 2.194552e-01
time: 2.194552e-01
time: 2.200876e-01
time: 2.207200e-01
time: 2.213524e-01
time: 2.219847e-01
time: 2.227587e-01
time: 2.227587e-01
time: 2.235327e-01
time: 2.243066e-01
time: 2.250806e-01
time: 2.258545e-01
time: 2.266285e-01
time: 2.274024e-01
time: 2.274024e-01
time: 2.281764e-01
time: 2.289503e-01
time: 2.289503e-01
time: 2.297243e-01
time: 2.297243e-01
time: 2.304982e-01
time: 2.312722e-01
time: 2.312722e-01
time: 2.320461e-01
time: 2.320461e-01
time: 2.328201e-01
time: 2.328201e-01
time: 2.335940e-01
time: 2.335940e-01
time: 2.343680e-01
time: 2.352991e-01
time: 2.352991e-01
time: 2.362302e-01
time: 2.362302e-01
time: 2.371613e-01
time: 2.380924e-01
time: 2.380924e-01
time: 2.390235e-01
time: 2.390235e-01
time: 2.399546e-01
time: 2.408857e-01
time: 2.408857e-01
time: 2.418168e-01
time: 2.427479e-01
time: 2.427479e-01
time: 2.436789e-01
time: 2.436789e-01
time: 2.446100e-01
time: 2.446100e-01
time: 2.455411e-01
time: 2.464722e-01
time: 2.464722e-01
time: 2.474033e-01
time: 2.485531e-01
time: 2.485531e-01
time: 2.497029e-01
time: 2.497029e-01
time: 2.508527e-01
time: 2.520025e-01
time: 2.520025e-01
time: 2.531523e-01
time: 2.543021e-01
time: 2.543021e-01
time: 2.554519e-01
time: 2.554519e-01
time: 2.566017e-01
time: 2.566017e-01
time: 2.577515e-01
time: 2.589013e-01
time: 2.589013e-01
time: 2.600511e-01
time: 2.612009e-01
time: 2.612009e-01
time: 2.623506e-01
time: 2.635004e-01
time: 2.635004e-01
time: 2.646502e-01
time: 2.660651e-01
time: 2.660651e-01
time: 2.674800e-01
time: 2.674800e-01
time: 2.688949e-01
time: 2.703098e-01
time: 2.703098e-01
time: 2.703098e-01
time: 2.696024e-01
time: 2.703098e-01
time: 2.710173e-01
time: 2.717247e-01
time: 2.717247e-01
time: 2.724322e-01
time: 2.733978e-01
time: 2.733978e-01
time: 2.743633e-01
time: 2.743633e-01
time: 2.753289e-01
time: 2.762945e-01
time: 2.772601e-01
time: 2.772601e-01
time: 2.782256e-01
time: 2.794201e-01
time: 2.794201e-01
time: 2.806146e-01
time: 2.806146e-01
time: 2.818091e-01
time: 2.830035e-01
time: 2.830035e-01
time: 2.841980e-01
time: 2.853925e-01
time: 2.853925e-01
time: 2.865870e-01
time: 2.865870e-01
time: 2.877814e-01
time: 2.889759e-01
time: 2.889759e-01
time: 2.901704e-01
time: 2.913648e-01
time: 2.913648e-01
time: 2.925593e-01
time: 2.937538e-01
time: 2.937538e-01
time: 2.949483e-01
time: 2.964337e-01
time: 2.964337e-01
time: 2.964337e-01
time: 2.956910e-01
time: 2.964337e-01
time: 2.971765e-01
time: 2.979192e-01
time: 2.994047e-01
time: 3.008902e-01
time: 3.023757e-01
time: 3.043893e-01
time: 3.064030e-01
time: 3.084167e-01
time: 3.111133e-01
time: 3.111133e-01
time: 3.138098e-01
time: 3.165064e-01
time: 3.218996e-01
time: 3.272928e-01
time: 3.326860e-01
time: 3.380792e-01
time: 3.468573e-01
time: 3.556354e-01
time: 3.556354e-01
time: 3.644135e-01
time: 3.644135e-01
time: 3.731916e-01
time: 3.819698e-01
time: 3.907479e-01
time: 4.014987e-01
time: 4.122494e-01
time: 4.122494e-01
time: 4.230002e-01
time: 4.230002e-01
time: 4.337510e-01
time: 4.445018e-01
time: 4.445018e-01
time: 4.552526e-01
time: 4.552526e-01
time: 4.660034e-01
time: 4.767541e-01
time: 4.767541e-01
time: 4.767541e-01
time: 4.713787e-01
time: 4.767541e-01
time: 4.821295e-01
time: 4.821295e-01
time: 4.875049e-01
time: 4.928803e-01
time: 4.928803e-01
time: 4.982557e-01
time: 5.036311e-01
time: 5.036311e-01
time: 5.090065e-01
time: 5.143819e-01
time: 5.197573e-01
time: 5.197573e-01
time: 5.251327e-01
time: 5.251327e-01
time: 5.294330e-01
time: 5.337333e-01
time: 5.380336e-01
time: 5.423339e-01
time: 5.466342e-01
time: 5.466342e-01
time: 5.509345e-01
time: 5.552348e-01
time: 5.595352e-01
time: 5.595352e-01
time: 5.638355e-01
time: 5.681358e-01
time: 5.681358e-01
time: 5.724361e-01
time: 5.767364e-01
time: 5.767364e-01
time: 5.810367e-01
time: 5.810367e-01
time: 5.844770e-01
time: 5.879172e-01
time: 5.913575e-01
time: 5.913575e-01
time: 5.947977e-01
time: 5.982380e-01
time: 5.982380e-01
time: 6.016782e-01
time: 6.051185e-01
time: 6.085587e-01
time: 6.085587e-01
time: 6.119990e-01
time: 6.154392e-01
time: 6.154392e-01
time: 6.188795e-01
time: 6.223197e-01
time: 6.223197e-01
time: 6.250719e-01
time: 6.278241e-01
time: 6.305763e-01
time: 6.333285e-01
time: 6.333285e-01
time: 6.360807e-01
time: 6.388329e-01
time: 6.388329e-01
time: 6.415851e-01
time: 6.443373e-01
time: 6.470895e-01
time: 6.470895e-01
time: 6.470895e-01
time: 6.457134e-01
time: 6.470895e-01
time: 6.484656e-01
time: 6.498417e-01
time: 6.498417e-01
time: 6.512178e-01
time: 6.529686e-01
time: 6.529686e-01
time: 6.547194e-01
time: 6.547194e-01
time: 6.564701e-01
time: 6.582209e-01
time: 6.582209e-01
time: 6.599717e-01
time: 6.617224e-01
time: 6.617224e-01
time: 6.631231e-01
time: 6.645237e-01
time: 6.659243e-01
time: 6.659243e-01
time: 6.673249e-01
time: 6.690888e-01
time: 6.690888e-01
time: 6.690888e-01
time: 6.682069e-01
time: 6.690888e-01
time: 6.699708e-01
time: 6.708527e-01
time: 6.726167e-01
time: 6.743806e-01
time: 6.761445e-01
time: 6.788149e-01
time: 6.814854e-01
time: 6.841559e-01
time: 6.894968e-01
time: 6.948377e-01
time: 7.001786e-01
time: 7.104754e-01
time: 7.207722e-01
time: 7.310691e-01
time: 7.516627e-01
time: 7.722564e-01
time: 7.928500e-01
time: 8.134437e-01
time: 8.340374e-01
time: 8.340374e-01
time: 8.340374e-01
time: 8.443342e-01
time: 8.443342e-01
time: 8.443342e-01
time: 8.443342e-01
time: 8.443342e-01
time: 8.443342e-01
time: 8.443342e-01
time: 8.443342e-01
time: 8.443342e-01
time: 8.443342e-01
time: 8.443342e-01
time: 8.443342e-01
time: 8.443342e-01
time: 8.443342e-01
time: 8.443342e-01
time: 8.443342e-01
time: 8.443342e-01
time: 8.443342e-01
time: 8.443342e-01
time: 8.443342e-01
time: 8.443342e-01
time: 8.443342e-01
time: 8.443342e-01
time: 8.443342e-01
time: 8.443342e-01
time: 8.443342e-01
time: 8.443342e-01
time: 8.443342e-01
time: 8.443342e-01
time: 8.443342e-01
time: 8.443342e-01
time: 8.443342e-01
time: 8.443342e-01
time: 8.443342e-01
time: 8.443342e-01
time: 8.443342e-01
time: 8.443342e-01
time: 8.443342e-01
time: 8.443342e-01
time: 8.443342e-01
time: 8.443342e-01
time: 8.443342e-01
time: 8.443342e-01
time: 8.443342e-01
time: 8.443342e-01
time: 8.443342e-01
time: 8.443342e-01
time: 8.443342e-01
time: 8.443342e-01
time: 8.443342e-01
time: 8.443342e-01
time: 8.443342e-01
time: 8.443342e-01
time: 8.443342e-01
time: 8.443342e-01
time: 8.546310e-01
time: 8.649278e-01
time: 8.855215e-01
time: 9.061152e-01
time: 9.267088e-01
time: 9.678961e-01
time: 1.000000e+00
Number of steps: 788, current time 1.000000

==== Status of problem ====

Parser configured
Database configured
Mixture configured
Solution configured
Solver configured
Problem solved

==== END of Status ====

ULF run took 57.81 s

==== ULF END ====
