# RUNNING VERSION '1.07-1'
+==========================================================================================================+
|                                                                                                          |
|                                                                                              #           |
|                                                                                             ##           |
|                                                                                            ###           |
|                                                                                          ####            |
|                                                          TU Freiberg                    ######           |
|                                                          Chair of Numerical            #### ##           |
|                                                          Thermo-Fluid-Dynamics         ########          |
|        Universal Laminar Flame Solver                                                  #### #####        |
|                                                                                          ##########      |
|                                                                                                #####     |
|                            ###    ##########             ####  ################################# ###     |
|                           ####  ####                    #####     ####   ####          ######### ###     |
|                          ####  ####                    ######     ###   ###                  ### ###     |
|         ####      ####  ################              ###  ###   ###   #########   ###       ### ##      |
|        ####      ####  ################              ###   ###  ###   ########    ###       ### ###      |
|       ####       ###  #### ####                     ###    ### ###   ###         ##       ### ###        |
|       #####   #####  #### ####                     ###      #####   ###         ###    ##### ###         |
|        ##########   ####  ###                     ###       #############      ########## #####          |
|                                                        #######################################           |
|                                                      ###               #####################             |
|                                                                             ############                 |
|                                                                                                          |
+==========================================================================================================+
                                                                                                            
ULF run at Tue Sep 15 21:53:02 2015



==== Status of problem ====

Parser configured
Database configured
Mixture configured
Solution configured
Solver configured
Problem NOT solved

==== END of Status ====
time: 0.000000e+00
time: 6.119972e-11
time: 6.119972e-11
time: 6.119972e-11
time: 6.119972e-11
time: 6.119972e-11
time: 6.119972e-11
time: 6.119972e-11
time: 6.119972e-11
time: 6.119972e-11
time: 6.119972e-11
time: 6.119972e-11
time: 6.119972e-11
time: 6.119972e-11
time: 6.119972e-11
time: 6.119972e-11
time: 6.119972e-11
time: 6.119972e-11
time: 6.119972e-11
time: 6.119972e-11
time: 6.119972e-11
time: 6.119972e-11
time: 6.119972e-11
time: 6.119972e-11
time: 6.119972e-11
time: 6.119972e-11
time: 6.119972e-11
time: 6.119972e-11
time: 6.119972e-11
time: 6.119972e-11
time: 6.119972e-11
time: 6.119972e-11
time: 6.119972e-11
time: 6.119972e-11
time: 6.119972e-11
time: 6.119972e-11
time: 6.119972e-11
time: 6.119972e-11
time: 6.119972e-11
time: 6.119972e-11
time: 6.119972e-11
time: 6.119972e-11
time: 6.119972e-11
time: 6.119972e-11
time: 6.119972e-11
time: 6.119972e-11
time: 6.119972e-11
time: 6.119972e-11
time: 6.119972e-11
time: 6.119972e-11
time: 6.119972e-11
time: 6.119972e-11
time: 6.119972e-11
time: 6.119972e-11
time: 6.119972e-11
time: 6.119972e-11
time: 1.223994e-10
time: 1.835992e-10
time: 3.750953e-08
time: 7.483547e-08
time: 1.121614e-07
time: 2.042733e-07
time: 2.963852e-07
time: 3.884971e-07
time: 4.806091e-07
time: 6.593591e-07
time: 8.381092e-07
time: 1.016859e-06
time: 1.195609e-06
time: 1.466662e-06
time: 1.737714e-06
time: 2.008766e-06
time: 2.279818e-06
time: 2.880627e-06
time: 2.880627e-06
time: 3.481435e-06
time: 3.481435e-06
time: 4.082244e-06
time: 4.082244e-06
time: 4.683053e-06
time: 4.683053e-06
time: 5.283861e-06
time: 5.884670e-06
time: 6.638496e-06
time: 7.392322e-06
time: 8.146148e-06
time: 8.899973e-06
time: 9.653799e-06
time: 1.056738e-05
time: 1.148096e-05
time: 1.239453e-05
time: 1.330811e-05
time: 1.422169e-05
time: 1.537230e-05
time: 1.652291e-05
time: 1.767353e-05
time: 1.882414e-05
time: 1.997475e-05
time: 2.143639e-05
time: 2.289802e-05
time: 2.435965e-05
time: 2.582128e-05
time: 2.728292e-05
time: 2.911908e-05
time: 3.095525e-05
time: 3.279141e-05
time: 3.462758e-05
time: 3.646374e-05
time: 3.874742e-05
time: 4.103110e-05
time: 4.331478e-05
time: 4.559846e-05
time: 4.788214e-05
time: 5.069517e-05
time: 5.350821e-05
time: 5.632125e-05
time: 5.913429e-05
time: 6.194733e-05
time: 6.538056e-05
time: 6.881379e-05
time: 7.224703e-05
time: 7.568026e-05
time: 7.911349e-05
time: 8.254672e-05
time: 8.597995e-05
time: 8.941318e-05
time: 8.941318e-05
time: 9.284641e-05
time: 9.740918e-05
time: 9.740918e-05
time: 9.740918e-05
time: 9.740918e-05
time: 1.019719e-04
time: 1.019719e-04
time: 1.065347e-04
time: 1.110975e-04
time: 1.156603e-04
time: 1.156603e-04
time: 1.202230e-04
time: 1.247858e-04
time: 1.247858e-04
time: 1.247858e-04
time: 1.247858e-04
time: 1.247858e-04
time: 1.213637e-04
time: 1.213637e-04
time: 1.213637e-04
time: 1.213637e-04
time: 1.213637e-04
time: 1.213637e-04
time: 1.213637e-04
time: 1.213637e-04
time: 1.213637e-04
time: 1.213637e-04
time: 1.213637e-04
time: 1.213637e-04
time: 1.213637e-04
time: 1.213637e-04
time: 1.213637e-04
time: 1.213637e-04
time: 1.213637e-04
time: 1.213637e-04
time: 1.213637e-04
time: 1.213637e-04
time: 1.213637e-04
time: 1.213637e-04
time: 1.213637e-04
time: 1.213637e-04
time: 1.213637e-04
time: 1.213637e-04
time: 1.213637e-04
time: 1.213637e-04
time: 1.213637e-04
time: 1.213637e-04
time: 1.213637e-04
time: 1.213637e-04
time: 1.213637e-04
time: 1.213637e-04
time: 1.213637e-04
time: 1.213637e-04
time: 1.213637e-04
time: 1.213637e-04
time: 1.213637e-04
time: 1.213637e-04
time: 1.213637e-04
time: 1.213637e-04
time: 1.213637e-04
time: 1.213637e-04
time: 1.213637e-04
time: 1.213637e-04
time: 1.213637e-04
time: 1.213637e-04
time: 1.213637e-04
time: 1.213637e-04
time: 1.213637e-04
time: 1.213637e-04
time: 1.213637e-04
time: 1.213637e-04
time: 1.213637e-04
time: 1.225044e-04
time: 1.236451e-04
time: 1.247858e-04
time: 1.259265e-04
time: 1.282079e-04
time: 1.304892e-04
time: 1.327706e-04
time: 1.350520e-04
time: 1.396148e-04
time: 1.441776e-04
time: 1.487403e-04
time: 1.533031e-04
time: 1.578659e-04
time: 1.648390e-04
time: 1.718121e-04
time: 1.787853e-04
time: 1.857584e-04
time: 1.927315e-04
time: 2.011103e-04
time: 2.094890e-04
time: 2.178677e-04
time: 2.262465e-04
time: 2.346252e-04
time: 2.430039e-04
time: 2.531046e-04
time: 2.632053e-04
time: 2.733060e-04
time: 2.834067e-04
time: 2.935074e-04
time: 3.036080e-04
time: 3.137087e-04
time: 3.260590e-04
time: 3.384093e-04
time: 3.507596e-04
time: 3.507596e-04
time: 3.631099e-04
time: 3.754602e-04
time: 3.754602e-04
time: 3.878105e-04
time: 4.001608e-04
time: 4.001608e-04
time: 4.001608e-04
time: 4.125110e-04
time: 4.125110e-04
time: 4.125110e-04
time: 4.125110e-04
time: 4.248613e-04
time: 4.372116e-04
time: 4.372116e-04
time: 4.520765e-04
time: 4.520765e-04
time: 4.520765e-04
time: 4.520765e-04
time: 4.669413e-04
time: 4.669413e-04
time: 4.818062e-04
time: 4.818062e-04
time: 4.818062e-04
time: 4.818062e-04
time: 4.818062e-04
time: 4.706576e-04
time: 4.706576e-04
time: 4.706576e-04
time: 4.706576e-04
time: 4.706576e-04
time: 4.706576e-04
time: 4.706576e-04
time: 4.706576e-04
time: 4.706576e-04
time: 4.706576e-04
time: 4.706576e-04
time: 4.706576e-04
time: 4.706576e-04
time: 4.706576e-04
time: 4.706576e-04
time: 4.706576e-04
time: 4.706576e-04
time: 4.706576e-04
time: 4.706576e-04
time: 4.706576e-04
time: 4.706576e-04
time: 4.706576e-04
time: 4.706576e-04
time: 4.706576e-04
time: 4.706576e-04
time: 4.706576e-04
time: 4.706576e-04
time: 4.706576e-04
time: 4.706576e-04
time: 4.706576e-04
time: 4.706576e-04
time: 4.706576e-04
time: 4.706576e-04
time: 4.706576e-04
time: 4.706576e-04
time: 4.706576e-04
time: 4.706576e-04
time: 4.706576e-04
time: 4.706576e-04
time: 4.706576e-04
time: 4.706576e-04
time: 4.706576e-04
time: 4.706576e-04
time: 4.706576e-04
time: 4.706576e-04
time: 4.706576e-04
time: 4.706576e-04
time: 4.706576e-04
time: 4.706576e-04
time: 4.706576e-04
time: 4.706576e-04
time: 4.706576e-04
time: 4.706576e-04
time: 4.706576e-04
time: 4.706576e-04
time: 4.743738e-04
time: 4.780900e-04
time: 4.818062e-04
time: 4.855224e-04
time: 4.929548e-04
time: 5.003873e-04
time: 5.078197e-04
time: 5.152521e-04
time: 5.226846e-04
time: 5.375494e-04
time: 5.524143e-04
time: 5.672791e-04
time: 5.821440e-04
time: 5.970088e-04
time: 6.244430e-04
time: 6.244430e-04
time: 6.518772e-04
time: 6.518772e-04
time: 6.793114e-04
time: 6.793114e-04
time: 7.067455e-04
time: 7.067455e-04
time: 7.341797e-04
time: 7.341797e-04
time: 7.616139e-04
time: 7.616139e-04
time: 7.890481e-04
time: 7.890481e-04
time: 8.164822e-04
time: 8.164822e-04
time: 8.439164e-04
time: 8.439164e-04
time: 8.301993e-04
time: 8.439164e-04
time: 8.576335e-04
time: 8.576335e-04
time: 8.576335e-04
time: 8.713506e-04
time: 8.713506e-04
time: 8.713506e-04
time: 8.850677e-04
time: 8.850677e-04
time: 8.850677e-04
time: 8.850677e-04
time: 8.987848e-04
time: 8.987848e-04
time: 8.987848e-04
time: 9.125018e-04
time: 9.262189e-04
time: 9.262189e-04
time: 9.262189e-04
time: 9.399360e-04
time: 9.399360e-04
time: 9.399360e-04
time: 9.399360e-04
time: 9.399360e-04
time: 9.296482e-04
time: 9.296482e-04
time: 9.296482e-04
time: 9.296482e-04
time: 9.296482e-04
time: 9.296482e-04
time: 9.296482e-04
time: 9.296482e-04
time: 9.296482e-04
time: 9.296482e-04
time: 9.296482e-04
time: 9.296482e-04
time: 9.296482e-04
time: 9.296482e-04
time: 9.296482e-04
time: 9.296482e-04
time: 9.296482e-04
time: 9.296482e-04
time: 9.296482e-04
time: 9.296482e-04
time: 9.296482e-04
time: 9.296482e-04
time: 9.296482e-04
time: 9.296482e-04
time: 9.296482e-04
time: 9.296482e-04
time: 9.296482e-04
time: 9.296482e-04
time: 9.296482e-04
time: 9.296482e-04
time: 9.296482e-04
time: 9.296482e-04
time: 9.296482e-04
time: 9.296482e-04
time: 9.296482e-04
time: 9.296482e-04
time: 9.296482e-04
time: 9.296482e-04
time: 9.296482e-04
time: 9.296482e-04
time: 9.296482e-04
time: 9.296482e-04
time: 9.296482e-04
time: 9.296482e-04
time: 9.296482e-04
time: 9.296482e-04
time: 9.296482e-04
time: 9.296482e-04
time: 9.296482e-04
time: 9.296482e-04
time: 9.296482e-04
time: 9.296482e-04
time: 9.296482e-04
time: 9.296482e-04
time: 9.296482e-04
time: 9.330775e-04
time: 9.365067e-04
time: 9.399360e-04
time: 9.433653e-04
time: 9.467946e-04
time: 9.536531e-04
time: 9.605116e-04
time: 9.673702e-04
time: 9.673702e-04
time: 9.742287e-04
time: 9.742287e-04
time: 9.810873e-04
time: 9.810873e-04
time: 9.879458e-04
time: 9.879458e-04
time: 9.948044e-04
time: 9.948044e-04
time: 1.001663e-03
time: 1.001663e-03
time: 1.008521e-03
time: 1.008521e-03
time: 1.015380e-03
time: 1.015380e-03
time: 1.011951e-03
time: 1.015380e-03
time: 1.018809e-03
time: 1.022239e-03
time: 1.025668e-03
time: 1.029097e-03
time: 1.032526e-03
time: 1.035956e-03
time: 1.039385e-03
time: 1.039385e-03
time: 1.042814e-03
time: 1.042814e-03
time: 1.046243e-03
time: 1.046243e-03
time: 1.049673e-03
time: 1.049673e-03
time: 1.053102e-03
time: 1.053102e-03
time: 1.056531e-03
time: 1.056531e-03
time: 1.059961e-03
time: 1.059961e-03
time: 1.063390e-03
time: 1.063390e-03
time: 1.061675e-03
time: 1.063390e-03
time: 1.065104e-03
time: 1.066819e-03
time: 1.068534e-03
time: 1.070248e-03
time: 1.071963e-03
time: 1.073678e-03
time: 1.075392e-03
time: 1.075392e-03
time: 1.077107e-03
time: 1.077107e-03
time: 1.078822e-03
time: 1.078822e-03
time: 1.080536e-03
time: 1.080536e-03
time: 1.082251e-03
time: 1.082251e-03
time: 1.083965e-03
time: 1.083965e-03
time: 1.085680e-03
time: 1.085680e-03
time: 1.087395e-03
time: 1.087395e-03
time: 1.086537e-03
time: 1.087395e-03
time: 1.088252e-03
time: 1.089109e-03
time: 1.089967e-03
time: 1.090824e-03
time: 1.091900e-03
time: 1.091900e-03
time: 1.092976e-03
time: 1.092976e-03
time: 1.094051e-03
time: 1.094051e-03
time: 1.095127e-03
time: 1.095127e-03
time: 1.096203e-03
time: 1.096203e-03
time: 1.097279e-03
time: 1.097279e-03
time: 1.098355e-03
time: 1.098355e-03
time: 1.099431e-03
time: 1.099431e-03
time: 1.100506e-03
time: 1.100506e-03
time: 1.099969e-03
time: 1.100506e-03
time: 1.101044e-03
time: 1.101582e-03
time: 1.102120e-03
time: 1.102658e-03
time: 1.102658e-03
time: 1.103196e-03
time: 1.103734e-03
time: 1.104272e-03
time: 1.104272e-03
time: 1.104810e-03
time: 1.105348e-03
time: 1.105348e-03
time: 1.105886e-03
time: 1.105886e-03
time: 1.106424e-03
time: 1.106424e-03
time: 1.106961e-03
time: 1.106961e-03
time: 1.107499e-03
time: 1.107499e-03
time: 1.108037e-03
time: 1.108037e-03
time: 1.108575e-03
time: 1.108575e-03
time: 1.109113e-03
time: 1.109113e-03
time: 1.109651e-03
time: 1.109651e-03
time: 1.110189e-03
time: 1.110189e-03
time: 1.110727e-03
time: 1.110727e-03
time: 1.111265e-03
time: 1.111265e-03
time: 1.111803e-03
time: 1.111803e-03
time: 1.111803e-03
time: 1.112341e-03
time: 1.112341e-03
time: 1.112341e-03
time: 1.112341e-03
time: 1.112879e-03
time: 1.112879e-03
time: 1.113416e-03
time: 1.113416e-03
time: 1.113954e-03
time: 1.113954e-03
time: 1.113954e-03
time: 1.113954e-03
time: 1.114492e-03
time: 1.114492e-03
time: 1.115030e-03
time: 1.115030e-03
time: 1.115568e-03
time: 1.115568e-03
time: 1.115568e-03
time: 1.115568e-03
time: 1.115568e-03
time: 1.115165e-03
time: 1.115165e-03
time: 1.115165e-03
time: 1.115165e-03
time: 1.115165e-03
time: 1.115165e-03
time: 1.115165e-03
time: 1.115165e-03
time: 1.115165e-03
time: 1.115165e-03
time: 1.115165e-03
time: 1.115165e-03
time: 1.115165e-03
time: 1.115165e-03
time: 1.115165e-03
time: 1.115165e-03
time: 1.115165e-03
time: 1.115165e-03
time: 1.115165e-03
time: 1.115165e-03
time: 1.115165e-03
time: 1.115165e-03
time: 1.115165e-03
time: 1.115165e-03
time: 1.115165e-03
time: 1.115165e-03
time: 1.115165e-03
time: 1.115165e-03
time: 1.115165e-03
time: 1.115165e-03
time: 1.115165e-03
time: 1.115165e-03
time: 1.115165e-03
time: 1.115165e-03
time: 1.115165e-03
time: 1.115165e-03
time: 1.115165e-03
time: 1.115165e-03
time: 1.115165e-03
time: 1.115165e-03
time: 1.115165e-03
time: 1.115165e-03
time: 1.115165e-03
time: 1.115165e-03
time: 1.115165e-03
time: 1.115165e-03
time: 1.115165e-03
time: 1.115165e-03
time: 1.115165e-03
time: 1.115165e-03
time: 1.115165e-03
time: 1.115165e-03
time: 1.115165e-03
time: 1.115165e-03
time: 1.115165e-03
time: 1.115299e-03
time: 1.115434e-03
time: 1.115568e-03
time: 1.115703e-03
time: 1.115972e-03
time: 1.116240e-03
time: 1.116509e-03
time: 1.116778e-03
time: 1.117047e-03
time: 1.117487e-03
time: 1.117926e-03
time: 1.118366e-03
time: 1.118366e-03
time: 1.118806e-03
time: 1.118806e-03
time: 1.119245e-03
time: 1.119245e-03
time: 1.119685e-03
time: 1.119685e-03
time: 1.120124e-03
time: 1.120124e-03
time: 1.120564e-03
time: 1.120564e-03
time: 1.121003e-03
time: 1.121003e-03
time: 1.121443e-03
time: 1.121443e-03
time: 1.121882e-03
time: 1.121882e-03
time: 1.122322e-03
time: 1.122322e-03
time: 1.122762e-03
time: 1.122762e-03
time: 1.123201e-03
time: 1.123201e-03
time: 1.123641e-03
time: 1.123641e-03
time: 1.124080e-03
time: 1.124080e-03
time: 1.124520e-03
time: 1.124520e-03
time: 1.124959e-03
time: 1.124959e-03
time: 1.125399e-03
time: 1.125399e-03
time: 1.125838e-03
time: 1.125838e-03
time: 1.126278e-03
time: 1.126278e-03
time: 1.126718e-03
time: 1.126718e-03
time: 1.127157e-03
time: 1.127157e-03
time: 1.127597e-03
time: 1.127597e-03
time: 1.128036e-03
time: 1.128036e-03
time: 1.128476e-03
time: 1.128476e-03
time: 1.128915e-03
time: 1.128915e-03
time: 1.129355e-03
time: 1.129355e-03
time: 1.129794e-03
time: 1.129794e-03
time: 1.130234e-03
time: 1.130234e-03
time: 1.130674e-03
time: 1.130674e-03
time: 1.131113e-03
time: 1.131113e-03
time: 1.131553e-03
time: 1.131553e-03
time: 1.131992e-03
time: 1.131992e-03
time: 1.132432e-03
time: 1.132432e-03
time: 1.132871e-03
time: 1.132871e-03
time: 1.133311e-03
time: 1.133311e-03
time: 1.133750e-03
time: 1.133750e-03
time: 1.134190e-03
time: 1.134190e-03
time: 1.134630e-03
time: 1.134630e-03
time: 1.135069e-03
time: 1.135069e-03
time: 1.135509e-03
time: 1.135509e-03
time: 1.135948e-03
time: 1.135948e-03
time: 1.136388e-03
time: 1.136388e-03
time: 1.136827e-03
time: 1.136827e-03
time: 1.137267e-03
time: 1.137267e-03
time: 1.137706e-03
time: 1.137706e-03
time: 1.138146e-03
time: 1.138146e-03
time: 1.138586e-03
time: 1.138586e-03
time: 1.139025e-03
time: 1.139025e-03
time: 1.139465e-03
time: 1.139465e-03
time: 1.139904e-03
time: 1.139904e-03
time: 1.140344e-03
time: 1.140783e-03
time: 1.141223e-03
time: 1.141223e-03
time: 1.141662e-03
time: 1.142102e-03
time: 1.142542e-03
time: 1.142542e-03
time: 1.142981e-03
time: 1.143421e-03
time: 1.143421e-03
time: 1.143421e-03
time: 1.143860e-03
time: 1.143860e-03
time: 1.143860e-03
time: 1.143860e-03
time: 1.143860e-03
time: 1.143531e-03
time: 1.143531e-03
time: 1.143531e-03
time: 1.143531e-03
time: 1.143531e-03
time: 1.143531e-03
time: 1.143531e-03
time: 1.143531e-03
time: 1.143531e-03
time: 1.143531e-03
time: 1.143531e-03
time: 1.143531e-03
time: 1.143531e-03
time: 1.143531e-03
time: 1.143531e-03
time: 1.143531e-03
time: 1.143531e-03
time: 1.143531e-03
time: 1.143531e-03
time: 1.143531e-03
time: 1.143531e-03
time: 1.143531e-03
time: 1.143531e-03
time: 1.143531e-03
time: 1.143531e-03
time: 1.143531e-03
time: 1.143531e-03
time: 1.143531e-03
time: 1.143531e-03
time: 1.143531e-03
time: 1.143531e-03
time: 1.143531e-03
time: 1.143531e-03
time: 1.143531e-03
time: 1.143531e-03
time: 1.143531e-03
time: 1.143531e-03
time: 1.143531e-03
time: 1.143531e-03
time: 1.143531e-03
time: 1.143531e-03
time: 1.143531e-03
time: 1.143531e-03
time: 1.143531e-03
time: 1.143531e-03
time: 1.143531e-03
time: 1.143531e-03
time: 1.143531e-03
time: 1.143531e-03
time: 1.143531e-03
time: 1.143531e-03
time: 1.143531e-03
time: 1.143531e-03
time: 1.143531e-03
time: 1.143531e-03
time: 1.143531e-03
time: 1.143476e-03
time: 1.143531e-03
time: 1.143585e-03
time: 1.143640e-03
time: 1.143750e-03
time: 1.143860e-03
time: 1.143970e-03
time: 1.144080e-03
time: 1.144300e-03
time: 1.144520e-03
time: 1.144739e-03
time: 1.144959e-03
time: 1.145399e-03
time: 1.145838e-03
time: 1.146278e-03
time: 1.146717e-03
time: 1.147157e-03
time: 1.147742e-03
time: 1.148327e-03
time: 1.148327e-03
time: 1.148911e-03
time: 1.148911e-03
time: 1.149496e-03
time: 1.149496e-03
time: 1.150081e-03
time: 1.150081e-03
time: 1.150666e-03
time: 1.150666e-03
time: 1.151251e-03
time: 1.151251e-03
time: 1.151836e-03
time: 1.151836e-03
time: 1.152421e-03
time: 1.152421e-03
time: 1.153006e-03
time: 1.153006e-03
time: 1.153590e-03
time: 1.153590e-03
time: 1.154175e-03
time: 1.154760e-03
time: 1.155345e-03
time: 1.155930e-03
time: 1.156642e-03
time: 1.157354e-03
time: 1.157354e-03
time: 1.158067e-03
time: 1.158067e-03
time: 1.158779e-03
time: 1.158779e-03
time: 1.159491e-03
time: 1.159491e-03
time: 1.160204e-03
time: 1.160204e-03
time: 1.160916e-03
time: 1.160916e-03
time: 1.161628e-03
time: 1.161628e-03
time: 1.162340e-03
time: 1.163053e-03
time: 1.163765e-03
time: 1.164477e-03
time: 1.165190e-03
time: 1.165902e-03
time: 1.165902e-03
time: 1.166614e-03
time: 1.166614e-03
time: 1.167477e-03
time: 1.167477e-03
time: 1.168340e-03
time: 1.168340e-03
time: 1.168340e-03
time: 1.168340e-03
time: 1.168340e-03
time: 1.167693e-03
time: 1.167693e-03
time: 1.167693e-03
time: 1.167693e-03
time: 1.167693e-03
time: 1.167693e-03
time: 1.167693e-03
time: 1.167693e-03
time: 1.167693e-03
time: 1.167693e-03
time: 1.167693e-03
time: 1.167693e-03
time: 1.167693e-03
time: 1.167693e-03
time: 1.167693e-03
time: 1.167693e-03
time: 1.167693e-03
time: 1.167693e-03
time: 1.167693e-03
time: 1.167693e-03
time: 1.167693e-03
time: 1.167693e-03
time: 1.167693e-03
time: 1.167693e-03
time: 1.167693e-03
time: 1.167693e-03
time: 1.167693e-03
time: 1.167693e-03
time: 1.167693e-03
time: 1.167693e-03
time: 1.167693e-03
time: 1.167693e-03
time: 1.167693e-03
time: 1.167693e-03
time: 1.167693e-03
time: 1.167693e-03
time: 1.167693e-03
time: 1.167693e-03
time: 1.167693e-03
time: 1.167693e-03
time: 1.167693e-03
time: 1.167693e-03
time: 1.167693e-03
time: 1.167693e-03
time: 1.167693e-03
time: 1.167693e-03
time: 1.167693e-03
time: 1.167693e-03
time: 1.167693e-03
time: 1.167693e-03
time: 1.167693e-03
time: 1.167693e-03
time: 1.167693e-03
time: 1.167693e-03
time: 1.167693e-03
time: 1.167908e-03
time: 1.168124e-03
time: 1.168340e-03
time: 1.168555e-03
time: 1.168987e-03
time: 1.169418e-03
time: 1.169849e-03
time: 1.170281e-03
time: 1.171143e-03
time: 1.171143e-03
time: 1.172006e-03
time: 1.172869e-03
time: 1.172869e-03
time: 1.173732e-03
time: 1.174594e-03
time: 1.175704e-03
time: 1.176813e-03
time: 1.177923e-03
time: 1.179032e-03
time: 1.180142e-03
time: 1.181251e-03
time: 1.182360e-03
time: 1.183470e-03
time: 1.184579e-03
time: 1.185689e-03
time: 1.187038e-03
time: 1.188388e-03
time: 1.188388e-03
time: 1.189737e-03
time: 1.189737e-03
time: 1.191087e-03
time: 1.191087e-03
time: 1.192436e-03
time: 1.193786e-03
time: 1.195135e-03
time: 1.196485e-03
time: 1.197834e-03
time: 1.199183e-03
time: 1.199183e-03
time: 1.200533e-03
time: 1.200533e-03
time: 1.201882e-03
time: 1.201882e-03
time: 1.201882e-03
time: 1.203232e-03
time: 1.203232e-03
time: 1.203232e-03
time: 1.204581e-03
time: 1.204581e-03
time: 1.204581e-03
time: 1.203569e-03
time: 1.203569e-03
time: 1.203569e-03
time: 1.203569e-03
time: 1.203569e-03
time: 1.203569e-03
time: 1.203569e-03
time: 1.203569e-03
time: 1.203569e-03
time: 1.203569e-03
time: 1.203569e-03
time: 1.203569e-03
time: 1.203569e-03
time: 1.203569e-03
time: 1.203569e-03
time: 1.203569e-03
time: 1.203569e-03
time: 1.203569e-03
time: 1.203569e-03
time: 1.203569e-03
time: 1.203569e-03
time: 1.203569e-03
time: 1.203569e-03
time: 1.203569e-03
time: 1.203569e-03
time: 1.203569e-03
time: 1.203569e-03
time: 1.203569e-03
time: 1.203569e-03
time: 1.203569e-03
time: 1.203569e-03
time: 1.203569e-03
time: 1.203569e-03
time: 1.203569e-03
time: 1.203569e-03
time: 1.203569e-03
time: 1.203569e-03
time: 1.203569e-03
time: 1.203569e-03
time: 1.203569e-03
time: 1.203569e-03
time: 1.203569e-03
time: 1.203569e-03
time: 1.203569e-03
time: 1.203569e-03
time: 1.203569e-03
time: 1.203569e-03
time: 1.203569e-03
time: 1.203569e-03
time: 1.203569e-03
time: 1.203569e-03
time: 1.203569e-03
time: 1.203569e-03
time: 1.203569e-03
time: 1.203569e-03
time: 1.203907e-03
time: 1.204244e-03
time: 1.204581e-03
time: 1.204919e-03
time: 1.205593e-03
time: 1.206268e-03
time: 1.206943e-03
time: 1.207618e-03
time: 1.208967e-03
time: 1.210316e-03
time: 1.211666e-03
time: 1.213015e-03
time: 1.214365e-03
time: 1.216307e-03
time: 1.218250e-03
time: 1.220192e-03
time: 1.222135e-03
time: 1.224077e-03
time: 1.226020e-03
time: 1.227962e-03
time: 1.230346e-03
time: 1.232730e-03
time: 1.235114e-03
time: 1.237498e-03
time: 1.239882e-03
time: 1.242265e-03
time: 1.244649e-03
time: 1.247033e-03
time: 1.249900e-03
time: 1.252768e-03
time: 1.255635e-03
time: 1.258502e-03
time: 1.261369e-03
time: 1.264236e-03
time: 1.267103e-03
time: 1.269970e-03
time: 1.269970e-03
time: 1.272837e-03
time: 1.272837e-03
time: 1.275704e-03
time: 1.275704e-03
time: 1.278572e-03
time: 1.281439e-03
time: 1.284306e-03
time: 1.284306e-03
time: 1.287173e-03
time: 1.287173e-03
time: 1.290040e-03
time: 1.290040e-03
time: 1.292907e-03
time: 1.292907e-03
time: 1.295774e-03
time: 1.298641e-03
time: 1.298641e-03
time: 1.301509e-03
time: 1.301509e-03
time: 1.304376e-03
time: 1.304376e-03
time: 1.307243e-03
time: 1.310110e-03
time: 1.312977e-03
time: 1.312977e-03
time: 1.315844e-03
time: 1.315844e-03
time: 1.318711e-03
time: 1.318711e-03
time: 1.321578e-03
time: 1.321578e-03
time: 1.324445e-03
time: 1.327313e-03
time: 1.327313e-03
time: 1.330180e-03
time: 1.330180e-03
time: 1.333047e-03
time: 1.333047e-03
time: 1.335914e-03
time: 1.335914e-03
time: 1.338781e-03
time: 1.338781e-03
time: 1.341648e-03
time: 1.344515e-03
time: 1.344515e-03
time: 1.347382e-03
time: 1.350249e-03
time: 1.350249e-03
time: 1.353117e-03
time: 1.353117e-03
time: 1.355984e-03
time: 1.355984e-03
time: 1.355984e-03
time: 1.358851e-03
time: 1.358851e-03
time: 1.358851e-03
time: 1.361718e-03
time: 1.361718e-03
time: 1.361718e-03
time: 1.364585e-03
time: 1.364585e-03
time: 1.364585e-03
time: 1.364585e-03
time: 1.367452e-03
time: 1.367452e-03
time: 1.367452e-03
time: 1.370319e-03
time: 1.373186e-03
time: 1.373186e-03
time: 1.376053e-03
time: 1.376053e-03
time: 1.378921e-03
time: 1.378921e-03
time: 1.378921e-03
time: 1.378921e-03
time: 1.381788e-03
time: 1.381788e-03
time: 1.384655e-03
time: 1.384655e-03
time: 1.384655e-03
time: 1.387522e-03
time: 1.387522e-03
time: 1.387522e-03
time: 1.387522e-03
time: 1.390389e-03
time: 1.390389e-03
time: 1.393256e-03
time: 1.393256e-03
time: 1.393256e-03
time: 1.393256e-03
time: 1.396123e-03
time: 1.396123e-03
time: 1.396123e-03
time: 1.398990e-03
time: 1.398990e-03
time: 1.402582e-03
time: 1.406173e-03
time: 1.406173e-03
time: 1.406173e-03
time: 1.406173e-03
time: 1.409765e-03
time: 1.409765e-03
time: 1.409765e-03
time: 1.413356e-03
time: 1.416948e-03
time: 1.416948e-03
time: 1.416948e-03
time: 1.416948e-03
time: 1.420539e-03
time: 1.420539e-03
time: 1.420539e-03
time: 1.420539e-03
time: 1.424130e-03
time: 1.424130e-03
time: 1.427722e-03
time: 1.427722e-03
time: 1.431313e-03
time: 1.431313e-03
time: 1.431313e-03
time: 1.434905e-03
time: 1.434905e-03
time: 1.434905e-03
time: 1.434905e-03
time: 1.434905e-03
time: 1.432211e-03
time: 1.432211e-03
time: 1.432211e-03
time: 1.432211e-03
time: 1.432211e-03
time: 1.432211e-03
time: 1.432211e-03
time: 1.432211e-03
time: 1.432211e-03
time: 1.432211e-03
time: 1.432211e-03
time: 1.432211e-03
time: 1.432211e-03
time: 1.432211e-03
time: 1.432211e-03
time: 1.432211e-03
time: 1.432211e-03
time: 1.432211e-03
time: 1.432211e-03
time: 1.432211e-03
time: 1.432211e-03
time: 1.432211e-03
time: 1.432211e-03
time: 1.432211e-03
time: 1.432211e-03
time: 1.432211e-03
time: 1.432211e-03
time: 1.432211e-03
time: 1.432211e-03
time: 1.432211e-03
time: 1.432211e-03
time: 1.432211e-03
time: 1.432211e-03
time: 1.432211e-03
time: 1.432211e-03
time: 1.432211e-03
time: 1.432211e-03
time: 1.432211e-03
time: 1.432211e-03
time: 1.432211e-03
time: 1.432211e-03
time: 1.432211e-03
time: 1.432211e-03
time: 1.432211e-03
time: 1.432211e-03
time: 1.432211e-03
time: 1.432211e-03
time: 1.432211e-03
time: 1.432211e-03
time: 1.432211e-03
time: 1.432211e-03
time: 1.432211e-03
time: 1.432211e-03
time: 1.432211e-03
time: 1.432211e-03
time: 1.433109e-03
time: 1.434007e-03
time: 1.434905e-03
time: 1.435802e-03
time: 1.437598e-03
time: 1.439394e-03
time: 1.441190e-03
time: 1.442985e-03
time: 1.446577e-03
time: 1.450168e-03
time: 1.453760e-03
time: 1.457351e-03
time: 1.460942e-03
time: 1.468125e-03
time: 1.475308e-03
time: 1.482491e-03
time: 1.489674e-03
time: 1.496857e-03
time: 1.505809e-03
time: 1.514761e-03
time: 1.523713e-03
time: 1.532665e-03
time: 1.541617e-03
time: 1.550569e-03
time: 1.559521e-03
time: 1.568473e-03
time: 1.577425e-03
time: 1.588279e-03
time: 1.599133e-03
time: 1.599133e-03
time: 1.609987e-03
time: 1.609987e-03
time: 1.620841e-03
time: 1.631695e-03
time: 1.642549e-03
time: 1.653403e-03
time: 1.664257e-03
time: 1.675111e-03
time: 1.688156e-03
time: 1.701200e-03
time: 1.701200e-03
time: 1.714244e-03
time: 1.714244e-03
time: 1.727289e-03
time: 1.740333e-03
time: 1.753377e-03
time: 1.753377e-03
time: 1.766422e-03
time: 1.779466e-03
time: 1.792510e-03
time: 1.805555e-03
time: 1.805555e-03
time: 1.805555e-03
time: 1.818599e-03
time: 1.818599e-03
time: 1.818599e-03
time: 1.831643e-03
time: 1.831643e-03
time: 1.831643e-03
time: 1.844688e-03
time: 1.844688e-03
time: 1.844688e-03
time: 1.857732e-03
time: 1.857732e-03
time: 1.857732e-03
time: 1.857732e-03
time: 1.870776e-03
time: 1.870776e-03
time: 1.870776e-03
time: 1.886452e-03
time: 1.886452e-03
time: 1.886452e-03
time: 1.902127e-03
time: 1.902127e-03
time: 1.902127e-03
time: 1.917803e-03
time: 1.917803e-03
time: 1.917803e-03
time: 1.917803e-03
time: 1.933478e-03
time: 1.949154e-03
time: 1.949154e-03
time: 1.949154e-03
time: 1.964829e-03
time: 1.964829e-03
time: 1.964829e-03
time: 1.964829e-03
time: 1.964829e-03
time: 1.953073e-03
time: 1.953073e-03
time: 1.953073e-03
time: 1.953073e-03
time: 1.953073e-03
time: 1.953073e-03
time: 1.953073e-03
time: 1.953073e-03
time: 1.953073e-03
time: 1.953073e-03
time: 1.953073e-03
time: 1.953073e-03
time: 1.953073e-03
time: 1.953073e-03
time: 1.953073e-03
time: 1.953073e-03
time: 1.953073e-03
time: 1.953073e-03
time: 1.953073e-03
time: 1.953073e-03
time: 1.953073e-03
time: 1.953073e-03
time: 1.953073e-03
time: 1.953073e-03
time: 1.953073e-03
time: 1.953073e-03
time: 1.953073e-03
time: 1.953073e-03
time: 1.953073e-03
time: 1.953073e-03
time: 1.953073e-03
time: 1.953073e-03
time: 1.953073e-03
time: 1.953073e-03
time: 1.953073e-03
time: 1.953073e-03
time: 1.953073e-03
time: 1.953073e-03
time: 1.953073e-03
time: 1.953073e-03
time: 1.953073e-03
time: 1.953073e-03
time: 1.953073e-03
time: 1.953073e-03
time: 1.953073e-03
time: 1.953073e-03
time: 1.953073e-03
time: 1.953073e-03
time: 1.953073e-03
time: 1.953073e-03
time: 1.953073e-03
time: 1.953073e-03
time: 1.953073e-03
time: 1.953073e-03
time: 1.953073e-03
time: 1.956992e-03
time: 1.960910e-03
time: 1.964829e-03
time: 1.968748e-03
time: 1.976586e-03
time: 1.984424e-03
time: 1.992261e-03
time: 2.000099e-03
time: 2.007937e-03
time: 2.023612e-03
time: 2.039288e-03
time: 2.054963e-03
time: 2.070639e-03
time: 2.086314e-03
time: 2.108576e-03
time: 2.130839e-03
time: 2.153101e-03
time: 2.153101e-03
time: 2.175363e-03
time: 2.197625e-03
time: 2.219887e-03
time: 2.242149e-03
time: 2.264412e-03
time: 2.286674e-03
time: 2.313492e-03
time: 2.340311e-03
time: 2.340311e-03
time: 2.367129e-03
time: 2.367129e-03
time: 2.393948e-03
time: 2.420767e-03
time: 2.447585e-03
time: 2.474404e-03
time: 2.474404e-03
time: 2.474404e-03
time: 2.501222e-03
time: 2.501222e-03
time: 2.501222e-03
time: 2.501222e-03
time: 2.501222e-03
time: 2.474404e-03
time: 2.481108e-03
time: 2.481108e-03
time: 2.481108e-03
time: 2.481108e-03
time: 2.481108e-03
time: 2.481108e-03
time: 2.481108e-03
time: 2.481108e-03
time: 2.481108e-03
time: 2.481108e-03
time: 2.481108e-03
time: 2.481108e-03
time: 2.481108e-03
time: 2.481108e-03
time: 2.481108e-03
time: 2.481108e-03
time: 2.481108e-03
time: 2.481108e-03
time: 2.481108e-03
time: 2.481108e-03
time: 2.481108e-03
time: 2.481108e-03
time: 2.481108e-03
time: 2.481108e-03
time: 2.481108e-03
time: 2.481108e-03
time: 2.481108e-03
time: 2.481108e-03
time: 2.481108e-03
time: 2.481108e-03
time: 2.481108e-03
time: 2.481108e-03
time: 2.481108e-03
time: 2.481108e-03
time: 2.481108e-03
time: 2.481108e-03
time: 2.481108e-03
time: 2.481108e-03
time: 2.481108e-03
time: 2.481108e-03
time: 2.481108e-03
time: 2.481108e-03
time: 2.481108e-03
time: 2.481108e-03
time: 2.481108e-03
time: 2.481108e-03
time: 2.481108e-03
time: 2.481108e-03
time: 2.481108e-03
time: 2.481108e-03
time: 2.481108e-03
time: 2.481108e-03
time: 2.481108e-03
time: 2.481108e-03
time: 2.481108e-03
time: 2.481108e-03
time: 2.476870e-03
time: 2.476870e-03
time: 2.479336e-03
time: 2.479336e-03
time: 2.481803e-03
time: 2.481803e-03
time: 2.484269e-03
time: 2.484269e-03
time: 2.489202e-03
time: 2.494134e-03
time: 2.499067e-03
time: 2.504000e-03
time: 2.513865e-03
time: 2.523730e-03
time: 2.533596e-03
time: 2.543461e-03
time: 2.553326e-03
time: 2.573057e-03
time: 2.592788e-03
time: 2.612519e-03
time: 2.632249e-03
time: 2.651980e-03
time: 2.687508e-03
time: 2.723035e-03
time: 2.758563e-03
time: 2.758563e-03
time: 2.794091e-03
time: 2.829619e-03
time: 2.865147e-03
time: 2.900674e-03
time: 2.936202e-03
time: 2.971730e-03
time: 3.014621e-03
time: 3.057512e-03
time: 3.057512e-03
time: 3.100404e-03
time: 3.143295e-03
time: 3.143295e-03
time: 3.186187e-03
time: 3.186187e-03
time: 3.229078e-03
time: 3.229078e-03
time: 3.271969e-03
time: 3.271969e-03
time: 3.314861e-03
time: 3.357752e-03
time: 3.357752e-03
time: 3.357752e-03
time: 3.357752e-03
time: 3.357752e-03
time: 3.325583e-03
time: 3.325583e-03
time: 3.325583e-03
time: 3.325583e-03
time: 3.325583e-03
time: 3.325583e-03
time: 3.325583e-03
time: 3.325583e-03
time: 3.325583e-03
time: 3.325583e-03
time: 3.325583e-03
time: 3.325583e-03
time: 3.325583e-03
time: 3.325583e-03
time: 3.325583e-03
time: 3.325583e-03
time: 3.325583e-03
time: 3.325583e-03
time: 3.325583e-03
time: 3.325583e-03
time: 3.325583e-03
time: 3.325583e-03
time: 3.325583e-03
time: 3.325583e-03
time: 3.325583e-03
time: 3.325583e-03
time: 3.325583e-03
time: 3.325583e-03
time: 3.325583e-03
time: 3.325583e-03
time: 3.325583e-03
time: 3.325583e-03
time: 3.325583e-03
time: 3.325583e-03
time: 3.325583e-03
time: 3.325583e-03
time: 3.325583e-03
time: 3.325583e-03
time: 3.325583e-03
time: 3.325583e-03
time: 3.325583e-03
time: 3.325583e-03
time: 3.325583e-03
time: 3.325583e-03
time: 3.325583e-03
time: 3.325583e-03
time: 3.325583e-03
time: 3.325583e-03
time: 3.325583e-03
time: 3.325583e-03
time: 3.325583e-03
time: 3.325583e-03
time: 3.325583e-03
time: 3.325583e-03
time: 3.325583e-03
time: 3.336306e-03
time: 3.347029e-03
time: 3.357752e-03
time: 3.368475e-03
time: 3.389920e-03
time: 3.411366e-03
time: 3.432812e-03
time: 3.454257e-03
time: 3.497149e-03
time: 3.497149e-03
time: 3.540040e-03
time: 3.582931e-03
time: 3.625823e-03
time: 3.668714e-03
time: 3.725888e-03
time: 3.783062e-03
time: 3.840236e-03
time: 3.897410e-03
time: 3.954584e-03
time: 3.954584e-03
time: 4.011758e-03
time: 4.011758e-03
time: 4.011758e-03
time: 4.011758e-03
time: 4.011758e-03
time: 3.968878e-03
time: 3.968878e-03
time: 3.968878e-03
time: 3.968878e-03
time: 3.968878e-03
time: 3.968878e-03
time: 3.968878e-03
time: 3.968878e-03
time: 3.968878e-03
time: 3.968878e-03
time: 3.968878e-03
time: 3.968878e-03
time: 3.968878e-03
time: 3.968878e-03
time: 3.968878e-03
time: 3.968878e-03
time: 3.968878e-03
time: 3.968878e-03
time: 3.968878e-03
time: 3.968878e-03
time: 3.968878e-03
time: 3.968878e-03
time: 3.968878e-03
time: 3.968878e-03
time: 3.968878e-03
time: 3.968878e-03
time: 3.968878e-03
time: 3.968878e-03
time: 3.968878e-03
time: 3.968878e-03
time: 3.968878e-03
time: 3.968878e-03
time: 3.968878e-03
time: 3.968878e-03
time: 3.968878e-03
time: 3.968878e-03
time: 3.968878e-03
time: 3.968878e-03
time: 3.968878e-03
time: 3.968878e-03
time: 3.968878e-03
time: 3.968878e-03
time: 3.968878e-03
time: 3.968878e-03
time: 3.968878e-03
time: 3.968878e-03
time: 3.968878e-03
time: 3.968878e-03
time: 3.968878e-03
time: 3.968878e-03
time: 3.968878e-03
time: 3.968878e-03
time: 3.968878e-03
time: 3.968878e-03
time: 3.968878e-03
time: 3.983171e-03
time: 3.997465e-03
time: 4.011758e-03
time: 4.026052e-03
time: 4.054639e-03
time: 4.083226e-03
time: 4.111813e-03
time: 4.140400e-03
time: 4.197574e-03
time: 4.197574e-03
time: 4.254748e-03
time: 4.311922e-03
time: 4.369096e-03
time: 4.426270e-03
time: 4.502234e-03
time: 4.578199e-03
time: 4.654164e-03
time: 4.730128e-03
time: 4.806093e-03
time: 4.882058e-03
time: 4.882058e-03
time: 4.958022e-03
time: 5.033987e-03
time: 5.109952e-03
time: 5.109952e-03
time: 5.185916e-03
time: 5.185916e-03
time: 5.185916e-03
time: 5.185916e-03
time: 5.185916e-03
time: 5.128943e-03
time: 5.128943e-03
time: 5.128943e-03
time: 5.128943e-03
time: 5.128943e-03
time: 5.128943e-03
time: 5.128943e-03
time: 5.128943e-03
time: 5.128943e-03
time: 5.128943e-03
time: 5.128943e-03
time: 5.128943e-03
time: 5.128943e-03
time: 5.128943e-03
time: 5.128943e-03
time: 5.128943e-03
time: 5.128943e-03
time: 5.128943e-03
time: 5.128943e-03
time: 5.128943e-03
time: 5.128943e-03
time: 5.128943e-03
time: 5.128943e-03
time: 5.128943e-03
time: 5.128943e-03
time: 5.128943e-03
time: 5.128943e-03
time: 5.128943e-03
time: 5.128943e-03
time: 5.128943e-03
time: 5.128943e-03
time: 5.128943e-03
time: 5.128943e-03
time: 5.128943e-03
time: 5.128943e-03
time: 5.128943e-03
time: 5.128943e-03
time: 5.128943e-03
time: 5.128943e-03
time: 5.128943e-03
time: 5.128943e-03
time: 5.128943e-03
time: 5.128943e-03
time: 5.128943e-03
time: 5.128943e-03
time: 5.128943e-03
time: 5.128943e-03
time: 5.128943e-03
time: 5.128943e-03
time: 5.128943e-03
time: 5.128943e-03
time: 5.128943e-03
time: 5.128943e-03
time: 5.128943e-03
time: 5.128943e-03
time: 5.147934e-03
time: 5.166925e-03
time: 5.185916e-03
time: 5.204907e-03
time: 5.242890e-03
time: 5.280872e-03
time: 5.318854e-03
time: 5.356837e-03
time: 5.432801e-03
time: 5.432801e-03
time: 5.508766e-03
time: 5.584731e-03
time: 5.660695e-03
time: 5.736660e-03
time: 5.846851e-03
time: 5.957042e-03
time: 6.067232e-03
time: 6.177423e-03
time: 6.287614e-03
time: 6.397805e-03
time: 6.507996e-03
time: 6.641369e-03
time: 6.641369e-03
time: 6.774743e-03
time: 6.908117e-03
time: 7.041490e-03
time: 7.041490e-03
time: 7.174864e-03
time: 7.174864e-03
time: 7.174864e-03
time: 7.174864e-03
time: 7.174864e-03
time: 7.074834e-03
time: 7.074834e-03
time: 7.074834e-03
time: 7.074834e-03
time: 7.074834e-03
time: 7.074834e-03
time: 7.074834e-03
time: 7.074834e-03
time: 7.074834e-03
time: 7.074834e-03
time: 7.074834e-03
time: 7.074834e-03
time: 7.074834e-03
time: 7.074834e-03
time: 7.074834e-03
time: 7.074834e-03
time: 7.074834e-03
time: 7.074834e-03
time: 7.074834e-03
time: 7.074834e-03
time: 7.074834e-03
time: 7.074834e-03
time: 7.074834e-03
time: 7.074834e-03
time: 7.074834e-03
time: 7.074834e-03
time: 7.074834e-03
time: 7.074834e-03
time: 7.074834e-03
time: 7.074834e-03
time: 7.074834e-03
time: 7.074834e-03
time: 7.074834e-03
time: 7.074834e-03
time: 7.074834e-03
time: 7.074834e-03
time: 7.074834e-03
time: 7.074834e-03
time: 7.074834e-03
time: 7.074834e-03
time: 7.074834e-03
time: 7.074834e-03
time: 7.074834e-03
time: 7.074834e-03
time: 7.074834e-03
time: 7.074834e-03
time: 7.074834e-03
time: 7.074834e-03
time: 7.074834e-03
time: 7.074834e-03
time: 7.074834e-03
time: 7.074834e-03
time: 7.074834e-03
time: 7.074834e-03
time: 7.074834e-03
time: 7.108177e-03
time: 7.141520e-03
time: 7.174864e-03
time: 7.208207e-03
time: 7.274894e-03
time: 7.341581e-03
time: 7.408268e-03
time: 7.474954e-03
time: 7.608328e-03
time: 7.608328e-03
time: 7.741702e-03
time: 7.875075e-03
time: 7.875075e-03
time: 8.008449e-03
time: 8.141822e-03
time: 8.319241e-03
time: 8.496660e-03
time: 8.674078e-03
time: 8.851497e-03
time: 9.028916e-03
time: 9.206334e-03
time: 9.424475e-03
time: 9.642616e-03
time: 9.860756e-03
time: 1.007890e-02
time: 1.029704e-02
time: 1.051518e-02
time: 1.073332e-02
time: 1.095146e-02
time: 1.116960e-02
time: 1.116960e-02
time: 1.138774e-02
time: 1.138774e-02
time: 1.165006e-02
time: 1.165006e-02
time: 1.165006e-02
time: 1.191237e-02
time: 1.191237e-02
time: 1.217469e-02
time: 1.217469e-02
time: 1.243700e-02
time: 1.243700e-02
time: 1.269932e-02
time: 1.269932e-02
time: 1.296164e-02
time: 1.327870e-02
time: 1.359576e-02
time: 1.359576e-02
time: 1.391283e-02
time: 1.391283e-02
time: 1.391283e-02
time: 1.391283e-02
time: 1.391283e-02
time: 1.367503e-02
time: 1.367503e-02
time: 1.367503e-02
time: 1.367503e-02
time: 1.367503e-02
time: 1.367503e-02
time: 1.367503e-02
time: 1.367503e-02
time: 1.367503e-02
time: 1.367503e-02
time: 1.367503e-02
time: 1.367503e-02
time: 1.367503e-02
time: 1.367503e-02
time: 1.367503e-02
time: 1.367503e-02
time: 1.367503e-02
time: 1.367503e-02
time: 1.367503e-02
time: 1.367503e-02
time: 1.367503e-02
time: 1.367503e-02
time: 1.367503e-02
time: 1.367503e-02
time: 1.367503e-02
time: 1.367503e-02
time: 1.367503e-02
time: 1.367503e-02
time: 1.367503e-02
time: 1.367503e-02
time: 1.367503e-02
time: 1.367503e-02
time: 1.367503e-02
time: 1.367503e-02
time: 1.367503e-02
time: 1.367503e-02
time: 1.367503e-02
time: 1.367503e-02
time: 1.367503e-02
time: 1.367503e-02
time: 1.367503e-02
time: 1.367503e-02
time: 1.367503e-02
time: 1.367503e-02
time: 1.367503e-02
time: 1.367503e-02
time: 1.367503e-02
time: 1.367503e-02
time: 1.367503e-02
time: 1.367503e-02
time: 1.367503e-02
time: 1.367503e-02
time: 1.367503e-02
time: 1.367503e-02
time: 1.367503e-02
time: 1.367503e-02
time: 1.362616e-02
time: 1.362616e-02
time: 1.365655e-02
time: 1.365655e-02
time: 1.368694e-02
time: 1.368694e-02
time: 1.371733e-02
time: 1.371733e-02
time: 1.377812e-02
time: 1.383890e-02
time: 1.389969e-02
time: 1.396047e-02
time: 1.408204e-02
time: 1.420361e-02
time: 1.432518e-02
time: 1.444675e-02
time: 1.456832e-02
time: 1.481146e-02
time: 1.505460e-02
time: 1.529774e-02
time: 1.554088e-02
time: 1.578402e-02
time: 1.617865e-02
time: 1.657327e-02
time: 1.696789e-02
time: 1.736251e-02
time: 1.775713e-02
time: 1.824111e-02
time: 1.872509e-02
time: 1.920907e-02
time: 1.969305e-02
time: 2.017703e-02
time: 2.066101e-02
time: 2.114499e-02
time: 2.173869e-02
time: 2.233239e-02
time: 2.292608e-02
time: 2.351978e-02
time: 2.411348e-02
time: 2.470718e-02
time: 2.530087e-02
time: 2.589457e-02
time: 2.662533e-02
time: 2.735609e-02
time: 2.735609e-02
time: 2.808684e-02
time: 2.808684e-02
time: 2.881760e-02
time: 2.954836e-02
time: 3.027912e-02
time: 3.100987e-02
time: 3.174063e-02
time: 3.247139e-02
time: 3.247139e-02
time: 3.320215e-02
time: 3.393291e-02
time: 3.393291e-02
time: 3.466366e-02
time: 3.466366e-02
time: 3.539442e-02
time: 3.612518e-02
time: 3.612518e-02
time: 3.685594e-02
time: 3.685594e-02
time: 3.758670e-02
time: 3.758670e-02
time: 3.758670e-02
time: 3.831745e-02
time: 3.831745e-02
time: 3.831745e-02
time: 3.831745e-02
time: 3.795207e-02
time: 3.795207e-02
time: 3.831745e-02
time: 3.868283e-02
time: 3.868283e-02
time: 3.868283e-02
time: 3.904821e-02
time: 3.904821e-02
time: 3.904821e-02
time: 3.941359e-02
time: 3.941359e-02
time: 3.941359e-02
time: 3.977897e-02
time: 3.977897e-02
time: 3.977897e-02
time: 3.977897e-02
time: 3.959628e-02
time: 3.959628e-02
time: 3.977897e-02
time: 3.996166e-02
time: 3.996166e-02
time: 4.014435e-02
time: 4.014435e-02
time: 4.014435e-02
time: 4.032704e-02
time: 4.032704e-02
time: 4.032704e-02
time: 4.023569e-02
time: 4.032704e-02
time: 4.041838e-02
time: 4.041838e-02
time: 4.050973e-02
time: 4.050973e-02
time: 4.060107e-02
time: 4.060107e-02
time: 4.060107e-02
time: 4.069242e-02
time: 4.069242e-02
time: 4.069242e-02
time: 4.064674e-02
time: 4.069242e-02
time: 4.073809e-02
time: 4.073809e-02
time: 4.078376e-02
time: 4.078376e-02
time: 4.082943e-02
time: 4.082943e-02
time: 4.082943e-02
time: 4.082943e-02
time: 4.080660e-02
time: 4.082943e-02
time: 4.085227e-02
time: 4.085227e-02
time: 4.087511e-02
time: 4.087511e-02
time: 4.089794e-02
time: 4.089794e-02
time: 4.089794e-02
time: 4.088652e-02
time: 4.088652e-02
time: 4.089794e-02
time: 4.090936e-02
time: 4.090936e-02
time: 4.090936e-02
time: 4.092078e-02
time: 4.093220e-02
time: 4.093220e-02
time: 4.093220e-02
time: 4.094361e-02
time: 4.094361e-02
time: 4.095503e-02
time: 4.095503e-02
time: 4.096645e-02
time: 4.096645e-02
time: 4.096645e-02
time: 4.097787e-02
time: 4.097787e-02
time: 4.098929e-02
time: 4.098929e-02
time: 4.098929e-02
time: 4.098358e-02
time: 4.098929e-02
time: 4.099500e-02
time: 4.099500e-02
time: 4.100070e-02
time: 4.100070e-02
time: 4.100641e-02
time: 4.100641e-02
time: 4.101212e-02
time: 4.101212e-02
time: 4.101783e-02
time: 4.101783e-02
time: 4.102354e-02
time: 4.102354e-02
time: 4.102925e-02
time: 4.102925e-02
time: 4.103496e-02
time: 4.103496e-02
time: 4.103496e-02
time: 4.104067e-02
time: 4.104067e-02
time: 4.104638e-02
time: 4.104638e-02
time: 4.105209e-02
time: 4.105209e-02
time: 4.105780e-02
time: 4.105780e-02
time: 4.106350e-02
time: 4.106350e-02
time: 4.106350e-02
time: 4.106921e-02
time: 4.106921e-02
time: 4.107492e-02
time: 4.107492e-02
time: 4.108063e-02
time: 4.108063e-02
time: 4.108634e-02
time: 4.108634e-02
time: 4.109205e-02
time: 4.109205e-02
time: 4.109205e-02
time: 4.108919e-02
time: 4.109205e-02
time: 4.109490e-02
time: 4.109776e-02
time: 4.110061e-02
time: 4.110434e-02
time: 4.110806e-02
time: 4.110806e-02
time: 4.111179e-02
time: 4.111552e-02
time: 4.112026e-02
time: 4.112500e-02
time: 4.112975e-02
time: 4.113714e-02
time: 4.114453e-02
time: 4.115192e-02
time: 4.116518e-02
time: 4.117845e-02
time: 4.119171e-02
time: 4.121824e-02
time: 4.124476e-02
time: 4.127129e-02
time: 4.132434e-02
time: 4.137739e-02
time: 4.143045e-02
time: 4.153655e-02
time: 4.164266e-02
time: 4.174876e-02
time: 4.196097e-02
time: 4.217318e-02
time: 4.238539e-02
time: 4.259760e-02
time: 4.289256e-02
time: 4.318751e-02
time: 4.348247e-02
time: 4.348247e-02
time: 4.377742e-02
time: 4.416141e-02
time: 4.416141e-02
time: 4.396941e-02
time: 4.416141e-02
time: 4.435340e-02
time: 4.454540e-02
time: 4.473739e-02
time: 4.492939e-02
time: 4.492939e-02
time: 4.512138e-02
time: 4.536846e-02
time: 4.536846e-02
time: 4.524492e-02
time: 4.536846e-02
time: 4.549199e-02
time: 4.561553e-02
time: 4.573906e-02
time: 4.573906e-02
time: 4.586260e-02
time: 4.601967e-02
time: 4.601967e-02
time: 4.594114e-02
time: 4.601967e-02
time: 4.609821e-02
time: 4.617675e-02
time: 4.625528e-02
time: 4.625528e-02
time: 4.633382e-02
time: 4.641235e-02
time: 4.641235e-02
time: 4.649089e-02
time: 4.656943e-02
time: 4.656943e-02
time: 4.664796e-02
time: 4.672650e-02
time: 4.672650e-02
time: 4.680504e-02
time: 4.680504e-02
time: 4.688357e-02
time: 4.688357e-02
time: 4.696211e-02
time: 4.696211e-02
time: 4.704065e-02
time: 4.704065e-02
time: 4.711918e-02
time: 4.711918e-02
time: 4.719772e-02
time: 4.719772e-02
time: 4.727625e-02
time: 4.727625e-02
time: 4.735479e-02
time: 4.735479e-02
time: 4.743333e-02
time: 4.743333e-02
time: 4.751186e-02
time: 4.751186e-02
time: 4.759040e-02
time: 4.759040e-02
time: 4.766894e-02
time: 4.766894e-02
time: 4.774747e-02
time: 4.774747e-02
time: 4.782601e-02
time: 4.782601e-02
time: 4.790454e-02
time: 4.790454e-02
time: 4.798308e-02
time: 4.798308e-02
time: 4.806162e-02
time: 4.806162e-02
time: 4.814015e-02
time: 4.814015e-02
time: 4.821869e-02
time: 4.821869e-02
time: 4.829723e-02
time: 4.829723e-02
time: 4.837576e-02
time: 4.837576e-02
time: 4.845430e-02
time: 4.845430e-02
time: 4.853284e-02
time: 4.853284e-02
time: 4.861137e-02
time: 4.861137e-02
time: 4.868991e-02
time: 4.868991e-02
time: 4.876844e-02
time: 4.876844e-02
time: 4.884698e-02
time: 4.884698e-02
time: 4.892552e-02
time: 4.892552e-02
time: 4.900405e-02
time: 4.900405e-02
time: 4.908259e-02
time: 4.908259e-02
time: 4.916113e-02
time: 4.916113e-02
time: 4.923966e-02
time: 4.923966e-02
time: 4.931820e-02
time: 4.931820e-02
time: 4.939673e-02
time: 4.939673e-02
time: 4.947527e-02
time: 4.947527e-02
time: 4.955381e-02
time: 4.955381e-02
time: 4.963234e-02
time: 4.963234e-02
time: 4.971088e-02
time: 4.971088e-02
time: 4.978942e-02
time: 4.978942e-02
time: 4.986795e-02
time: 4.986795e-02
time: 4.994649e-02
time: 4.994649e-02
time: 5.002503e-02
time: 5.002503e-02
time: 5.010356e-02
time: 5.010356e-02
time: 5.018210e-02
time: 5.018210e-02
time: 5.026063e-02
time: 5.026063e-02
time: 5.033917e-02
time: 5.033917e-02
time: 5.041771e-02
time: 5.041771e-02
time: 5.049624e-02
time: 5.049624e-02
time: 5.057478e-02
time: 5.057478e-02
time: 5.065332e-02
time: 5.065332e-02
time: 5.073185e-02
time: 5.073185e-02
time: 5.081039e-02
time: 5.081039e-02
time: 5.088892e-02
time: 5.088892e-02
time: 5.096746e-02
time: 5.096746e-02
time: 5.104600e-02
time: 5.104600e-02
time: 5.112453e-02
time: 5.112453e-02
time: 5.120307e-02
time: 5.120307e-02
time: 5.128161e-02
time: 5.128161e-02
time: 5.136014e-02
time: 5.136014e-02
time: 5.143868e-02
time: 5.143868e-02
time: 5.143868e-02
time: 5.139941e-02
time: 5.143868e-02
time: 5.147795e-02
time: 5.151722e-02
time: 5.151722e-02
time: 5.155648e-02
time: 5.159575e-02
time: 5.159575e-02
time: 5.163502e-02
time: 5.167429e-02
time: 5.167429e-02
time: 5.171356e-02
time: 5.175282e-02
time: 5.175282e-02
time: 5.179209e-02
time: 5.183136e-02
time: 5.183136e-02
time: 5.187063e-02
time: 5.187063e-02
time: 5.190990e-02
time: 5.190990e-02
time: 5.194916e-02
time: 5.194916e-02
time: 5.198843e-02
time: 5.198843e-02
time: 5.202770e-02
time: 5.206697e-02
time: 5.206697e-02
time: 5.206697e-02
time: 5.204734e-02
time: 5.206697e-02
time: 5.208660e-02
time: 5.210624e-02
time: 5.212587e-02
time: 5.212587e-02
time: 5.214551e-02
time: 5.217259e-02
time: 5.217259e-02
time: 5.219967e-02
time: 5.219967e-02
time: 5.222675e-02
time: 5.225383e-02
time: 5.228091e-02
time: 5.228091e-02
time: 5.230799e-02
time: 5.233507e-02
time: 5.233507e-02
time: 5.236215e-02
time: 5.236215e-02
time: 5.238923e-02
time: 5.241631e-02
time: 5.241631e-02
time: 5.244339e-02
time: 5.247047e-02
time: 5.247047e-02
time: 5.249755e-02
time: 5.252463e-02
time: 5.252463e-02
time: 5.252463e-02
time: 5.251109e-02
time: 5.252463e-02
time: 5.253817e-02
time: 5.255171e-02
time: 5.256525e-02
time: 5.256525e-02
time: 5.257879e-02
time: 5.259849e-02
time: 5.259849e-02
time: 5.261819e-02
time: 5.261819e-02
time: 5.260834e-02
time: 5.261819e-02
time: 5.262804e-02
time: 5.263788e-02
time: 5.265712e-02
time: 5.267636e-02
time: 5.269559e-02
time: 5.273406e-02
time: 5.277253e-02
time: 5.281101e-02
time: 5.281101e-02
time: 5.279177e-02
time: 5.281101e-02
time: 5.283024e-02
time: 5.284948e-02
time: 5.288795e-02
time: 5.292642e-02
time: 5.296489e-02
time: 5.304183e-02
time: 5.311878e-02
time: 5.319572e-02
time: 5.319572e-02
time: 5.315725e-02
time: 5.319572e-02
time: 5.323419e-02
time: 5.327266e-02
time: 5.334908e-02
time: 5.342551e-02
time: 5.350193e-02
time: 5.365477e-02
time: 5.380761e-02
time: 5.396046e-02
time: 5.396046e-02
time: 5.396046e-02
time: 5.388403e-02
time: 5.388403e-02
time: 5.396046e-02
time: 5.403688e-02
time: 5.403688e-02
time: 5.411330e-02
time: 5.411330e-02
time: 5.418972e-02
time: 5.429317e-02
time: 5.429317e-02
time: 5.424145e-02
time: 5.429317e-02
time: 5.434490e-02
time: 5.439663e-02
time: 5.447663e-02
time: 5.455662e-02
time: 5.463662e-02
time: 5.476743e-02
time: 5.489825e-02
time: 5.502906e-02
time: 5.524202e-02
time: 5.545497e-02
time: 5.566793e-02
time: 5.604853e-02
time: 5.642912e-02
time: 5.680972e-02
time: 5.719032e-02
time: 5.757092e-02
time: 5.795152e-02
time: 5.833211e-02
time: 5.833211e-02
time: 5.871271e-02
time: 5.871271e-02
time: 5.909331e-02
time: 5.947391e-02
time: 5.947391e-02
time: 5.947391e-02
time: 5.928361e-02
time: 5.947391e-02
time: 5.966420e-02
time: 5.985450e-02
time: 5.985450e-02
time: 6.004480e-02
time: 6.023510e-02
time: 6.023510e-02
time: 6.042540e-02
time: 6.061570e-02
time: 6.061570e-02
time: 6.080600e-02
time: 6.099630e-02
time: 6.099630e-02
time: 6.118660e-02
time: 6.118660e-02
time: 6.137689e-02
time: 6.137689e-02
time: 6.156719e-02
time: 6.156719e-02
time: 6.175749e-02
time: 6.175749e-02
time: 6.194779e-02
time: 6.194779e-02
time: 6.213809e-02
time: 6.213809e-02
time: 6.213809e-02
time: 6.204294e-02
time: 6.213809e-02
time: 6.223324e-02
time: 6.232839e-02
time: 6.242354e-02
time: 6.242354e-02
time: 6.251869e-02
time: 6.261384e-02
time: 6.261384e-02
time: 6.270899e-02
time: 6.270899e-02
time: 6.280414e-02
time: 6.289928e-02
time: 6.289928e-02
time: 6.299443e-02
time: 6.299443e-02
time: 6.308958e-02
time: 6.308958e-02
time: 6.318473e-02
time: 6.318473e-02
time: 6.327988e-02
time: 6.327988e-02
time: 6.337503e-02
time: 6.337503e-02
time: 6.347018e-02
time: 6.347018e-02
time: 6.356533e-02
time: 6.356533e-02
time: 6.356533e-02
time: 6.351776e-02
time: 6.356533e-02
time: 6.361291e-02
time: 6.366048e-02
time: 6.366048e-02
time: 6.370806e-02
time: 6.375563e-02
time: 6.375563e-02
time: 6.380320e-02
time: 6.385078e-02
time: 6.385078e-02
time: 6.389835e-02
time: 6.389835e-02
time: 6.394593e-02
time: 6.394593e-02
time: 6.399350e-02
time: 6.399350e-02
time: 6.404108e-02
time: 6.404108e-02
time: 6.408865e-02
time: 6.413623e-02
time: 6.413623e-02
time: 6.413623e-02
time: 6.411244e-02
time: 6.411244e-02
time: 6.413623e-02
time: 6.416001e-02
time: 6.418380e-02
time: 6.418380e-02
time: 6.420759e-02
time: 6.423810e-02
time: 6.423810e-02
time: 6.426860e-02
time: 6.426860e-02
time: 6.426860e-02
time: 6.425335e-02
time: 6.426860e-02
time: 6.428386e-02
time: 6.429911e-02
time: 6.431437e-02
time: 6.431437e-02
time: 6.432962e-02
time: 6.435038e-02
time: 6.435038e-02
time: 6.437113e-02
time: 6.437113e-02
time: 6.439189e-02
time: 6.441264e-02
time: 6.441264e-02
time: 6.443340e-02
time: 6.445415e-02
time: 6.445415e-02
time: 6.447491e-02
time: 6.449567e-02
time: 6.449567e-02
time: 6.451642e-02
time: 6.451642e-02
time: 6.453718e-02
time: 6.453718e-02
time: 6.455793e-02
time: 6.455793e-02
time: 6.457869e-02
time: 6.459945e-02
time: 6.459945e-02
time: 6.462020e-02
time: 6.464096e-02
time: 6.464096e-02
time: 6.466171e-02
time: 6.466171e-02
time: 6.468247e-02
time: 6.468247e-02
time: 6.470322e-02
time: 6.470322e-02
time: 6.472398e-02
time: 6.474474e-02
time: 6.474474e-02
time: 6.476549e-02
time: 6.478625e-02
time: 6.478625e-02
time: 6.480700e-02
time: 6.482776e-02
time: 6.482776e-02
time: 6.484851e-02
time: 6.484851e-02
time: 6.486927e-02
time: 6.486927e-02
time: 6.489003e-02
time: 6.489003e-02
time: 6.491078e-02
time: 6.493154e-02
time: 6.493154e-02
time: 6.495229e-02
time: 6.497305e-02
time: 6.497305e-02
time: 6.499380e-02
time: 6.499380e-02
time: 6.501456e-02
time: 6.503532e-02
time: 6.503532e-02
time: 6.503532e-02
time: 6.502494e-02
time: 6.503532e-02
time: 6.504569e-02
time: 6.505607e-02
time: 6.506645e-02
time: 6.507683e-02
time: 6.508721e-02
time: 6.509758e-02
time: 6.510796e-02
time: 6.511834e-02
time: 6.511834e-02
time: 6.512872e-02
time: 6.513909e-02
time: 6.513909e-02
time: 6.514947e-02
time: 6.515985e-02
time: 6.515985e-02
time: 6.517023e-02
time: 6.518390e-02
time: 6.518390e-02
time: 6.519757e-02
time: 6.519757e-02
time: 6.519757e-02
time: 6.519073e-02
time: 6.519073e-02
time: 6.519757e-02
time: 6.520440e-02
time: 6.521124e-02
time: 6.521124e-02
time: 6.521807e-02
time: 6.522819e-02
time: 6.522819e-02
time: 6.523832e-02
time: 6.523832e-02
time: 6.523832e-02
time: 6.523325e-02
time: 6.523832e-02
time: 6.524338e-02
time: 6.524844e-02
time: 6.525856e-02
time: 6.526868e-02
time: 6.527881e-02
time: 6.529905e-02
time: 6.531929e-02
time: 6.533954e-02
time: 6.533954e-02
time: 6.533954e-02
time: 6.532942e-02
time: 6.533954e-02
time: 6.534966e-02
time: 6.535978e-02
time: 6.538003e-02
time: 6.540027e-02
time: 6.542052e-02
time: 6.546101e-02
time: 6.550150e-02
time: 6.554199e-02
time: 6.554199e-02
time: 6.554199e-02
time: 6.552174e-02
time: 6.552174e-02
time: 6.554199e-02
time: 6.556223e-02
time: 6.558247e-02
time: 6.562296e-02
time: 6.566345e-02
time: 6.570394e-02
time: 6.578492e-02
time: 6.586590e-02
time: 6.594688e-02
time: 6.594688e-02
time: 6.594688e-02
time: 6.590639e-02
time: 6.590639e-02
time: 6.594688e-02
time: 6.598737e-02
time: 6.602786e-02
time: 6.602786e-02
time: 6.606835e-02
time: 6.613157e-02
time: 6.613157e-02
time: 6.613157e-02
time: 6.609996e-02
time: 6.613157e-02
time: 6.616318e-02
time: 6.619479e-02
time: 6.624022e-02
time: 6.628564e-02
time: 6.633107e-02
time: 6.640986e-02
time: 6.648866e-02
time: 6.656746e-02
time: 6.671344e-02
time: 6.685943e-02
time: 6.700542e-02
time: 6.727269e-02
time: 6.753996e-02
time: 6.780724e-02
time: 6.822547e-02
time: 6.864370e-02
time: 6.906194e-02
time: 6.984433e-02
time: 7.062673e-02
time: 7.140912e-02
time: 7.219151e-02
time: 7.297391e-02
time: 7.375630e-02
time: 7.453869e-02
time: 7.453869e-02
time: 7.532109e-02
time: 7.532109e-02
time: 7.610348e-02
time: 7.610348e-02
time: 7.688588e-02
time: 7.688588e-02
time: 7.766827e-02
time: 7.766827e-02
time: 7.845066e-02
time: 7.845066e-02
time: 7.923306e-02
time: 7.923306e-02
time: 8.001545e-02
time: 8.001545e-02
time: 8.079785e-02
time: 8.079785e-02
time: 8.158024e-02
time: 8.158024e-02
time: 8.236263e-02
time: 8.236263e-02
time: 8.314503e-02
time: 8.314503e-02
time: 8.392742e-02
time: 8.392742e-02
time: 8.470982e-02
time: 8.470982e-02
time: 8.549221e-02
time: 8.549221e-02
time: 8.627460e-02
time: 8.627460e-02
time: 8.627460e-02
time: 8.588341e-02
time: 8.627460e-02
time: 8.666580e-02
time: 8.705700e-02
time: 8.705700e-02
time: 8.744819e-02
time: 8.744819e-02
time: 8.783939e-02
time: 8.783939e-02
time: 8.823059e-02
time: 8.823059e-02
time: 8.862178e-02
time: 8.862178e-02
time: 8.901298e-02
time: 8.901298e-02
time: 8.940418e-02
time: 8.979538e-02
time: 8.979538e-02
time: 9.018657e-02
time: 9.018657e-02
time: 9.057777e-02
time: 9.057777e-02
time: 9.096897e-02
time: 9.096897e-02
time: 9.136016e-02
time: 9.136016e-02
time: 9.175136e-02
time: 9.175136e-02
time: 9.214256e-02
time: 9.214256e-02
time: 9.214256e-02
time: 9.194696e-02
time: 9.214256e-02
time: 9.233816e-02
time: 9.253375e-02
time: 9.272935e-02
time: 9.272935e-02
time: 9.292495e-02
time: 9.312055e-02
time: 9.312055e-02
time: 9.331615e-02
time: 9.331615e-02
time: 9.351175e-02
time: 9.351175e-02
time: 9.370734e-02
time: 9.370734e-02
time: 9.390294e-02
time: 9.390294e-02
time: 9.409854e-02
time: 9.409854e-02
time: 9.429414e-02
time: 9.429414e-02
time: 9.448974e-02
time: 9.448974e-02
time: 9.468534e-02
time: 9.468534e-02
time: 9.488094e-02
time: 9.488094e-02
time: 9.488094e-02
time: 9.478314e-02
time: 9.488094e-02
time: 9.497874e-02
time: 9.507653e-02
time: 9.507653e-02
time: 9.517433e-02
time: 9.527213e-02
time: 9.527213e-02
time: 9.536993e-02
time: 9.536993e-02
time: 9.546773e-02
time: 9.546773e-02
time: 9.556553e-02
time: 9.556553e-02
time: 9.566333e-02
time: 9.566333e-02
time: 9.576113e-02
time: 9.576113e-02
time: 9.585893e-02
time: 9.585893e-02
time: 9.585893e-02
time: 9.581003e-02
time: 9.585893e-02
time: 9.590783e-02
time: 9.595673e-02
time: 9.595673e-02
time: 9.600563e-02
time: 9.605453e-02
time: 9.605453e-02
time: 9.610343e-02
time: 9.615233e-02
time: 9.615233e-02
time: 9.615233e-02
time: 9.612788e-02
time: 9.615233e-02
time: 9.617678e-02
time: 9.620123e-02
time: 9.620123e-02
time: 9.622568e-02
time: 9.625013e-02
time: 9.627457e-02
time: 9.627457e-02
time: 9.629902e-02
time: 9.632347e-02
time: 9.632347e-02
time: 9.634792e-02
time: 9.637237e-02
time: 9.637237e-02
time: 9.639682e-02
time: 9.639682e-02
time: 9.642127e-02
time: 9.642127e-02
time: 9.644572e-02
time: 9.647017e-02
time: 9.647017e-02
time: 9.649462e-02
time: 9.651907e-02
time: 9.651907e-02
time: 9.651907e-02
time: 9.650685e-02
time: 9.651907e-02
time: 9.653130e-02
time: 9.654352e-02
time: 9.655575e-02
time: 9.655575e-02
time: 9.656797e-02
time: 9.658499e-02
time: 9.658499e-02
time: 9.658499e-02
time: 9.657648e-02
time: 9.658499e-02
time: 9.659351e-02
time: 9.660202e-02
time: 9.661543e-02
time: 9.662885e-02
time: 9.664226e-02
time: 9.666910e-02
time: 9.669593e-02
time: 9.672276e-02
time: 9.677103e-02
time: 9.681931e-02
time: 9.686758e-02
time: 9.696412e-02
time: 9.706067e-02
time: 9.715721e-02
time: 9.735020e-02
time: 9.754319e-02
time: 9.773617e-02
time: 9.812215e-02
time: 9.850813e-02
time: 9.889410e-02
time: 9.966605e-02
time: 1.004380e-01
time: 1.012100e-01
time: 1.025536e-01
time: 1.038971e-01
time: 1.052407e-01
time: 1.069675e-01
time: 1.086942e-01
time: 1.104210e-01
time: 1.125152e-01
time: 1.125152e-01
time: 1.146093e-01
time: 1.167035e-01
time: 1.193065e-01
time: 1.219094e-01
time: 1.245124e-01
time: 1.245124e-01
time: 1.245124e-01
time: 1.258139e-01
time: 1.258139e-01
time: 1.258139e-01
time: 1.258139e-01
time: 1.258139e-01
time: 1.258139e-01
time: 1.258139e-01
time: 1.258139e-01
time: 1.258139e-01
time: 1.258139e-01
time: 1.258139e-01
time: 1.258139e-01
time: 1.258139e-01
time: 1.258139e-01
time: 1.258139e-01
time: 1.258139e-01
time: 1.258139e-01
time: 1.258139e-01
time: 1.258139e-01
time: 1.258139e-01
time: 1.258139e-01
time: 1.258139e-01
time: 1.258139e-01
time: 1.258139e-01
time: 1.258139e-01
time: 1.258139e-01
time: 1.258139e-01
time: 1.258139e-01
time: 1.258139e-01
time: 1.258139e-01
time: 1.258139e-01
time: 1.258139e-01
time: 1.258139e-01
time: 1.258139e-01
time: 1.258139e-01
time: 1.258139e-01
time: 1.258139e-01
time: 1.258139e-01
time: 1.258139e-01
time: 1.258139e-01
time: 1.258139e-01
time: 1.258139e-01
time: 1.258139e-01
time: 1.258139e-01
time: 1.258139e-01
time: 1.258139e-01
time: 1.258139e-01
time: 1.258139e-01
time: 1.258139e-01
time: 1.258139e-01
time: 1.258139e-01
time: 1.258139e-01
time: 1.258139e-01
time: 1.258139e-01
time: 1.258139e-01
time: 1.271153e-01
time: 1.284168e-01
time: 1.310198e-01
time: 1.336227e-01
time: 1.362257e-01
time: 1.414316e-01
time: 1.466375e-01
time: 1.518434e-01
time: 1.617534e-01
time: 1.716634e-01
time: 1.815735e-01
time: 2.013935e-01
time: 2.212136e-01
time: 2.410336e-01
time: 2.806737e-01
time: 3.203138e-01
time: 3.599539e-01
time: 4.392341e-01
time: 5.185143e-01
time: 5.977945e-01
time: 7.563549e-01
time: 9.149153e-01
time: 1.000000e+00
Number of steps: 1345, current time 1.000000

==== Status of problem ====

Parser configured
Database configured
Mixture configured
Solution configured
Solver configured
Problem solved

==== END of Status ====

ULF run took 90.51 s

==== ULF END ====
