# RUNNING VERSION '1.07-1'
+==========================================================================================================+
|                                                                                                          |
|                                                                                              #           |
|                                                                                             ##           |
|                                                                                            ###           |
|                                                                                          ####            |
|                                                          TU Freiberg                    ######           |
|                                                          Chair of Numerical            #### ##           |
|                                                          Thermo-Fluid-Dynamics         ########          |
|        Universal Laminar Flame Solver                                                  #### #####        |
|                                                                                          ##########      |
|                                                                                                #####     |
|                            ###    ##########             ####  ################################# ###     |
|                           ####  ####                    #####     ####   ####          ######### ###     |
|                          ####  ####                    ######     ###   ###                  ### ###     |
|         ####      ####  ################              ###  ###   ###   #########   ###       ### ##      |
|        ####      ####  ################              ###   ###  ###   ########    ###       ### ###      |
|       ####       ###  #### ####                     ###    ### ###   ###         ##       ### ###        |
|       #####   #####  #### ####                     ###      #####   ###         ###    ##### ###         |
|        ##########   ####  ###                     ###       #############      ########## #####          |
|                                                        #######################################           |
|                                                      ###               #####################             |
|                                                                             ############                 |
|                                                                                                          |
+==========================================================================================================+
                                                                                                            
ULF run at Tue Sep 15 21:46:27 2015



==== Status of problem ====

Parser configured
Database configured
Mixture configured
Solution configured
Solver configured
Problem NOT solved

==== END of Status ====
time: 0.000000e+00
time: 1.208154e-09
time: 1.208154e-09
time: 1.208154e-09
time: 1.208154e-09
time: 1.208154e-09
time: 1.208154e-09
time: 1.208154e-09
time: 1.208154e-09
time: 1.208154e-09
time: 1.208154e-09
time: 1.208154e-09
time: 1.208154e-09
time: 1.208154e-09
time: 1.208154e-09
time: 1.208154e-09
time: 1.208154e-09
time: 1.208154e-09
time: 1.208154e-09
time: 1.208154e-09
time: 1.208154e-09
time: 1.208154e-09
time: 1.208154e-09
time: 1.208154e-09
time: 1.208154e-09
time: 1.208154e-09
time: 1.208154e-09
time: 1.208154e-09
time: 1.208154e-09
time: 1.208154e-09
time: 1.208154e-09
time: 1.208154e-09
time: 1.208154e-09
time: 1.208154e-09
time: 1.208154e-09
time: 1.208154e-09
time: 1.208154e-09
time: 1.208154e-09
time: 1.208154e-09
time: 1.208154e-09
time: 1.208154e-09
time: 1.208154e-09
time: 1.208154e-09
time: 1.208154e-09
time: 1.208154e-09
time: 1.208154e-09
time: 1.208154e-09
time: 1.208154e-09
time: 1.208154e-09
time: 1.208154e-09
time: 1.208154e-09
time: 1.208154e-09
time: 1.208154e-09
time: 1.208154e-09
time: 1.208154e-09
time: 1.208154e-09
time: 2.416308e-09
time: 3.624461e-09
time: 5.407632e-08
time: 1.045282e-07
time: 1.549800e-07
time: 2.509320e-07
time: 3.468840e-07
time: 4.428360e-07
time: 6.066840e-07
time: 7.705321e-07
time: 9.343801e-07
time: 1.188693e-06
time: 1.443005e-06
time: 1.697318e-06
time: 2.068402e-06
time: 2.439487e-06
time: 2.810571e-06
time: 3.577208e-06
time: 4.343845e-06
time: 5.110483e-06
time: 5.877120e-06
time: 7.080394e-06
time: 8.283668e-06
time: 9.486942e-06
time: 1.069022e-05
time: 1.278090e-05
time: 1.487158e-05
time: 1.696226e-05
time: 1.905294e-05
time: 2.323431e-05
time: 2.741567e-05
time: 3.159704e-05
time: 3.577840e-05
time: 4.414113e-05
time: 4.414113e-05
time: 5.250386e-05
time: 6.086659e-05
time: 6.922932e-05
time: 7.759205e-05
time: 8.885928e-05
time: 1.001265e-04
time: 1.113937e-04
time: 1.226610e-04
time: 1.339282e-04
time: 1.562455e-04
time: 1.562455e-04
time: 1.785628e-04
time: 2.008802e-04
time: 2.008802e-04
time: 2.231975e-04
time: 2.231975e-04
time: 2.231975e-04
time: 2.455148e-04
time: 2.455148e-04
time: 2.455148e-04
time: 2.678321e-04
time: 2.678321e-04
time: 2.678321e-04
time: 2.901495e-04
time: 2.901495e-04
time: 2.901495e-04
time: 3.124668e-04
time: 3.124668e-04
time: 3.124668e-04
time: 3.124668e-04
time: 3.347841e-04
time: 3.347841e-04
time: 3.571014e-04
time: 3.571014e-04
time: 3.571014e-04
time: 3.794187e-04
time: 3.794187e-04
time: 3.794187e-04
time: 3.794187e-04
time: 4.017361e-04
time: 4.240534e-04
time: 4.240534e-04
time: 4.240534e-04
time: 4.463707e-04
time: 4.463707e-04
time: 4.686880e-04
time: 4.686880e-04
time: 4.686880e-04
time: 4.686880e-04
time: 4.686880e-04
time: 4.519500e-04
time: 4.519500e-04
time: 4.519500e-04
time: 4.519500e-04
time: 4.519500e-04
time: 4.519500e-04
time: 4.519500e-04
time: 4.519500e-04
time: 4.519500e-04
time: 4.519500e-04
time: 4.519500e-04
time: 4.519500e-04
time: 4.519500e-04
time: 4.519500e-04
time: 4.519500e-04
time: 4.519500e-04
time: 4.519500e-04
time: 4.519500e-04
time: 4.519500e-04
time: 4.519500e-04
time: 4.519500e-04
time: 4.519500e-04
time: 4.519500e-04
time: 4.519500e-04
time: 4.519500e-04
time: 4.519500e-04
time: 4.519500e-04
time: 4.519500e-04
time: 4.519500e-04
time: 4.519500e-04
time: 4.519500e-04
time: 4.519500e-04
time: 4.519500e-04
time: 4.519500e-04
time: 4.519500e-04
time: 4.519500e-04
time: 4.519500e-04
time: 4.519500e-04
time: 4.519500e-04
time: 4.519500e-04
time: 4.519500e-04
time: 4.519500e-04
time: 4.519500e-04
time: 4.519500e-04
time: 4.519500e-04
time: 4.519500e-04
time: 4.519500e-04
time: 4.519500e-04
time: 4.519500e-04
time: 4.519500e-04
time: 4.519500e-04
time: 4.519500e-04
time: 4.519500e-04
time: 4.519500e-04
time: 4.519500e-04
time: 4.575294e-04
time: 4.631087e-04
time: 4.686880e-04
time: 4.742674e-04
time: 4.798467e-04
time: 4.910053e-04
time: 5.021640e-04
time: 5.133227e-04
time: 5.244813e-04
time: 5.356400e-04
time: 5.467986e-04
time: 5.579573e-04
time: 5.579573e-04
time: 5.691160e-04
time: 5.691160e-04
time: 5.802746e-04
time: 5.802746e-04
time: 5.914333e-04
time: 5.914333e-04
time: 6.025919e-04
time: 6.025919e-04
time: 6.137506e-04
time: 6.137506e-04
time: 6.081713e-04
time: 6.137506e-04
time: 6.193299e-04
time: 6.249093e-04
time: 6.304886e-04
time: 6.360679e-04
time: 6.428153e-04
time: 6.495627e-04
time: 6.495627e-04
time: 6.563101e-04
time: 6.630575e-04
time: 6.630575e-04
time: 6.698049e-04
time: 6.698049e-04
time: 6.765522e-04
time: 6.765522e-04
time: 6.832996e-04
time: 6.832996e-04
time: 6.900470e-04
time: 6.900470e-04
time: 6.967944e-04
time: 6.967944e-04
time: 7.035418e-04
time: 7.035418e-04
time: 7.102892e-04
time: 7.102892e-04
time: 7.170365e-04
time: 7.170365e-04
time: 7.237839e-04
time: 7.237839e-04
time: 7.305313e-04
time: 7.305313e-04
time: 7.372787e-04
time: 7.372787e-04
time: 7.372787e-04
time: 7.372787e-04
time: 7.440261e-04
time: 7.440261e-04
time: 7.507735e-04
time: 7.507735e-04
time: 7.507735e-04
time: 7.507735e-04
time: 7.507735e-04
time: 7.457129e-04
time: 7.457129e-04
time: 7.457129e-04
time: 7.457129e-04
time: 7.457129e-04
time: 7.457129e-04
time: 7.457129e-04
time: 7.457129e-04
time: 7.457129e-04
time: 7.457129e-04
time: 7.457129e-04
time: 7.457129e-04
time: 7.457129e-04
time: 7.457129e-04
time: 7.457129e-04
time: 7.457129e-04
time: 7.457129e-04
time: 7.457129e-04
time: 7.457129e-04
time: 7.457129e-04
time: 7.457129e-04
time: 7.457129e-04
time: 7.457129e-04
time: 7.457129e-04
time: 7.457129e-04
time: 7.457129e-04
time: 7.457129e-04
time: 7.457129e-04
time: 7.457129e-04
time: 7.457129e-04
time: 7.457129e-04
time: 7.457129e-04
time: 7.457129e-04
time: 7.457129e-04
time: 7.457129e-04
time: 7.457129e-04
time: 7.457129e-04
time: 7.457129e-04
time: 7.457129e-04
time: 7.457129e-04
time: 7.457129e-04
time: 7.457129e-04
time: 7.457129e-04
time: 7.457129e-04
time: 7.457129e-04
time: 7.457129e-04
time: 7.457129e-04
time: 7.457129e-04
time: 7.457129e-04
time: 7.457129e-04
time: 7.457129e-04
time: 7.457129e-04
time: 7.457129e-04
time: 7.457129e-04
time: 7.457129e-04
time: 7.473998e-04
time: 7.490866e-04
time: 7.507735e-04
time: 7.524603e-04
time: 7.558340e-04
time: 7.592077e-04
time: 7.625814e-04
time: 7.659551e-04
time: 7.693288e-04
time: 7.748060e-04
time: 7.802832e-04
time: 7.857605e-04
time: 7.857605e-04
time: 7.912377e-04
time: 7.912377e-04
time: 7.967149e-04
time: 8.021922e-04
time: 8.076694e-04
time: 8.149076e-04
time: 8.221458e-04
time: 8.293840e-04
time: 8.366222e-04
time: 8.438604e-04
time: 8.510986e-04
time: 8.583368e-04
time: 8.655750e-04
time: 8.728132e-04
time: 8.800514e-04
time: 8.892673e-04
time: 8.984833e-04
time: 9.076992e-04
time: 9.169151e-04
time: 9.261310e-04
time: 9.353470e-04
time: 9.445629e-04
time: 9.445629e-04
time: 9.537788e-04
time: 9.651928e-04
time: 9.766067e-04
time: 9.880206e-04
time: 9.994346e-04
time: 9.994346e-04
time: 1.010848e-03
time: 1.025092e-03
time: 1.039335e-03
time: 1.039335e-03
time: 1.053579e-03
time: 1.067822e-03
time: 1.082066e-03
time: 1.082066e-03
time: 1.096309e-03
time: 1.110552e-03
time: 1.128375e-03
time: 1.128375e-03
time: 1.146199e-03
time: 1.146199e-03
time: 1.164022e-03
time: 1.164022e-03
time: 1.181845e-03
time: 1.181845e-03
time: 1.199668e-03
time: 1.199668e-03
time: 1.217491e-03
time: 1.217491e-03
time: 1.239229e-03
time: 1.239229e-03
time: 1.239229e-03
time: 1.239229e-03
time: 1.239229e-03
time: 1.222926e-03
time: 1.222926e-03
time: 1.222926e-03
time: 1.222926e-03
time: 1.222926e-03
time: 1.222926e-03
time: 1.222926e-03
time: 1.222926e-03
time: 1.222926e-03
time: 1.222926e-03
time: 1.222926e-03
time: 1.222926e-03
time: 1.222926e-03
time: 1.222926e-03
time: 1.222926e-03
time: 1.222926e-03
time: 1.222926e-03
time: 1.222926e-03
time: 1.222926e-03
time: 1.222926e-03
time: 1.222926e-03
time: 1.222926e-03
time: 1.222926e-03
time: 1.222926e-03
time: 1.222926e-03
time: 1.222926e-03
time: 1.222926e-03
time: 1.222926e-03
time: 1.222926e-03
time: 1.222926e-03
time: 1.222926e-03
time: 1.222926e-03
time: 1.222926e-03
time: 1.222926e-03
time: 1.222926e-03
time: 1.222926e-03
time: 1.222926e-03
time: 1.222926e-03
time: 1.222926e-03
time: 1.222926e-03
time: 1.222926e-03
time: 1.222926e-03
time: 1.222926e-03
time: 1.222926e-03
time: 1.222926e-03
time: 1.222926e-03
time: 1.222926e-03
time: 1.222926e-03
time: 1.222926e-03
time: 1.222926e-03
time: 1.222926e-03
time: 1.222926e-03
time: 1.222926e-03
time: 1.222926e-03
time: 1.222926e-03
time: 1.228360e-03
time: 1.233795e-03
time: 1.239229e-03
time: 1.244664e-03
time: 1.255533e-03
time: 1.266402e-03
time: 1.277271e-03
time: 1.288140e-03
time: 1.309879e-03
time: 1.309879e-03
time: 1.331617e-03
time: 1.353355e-03
time: 1.375094e-03
time: 1.396832e-03
time: 1.424516e-03
time: 1.452201e-03
time: 1.479885e-03
time: 1.507569e-03
time: 1.535254e-03
time: 1.562938e-03
time: 1.590622e-03
time: 1.590622e-03
time: 1.618306e-03
time: 1.645991e-03
time: 1.673675e-03
time: 1.673675e-03
time: 1.701359e-03
time: 1.729044e-03
time: 1.756728e-03
time: 1.756728e-03
time: 1.784412e-03
time: 1.812097e-03
time: 1.839781e-03
time: 1.839781e-03
time: 1.867465e-03
time: 1.895149e-03
time: 1.922834e-03
time: 1.922834e-03
time: 1.950518e-03
time: 1.978202e-03
time: 2.013739e-03
time: 2.049276e-03
time: 2.049276e-03
time: 2.084813e-03
time: 2.120350e-03
time: 2.120350e-03
time: 2.155887e-03
time: 2.155887e-03
time: 2.191424e-03
time: 2.236819e-03
time: 2.236819e-03
time: 2.236819e-03
time: 2.236819e-03
time: 2.282215e-03
time: 2.282215e-03
time: 2.327610e-03
time: 2.327610e-03
time: 2.373006e-03
time: 2.373006e-03
time: 2.373006e-03
time: 2.373006e-03
time: 2.373006e-03
time: 2.338959e-03
time: 2.338959e-03
time: 2.338959e-03
time: 2.338959e-03
time: 2.338959e-03
time: 2.338959e-03
time: 2.338959e-03
time: 2.338959e-03
time: 2.338959e-03
time: 2.338959e-03
time: 2.338959e-03
time: 2.338959e-03
time: 2.338959e-03
time: 2.338959e-03
time: 2.338959e-03
time: 2.338959e-03
time: 2.338959e-03
time: 2.338959e-03
time: 2.338959e-03
time: 2.338959e-03
time: 2.338959e-03
time: 2.338959e-03
time: 2.338959e-03
time: 2.338959e-03
time: 2.338959e-03
time: 2.338959e-03
time: 2.338959e-03
time: 2.338959e-03
time: 2.338959e-03
time: 2.338959e-03
time: 2.338959e-03
time: 2.338959e-03
time: 2.338959e-03
time: 2.338959e-03
time: 2.338959e-03
time: 2.338959e-03
time: 2.338959e-03
time: 2.338959e-03
time: 2.338959e-03
time: 2.338959e-03
time: 2.338959e-03
time: 2.338959e-03
time: 2.338959e-03
time: 2.338959e-03
time: 2.338959e-03
time: 2.338959e-03
time: 2.338959e-03
time: 2.338959e-03
time: 2.338959e-03
time: 2.338959e-03
time: 2.338959e-03
time: 2.338959e-03
time: 2.338959e-03
time: 2.338959e-03
time: 2.338959e-03
time: 2.350308e-03
time: 2.361657e-03
time: 2.373006e-03
time: 2.384355e-03
time: 2.407052e-03
time: 2.429750e-03
time: 2.452448e-03
time: 2.475146e-03
time: 2.520541e-03
time: 2.565937e-03
time: 2.611332e-03
time: 2.656728e-03
time: 2.702123e-03
time: 2.771211e-03
time: 2.840299e-03
time: 2.909387e-03
time: 2.978476e-03
time: 3.047564e-03
time: 3.131821e-03
time: 3.216079e-03
time: 3.300336e-03
time: 3.384594e-03
time: 3.468851e-03
time: 3.553109e-03
time: 3.654889e-03
time: 3.756669e-03
time: 3.756669e-03
time: 3.858450e-03
time: 3.858450e-03
time: 3.960230e-03
time: 4.062010e-03
time: 4.163791e-03
time: 4.265571e-03
time: 4.265571e-03
time: 4.367351e-03
time: 4.367351e-03
time: 4.469132e-03
time: 4.570912e-03
time: 4.570912e-03
time: 4.672692e-03
time: 4.774472e-03
time: 4.902747e-03
time: 4.902747e-03
time: 5.031021e-03
time: 5.159296e-03
time: 5.287570e-03
time: 5.287570e-03
time: 5.415845e-03
time: 5.415845e-03
time: 5.544119e-03
time: 5.544119e-03
time: 5.672394e-03
time: 5.672394e-03
time: 5.800668e-03
time: 5.800668e-03
time: 5.928943e-03
time: 5.928943e-03
time: 6.057217e-03
time: 6.185492e-03
time: 6.185492e-03
time: 6.313766e-03
time: 6.313766e-03
time: 6.442041e-03
time: 6.442041e-03
time: 6.570315e-03
time: 6.570315e-03
time: 6.698590e-03
time: 6.698590e-03
time: 6.826864e-03
time: 6.955139e-03
time: 6.955139e-03
time: 7.083413e-03
time: 7.083413e-03
time: 7.211688e-03
time: 7.211688e-03
time: 7.339962e-03
time: 7.339962e-03
time: 7.468237e-03
time: 7.468237e-03
time: 7.596511e-03
time: 7.596511e-03
time: 7.724786e-03
time: 7.724786e-03
time: 7.853060e-03
time: 7.853060e-03
time: 7.981335e-03
time: 7.981335e-03
time: 8.109609e-03
time: 8.109609e-03
time: 8.237884e-03
time: 8.237884e-03
time: 8.366158e-03
time: 8.366158e-03
time: 8.494433e-03
time: 8.494433e-03
time: 8.622707e-03
time: 8.622707e-03
time: 8.750982e-03
time: 8.750982e-03
time: 8.879256e-03
time: 9.007531e-03
time: 9.007531e-03
time: 9.007531e-03
time: 9.135805e-03
time: 9.135805e-03
time: 9.135805e-03
time: 9.135805e-03
time: 9.264080e-03
time: 9.264080e-03
time: 9.264080e-03
time: 9.392354e-03
time: 9.392354e-03
time: 9.520629e-03
time: 9.694898e-03
time: 9.694898e-03
time: 9.869167e-03
time: 1.004344e-02
time: 1.004344e-02
time: 1.021771e-02
time: 1.039198e-02
time: 1.056624e-02
time: 1.056624e-02
time: 1.074051e-02
time: 1.091478e-02
time: 1.091478e-02
time: 1.108905e-02
time: 1.108905e-02
time: 1.126332e-02
time: 1.126332e-02
time: 1.148302e-02
time: 1.148302e-02
time: 1.148302e-02
time: 1.148302e-02
time: 1.148302e-02
time: 1.131825e-02
time: 1.131825e-02
time: 1.131825e-02
time: 1.131825e-02
time: 1.131825e-02
time: 1.131825e-02
time: 1.131825e-02
time: 1.131825e-02
time: 1.131825e-02
time: 1.131825e-02
time: 1.131825e-02
time: 1.131825e-02
time: 1.131825e-02
time: 1.131825e-02
time: 1.131825e-02
time: 1.131825e-02
time: 1.131825e-02
time: 1.131825e-02
time: 1.131825e-02
time: 1.131825e-02
time: 1.131825e-02
time: 1.131825e-02
time: 1.131825e-02
time: 1.131825e-02
time: 1.131825e-02
time: 1.131825e-02
time: 1.131825e-02
time: 1.131825e-02
time: 1.131825e-02
time: 1.131825e-02
time: 1.131825e-02
time: 1.131825e-02
time: 1.131825e-02
time: 1.131825e-02
time: 1.131825e-02
time: 1.131825e-02
time: 1.131825e-02
time: 1.131825e-02
time: 1.131825e-02
time: 1.131825e-02
time: 1.131825e-02
time: 1.131825e-02
time: 1.131825e-02
time: 1.131825e-02
time: 1.131825e-02
time: 1.131825e-02
time: 1.131825e-02
time: 1.131825e-02
time: 1.131825e-02
time: 1.131825e-02
time: 1.131825e-02
time: 1.131825e-02
time: 1.131825e-02
time: 1.131825e-02
time: 1.131825e-02
time: 1.131825e-02
time: 1.129002e-02
time: 1.129002e-02
time: 1.131671e-02
time: 1.131671e-02
time: 1.134340e-02
time: 1.134340e-02
time: 1.137010e-02
time: 1.137010e-02
time: 1.142349e-02
time: 1.147687e-02
time: 1.153026e-02
time: 1.158365e-02
time: 1.169042e-02
time: 1.179720e-02
time: 1.190398e-02
time: 1.201075e-02
time: 1.222430e-02
time: 1.243785e-02
time: 1.265140e-02
time: 1.286496e-02
time: 1.307851e-02
time: 1.345038e-02
time: 1.382226e-02
time: 1.419413e-02
time: 1.456601e-02
time: 1.493789e-02
time: 1.530976e-02
time: 1.568164e-02
time: 1.613409e-02
time: 1.658654e-02
time: 1.703899e-02
time: 1.749144e-02
time: 1.794388e-02
time: 1.839633e-02
time: 1.884878e-02
time: 1.930123e-02
time: 1.984544e-02
time: 2.038965e-02
time: 2.038965e-02
time: 2.093386e-02
time: 2.147806e-02
time: 2.147806e-02
time: 2.202227e-02
time: 2.256648e-02
time: 2.256648e-02
time: 2.256648e-02
time: 2.256648e-02
time: 2.311069e-02
time: 2.365489e-02
time: 2.365489e-02
time: 2.419910e-02
time: 2.486292e-02
time: 2.486292e-02
time: 2.486292e-02
time: 2.486292e-02
time: 2.486292e-02
time: 2.436506e-02
time: 2.436506e-02
time: 2.436506e-02
time: 2.436506e-02
time: 2.436506e-02
time: 2.436506e-02
time: 2.436506e-02
time: 2.436506e-02
time: 2.436506e-02
time: 2.436506e-02
time: 2.436506e-02
time: 2.436506e-02
time: 2.436506e-02
time: 2.436506e-02
time: 2.436506e-02
time: 2.436506e-02
time: 2.436506e-02
time: 2.436506e-02
time: 2.436506e-02
time: 2.436506e-02
time: 2.436506e-02
time: 2.436506e-02
time: 2.436506e-02
time: 2.436506e-02
time: 2.436506e-02
time: 2.436506e-02
time: 2.436506e-02
time: 2.436506e-02
time: 2.436506e-02
time: 2.436506e-02
time: 2.436506e-02
time: 2.436506e-02
time: 2.436506e-02
time: 2.436506e-02
time: 2.436506e-02
time: 2.436506e-02
time: 2.436506e-02
time: 2.436506e-02
time: 2.436506e-02
time: 2.436506e-02
time: 2.436506e-02
time: 2.436506e-02
time: 2.436506e-02
time: 2.436506e-02
time: 2.436506e-02
time: 2.436506e-02
time: 2.436506e-02
time: 2.436506e-02
time: 2.436506e-02
time: 2.436506e-02
time: 2.436506e-02
time: 2.436506e-02
time: 2.436506e-02
time: 2.436506e-02
time: 2.436506e-02
time: 2.453101e-02
time: 2.469697e-02
time: 2.486292e-02
time: 2.502887e-02
time: 2.536078e-02
time: 2.569269e-02
time: 2.602460e-02
time: 2.635651e-02
time: 2.668842e-02
time: 2.735224e-02
time: 2.801605e-02
time: 2.867987e-02
time: 2.934369e-02
time: 3.000751e-02
time: 3.083112e-02
time: 3.165472e-02
time: 3.247833e-02
time: 3.330193e-02
time: 3.412554e-02
time: 3.494915e-02
time: 3.494915e-02
time: 3.577275e-02
time: 3.659636e-02
time: 3.741997e-02
time: 3.741997e-02
time: 3.824357e-02
time: 3.923801e-02
time: 4.023245e-02
time: 4.122689e-02
time: 4.122689e-02
time: 4.222133e-02
time: 4.321577e-02
time: 4.321577e-02
time: 4.321577e-02
time: 4.321577e-02
time: 4.321577e-02
time: 4.246994e-02
time: 4.246994e-02
time: 4.246994e-02
time: 4.246994e-02
time: 4.246994e-02
time: 4.246994e-02
time: 4.246994e-02
time: 4.246994e-02
time: 4.246994e-02
time: 4.246994e-02
time: 4.246994e-02
time: 4.246994e-02
time: 4.246994e-02
time: 4.246994e-02
time: 4.246994e-02
time: 4.246994e-02
time: 4.246994e-02
time: 4.246994e-02
time: 4.246994e-02
time: 4.246994e-02
time: 4.246994e-02
time: 4.246994e-02
time: 4.246994e-02
time: 4.246994e-02
time: 4.246994e-02
time: 4.246994e-02
time: 4.246994e-02
time: 4.246994e-02
time: 4.246994e-02
time: 4.246994e-02
time: 4.246994e-02
time: 4.246994e-02
time: 4.246994e-02
time: 4.246994e-02
time: 4.246994e-02
time: 4.246994e-02
time: 4.246994e-02
time: 4.246994e-02
time: 4.246994e-02
time: 4.246994e-02
time: 4.246994e-02
time: 4.246994e-02
time: 4.246994e-02
time: 4.246994e-02
time: 4.246994e-02
time: 4.246994e-02
time: 4.246994e-02
time: 4.246994e-02
time: 4.246994e-02
time: 4.246994e-02
time: 4.246994e-02
time: 4.246994e-02
time: 4.246994e-02
time: 4.246994e-02
time: 4.246994e-02
time: 4.271855e-02
time: 4.296716e-02
time: 4.321577e-02
time: 4.346438e-02
time: 4.396160e-02
time: 4.445882e-02
time: 4.495604e-02
time: 4.545326e-02
time: 4.595048e-02
time: 4.694492e-02
time: 4.793936e-02
time: 4.893380e-02
time: 4.992824e-02
time: 5.092268e-02
time: 5.231530e-02
time: 5.370792e-02
time: 5.510054e-02
time: 5.510054e-02
time: 5.649316e-02
time: 5.788578e-02
time: 5.927839e-02
time: 5.927839e-02
time: 6.067101e-02
time: 6.206363e-02
time: 6.345625e-02
time: 6.484887e-02
time: 6.484887e-02
time: 6.484887e-02
time: 6.624148e-02
time: 6.624148e-02
time: 6.624148e-02
time: 6.624148e-02
time: 6.624148e-02
time: 6.519702e-02
time: 6.519702e-02
time: 6.519702e-02
time: 6.519702e-02
time: 6.519702e-02
time: 6.519702e-02
time: 6.519702e-02
time: 6.519702e-02
time: 6.519702e-02
time: 6.519702e-02
time: 6.519702e-02
time: 6.519702e-02
time: 6.519702e-02
time: 6.519702e-02
time: 6.519702e-02
time: 6.519702e-02
time: 6.519702e-02
time: 6.519702e-02
time: 6.519702e-02
time: 6.519702e-02
time: 6.519702e-02
time: 6.519702e-02
time: 6.519702e-02
time: 6.519702e-02
time: 6.519702e-02
time: 6.519702e-02
time: 6.519702e-02
time: 6.519702e-02
time: 6.519702e-02
time: 6.519702e-02
time: 6.519702e-02
time: 6.519702e-02
time: 6.519702e-02
time: 6.519702e-02
time: 6.519702e-02
time: 6.519702e-02
time: 6.519702e-02
time: 6.519702e-02
time: 6.519702e-02
time: 6.519702e-02
time: 6.519702e-02
time: 6.519702e-02
time: 6.519702e-02
time: 6.519702e-02
time: 6.519702e-02
time: 6.519702e-02
time: 6.519702e-02
time: 6.519702e-02
time: 6.519702e-02
time: 6.519702e-02
time: 6.519702e-02
time: 6.519702e-02
time: 6.519702e-02
time: 6.519702e-02
time: 6.519702e-02
time: 6.554517e-02
time: 6.589333e-02
time: 6.624148e-02
time: 6.658964e-02
time: 6.728595e-02
time: 6.798226e-02
time: 6.867857e-02
time: 6.937487e-02
time: 7.076749e-02
time: 7.076749e-02
time: 7.216011e-02
time: 7.355273e-02
time: 7.494535e-02
time: 7.633797e-02
time: 7.834391e-02
time: 8.034985e-02
time: 8.235579e-02
time: 8.436173e-02
time: 8.636768e-02
time: 8.837362e-02
time: 9.078351e-02
time: 9.078351e-02
time: 9.319339e-02
time: 9.560328e-02
time: 9.560328e-02
time: 9.801317e-02
time: 9.801317e-02
time: 1.004231e-01
time: 1.004231e-01
time: 1.028329e-01
time: 1.028329e-01
time: 1.028329e-01
time: 1.052428e-01
time: 1.052428e-01
time: 1.052428e-01
time: 1.052428e-01
time: 1.052428e-01
time: 1.034354e-01
time: 1.034354e-01
time: 1.034354e-01
time: 1.034354e-01
time: 1.034354e-01
time: 1.034354e-01
time: 1.034354e-01
time: 1.034354e-01
time: 1.034354e-01
time: 1.034354e-01
time: 1.034354e-01
time: 1.034354e-01
time: 1.034354e-01
time: 1.034354e-01
time: 1.034354e-01
time: 1.034354e-01
time: 1.034354e-01
time: 1.034354e-01
time: 1.034354e-01
time: 1.034354e-01
time: 1.034354e-01
time: 1.034354e-01
time: 1.034354e-01
time: 1.034354e-01
time: 1.034354e-01
time: 1.034354e-01
time: 1.034354e-01
time: 1.034354e-01
time: 1.034354e-01
time: 1.034354e-01
time: 1.034354e-01
time: 1.034354e-01
time: 1.034354e-01
time: 1.034354e-01
time: 1.034354e-01
time: 1.034354e-01
time: 1.034354e-01
time: 1.034354e-01
time: 1.034354e-01
time: 1.034354e-01
time: 1.034354e-01
time: 1.034354e-01
time: 1.034354e-01
time: 1.034354e-01
time: 1.034354e-01
time: 1.034354e-01
time: 1.034354e-01
time: 1.034354e-01
time: 1.034354e-01
time: 1.034354e-01
time: 1.034354e-01
time: 1.034354e-01
time: 1.034354e-01
time: 1.034354e-01
time: 1.034354e-01
time: 1.040379e-01
time: 1.046404e-01
time: 1.052428e-01
time: 1.058453e-01
time: 1.070503e-01
time: 1.082552e-01
time: 1.094601e-01
time: 1.106651e-01
time: 1.130750e-01
time: 1.130750e-01
time: 1.154849e-01
time: 1.178947e-01
time: 1.203046e-01
time: 1.227145e-01
time: 1.259661e-01
time: 1.292177e-01
time: 1.324693e-01
time: 1.357209e-01
time: 1.389725e-01
time: 1.422241e-01
time: 1.454757e-01
time: 1.454757e-01
time: 1.487273e-01
time: 1.519789e-01
time: 1.552305e-01
time: 1.552305e-01
time: 1.584821e-01
time: 1.584821e-01
time: 1.617337e-01
time: 1.617337e-01
time: 1.649852e-01
time: 1.682368e-01
time: 1.714884e-01
time: 1.714884e-01
time: 1.714884e-01
time: 1.747400e-01
time: 1.747400e-01
time: 1.747400e-01
time: 1.747400e-01
time: 1.779916e-01
time: 1.779916e-01
time: 1.779916e-01
time: 1.812432e-01
time: 1.844948e-01
time: 1.844948e-01
time: 1.844948e-01
time: 1.877464e-01
time: 1.877464e-01
time: 1.877464e-01
time: 1.877464e-01
time: 1.877464e-01
time: 1.844948e-01
time: 1.853077e-01
time: 1.853077e-01
time: 1.853077e-01
time: 1.853077e-01
time: 1.853077e-01
time: 1.853077e-01
time: 1.853077e-01
time: 1.853077e-01
time: 1.853077e-01
time: 1.853077e-01
time: 1.853077e-01
time: 1.853077e-01
time: 1.853077e-01
time: 1.853077e-01
time: 1.853077e-01
time: 1.853077e-01
time: 1.853077e-01
time: 1.853077e-01
time: 1.853077e-01
time: 1.853077e-01
time: 1.853077e-01
time: 1.853077e-01
time: 1.853077e-01
time: 1.853077e-01
time: 1.853077e-01
time: 1.853077e-01
time: 1.853077e-01
time: 1.853077e-01
time: 1.853077e-01
time: 1.853077e-01
time: 1.853077e-01
time: 1.853077e-01
time: 1.853077e-01
time: 1.853077e-01
time: 1.853077e-01
time: 1.853077e-01
time: 1.853077e-01
time: 1.853077e-01
time: 1.853077e-01
time: 1.853077e-01
time: 1.853077e-01
time: 1.853077e-01
time: 1.853077e-01
time: 1.853077e-01
time: 1.853077e-01
time: 1.853077e-01
time: 1.853077e-01
time: 1.853077e-01
time: 1.853077e-01
time: 1.853077e-01
time: 1.853077e-01
time: 1.853077e-01
time: 1.853077e-01
time: 1.853077e-01
time: 1.853077e-01
time: 1.853077e-01
time: 1.846444e-01
time: 1.846444e-01
time: 1.845600e-01
time: 1.845600e-01
time: 1.845274e-01
time: 1.845274e-01
time: 1.845600e-01
time: 1.845925e-01
time: 1.846251e-01
time: 1.846903e-01
time: 1.847554e-01
time: 1.848206e-01
time: 1.849509e-01
time: 1.850812e-01
time: 1.852115e-01
time: 1.854721e-01
time: 1.857327e-01
time: 1.859933e-01
time: 1.862539e-01
time: 1.867752e-01
time: 1.872964e-01
time: 1.878176e-01
time: 1.883388e-01
time: 1.893813e-01
time: 1.904237e-01
time: 1.914662e-01
time: 1.925086e-01
time: 1.935510e-01
time: 1.956359e-01
time: 1.977208e-01
time: 1.998057e-01
time: 2.018906e-01
time: 2.039755e-01
time: 2.081452e-01
time: 2.123150e-01
time: 2.164848e-01
time: 2.206546e-01
time: 2.248243e-01
time: 2.310887e-01
time: 2.373531e-01
time: 2.436175e-01
time: 2.498818e-01
time: 2.561462e-01
time: 2.624106e-01
time: 2.686750e-01
time: 2.763683e-01
time: 2.840617e-01
time: 2.917551e-01
time: 2.994485e-01
time: 3.071419e-01
time: 3.148353e-01
time: 3.225286e-01
time: 3.319569e-01
time: 3.413851e-01
time: 3.413851e-01
time: 3.508134e-01
time: 3.508134e-01
time: 3.602416e-01
time: 3.696699e-01
time: 3.696699e-01
time: 3.696699e-01
time: 3.696699e-01
time: 3.696699e-01
time: 3.625987e-01
time: 3.625987e-01
time: 3.625987e-01
time: 3.625987e-01
time: 3.625987e-01
time: 3.625987e-01
time: 3.625987e-01
time: 3.625987e-01
time: 3.625987e-01
time: 3.625987e-01
time: 3.625987e-01
time: 3.625987e-01
time: 3.625987e-01
time: 3.625987e-01
time: 3.625987e-01
time: 3.625987e-01
time: 3.625987e-01
time: 3.625987e-01
time: 3.625987e-01
time: 3.625987e-01
time: 3.625987e-01
time: 3.625987e-01
time: 3.625987e-01
time: 3.625987e-01
time: 3.625987e-01
time: 3.625987e-01
time: 3.625987e-01
time: 3.625987e-01
time: 3.625987e-01
time: 3.625987e-01
time: 3.625987e-01
time: 3.625987e-01
time: 3.625987e-01
time: 3.625987e-01
time: 3.625987e-01
time: 3.625987e-01
time: 3.625987e-01
time: 3.625987e-01
time: 3.625987e-01
time: 3.625987e-01
time: 3.625987e-01
time: 3.625987e-01
time: 3.625987e-01
time: 3.625987e-01
time: 3.625987e-01
time: 3.625987e-01
time: 3.625987e-01
time: 3.625987e-01
time: 3.625987e-01
time: 3.625987e-01
time: 3.625987e-01
time: 3.625987e-01
time: 3.625987e-01
time: 3.625987e-01
time: 3.625987e-01
time: 3.649557e-01
time: 3.673128e-01
time: 3.696699e-01
time: 3.720269e-01
time: 3.767411e-01
time: 3.814552e-01
time: 3.861693e-01
time: 3.908834e-01
time: 3.955975e-01
time: 4.050258e-01
time: 4.144540e-01
time: 4.238823e-01
time: 4.333105e-01
time: 4.427388e-01
time: 4.555235e-01
time: 4.683082e-01
time: 4.810929e-01
time: 4.938777e-01
time: 5.066624e-01
time: 5.194471e-01
time: 5.322318e-01
time: 5.322318e-01
time: 5.450165e-01
time: 5.450165e-01
time: 5.578013e-01
time: 5.705860e-01
time: 5.705860e-01
time: 5.833707e-01
time: 5.833707e-01
time: 5.961554e-01
time: 6.089401e-01
time: 6.089401e-01
time: 6.217249e-01
time: 6.345096e-01
time: 6.500868e-01
time: 6.500868e-01
time: 6.500868e-01
time: 6.500868e-01
time: 6.500868e-01
time: 6.384039e-01
time: 6.384039e-01
time: 6.384039e-01
time: 6.384039e-01
time: 6.384039e-01
time: 6.384039e-01
time: 6.384039e-01
time: 6.384039e-01
time: 6.384039e-01
time: 6.384039e-01
time: 6.384039e-01
time: 6.384039e-01
time: 6.384039e-01
time: 6.384039e-01
time: 6.384039e-01
time: 6.384039e-01
time: 6.384039e-01
time: 6.384039e-01
time: 6.384039e-01
time: 6.384039e-01
time: 6.384039e-01
time: 6.384039e-01
time: 6.384039e-01
time: 6.384039e-01
time: 6.384039e-01
time: 6.384039e-01
time: 6.384039e-01
time: 6.384039e-01
time: 6.384039e-01
time: 6.384039e-01
time: 6.384039e-01
time: 6.384039e-01
time: 6.384039e-01
time: 6.384039e-01
time: 6.384039e-01
time: 6.384039e-01
time: 6.384039e-01
time: 6.384039e-01
time: 6.384039e-01
time: 6.384039e-01
time: 6.384039e-01
time: 6.384039e-01
time: 6.384039e-01
time: 6.384039e-01
time: 6.384039e-01
time: 6.384039e-01
time: 6.384039e-01
time: 6.384039e-01
time: 6.384039e-01
time: 6.384039e-01
time: 6.384039e-01
time: 6.384039e-01
time: 6.384039e-01
time: 6.384039e-01
time: 6.384039e-01
time: 6.422982e-01
time: 6.461925e-01
time: 6.500868e-01
time: 6.539811e-01
time: 6.617696e-01
time: 6.695582e-01
time: 6.773468e-01
time: 6.851354e-01
time: 7.007126e-01
time: 7.007126e-01
time: 7.162898e-01
time: 7.318670e-01
time: 7.318670e-01
time: 7.474441e-01
time: 7.630213e-01
time: 7.828911e-01
time: 8.027609e-01
time: 8.226307e-01
time: 8.425006e-01
time: 8.623704e-01
time: 8.822402e-01
time: 9.066968e-01
time: 9.311534e-01
time: 9.556100e-01
time: 9.800666e-01
time: 1.000000e+00
Number of steps: 538, current time 1.000000

==== Status of problem ====

Parser configured
Database configured
Mixture configured
Solution configured
Solver configured
Problem solved

==== END of Status ====

ULF run took 47.86 s

==== ULF END ====
