# RUNNING VERSION '1.07-1'
+==========================================================================================================+
|                                                                                                          |
|                                                                                              #           |
|                                                                                             ##           |
|                                                                                            ###           |
|                                                                                          ####            |
|                                                          TU Freiberg                    ######           |
|                                                          Chair of Numerical            #### ##           |
|                                                          Thermo-Fluid-Dynamics         ########          |
|        Universal Laminar Flame Solver                                                  #### #####        |
|                                                                                          ##########      |
|                                                                                                #####     |
|                            ###    ##########             ####  ################################# ###     |
|                           ####  ####                    #####     ####   ####          ######### ###     |
|                          ####  ####                    ######     ###   ###                  ### ###     |
|         ####      ####  ################              ###  ###   ###   #########   ###       ### ##      |
|        ####      ####  ################              ###   ###  ###   ########    ###       ### ###      |
|       ####       ###  #### ####                     ###    ### ###   ###         ##       ### ###        |
|       #####   #####  #### ####                     ###      #####   ###         ###    ##### ###         |
|        ##########   ####  ###                     ###       #############      ########## #####          |
|                                                        #######################################           |
|                                                      ###               #####################             |
|                                                                             ############                 |
|                                                                                                          |
+==========================================================================================================+
                                                                                                            
ULF run at Tue Sep 15 21:50:59 2015



==== Status of problem ====

Parser configured
Database configured
Mixture configured
Solution configured
Solver configured
Problem NOT solved

==== END of Status ====
time: 0.000000e+00
time: 7.402363e-11
time: 7.402363e-11
time: 7.402363e-11
time: 7.402363e-11
time: 7.402363e-11
time: 7.402363e-11
time: 7.402363e-11
time: 7.402363e-11
time: 7.402363e-11
time: 7.402363e-11
time: 7.402363e-11
time: 7.402363e-11
time: 7.402363e-11
time: 7.402363e-11
time: 7.402363e-11
time: 7.402363e-11
time: 7.402363e-11
time: 7.402363e-11
time: 7.402363e-11
time: 7.402363e-11
time: 7.402363e-11
time: 7.402363e-11
time: 7.402363e-11
time: 7.402363e-11
time: 7.402363e-11
time: 7.402363e-11
time: 7.402363e-11
time: 7.402363e-11
time: 7.402363e-11
time: 7.402363e-11
time: 7.402363e-11
time: 7.402363e-11
time: 7.402363e-11
time: 7.402363e-11
time: 7.402363e-11
time: 7.402363e-11
time: 7.402363e-11
time: 7.402363e-11
time: 7.402363e-11
time: 7.402363e-11
time: 7.402363e-11
time: 7.402363e-11
time: 7.402363e-11
time: 7.402363e-11
time: 7.402363e-11
time: 7.402363e-11
time: 7.402363e-11
time: 7.402363e-11
time: 7.402363e-11
time: 7.402363e-11
time: 7.402363e-11
time: 7.402363e-11
time: 7.402363e-11
time: 7.402363e-11
time: 7.402363e-11
time: 1.480473e-10
time: 2.220709e-10
time: 4.164515e-08
time: 8.306823e-08
time: 1.244913e-07
time: 2.202972e-07
time: 3.161031e-07
time: 4.119089e-07
time: 5.077148e-07
time: 6.947785e-07
time: 8.818422e-07
time: 1.068906e-06
time: 1.255970e-06
time: 1.568800e-06
time: 1.881631e-06
time: 2.194461e-06
time: 2.507292e-06
time: 3.159787e-06
time: 3.159787e-06
time: 3.812283e-06
time: 3.812283e-06
time: 4.464779e-06
time: 4.464779e-06
time: 5.117275e-06
time: 5.769771e-06
time: 6.581954e-06
time: 7.394137e-06
time: 8.206320e-06
time: 9.018504e-06
time: 9.830687e-06
time: 1.085385e-05
time: 1.187701e-05
time: 1.290017e-05
time: 1.392333e-05
time: 1.494650e-05
time: 1.621668e-05
time: 1.748687e-05
time: 1.875706e-05
time: 2.002725e-05
time: 2.129744e-05
time: 2.291137e-05
time: 2.452531e-05
time: 2.613925e-05
time: 2.775319e-05
time: 2.936713e-05
time: 3.140529e-05
time: 3.344346e-05
time: 3.548162e-05
time: 3.751979e-05
time: 3.955795e-05
time: 4.210150e-05
time: 4.464504e-05
time: 4.718859e-05
time: 4.973214e-05
time: 5.227568e-05
time: 5.542072e-05
time: 5.856576e-05
time: 6.171080e-05
time: 6.485584e-05
time: 6.800088e-05
time: 7.185230e-05
time: 7.570372e-05
time: 7.955515e-05
time: 8.340657e-05
time: 8.725799e-05
time: 9.110942e-05
time: 9.496084e-05
time: 9.496084e-05
time: 9.881226e-05
time: 1.036689e-04
time: 1.036689e-04
time: 1.036689e-04
time: 1.036689e-04
time: 1.085254e-04
time: 1.085254e-04
time: 1.133820e-04
time: 1.133820e-04
time: 1.182386e-04
time: 1.182386e-04
time: 1.182386e-04
time: 1.182386e-04
time: 1.230952e-04
time: 1.279518e-04
time: 1.328084e-04
time: 1.328084e-04
time: 1.387909e-04
time: 1.387909e-04
time: 1.447734e-04
time: 1.447734e-04
time: 1.447734e-04
time: 1.507559e-04
time: 1.507559e-04
time: 1.507559e-04
time: 1.507559e-04
time: 1.507559e-04
time: 1.462690e-04
time: 1.462690e-04
time: 1.462690e-04
time: 1.462690e-04
time: 1.462690e-04
time: 1.462690e-04
time: 1.462690e-04
time: 1.462690e-04
time: 1.462690e-04
time: 1.462690e-04
time: 1.462690e-04
time: 1.462690e-04
time: 1.462690e-04
time: 1.462690e-04
time: 1.462690e-04
time: 1.462690e-04
time: 1.462690e-04
time: 1.462690e-04
time: 1.462690e-04
time: 1.462690e-04
time: 1.462690e-04
time: 1.462690e-04
time: 1.462690e-04
time: 1.462690e-04
time: 1.462690e-04
time: 1.462690e-04
time: 1.462690e-04
time: 1.462690e-04
time: 1.462690e-04
time: 1.462690e-04
time: 1.462690e-04
time: 1.462690e-04
time: 1.462690e-04
time: 1.462690e-04
time: 1.462690e-04
time: 1.462690e-04
time: 1.462690e-04
time: 1.462690e-04
time: 1.462690e-04
time: 1.462690e-04
time: 1.462690e-04
time: 1.462690e-04
time: 1.462690e-04
time: 1.462690e-04
time: 1.462690e-04
time: 1.462690e-04
time: 1.462690e-04
time: 1.462690e-04
time: 1.462690e-04
time: 1.462690e-04
time: 1.462690e-04
time: 1.462690e-04
time: 1.462690e-04
time: 1.462690e-04
time: 1.462690e-04
time: 1.477646e-04
time: 1.492603e-04
time: 1.507559e-04
time: 1.522515e-04
time: 1.552427e-04
time: 1.582340e-04
time: 1.612252e-04
time: 1.642165e-04
time: 1.701990e-04
time: 1.701990e-04
time: 1.761815e-04
time: 1.821640e-04
time: 1.881464e-04
time: 1.941289e-04
time: 2.026567e-04
time: 2.111846e-04
time: 2.197124e-04
time: 2.282402e-04
time: 2.367680e-04
time: 2.470260e-04
time: 2.572839e-04
time: 2.675419e-04
time: 2.777999e-04
time: 2.880578e-04
time: 2.983158e-04
time: 3.106477e-04
time: 3.229797e-04
time: 3.353116e-04
time: 3.476435e-04
time: 3.599755e-04
time: 3.723074e-04
time: 3.846394e-04
time: 3.969713e-04
time: 3.969713e-04
time: 4.093032e-04
time: 4.216352e-04
time: 4.339671e-04
time: 4.339671e-04
time: 4.462991e-04
time: 4.586310e-04
time: 4.586310e-04
time: 4.709630e-04
time: 4.832949e-04
time: 4.832949e-04
time: 4.832949e-04
time: 4.956268e-04
time: 4.956268e-04
time: 4.956268e-04
time: 5.079588e-04
time: 5.079588e-04
time: 5.079588e-04
time: 5.202907e-04
time: 5.202907e-04
time: 5.202907e-04
time: 5.202907e-04
time: 5.326227e-04
time: 5.326227e-04
time: 5.449546e-04
time: 5.449546e-04
time: 5.449546e-04
time: 5.572865e-04
time: 5.572865e-04
time: 5.572865e-04
time: 5.696185e-04
time: 5.696185e-04
time: 5.696185e-04
time: 5.819504e-04
time: 5.819504e-04
time: 5.819504e-04
time: 5.942824e-04
time: 5.942824e-04
time: 5.942824e-04
time: 6.066143e-04
time: 6.066143e-04
time: 6.066143e-04
time: 6.189462e-04
time: 6.189462e-04
time: 6.189462e-04
time: 6.312782e-04
time: 6.312782e-04
time: 6.312782e-04
time: 6.436101e-04
time: 6.436101e-04
time: 6.436101e-04
time: 6.559421e-04
time: 6.559421e-04
time: 6.559421e-04
time: 6.682740e-04
time: 6.682740e-04
time: 6.682740e-04
time: 6.806059e-04
time: 6.806059e-04
time: 6.806059e-04
time: 6.806059e-04
time: 6.929379e-04
time: 6.929379e-04
time: 7.052698e-04
time: 7.052698e-04
time: 7.052698e-04
time: 7.176018e-04
time: 7.176018e-04
time: 7.176018e-04
time: 7.114358e-04
time: 7.114358e-04
time: 7.176018e-04
time: 7.237677e-04
time: 7.237677e-04
time: 7.299337e-04
time: 7.360997e-04
time: 7.360997e-04
time: 7.422656e-04
time: 7.484316e-04
time: 7.484316e-04
time: 7.545976e-04
time: 7.545976e-04
time: 7.607636e-04
time: 7.607636e-04
time: 7.669295e-04
time: 7.669295e-04
time: 7.730955e-04
time: 7.730955e-04
time: 7.792615e-04
time: 7.792615e-04
time: 7.854274e-04
time: 7.854274e-04
time: 7.915934e-04
time: 7.915934e-04
time: 7.915934e-04
time: 7.977594e-04
time: 7.977594e-04
time: 7.977594e-04
time: 7.977594e-04
time: 7.946764e-04
time: 7.946764e-04
time: 7.977594e-04
time: 8.008424e-04
time: 8.039253e-04
time: 8.039253e-04
time: 8.070083e-04
time: 8.100913e-04
time: 8.131743e-04
time: 8.162573e-04
time: 8.162573e-04
time: 8.162573e-04
time: 8.193403e-04
time: 8.193403e-04
time: 8.193403e-04
time: 8.224233e-04
time: 8.224233e-04
time: 8.255062e-04
time: 8.255062e-04
time: 8.285892e-04
time: 8.285892e-04
time: 8.316722e-04
time: 8.316722e-04
time: 8.347552e-04
time: 8.347552e-04
time: 8.378382e-04
time: 8.378382e-04
time: 8.409212e-04
time: 8.409212e-04
time: 8.409212e-04
time: 8.440042e-04
time: 8.440042e-04
time: 8.440042e-04
time: 8.470871e-04
time: 8.470871e-04
time: 8.470871e-04
time: 8.455456e-04
time: 8.470871e-04
time: 8.486286e-04
time: 8.486286e-04
time: 8.501701e-04
time: 8.517116e-04
time: 8.532531e-04
time: 8.547946e-04
time: 8.547946e-04
time: 8.563361e-04
time: 8.563361e-04
time: 8.578776e-04
time: 8.578776e-04
time: 8.594191e-04
time: 8.594191e-04
time: 8.609606e-04
time: 8.609606e-04
time: 8.625021e-04
time: 8.625021e-04
time: 8.640436e-04
time: 8.640436e-04
time: 8.655851e-04
time: 8.655851e-04
time: 8.655851e-04
time: 8.671265e-04
time: 8.671265e-04
time: 8.671265e-04
time: 8.686680e-04
time: 8.686680e-04
time: 8.686680e-04
time: 8.702095e-04
time: 8.702095e-04
time: 8.702095e-04
time: 8.717510e-04
time: 8.717510e-04
time: 8.717510e-04
time: 8.732925e-04
time: 8.732925e-04
time: 8.732925e-04
time: 8.732925e-04
time: 8.725218e-04
time: 8.732925e-04
time: 8.740633e-04
time: 8.748340e-04
time: 8.756048e-04
time: 8.756048e-04
time: 8.763755e-04
time: 8.771462e-04
time: 8.779170e-04
time: 8.786877e-04
time: 8.786877e-04
time: 8.794585e-04
time: 8.794585e-04
time: 8.802292e-04
time: 8.810000e-04
time: 8.810000e-04
time: 8.817707e-04
time: 8.817707e-04
time: 8.825415e-04
time: 8.825415e-04
time: 8.833122e-04
time: 8.833122e-04
time: 8.840830e-04
time: 8.840830e-04
time: 8.848537e-04
time: 8.848537e-04
time: 8.856245e-04
time: 8.856245e-04
time: 8.863952e-04
time: 8.863952e-04
time: 8.871659e-04
time: 8.871659e-04
time: 8.879367e-04
time: 8.879367e-04
time: 8.887074e-04
time: 8.887074e-04
time: 8.894782e-04
time: 8.894782e-04
time: 8.902489e-04
time: 8.902489e-04
time: 8.910197e-04
time: 8.910197e-04
time: 8.917904e-04
time: 8.917904e-04
time: 8.925612e-04
time: 8.925612e-04
time: 8.921758e-04
time: 8.925612e-04
time: 8.929465e-04
time: 8.933319e-04
time: 8.933319e-04
time: 8.937173e-04
time: 8.941027e-04
time: 8.944880e-04
time: 8.944880e-04
time: 8.948734e-04
time: 8.948734e-04
time: 8.952588e-04
time: 8.952588e-04
time: 8.956442e-04
time: 8.961259e-04
time: 8.961259e-04
time: 8.966076e-04
time: 8.966076e-04
time: 8.970894e-04
time: 8.970894e-04
time: 8.975711e-04
time: 8.975711e-04
time: 8.980529e-04
time: 8.980529e-04
time: 8.985346e-04
time: 8.985346e-04
time: 8.985346e-04
time: 8.990164e-04
time: 8.990164e-04
time: 8.994981e-04
time: 8.994981e-04
time: 8.999799e-04
time: 8.999799e-04
time: 9.004616e-04
time: 9.004616e-04
time: 9.009433e-04
time: 9.009433e-04
time: 9.014251e-04
time: 9.014251e-04
time: 9.019068e-04
time: 9.019068e-04
time: 9.023886e-04
time: 9.023886e-04
time: 9.028703e-04
time: 9.033521e-04
time: 9.033521e-04
time: 9.038338e-04
time: 9.038338e-04
time: 9.043156e-04
time: 9.043156e-04
time: 9.047973e-04
time: 9.047973e-04
time: 9.052790e-04
time: 9.052790e-04
time: 9.057608e-04
time: 9.057608e-04
time: 9.062425e-04
time: 9.062425e-04
time: 9.067243e-04
time: 9.067243e-04
time: 9.072060e-04
time: 9.072060e-04
time: 9.076878e-04
time: 9.076878e-04
time: 9.081695e-04
time: 9.081695e-04
time: 9.086513e-04
time: 9.086513e-04
time: 9.091330e-04
time: 9.091330e-04
time: 9.096147e-04
time: 9.096147e-04
time: 9.100965e-04
time: 9.100965e-04
time: 9.105782e-04
time: 9.105782e-04
time: 9.110600e-04
time: 9.110600e-04
time: 9.115417e-04
time: 9.115417e-04
time: 9.120235e-04
time: 9.120235e-04
time: 9.125052e-04
time: 9.125052e-04
time: 9.129869e-04
time: 9.129869e-04
time: 9.134687e-04
time: 9.134687e-04
time: 9.132278e-04
time: 9.134687e-04
time: 9.137096e-04
time: 9.139504e-04
time: 9.141913e-04
time: 9.141913e-04
time: 9.144322e-04
time: 9.147260e-04
time: 9.147260e-04
time: 9.145791e-04
time: 9.147260e-04
time: 9.148728e-04
time: 9.150197e-04
time: 9.151666e-04
time: 9.153659e-04
time: 9.155653e-04
time: 9.157646e-04
time: 9.159639e-04
time: 9.162217e-04
time: 9.164795e-04
time: 9.167373e-04
time: 9.169951e-04
time: 9.172530e-04
time: 9.177154e-04
time: 9.177154e-04
time: 9.181779e-04
time: 9.181779e-04
time: 9.186404e-04
time: 9.186404e-04
time: 9.191029e-04
time: 9.191029e-04
time: 9.195654e-04
time: 9.195654e-04
time: 9.200279e-04
time: 9.204903e-04
time: 9.204903e-04
time: 9.209528e-04
time: 9.214153e-04
time: 9.214153e-04
time: 9.218778e-04
time: 9.218778e-04
time: 9.223403e-04
time: 9.223403e-04
time: 9.228028e-04
time: 9.228028e-04
time: 9.232652e-04
time: 9.232652e-04
time: 9.237277e-04
time: 9.237277e-04
time: 9.241902e-04
time: 9.246527e-04
time: 9.246527e-04
time: 9.251152e-04
time: 9.251152e-04
time: 9.255777e-04
time: 9.255777e-04
time: 9.260401e-04
time: 9.260401e-04
time: 9.265026e-04
time: 9.265026e-04
time: 9.269651e-04
time: 9.269651e-04
time: 9.274276e-04
time: 9.274276e-04
time: 9.278901e-04
time: 9.278901e-04
time: 9.283526e-04
time: 9.283526e-04
time: 9.288150e-04
time: 9.288150e-04
time: 9.292775e-04
time: 9.292775e-04
time: 9.297400e-04
time: 9.297400e-04
time: 9.302025e-04
time: 9.302025e-04
time: 9.306650e-04
time: 9.306650e-04
time: 9.311274e-04
time: 9.311274e-04
time: 9.315899e-04
time: 9.320524e-04
time: 9.320524e-04
time: 9.320524e-04
time: 9.325149e-04
time: 9.325149e-04
time: 9.325149e-04
time: 9.325149e-04
time: 9.329774e-04
time: 9.329774e-04
time: 9.334399e-04
time: 9.334399e-04
time: 9.339023e-04
time: 9.339023e-04
time: 9.339023e-04
time: 9.339023e-04
time: 9.343648e-04
time: 9.343648e-04
time: 9.348273e-04
time: 9.348273e-04
time: 9.348273e-04
time: 9.352898e-04
time: 9.352898e-04
time: 9.352898e-04
time: 9.352898e-04
time: 9.357523e-04
time: 9.362148e-04
time: 9.362148e-04
time: 9.362148e-04
time: 9.362148e-04
time: 9.366772e-04
time: 9.366772e-04
time: 9.371397e-04
time: 9.371397e-04
time: 9.376022e-04
time: 9.376022e-04
time: 9.376022e-04
time: 9.376022e-04
time: 9.380647e-04
time: 9.380647e-04
time: 9.385272e-04
time: 9.385272e-04
time: 9.385272e-04
time: 9.385272e-04
time: 9.389897e-04
time: 9.389897e-04
time: 9.389897e-04
time: 9.394521e-04
time: 9.394521e-04
time: 9.394521e-04
time: 9.394521e-04
time: 9.394521e-04
time: 9.391053e-04
time: 9.391053e-04
time: 9.391053e-04
time: 9.391053e-04
time: 9.391053e-04
time: 9.391053e-04
time: 9.391053e-04
time: 9.391053e-04
time: 9.391053e-04
time: 9.391053e-04
time: 9.391053e-04
time: 9.391053e-04
time: 9.391053e-04
time: 9.391053e-04
time: 9.391053e-04
time: 9.391053e-04
time: 9.391053e-04
time: 9.391053e-04
time: 9.391053e-04
time: 9.391053e-04
time: 9.391053e-04
time: 9.391053e-04
time: 9.391053e-04
time: 9.391053e-04
time: 9.391053e-04
time: 9.391053e-04
time: 9.391053e-04
time: 9.391053e-04
time: 9.391053e-04
time: 9.391053e-04
time: 9.391053e-04
time: 9.391053e-04
time: 9.391053e-04
time: 9.391053e-04
time: 9.391053e-04
time: 9.391053e-04
time: 9.391053e-04
time: 9.391053e-04
time: 9.391053e-04
time: 9.391053e-04
time: 9.391053e-04
time: 9.391053e-04
time: 9.391053e-04
time: 9.391053e-04
time: 9.391053e-04
time: 9.391053e-04
time: 9.391053e-04
time: 9.391053e-04
time: 9.391053e-04
time: 9.391053e-04
time: 9.391053e-04
time: 9.391053e-04
time: 9.391053e-04
time: 9.391053e-04
time: 9.391053e-04
time: 9.392209e-04
time: 9.393365e-04
time: 9.394521e-04
time: 9.395678e-04
time: 9.397990e-04
time: 9.400303e-04
time: 9.402615e-04
time: 9.404927e-04
time: 9.409552e-04
time: 9.414177e-04
time: 9.418802e-04
time: 9.423427e-04
time: 9.428052e-04
time: 9.436449e-04
time: 9.444847e-04
time: 9.453245e-04
time: 9.453245e-04
time: 9.461642e-04
time: 9.461642e-04
time: 9.470040e-04
time: 9.470040e-04
time: 9.478438e-04
time: 9.478438e-04
time: 9.486836e-04
time: 9.486836e-04
time: 9.495233e-04
time: 9.495233e-04
time: 9.503631e-04
time: 9.503631e-04
time: 9.512029e-04
time: 9.512029e-04
time: 9.520426e-04
time: 9.528824e-04
time: 9.537222e-04
time: 9.545620e-04
time: 9.554017e-04
time: 9.564150e-04
time: 9.574283e-04
time: 9.574283e-04
time: 9.584416e-04
time: 9.584416e-04
time: 9.594549e-04
time: 9.604681e-04
time: 9.614814e-04
time: 9.614814e-04
time: 9.624947e-04
time: 9.635080e-04
time: 9.635080e-04
time: 9.645213e-04
time: 9.655345e-04
time: 9.665478e-04
time: 9.675611e-04
time: 9.685744e-04
time: 9.698073e-04
time: 9.698073e-04
time: 9.710402e-04
time: 9.710402e-04
time: 9.722732e-04
time: 9.722732e-04
time: 9.735061e-04
time: 9.735061e-04
time: 9.747390e-04
time: 9.759719e-04
time: 9.772048e-04
time: 9.772048e-04
time: 9.772048e-04
time: 9.772048e-04
time: 9.784378e-04
time: 9.796707e-04
time: 9.796707e-04
time: 9.796707e-04
time: 9.796707e-04
time: 9.796707e-04
time: 9.787460e-04
time: 9.787460e-04
time: 9.787460e-04
time: 9.787460e-04
time: 9.787460e-04
time: 9.787460e-04
time: 9.787460e-04
time: 9.787460e-04
time: 9.787460e-04
time: 9.787460e-04
time: 9.787460e-04
time: 9.787460e-04
time: 9.787460e-04
time: 9.787460e-04
time: 9.787460e-04
time: 9.787460e-04
time: 9.787460e-04
time: 9.787460e-04
time: 9.787460e-04
time: 9.787460e-04
time: 9.787460e-04
time: 9.787460e-04
time: 9.787460e-04
time: 9.787460e-04
time: 9.787460e-04
time: 9.787460e-04
time: 9.787460e-04
time: 9.787460e-04
time: 9.787460e-04
time: 9.787460e-04
time: 9.787460e-04
time: 9.787460e-04
time: 9.787460e-04
time: 9.787460e-04
time: 9.787460e-04
time: 9.787460e-04
time: 9.787460e-04
time: 9.787460e-04
time: 9.787460e-04
time: 9.787460e-04
time: 9.787460e-04
time: 9.787460e-04
time: 9.787460e-04
time: 9.787460e-04
time: 9.787460e-04
time: 9.787460e-04
time: 9.787460e-04
time: 9.787460e-04
time: 9.787460e-04
time: 9.787460e-04
time: 9.787460e-04
time: 9.787460e-04
time: 9.787460e-04
time: 9.787460e-04
time: 9.787460e-04
time: 9.790542e-04
time: 9.793625e-04
time: 9.796707e-04
time: 9.799789e-04
time: 9.805954e-04
time: 9.812118e-04
time: 9.818283e-04
time: 9.824448e-04
time: 9.836777e-04
time: 9.849106e-04
time: 9.861435e-04
time: 9.873764e-04
time: 9.886094e-04
time: 9.903829e-04
time: 9.921564e-04
time: 9.939299e-04
time: 9.957034e-04
time: 9.974770e-04
time: 9.992505e-04
time: 1.001024e-03
time: 1.003168e-03
time: 1.005311e-03
time: 1.007455e-03
time: 1.009598e-03
time: 1.011742e-03
time: 1.013886e-03
time: 1.016029e-03
time: 1.018173e-03
time: 1.020316e-03
time: 1.022945e-03
time: 1.025573e-03
time: 1.028201e-03
time: 1.030829e-03
time: 1.033457e-03
time: 1.036086e-03
time: 1.038714e-03
time: 1.038714e-03
time: 1.041342e-03
time: 1.043970e-03
time: 1.046598e-03
time: 1.046598e-03
time: 1.049227e-03
time: 1.049227e-03
time: 1.051855e-03
time: 1.054483e-03
time: 1.054483e-03
time: 1.057111e-03
time: 1.057111e-03
time: 1.059740e-03
time: 1.059740e-03
time: 1.062368e-03
time: 1.064996e-03
time: 1.064996e-03
time: 1.068531e-03
time: 1.068531e-03
time: 1.068531e-03
time: 1.065880e-03
time: 1.065880e-03
time: 1.065880e-03
time: 1.065880e-03
time: 1.065880e-03
time: 1.065880e-03
time: 1.065880e-03
time: 1.065880e-03
time: 1.065880e-03
time: 1.065880e-03
time: 1.065880e-03
time: 1.065880e-03
time: 1.065880e-03
time: 1.065880e-03
time: 1.065880e-03
time: 1.065880e-03
time: 1.065880e-03
time: 1.065880e-03
time: 1.065880e-03
time: 1.065880e-03
time: 1.065880e-03
time: 1.065880e-03
time: 1.065880e-03
time: 1.065880e-03
time: 1.065880e-03
time: 1.065880e-03
time: 1.065880e-03
time: 1.065880e-03
time: 1.065880e-03
time: 1.065880e-03
time: 1.065880e-03
time: 1.065880e-03
time: 1.065880e-03
time: 1.065880e-03
time: 1.065880e-03
time: 1.065880e-03
time: 1.065880e-03
time: 1.065880e-03
time: 1.065880e-03
time: 1.065880e-03
time: 1.065880e-03
time: 1.065880e-03
time: 1.065880e-03
time: 1.065880e-03
time: 1.065880e-03
time: 1.065880e-03
time: 1.065880e-03
time: 1.065880e-03
time: 1.065880e-03
time: 1.065880e-03
time: 1.065880e-03
time: 1.065880e-03
time: 1.065880e-03
time: 1.065880e-03
time: 1.065880e-03
time: 1.065880e-03
time: 1.066763e-03
time: 1.066763e-03
time: 1.067647e-03
time: 1.068531e-03
time: 1.069414e-03
time: 1.071181e-03
time: 1.072949e-03
time: 1.074716e-03
time: 1.076483e-03
time: 1.080018e-03
time: 1.080018e-03
time: 1.083552e-03
time: 1.083552e-03
time: 1.087087e-03
time: 1.087087e-03
time: 1.090621e-03
time: 1.094156e-03
time: 1.098488e-03
time: 1.102819e-03
time: 1.107151e-03
time: 1.111483e-03
time: 1.115814e-03
time: 1.120146e-03
time: 1.124478e-03
time: 1.129794e-03
time: 1.135110e-03
time: 1.140427e-03
time: 1.145743e-03
time: 1.151059e-03
time: 1.156376e-03
time: 1.161692e-03
time: 1.167008e-03
time: 1.172324e-03
time: 1.178836e-03
time: 1.178836e-03
time: 1.185347e-03
time: 1.191858e-03
time: 1.191858e-03
time: 1.198369e-03
time: 1.204880e-03
time: 1.211391e-03
time: 1.217902e-03
time: 1.217902e-03
time: 1.224413e-03
time: 1.230924e-03
time: 1.230924e-03
time: 1.237435e-03
time: 1.243946e-03
time: 1.243946e-03
time: 1.250457e-03
time: 1.258341e-03
time: 1.258341e-03
time: 1.266224e-03
time: 1.274108e-03
time: 1.281991e-03
time: 1.281991e-03
time: 1.289875e-03
time: 1.297758e-03
time: 1.297758e-03
time: 1.305642e-03
time: 1.313525e-03
time: 1.313525e-03
time: 1.321409e-03
time: 1.329292e-03
time: 1.329292e-03
time: 1.337175e-03
time: 1.345059e-03
time: 1.345059e-03
time: 1.354605e-03
time: 1.364151e-03
time: 1.364151e-03
time: 1.373697e-03
time: 1.373697e-03
time: 1.383242e-03
time: 1.383242e-03
time: 1.392788e-03
time: 1.392788e-03
time: 1.402334e-03
time: 1.411880e-03
time: 1.421426e-03
time: 1.421426e-03
time: 1.421426e-03
time: 1.430972e-03
time: 1.430972e-03
time: 1.430972e-03
time: 1.430972e-03
time: 1.440518e-03
time: 1.450064e-03
time: 1.450064e-03
time: 1.450064e-03
time: 1.450064e-03
time: 1.459610e-03
time: 1.459610e-03
time: 1.459610e-03
time: 1.459610e-03
time: 1.469156e-03
time: 1.469156e-03
time: 1.478702e-03
time: 1.478702e-03
time: 1.478702e-03
time: 1.478702e-03
time: 1.488247e-03
time: 1.488247e-03
time: 1.497793e-03
time: 1.497793e-03
time: 1.497793e-03
time: 1.507339e-03
time: 1.507339e-03
time: 1.507339e-03
time: 1.507339e-03
time: 1.516885e-03
time: 1.526431e-03
time: 1.526431e-03
time: 1.526431e-03
time: 1.526431e-03
time: 1.535977e-03
time: 1.535977e-03
time: 1.535977e-03
time: 1.535977e-03
time: 1.545523e-03
time: 1.545523e-03
time: 1.555069e-03
time: 1.555069e-03
time: 1.555069e-03
time: 1.564615e-03
time: 1.564615e-03
time: 1.564615e-03
time: 1.564615e-03
time: 1.574161e-03
time: 1.583706e-03
time: 1.583706e-03
time: 1.583706e-03
time: 1.583706e-03
time: 1.593252e-03
time: 1.593252e-03
time: 1.593252e-03
time: 1.593252e-03
time: 1.602798e-03
time: 1.612344e-03
time: 1.612344e-03
time: 1.612344e-03
time: 1.621890e-03
time: 1.621890e-03
time: 1.621890e-03
time: 1.621890e-03
time: 1.631436e-03
time: 1.640982e-03
time: 1.640982e-03
time: 1.640982e-03
time: 1.650528e-03
time: 1.650528e-03
time: 1.650528e-03
time: 1.650528e-03
time: 1.650528e-03
time: 1.643368e-03
time: 1.643368e-03
time: 1.643368e-03
time: 1.643368e-03
time: 1.643368e-03
time: 1.643368e-03
time: 1.643368e-03
time: 1.643368e-03
time: 1.643368e-03
time: 1.643368e-03
time: 1.643368e-03
time: 1.643368e-03
time: 1.643368e-03
time: 1.643368e-03
time: 1.643368e-03
time: 1.643368e-03
time: 1.643368e-03
time: 1.643368e-03
time: 1.643368e-03
time: 1.643368e-03
time: 1.643368e-03
time: 1.643368e-03
time: 1.643368e-03
time: 1.643368e-03
time: 1.643368e-03
time: 1.643368e-03
time: 1.643368e-03
time: 1.643368e-03
time: 1.643368e-03
time: 1.643368e-03
time: 1.643368e-03
time: 1.643368e-03
time: 1.643368e-03
time: 1.643368e-03
time: 1.643368e-03
time: 1.643368e-03
time: 1.643368e-03
time: 1.643368e-03
time: 1.643368e-03
time: 1.643368e-03
time: 1.643368e-03
time: 1.643368e-03
time: 1.643368e-03
time: 1.643368e-03
time: 1.643368e-03
time: 1.643368e-03
time: 1.643368e-03
time: 1.643368e-03
time: 1.643368e-03
time: 1.643368e-03
time: 1.643368e-03
time: 1.643368e-03
time: 1.643368e-03
time: 1.643368e-03
time: 1.643368e-03
time: 1.643368e-03
time: 1.642175e-03
time: 1.643368e-03
time: 1.644562e-03
time: 1.645755e-03
time: 1.648141e-03
time: 1.650528e-03
time: 1.652914e-03
time: 1.655301e-03
time: 1.660074e-03
time: 1.664847e-03
time: 1.669620e-03
time: 1.674393e-03
time: 1.683938e-03
time: 1.693484e-03
time: 1.703030e-03
time: 1.712576e-03
time: 1.722122e-03
time: 1.740601e-03
time: 1.759079e-03
time: 1.777558e-03
time: 1.796036e-03
time: 1.814515e-03
time: 1.832993e-03
time: 1.851472e-03
time: 1.873881e-03
time: 1.896291e-03
time: 1.896291e-03
time: 1.918700e-03
time: 1.941110e-03
time: 1.963519e-03
time: 1.985929e-03
time: 2.008338e-03
time: 2.030748e-03
time: 2.053158e-03
time: 2.080251e-03
time: 2.107345e-03
time: 2.107345e-03
time: 2.134439e-03
time: 2.161532e-03
time: 2.188626e-03
time: 2.188626e-03
time: 2.215720e-03
time: 2.242814e-03
time: 2.269907e-03
time: 2.269907e-03
time: 2.269907e-03
time: 2.297001e-03
time: 2.297001e-03
time: 2.297001e-03
time: 2.324095e-03
time: 2.324095e-03
time: 2.324095e-03
time: 2.351189e-03
time: 2.351189e-03
time: 2.351189e-03
time: 2.378282e-03
time: 2.378282e-03
time: 2.378282e-03
time: 2.378282e-03
time: 2.405376e-03
time: 2.432470e-03
time: 2.432470e-03
time: 2.432470e-03
time: 2.432470e-03
time: 2.459564e-03
time: 2.459564e-03
time: 2.459564e-03
time: 2.459564e-03
time: 2.486657e-03
time: 2.486657e-03
time: 2.513751e-03
time: 2.513751e-03
time: 2.513751e-03
time: 2.513751e-03
time: 2.540845e-03
time: 2.540845e-03
time: 2.567938e-03
time: 2.567938e-03
time: 2.567938e-03
time: 2.595032e-03
time: 2.595032e-03
time: 2.595032e-03
time: 2.595032e-03
time: 2.595032e-03
time: 2.574712e-03
time: 2.574712e-03
time: 2.574712e-03
time: 2.574712e-03
time: 2.574712e-03
time: 2.574712e-03
time: 2.574712e-03
time: 2.574712e-03
time: 2.574712e-03
time: 2.574712e-03
time: 2.574712e-03
time: 2.574712e-03
time: 2.574712e-03
time: 2.574712e-03
time: 2.574712e-03
time: 2.574712e-03
time: 2.574712e-03
time: 2.574712e-03
time: 2.574712e-03
time: 2.574712e-03
time: 2.574712e-03
time: 2.574712e-03
time: 2.574712e-03
time: 2.574712e-03
time: 2.574712e-03
time: 2.574712e-03
time: 2.574712e-03
time: 2.574712e-03
time: 2.574712e-03
time: 2.574712e-03
time: 2.574712e-03
time: 2.574712e-03
time: 2.574712e-03
time: 2.574712e-03
time: 2.574712e-03
time: 2.574712e-03
time: 2.574712e-03
time: 2.574712e-03
time: 2.574712e-03
time: 2.574712e-03
time: 2.574712e-03
time: 2.574712e-03
time: 2.574712e-03
time: 2.574712e-03
time: 2.574712e-03
time: 2.574712e-03
time: 2.574712e-03
time: 2.574712e-03
time: 2.574712e-03
time: 2.574712e-03
time: 2.574712e-03
time: 2.574712e-03
time: 2.574712e-03
time: 2.574712e-03
time: 2.574712e-03
time: 2.581485e-03
time: 2.588259e-03
time: 2.595032e-03
time: 2.601806e-03
time: 2.615352e-03
time: 2.628899e-03
time: 2.642446e-03
time: 2.655993e-03
time: 2.683087e-03
time: 2.710181e-03
time: 2.737274e-03
time: 2.764368e-03
time: 2.791462e-03
time: 2.834433e-03
time: 2.877404e-03
time: 2.920376e-03
time: 2.963347e-03
time: 3.006318e-03
time: 3.049290e-03
time: 3.092261e-03
time: 3.145011e-03
time: 3.197761e-03
time: 3.250511e-03
time: 3.303261e-03
time: 3.356011e-03
time: 3.356011e-03
time: 3.356011e-03
time: 3.356011e-03
time: 3.356011e-03
time: 3.316448e-03
time: 3.316448e-03
time: 3.316448e-03
time: 3.316448e-03
time: 3.316448e-03
time: 3.316448e-03
time: 3.316448e-03
time: 3.316448e-03
time: 3.316448e-03
time: 3.316448e-03
time: 3.316448e-03
time: 3.316448e-03
time: 3.316448e-03
time: 3.316448e-03
time: 3.316448e-03
time: 3.316448e-03
time: 3.316448e-03
time: 3.316448e-03
time: 3.316448e-03
time: 3.316448e-03
time: 3.316448e-03
time: 3.316448e-03
time: 3.316448e-03
time: 3.316448e-03
time: 3.316448e-03
time: 3.316448e-03
time: 3.316448e-03
time: 3.316448e-03
time: 3.316448e-03
time: 3.316448e-03
time: 3.316448e-03
time: 3.316448e-03
time: 3.316448e-03
time: 3.316448e-03
time: 3.316448e-03
time: 3.316448e-03
time: 3.316448e-03
time: 3.316448e-03
time: 3.316448e-03
time: 3.316448e-03
time: 3.316448e-03
time: 3.316448e-03
time: 3.316448e-03
time: 3.316448e-03
time: 3.316448e-03
time: 3.316448e-03
time: 3.316448e-03
time: 3.316448e-03
time: 3.316448e-03
time: 3.316448e-03
time: 3.316448e-03
time: 3.316448e-03
time: 3.316448e-03
time: 3.316448e-03
time: 3.316448e-03
time: 3.329636e-03
time: 3.342823e-03
time: 3.356011e-03
time: 3.369198e-03
time: 3.395573e-03
time: 3.421948e-03
time: 3.448323e-03
time: 3.474698e-03
time: 3.501073e-03
time: 3.553823e-03
time: 3.606573e-03
time: 3.659322e-03
time: 3.712072e-03
time: 3.764822e-03
time: 3.834642e-03
time: 3.904461e-03
time: 3.904461e-03
time: 3.974281e-03
time: 3.974281e-03
time: 4.044100e-03
time: 4.044100e-03
time: 4.113920e-03
time: 4.183739e-03
time: 4.183739e-03
time: 4.183739e-03
time: 4.183739e-03
time: 4.183739e-03
time: 4.131375e-03
time: 4.131375e-03
time: 4.131375e-03
time: 4.131375e-03
time: 4.131375e-03
time: 4.131375e-03
time: 4.131375e-03
time: 4.131375e-03
time: 4.131375e-03
time: 4.131375e-03
time: 4.131375e-03
time: 4.131375e-03
time: 4.131375e-03
time: 4.131375e-03
time: 4.131375e-03
time: 4.131375e-03
time: 4.131375e-03
time: 4.131375e-03
time: 4.131375e-03
time: 4.131375e-03
time: 4.131375e-03
time: 4.131375e-03
time: 4.131375e-03
time: 4.131375e-03
time: 4.131375e-03
time: 4.131375e-03
time: 4.131375e-03
time: 4.131375e-03
time: 4.131375e-03
time: 4.131375e-03
time: 4.131375e-03
time: 4.131375e-03
time: 4.131375e-03
time: 4.131375e-03
time: 4.131375e-03
time: 4.131375e-03
time: 4.131375e-03
time: 4.131375e-03
time: 4.131375e-03
time: 4.131375e-03
time: 4.131375e-03
time: 4.131375e-03
time: 4.131375e-03
time: 4.131375e-03
time: 4.131375e-03
time: 4.131375e-03
time: 4.131375e-03
time: 4.131375e-03
time: 4.131375e-03
time: 4.131375e-03
time: 4.131375e-03
time: 4.131375e-03
time: 4.131375e-03
time: 4.131375e-03
time: 4.131375e-03
time: 4.148829e-03
time: 4.166284e-03
time: 4.183739e-03
time: 4.201194e-03
time: 4.236104e-03
time: 4.271014e-03
time: 4.305923e-03
time: 4.340833e-03
time: 4.410653e-03
time: 4.410653e-03
time: 4.480472e-03
time: 4.550292e-03
time: 4.550292e-03
time: 4.620111e-03
time: 4.689931e-03
time: 4.781305e-03
time: 4.872679e-03
time: 4.964054e-03
time: 5.055428e-03
time: 5.146802e-03
time: 5.238177e-03
time: 5.329551e-03
time: 5.329551e-03
time: 5.420925e-03
time: 5.420925e-03
time: 5.420925e-03
time: 5.420925e-03
time: 5.420925e-03
time: 5.352395e-03
time: 5.352395e-03
time: 5.352395e-03
time: 5.352395e-03
time: 5.352395e-03
time: 5.352395e-03
time: 5.352395e-03
time: 5.352395e-03
time: 5.352395e-03
time: 5.352395e-03
time: 5.352395e-03
time: 5.352395e-03
time: 5.352395e-03
time: 5.352395e-03
time: 5.352395e-03
time: 5.352395e-03
time: 5.352395e-03
time: 5.352395e-03
time: 5.352395e-03
time: 5.352395e-03
time: 5.352395e-03
time: 5.352395e-03
time: 5.352395e-03
time: 5.352395e-03
time: 5.352395e-03
time: 5.352395e-03
time: 5.352395e-03
time: 5.352395e-03
time: 5.352395e-03
time: 5.352395e-03
time: 5.352395e-03
time: 5.352395e-03
time: 5.352395e-03
time: 5.352395e-03
time: 5.352395e-03
time: 5.352395e-03
time: 5.352395e-03
time: 5.352395e-03
time: 5.352395e-03
time: 5.352395e-03
time: 5.352395e-03
time: 5.352395e-03
time: 5.352395e-03
time: 5.352395e-03
time: 5.352395e-03
time: 5.352395e-03
time: 5.352395e-03
time: 5.352395e-03
time: 5.352395e-03
time: 5.352395e-03
time: 5.352395e-03
time: 5.352395e-03
time: 5.352395e-03
time: 5.352395e-03
time: 5.352395e-03
time: 5.375238e-03
time: 5.398082e-03
time: 5.420925e-03
time: 5.443769e-03
time: 5.489456e-03
time: 5.535143e-03
time: 5.580831e-03
time: 5.626518e-03
time: 5.717892e-03
time: 5.717892e-03
time: 5.809267e-03
time: 5.900641e-03
time: 5.992015e-03
time: 6.083390e-03
time: 6.213034e-03
time: 6.342678e-03
time: 6.472322e-03
time: 6.601966e-03
time: 6.731610e-03
time: 6.861255e-03
time: 6.990899e-03
time: 7.120543e-03
time: 7.120543e-03
time: 7.250187e-03
time: 7.379831e-03
time: 7.379831e-03
time: 7.509475e-03
time: 7.639119e-03
time: 7.768763e-03
time: 7.768763e-03
time: 7.768763e-03
time: 7.768763e-03
time: 7.768763e-03
time: 7.639119e-03
time: 7.671530e-03
time: 7.671530e-03
time: 7.671530e-03
time: 7.671530e-03
time: 7.671530e-03
time: 7.671530e-03
time: 7.671530e-03
time: 7.671530e-03
time: 7.671530e-03
time: 7.671530e-03
time: 7.671530e-03
time: 7.671530e-03
time: 7.671530e-03
time: 7.671530e-03
time: 7.671530e-03
time: 7.671530e-03
time: 7.671530e-03
time: 7.671530e-03
time: 7.671530e-03
time: 7.671530e-03
time: 7.671530e-03
time: 7.671530e-03
time: 7.671530e-03
time: 7.671530e-03
time: 7.671530e-03
time: 7.671530e-03
time: 7.671530e-03
time: 7.671530e-03
time: 7.671530e-03
time: 7.671530e-03
time: 7.671530e-03
time: 7.671530e-03
time: 7.671530e-03
time: 7.671530e-03
time: 7.671530e-03
time: 7.671530e-03
time: 7.671530e-03
time: 7.671530e-03
time: 7.671530e-03
time: 7.671530e-03
time: 7.671530e-03
time: 7.671530e-03
time: 7.671530e-03
time: 7.671530e-03
time: 7.671530e-03
time: 7.671530e-03
time: 7.671530e-03
time: 7.671530e-03
time: 7.671530e-03
time: 7.671530e-03
time: 7.671530e-03
time: 7.671530e-03
time: 7.671530e-03
time: 7.671530e-03
time: 7.671530e-03
time: 7.671530e-03
time: 7.654703e-03
time: 7.654703e-03
time: 7.670287e-03
time: 7.670287e-03
time: 7.685871e-03
time: 7.685871e-03
time: 7.701455e-03
time: 7.701455e-03
time: 7.732623e-03
time: 7.763792e-03
time: 7.794960e-03
time: 7.826128e-03
time: 7.888464e-03
time: 7.950800e-03
time: 8.013136e-03
time: 8.075472e-03
time: 8.137808e-03
time: 8.262480e-03
time: 8.387152e-03
time: 8.511825e-03
time: 8.636497e-03
time: 8.761169e-03
time: 8.976971e-03
time: 9.192772e-03
time: 9.408574e-03
time: 9.624376e-03
time: 9.840177e-03
time: 1.005598e-02
time: 1.027178e-02
time: 1.053540e-02
time: 1.079902e-02
time: 1.106264e-02
time: 1.132626e-02
time: 1.158989e-02
time: 1.185351e-02
time: 1.211713e-02
time: 1.238075e-02
time: 1.238075e-02
time: 1.264437e-02
time: 1.264437e-02
time: 1.264437e-02
time: 1.290799e-02
time: 1.290799e-02
time: 1.317161e-02
time: 1.317161e-02
time: 1.343523e-02
time: 1.343523e-02
time: 1.375306e-02
time: 1.375306e-02
time: 1.375306e-02
time: 1.407089e-02
time: 1.407089e-02
time: 1.438872e-02
time: 1.438872e-02
time: 1.470655e-02
time: 1.470655e-02
time: 1.502437e-02
time: 1.502437e-02
time: 1.541442e-02
time: 1.580446e-02
time: 1.580446e-02
time: 1.619450e-02
time: 1.619450e-02
time: 1.619450e-02
time: 1.658454e-02
time: 1.658454e-02
time: 1.697459e-02
time: 1.697459e-02
time: 1.736463e-02
time: 1.736463e-02
time: 1.775467e-02
time: 1.775467e-02
time: 1.775467e-02
time: 1.814471e-02
time: 1.814471e-02
time: 1.853476e-02
time: 1.853476e-02
time: 1.892480e-02
time: 1.892480e-02
time: 1.931484e-02
time: 1.931484e-02
time: 1.931484e-02
time: 1.931484e-02
time: 1.931484e-02
time: 1.902231e-02
time: 1.902231e-02
time: 1.902231e-02
time: 1.902231e-02
time: 1.902231e-02
time: 1.902231e-02
time: 1.902231e-02
time: 1.902231e-02
time: 1.902231e-02
time: 1.902231e-02
time: 1.902231e-02
time: 1.902231e-02
time: 1.902231e-02
time: 1.902231e-02
time: 1.902231e-02
time: 1.902231e-02
time: 1.902231e-02
time: 1.902231e-02
time: 1.902231e-02
time: 1.902231e-02
time: 1.902231e-02
time: 1.902231e-02
time: 1.902231e-02
time: 1.902231e-02
time: 1.902231e-02
time: 1.902231e-02
time: 1.902231e-02
time: 1.902231e-02
time: 1.902231e-02
time: 1.902231e-02
time: 1.902231e-02
time: 1.902231e-02
time: 1.902231e-02
time: 1.902231e-02
time: 1.902231e-02
time: 1.902231e-02
time: 1.902231e-02
time: 1.902231e-02
time: 1.902231e-02
time: 1.902231e-02
time: 1.902231e-02
time: 1.902231e-02
time: 1.902231e-02
time: 1.902231e-02
time: 1.902231e-02
time: 1.902231e-02
time: 1.902231e-02
time: 1.902231e-02
time: 1.902231e-02
time: 1.902231e-02
time: 1.902231e-02
time: 1.902231e-02
time: 1.902231e-02
time: 1.902231e-02
time: 1.902231e-02
time: 1.911982e-02
time: 1.921733e-02
time: 1.931484e-02
time: 1.941235e-02
time: 1.960737e-02
time: 1.980239e-02
time: 1.999741e-02
time: 2.019244e-02
time: 2.058248e-02
time: 2.097252e-02
time: 2.136256e-02
time: 2.175260e-02
time: 2.214265e-02
time: 2.273969e-02
time: 2.333673e-02
time: 2.393378e-02
time: 2.453082e-02
time: 2.512786e-02
time: 2.572490e-02
time: 2.645816e-02
time: 2.719141e-02
time: 2.792467e-02
time: 2.865792e-02
time: 2.939118e-02
time: 3.012443e-02
time: 3.085769e-02
time: 3.174032e-02
time: 3.262295e-02
time: 3.350558e-02
time: 3.438820e-02
time: 3.527083e-02
time: 3.615346e-02
time: 3.703609e-02
time: 3.791872e-02
time: 3.880135e-02
time: 3.968398e-02
time: 4.056660e-02
time: 4.056660e-02
time: 4.144923e-02
time: 4.233186e-02
time: 4.233186e-02
time: 4.321449e-02
time: 4.321449e-02
time: 4.409712e-02
time: 4.497975e-02
time: 4.497975e-02
time: 4.586237e-02
time: 4.586237e-02
time: 4.674500e-02
time: 4.674500e-02
time: 4.674500e-02
time: 4.762763e-02
time: 4.762763e-02
time: 4.762763e-02
time: 4.851026e-02
time: 4.851026e-02
time: 4.851026e-02
time: 4.806895e-02
time: 4.851026e-02
time: 4.895157e-02
time: 4.895157e-02
time: 4.939289e-02
time: 4.939289e-02
time: 4.939289e-02
time: 4.983420e-02
time: 4.983420e-02
time: 4.983420e-02
time: 5.027552e-02
time: 5.027552e-02
time: 5.027552e-02
time: 5.005486e-02
time: 5.027552e-02
time: 5.049617e-02
time: 5.049617e-02
time: 5.071683e-02
time: 5.071683e-02
time: 5.071683e-02
time: 5.093749e-02
time: 5.093749e-02
time: 5.115815e-02
time: 5.115815e-02
time: 5.115815e-02
time: 5.104782e-02
time: 5.115815e-02
time: 5.126847e-02
time: 5.126847e-02
time: 5.137880e-02
time: 5.137880e-02
time: 5.148913e-02
time: 5.148913e-02
time: 5.159946e-02
time: 5.159946e-02
time: 5.159946e-02
time: 5.170979e-02
time: 5.170979e-02
time: 5.182012e-02
time: 5.182012e-02
time: 5.182012e-02
time: 5.182012e-02
time: 5.176495e-02
time: 5.176495e-02
time: 5.182012e-02
time: 5.187528e-02
time: 5.187528e-02
time: 5.187528e-02
time: 5.184770e-02
time: 5.187528e-02
time: 5.190286e-02
time: 5.193045e-02
time: 5.195803e-02
time: 5.200444e-02
time: 5.200444e-02
time: 5.205085e-02
time: 5.209726e-02
time: 5.217696e-02
time: 5.225667e-02
time: 5.233637e-02
time: 5.246792e-02
time: 5.259946e-02
time: 5.273101e-02
time: 5.299411e-02
time: 5.325720e-02
time: 5.352030e-02
time: 5.378339e-02
time: 5.413592e-02
time: 5.448845e-02
time: 5.448845e-02
time: 5.484099e-02
time: 5.519352e-02
time: 5.554605e-02
time: 5.554605e-02
time: 5.589858e-02
time: 5.625111e-02
time: 5.625111e-02
time: 5.660364e-02
time: 5.695617e-02
time: 5.695617e-02
time: 5.730870e-02
time: 5.730870e-02
time: 5.766123e-02
time: 5.766123e-02
time: 5.801376e-02
time: 5.836629e-02
time: 5.836629e-02
time: 5.871882e-02
time: 5.871882e-02
time: 5.907136e-02
time: 5.907136e-02
time: 5.942389e-02
time: 5.942389e-02
time: 5.977642e-02
time: 5.977642e-02
time: 6.012895e-02
time: 6.012895e-02
time: 6.048148e-02
time: 6.048148e-02
time: 6.083401e-02
time: 6.083401e-02
time: 6.118654e-02
time: 6.118654e-02
time: 6.153907e-02
time: 6.153907e-02
time: 6.189160e-02
time: 6.189160e-02
time: 6.224413e-02
time: 6.224413e-02
time: 6.259666e-02
time: 6.294919e-02
time: 6.294919e-02
time: 6.330172e-02
time: 6.330172e-02
time: 6.365426e-02
time: 6.365426e-02
time: 6.400679e-02
time: 6.400679e-02
time: 6.435932e-02
time: 6.435932e-02
time: 6.471185e-02
time: 6.471185e-02
time: 6.506438e-02
time: 6.506438e-02
time: 6.541691e-02
time: 6.541691e-02
time: 6.576944e-02
time: 6.576944e-02
time: 6.612197e-02
time: 6.612197e-02
time: 6.647450e-02
time: 6.647450e-02
time: 6.682703e-02
time: 6.682703e-02
time: 6.717956e-02
time: 6.717956e-02
time: 6.753209e-02
time: 6.788463e-02
time: 6.788463e-02
time: 6.788463e-02
time: 6.770836e-02
time: 6.770836e-02
time: 6.788463e-02
time: 6.806089e-02
time: 6.823716e-02
time: 6.823716e-02
time: 6.841342e-02
time: 6.858969e-02
time: 6.876595e-02
time: 6.876595e-02
time: 6.894222e-02
time: 6.911848e-02
time: 6.911848e-02
time: 6.929475e-02
time: 6.947101e-02
time: 6.947101e-02
time: 6.964728e-02
time: 6.964728e-02
time: 6.982354e-02
time: 6.982354e-02
time: 6.999981e-02
time: 6.999981e-02
time: 7.017608e-02
time: 7.017608e-02
time: 7.035234e-02
time: 7.035234e-02
time: 7.052861e-02
time: 7.070487e-02
time: 7.070487e-02
time: 7.070487e-02
time: 7.061674e-02
time: 7.070487e-02
time: 7.079300e-02
time: 7.088114e-02
time: 7.101793e-02
time: 7.115472e-02
time: 7.129151e-02
time: 7.149090e-02
time: 7.169028e-02
time: 7.188966e-02
time: 7.220840e-02
time: 7.252714e-02
time: 7.284588e-02
time: 7.348336e-02
time: 7.412083e-02
time: 7.475831e-02
time: 7.539579e-02
time: 7.539579e-02
time: 7.603327e-02
time: 7.687343e-02
time: 7.687343e-02
time: 7.771358e-02
time: 7.771358e-02
time: 7.771358e-02
time: 7.729350e-02
time: 7.729350e-02
time: 7.771358e-02
time: 7.813366e-02
time: 7.855373e-02
time: 7.855373e-02
time: 7.855373e-02
time: 7.834370e-02
time: 7.834370e-02
time: 7.855373e-02
time: 7.876377e-02
time: 7.876377e-02
time: 7.897381e-02
time: 7.897381e-02
time: 7.918385e-02
time: 7.945602e-02
time: 7.945602e-02
time: 7.972818e-02
time: 7.972818e-02
time: 7.972818e-02
time: 7.959210e-02
time: 7.959210e-02
time: 7.972818e-02
time: 7.986426e-02
time: 8.000035e-02
time: 8.000035e-02
time: 8.000035e-02
time: 7.993231e-02
time: 8.000035e-02
time: 8.006839e-02
time: 8.013643e-02
time: 8.020447e-02
time: 8.020447e-02
time: 8.027251e-02
time: 8.037252e-02
time: 8.037252e-02
time: 8.037252e-02
time: 8.032252e-02
time: 8.037252e-02
time: 8.042253e-02
time: 8.047253e-02
time: 8.054602e-02
time: 8.061950e-02
time: 8.069299e-02
time: 8.083996e-02
time: 8.098693e-02
time: 8.113390e-02
time: 8.138351e-02
time: 8.163313e-02
time: 8.188275e-02
time: 8.235482e-02
time: 8.282689e-02
time: 8.329897e-02
time: 8.424311e-02
time: 8.518726e-02
time: 8.613141e-02
time: 8.707555e-02
time: 8.801970e-02
time: 8.917832e-02
time: 9.033694e-02
time: 9.033694e-02
time: 9.033694e-02
time: 8.975763e-02
time: 8.975763e-02
time: 9.033694e-02
time: 9.091625e-02
time: 9.091625e-02
time: 9.149555e-02
time: 9.149555e-02
time: 9.207486e-02
time: 9.265417e-02
time: 9.265417e-02
time: 9.323348e-02
time: 9.323348e-02
time: 9.381279e-02
time: 9.381279e-02
time: 9.439210e-02
time: 9.439210e-02
time: 9.497141e-02
time: 9.497141e-02
time: 9.555072e-02
time: 9.555072e-02
time: 9.613002e-02
time: 9.613002e-02
time: 9.670933e-02
time: 9.670933e-02
time: 9.728864e-02
time: 9.728864e-02
time: 9.786795e-02
time: 9.786795e-02
time: 9.844726e-02
time: 9.844726e-02
time: 9.902657e-02
time: 9.902657e-02
time: 9.960588e-02
time: 9.960588e-02
time: 1.001852e-01
time: 1.001852e-01
time: 1.007645e-01
time: 1.007645e-01
time: 1.013438e-01
time: 1.013438e-01
time: 1.019231e-01
time: 1.019231e-01
time: 1.019231e-01
time: 1.016335e-01
time: 1.019231e-01
time: 1.022128e-01
time: 1.025024e-01
time: 1.025024e-01
time: 1.027921e-01
time: 1.030817e-01
time: 1.030817e-01
time: 1.033714e-01
time: 1.033714e-01
time: 1.036610e-01
time: 1.036610e-01
time: 1.039507e-01
time: 1.039507e-01
time: 1.042403e-01
time: 1.042403e-01
time: 1.045300e-01
time: 1.045300e-01
time: 1.048197e-01
time: 1.048197e-01
time: 1.051093e-01
time: 1.051093e-01
time: 1.053990e-01
time: 1.053990e-01
time: 1.056886e-01
time: 1.056886e-01
time: 1.059783e-01
time: 1.059783e-01
time: 1.062679e-01
time: 1.062679e-01
time: 1.065576e-01
time: 1.065576e-01
time: 1.068472e-01
time: 1.068472e-01
time: 1.071369e-01
time: 1.071369e-01
time: 1.071369e-01
time: 1.069921e-01
time: 1.071369e-01
time: 1.072817e-01
time: 1.074265e-01
time: 1.074265e-01
time: 1.075714e-01
time: 1.077162e-01
time: 1.077162e-01
time: 1.078610e-01
time: 1.080059e-01
time: 1.080059e-01
time: 1.080059e-01
time: 1.079334e-01
time: 1.079334e-01
time: 1.080059e-01
time: 1.080783e-01
time: 1.081507e-01
time: 1.081507e-01
time: 1.081507e-01
time: 1.081145e-01
time: 1.081507e-01
time: 1.081869e-01
time: 1.082231e-01
time: 1.082231e-01
time: 1.082593e-01
time: 1.083038e-01
time: 1.083482e-01
time: 1.083482e-01
time: 1.083927e-01
time: 1.084371e-01
time: 1.084816e-01
time: 1.085261e-01
time: 1.085261e-01
time: 1.085705e-01
time: 1.086150e-01
time: 1.086150e-01
time: 1.086594e-01
time: 1.087039e-01
time: 1.087039e-01
time: 1.087483e-01
time: 1.087483e-01
time: 1.087928e-01
time: 1.088373e-01
time: 1.088373e-01
time: 1.088373e-01
time: 1.088150e-01
time: 1.088373e-01
time: 1.088595e-01
time: 1.088817e-01
time: 1.089040e-01
time: 1.089040e-01
time: 1.089262e-01
time: 1.089588e-01
time: 1.089588e-01
time: 1.089588e-01
time: 1.089425e-01
time: 1.089588e-01
time: 1.089752e-01
time: 1.089915e-01
time: 1.090197e-01
time: 1.090480e-01
time: 1.090762e-01
time: 1.091327e-01
time: 1.091891e-01
time: 1.092456e-01
time: 1.093586e-01
time: 1.094715e-01
time: 1.095844e-01
time: 1.098103e-01
time: 1.100362e-01
time: 1.102621e-01
time: 1.107138e-01
time: 1.111656e-01
time: 1.116173e-01
time: 1.125208e-01
time: 1.134244e-01
time: 1.143279e-01
time: 1.161349e-01
time: 1.179419e-01
time: 1.197490e-01
time: 1.215560e-01
time: 1.239183e-01
time: 1.262806e-01
time: 1.286429e-01
time: 1.286429e-01
time: 1.310052e-01
time: 1.338885e-01
time: 1.338885e-01
time: 1.367718e-01
time: 1.367718e-01
time: 1.396551e-01
time: 1.396551e-01
time: 1.425384e-01
time: 1.454217e-01
time: 1.454217e-01
time: 1.454217e-01
time: 1.439801e-01
time: 1.439801e-01
time: 1.454217e-01
time: 1.468634e-01
time: 1.468634e-01
time: 1.483050e-01
time: 1.483050e-01
time: 1.497467e-01
time: 1.511883e-01
time: 1.511883e-01
time: 1.526300e-01
time: 1.526300e-01
time: 1.540716e-01
time: 1.540716e-01
time: 1.555133e-01
time: 1.555133e-01
time: 1.569549e-01
time: 1.569549e-01
time: 1.569549e-01
time: 1.562341e-01
time: 1.562341e-01
time: 1.569549e-01
time: 1.576757e-01
time: 1.576757e-01
time: 1.583966e-01
time: 1.583966e-01
time: 1.591174e-01
time: 1.599976e-01
time: 1.599976e-01
time: 1.599976e-01
time: 1.595575e-01
time: 1.599976e-01
time: 1.604377e-01
time: 1.608779e-01
time: 1.615272e-01
time: 1.621765e-01
time: 1.628258e-01
time: 1.637868e-01
time: 1.647478e-01
time: 1.657088e-01
time: 1.674818e-01
time: 1.692548e-01
time: 1.710279e-01
time: 1.739913e-01
time: 1.769547e-01
time: 1.799182e-01
time: 1.858450e-01
time: 1.917719e-01
time: 1.976988e-01
time: 2.063069e-01
time: 2.149150e-01
time: 2.149150e-01
time: 2.149150e-01
time: 2.192191e-01
time: 2.192191e-01
time: 2.192191e-01
time: 2.192191e-01
time: 2.192191e-01
time: 2.192191e-01
time: 2.192191e-01
time: 2.192191e-01
time: 2.192191e-01
time: 2.192191e-01
time: 2.192191e-01
time: 2.192191e-01
time: 2.192191e-01
time: 2.192191e-01
time: 2.192191e-01
time: 2.192191e-01
time: 2.192191e-01
time: 2.192191e-01
time: 2.192191e-01
time: 2.192191e-01
time: 2.192191e-01
time: 2.192191e-01
time: 2.192191e-01
time: 2.192191e-01
time: 2.192191e-01
time: 2.192191e-01
time: 2.192191e-01
time: 2.192191e-01
time: 2.192191e-01
time: 2.192191e-01
time: 2.192191e-01
time: 2.192191e-01
time: 2.192191e-01
time: 2.192191e-01
time: 2.192191e-01
time: 2.192191e-01
time: 2.192191e-01
time: 2.192191e-01
time: 2.192191e-01
time: 2.192191e-01
time: 2.192191e-01
time: 2.192191e-01
time: 2.192191e-01
time: 2.192191e-01
time: 2.192191e-01
time: 2.192191e-01
time: 2.192191e-01
time: 2.192191e-01
time: 2.192191e-01
time: 2.192191e-01
time: 2.192191e-01
time: 2.192191e-01
time: 2.192191e-01
time: 2.192191e-01
time: 2.192191e-01
time: 2.235231e-01
time: 2.278272e-01
time: 2.364353e-01
time: 2.450434e-01
time: 2.536515e-01
time: 2.708677e-01
time: 2.880839e-01
time: 3.053001e-01
time: 3.397325e-01
time: 3.741650e-01
time: 4.085974e-01
time: 4.774622e-01
time: 5.463271e-01
time: 6.151919e-01
time: 7.529216e-01
time: 8.906513e-01
time: 1.000000e+00
Number of steps: 1057, current time 1.000000

==== Status of problem ====

Parser configured
Database configured
Mixture configured
Solution configured
Solver configured
Problem solved

==== END of Status ====

ULF run took 74.08 s

==== ULF END ====
