# RUNNING VERSION '1.07-1'
+==========================================================================================================+
|                                                                                                          |
|                                                                                              #           |
|                                                                                             ##           |
|                                                                                            ###           |
|                                                                                          ####            |
|                                                          TU Freiberg                    ######           |
|                                                          Chair of Numerical            #### ##           |
|                                                          Thermo-Fluid-Dynamics         ########          |
|        Universal Laminar Flame Solver                                                  #### #####        |
|                                                                                          ##########      |
|                                                                                                #####     |
|                            ###    ##########             ####  ################################# ###     |
|                           ####  ####                    #####     ####   ####          ######### ###     |
|                          ####  ####                    ######     ###   ###                  ### ###     |
|         ####      ####  ################              ###  ###   ###   #########   ###       ### ##      |
|        ####      ####  ################              ###   ###  ###   ########    ###       ### ###      |
|       ####       ###  #### ####                     ###    ### ###   ###         ##       ### ###        |
|       #####   #####  #### ####                     ###      #####   ###         ###    ##### ###         |
|        ##########   ####  ###                     ###       #############      ########## #####          |
|                                                        #######################################           |
|                                                      ###               #####################             |
|                                                                             ############                 |
|                                                                                                          |
+==========================================================================================================+
                                                                                                            
ULF run at Tue Sep 15 21:49:58 2015



==== Status of problem ====

Parser configured
Database configured
Mixture configured
Solution configured
Solver configured
Problem NOT solved

==== END of Status ====
time: 0.000000e+00
time: 9.559507e-11
time: 9.559507e-11
time: 9.559507e-11
time: 9.559507e-11
time: 9.559507e-11
time: 9.559507e-11
time: 9.559507e-11
time: 9.559507e-11
time: 9.559507e-11
time: 9.559507e-11
time: 9.559507e-11
time: 9.559507e-11
time: 9.559507e-11
time: 9.559507e-11
time: 9.559507e-11
time: 9.559507e-11
time: 9.559507e-11
time: 9.559507e-11
time: 9.559507e-11
time: 9.559507e-11
time: 9.559507e-11
time: 9.559507e-11
time: 9.559507e-11
time: 9.559507e-11
time: 9.559507e-11
time: 9.559507e-11
time: 9.559507e-11
time: 9.559507e-11
time: 9.559507e-11
time: 9.559507e-11
time: 9.559507e-11
time: 9.559507e-11
time: 9.559507e-11
time: 9.559507e-11
time: 9.559507e-11
time: 9.559507e-11
time: 9.559507e-11
time: 9.559507e-11
time: 9.559507e-11
time: 9.559507e-11
time: 9.559507e-11
time: 9.559507e-11
time: 9.559507e-11
time: 9.559507e-11
time: 9.559507e-11
time: 9.559507e-11
time: 9.559507e-11
time: 9.559507e-11
time: 9.559507e-11
time: 9.559507e-11
time: 9.559507e-11
time: 9.559507e-11
time: 9.559507e-11
time: 9.559507e-11
time: 9.559507e-11
time: 1.911901e-10
time: 2.867852e-10
time: 4.553102e-08
time: 9.077525e-08
time: 1.360195e-07
time: 2.352034e-07
time: 3.343872e-07
time: 4.335711e-07
time: 5.327550e-07
time: 7.268139e-07
time: 9.208727e-07
time: 1.114932e-06
time: 1.308990e-06
time: 1.667896e-06
time: 2.026802e-06
time: 2.385707e-06
time: 2.744613e-06
time: 3.441540e-06
time: 3.441540e-06
time: 4.138467e-06
time: 4.835394e-06
time: 5.532321e-06
time: 6.229248e-06
time: 7.224969e-06
time: 8.220691e-06
time: 9.216412e-06
time: 1.021213e-05
time: 1.120785e-05
time: 1.246125e-05
time: 1.371465e-05
time: 1.496805e-05
time: 1.622144e-05
time: 1.747484e-05
time: 1.902116e-05
time: 2.056747e-05
time: 2.211379e-05
time: 2.366010e-05
time: 2.520642e-05
time: 2.716488e-05
time: 2.912334e-05
time: 3.108180e-05
time: 3.304026e-05
time: 3.499872e-05
time: 3.748072e-05
time: 3.996272e-05
time: 4.244472e-05
time: 4.492671e-05
time: 4.740871e-05
time: 5.051420e-05
time: 5.361969e-05
time: 5.672518e-05
time: 5.983067e-05
time: 6.293616e-05
time: 6.678540e-05
time: 7.063463e-05
time: 7.448387e-05
time: 7.833310e-05
time: 8.218234e-05
time: 8.690690e-05
time: 9.163146e-05
time: 9.635603e-05
time: 1.010806e-04
time: 1.058052e-04
time: 1.105297e-04
time: 1.105297e-04
time: 1.152543e-04
time: 1.199788e-04
time: 1.199788e-04
time: 1.199788e-04
time: 1.247034e-04
time: 1.247034e-04
time: 1.247034e-04
time: 1.247034e-04
time: 1.294280e-04
time: 1.361606e-04
time: 1.361606e-04
time: 1.361606e-04
time: 1.361606e-04
time: 1.361606e-04
time: 1.311111e-04
time: 1.311111e-04
time: 1.311111e-04
time: 1.311111e-04
time: 1.311111e-04
time: 1.311111e-04
time: 1.311111e-04
time: 1.311111e-04
time: 1.311111e-04
time: 1.311111e-04
time: 1.311111e-04
time: 1.311111e-04
time: 1.311111e-04
time: 1.311111e-04
time: 1.311111e-04
time: 1.311111e-04
time: 1.311111e-04
time: 1.311111e-04
time: 1.311111e-04
time: 1.311111e-04
time: 1.311111e-04
time: 1.311111e-04
time: 1.311111e-04
time: 1.311111e-04
time: 1.311111e-04
time: 1.311111e-04
time: 1.311111e-04
time: 1.311111e-04
time: 1.311111e-04
time: 1.311111e-04
time: 1.311111e-04
time: 1.311111e-04
time: 1.311111e-04
time: 1.311111e-04
time: 1.311111e-04
time: 1.311111e-04
time: 1.311111e-04
time: 1.311111e-04
time: 1.311111e-04
time: 1.311111e-04
time: 1.311111e-04
time: 1.311111e-04
time: 1.311111e-04
time: 1.311111e-04
time: 1.311111e-04
time: 1.311111e-04
time: 1.311111e-04
time: 1.311111e-04
time: 1.311111e-04
time: 1.311111e-04
time: 1.311111e-04
time: 1.311111e-04
time: 1.311111e-04
time: 1.311111e-04
time: 1.311111e-04
time: 1.327943e-04
time: 1.344775e-04
time: 1.361606e-04
time: 1.378438e-04
time: 1.412101e-04
time: 1.445765e-04
time: 1.479428e-04
time: 1.513091e-04
time: 1.546755e-04
time: 1.614081e-04
time: 1.681408e-04
time: 1.748735e-04
time: 1.816061e-04
time: 1.883388e-04
time: 1.974010e-04
time: 2.064633e-04
time: 2.155255e-04
time: 2.245877e-04
time: 2.336499e-04
time: 2.427122e-04
time: 2.537757e-04
time: 2.648392e-04
time: 2.759027e-04
time: 2.869662e-04
time: 2.980297e-04
time: 3.090932e-04
time: 3.223830e-04
time: 3.356728e-04
time: 3.489627e-04
time: 3.622525e-04
time: 3.622525e-04
time: 3.755424e-04
time: 3.888322e-04
time: 4.021221e-04
time: 4.154119e-04
time: 4.154119e-04
time: 4.287017e-04
time: 4.419916e-04
time: 4.419916e-04
time: 4.552814e-04
time: 4.552814e-04
time: 4.685713e-04
time: 4.685713e-04
time: 4.818611e-04
time: 4.818611e-04
time: 4.951509e-04
time: 4.951509e-04
time: 5.084408e-04
time: 5.084408e-04
time: 5.217306e-04
time: 5.217306e-04
time: 5.350205e-04
time: 5.350205e-04
time: 5.483103e-04
time: 5.483103e-04
time: 5.416654e-04
time: 5.483103e-04
time: 5.483103e-04
time: 5.549552e-04
time: 5.616002e-04
time: 5.682451e-04
time: 5.748900e-04
time: 5.748900e-04
time: 5.815349e-04
time: 5.881798e-04
time: 5.948248e-04
time: 5.948248e-04
time: 6.014697e-04
time: 6.081146e-04
time: 6.081146e-04
time: 6.147595e-04
time: 6.147595e-04
time: 6.214044e-04
time: 6.214044e-04
time: 6.280494e-04
time: 6.280494e-04
time: 6.346943e-04
time: 6.346943e-04
time: 6.413392e-04
time: 6.413392e-04
time: 6.479841e-04
time: 6.479841e-04
time: 6.479841e-04
time: 6.446617e-04
time: 6.479841e-04
time: 6.479841e-04
time: 6.513066e-04
time: 6.546290e-04
time: 6.579515e-04
time: 6.579515e-04
time: 6.612740e-04
time: 6.645964e-04
time: 6.679189e-04
time: 6.679189e-04
time: 6.712413e-04
time: 6.712413e-04
time: 6.745638e-04
time: 6.745638e-04
time: 6.778863e-04
time: 6.778863e-04
time: 6.812087e-04
time: 6.812087e-04
time: 6.845312e-04
time: 6.845312e-04
time: 6.878536e-04
time: 6.878536e-04
time: 6.911761e-04
time: 6.911761e-04
time: 6.944986e-04
time: 6.944986e-04
time: 6.944986e-04
time: 6.928373e-04
time: 6.944986e-04
time: 6.961598e-04
time: 6.961598e-04
time: 6.978210e-04
time: 6.994823e-04
time: 7.011435e-04
time: 7.028047e-04
time: 7.048165e-04
time: 7.048165e-04
time: 7.068282e-04
time: 7.068282e-04
time: 7.088399e-04
time: 7.088399e-04
time: 7.108517e-04
time: 7.108517e-04
time: 7.128634e-04
time: 7.128634e-04
time: 7.128634e-04
time: 7.148752e-04
time: 7.148752e-04
time: 7.148752e-04
time: 7.168869e-04
time: 7.168869e-04
time: 7.168869e-04
time: 7.188986e-04
time: 7.188986e-04
time: 7.188986e-04
time: 7.178928e-04
time: 7.188986e-04
time: 7.199045e-04
time: 7.209104e-04
time: 7.219163e-04
time: 7.219163e-04
time: 7.229221e-04
time: 7.239280e-04
time: 7.251493e-04
time: 7.251493e-04
time: 7.263707e-04
time: 7.263707e-04
time: 7.275920e-04
time: 7.275920e-04
time: 7.288134e-04
time: 7.288134e-04
time: 7.300347e-04
time: 7.300347e-04
time: 7.312560e-04
time: 7.312560e-04
time: 7.324774e-04
time: 7.324774e-04
time: 7.336987e-04
time: 7.336987e-04
time: 7.336987e-04
time: 7.349201e-04
time: 7.349201e-04
time: 7.349201e-04
time: 7.361414e-04
time: 7.361414e-04
time: 7.361414e-04
time: 7.373628e-04
time: 7.373628e-04
time: 7.373628e-04
time: 7.367521e-04
time: 7.373628e-04
time: 7.379734e-04
time: 7.385841e-04
time: 7.391948e-04
time: 7.398054e-04
time: 7.405687e-04
time: 7.413320e-04
time: 7.413320e-04
time: 7.420952e-04
time: 7.420952e-04
time: 7.428585e-04
time: 7.428585e-04
time: 7.436218e-04
time: 7.436218e-04
time: 7.443851e-04
time: 7.443851e-04
time: 7.451483e-04
time: 7.451483e-04
time: 7.459116e-04
time: 7.459116e-04
time: 7.466749e-04
time: 7.466749e-04
time: 7.474381e-04
time: 7.474381e-04
time: 7.482014e-04
time: 7.482014e-04
time: 7.489647e-04
time: 7.489647e-04
time: 7.489647e-04
time: 7.497279e-04
time: 7.497279e-04
time: 7.504912e-04
time: 7.504912e-04
time: 7.504912e-04
time: 7.512545e-04
time: 7.512545e-04
time: 7.520177e-04
time: 7.520177e-04
time: 7.520177e-04
time: 7.527810e-04
time: 7.527810e-04
time: 7.535443e-04
time: 7.535443e-04
time: 7.543075e-04
time: 7.543075e-04
time: 7.550708e-04
time: 7.550708e-04
time: 7.550708e-04
time: 7.546892e-04
time: 7.550708e-04
time: 7.554525e-04
time: 7.558341e-04
time: 7.558341e-04
time: 7.562157e-04
time: 7.565974e-04
time: 7.565974e-04
time: 7.569790e-04
time: 7.574713e-04
time: 7.574713e-04
time: 7.574713e-04
time: 7.572251e-04
time: 7.574713e-04
time: 7.577175e-04
time: 7.579636e-04
time: 7.582098e-04
time: 7.585259e-04
time: 7.588420e-04
time: 7.591580e-04
time: 7.594741e-04
time: 7.598567e-04
time: 7.598567e-04
time: 7.602393e-04
time: 7.602393e-04
time: 7.606219e-04
time: 7.606219e-04
time: 7.610045e-04
time: 7.610045e-04
time: 7.613871e-04
time: 7.613871e-04
time: 7.620171e-04
time: 7.620171e-04
time: 7.626471e-04
time: 7.626471e-04
time: 7.632772e-04
time: 7.632772e-04
time: 7.639072e-04
time: 7.639072e-04
time: 7.645372e-04
time: 7.645372e-04
time: 7.651673e-04
time: 7.651673e-04
time: 7.657973e-04
time: 7.657973e-04
time: 7.664273e-04
time: 7.664273e-04
time: 7.670574e-04
time: 7.670574e-04
time: 7.676874e-04
time: 7.676874e-04
time: 7.683174e-04
time: 7.683174e-04
time: 7.689475e-04
time: 7.689475e-04
time: 7.695775e-04
time: 7.695775e-04
time: 7.702075e-04
time: 7.702075e-04
time: 7.708376e-04
time: 7.708376e-04
time: 7.714676e-04
time: 7.714676e-04
time: 7.720976e-04
time: 7.720976e-04
time: 7.727277e-04
time: 7.727277e-04
time: 7.733577e-04
time: 7.733577e-04
time: 7.739877e-04
time: 7.739877e-04
time: 7.746178e-04
time: 7.746178e-04
time: 7.752478e-04
time: 7.752478e-04
time: 7.758778e-04
time: 7.758778e-04
time: 7.765079e-04
time: 7.771379e-04
time: 7.771379e-04
time: 7.777679e-04
time: 7.777679e-04
time: 7.783980e-04
time: 7.783980e-04
time: 7.783980e-04
time: 7.790280e-04
time: 7.790280e-04
time: 7.796580e-04
time: 7.796580e-04
time: 7.802881e-04
time: 7.802881e-04
time: 7.809181e-04
time: 7.809181e-04
time: 7.815481e-04
time: 7.821782e-04
time: 7.821782e-04
time: 7.818631e-04
time: 7.818631e-04
time: 7.821782e-04
time: 7.824932e-04
time: 7.824932e-04
time: 7.828082e-04
time: 7.831232e-04
time: 7.831232e-04
time: 7.834382e-04
time: 7.834382e-04
time: 7.838624e-04
time: 7.838624e-04
time: 7.838624e-04
time: 7.836503e-04
time: 7.836503e-04
time: 7.838624e-04
time: 7.840745e-04
time: 7.842865e-04
time: 7.844986e-04
time: 7.848455e-04
time: 7.851923e-04
time: 7.851923e-04
time: 7.855392e-04
time: 7.858860e-04
time: 7.862329e-04
time: 7.865797e-04
time: 7.869266e-04
time: 7.872734e-04
time: 7.876203e-04
time: 7.879671e-04
time: 7.883140e-04
time: 7.889199e-04
time: 7.889199e-04
time: 7.895257e-04
time: 7.895257e-04
time: 7.901316e-04
time: 7.901316e-04
time: 7.907375e-04
time: 7.907375e-04
time: 7.913433e-04
time: 7.919492e-04
time: 7.919492e-04
time: 7.925551e-04
time: 7.925551e-04
time: 7.931609e-04
time: 7.937668e-04
time: 7.937668e-04
time: 7.943727e-04
time: 7.949785e-04
time: 7.949785e-04
time: 7.955844e-04
time: 7.961903e-04
time: 7.961903e-04
time: 7.967961e-04
time: 7.974020e-04
time: 7.974020e-04
time: 7.980079e-04
time: 7.980079e-04
time: 7.986138e-04
time: 7.986138e-04
time: 7.992196e-04
time: 7.998255e-04
time: 7.998255e-04
time: 8.004314e-04
time: 8.004314e-04
time: 8.010372e-04
time: 8.010372e-04
time: 8.016431e-04
time: 8.016431e-04
time: 8.022490e-04
time: 8.022490e-04
time: 8.028548e-04
time: 8.034607e-04
time: 8.034607e-04
time: 8.040666e-04
time: 8.040666e-04
time: 8.046724e-04
time: 8.046724e-04
time: 8.052783e-04
time: 8.052783e-04
time: 8.058842e-04
time: 8.058842e-04
time: 8.064900e-04
time: 8.070959e-04
time: 8.070959e-04
time: 8.070959e-04
time: 8.070959e-04
time: 8.077018e-04
time: 8.077018e-04
time: 8.083076e-04
time: 8.083076e-04
time: 8.089135e-04
time: 8.089135e-04
time: 8.089135e-04
time: 8.095194e-04
time: 8.095194e-04
time: 8.095194e-04
time: 8.095194e-04
time: 8.095194e-04
time: 8.090650e-04
time: 8.090650e-04
time: 8.090650e-04
time: 8.090650e-04
time: 8.090650e-04
time: 8.090650e-04
time: 8.090650e-04
time: 8.090650e-04
time: 8.090650e-04
time: 8.090650e-04
time: 8.090650e-04
time: 8.090650e-04
time: 8.090650e-04
time: 8.090650e-04
time: 8.090650e-04
time: 8.090650e-04
time: 8.090650e-04
time: 8.090650e-04
time: 8.090650e-04
time: 8.090650e-04
time: 8.090650e-04
time: 8.090650e-04
time: 8.090650e-04
time: 8.090650e-04
time: 8.090650e-04
time: 8.090650e-04
time: 8.090650e-04
time: 8.090650e-04
time: 8.090650e-04
time: 8.090650e-04
time: 8.090650e-04
time: 8.090650e-04
time: 8.090650e-04
time: 8.090650e-04
time: 8.090650e-04
time: 8.090650e-04
time: 8.090650e-04
time: 8.090650e-04
time: 8.090650e-04
time: 8.090650e-04
time: 8.090650e-04
time: 8.090650e-04
time: 8.090650e-04
time: 8.090650e-04
time: 8.090650e-04
time: 8.090650e-04
time: 8.090650e-04
time: 8.090650e-04
time: 8.090650e-04
time: 8.090650e-04
time: 8.090650e-04
time: 8.090650e-04
time: 8.090650e-04
time: 8.090650e-04
time: 8.090650e-04
time: 8.092164e-04
time: 8.093679e-04
time: 8.095194e-04
time: 8.096708e-04
time: 8.099738e-04
time: 8.102767e-04
time: 8.105796e-04
time: 8.108826e-04
time: 8.114884e-04
time: 8.120943e-04
time: 8.127002e-04
time: 8.133060e-04
time: 8.139119e-04
time: 8.151236e-04
time: 8.163354e-04
time: 8.175471e-04
time: 8.187589e-04
time: 8.199706e-04
time: 8.211823e-04
time: 8.223941e-04
time: 8.236058e-04
time: 8.248175e-04
time: 8.260293e-04
time: 8.272410e-04
time: 8.284527e-04
time: 8.296645e-04
time: 8.311193e-04
time: 8.325741e-04
time: 8.340289e-04
time: 8.354837e-04
time: 8.369386e-04
time: 8.383934e-04
time: 8.398482e-04
time: 8.413030e-04
time: 8.427578e-04
time: 8.442127e-04
time: 8.456675e-04
time: 8.456675e-04
time: 8.471223e-04
time: 8.471223e-04
time: 8.485771e-04
time: 8.500319e-04
time: 8.514867e-04
time: 8.514867e-04
time: 8.529416e-04
time: 8.543964e-04
time: 8.543964e-04
time: 8.558512e-04
time: 8.573060e-04
time: 8.573060e-04
time: 8.587608e-04
time: 8.602157e-04
time: 8.602157e-04
time: 8.616705e-04
time: 8.631253e-04
time: 8.631253e-04
time: 8.645801e-04
time: 8.660349e-04
time: 8.660349e-04
time: 8.674897e-04
time: 8.689446e-04
time: 8.689446e-04
time: 8.703994e-04
time: 8.718542e-04
time: 8.718542e-04
time: 8.718542e-04
time: 8.733090e-04
time: 8.733090e-04
time: 8.733090e-04
time: 8.733090e-04
time: 8.747638e-04
time: 8.762187e-04
time: 8.762187e-04
time: 8.776735e-04
time: 8.776735e-04
time: 8.794301e-04
time: 8.794301e-04
time: 8.811868e-04
time: 8.811868e-04
time: 8.811868e-04
time: 8.829434e-04
time: 8.829434e-04
time: 8.829434e-04
time: 8.829434e-04
time: 8.847000e-04
time: 8.864567e-04
time: 8.864567e-04
time: 8.864567e-04
time: 8.882133e-04
time: 8.882133e-04
time: 8.882133e-04
time: 8.882133e-04
time: 8.899700e-04
time: 8.917266e-04
time: 8.917266e-04
time: 8.917266e-04
time: 8.917266e-04
time: 8.934832e-04
time: 8.952399e-04
time: 8.952399e-04
time: 8.952399e-04
time: 8.952399e-04
time: 8.952399e-04
time: 8.939224e-04
time: 8.939224e-04
time: 8.939224e-04
time: 8.939224e-04
time: 8.939224e-04
time: 8.939224e-04
time: 8.939224e-04
time: 8.939224e-04
time: 8.939224e-04
time: 8.939224e-04
time: 8.939224e-04
time: 8.939224e-04
time: 8.939224e-04
time: 8.939224e-04
time: 8.939224e-04
time: 8.939224e-04
time: 8.939224e-04
time: 8.939224e-04
time: 8.939224e-04
time: 8.939224e-04
time: 8.939224e-04
time: 8.939224e-04
time: 8.939224e-04
time: 8.939224e-04
time: 8.939224e-04
time: 8.939224e-04
time: 8.939224e-04
time: 8.939224e-04
time: 8.939224e-04
time: 8.939224e-04
time: 8.939224e-04
time: 8.939224e-04
time: 8.939224e-04
time: 8.939224e-04
time: 8.939224e-04
time: 8.939224e-04
time: 8.939224e-04
time: 8.939224e-04
time: 8.939224e-04
time: 8.939224e-04
time: 8.939224e-04
time: 8.939224e-04
time: 8.939224e-04
time: 8.939224e-04
time: 8.939224e-04
time: 8.939224e-04
time: 8.939224e-04
time: 8.939224e-04
time: 8.939224e-04
time: 8.939224e-04
time: 8.939224e-04
time: 8.939224e-04
time: 8.939224e-04
time: 8.939224e-04
time: 8.939224e-04
time: 8.943616e-04
time: 8.948007e-04
time: 8.952399e-04
time: 8.956790e-04
time: 8.965574e-04
time: 8.974357e-04
time: 8.983140e-04
time: 8.991923e-04
time: 9.009490e-04
time: 9.027056e-04
time: 9.044623e-04
time: 9.062189e-04
time: 9.079755e-04
time: 9.114217e-04
time: 9.148679e-04
time: 9.183141e-04
time: 9.217603e-04
time: 9.252065e-04
time: 9.286527e-04
time: 9.320989e-04
time: 9.363318e-04
time: 9.405647e-04
time: 9.447977e-04
time: 9.490306e-04
time: 9.532636e-04
time: 9.574965e-04
time: 9.617294e-04
time: 9.659624e-04
time: 9.710911e-04
time: 9.762198e-04
time: 9.813486e-04
time: 9.864773e-04
time: 9.916060e-04
time: 9.967347e-04
time: 1.001863e-03
time: 1.006992e-03
time: 1.012121e-03
time: 1.017250e-03
time: 1.017250e-03
time: 1.022378e-03
time: 1.027507e-03
time: 1.027507e-03
time: 1.032636e-03
time: 1.037765e-03
time: 1.037765e-03
time: 1.042893e-03
time: 1.048022e-03
time: 1.053151e-03
time: 1.053151e-03
time: 1.053151e-03
time: 1.058279e-03
time: 1.058279e-03
time: 1.058279e-03
time: 1.063408e-03
time: 1.063408e-03
time: 1.069770e-03
time: 1.076132e-03
time: 1.076132e-03
time: 1.082493e-03
time: 1.088855e-03
time: 1.088855e-03
time: 1.095217e-03
time: 1.103176e-03
time: 1.111134e-03
time: 1.111134e-03
time: 1.119093e-03
time: 1.127051e-03
time: 1.135010e-03
time: 1.135010e-03
time: 1.142969e-03
time: 1.150927e-03
time: 1.158886e-03
time: 1.158886e-03
time: 1.158886e-03
time: 1.166844e-03
time: 1.166844e-03
time: 1.166844e-03
time: 1.174803e-03
time: 1.174803e-03
time: 1.174803e-03
time: 1.182762e-03
time: 1.182762e-03
time: 1.182762e-03
time: 1.190720e-03
time: 1.190720e-03
time: 1.190720e-03
time: 1.198679e-03
time: 1.198679e-03
time: 1.198679e-03
time: 1.206638e-03
time: 1.206638e-03
time: 1.206638e-03
time: 1.206638e-03
time: 1.214596e-03
time: 1.214596e-03
time: 1.214596e-03
time: 1.222555e-03
time: 1.230513e-03
time: 1.230513e-03
time: 1.230513e-03
time: 1.238472e-03
time: 1.238472e-03
time: 1.238472e-03
time: 1.238472e-03
time: 1.246431e-03
time: 1.246431e-03
time: 1.246431e-03
time: 1.256628e-03
time: 1.266826e-03
time: 1.266826e-03
time: 1.266826e-03
time: 1.266826e-03
time: 1.277024e-03
time: 1.277024e-03
time: 1.277024e-03
time: 1.277024e-03
time: 1.287221e-03
time: 1.287221e-03
time: 1.297419e-03
time: 1.297419e-03
time: 1.297419e-03
time: 1.307617e-03
time: 1.307617e-03
time: 1.307617e-03
time: 1.307617e-03
time: 1.317815e-03
time: 1.317815e-03
time: 1.317815e-03
time: 1.330298e-03
time: 1.342781e-03
time: 1.342781e-03
time: 1.342781e-03
time: 1.342781e-03
time: 1.355264e-03
time: 1.355264e-03
time: 1.355264e-03
time: 1.355264e-03
time: 1.367746e-03
time: 1.367746e-03
time: 1.380229e-03
time: 1.380229e-03
time: 1.380229e-03
time: 1.392712e-03
time: 1.392712e-03
time: 1.392712e-03
time: 1.405195e-03
time: 1.405195e-03
time: 1.405195e-03
time: 1.405195e-03
time: 1.417678e-03
time: 1.417678e-03
time: 1.417678e-03
time: 1.430161e-03
time: 1.442644e-03
time: 1.442644e-03
time: 1.442644e-03
time: 1.442644e-03
time: 1.455127e-03
time: 1.455127e-03
time: 1.455127e-03
time: 1.455127e-03
time: 1.467610e-03
time: 1.467610e-03
time: 1.480093e-03
time: 1.480093e-03
time: 1.480093e-03
time: 1.492576e-03
time: 1.492576e-03
time: 1.492576e-03
time: 1.505059e-03
time: 1.505059e-03
time: 1.505059e-03
time: 1.505059e-03
time: 1.517542e-03
time: 1.517542e-03
time: 1.517542e-03
time: 1.532819e-03
time: 1.532819e-03
time: 1.532819e-03
time: 1.548095e-03
time: 1.548095e-03
time: 1.548095e-03
time: 1.563371e-03
time: 1.563371e-03
time: 1.563371e-03
time: 1.563371e-03
time: 1.578648e-03
time: 1.593924e-03
time: 1.593924e-03
time: 1.593924e-03
time: 1.593924e-03
time: 1.609200e-03
time: 1.609200e-03
time: 1.609200e-03
time: 1.609200e-03
time: 1.624476e-03
time: 1.624476e-03
time: 1.639753e-03
time: 1.639753e-03
time: 1.639753e-03
time: 1.639753e-03
time: 1.655029e-03
time: 1.670305e-03
time: 1.670305e-03
time: 1.670305e-03
time: 1.670305e-03
time: 1.685582e-03
time: 1.685582e-03
time: 1.685582e-03
time: 1.685582e-03
time: 1.700858e-03
time: 1.716134e-03
time: 1.716134e-03
time: 1.716134e-03
time: 1.731411e-03
time: 1.731411e-03
time: 1.731411e-03
time: 1.731411e-03
time: 1.731411e-03
time: 1.719953e-03
time: 1.719953e-03
time: 1.719953e-03
time: 1.719953e-03
time: 1.719953e-03
time: 1.719953e-03
time: 1.719953e-03
time: 1.719953e-03
time: 1.719953e-03
time: 1.719953e-03
time: 1.719953e-03
time: 1.719953e-03
time: 1.719953e-03
time: 1.719953e-03
time: 1.719953e-03
time: 1.719953e-03
time: 1.719953e-03
time: 1.719953e-03
time: 1.719953e-03
time: 1.719953e-03
time: 1.719953e-03
time: 1.719953e-03
time: 1.719953e-03
time: 1.719953e-03
time: 1.719953e-03
time: 1.719953e-03
time: 1.719953e-03
time: 1.719953e-03
time: 1.719953e-03
time: 1.719953e-03
time: 1.719953e-03
time: 1.719953e-03
time: 1.719953e-03
time: 1.719953e-03
time: 1.719953e-03
time: 1.719953e-03
time: 1.719953e-03
time: 1.719953e-03
time: 1.719953e-03
time: 1.719953e-03
time: 1.719953e-03
time: 1.719953e-03
time: 1.719953e-03
time: 1.719953e-03
time: 1.719953e-03
time: 1.719953e-03
time: 1.719953e-03
time: 1.719953e-03
time: 1.719953e-03
time: 1.719953e-03
time: 1.719953e-03
time: 1.719953e-03
time: 1.719953e-03
time: 1.719953e-03
time: 1.719953e-03
time: 1.723772e-03
time: 1.727591e-03
time: 1.731411e-03
time: 1.735230e-03
time: 1.742868e-03
time: 1.750506e-03
time: 1.758144e-03
time: 1.765782e-03
time: 1.781059e-03
time: 1.796335e-03
time: 1.811611e-03
time: 1.826887e-03
time: 1.842164e-03
time: 1.867693e-03
time: 1.893222e-03
time: 1.918751e-03
time: 1.944280e-03
time: 1.969809e-03
time: 1.995339e-03
time: 2.020868e-03
time: 2.052018e-03
time: 2.083168e-03
time: 2.114318e-03
time: 2.145469e-03
time: 2.176619e-03
time: 2.207769e-03
time: 2.238919e-03
time: 2.270069e-03
time: 2.307493e-03
time: 2.344916e-03
time: 2.382340e-03
time: 2.419763e-03
time: 2.457186e-03
time: 2.494610e-03
time: 2.532033e-03
time: 2.569456e-03
time: 2.569456e-03
time: 2.606880e-03
time: 2.644303e-03
time: 2.644303e-03
time: 2.681727e-03
time: 2.719150e-03
time: 2.719150e-03
time: 2.756573e-03
time: 2.803363e-03
time: 2.803363e-03
time: 2.803363e-03
time: 2.850152e-03
time: 2.850152e-03
time: 2.850152e-03
time: 2.896942e-03
time: 2.896942e-03
time: 2.896942e-03
time: 2.943731e-03
time: 2.943731e-03
time: 2.943731e-03
time: 2.990521e-03
time: 2.990521e-03
time: 2.990521e-03
time: 3.037310e-03
time: 3.037310e-03
time: 3.037310e-03
time: 3.084100e-03
time: 3.084100e-03
time: 3.084100e-03
time: 3.084100e-03
time: 3.130889e-03
time: 3.177679e-03
time: 3.177679e-03
time: 3.177679e-03
time: 3.177679e-03
time: 3.177679e-03
time: 3.142587e-03
time: 3.142587e-03
time: 3.142587e-03
time: 3.142587e-03
time: 3.142587e-03
time: 3.142587e-03
time: 3.142587e-03
time: 3.142587e-03
time: 3.142587e-03
time: 3.142587e-03
time: 3.142587e-03
time: 3.142587e-03
time: 3.142587e-03
time: 3.142587e-03
time: 3.142587e-03
time: 3.142587e-03
time: 3.142587e-03
time: 3.142587e-03
time: 3.142587e-03
time: 3.142587e-03
time: 3.142587e-03
time: 3.142587e-03
time: 3.142587e-03
time: 3.142587e-03
time: 3.142587e-03
time: 3.142587e-03
time: 3.142587e-03
time: 3.142587e-03
time: 3.142587e-03
time: 3.142587e-03
time: 3.142587e-03
time: 3.142587e-03
time: 3.142587e-03
time: 3.142587e-03
time: 3.142587e-03
time: 3.142587e-03
time: 3.142587e-03
time: 3.142587e-03
time: 3.142587e-03
time: 3.142587e-03
time: 3.142587e-03
time: 3.142587e-03
time: 3.142587e-03
time: 3.142587e-03
time: 3.142587e-03
time: 3.142587e-03
time: 3.142587e-03
time: 3.142587e-03
time: 3.142587e-03
time: 3.142587e-03
time: 3.142587e-03
time: 3.142587e-03
time: 3.142587e-03
time: 3.142587e-03
time: 3.142587e-03
time: 3.142587e-03
time: 3.135611e-03
time: 3.135611e-03
time: 3.140333e-03
time: 3.140333e-03
time: 3.145055e-03
time: 3.145055e-03
time: 3.149777e-03
time: 3.149777e-03
time: 3.159221e-03
time: 3.168665e-03
time: 3.178109e-03
time: 3.187553e-03
time: 3.206441e-03
time: 3.225328e-03
time: 3.244216e-03
time: 3.263104e-03
time: 3.281992e-03
time: 3.319767e-03
time: 3.357543e-03
time: 3.395318e-03
time: 3.433094e-03
time: 3.470869e-03
time: 3.540733e-03
time: 3.610596e-03
time: 3.680460e-03
time: 3.750323e-03
time: 3.820187e-03
time: 3.890050e-03
time: 3.959914e-03
time: 4.029777e-03
time: 4.114518e-03
time: 4.199259e-03
time: 4.284000e-03
time: 4.284000e-03
time: 4.368742e-03
time: 4.368742e-03
time: 4.453483e-03
time: 4.538224e-03
time: 4.538224e-03
time: 4.538224e-03
time: 4.538224e-03
time: 4.538224e-03
time: 4.474668e-03
time: 4.474668e-03
time: 4.474668e-03
time: 4.474668e-03
time: 4.474668e-03
time: 4.474668e-03
time: 4.474668e-03
time: 4.474668e-03
time: 4.474668e-03
time: 4.474668e-03
time: 4.474668e-03
time: 4.474668e-03
time: 4.474668e-03
time: 4.474668e-03
time: 4.474668e-03
time: 4.474668e-03
time: 4.474668e-03
time: 4.474668e-03
time: 4.474668e-03
time: 4.474668e-03
time: 4.474668e-03
time: 4.474668e-03
time: 4.474668e-03
time: 4.474668e-03
time: 4.474668e-03
time: 4.474668e-03
time: 4.474668e-03
time: 4.474668e-03
time: 4.474668e-03
time: 4.474668e-03
time: 4.474668e-03
time: 4.474668e-03
time: 4.474668e-03
time: 4.474668e-03
time: 4.474668e-03
time: 4.474668e-03
time: 4.474668e-03
time: 4.474668e-03
time: 4.474668e-03
time: 4.474668e-03
time: 4.474668e-03
time: 4.474668e-03
time: 4.474668e-03
time: 4.474668e-03
time: 4.474668e-03
time: 4.474668e-03
time: 4.474668e-03
time: 4.474668e-03
time: 4.474668e-03
time: 4.474668e-03
time: 4.474668e-03
time: 4.474668e-03
time: 4.474668e-03
time: 4.474668e-03
time: 4.474668e-03
time: 4.495853e-03
time: 4.517038e-03
time: 4.538224e-03
time: 4.559409e-03
time: 4.601779e-03
time: 4.644150e-03
time: 4.686520e-03
time: 4.728891e-03
time: 4.771261e-03
time: 4.856002e-03
time: 4.940743e-03
time: 5.025484e-03
time: 5.110225e-03
time: 5.194966e-03
time: 5.309657e-03
time: 5.424348e-03
time: 5.424348e-03
time: 5.539038e-03
time: 5.539038e-03
time: 5.653729e-03
time: 5.653729e-03
time: 5.768420e-03
time: 5.768420e-03
time: 5.768420e-03
time: 5.883110e-03
time: 5.883110e-03
time: 5.997801e-03
time: 5.997801e-03
time: 6.112492e-03
time: 6.112492e-03
time: 6.112492e-03
time: 6.112492e-03
time: 6.112492e-03
time: 6.026474e-03
time: 6.026474e-03
time: 6.026474e-03
time: 6.026474e-03
time: 6.026474e-03
time: 6.026474e-03
time: 6.026474e-03
time: 6.026474e-03
time: 6.026474e-03
time: 6.026474e-03
time: 6.026474e-03
time: 6.026474e-03
time: 6.026474e-03
time: 6.026474e-03
time: 6.026474e-03
time: 6.026474e-03
time: 6.026474e-03
time: 6.026474e-03
time: 6.026474e-03
time: 6.026474e-03
time: 6.026474e-03
time: 6.026474e-03
time: 6.026474e-03
time: 6.026474e-03
time: 6.026474e-03
time: 6.026474e-03
time: 6.026474e-03
time: 6.026474e-03
time: 6.026474e-03
time: 6.026474e-03
time: 6.026474e-03
time: 6.026474e-03
time: 6.026474e-03
time: 6.026474e-03
time: 6.026474e-03
time: 6.026474e-03
time: 6.026474e-03
time: 6.026474e-03
time: 6.026474e-03
time: 6.026474e-03
time: 6.026474e-03
time: 6.026474e-03
time: 6.026474e-03
time: 6.026474e-03
time: 6.026474e-03
time: 6.026474e-03
time: 6.026474e-03
time: 6.026474e-03
time: 6.026474e-03
time: 6.026474e-03
time: 6.026474e-03
time: 6.026474e-03
time: 6.026474e-03
time: 6.026474e-03
time: 6.026474e-03
time: 6.055146e-03
time: 6.083819e-03
time: 6.112492e-03
time: 6.141164e-03
time: 6.198510e-03
time: 6.255855e-03
time: 6.313200e-03
time: 6.370546e-03
time: 6.485236e-03
time: 6.485236e-03
time: 6.599927e-03
time: 6.714618e-03
time: 6.829308e-03
time: 6.943999e-03
time: 7.106106e-03
time: 7.268214e-03
time: 7.430321e-03
time: 7.592428e-03
time: 7.754536e-03
time: 7.916643e-03
time: 8.078750e-03
time: 8.078750e-03
time: 8.240858e-03
time: 8.240858e-03
time: 8.240858e-03
time: 8.240858e-03
time: 8.240858e-03
time: 8.119277e-03
time: 8.119277e-03
time: 8.119277e-03
time: 8.119277e-03
time: 8.119277e-03
time: 8.119277e-03
time: 8.119277e-03
time: 8.119277e-03
time: 8.119277e-03
time: 8.119277e-03
time: 8.119277e-03
time: 8.119277e-03
time: 8.119277e-03
time: 8.119277e-03
time: 8.119277e-03
time: 8.119277e-03
time: 8.119277e-03
time: 8.119277e-03
time: 8.119277e-03
time: 8.119277e-03
time: 8.119277e-03
time: 8.119277e-03
time: 8.119277e-03
time: 8.119277e-03
time: 8.119277e-03
time: 8.119277e-03
time: 8.119277e-03
time: 8.119277e-03
time: 8.119277e-03
time: 8.119277e-03
time: 8.119277e-03
time: 8.119277e-03
time: 8.119277e-03
time: 8.119277e-03
time: 8.119277e-03
time: 8.119277e-03
time: 8.119277e-03
time: 8.119277e-03
time: 8.119277e-03
time: 8.119277e-03
time: 8.119277e-03
time: 8.119277e-03
time: 8.119277e-03
time: 8.119277e-03
time: 8.119277e-03
time: 8.119277e-03
time: 8.119277e-03
time: 8.119277e-03
time: 8.119277e-03
time: 8.119277e-03
time: 8.119277e-03
time: 8.119277e-03
time: 8.119277e-03
time: 8.119277e-03
time: 8.119277e-03
time: 8.159804e-03
time: 8.200331e-03
time: 8.240858e-03
time: 8.281385e-03
time: 8.362438e-03
time: 8.443492e-03
time: 8.524546e-03
time: 8.605599e-03
time: 8.767707e-03
time: 8.767707e-03
time: 8.929814e-03
time: 9.091921e-03
time: 9.254029e-03
time: 9.416136e-03
time: 9.647911e-03
time: 9.879687e-03
time: 1.011146e-02
time: 1.034324e-02
time: 1.057501e-02
time: 1.080679e-02
time: 1.108519e-02
time: 1.136360e-02
time: 1.136360e-02
time: 1.164200e-02
time: 1.192040e-02
time: 1.219881e-02
time: 1.219881e-02
time: 1.247721e-02
time: 1.247721e-02
time: 1.247721e-02
time: 1.275562e-02
time: 1.275562e-02
time: 1.303402e-02
time: 1.303402e-02
time: 1.331242e-02
time: 1.331242e-02
time: 1.359083e-02
time: 1.386923e-02
time: 1.386923e-02
time: 1.414764e-02
time: 1.414764e-02
time: 1.442604e-02
time: 1.470445e-02
time: 1.470445e-02
time: 1.498285e-02
time: 1.534344e-02
time: 1.570403e-02
time: 1.570403e-02
time: 1.606461e-02
time: 1.606461e-02
time: 1.606461e-02
time: 1.606461e-02
time: 1.606461e-02
time: 1.579417e-02
time: 1.579417e-02
time: 1.579417e-02
time: 1.579417e-02
time: 1.579417e-02
time: 1.579417e-02
time: 1.579417e-02
time: 1.579417e-02
time: 1.579417e-02
time: 1.579417e-02
time: 1.579417e-02
time: 1.579417e-02
time: 1.579417e-02
time: 1.579417e-02
time: 1.579417e-02
time: 1.579417e-02
time: 1.579417e-02
time: 1.579417e-02
time: 1.579417e-02
time: 1.579417e-02
time: 1.579417e-02
time: 1.579417e-02
time: 1.579417e-02
time: 1.579417e-02
time: 1.579417e-02
time: 1.579417e-02
time: 1.579417e-02
time: 1.579417e-02
time: 1.579417e-02
time: 1.579417e-02
time: 1.579417e-02
time: 1.579417e-02
time: 1.579417e-02
time: 1.579417e-02
time: 1.579417e-02
time: 1.579417e-02
time: 1.579417e-02
time: 1.579417e-02
time: 1.579417e-02
time: 1.579417e-02
time: 1.579417e-02
time: 1.579417e-02
time: 1.579417e-02
time: 1.579417e-02
time: 1.579417e-02
time: 1.579417e-02
time: 1.579417e-02
time: 1.579417e-02
time: 1.579417e-02
time: 1.579417e-02
time: 1.579417e-02
time: 1.579417e-02
time: 1.579417e-02
time: 1.579417e-02
time: 1.579417e-02
time: 1.588432e-02
time: 1.597447e-02
time: 1.606461e-02
time: 1.615476e-02
time: 1.633505e-02
time: 1.651535e-02
time: 1.669564e-02
time: 1.687594e-02
time: 1.705623e-02
time: 1.741682e-02
time: 1.777741e-02
time: 1.813800e-02
time: 1.849858e-02
time: 1.885917e-02
time: 1.937231e-02
time: 1.988544e-02
time: 2.039858e-02
time: 2.091172e-02
time: 2.142485e-02
time: 2.193799e-02
time: 2.245113e-02
time: 2.306777e-02
time: 2.368442e-02
time: 2.430107e-02
time: 2.491771e-02
time: 2.553436e-02
time: 2.615101e-02
time: 2.676765e-02
time: 2.738430e-02
time: 2.800095e-02
time: 2.861759e-02
time: 2.923424e-02
time: 2.985089e-02
time: 3.046753e-02
time: 3.046753e-02
time: 3.108418e-02
time: 3.108418e-02
time: 3.108418e-02
time: 3.170083e-02
time: 3.170083e-02
time: 3.231747e-02
time: 3.231747e-02
time: 3.293412e-02
time: 3.355077e-02
time: 3.355077e-02
time: 3.416741e-02
time: 3.478406e-02
time: 3.540071e-02
time: 3.601735e-02
time: 3.663400e-02
time: 3.725065e-02
time: 3.786729e-02
time: 3.848394e-02
time: 3.910059e-02
time: 3.971723e-02
time: 3.971723e-02
time: 4.033388e-02
time: 4.033388e-02
time: 4.033388e-02
time: 4.033388e-02
time: 4.033388e-02
time: 3.971723e-02
time: 3.987140e-02
time: 3.987140e-02
time: 3.987140e-02
time: 3.987140e-02
time: 3.987140e-02
time: 3.987140e-02
time: 3.987140e-02
time: 3.987140e-02
time: 3.987140e-02
time: 3.987140e-02
time: 3.987140e-02
time: 3.987140e-02
time: 3.987140e-02
time: 3.987140e-02
time: 3.987140e-02
time: 3.987140e-02
time: 3.987140e-02
time: 3.987140e-02
time: 3.987140e-02
time: 3.987140e-02
time: 3.987140e-02
time: 3.987140e-02
time: 3.987140e-02
time: 3.987140e-02
time: 3.987140e-02
time: 3.987140e-02
time: 3.987140e-02
time: 3.987140e-02
time: 3.987140e-02
time: 3.987140e-02
time: 3.987140e-02
time: 3.987140e-02
time: 3.987140e-02
time: 3.987140e-02
time: 3.987140e-02
time: 3.987140e-02
time: 3.987140e-02
time: 3.987140e-02
time: 3.987140e-02
time: 3.987140e-02
time: 3.987140e-02
time: 3.987140e-02
time: 3.987140e-02
time: 3.987140e-02
time: 3.987140e-02
time: 3.987140e-02
time: 3.987140e-02
time: 3.987140e-02
time: 3.987140e-02
time: 3.987140e-02
time: 3.987140e-02
time: 3.987140e-02
time: 3.987140e-02
time: 3.987140e-02
time: 3.987140e-02
time: 3.987140e-02
time: 3.975579e-02
time: 3.975579e-02
time: 3.973651e-02
time: 3.973651e-02
time: 3.972687e-02
time: 3.972687e-02
time: 3.973651e-02
time: 3.974615e-02
time: 3.975579e-02
time: 3.977506e-02
time: 3.979434e-02
time: 3.981361e-02
time: 3.985216e-02
time: 3.989071e-02
time: 3.992926e-02
time: 4.000636e-02
time: 4.008347e-02
time: 4.016057e-02
time: 4.023767e-02
time: 4.039187e-02
time: 4.054607e-02
time: 4.070028e-02
time: 4.085448e-02
time: 4.116288e-02
time: 4.147129e-02
time: 4.177969e-02
time: 4.208810e-02
time: 4.270491e-02
time: 4.332172e-02
time: 4.393853e-02
time: 4.455534e-02
time: 4.517215e-02
time: 4.636182e-02
time: 4.755148e-02
time: 4.874114e-02
time: 4.993081e-02
time: 5.112047e-02
time: 5.231014e-02
time: 5.374200e-02
time: 5.517386e-02
time: 5.517386e-02
time: 5.660573e-02
time: 5.803759e-02
time: 5.946945e-02
time: 6.090132e-02
time: 6.233318e-02
time: 6.376504e-02
time: 6.519691e-02
time: 6.694134e-02
time: 6.868577e-02
time: 7.043020e-02
time: 7.217464e-02
time: 7.391907e-02
time: 7.566350e-02
time: 7.740793e-02
time: 7.915237e-02
time: 8.130482e-02
time: 8.345726e-02
time: 8.560971e-02
time: 8.776216e-02
time: 8.991461e-02
time: 9.206706e-02
time: 9.421951e-02
time: 9.690281e-02
time: 9.690281e-02
time: 9.958611e-02
time: 1.022694e-01
time: 1.049527e-01
time: 1.076360e-01
time: 1.103193e-01
time: 1.130026e-01
time: 1.130026e-01
time: 1.156859e-01
time: 1.183692e-01
time: 1.183692e-01
time: 1.210525e-01
time: 1.237358e-01
time: 1.237358e-01
time: 1.264191e-01
time: 1.264191e-01
time: 1.291024e-01
time: 1.291024e-01
time: 1.317857e-01
time: 1.317857e-01
time: 1.344690e-01
time: 1.344690e-01
time: 1.371523e-01
time: 1.371523e-01
time: 1.398356e-01
time: 1.398356e-01
time: 1.425189e-01
time: 1.425189e-01
time: 1.452022e-01
time: 1.452022e-01
time: 1.478855e-01
time: 1.478855e-01
time: 1.505688e-01
time: 1.505688e-01
time: 1.532521e-01
time: 1.532521e-01
time: 1.559354e-01
time: 1.559354e-01
time: 1.586187e-01
time: 1.586187e-01
time: 1.613020e-01
time: 1.613020e-01
time: 1.639853e-01
time: 1.639853e-01
time: 1.666686e-01
time: 1.666686e-01
time: 1.693519e-01
time: 1.693519e-01
time: 1.720352e-01
time: 1.720352e-01
time: 1.747185e-01
time: 1.747185e-01
time: 1.774018e-01
time: 1.774018e-01
time: 1.800851e-01
time: 1.800851e-01
time: 1.827684e-01
time: 1.827684e-01
time: 1.827684e-01
time: 1.854517e-01
time: 1.854517e-01
time: 1.854517e-01
time: 1.841101e-01
time: 1.854517e-01
time: 1.854517e-01
time: 1.867934e-01
time: 1.881350e-01
time: 1.894767e-01
time: 1.908183e-01
time: 1.929897e-01
time: 1.929897e-01
time: 1.951611e-01
time: 1.973325e-01
time: 1.995039e-01
time: 2.029380e-01
time: 2.063722e-01
time: 2.098063e-01
time: 2.153674e-01
time: 2.209285e-01
time: 2.264896e-01
time: 2.361010e-01
time: 2.457124e-01
time: 2.553238e-01
time: 2.745466e-01
time: 2.937694e-01
time: 3.129921e-01
time: 3.514377e-01
time: 3.898833e-01
time: 4.283288e-01
time: 5.052200e-01
time: 5.821111e-01
time: 6.590022e-01
time: 7.840168e-01
time: 7.840168e-01
time: 7.840168e-01
time: 7.840168e-01
time: 6.902559e-01
time: 6.902559e-01
time: 6.902559e-01
time: 6.902559e-01
time: 6.902559e-01
time: 6.902559e-01
time: 6.902559e-01
time: 6.902559e-01
time: 6.902559e-01
time: 6.902559e-01
time: 6.902559e-01
time: 6.902559e-01
time: 6.902559e-01
time: 6.902559e-01
time: 6.902559e-01
time: 6.902559e-01
time: 6.902559e-01
time: 6.902559e-01
time: 6.902559e-01
time: 6.902559e-01
time: 6.902559e-01
time: 6.902559e-01
time: 6.902559e-01
time: 6.902559e-01
time: 6.902559e-01
time: 6.902559e-01
time: 6.902559e-01
time: 6.902559e-01
time: 6.902559e-01
time: 6.902559e-01
time: 6.902559e-01
time: 6.902559e-01
time: 6.902559e-01
time: 6.902559e-01
time: 6.902559e-01
time: 6.902559e-01
time: 6.902559e-01
time: 6.902559e-01
time: 6.902559e-01
time: 6.902559e-01
time: 6.902559e-01
time: 6.902559e-01
time: 6.902559e-01
time: 6.902559e-01
time: 6.902559e-01
time: 6.902559e-01
time: 6.902559e-01
time: 6.902559e-01
time: 6.902559e-01
time: 6.902559e-01
time: 6.902559e-01
time: 6.902559e-01
time: 6.902559e-01
time: 6.902559e-01
time: 6.902559e-01
time: 7.215095e-01
time: 7.527632e-01
time: 7.840168e-01
time: 8.465241e-01
time: 9.090314e-01
time: 9.715387e-01
time: 1.000000e+00
Number of steps: 822, current time 1.000000

==== Status of problem ====

Parser configured
Database configured
Mixture configured
Solution configured
Solver configured
Problem solved

==== END of Status ====

ULF run took 60.65 s

==== ULF END ====
