# RUNNING VERSION '1.07-1'
+==========================================================================================================+
|                                                                                                          |
|                                                                                              #           |
|                                                                                             ##           |
|                                                                                            ###           |
|                                                                                          ####            |
|                                                          TU Freiberg                    ######           |
|                                                          Chair of Numerical            #### ##           |
|                                                          Thermo-Fluid-Dynamics         ########          |
|        Universal Laminar Flame Solver                                                  #### #####        |
|                                                                                          ##########      |
|                                                                                                #####     |
|                            ###    ##########             ####  ################################# ###     |
|                           ####  ####                    #####     ####   ####          ######### ###     |
|                          ####  ####                    ######     ###   ###                  ### ###     |
|         ####      ####  ################              ###  ###   ###   #########   ###       ### ##      |
|        ####      ####  ################              ###   ###  ###   ########    ###       ### ###      |
|       ####       ###  #### ####                     ###    ### ###   ###         ##       ### ###        |
|       #####   #####  #### ####                     ###      #####   ###         ###    ##### ###         |
|        ##########   ####  ###                     ###       #############      ########## #####          |
|                                                        #######################################           |
|                                                      ###               #####################             |
|                                                                             ############                 |
|                                                                                                          |
+==========================================================================================================+
                                                                                                            
ULF run at Tue Sep 15 21:45:42 2015



==== Status of problem ====

Parser configured
Database configured
Mixture configured
Solution configured
Solver configured
Problem NOT solved

==== END of Status ====
time: 0.000000e+00
time: 9.103273e-09
time: 9.103273e-09
time: 9.103273e-09
time: 9.103273e-09
time: 9.103273e-09
time: 9.103273e-09
time: 9.103273e-09
time: 9.103273e-09
time: 9.103273e-09
time: 9.103273e-09
time: 9.103273e-09
time: 9.103273e-09
time: 9.103273e-09
time: 9.103273e-09
time: 9.103273e-09
time: 9.103273e-09
time: 9.103273e-09
time: 9.103273e-09
time: 9.103273e-09
time: 9.103273e-09
time: 9.103273e-09
time: 9.103273e-09
time: 9.103273e-09
time: 9.103273e-09
time: 9.103273e-09
time: 9.103273e-09
time: 9.103273e-09
time: 9.103273e-09
time: 9.103273e-09
time: 9.103273e-09
time: 9.103273e-09
time: 9.103273e-09
time: 9.103273e-09
time: 9.103273e-09
time: 9.103273e-09
time: 9.103273e-09
time: 9.103273e-09
time: 9.103273e-09
time: 9.103273e-09
time: 9.103273e-09
time: 9.103273e-09
time: 9.103273e-09
time: 9.103273e-09
time: 9.103273e-09
time: 9.103273e-09
time: 9.103273e-09
time: 9.103273e-09
time: 9.103273e-09
time: 9.103273e-09
time: 9.103273e-09
time: 9.103273e-09
time: 9.103273e-09
time: 9.103273e-09
time: 9.103273e-09
time: 9.103273e-09
time: 1.820655e-08
time: 2.730982e-08
time: 8.669168e-08
time: 1.460735e-07
time: 2.054554e-07
time: 3.154870e-07
time: 4.255187e-07
time: 5.355503e-07
time: 7.183877e-07
time: 9.012251e-07
time: 1.084063e-06
time: 1.363496e-06
time: 1.642930e-06
time: 1.922363e-06
time: 2.329837e-06
time: 2.737311e-06
time: 3.144786e-06
time: 3.726288e-06
time: 4.307790e-06
time: 4.889292e-06
time: 5.718605e-06
time: 6.547918e-06
time: 7.377231e-06
time: 8.628592e-06
time: 9.879954e-06
time: 1.113132e-05
time: 1.329133e-05
time: 1.545134e-05
time: 1.761135e-05
time: 2.191631e-05
time: 2.622128e-05
time: 3.052624e-05
time: 3.913617e-05
time: 4.774609e-05
time: 5.635602e-05
time: 6.496595e-05
time: 7.806855e-05
time: 9.117115e-05
time: 9.117115e-05
time: 1.042738e-04
time: 1.042738e-04
time: 1.173764e-04
time: 1.402086e-04
time: 1.402086e-04
time: 1.630408e-04
time: 1.630408e-04
time: 1.858731e-04
time: 1.858731e-04
time: 2.087053e-04
time: 2.087053e-04
time: 2.315375e-04
time: 2.543698e-04
time: 2.772020e-04
time: 2.772020e-04
time: 3.058517e-04
time: 3.058517e-04
time: 3.058517e-04
time: 3.058517e-04
time: 3.058517e-04
time: 2.843644e-04
time: 2.843644e-04
time: 2.843644e-04
time: 2.843644e-04
time: 2.843644e-04
time: 2.843644e-04
time: 2.843644e-04
time: 2.843644e-04
time: 2.843644e-04
time: 2.843644e-04
time: 2.843644e-04
time: 2.843644e-04
time: 2.843644e-04
time: 2.843644e-04
time: 2.843644e-04
time: 2.843644e-04
time: 2.843644e-04
time: 2.843644e-04
time: 2.843644e-04
time: 2.843644e-04
time: 2.843644e-04
time: 2.843644e-04
time: 2.843644e-04
time: 2.843644e-04
time: 2.843644e-04
time: 2.843644e-04
time: 2.843644e-04
time: 2.843644e-04
time: 2.843644e-04
time: 2.843644e-04
time: 2.843644e-04
time: 2.843644e-04
time: 2.843644e-04
time: 2.843644e-04
time: 2.843644e-04
time: 2.843644e-04
time: 2.843644e-04
time: 2.843644e-04
time: 2.843644e-04
time: 2.843644e-04
time: 2.843644e-04
time: 2.843644e-04
time: 2.843644e-04
time: 2.843644e-04
time: 2.843644e-04
time: 2.843644e-04
time: 2.843644e-04
time: 2.843644e-04
time: 2.843644e-04
time: 2.843644e-04
time: 2.843644e-04
time: 2.843644e-04
time: 2.843644e-04
time: 2.843644e-04
time: 2.843644e-04
time: 2.915268e-04
time: 2.986893e-04
time: 3.058517e-04
time: 3.130141e-04
time: 3.273389e-04
time: 3.416637e-04
time: 3.559885e-04
time: 3.703134e-04
time: 3.846382e-04
time: 4.105119e-04
time: 4.363857e-04
time: 4.622594e-04
time: 4.622594e-04
time: 4.881332e-04
time: 4.881332e-04
time: 5.140069e-04
time: 5.140069e-04
time: 5.398807e-04
time: 5.398807e-04
time: 5.657544e-04
time: 5.657544e-04
time: 6.056400e-04
time: 6.056400e-04
time: 6.455257e-04
time: 6.854113e-04
time: 6.854113e-04
time: 7.252969e-04
time: 7.252969e-04
time: 7.651826e-04
time: 7.651826e-04
time: 8.050682e-04
time: 8.050682e-04
time: 8.449538e-04
time: 8.449538e-04
time: 8.449538e-04
time: 8.449538e-04
time: 8.449538e-04
time: 8.150396e-04
time: 8.150396e-04
time: 8.150396e-04
time: 8.150396e-04
time: 8.150396e-04
time: 8.150396e-04
time: 8.150396e-04
time: 8.150396e-04
time: 8.150396e-04
time: 8.150396e-04
time: 8.150396e-04
time: 8.150396e-04
time: 8.150396e-04
time: 8.150396e-04
time: 8.150396e-04
time: 8.150396e-04
time: 8.150396e-04
time: 8.150396e-04
time: 8.150396e-04
time: 8.150396e-04
time: 8.150396e-04
time: 8.150396e-04
time: 8.150396e-04
time: 8.150396e-04
time: 8.150396e-04
time: 8.150396e-04
time: 8.150396e-04
time: 8.150396e-04
time: 8.150396e-04
time: 8.150396e-04
time: 8.150396e-04
time: 8.150396e-04
time: 8.150396e-04
time: 8.150396e-04
time: 8.150396e-04
time: 8.150396e-04
time: 8.150396e-04
time: 8.150396e-04
time: 8.150396e-04
time: 8.150396e-04
time: 8.150396e-04
time: 8.150396e-04
time: 8.150396e-04
time: 8.150396e-04
time: 8.150396e-04
time: 8.150396e-04
time: 8.150396e-04
time: 8.150396e-04
time: 8.150396e-04
time: 8.150396e-04
time: 8.150396e-04
time: 8.150396e-04
time: 8.150396e-04
time: 8.150396e-04
time: 8.150396e-04
time: 8.250110e-04
time: 8.349824e-04
time: 8.449538e-04
time: 8.549252e-04
time: 8.648966e-04
time: 8.848395e-04
time: 9.047823e-04
time: 9.247251e-04
time: 9.446679e-04
time: 9.646107e-04
time: 9.979968e-04
time: 1.031383e-03
time: 1.064769e-03
time: 1.098155e-03
time: 1.131541e-03
time: 1.180165e-03
time: 1.180165e-03
time: 1.228788e-03
time: 1.228788e-03
time: 1.277412e-03
time: 1.277412e-03
time: 1.326035e-03
time: 1.326035e-03
time: 1.374659e-03
time: 1.423283e-03
time: 1.482701e-03
time: 1.482701e-03
time: 1.542119e-03
time: 1.542119e-03
time: 1.601537e-03
time: 1.601537e-03
time: 1.660955e-03
time: 1.720373e-03
time: 1.720373e-03
time: 1.779791e-03
time: 1.855242e-03
time: 1.855242e-03
time: 1.855242e-03
time: 1.930693e-03
time: 1.930693e-03
time: 1.930693e-03
time: 2.006145e-03
time: 2.006145e-03
time: 2.006145e-03
time: 2.006145e-03
time: 2.006145e-03
time: 1.949556e-03
time: 1.949556e-03
time: 1.949556e-03
time: 1.949556e-03
time: 1.949556e-03
time: 1.949556e-03
time: 1.949556e-03
time: 1.949556e-03
time: 1.949556e-03
time: 1.949556e-03
time: 1.949556e-03
time: 1.949556e-03
time: 1.949556e-03
time: 1.949556e-03
time: 1.949556e-03
time: 1.949556e-03
time: 1.949556e-03
time: 1.949556e-03
time: 1.949556e-03
time: 1.949556e-03
time: 1.949556e-03
time: 1.949556e-03
time: 1.949556e-03
time: 1.949556e-03
time: 1.949556e-03
time: 1.949556e-03
time: 1.949556e-03
time: 1.949556e-03
time: 1.949556e-03
time: 1.949556e-03
time: 1.949556e-03
time: 1.949556e-03
time: 1.949556e-03
time: 1.949556e-03
time: 1.949556e-03
time: 1.949556e-03
time: 1.949556e-03
time: 1.949556e-03
time: 1.949556e-03
time: 1.949556e-03
time: 1.949556e-03
time: 1.949556e-03
time: 1.949556e-03
time: 1.949556e-03
time: 1.949556e-03
time: 1.949556e-03
time: 1.949556e-03
time: 1.949556e-03
time: 1.949556e-03
time: 1.949556e-03
time: 1.949556e-03
time: 1.949556e-03
time: 1.949556e-03
time: 1.949556e-03
time: 1.949556e-03
time: 1.968419e-03
time: 1.987282e-03
time: 2.006145e-03
time: 2.025008e-03
time: 2.062733e-03
time: 2.100459e-03
time: 2.100459e-03
time: 2.138185e-03
time: 2.138185e-03
time: 2.175910e-03
time: 2.175910e-03
time: 2.251362e-03
time: 2.251362e-03
time: 2.326813e-03
time: 2.326813e-03
time: 2.402264e-03
time: 2.402264e-03
time: 2.477716e-03
time: 2.477716e-03
time: 2.553167e-03
time: 2.553167e-03
time: 2.628618e-03
time: 2.704070e-03
time: 2.779521e-03
time: 2.854972e-03
time: 2.930424e-03
time: 2.930424e-03
time: 3.005875e-03
time: 3.081326e-03
time: 3.081326e-03
time: 3.156778e-03
time: 3.156778e-03
time: 3.232229e-03
time: 3.232229e-03
time: 3.232229e-03
time: 3.307680e-03
time: 3.307680e-03
time: 3.307680e-03
time: 3.307680e-03
time: 3.383132e-03
time: 3.383132e-03
time: 3.458583e-03
time: 3.458583e-03
time: 3.458583e-03
time: 3.458583e-03
time: 3.534035e-03
time: 3.609486e-03
time: 3.609486e-03
time: 3.684937e-03
time: 3.684937e-03
time: 3.783504e-03
time: 3.783504e-03
time: 3.783504e-03
time: 3.783504e-03
time: 3.783504e-03
time: 3.709579e-03
time: 3.709579e-03
time: 3.709579e-03
time: 3.709579e-03
time: 3.709579e-03
time: 3.709579e-03
time: 3.709579e-03
time: 3.709579e-03
time: 3.709579e-03
time: 3.709579e-03
time: 3.709579e-03
time: 3.709579e-03
time: 3.709579e-03
time: 3.709579e-03
time: 3.709579e-03
time: 3.709579e-03
time: 3.709579e-03
time: 3.709579e-03
time: 3.709579e-03
time: 3.709579e-03
time: 3.709579e-03
time: 3.709579e-03
time: 3.709579e-03
time: 3.709579e-03
time: 3.709579e-03
time: 3.709579e-03
time: 3.709579e-03
time: 3.709579e-03
time: 3.709579e-03
time: 3.709579e-03
time: 3.709579e-03
time: 3.709579e-03
time: 3.709579e-03
time: 3.709579e-03
time: 3.709579e-03
time: 3.709579e-03
time: 3.709579e-03
time: 3.709579e-03
time: 3.709579e-03
time: 3.709579e-03
time: 3.709579e-03
time: 3.709579e-03
time: 3.709579e-03
time: 3.709579e-03
time: 3.709579e-03
time: 3.709579e-03
time: 3.709579e-03
time: 3.709579e-03
time: 3.709579e-03
time: 3.709579e-03
time: 3.709579e-03
time: 3.709579e-03
time: 3.709579e-03
time: 3.709579e-03
time: 3.709579e-03
time: 3.734221e-03
time: 3.758862e-03
time: 3.783504e-03
time: 3.808146e-03
time: 3.856616e-03
time: 3.905087e-03
time: 3.953557e-03
time: 4.002028e-03
time: 4.098969e-03
time: 4.098969e-03
time: 4.195910e-03
time: 4.195910e-03
time: 4.292851e-03
time: 4.292851e-03
time: 4.389792e-03
time: 4.389792e-03
time: 4.486733e-03
time: 4.583675e-03
time: 4.713016e-03
time: 4.713016e-03
time: 4.842358e-03
time: 4.842358e-03
time: 4.971700e-03
time: 4.971700e-03
time: 5.101041e-03
time: 5.230383e-03
time: 5.391474e-03
time: 5.391474e-03
time: 5.552565e-03
time: 5.713656e-03
time: 5.874747e-03
time: 5.874747e-03
time: 5.874747e-03
time: 6.035838e-03
time: 6.035838e-03
time: 6.196929e-03
time: 6.196929e-03
time: 6.358020e-03
time: 6.358020e-03
time: 6.519111e-03
time: 6.519111e-03
time: 6.519111e-03
time: 6.519111e-03
time: 6.680202e-03
time: 6.680202e-03
time: 6.680202e-03
time: 6.680202e-03
time: 6.841292e-03
time: 6.841292e-03
time: 6.841292e-03
time: 6.841292e-03
time: 6.841292e-03
time: 6.720474e-03
time: 6.720474e-03
time: 6.720474e-03
time: 6.720474e-03
time: 6.720474e-03
time: 6.720474e-03
time: 6.720474e-03
time: 6.720474e-03
time: 6.720474e-03
time: 6.720474e-03
time: 6.720474e-03
time: 6.720474e-03
time: 6.720474e-03
time: 6.720474e-03
time: 6.720474e-03
time: 6.720474e-03
time: 6.720474e-03
time: 6.720474e-03
time: 6.720474e-03
time: 6.720474e-03
time: 6.720474e-03
time: 6.720474e-03
time: 6.720474e-03
time: 6.720474e-03
time: 6.720474e-03
time: 6.720474e-03
time: 6.720474e-03
time: 6.720474e-03
time: 6.720474e-03
time: 6.720474e-03
time: 6.720474e-03
time: 6.720474e-03
time: 6.720474e-03
time: 6.720474e-03
time: 6.720474e-03
time: 6.720474e-03
time: 6.720474e-03
time: 6.720474e-03
time: 6.720474e-03
time: 6.720474e-03
time: 6.720474e-03
time: 6.720474e-03
time: 6.720474e-03
time: 6.720474e-03
time: 6.720474e-03
time: 6.720474e-03
time: 6.720474e-03
time: 6.720474e-03
time: 6.720474e-03
time: 6.720474e-03
time: 6.720474e-03
time: 6.720474e-03
time: 6.720474e-03
time: 6.720474e-03
time: 6.720474e-03
time: 6.720474e-03
time: 6.700338e-03
time: 6.720474e-03
time: 6.740611e-03
time: 6.760747e-03
time: 6.801020e-03
time: 6.841292e-03
time: 6.881565e-03
time: 6.921838e-03
time: 7.002383e-03
time: 7.082929e-03
time: 7.163474e-03
time: 7.244020e-03
time: 7.405111e-03
time: 7.566202e-03
time: 7.727293e-03
time: 7.888384e-03
time: 8.049475e-03
time: 8.359332e-03
time: 8.669189e-03
time: 8.979046e-03
time: 9.288903e-03
time: 9.598760e-03
time: 9.908617e-03
time: 1.021847e-02
time: 1.021847e-02
time: 1.052833e-02
time: 1.052833e-02
time: 1.083819e-02
time: 1.114805e-02
time: 1.114805e-02
time: 1.114805e-02
time: 1.145790e-02
time: 1.145790e-02
time: 1.145790e-02
time: 1.176776e-02
time: 1.176776e-02
time: 1.207762e-02
time: 1.251621e-02
time: 1.251621e-02
time: 1.251621e-02
time: 1.295480e-02
time: 1.295480e-02
time: 1.295480e-02
time: 1.339339e-02
time: 1.339339e-02
time: 1.339339e-02
time: 1.383198e-02
time: 1.383198e-02
time: 1.383198e-02
time: 1.427057e-02
time: 1.427057e-02
time: 1.427057e-02
time: 1.427057e-02
time: 1.470916e-02
time: 1.470916e-02
time: 1.470916e-02
time: 1.514776e-02
time: 1.514776e-02
time: 1.558635e-02
time: 1.617362e-02
time: 1.617362e-02
time: 1.676090e-02
time: 1.676090e-02
time: 1.734817e-02
time: 1.734817e-02
time: 1.793545e-02
time: 1.793545e-02
time: 1.793545e-02
time: 1.852273e-02
time: 1.852273e-02
time: 1.852273e-02
time: 1.852273e-02
time: 1.852273e-02
time: 1.808227e-02
time: 1.808227e-02
time: 1.808227e-02
time: 1.808227e-02
time: 1.808227e-02
time: 1.808227e-02
time: 1.808227e-02
time: 1.808227e-02
time: 1.808227e-02
time: 1.808227e-02
time: 1.808227e-02
time: 1.808227e-02
time: 1.808227e-02
time: 1.808227e-02
time: 1.808227e-02
time: 1.808227e-02
time: 1.808227e-02
time: 1.808227e-02
time: 1.808227e-02
time: 1.808227e-02
time: 1.808227e-02
time: 1.808227e-02
time: 1.808227e-02
time: 1.808227e-02
time: 1.808227e-02
time: 1.808227e-02
time: 1.808227e-02
time: 1.808227e-02
time: 1.808227e-02
time: 1.808227e-02
time: 1.808227e-02
time: 1.808227e-02
time: 1.808227e-02
time: 1.808227e-02
time: 1.808227e-02
time: 1.808227e-02
time: 1.808227e-02
time: 1.808227e-02
time: 1.808227e-02
time: 1.808227e-02
time: 1.808227e-02
time: 1.808227e-02
time: 1.808227e-02
time: 1.808227e-02
time: 1.808227e-02
time: 1.808227e-02
time: 1.808227e-02
time: 1.808227e-02
time: 1.808227e-02
time: 1.808227e-02
time: 1.808227e-02
time: 1.808227e-02
time: 1.808227e-02
time: 1.808227e-02
time: 1.808227e-02
time: 1.822909e-02
time: 1.837591e-02
time: 1.852273e-02
time: 1.866954e-02
time: 1.896318e-02
time: 1.925682e-02
time: 1.955046e-02
time: 1.984410e-02
time: 2.043137e-02
time: 2.043137e-02
time: 2.101865e-02
time: 2.160592e-02
time: 2.219320e-02
time: 2.278048e-02
time: 2.358967e-02
time: 2.439887e-02
time: 2.520807e-02
time: 2.601727e-02
time: 2.682647e-02
time: 2.763566e-02
time: 2.844486e-02
time: 2.844486e-02
time: 2.925406e-02
time: 3.006326e-02
time: 3.087246e-02
time: 3.087246e-02
time: 3.168165e-02
time: 3.168165e-02
time: 3.249085e-02
time: 3.249085e-02
time: 3.330005e-02
time: 3.410925e-02
time: 3.410925e-02
time: 3.491845e-02
time: 3.491845e-02
time: 3.572764e-02
time: 3.653684e-02
time: 3.653684e-02
time: 3.734604e-02
time: 3.815524e-02
time: 3.815524e-02
time: 3.896444e-02
time: 3.995872e-02
time: 3.995872e-02
time: 3.995872e-02
time: 3.995872e-02
time: 4.095299e-02
time: 4.095299e-02
time: 4.194727e-02
time: 4.194727e-02
time: 4.194727e-02
time: 4.294155e-02
time: 4.294155e-02
time: 4.294155e-02
time: 4.294155e-02
time: 4.294155e-02
time: 4.219584e-02
time: 4.219584e-02
time: 4.219584e-02
time: 4.219584e-02
time: 4.219584e-02
time: 4.219584e-02
time: 4.219584e-02
time: 4.219584e-02
time: 4.219584e-02
time: 4.219584e-02
time: 4.219584e-02
time: 4.219584e-02
time: 4.219584e-02
time: 4.219584e-02
time: 4.219584e-02
time: 4.219584e-02
time: 4.219584e-02
time: 4.219584e-02
time: 4.219584e-02
time: 4.219584e-02
time: 4.219584e-02
time: 4.219584e-02
time: 4.219584e-02
time: 4.219584e-02
time: 4.219584e-02
time: 4.219584e-02
time: 4.219584e-02
time: 4.219584e-02
time: 4.219584e-02
time: 4.219584e-02
time: 4.219584e-02
time: 4.219584e-02
time: 4.219584e-02
time: 4.219584e-02
time: 4.219584e-02
time: 4.219584e-02
time: 4.219584e-02
time: 4.219584e-02
time: 4.219584e-02
time: 4.219584e-02
time: 4.219584e-02
time: 4.219584e-02
time: 4.219584e-02
time: 4.219584e-02
time: 4.219584e-02
time: 4.219584e-02
time: 4.219584e-02
time: 4.219584e-02
time: 4.219584e-02
time: 4.219584e-02
time: 4.219584e-02
time: 4.219584e-02
time: 4.219584e-02
time: 4.219584e-02
time: 4.219584e-02
time: 4.244441e-02
time: 4.269298e-02
time: 4.294155e-02
time: 4.319012e-02
time: 4.368726e-02
time: 4.418440e-02
time: 4.468154e-02
time: 4.517868e-02
time: 4.617296e-02
time: 4.716724e-02
time: 4.816152e-02
time: 4.915580e-02
time: 5.015008e-02
time: 5.175845e-02
time: 5.336683e-02
time: 5.497520e-02
time: 5.658358e-02
time: 5.819196e-02
time: 5.980033e-02
time: 6.140871e-02
time: 6.335356e-02
time: 6.529842e-02
time: 6.529842e-02
time: 6.724327e-02
time: 6.918813e-02
time: 7.113298e-02
time: 7.307783e-02
time: 7.502269e-02
time: 7.696754e-02
time: 7.891240e-02
time: 8.126129e-02
time: 8.361019e-02
time: 8.361019e-02
time: 8.595909e-02
time: 8.830798e-02
time: 9.065688e-02
time: 9.065688e-02
time: 9.300578e-02
time: 9.535467e-02
time: 9.535467e-02
time: 9.770357e-02
time: 1.000525e-01
time: 1.024014e-01
time: 1.024014e-01
time: 1.024014e-01
time: 1.024014e-01
time: 1.047503e-01
time: 1.047503e-01
time: 1.047503e-01
time: 1.047503e-01
time: 1.076521e-01
time: 1.076521e-01
time: 1.076521e-01
time: 1.105540e-01
time: 1.105540e-01
time: 1.105540e-01
time: 1.105540e-01
time: 1.105540e-01
time: 1.083776e-01
time: 1.083776e-01
time: 1.083776e-01
time: 1.083776e-01
time: 1.083776e-01
time: 1.083776e-01
time: 1.083776e-01
time: 1.083776e-01
time: 1.083776e-01
time: 1.083776e-01
time: 1.083776e-01
time: 1.083776e-01
time: 1.083776e-01
time: 1.083776e-01
time: 1.083776e-01
time: 1.083776e-01
time: 1.083776e-01
time: 1.083776e-01
time: 1.083776e-01
time: 1.083776e-01
time: 1.083776e-01
time: 1.083776e-01
time: 1.083776e-01
time: 1.083776e-01
time: 1.083776e-01
time: 1.083776e-01
time: 1.083776e-01
time: 1.083776e-01
time: 1.083776e-01
time: 1.083776e-01
time: 1.083776e-01
time: 1.083776e-01
time: 1.083776e-01
time: 1.083776e-01
time: 1.083776e-01
time: 1.083776e-01
time: 1.083776e-01
time: 1.083776e-01
time: 1.083776e-01
time: 1.083776e-01
time: 1.083776e-01
time: 1.083776e-01
time: 1.083776e-01
time: 1.083776e-01
time: 1.083776e-01
time: 1.083776e-01
time: 1.083776e-01
time: 1.083776e-01
time: 1.083776e-01
time: 1.083776e-01
time: 1.083776e-01
time: 1.083776e-01
time: 1.083776e-01
time: 1.083776e-01
time: 1.083776e-01
time: 1.091030e-01
time: 1.098285e-01
time: 1.105540e-01
time: 1.112794e-01
time: 1.127304e-01
time: 1.141813e-01
time: 1.156322e-01
time: 1.170831e-01
time: 1.185341e-01
time: 1.214359e-01
time: 1.243378e-01
time: 1.272396e-01
time: 1.301415e-01
time: 1.330433e-01
time: 1.366253e-01
time: 1.402073e-01
time: 1.437892e-01
time: 1.473712e-01
time: 1.509532e-01
time: 1.545351e-01
time: 1.581171e-01
time: 1.616991e-01
time: 1.652810e-01
time: 1.652810e-01
time: 1.688630e-01
time: 1.724450e-01
time: 1.768737e-01
time: 1.768737e-01
time: 1.768737e-01
time: 1.813024e-01
time: 1.813024e-01
time: 1.813024e-01
time: 1.813024e-01
time: 1.857311e-01
time: 1.857311e-01
time: 1.857311e-01
time: 1.901598e-01
time: 1.901598e-01
time: 1.945885e-01
time: 1.990172e-01
time: 1.990172e-01
time: 1.990172e-01
time: 1.990172e-01
time: 2.034459e-01
time: 2.078746e-01
time: 2.078746e-01
time: 2.123033e-01
time: 2.123033e-01
time: 2.167319e-01
time: 2.167319e-01
time: 2.222679e-01
time: 2.222679e-01
time: 2.222679e-01
time: 2.222679e-01
time: 2.222679e-01
time: 2.181159e-01
time: 2.181159e-01
time: 2.181159e-01
time: 2.181159e-01
time: 2.181159e-01
time: 2.181159e-01
time: 2.181159e-01
time: 2.181159e-01
time: 2.181159e-01
time: 2.181159e-01
time: 2.181159e-01
time: 2.181159e-01
time: 2.181159e-01
time: 2.181159e-01
time: 2.181159e-01
time: 2.181159e-01
time: 2.181159e-01
time: 2.181159e-01
time: 2.181159e-01
time: 2.181159e-01
time: 2.181159e-01
time: 2.181159e-01
time: 2.181159e-01
time: 2.181159e-01
time: 2.181159e-01
time: 2.181159e-01
time: 2.181159e-01
time: 2.181159e-01
time: 2.181159e-01
time: 2.181159e-01
time: 2.181159e-01
time: 2.181159e-01
time: 2.181159e-01
time: 2.181159e-01
time: 2.181159e-01
time: 2.181159e-01
time: 2.181159e-01
time: 2.181159e-01
time: 2.181159e-01
time: 2.181159e-01
time: 2.181159e-01
time: 2.181159e-01
time: 2.181159e-01
time: 2.181159e-01
time: 2.181159e-01
time: 2.181159e-01
time: 2.181159e-01
time: 2.181159e-01
time: 2.181159e-01
time: 2.181159e-01
time: 2.181159e-01
time: 2.181159e-01
time: 2.181159e-01
time: 2.181159e-01
time: 2.181159e-01
time: 2.194999e-01
time: 2.208839e-01
time: 2.222679e-01
time: 2.236519e-01
time: 2.263539e-01
time: 2.290559e-01
time: 2.290559e-01
time: 2.317579e-01
time: 2.317579e-01
time: 2.344599e-01
time: 2.344599e-01
time: 2.398639e-01
time: 2.398639e-01
time: 2.452679e-01
time: 2.452679e-01
time: 2.506719e-01
time: 2.506719e-01
time: 2.560759e-01
time: 2.614799e-01
time: 2.679694e-01
time: 2.744589e-01
time: 2.809484e-01
time: 2.874379e-01
time: 2.939274e-01
time: 3.004169e-01
time: 3.069064e-01
time: 3.147315e-01
time: 3.147315e-01
time: 3.225566e-01
time: 3.225566e-01
time: 3.303817e-01
time: 3.303817e-01
time: 3.382068e-01
time: 3.382068e-01
time: 3.460318e-01
time: 3.538569e-01
time: 3.538569e-01
time: 3.538569e-01
time: 3.538569e-01
time: 3.616820e-01
time: 3.616820e-01
time: 3.616820e-01
time: 3.616820e-01
time: 3.695071e-01
time: 3.695071e-01
time: 3.695071e-01
time: 3.695071e-01
time: 3.773322e-01
time: 3.773322e-01
time: 3.773322e-01
time: 3.773322e-01
time: 3.773322e-01
time: 3.695071e-01
time: 3.714634e-01
time: 3.714634e-01
time: 3.714634e-01
time: 3.714634e-01
time: 3.714634e-01
time: 3.714634e-01
time: 3.714634e-01
time: 3.714634e-01
time: 3.714634e-01
time: 3.714634e-01
time: 3.714634e-01
time: 3.714634e-01
time: 3.714634e-01
time: 3.714634e-01
time: 3.714634e-01
time: 3.714634e-01
time: 3.714634e-01
time: 3.714634e-01
time: 3.714634e-01
time: 3.714634e-01
time: 3.714634e-01
time: 3.714634e-01
time: 3.714634e-01
time: 3.714634e-01
time: 3.714634e-01
time: 3.714634e-01
time: 3.714634e-01
time: 3.714634e-01
time: 3.714634e-01
time: 3.714634e-01
time: 3.714634e-01
time: 3.714634e-01
time: 3.714634e-01
time: 3.714634e-01
time: 3.714634e-01
time: 3.714634e-01
time: 3.714634e-01
time: 3.714634e-01
time: 3.714634e-01
time: 3.714634e-01
time: 3.714634e-01
time: 3.714634e-01
time: 3.714634e-01
time: 3.714634e-01
time: 3.714634e-01
time: 3.714634e-01
time: 3.714634e-01
time: 3.714634e-01
time: 3.714634e-01
time: 3.714634e-01
time: 3.714634e-01
time: 3.714634e-01
time: 3.714634e-01
time: 3.714634e-01
time: 3.714634e-01
time: 3.714634e-01
time: 3.699833e-01
time: 3.699833e-01
time: 3.697452e-01
time: 3.697452e-01
time: 3.696261e-01
time: 3.696261e-01
time: 3.697452e-01
time: 3.698642e-01
time: 3.699833e-01
time: 3.702214e-01
time: 3.704594e-01
time: 3.706975e-01
time: 3.711737e-01
time: 3.716499e-01
time: 3.721260e-01
time: 3.726022e-01
time: 3.735546e-01
time: 3.745069e-01
time: 3.754593e-01
time: 3.764116e-01
time: 3.783163e-01
time: 3.802210e-01
time: 3.821257e-01
time: 3.840304e-01
time: 3.878398e-01
time: 3.916492e-01
time: 3.954585e-01
time: 3.992679e-01
time: 4.030773e-01
time: 4.106961e-01
time: 4.183149e-01
time: 4.259336e-01
time: 4.335524e-01
time: 4.411712e-01
time: 4.527256e-01
time: 4.642801e-01
time: 4.758346e-01
time: 4.873890e-01
time: 4.989435e-01
time: 5.104979e-01
time: 5.220524e-01
time: 5.336069e-01
time: 5.336069e-01
time: 5.336069e-01
time: 5.451613e-01
time: 5.451613e-01
time: 5.451613e-01
time: 5.451613e-01
time: 5.451613e-01
time: 5.364955e-01
time: 5.364955e-01
time: 5.364955e-01
time: 5.364955e-01
time: 5.364955e-01
time: 5.364955e-01
time: 5.364955e-01
time: 5.364955e-01
time: 5.364955e-01
time: 5.364955e-01
time: 5.364955e-01
time: 5.364955e-01
time: 5.364955e-01
time: 5.364955e-01
time: 5.364955e-01
time: 5.364955e-01
time: 5.364955e-01
time: 5.364955e-01
time: 5.364955e-01
time: 5.364955e-01
time: 5.364955e-01
time: 5.364955e-01
time: 5.364955e-01
time: 5.364955e-01
time: 5.364955e-01
time: 5.364955e-01
time: 5.364955e-01
time: 5.364955e-01
time: 5.364955e-01
time: 5.364955e-01
time: 5.364955e-01
time: 5.364955e-01
time: 5.364955e-01
time: 5.364955e-01
time: 5.364955e-01
time: 5.364955e-01
time: 5.364955e-01
time: 5.364955e-01
time: 5.364955e-01
time: 5.364955e-01
time: 5.364955e-01
time: 5.364955e-01
time: 5.364955e-01
time: 5.364955e-01
time: 5.364955e-01
time: 5.364955e-01
time: 5.364955e-01
time: 5.364955e-01
time: 5.364955e-01
time: 5.364955e-01
time: 5.364955e-01
time: 5.364955e-01
time: 5.364955e-01
time: 5.364955e-01
time: 5.364955e-01
time: 5.393841e-01
time: 5.422727e-01
time: 5.451613e-01
time: 5.480499e-01
time: 5.538272e-01
time: 5.596044e-01
time: 5.653816e-01
time: 5.711589e-01
time: 5.827133e-01
time: 5.827133e-01
time: 5.942678e-01
time: 6.058223e-01
time: 6.173767e-01
time: 6.289312e-01
time: 6.449837e-01
time: 6.610363e-01
time: 6.770888e-01
time: 6.931414e-01
time: 7.091939e-01
time: 7.091939e-01
time: 7.252465e-01
time: 7.412990e-01
time: 7.614323e-01
time: 7.614323e-01
time: 7.815656e-01
time: 7.815656e-01
time: 8.016988e-01
time: 8.016988e-01
time: 8.016988e-01
time: 8.218321e-01
time: 8.218321e-01
time: 8.218321e-01
time: 8.218321e-01
time: 8.218321e-01
time: 8.067321e-01
time: 8.067321e-01
time: 8.067321e-01
time: 8.067321e-01
time: 8.067321e-01
time: 8.067321e-01
time: 8.067321e-01
time: 8.067321e-01
time: 8.067321e-01
time: 8.067321e-01
time: 8.067321e-01
time: 8.067321e-01
time: 8.067321e-01
time: 8.067321e-01
time: 8.067321e-01
time: 8.067321e-01
time: 8.067321e-01
time: 8.067321e-01
time: 8.067321e-01
time: 8.067321e-01
time: 8.067321e-01
time: 8.067321e-01
time: 8.067321e-01
time: 8.067321e-01
time: 8.067321e-01
time: 8.067321e-01
time: 8.067321e-01
time: 8.067321e-01
time: 8.067321e-01
time: 8.067321e-01
time: 8.067321e-01
time: 8.067321e-01
time: 8.067321e-01
time: 8.067321e-01
time: 8.067321e-01
time: 8.067321e-01
time: 8.067321e-01
time: 8.067321e-01
time: 8.067321e-01
time: 8.067321e-01
time: 8.067321e-01
time: 8.067321e-01
time: 8.067321e-01
time: 8.067321e-01
time: 8.067321e-01
time: 8.067321e-01
time: 8.067321e-01
time: 8.067321e-01
time: 8.067321e-01
time: 8.067321e-01
time: 8.067321e-01
time: 8.067321e-01
time: 8.067321e-01
time: 8.067321e-01
time: 8.067321e-01
time: 8.117655e-01
time: 8.167988e-01
time: 8.218321e-01
time: 8.268654e-01
time: 8.369320e-01
time: 8.469987e-01
time: 8.570653e-01
time: 8.671319e-01
time: 8.771986e-01
time: 8.973318e-01
time: 9.174651e-01
time: 9.375984e-01
time: 9.577316e-01
time: 9.778649e-01
time: 1.000000e+00
Number of steps: 422, current time 1.000000

==== Status of problem ====

Parser configured
Database configured
Mixture configured
Solution configured
Solver configured
Problem solved

==== END of Status ====

ULF run took 44.46 s

==== ULF END ====
