# RUNNING VERSION '1.07-1'
+==========================================================================================================+
|                                                                                                          |
|                                                                                              #           |
|                                                                                             ##           |
|                                                                                            ###           |
|                                                                                          ####            |
|                                                          TU Freiberg                    ######           |
|                                                          Chair of Numerical            #### ##           |
|                                                          Thermo-Fluid-Dynamics         ########          |
|        Universal Laminar Flame Solver                                                  #### #####        |
|                                                                                          ##########      |
|                                                                                                #####     |
|                            ###    ##########             ####  ################################# ###     |
|                           ####  ####                    #####     ####   ####          ######### ###     |
|                          ####  ####                    ######     ###   ###                  ### ###     |
|         ####      ####  ################              ###  ###   ###   #########   ###       ### ##      |
|        ####      ####  ################              ###   ###  ###   ########    ###       ### ###      |
|       ####       ###  #### ####                     ###    ### ###   ###         ##       ### ###        |
|       #####   #####  #### ####                     ###      #####   ###         ###    ##### ###         |
|        ##########   ####  ###                     ###       #############      ########## #####          |
|                                                        #######################################           |
|                                                      ###               #####################             |
|                                                                             ############                 |
|                                                                                                          |
+==========================================================================================================+
                                                                                                            
ULF run at Sat Sep 12 00:13:42 2015



==== Status of problem ====

Parser configured
Database configured
Mixture configured
Solution configured
Solver configured
Problem NOT solved

==== END of Status ====
------------------------------------------------------------

Attempt Newton solution of steady-state problem...

At limits.

FAILURE

------------------------------------------------------------
Transient mode: take 50 timesteps   

 step    size (s)    log10(ss) 
===============================
    0        0.01       6.459
    0       0.005       6.459
    0      0.0025       6.459
    0     0.00125       6.459
    0    0.000625       6.459
    0   0.0003125       6.459
    0   0.0001562       6.459
    0   7.812e-05       6.459
    0   3.906e-05       6.459
    0   1.953e-05       6.459
    0   9.766e-06       6.459
    0   4.883e-06       6.459
    0   2.441e-06       6.459
    0   1.221e-06       6.459
    0   6.104e-07       6.459
    1   6.104e-07       6.388
    2   9.155e-07       6.388
    3   9.155e-07       6.388
    4   1.373e-06       6.389
    5   1.373e-06       6.388
    6   1.373e-06       6.388
    7    2.06e-06       6.387
    8    2.06e-06       6.386
    9    2.06e-06       6.384
   10    3.09e-06       6.381
   11    3.09e-06       6.377
   12    3.09e-06       6.372
   13   4.635e-06       6.367
   14   4.635e-06       6.359
   15   4.635e-06       6.351
   16   6.952e-06       6.344
   17   6.952e-06       6.333
   18   6.952e-06       6.322
   19   6.952e-06       6.312
   20   1.043e-05       6.302
   21   1.043e-05       6.288
   22   1.043e-05       6.274
   23   1.564e-05       6.259
   24   1.564e-05       6.239
   25   1.564e-05       6.219
   26   1.564e-05       6.199
   27   2.346e-05        6.18
   28   2.346e-05       6.152
   29   2.346e-05       6.125
   30    3.52e-05       6.099
   31    3.52e-05       6.062
   32    3.52e-05       6.027
   33    3.52e-05       5.993
   34   5.279e-05       5.961
   35   5.279e-05       5.917
   36   5.279e-05       5.875
   37   5.279e-05       5.835
   38   7.919e-05       5.798
   39   7.919e-05       5.748
   40   7.919e-05       5.701
   41   7.919e-05       5.657
   42   0.0001188       5.615
   43   0.0001188       5.558
   44   0.0001188       5.505
   45   0.0001188        5.46
   46   0.0001782       5.421
   47   0.0001782       5.358
   48   0.0001782       5.292
   49   0.0001782       5.221
  0.0002673      5.148 
------------------------------------------------------------

Attempt Newton solution of steady-state problem...

At limits.

FAILURE

------------------------------------------------------------
Transient mode: take 50 timesteps   

 step    size (s)    log10(ss) 
===============================
    0   0.0002673       5.148
    1   0.0002673       5.075
    2   0.0002673       5.022
    3   0.0002673       4.972
    4   0.0004009       4.924
    5   0.0004009       4.862
    6   0.0004009       4.809
    7   0.0004009        4.76
    8   0.0006014        4.72
    9   0.0006014       4.662
   10   0.0006014       4.611
   11   0.0006014       4.598
   12    0.000902       4.567
   13    0.000902       4.501
   14    0.000902       4.468
   15    0.001353       4.432
   16    0.001353       4.354
   17    0.001353       4.258
   18     0.00203       4.149
   19     0.00203       3.979
   20     0.00203       3.854
   21    0.003044       3.712
   22    0.003044       3.488
   23    0.003044       3.235
   24    0.004567       3.059
   25    0.004567       3.015
   26     0.00685       2.931
   27     0.00685       2.767
   28        0.01       2.617
   29        0.01       2.386
   30        0.01       2.144
   31        0.01       1.901
   32        0.01        1.66
   33        0.01       1.423
   34        0.01       1.189
   35        0.01      0.9561
   36        0.01      0.7254
   37        0.01      0.4944
   38        0.01      0.2663
   39        0.01     0.03709
   40        0.01     -0.1836
   41        0.01     -0.4054
   42        0.01     -0.6028
   43        0.01     -0.8011
   44        0.01     -0.9371
   45        0.01      -1.074
   46        0.01       -1.21
   47        0.01      -1.348
   48        0.01      -1.485
   49        0.01      -1.623
       0.01     -1.761 
------------------------------------------------------------

Attempt Newton solution of steady-state problem...

    log10(ss0)     log10(s1)   N_jac 
    ------------------------------------
       -1.7608       -0.6189       76 

SUCCESS

Problem solved on 30 grid points.

------------------------------------------------------------

Attempt Newton solution of steady-state problem...

    log10(ss0)     log10(s1)   N_jac 
    ------------------------------------
        7.1204        5.4085       1 

At limits.

At limits.

FAILURE

------------------------------------------------------------
Transient mode: take 50 timesteps   

 step    size (s)    log10(ss) 
===============================
    0        0.01        7.12
    0       0.005        7.12
    1       0.005        4.11
    2      0.0075        3.76
    3      0.0075       3.409
    4        0.01       3.075
    5        0.01       2.702
    6        0.01       2.362
    7        0.01       2.055
    8        0.01       1.813
    9        0.01       1.561
   10        0.01       1.303
   11        0.01        1.04
   12        0.01      0.7815
   13        0.01      0.5839
   14        0.01      0.3828
   15        0.01      0.1886
   16        0.01   -0.006527
   17        0.01      -0.198
   18        0.01     -0.3938
   19        0.01     -0.5698
   20        0.01     -0.7485
   21        0.01     -0.9294
   22        0.01      -1.054
   23        0.01      -1.179
   24        0.01      -1.306
   25        0.01      -1.432
   26        0.01       -1.56
   27        0.01      -1.686
   28        0.01      -1.813
   29        0.01       -1.94
   30        0.01      -2.068
   31        0.01      -2.196
   32        0.01      -2.325
   33        0.01      -2.454
   34        0.01      -2.583
   35        0.01      -2.713
   36        0.01      -2.843
   37        0.01      -2.973
   38        0.01      -3.104
   39        0.01      -3.235
   40        0.01      -3.367
   41        0.01      -3.498
   42        0.01       -3.63
   43        0.01      -3.762
   44        0.01      -3.895
   45        0.01      -4.027
   46        0.01       -4.16
   47        0.01      -4.293
   48        0.01      -4.426
   49        0.01       -4.56
       0.01     -4.693 
------------------------------------------------------------

Attempt Newton solution of steady-state problem...

    log10(ss0)     log10(s1)   N_jac 
    ------------------------------------
       -4.6934       -6.7555       12 

SUCCESS

Problem solved on 40 grid points.

------------------------------------------------------------

Attempt Newton solution of steady-state problem...

    log10(ss0)     log10(s1)   N_jac 
    ------------------------------------
        6.7801        4.8955       1 
        6.2796        4.5966       1 
        5.9493        4.1603       1 
        5.4558        3.7548       1 
        5.0029        3.3680       1 
        4.5491        2.9809       1 
        4.1254        2.5855       1 
        3.6841        2.1796       1 
        3.2207        1.7561       1 
        2.7096        1.3082       1 
        2.1059        0.8252       1 
        1.1242       -2.5730       2 

SUCCESS

Problem solved on 50 grid points.

------------------------------------------------------------

Attempt Newton solution of steady-state problem...

    log10(ss0)     log10(s1)   N_jac 
    ------------------------------------
        6.4566        3.5346       1 
        5.2579        2.8737       1 
        4.5585        2.1951       1 
        3.8460        1.5092       1 
        3.1484        0.8135       1 
        2.4491        0.1161       1 
        1.7504       -0.5822       1 

SUCCESS

Problem solved on 60 grid points.

------------------------------------------------------------

Attempt Newton solution of steady-state problem...

    log10(ss0)     log10(s1)   N_jac 
    ------------------------------------
        5.4649        3.5996       1 
        4.1338        2.4748       1 
        3.4305        1.3657       1 
        2.3048        0.2764       1 
        1.1076       -0.7624       1 

SUCCESS

Problem solved on 70 grid points.

------------------------------------------------------------

Attempt Newton solution of steady-state problem...

    log10(ss0)     log10(s1)   N_jac 
    ------------------------------------
        6.1905        3.9620       1 
        4.7661        2.7584       1 
        3.5637        1.6439       1 
        2.8751        0.7535       1 
        1.6408       -0.2466       1 

SUCCESS

Problem solved on 80 grid points.

------------------------------------------------------------

Attempt Newton solution of steady-state problem...

    log10(ss0)     log10(s1)   N_jac 
    ------------------------------------
        5.4587        3.4325       1 
        4.7840        2.3606       1 
        3.7931        1.3041       1 
        2.8484        0.3587       1 
        1.8184       -0.5675       1 

SUCCESS

Problem solved on 90 grid points.

------------------------------------------------------------

Attempt Newton solution of steady-state problem...

    log10(ss0)     log10(s1)   N_jac 
    ------------------------------------
        6.1901        3.3941       1 
        4.4464        2.3969       1 
        3.5107        1.3893       1 
        2.6770        0.3863       1 
        1.7412       -0.6047       1 

SUCCESS

Problem solved on 100 grid points.

------------------------------------------------------------

Attempt Newton solution of steady-state problem...

    log10(ss0)     log10(s1)   N_jac 
    ------------------------------------
        5.5086        2.8146       1 
        3.6975        1.6131       1 
        2.4110        0.3872       1 
        1.2917       -0.8403       1 

SUCCESS

Problem solved on 110 grid points.

------------------------------------------------------------

Attempt Newton solution of steady-state problem...

    log10(ss0)     log10(s1)   N_jac 
    ------------------------------------
        5.5195        2.6637       1 
        3.2775        1.1486       1 
        1.8570       -0.3302       1 

SUCCESS

Problem solved on 120 grid points.

------------------------------------------------------------

Attempt Newton solution of steady-state problem...

    log10(ss0)     log10(s1)   N_jac 
    ------------------------------------
        5.5064        2.5666       1 
        2.9608        0.9214       1 
        1.8475       -0.6141       1 

SUCCESS

Problem solved on 130 grid points.

------------------------------------------------------------

Attempt Newton solution of steady-state problem...

    log10(ss0)     log10(s1)   N_jac 
    ------------------------------------
        1.6991        1.3582       1 
        0.5546       -0.4504       1 

SUCCESS

Problem solved on 140 grid points.

------------------------------------------------------------

Attempt Newton solution of steady-state problem...

    log10(ss0)     log10(s1)   N_jac 
    ------------------------------------
        5.9404        3.0338       1 
        3.2233        1.7503       1 
        2.5049        0.4897       1 
        1.2581       -0.7680       1 

SUCCESS

Problem solved on 150 grid points.

------------------------------------------------------------

Attempt Newton solution of steady-state problem...

    log10(ss0)     log10(s1)   N_jac 
    ------------------------------------
        6.1724        2.7898       1 
        3.5453        1.3307       1 
        2.1920       -0.1445       1 

SUCCESS

Problem solved on 160 grid points.

------------------------------------------------------------

Attempt Newton solution of steady-state problem...

    log10(ss0)     log10(s1)   N_jac 
    ------------------------------------
        5.4382        2.0402       1 
        2.6900        0.4828       1 
        1.0421       -1.0851       1 

SUCCESS

Problem solved on 170 grid points.

------------------------------------------------------------

Attempt Newton solution of steady-state problem...

    log10(ss0)     log10(s1)   N_jac 
    ------------------------------------
        5.4902        1.7279       1 
        2.4707        0.2447       1 
        0.7145       -1.2075       1 

SUCCESS

Problem solved on 180 grid points.

------------------------------------------------------------

Attempt Newton solution of steady-state problem...

    log10(ss0)     log10(s1)   N_jac 
    ------------------------------------
        4.8292        1.8877       1 
        3.0879        0.2864       1 
        1.0382       -1.1717       1 

SUCCESS

Problem solved on 190 grid points.

------------------------------------------------------------

Attempt Newton solution of steady-state problem...

    log10(ss0)     log10(s1)   N_jac 
    ------------------------------------
        4.9187        1.4715       1 
        1.1840       -0.6695       1 

SUCCESS

Problem solved on 200 grid points.

------------------------------------------------------------

Attempt Newton solution of steady-state problem...

    log10(ss0)     log10(s1)   N_jac 
    ------------------------------------
        5.5102        1.5974       1 
        2.3160       -0.1412       1 

SUCCESS

Problem solved on 210 grid points.

------------------------------------------------------------

Attempt Newton solution of steady-state problem...

    log10(ss0)     log10(s1)   N_jac 
    ------------------------------------
        6.0567        2.0114       1 
        2.2627        0.6677       1 
        1.3564       -0.6603       1 

SUCCESS

Problem solved on 220 grid points.

------------------------------------------------------------

Attempt Newton solution of steady-state problem...

    log10(ss0)     log10(s1)   N_jac 
    ------------------------------------
        5.5297        2.1228       1 
        2.4497        0.7773       1 
        0.9648       -0.5256       1 

SUCCESS

Problem solved on 230 grid points.

------------------------------------------------------------

Attempt Newton solution of steady-state problem...

    log10(ss0)     log10(s1)   N_jac 
    ------------------------------------
        5.5318        2.3292       1 
        3.2502        0.7374       1 
        1.7921       -0.7614       1 

SUCCESS

Problem solved on 240 grid points.

------------------------------------------------------------

Attempt Newton solution of steady-state problem...

    log10(ss0)     log10(s1)   N_jac 
    ------------------------------------
        5.9459        2.5314       1 
        2.9873        1.3003       1 
        1.9135        0.0736       1 
        0.6207       -1.1538       1 

SUCCESS

Problem solved on 250 grid points.

------------------------------------------------------------

Attempt Newton solution of steady-state problem...

    log10(ss0)     log10(s1)   N_jac 
    ------------------------------------
        5.5197        1.8507       1 
        2.1109        0.6037       1 
        0.7202       -0.6226       1 

SUCCESS

Problem solved on 260 grid points.

------------------------------------------------------------

Attempt Newton solution of steady-state problem...

    log10(ss0)     log10(s1)   N_jac 
    ------------------------------------
        0.7318        1.6799       1 
        2.1603        0.4136       1 
        0.6663       -0.8112       1 

SUCCESS

Problem solved on 270 grid points.

------------------------------------------------------------

Attempt Newton solution of steady-state problem...

    log10(ss0)     log10(s1)   N_jac 
    ------------------------------------
        5.0586        1.6875       1 
        1.5041        0.4690       1 
        0.2067       -0.7530       1 

SUCCESS

Problem solved on 280 grid points.

------------------------------------------------------------

Attempt Newton solution of steady-state problem...

    log10(ss0)     log10(s1)   N_jac 
    ------------------------------------
        5.9231        2.3022       1 
        2.4966        1.0197       1 
        1.4029       -0.1988       1 

SUCCESS

Problem solved on 290 grid points.

------------------------------------------------------------

Attempt Newton solution of steady-state problem...

    log10(ss0)     log10(s1)   N_jac 
    ------------------------------------
        5.7734        2.4894       1 
        2.6094        1.2668       1 
        1.5157        0.0815       1 
        0.3217       -1.0897       1 

SUCCESS

Problem solved on 300 grid points.


==== Status of problem ====

Parser configured
Database configured
Mixture configured
Solution configured
Solver configured
Problem solved

==== END of Status ====

ULF run took 107.95 s

==== ULF END ====
