# RUNNING VERSION '1.07-1'
+==========================================================================================================+
|                                                                                                          |
|                                                                                              #           |
|                                                                                             ##           |
|                                                                                            ###           |
|                                                                                          ####            |
|                                                          TU Freiberg                    ######           |
|                                                          Chair of Numerical            #### ##           |
|                                                          Thermo-Fluid-Dynamics         ########          |
|        Universal Laminar Flame Solver                                                  #### #####        |
|                                                                                          ##########      |
|                                                                                                #####     |
|                            ###    ##########             ####  ################################# ###     |
|                           ####  ####                    #####     ####   ####          ######### ###     |
|                          ####  ####                    ######     ###   ###                  ### ###     |
|         ####      ####  ################              ###  ###   ###   #########   ###       ### ##      |
|        ####      ####  ################              ###   ###  ###   ########    ###       ### ###      |
|       ####       ###  #### ####                     ###    ### ###   ###         ##       ### ###        |
|       #####   #####  #### ####                     ###      #####   ###         ###    ##### ###         |
|        ##########   ####  ###                     ###       #############      ########## #####          |
|                                                        #######################################           |
|                                                      ###               #####################             |
|                                                                             ############                 |
|                                                                                                          |
+==========================================================================================================+
                                                                                                            
ULF run at Sat Sep 12 00:04:17 2015



==== Status of problem ====

Parser configured
Database configured
Mixture configured
Solution configured
Solver configured
Problem NOT solved

==== END of Status ====
------------------------------------------------------------

Attempt Newton solution of steady-state problem...

At limits.

FAILURE

------------------------------------------------------------
Transient mode: take 50 timesteps   

 step    size (s)    log10(ss) 
===============================
    0        0.01       6.191
    0       0.005       6.191
    0      0.0025       6.191
    0     0.00125       6.191
    0    0.000625       6.191
    0   0.0003125       6.191
    0   0.0001562       6.191
    0   7.812e-05       6.191
    0   3.906e-05       6.191
    0   1.953e-05       6.191
    0   9.766e-06       6.191
    0   4.883e-06       6.191
    0   2.441e-06       6.191
    0   1.221e-06       6.191
    0   6.104e-07       6.191
    1   6.104e-07       6.173
    2   9.155e-07       6.154
    3   9.155e-07       6.127
    4   1.373e-06       6.101
    5   1.373e-06        6.07
    6   1.373e-06       6.048
    7    2.06e-06       6.037
    8    2.06e-06       6.039
    9    2.06e-06        6.04
   10    3.09e-06       6.052
   11    3.09e-06       6.072
   12    3.09e-06        6.09
   13   4.635e-06       6.104
   14   4.635e-06       6.115
   15   4.635e-06       6.121
   16   6.952e-06       6.122
   17   6.952e-06        6.12
   18   6.952e-06       6.115
   19   6.952e-06       6.109
   20   1.043e-05       6.102
   21   1.043e-05       6.091
   22   1.043e-05       6.079
   23   1.564e-05       6.068
   24   1.564e-05       6.051
   25   1.564e-05       6.034
   26   1.564e-05       6.018
   27   2.346e-05       6.002
   28   2.346e-05        5.98
   29   2.346e-05       5.958
   30    3.52e-05       5.938
   31    3.52e-05       5.909
   32    3.52e-05       5.882
   33    3.52e-05       5.857
   34   5.279e-05       5.832
   35   5.279e-05       5.798
   36   5.279e-05       5.767
   37   5.279e-05       5.737
   38   7.919e-05       5.708
   39   7.919e-05       5.669
   40   7.919e-05       5.632
   41   7.919e-05       5.597
   42   0.0001188       5.563
   43   0.0001188       5.517
   44   0.0001188       5.473
   45   0.0001188        5.43
   46   0.0001188       5.389
   47   0.0001782       5.349
   48   0.0001782       5.296
   49   0.0001782       5.273
  0.0001782      5.249 
------------------------------------------------------------

Attempt Newton solution of steady-state problem...

    log10(ss0)     log10(s1)   N_jac 
    ------------------------------------
        5.2494        5.0165       52 
        5.2266        5.0161       52 

At limits.

FAILURE

------------------------------------------------------------
Transient mode: take 50 timesteps   

 step    size (s)    log10(ss) 
===============================
    0   0.0001782       5.249
    1   0.0001782       5.227
    2   0.0001782       5.206
    3   0.0002673       5.187
    4   0.0002673       5.166
    5   0.0002673       5.152
    6   0.0002673       5.147
    7   0.0002673       5.149
    8   0.0002673       5.157
    9   0.0004009       5.168
   10   0.0004009       5.188
   11   0.0004009       5.209
   12   0.0004009       5.225
   13   0.0004009       5.237
   14   0.0004009       5.242
   15   0.0006014       5.238
   16   0.0006014       5.271
   17   0.0006014         5.3
   18   0.0006014       5.309
   19   0.0006014       5.299
   20   0.0006014       5.274
   21   0.0006014        5.24
   22   0.0006014       5.245
   23   0.0006014       5.272
   24    0.000902       5.277
   25    0.000902       5.256
   26    0.000902        5.21
   27    0.000902       5.172
   28    0.000902       5.202
   29    0.000902       5.198
   30    0.000902       5.169
   31    0.000902       5.125
   32    0.000902       5.097
   33    0.000902       5.115
   34    0.000902       5.109
   35    0.000902       5.087
   36    0.000902       5.056
   37    0.000902       5.019
   38    0.000902       5.021
   39    0.000902       5.023
   40    0.001353       5.009
   41    0.001353       4.978
   42    0.001353       4.939
   43    0.001353       4.922
   44    0.001353       4.916
   45    0.001353       4.893
   46    0.001353       4.863
   47    0.001353        4.83
   48     0.00203       4.815
   49     0.00203       4.798
    0.00203      4.766 
------------------------------------------------------------

Attempt Newton solution of steady-state problem...

    log10(ss0)     log10(s1)   N_jac 
    ------------------------------------
        4.7660        6.9030       100 

At limits.
        4.9622        6.8214       101 

At limits.

At limits.

FAILURE

------------------------------------------------------------
Transient mode: take 50 timesteps   

 step    size (s)    log10(ss) 
===============================
    0     0.00203       4.766
    1     0.00203       4.728
    2     0.00203       4.698
    3     0.00203       4.677
    4     0.00203       4.649
    5    0.003044       4.616
    6    0.003044       4.561
    7    0.003044       4.493
    8    0.003044       4.414
    9    0.004567       4.325
   10    0.004567       4.194
   11    0.004567       4.058
   12    0.004567       3.925
   13     0.00685       3.796
   14     0.00685       3.623
   15     0.00685       3.455
   16        0.01        3.34
   17        0.01       3.298
   18        0.01       3.259
   19        0.01       3.222
   20        0.01       3.186
   21        0.01       3.151
   22        0.01       3.116
   23        0.01        3.08
   24        0.01       3.044
   25        0.01       3.009
   26        0.01       2.973
   27        0.01       2.936
   28        0.01       2.899
   29        0.01       2.861
   30        0.01       2.823
   31        0.01       2.784
   32        0.01       2.745
   33        0.01       2.721
   34        0.01       2.676
   35        0.01       2.635
   36        0.01       2.595
   37        0.01       2.567
   38        0.01       2.559
   39        0.01        2.55
   40        0.01       2.541
   41        0.01        2.53
   42        0.01       2.518
   43        0.01       2.506
   44        0.01       2.493
   45        0.01       2.478
   46        0.01       2.463
   47        0.01       2.447
   48        0.01       2.431
   49        0.01       2.413
       0.01      2.395 
------------------------------------------------------------

Attempt Newton solution of steady-state problem...

    log10(ss0)     log10(s1)   N_jac 
    ------------------------------------
        2.3954        4.4532       138 
        5.2575        3.9176       138 
        4.0210        3.2253       138 
        3.9367        3.2105       138 
        3.9445        3.0757       138 
        3.9053        3.0029       138 
        3.8127        2.9086       138 
        3.7202        2.8165       138 
        3.6268        2.7234       138 
        3.5338        2.6304       138 
        3.4406        2.5372       138 
        3.3476       -0.8953       139 

SUCCESS

Problem solved on 30 grid points.

------------------------------------------------------------

Attempt Newton solution of steady-state problem...

    log10(ss0)     log10(s1)   N_jac 
    ------------------------------------
        6.3261        5.3635       1 

At limits.
        5.8950        4.6455       2 
        5.5038        4.6018       2 
        5.3823        4.4314       2 
        5.4932        3.6488       2 
        4.0405        3.4908       2 
        4.5261        3.0457       2 
        3.3918        2.7837       2 
        3.7493        2.5391       2 
        2.7420        2.2706       2 
        3.0250        2.1818       2 
        2.2208        1.9648       2 
        2.3698       -0.5225       3 

SUCCESS

Problem solved on 40 grid points.

------------------------------------------------------------

Attempt Newton solution of steady-state problem...

    log10(ss0)     log10(s1)   N_jac 
    ------------------------------------
        4.9684        4.4696       1 
        5.2682        4.2398       1 
        5.1973        3.6642       1 
        4.8025        3.4902       1 
        4.3177        3.1437       1 
        3.7724        2.7555       1 
        3.3229        2.3938       1 
        3.0074        2.0128       1 
        2.7793        1.7353       1 
        2.5665        1.4854       1 
        2.3482        1.2481       1 
        2.1234       -1.0945       2 

SUCCESS

Problem solved on 50 grid points.

------------------------------------------------------------

Attempt Newton solution of steady-state problem...

    log10(ss0)     log10(s1)   N_jac 
    ------------------------------------
        4.8332        3.3385       1 
        4.6999        3.1047       1 
        3.0453        1.7369       1 
        2.3475        1.0143       1 
        1.2908        0.2137       1 
        0.3163       -0.4016       1 

SUCCESS

Problem solved on 60 grid points.

------------------------------------------------------------

Attempt Newton solution of steady-state problem...

    log10(ss0)     log10(s1)   N_jac 
    ------------------------------------
        4.5852        4.5829       1 
        5.0916        3.4767       1 
        4.8276        3.2230       1 
        3.6080        2.2987       1 
        2.9888        2.1874       1 
        2.3452        1.9711       1 
        2.4210        1.7952       1 
        2.0771        1.6040       1 
        1.8660        1.4240       1 
        1.6967        1.2435       1 
        1.5174        1.0626       1 
        1.3341       -2.9029       2 

SUCCESS

Problem solved on 70 grid points.

------------------------------------------------------------

Attempt Newton solution of steady-state problem...

    log10(ss0)     log10(s1)   N_jac 
    ------------------------------------
        5.7347        3.3119       1 
        4.0550        2.4020       1 
        3.2944        1.4766       1 
        2.9186        1.1783       1 
        2.3615        0.7577       1 
        1.7312        0.2357       1 
        1.0476       -0.3431       1 

SUCCESS

Problem solved on 80 grid points.

------------------------------------------------------------

Attempt Newton solution of steady-state problem...

    log10(ss0)     log10(s1)   N_jac 
    ------------------------------------
        5.5312        2.7776       1 
        4.3394        2.2168       1 
        3.4598        0.7862       1 
        2.5680       -0.0112       1 

SUCCESS

Problem solved on 90 grid points.

------------------------------------------------------------

Attempt Newton solution of steady-state problem...

    log10(ss0)     log10(s1)   N_jac 
    ------------------------------------
        4.9451        2.0498       1 
        3.5076        1.2245       1 
        1.9056       -0.6104       1 

SUCCESS

Problem solved on 100 grid points.

------------------------------------------------------------

Attempt Newton solution of steady-state problem...

    log10(ss0)     log10(s1)   N_jac 
    ------------------------------------
        2.9624        1.8959       1 
        2.3487       -0.5766       1 

SUCCESS

Problem solved on 110 grid points.

------------------------------------------------------------

Attempt Newton solution of steady-state problem...

    log10(ss0)     log10(s1)   N_jac 
    ------------------------------------
        4.7453        1.9406       1 
        2.1964       -0.0470       1 

SUCCESS

Problem solved on 120 grid points.

------------------------------------------------------------

Attempt Newton solution of steady-state problem...

    log10(ss0)     log10(s1)   N_jac 
    ------------------------------------
        4.9488        5.0734       1 

At limits.
        4.8527        3.2846       2 
        4.6502        2.7493       2 
        3.7996        1.7713       2 
        2.7605        1.4869       2 
        1.9253        0.9477       2 
        1.5742        0.5444       2 
        1.1091        0.0786       2 
        0.6274       -0.3813       2 

SUCCESS

Problem solved on 130 grid points.

------------------------------------------------------------

Attempt Newton solution of steady-state problem...

    log10(ss0)     log10(s1)   N_jac 
    ------------------------------------
        5.1798        5.4539       1 

At limits.
        5.3770        4.9909       2 
        4.7132        3.8325       2 
        4.6462        2.8286       2 
        3.7327        1.9777       2 
        3.0168        0.9921       2 
        2.3137        0.7409       2 
        1.6622        0.3901       2 
        1.1041       -0.0519       2 

SUCCESS

Problem solved on 140 grid points.

------------------------------------------------------------

Attempt Newton solution of steady-state problem...

    log10(ss0)     log10(s1)   N_jac 
    ------------------------------------
        4.7292        2.0601       1 
        2.3970        0.0663       1 
        0.6144       -1.6010       1 

SUCCESS

Problem solved on 150 grid points.

------------------------------------------------------------

Attempt Newton solution of steady-state problem...

    log10(ss0)     log10(s1)   N_jac 
    ------------------------------------
        5.5214        2.4489       1 
        3.7822        1.0831       1 
        2.5019       -0.2169       1 

SUCCESS

Problem solved on 160 grid points.

------------------------------------------------------------

Attempt Newton solution of steady-state problem...

    log10(ss0)     log10(s1)   N_jac 
    ------------------------------------
        4.8466        2.1270       1 
        2.8758        0.8231       1 
        1.2033       -0.5987       1 

SUCCESS

Problem solved on 170 grid points.

------------------------------------------------------------

Attempt Newton solution of steady-state problem...

    log10(ss0)     log10(s1)   N_jac 
    ------------------------------------
        5.2047        2.3162       1 
        3.1572        1.0525       1 
        1.5981       -0.3099       1 

SUCCESS

Problem solved on 180 grid points.

------------------------------------------------------------

Attempt Newton solution of steady-state problem...

    log10(ss0)     log10(s1)   N_jac 
    ------------------------------------
        4.9503        1.8843       1 
        2.4390        0.5679       1 
        0.3888       -0.7691       1 

SUCCESS

Problem solved on 190 grid points.

------------------------------------------------------------

Attempt Newton solution of steady-state problem...

    log10(ss0)     log10(s1)   N_jac 
    ------------------------------------
        2.5368        1.6441       1 
        1.6042        0.2736       1 
       -0.0242       -1.0694       1 

SUCCESS

Problem solved on 200 grid points.

------------------------------------------------------------

Attempt Newton solution of steady-state problem...

    log10(ss0)     log10(s1)   N_jac 
    ------------------------------------
        2.8074        1.5056       1 
        1.2707        0.1092       1 
       -0.2786       -1.2237       1 

SUCCESS

Problem solved on 210 grid points.

------------------------------------------------------------

Attempt Newton solution of steady-state problem...

    log10(ss0)     log10(s1)   N_jac 
    ------------------------------------
        3.0848        1.2205       1 
        0.4152       -0.4361       1 

SUCCESS

Problem solved on 220 grid points.

------------------------------------------------------------

Attempt Newton solution of steady-state problem...

    log10(ss0)     log10(s1)   N_jac 
    ------------------------------------
        4.9588        1.3567       1 
        1.1086        0.0416       1 
       -0.2680       -1.2375       1 

SUCCESS

Problem solved on 230 grid points.

------------------------------------------------------------

Attempt Newton solution of steady-state problem...

    log10(ss0)     log10(s1)   N_jac 
    ------------------------------------
        4.7481        1.7298       1 
        1.2946        0.4617       1 
       -0.1558       -0.8003       1 

SUCCESS

Problem solved on 240 grid points.

------------------------------------------------------------

Attempt Newton solution of steady-state problem...

    log10(ss0)     log10(s1)   N_jac 
    ------------------------------------
        5.0452        1.7570       1 
        1.5273        0.4676       1 
        0.5355       -0.7884       1 

SUCCESS

Problem solved on 250 grid points.

------------------------------------------------------------

Attempt Newton solution of steady-state problem...

    log10(ss0)     log10(s1)   N_jac 
    ------------------------------------
        4.5468        1.6326       1 
        0.3142        0.4170       1 
       -0.2703       -0.7991       1 

SUCCESS

Problem solved on 260 grid points.

------------------------------------------------------------

Attempt Newton solution of steady-state problem...

    log10(ss0)     log10(s1)   N_jac 
    ------------------------------------
        4.9606        5.2908       1 
        5.4505        4.8625       1 
        5.4476        3.1921       1 
        4.4069        3.1755       1 
        2.6845        2.1401       1 
        2.2572        1.4223       1 
        1.2636        0.5931       1 
        0.0942       -0.1800       1 

SUCCESS

Problem solved on 270 grid points.

------------------------------------------------------------

Attempt Newton solution of steady-state problem...

    log10(ss0)     log10(s1)   N_jac 
    ------------------------------------
        4.7301        2.1167       1 
        1.8594        0.9518       1 
        0.3755       -0.2115       1 

SUCCESS

Problem solved on 280 grid points.

------------------------------------------------------------

Attempt Newton solution of steady-state problem...

    log10(ss0)     log10(s1)   N_jac 
    ------------------------------------
        4.9547        2.0451       1 
        1.5642        0.9229       1 
        0.4034       -0.2079       1 

SUCCESS

Problem solved on 290 grid points.

------------------------------------------------------------

Attempt Newton solution of steady-state problem...

    log10(ss0)     log10(s1)   N_jac 
    ------------------------------------
        4.9429        2.2239       1 
        2.1460        1.1336       1 
        0.6139        0.0516       1 
       -0.4622       -1.0285       1 

SUCCESS

Problem solved on 300 grid points.


==== Status of problem ====

Parser configured
Database configured
Mixture configured
Solution configured
Solver configured
Problem solved

==== END of Status ====

ULF run took 129.48 s

==== ULF END ====
