# RUNNING VERSION '1.07-1'
+==========================================================================================================+
|                                                                                                          |
|                                                                                              #           |
|                                                                                             ##           |
|                                                                                            ###           |
|                                                                                          ####            |
|                                                          TU Freiberg                    ######           |
|                                                          Chair of Numerical            #### ##           |
|                                                          Thermo-Fluid-Dynamics         ########          |
|        Universal Laminar Flame Solver                                                  #### #####        |
|                                                                                          ##########      |
|                                                                                                #####     |
|                            ###    ##########             ####  ################################# ###     |
|                           ####  ####                    #####     ####   ####          ######### ###     |
|                          ####  ####                    ######     ###   ###                  ### ###     |
|         ####      ####  ################              ###  ###   ###   #########   ###       ### ##      |
|        ####      ####  ################              ###   ###  ###   ########    ###       ### ###      |
|       ####       ###  #### ####                     ###    ### ###   ###         ##       ### ###        |
|       #####   #####  #### ####                     ###      #####   ###         ###    ##### ###         |
|        ##########   ####  ###                     ###       #############      ########## #####          |
|                                                        #######################################           |
|                                                      ###               #####################             |
|                                                                             ############                 |
|                                                                                                          |
+==========================================================================================================+
                                                                                                            
ULF run at Sat Sep 12 00:06:27 2015



==== Status of problem ====

Parser configured
Database configured
Mixture configured
Solution configured
Solver configured
Problem NOT solved

==== END of Status ====
------------------------------------------------------------

Attempt Newton solution of steady-state problem...

At limits.

FAILURE

------------------------------------------------------------
Transient mode: take 50 timesteps   

 step    size (s)    log10(ss) 
===============================
    0        0.01       6.191
    0       0.005       6.191
    0      0.0025       6.191
    0     0.00125       6.191
    0    0.000625       6.191
    0   0.0003125       6.191
    0   0.0001562       6.191
    0   7.812e-05       6.191
    0   3.906e-05       6.191
    0   1.953e-05       6.191
    0   9.766e-06       6.191
    0   4.883e-06       6.191
    0   2.441e-06       6.191
    0   1.221e-06       6.191
    0   6.104e-07       6.191
    1   6.104e-07       6.173
    2   6.104e-07       6.154
    3   9.155e-07       6.136
    4   9.155e-07       6.109
    5   9.155e-07       6.104
    6   1.373e-06       6.105
    7   1.373e-06       6.107
    8   1.373e-06       6.109
    9    2.06e-06        6.11
   10    2.06e-06       6.111
   11    2.06e-06       6.111
   12    3.09e-06        6.11
   13    3.09e-06       6.108
   14    3.09e-06       6.106
   15   4.635e-06       6.108
   16   4.635e-06       6.117
   17   4.635e-06       6.121
   18   6.952e-06       6.122
   19   6.952e-06       6.118
   20   6.952e-06       6.113
   21   1.043e-05       6.107
   22   1.043e-05       6.096
   23   1.043e-05       6.084
   24   1.043e-05       6.073
   25   1.564e-05       6.061
   26   1.564e-05       6.044
   27   1.564e-05       6.027
   28   2.346e-05       6.011
   29   2.346e-05       5.988
   30   2.346e-05       5.966
   31   2.346e-05       5.945
   32    3.52e-05       5.925
   33    3.52e-05       5.896
   34    3.52e-05        5.87
   35    3.52e-05       5.844
   36   5.279e-05        5.82
   37   5.279e-05       5.787
   38   5.279e-05       5.755
   39   7.919e-05       5.725
   40   7.919e-05       5.684
   41   7.919e-05       5.646
   42   7.919e-05       5.609
   43   7.919e-05       5.575
   44   0.0001188       5.542
   45   0.0001188       5.496
   46   0.0001188       5.452
   47   0.0001188        5.41
   48   0.0001188       5.369
   49   0.0001782       5.329
  0.0001782      5.273 
------------------------------------------------------------

Attempt Newton solution of steady-state problem...

At limits.

FAILURE

------------------------------------------------------------
Transient mode: take 50 timesteps   

 step    size (s)    log10(ss) 
===============================
    0   0.0001782       5.273
    1   0.0001782       5.228
    2   0.0001782       5.196
    3   0.0002673       5.165
    4   0.0002673        5.12
    5   0.0002673       5.075
    6   0.0002673       5.032
    7   0.0002673       5.007
    8   0.0004009       5.003
    9   0.0004009       5.015
   10   0.0004009       5.036
   11   0.0004009       5.061
   12   0.0004009       5.085
   13   0.0004009       5.107
   14   0.0006014       5.124
   15   0.0006014       5.139
   16   0.0006014        5.14
   17   0.0006014       5.128
   18   0.0006014       5.113
   19   0.0006014       5.129
   20    0.000902        5.13
   21    0.000902       5.113
   22    0.000902        5.08
   23    0.000902       5.038
   24    0.000902       4.996
   25    0.000902       4.999
   26    0.000902       4.984
   27    0.001353       4.957
   28    0.001353       4.906
   29    0.001353       4.847
   30    0.001353       4.798
   31    0.001353       4.773
   32    0.001353       4.733
   33    0.001353       4.687
   34     0.00203       4.639
   35     0.00203        4.57
   36     0.00203       4.507
   37     0.00203       4.458
   38     0.00203       4.401
   39    0.003044        4.34
   40    0.003044        4.25
   41    0.003044       4.156
   42    0.004567       4.084
   43    0.004567       3.976
   44    0.004567       3.861
   45    0.004567       3.741
   46     0.00685       3.627
   47     0.00685       3.492
   48     0.00685       3.384
   49        0.01       3.312
       0.01      3.208 
------------------------------------------------------------

Attempt Newton solution of steady-state problem...

    log10(ss0)     log10(s1)   N_jac 
    ------------------------------------
        3.2079        5.1369       93 

At limits.
        4.3033        3.7922       94 
        3.9771        2.9180       94 
        3.4517        2.2143       94 
        2.7684        1.3786       94 
        2.0625        0.5780       94 
        1.3838        0.1660       94 
        0.6355        0.0074       94 
       -0.1494       -0.1414       94 

SUCCESS

Problem solved on 30 grid points.

------------------------------------------------------------

Attempt Newton solution of steady-state problem...

    log10(ss0)     log10(s1)   N_jac 
    ------------------------------------
        6.6086        4.9677       1 

At limits.
        6.2776        4.2239       2 
        5.3007        3.8779       2 
        4.8178        3.5430       2 
        4.4500        3.2375       2 
        4.1152        2.9380       2 
        3.7924        2.6406       2 
        3.4772        2.3436       2 
        3.1672        2.0468       2 
        2.8608        1.7498       2 
        2.5568        1.4525       2 
        2.2545        1.1551       2 
        1.9534       -2.4883       3 

SUCCESS

Problem solved on 40 grid points.

------------------------------------------------------------

Attempt Newton solution of steady-state problem...

    log10(ss0)     log10(s1)   N_jac 
    ------------------------------------
        5.7236        3.5541       1 
        3.2073        2.2128       1 
        2.8744        1.6702       1 
        2.1530        0.5121       1 
        0.8123       -0.2089       1 

SUCCESS

Problem solved on 50 grid points.

------------------------------------------------------------

Attempt Newton solution of steady-state problem...

    log10(ss0)     log10(s1)   N_jac 
    ------------------------------------
        6.1497        4.0640       1 
        4.6806        3.0042       1 
        3.9159        2.3408       1 
        2.9810        1.4530       1 
        2.3219        0.7080       1 
        1.5191       -0.1832       1 

SUCCESS

Problem solved on 60 grid points.

------------------------------------------------------------

Attempt Newton solution of steady-state problem...

    log10(ss0)     log10(s1)   N_jac 
    ------------------------------------
        5.8468        3.6405       1 
        4.0259        2.6913       1 
        3.3131        1.7486       1 
        2.6922        0.8050       1 
        1.8754       -0.1135       1 

SUCCESS

Problem solved on 70 grid points.

------------------------------------------------------------

Attempt Newton solution of steady-state problem...

    log10(ss0)     log10(s1)   N_jac 
    ------------------------------------
        5.6027        2.4785       1 
        3.3849        0.6901       1 
        1.5088       -0.4275       1 

SUCCESS

Problem solved on 80 grid points.

------------------------------------------------------------

Attempt Newton solution of steady-state problem...

    log10(ss0)     log10(s1)   N_jac 
    ------------------------------------
        5.0613        2.5751       1 
        3.0090        1.3075       1 
        1.6327        0.0233       1 
        0.5246       -1.2617       1 

SUCCESS

Problem solved on 90 grid points.

------------------------------------------------------------

Attempt Newton solution of steady-state problem...

    log10(ss0)     log10(s1)   N_jac 
    ------------------------------------
        5.0669        2.5239       1 
        3.2343        0.9643       1 
        1.6323       -0.5419       1 

SUCCESS

Problem solved on 100 grid points.

------------------------------------------------------------

Attempt Newton solution of steady-state problem...

    log10(ss0)     log10(s1)   N_jac 
    ------------------------------------
        5.1250        2.6591       1 
        3.0291        1.2263       1 
        1.6193       -0.2649       1 

SUCCESS

Problem solved on 110 grid points.

------------------------------------------------------------

Attempt Newton solution of steady-state problem...

    log10(ss0)     log10(s1)   N_jac 
    ------------------------------------
        4.7499        2.7171       1 
        3.4258        0.9954       1 
        1.8470       -0.5213       1 

SUCCESS

Problem solved on 120 grid points.

------------------------------------------------------------

Attempt Newton solution of steady-state problem...

    log10(ss0)     log10(s1)   N_jac 
    ------------------------------------
        5.6932        2.8716       1 
        3.8056        1.6317       1 
        2.6380        0.3916       1 
        1.2263       -0.8635       1 

SUCCESS

Problem solved on 130 grid points.

------------------------------------------------------------

Attempt Newton solution of steady-state problem...

    log10(ss0)     log10(s1)   N_jac 
    ------------------------------------
        5.7058        2.5481       1 
        2.9800        1.1303       1 
        1.6128       -0.2869       1 

SUCCESS

Problem solved on 140 grid points.

------------------------------------------------------------

Attempt Newton solution of steady-state problem...

    log10(ss0)     log10(s1)   N_jac 
    ------------------------------------
        5.5436        1.6751       1 
        2.5635       -0.4929       1 

SUCCESS

Problem solved on 150 grid points.

------------------------------------------------------------

Attempt Newton solution of steady-state problem...

    log10(ss0)     log10(s1)   N_jac 
    ------------------------------------
        5.0144        1.5313       1 
        1.8004       -0.4765       1 

SUCCESS

Problem solved on 160 grid points.

------------------------------------------------------------

Attempt Newton solution of steady-state problem...

    log10(ss0)     log10(s1)   N_jac 
    ------------------------------------
        5.0459        1.4854       1 
        1.7674       -0.5446       1 

SUCCESS

Problem solved on 170 grid points.

------------------------------------------------------------

Attempt Newton solution of steady-state problem...

    log10(ss0)     log10(s1)   N_jac 
    ------------------------------------
        5.0863        2.0350       1 
        2.5626        0.3847       1 
        1.0295       -1.2150       1 

SUCCESS

Problem solved on 180 grid points.

------------------------------------------------------------

Attempt Newton solution of steady-state problem...

    log10(ss0)     log10(s1)   N_jac 
    ------------------------------------
        5.5744        2.2260       1 
        2.5903        0.8315       1 
        1.2055       -0.5616       1 

SUCCESS

Problem solved on 190 grid points.

------------------------------------------------------------

Attempt Newton solution of steady-state problem...

    log10(ss0)     log10(s1)   N_jac 
    ------------------------------------
        4.4209        1.4357       1 
        1.9080       -0.6398       1 

SUCCESS

Problem solved on 200 grid points.

------------------------------------------------------------

Attempt Newton solution of steady-state problem...

    log10(ss0)     log10(s1)   N_jac 
    ------------------------------------
        5.0972        1.4394       1 
        1.5986       -0.5679       1 

SUCCESS

Problem solved on 210 grid points.

------------------------------------------------------------

Attempt Newton solution of steady-state problem...

    log10(ss0)     log10(s1)   N_jac 
    ------------------------------------
        5.0897        2.0144       1 
        2.2561        0.7430       1 
        0.6519       -0.5121       1 

SUCCESS

Problem solved on 220 grid points.

------------------------------------------------------------

Attempt Newton solution of steady-state problem...

    log10(ss0)     log10(s1)   N_jac 
    ------------------------------------
        4.6755        2.2224       1 
        1.8741        0.8526       1 
        0.3611       -0.4200       1 

SUCCESS

Problem solved on 230 grid points.

------------------------------------------------------------

Attempt Newton solution of steady-state problem...

    log10(ss0)     log10(s1)   N_jac 
    ------------------------------------
        5.3578        2.2369       1 
        1.8315        1.0091       1 
        0.8930       -0.1998       1 

SUCCESS

Problem solved on 240 grid points.

------------------------------------------------------------

Attempt Newton solution of steady-state problem...

    log10(ss0)     log10(s1)   N_jac 
    ------------------------------------
        5.0088        1.9167       1 
        2.4270        0.4189       1 
        0.7867       -0.8411       1 

SUCCESS

Problem solved on 250 grid points.

------------------------------------------------------------

Attempt Newton solution of steady-state problem...

    log10(ss0)     log10(s1)   N_jac 
    ------------------------------------
        5.6799        2.4390       1 
        2.5419        1.2652       1 
        1.3542        0.1160       1 
        0.1411       -1.0273       1 

SUCCESS

Problem solved on 260 grid points.

------------------------------------------------------------

Attempt Newton solution of steady-state problem...

    log10(ss0)     log10(s1)   N_jac 
    ------------------------------------
        5.6670        2.1464       1 
        2.1374        0.9482       1 
        1.1933       -0.1778       1 

SUCCESS

Problem solved on 270 grid points.

------------------------------------------------------------

Attempt Newton solution of steady-state problem...

    log10(ss0)     log10(s1)   N_jac 
    ------------------------------------
        5.5769        1.7361       1 
        1.8840        0.6017       1 
        0.6286       -0.4881       1 

SUCCESS

Problem solved on 280 grid points.

------------------------------------------------------------

Attempt Newton solution of steady-state problem...

    log10(ss0)     log10(s1)   N_jac 
    ------------------------------------
        3.5156        1.7013       1 
        1.3414        0.5982       1 
        0.0525       -0.4829       1 

SUCCESS

Problem solved on 290 grid points.

------------------------------------------------------------

Attempt Newton solution of steady-state problem...

    log10(ss0)     log10(s1)   N_jac 
    ------------------------------------
        4.9637        1.4987       1 
        1.2251        0.4290       1 
        0.0151       -0.6245       1 

SUCCESS

Problem solved on 300 grid points.


==== Status of problem ====

Parser configured
Database configured
Mixture configured
Solution configured
Solver configured
Problem solved

==== END of Status ====

ULF run took 107.97 s

==== ULF END ====
