# RUNNING VERSION '1.07-1'
+==========================================================================================================+
|                                                                                                          |
|                                                                                              #           |
|                                                                                             ##           |
|                                                                                            ###           |
|                                                                                          ####            |
|                                                          TU Freiberg                    ######           |
|                                                          Chair of Numerical            #### ##           |
|                                                          Thermo-Fluid-Dynamics         ########          |
|        Universal Laminar Flame Solver                                                  #### #####        |
|                                                                                          ##########      |
|                                                                                                #####     |
|                            ###    ##########             ####  ################################# ###     |
|                           ####  ####                    #####     ####   ####          ######### ###     |
|                          ####  ####                    ######     ###   ###                  ### ###     |
|         ####      ####  ################              ###  ###   ###   #########   ###       ### ##      |
|        ####      ####  ################              ###   ###  ###   ########    ###       ### ###      |
|       ####       ###  #### ####                     ###    ### ###   ###         ##       ### ###        |
|       #####   #####  #### ####                     ###      #####   ###         ###    ##### ###         |
|        ##########   ####  ###                     ###       #############      ########## #####          |
|                                                        #######################################           |
|                                                      ###               #####################             |
|                                                                             ############                 |
|                                                                                                          |
+==========================================================================================================+
                                                                                                            
ULF run at Sat Sep 12 00:10:06 2015



==== Status of problem ====

Parser configured
Database configured
Mixture configured
Solution configured
Solver configured
Problem NOT solved

==== END of Status ====
------------------------------------------------------------

Attempt Newton solution of steady-state problem...

At limits.

FAILURE

------------------------------------------------------------
Transient mode: take 50 timesteps   

 step    size (s)    log10(ss) 
===============================
    0        0.01       6.328
    0       0.005       6.328
    0      0.0025       6.328
    0     0.00125       6.328
    0    0.000625       6.328
    0   0.0003125       6.328
    0   0.0001562       6.328
    0   7.812e-05       6.328
    0   3.906e-05       6.328
    0   1.953e-05       6.328
    0   9.766e-06       6.328
    0   4.883e-06       6.328
    0   2.441e-06       6.328
    0   1.221e-06       6.328
    0   6.104e-07       6.328
    1   6.104e-07       6.265
    2   9.155e-07       6.266
    3   9.155e-07       6.267
    4   1.373e-06       6.268
    5   1.373e-06       6.269
    6   1.373e-06       6.269
    7    2.06e-06       6.269
    8    2.06e-06       6.269
    9    2.06e-06       6.268
   10    3.09e-06       6.267
   11    3.09e-06       6.264
   12    3.09e-06        6.26
   13   4.635e-06       6.256
   14   4.635e-06       6.249
   15   4.635e-06       6.243
   16   6.952e-06       6.236
   17   6.952e-06       6.228
   18   6.952e-06       6.219
   19   6.952e-06       6.211
   20   1.043e-05       6.203
   21   1.043e-05       6.191
   22   1.043e-05        6.18
   23   1.564e-05       6.168
   24   1.564e-05       6.151
   25   1.564e-05       6.134
   26   1.564e-05       6.118
   27   2.346e-05       6.101
   28   2.346e-05       6.077
   29   2.346e-05       6.053
   30    3.52e-05        6.03
   31    3.52e-05       5.997
   32    3.52e-05       5.965
   33    3.52e-05       5.934
   34   5.279e-05       5.904
   35   5.279e-05       5.861
   36   5.279e-05       5.821
   37   5.279e-05       5.784
   38   7.919e-05       5.748
   39   7.919e-05       5.698
   40   7.919e-05       5.651
   41   7.919e-05       5.607
   42   0.0001188       5.565
   43   0.0001188       5.507
   44   0.0001188       5.452
   45   0.0001188       5.409
   46   0.0001782       5.368
   47   0.0001782       5.309
   48   0.0001782       5.251
   49   0.0001782       5.196
  0.0001782      5.149 
------------------------------------------------------------

Attempt Newton solution of steady-state problem...

    log10(ss0)     log10(s1)   N_jac 
    ------------------------------------
        5.1493        5.1640       52 
        5.2095        5.1299       52 
        5.8277        5.1141       52 

At limits.

At limits.

FAILURE

------------------------------------------------------------
Transient mode: take 50 timesteps   

 step    size (s)    log10(ss) 
===============================
    0   0.0001782       5.149
    1   0.0001782       5.113
    2   0.0001782       5.079
    3   0.0001782       5.047
    4   0.0001782       5.017
    5   0.0002673       4.989
    6   0.0002673       4.947
    7   0.0002673       4.907
    8   0.0002673       4.867
    9   0.0004009       4.826
   10   0.0004009       4.789
   11   0.0004009       4.809
   12   0.0004009       4.807
   13   0.0006014       4.834
   14   0.0006014       4.859
   15   0.0006014       4.856
   16   0.0006014       4.832
   17   0.0006014       4.795
   18    0.000902       4.753
   19    0.000902       4.725
   20    0.000902       4.696
   21    0.000902       4.658
   22    0.001353       4.613
   23    0.001353       4.539
   24    0.001353       4.456
   25     0.00203       4.374
   26     0.00203       4.282
   27     0.00203       4.179
   28     0.00203       4.067
   29    0.003044       3.949
   30    0.003044       3.773
   31    0.003044       3.631
   32    0.004567       3.496
   33    0.004567       3.344
   34    0.004567       3.228
   35     0.00685       3.112
   36     0.00685       2.943
   37        0.01       2.768
   38        0.01       2.523
   39        0.01       2.278
   40        0.01       2.044
   41        0.01       1.823
   42        0.01        1.61
   43        0.01        1.41
   44        0.01       1.223
   45        0.01       1.048
   46        0.01      0.8837
   47        0.01      0.7259
   48        0.01      0.5716
   49        0.01        0.42
       0.01     0.2684 
------------------------------------------------------------

Attempt Newton solution of steady-state problem...

    log10(ss0)     log10(s1)   N_jac 
    ------------------------------------
        0.2684       -1.9175       86 

SUCCESS

Problem solved on 30 grid points.

------------------------------------------------------------

Attempt Newton solution of steady-state problem...

    log10(ss0)     log10(s1)   N_jac 
    ------------------------------------
        7.0691        5.0914       1 

At limits.
        6.7270        4.5915       2 
        6.0791        4.3385       2 
        5.6903        4.1063       2 
        5.4096        3.8953       2 
        5.1674        3.6920       2 
        4.9404        3.4913       2 
        4.7217        3.2912       2 
        4.5080        3.0906       2 
        4.2975        2.8893       2 
        4.0890        2.6872       2 
        3.8820        2.4845       2 
        3.6758        0.2348       3 
        0.6798       -2.2180       3 

SUCCESS

Problem solved on 40 grid points.

------------------------------------------------------------

Attempt Newton solution of steady-state problem...

    log10(ss0)     log10(s1)   N_jac 
    ------------------------------------
        6.3919        4.6649       1 
        5.5675        4.5844       1 

At limits.
        5.4430        2.8984       2 
        4.1298        1.3467       2 
        2.2012       -0.0624       2 

SUCCESS

Problem solved on 50 grid points.

------------------------------------------------------------

Attempt Newton solution of steady-state problem...

    log10(ss0)     log10(s1)   N_jac 
    ------------------------------------
        6.0782        4.1516       1 
        4.1122        3.6030       1 
        3.7045        2.6785       1 
        3.6109        2.2061       1 
        2.3715        1.3020       1 
        2.1692        0.7979       1 
        0.5593       -0.0278       1 

SUCCESS

Problem solved on 60 grid points.

------------------------------------------------------------

Attempt Newton solution of steady-state problem...

    log10(ss0)     log10(s1)   N_jac 
    ------------------------------------
        5.3557        3.2722       1 
        4.0574        2.3295       1 
        2.6150        1.3453       1 
        2.1018        0.3618       1 
        1.0554       -0.6238       1 

SUCCESS

Problem solved on 70 grid points.

------------------------------------------------------------

Attempt Newton solution of steady-state problem...

    log10(ss0)     log10(s1)   N_jac 
    ------------------------------------
        6.2284        3.2504       1 
        4.7961        2.0177       1 
        3.8767        0.9633       1 
        2.9195       -0.0120       1 

SUCCESS

Problem solved on 80 grid points.

------------------------------------------------------------

Attempt Newton solution of steady-state problem...

    log10(ss0)     log10(s1)   N_jac 
    ------------------------------------
        5.4607        3.5323       1 
        3.7877        2.5425       1 
        2.8946        1.5407       1 
        1.8835        0.5704       1 
        0.8901       -0.4128       1 

SUCCESS

Problem solved on 90 grid points.

------------------------------------------------------------

Attempt Newton solution of steady-state problem...

    log10(ss0)     log10(s1)   N_jac 
    ------------------------------------
        6.0654        3.1582       1 
        3.9901        1.9373       1 
        3.1132        0.7107       1 
        2.0689       -0.4793       1 

SUCCESS

Problem solved on 100 grid points.

------------------------------------------------------------

Attempt Newton solution of steady-state problem...

    log10(ss0)     log10(s1)   N_jac 
    ------------------------------------
        5.3323        2.1410       1 
        3.1613        0.0356       1 
        1.6574       -1.7100       1 

SUCCESS

Problem solved on 110 grid points.

------------------------------------------------------------

Attempt Newton solution of steady-state problem...

    log10(ss0)     log10(s1)   N_jac 
    ------------------------------------
        5.3660        2.0233       1 
        3.5499        0.5614       1 
        1.9193       -1.5253       1 

SUCCESS

Problem solved on 120 grid points.

------------------------------------------------------------

Attempt Newton solution of steady-state problem...

    log10(ss0)     log10(s1)   N_jac 
    ------------------------------------
        4.8990        1.9471       1 
        3.1881       -0.1654       1 

SUCCESS

Problem solved on 130 grid points.

------------------------------------------------------------

Attempt Newton solution of steady-state problem...

    log10(ss0)     log10(s1)   N_jac 
    ------------------------------------
        4.6642        2.1901       1 
        2.3873        0.4154       1 
        0.8776       -1.3070       1 

SUCCESS

Problem solved on 140 grid points.

------------------------------------------------------------

Attempt Newton solution of steady-state problem...

    log10(ss0)     log10(s1)   N_jac 
    ------------------------------------
        5.3855        2.0614       1 
        2.5020        0.2986       1 
        0.7126       -1.4293       1 

SUCCESS

Problem solved on 150 grid points.

------------------------------------------------------------

Attempt Newton solution of steady-state problem...

    log10(ss0)     log10(s1)   N_jac 
    ------------------------------------
        5.9223        2.7668       1 
        3.8301        1.0667       1 
        2.1808       -0.5225       1 

SUCCESS

Problem solved on 160 grid points.

------------------------------------------------------------

Attempt Newton solution of steady-state problem...

    log10(ss0)     log10(s1)   N_jac 
    ------------------------------------
        5.7434        3.0060       1 
        3.5196        1.7091       1 
        2.6775        0.4064       1 
        1.4248       -0.8856       1 

SUCCESS

Problem solved on 170 grid points.

------------------------------------------------------------

Attempt Newton solution of steady-state problem...

    log10(ss0)     log10(s1)   N_jac 
    ------------------------------------
        6.0090        2.7203       1 
        3.3569        1.3338       1 
        2.2003       -0.0620       1 

SUCCESS

Problem solved on 180 grid points.

------------------------------------------------------------

Attempt Newton solution of steady-state problem...

    log10(ss0)     log10(s1)   N_jac 
    ------------------------------------
        6.0053        2.2512       1 
        2.9823        0.6706       1 
        1.6909       -0.8382       1 

SUCCESS

Problem solved on 190 grid points.

------------------------------------------------------------

Attempt Newton solution of steady-state problem...

    log10(ss0)     log10(s1)   N_jac 
    ------------------------------------
        5.3449        2.0720       1 
        2.4045        0.7190       1 
        0.9532       -0.6268       1 

SUCCESS

Problem solved on 200 grid points.

------------------------------------------------------------

Attempt Newton solution of steady-state problem...

    log10(ss0)     log10(s1)   N_jac 
    ------------------------------------
        4.9176        1.8090       1 
        1.8556        0.4619       1 
        0.4367       -0.8451       1 

SUCCESS

Problem solved on 210 grid points.

------------------------------------------------------------

Attempt Newton solution of steady-state problem...

    log10(ss0)     log10(s1)   N_jac 
    ------------------------------------
        4.6524        1.7386       1 
        1.9493        0.3958       1 
        0.4617       -0.8861       1 

SUCCESS

Problem solved on 220 grid points.

------------------------------------------------------------

Attempt Newton solution of steady-state problem...

    log10(ss0)     log10(s1)   N_jac 
    ------------------------------------
        5.3645        1.4344       1 
        1.8916        0.1257       1 
        0.2292       -1.1218       1 

SUCCESS

Problem solved on 230 grid points.

------------------------------------------------------------

Attempt Newton solution of steady-state problem...

    log10(ss0)     log10(s1)   N_jac 
    ------------------------------------
        4.0430        1.3574       1 
        1.4642       -0.1833       1 

SUCCESS

Problem solved on 240 grid points.

------------------------------------------------------------

Attempt Newton solution of steady-state problem...

    log10(ss0)     log10(s1)   N_jac 
    ------------------------------------
        3.3673        1.3427       1 
        1.5762        0.0394       1 
        0.0951       -1.2011       1 

SUCCESS

Problem solved on 250 grid points.

------------------------------------------------------------

Attempt Newton solution of steady-state problem...

    log10(ss0)     log10(s1)   N_jac 
    ------------------------------------
        4.6367        1.4001       1 
        1.7203        0.1969       1 
        0.1056       -1.0272       1 

SUCCESS

Problem solved on 260 grid points.

------------------------------------------------------------

Attempt Newton solution of steady-state problem...

    log10(ss0)     log10(s1)   N_jac 
    ------------------------------------
        5.3788        1.6163       1 
        1.8059        0.4094       1 
        0.4657       -0.7861       1 

SUCCESS

Problem solved on 270 grid points.

------------------------------------------------------------

Attempt Newton solution of steady-state problem...

    log10(ss0)     log10(s1)   N_jac 
    ------------------------------------
        4.6174        1.8474       1 
        2.0280        0.5096       1 
        0.4718       -0.6957       1 

SUCCESS

Problem solved on 280 grid points.

------------------------------------------------------------

Attempt Newton solution of steady-state problem...

    log10(ss0)     log10(s1)   N_jac 
    ------------------------------------
        5.3893        1.8445       1 
        1.9385        0.6581       1 
        0.5838       -0.4917       1 

SUCCESS

Problem solved on 290 grid points.

------------------------------------------------------------

Attempt Newton solution of steady-state problem...

    log10(ss0)     log10(s1)   N_jac 
    ------------------------------------
        5.3958        1.8089       1 
        2.1270       -0.0062       1 

SUCCESS

Problem solved on 300 grid points.


==== Status of problem ====

Parser configured
Database configured
Mixture configured
Solution configured
Solver configured
Problem solved

==== END of Status ====

ULF run took 105.06 s

==== ULF END ====
