# RUNNING VERSION '1.07-1'
+==========================================================================================================+
|                                                                                                          |
|                                                                                              #           |
|                                                                                             ##           |
|                                                                                            ###           |
|                                                                                          ####            |
|                                                          TU Freiberg                    ######           |
|                                                          Chair of Numerical            #### ##           |
|                                                          Thermo-Fluid-Dynamics         ########          |
|        Universal Laminar Flame Solver                                                  #### #####        |
|                                                                                          ##########      |
|                                                                                                #####     |
|                            ###    ##########             ####  ################################# ###     |
|                           ####  ####                    #####     ####   ####          ######### ###     |
|                          ####  ####                    ######     ###   ###                  ### ###     |
|         ####      ####  ################              ###  ###   ###   #########   ###       ### ##      |
|        ####      ####  ################              ###   ###  ###   ########    ###       ### ###      |
|       ####       ###  #### ####                     ###    ### ###   ###         ##       ### ###        |
|       #####   #####  #### ####                     ###      #####   ###         ###    ##### ###         |
|        ##########   ####  ###                     ###       #############      ########## #####          |
|                                                        #######################################           |
|                                                      ###               #####################             |
|                                                                             ############                 |
|                                                                                                          |
+==========================================================================================================+
                                                                                                            
ULF run at Sat Sep 12 00:11:52 2015



==== Status of problem ====

Parser configured
Database configured
Mixture configured
Solution configured
Solver configured
Problem NOT solved

==== END of Status ====
------------------------------------------------------------

Attempt Newton solution of steady-state problem...

At limits.

FAILURE

------------------------------------------------------------
Transient mode: take 50 timesteps   

 step    size (s)    log10(ss) 
===============================
    0        0.01       6.399
    0       0.005       6.399
    0      0.0025       6.399
    0     0.00125       6.399
    0    0.000625       6.399
    0   0.0003125       6.399
    0   0.0001562       6.399
    0   7.812e-05       6.399
    0   3.906e-05       6.399
    0   1.953e-05       6.399
    0   9.766e-06       6.399
    0   4.883e-06       6.399
    0   2.441e-06       6.399
    0   1.221e-06       6.399
    0   6.104e-07       6.399
    1   6.104e-07       6.331
    2   9.155e-07       6.331
    3   9.155e-07       6.332
    4   1.373e-06       6.332
    5   1.373e-06       6.333
    6   1.373e-06       6.333
    7    2.06e-06       6.332
    8    2.06e-06       6.332
    9    2.06e-06        6.33
   10    3.09e-06       6.328
   11    3.09e-06       6.324
   12    3.09e-06        6.32
   13   4.635e-06       6.315
   14   4.635e-06       6.308
   15   4.635e-06       6.301
   16   6.952e-06       6.294
   17   6.952e-06       6.284
   18   6.952e-06       6.275
   19   6.952e-06       6.265
   20   1.043e-05       6.256
   21   1.043e-05       6.243
   22   1.043e-05        6.23
   23   1.564e-05       6.217
   24   1.564e-05       6.198
   25   1.564e-05        6.18
   26   1.564e-05       6.162
   27   2.346e-05       6.144
   28   2.346e-05       6.118
   29   2.346e-05       6.092
   30    3.52e-05       6.068
   31    3.52e-05       6.032
   32    3.52e-05       5.999
   33    3.52e-05       5.966
   34   5.279e-05       5.935
   35   5.279e-05       5.892
   36   5.279e-05       5.851
   37   5.279e-05       5.812
   38   7.919e-05       5.775
   39   7.919e-05       5.725
   40   7.919e-05       5.678
   41   7.919e-05       5.634
   42   0.0001188       5.593
   43   0.0001188       5.536
   44   0.0001188       5.482
   45   0.0001188        5.43
   46   0.0001782       5.381
   47   0.0001782        5.31
   48   0.0001782       5.247
   49   0.0001782       5.192
  0.0001782      5.138 
------------------------------------------------------------

Attempt Newton solution of steady-state problem...

    log10(ss0)     log10(s1)   N_jac 
    ------------------------------------
        5.1377        5.1279       52 
        5.1197        5.1279       52 
        5.1176        5.1279       52 

At limits.

FAILURE

------------------------------------------------------------
Transient mode: take 50 timesteps   

 step    size (s)    log10(ss) 
===============================
    0   0.0001782       5.138
    1   0.0001782         5.1
    2   0.0001782       5.063
    3   0.0002673       5.028
    4   0.0002673        4.98
    5   0.0002673       4.937
    6   0.0002673       4.898
    7   0.0004009        4.86
    8   0.0004009       4.806
    9   0.0004009       4.759
   10   0.0004009       4.715
   11   0.0006014        4.72
   12   0.0006014       4.714
   13   0.0006014       4.683
   14   0.0006014       4.693
   15    0.000902       4.691
   16    0.000902       4.662
   17    0.000902       4.613
   18    0.000902       4.552
   19    0.001353       4.482
   20    0.001353       4.397
   21    0.001353       4.324
   22     0.00203       4.241
   23     0.00203       4.109
   24     0.00203       3.967
   25    0.003044       3.828
   26    0.003044       3.673
   27    0.003044       3.505
   28    0.004567       3.327
   29    0.004567       3.151
   30    0.004567       2.996
   31     0.00685       2.861
   32     0.00685       2.725
   33        0.01       2.566
   34        0.01       2.332
   35        0.01       2.095
   36        0.01        1.86
   37        0.01       1.633
   38        0.01       1.413
   39        0.01       1.202
   40        0.01      0.9958
   41        0.01      0.7937
   42        0.01      0.5948
   43        0.01      0.4007
   44        0.01      0.2073
   45        0.01     0.01606
   46        0.01     -0.1767
   47        0.01     -0.3621
   48        0.01     -0.5489
   49        0.01     -0.7147
       0.01    -0.8814 
------------------------------------------------------------

Attempt Newton solution of steady-state problem...

    log10(ss0)     log10(s1)   N_jac 
    ------------------------------------
       -0.8814        0.3731       81 
       -1.0861        0.1694       81 
       -1.2917       -0.0349       81 

SUCCESS

Problem solved on 30 grid points.

------------------------------------------------------------

Attempt Newton solution of steady-state problem...

    log10(ss0)     log10(s1)   N_jac 
    ------------------------------------
        6.6308        5.5802       1 

At limits.

At limits.

FAILURE

------------------------------------------------------------
Transient mode: take 50 timesteps   

 step    size (s)    log10(ss) 
===============================
    0        0.01       6.631
    0       0.005       6.631
    1      0.0075       4.034
    2      0.0075       3.637
    3        0.01       3.313
    4        0.01       2.959
    5        0.01       2.607
    6        0.01       2.292
    7        0.01       2.078
    8        0.01       1.863
    9        0.01       1.643
   10        0.01       1.419
   11        0.01       1.193
   12        0.01      0.9716
   13        0.01      0.7733
   14        0.01      0.6064
   15        0.01      0.4352
   16        0.01       0.271
   17        0.01      0.1016
   18        0.01    -0.06344
   19        0.01     -0.2318
   20        0.01     -0.4029
   21        0.01     -0.5554
   22        0.01     -0.7094
   23        0.01     -0.8151
   24        0.01     -0.9212
   25        0.01      -1.028
   26        0.01      -1.135
   27        0.01      -1.243
   28        0.01      -1.351
   29        0.01       -1.46
   30        0.01      -1.568
   31        0.01      -1.676
   32        0.01      -1.785
   33        0.01      -1.894
   34        0.01      -2.003
   35        0.01      -2.112
   36        0.01      -2.222
   37        0.01      -2.332
   38        0.01      -2.442
   39        0.01      -2.553
   40        0.01      -2.664
   41        0.01      -2.774
   42        0.01      -2.885
   43        0.01      -2.997
   44        0.01      -3.108
   45        0.01      -3.219
   46        0.01      -3.331
   47        0.01      -3.443
   48        0.01      -3.555
   49        0.01      -3.667
       0.01     -3.779 
------------------------------------------------------------

Attempt Newton solution of steady-state problem...

    log10(ss0)     log10(s1)   N_jac 
    ------------------------------------
       -3.7786       -2.6176       11 

SUCCESS

Problem solved on 40 grid points.

------------------------------------------------------------

Attempt Newton solution of steady-state problem...

    log10(ss0)     log10(s1)   N_jac 
    ------------------------------------
        6.6494        4.7374       1 

At limits.
        6.0093        3.3138       2 
        4.2069        1.8954       2 
        3.3141        0.7175       2 
        1.7175       -0.1311       2 

SUCCESS

Problem solved on 50 grid points.

------------------------------------------------------------

Attempt Newton solution of steady-state problem...

    log10(ss0)     log10(s1)   N_jac 
    ------------------------------------
        6.3585        4.1700       1 
        5.0127        3.4093       1 
        4.6657        2.7074       1 
        4.1563        1.9891       1 
        3.5567        1.3713       1 
        2.9724        0.8863       1 
        2.3864        0.4332       1 
        1.8169       -0.0412       1 

SUCCESS

Problem solved on 60 grid points.

------------------------------------------------------------

Attempt Newton solution of steady-state problem...

    log10(ss0)     log10(s1)   N_jac 
    ------------------------------------
        5.0098        3.5454       1 
        3.7216        2.6284       1 
        2.6062        1.7165       1 
        2.1574        0.8059       1 
        1.2840       -0.1008       1 

SUCCESS

Problem solved on 70 grid points.

------------------------------------------------------------

Attempt Newton solution of steady-state problem...

    log10(ss0)     log10(s1)   N_jac 
    ------------------------------------
        5.3882        3.6906       1 
        4.9876        2.6711       1 
        3.9562        1.6081       1 
        2.9065        1.0518       1 
        1.7178        0.2476       1 
        1.1640       -0.4092       1 

SUCCESS

Problem solved on 80 grid points.

------------------------------------------------------------

Attempt Newton solution of steady-state problem...

    log10(ss0)     log10(s1)   N_jac 
    ------------------------------------
        6.1327        3.7846       1 
        5.0764        2.8777       1 
        4.3815        2.0731       1 
        3.5311        1.2747       1 
        2.5811        0.5138       1 
        1.7209       -0.2311       1 

SUCCESS

Problem solved on 90 grid points.

------------------------------------------------------------

Attempt Newton solution of steady-state problem...

    log10(ss0)     log10(s1)   N_jac 
    ------------------------------------
        6.1590        2.2675       1 
        4.0063        0.7298       1 
        2.6138       -0.6339       1 

SUCCESS

Problem solved on 100 grid points.

------------------------------------------------------------

Attempt Newton solution of steady-state problem...

    log10(ss0)     log10(s1)   N_jac 
    ------------------------------------
        5.4433        2.1337       1 
        2.6682        0.0565       1 
        1.1617       -1.7728       1 

SUCCESS

Problem solved on 110 grid points.

------------------------------------------------------------

Attempt Newton solution of steady-state problem...

    log10(ss0)     log10(s1)   N_jac 
    ------------------------------------
        5.4591        2.1470       1 
        2.6252        0.2624       1 
        0.7881       -1.5107       1 

SUCCESS

Problem solved on 120 grid points.

------------------------------------------------------------

Attempt Newton solution of steady-state problem...

    log10(ss0)     log10(s1)   N_jac 
    ------------------------------------
        5.4127        2.6166       1 
        3.3676        0.8681       1 
        1.7174       -0.6632       1 

SUCCESS

Problem solved on 130 grid points.

------------------------------------------------------------

Attempt Newton solution of steady-state problem...

    log10(ss0)     log10(s1)   N_jac 
    ------------------------------------
        5.4579        2.0391       1 
        3.6395        0.5070       1 
        1.8959       -1.3222       1 

SUCCESS

Problem solved on 140 grid points.

------------------------------------------------------------

Attempt Newton solution of steady-state problem...

    log10(ss0)     log10(s1)   N_jac 
    ------------------------------------
        5.4332        2.9160       1 
        3.5678        1.5699       1 
        2.4607        0.2759       1 
        1.1949       -0.9942       1 

SUCCESS

Problem solved on 150 grid points.

------------------------------------------------------------

Attempt Newton solution of steady-state problem...

    log10(ss0)     log10(s1)   N_jac 
    ------------------------------------
        5.9122        2.9746       1 
        3.6977        1.6468       1 
        2.6712        0.3190       1 
        1.3573       -0.9994       1 

SUCCESS

Problem solved on 160 grid points.

------------------------------------------------------------

Attempt Newton solution of steady-state problem...

    log10(ss0)     log10(s1)   N_jac 
    ------------------------------------
        6.1046        2.8389       1 
        3.8283        1.4761       1 
        2.6728        0.1332       1 
        1.3168       -1.1977       1 

SUCCESS

Problem solved on 170 grid points.

------------------------------------------------------------

Attempt Newton solution of steady-state problem...

    log10(ss0)     log10(s1)   N_jac 
    ------------------------------------
        5.3995        2.0311       1 
        2.5475        0.5107       1 
        0.9985       -0.9590       1 

SUCCESS

Problem solved on 180 grid points.

------------------------------------------------------------

Attempt Newton solution of steady-state problem...

    log10(ss0)     log10(s1)   N_jac 
    ------------------------------------
        5.4240        1.5287       1 
        2.1676        0.0965       1 
        0.4793       -1.2875       1 

SUCCESS

Problem solved on 190 grid points.

------------------------------------------------------------

Attempt Newton solution of steady-state problem...

    log10(ss0)     log10(s1)   N_jac 
    ------------------------------------
        4.7465        1.7398       1 
        1.8402        0.0254       1 
        0.2646       -1.3542       1 

SUCCESS

Problem solved on 200 grid points.

------------------------------------------------------------

Attempt Newton solution of steady-state problem...

    log10(ss0)     log10(s1)   N_jac 
    ------------------------------------
        5.4433        1.6309       1 
        2.2138        0.2096       1 
        0.4736       -1.1274       1 

SUCCESS

Problem solved on 210 grid points.

------------------------------------------------------------

Attempt Newton solution of steady-state problem...

    log10(ss0)     log10(s1)   N_jac 
    ------------------------------------
        4.7239        1.4762       1 
        1.6548       -0.2018       1 

SUCCESS

Problem solved on 220 grid points.

------------------------------------------------------------

Attempt Newton solution of steady-state problem...

    log10(ss0)     log10(s1)   N_jac 
    ------------------------------------
        5.4577        1.3247       1 
        2.0666       -0.1518       1 

SUCCESS

Problem solved on 230 grid points.

------------------------------------------------------------

Attempt Newton solution of steady-state problem...

    log10(ss0)     log10(s1)   N_jac 
    ------------------------------------
        5.9648        2.1169       1 
        2.1872        0.8765       1 
        1.4236       -0.3610       1 

SUCCESS

Problem solved on 240 grid points.

------------------------------------------------------------

Attempt Newton solution of steady-state problem...

    log10(ss0)     log10(s1)   N_jac 
    ------------------------------------
        5.3000        1.9576       1 
        2.0747        0.6682       1 
        0.5944       -0.5610       1 

SUCCESS

Problem solved on 250 grid points.

------------------------------------------------------------

Attempt Newton solution of steady-state problem...

    log10(ss0)     log10(s1)   N_jac 
    ------------------------------------
        5.9519        1.9169       1 
        2.0260        0.7337       1 
        1.1797       -0.4475       1 

SUCCESS

Problem solved on 260 grid points.

------------------------------------------------------------

Attempt Newton solution of steady-state problem...

    log10(ss0)     log10(s1)   N_jac 
    ------------------------------------
        4.6438        1.5721       1 
        1.7938        0.2064       1 
        0.1453       -0.9813       1 

SUCCESS

Problem solved on 270 grid points.

------------------------------------------------------------

Attempt Newton solution of steady-state problem...

    log10(ss0)     log10(s1)   N_jac 
    ------------------------------------
        0.4557        1.7814       1 
        2.2133        0.5647       1 
        0.7796       -0.6138       1 

SUCCESS

Problem solved on 280 grid points.

------------------------------------------------------------

Attempt Newton solution of steady-state problem...

    log10(ss0)     log10(s1)   N_jac 
    ------------------------------------
        4.6714        2.3035       1 
        2.6890        0.7765       1 
        1.5148       -0.5999       1 

SUCCESS

Problem solved on 290 grid points.

------------------------------------------------------------

Attempt Newton solution of steady-state problem...

    log10(ss0)     log10(s1)   N_jac 
    ------------------------------------
        5.4698        2.4581       1 
        2.9479        1.3059       1 
        1.4050        0.1648       1 
        0.2593       -0.9770       1 

SUCCESS

Problem solved on 300 grid points.


==== Status of problem ====

Parser configured
Database configured
Mixture configured
Solution configured
Solver configured
Problem solved

==== END of Status ====

ULF run took 108.87 s

==== ULF END ====
