# RUNNING VERSION '1.07-1'
+==========================================================================================================+
|                                                                                                          |
|                                                                                              #           |
|                                                                                             ##           |
|                                                                                            ###           |
|                                                                                          ####            |
|                                                          TU Freiberg                    ######           |
|                                                          Chair of Numerical            #### ##           |
|                                                          Thermo-Fluid-Dynamics         ########          |
|        Universal Laminar Flame Solver                                                  #### #####        |
|                                                                                          ##########      |
|                                                                                                #####     |
|                            ###    ##########             ####  ################################# ###     |
|                           ####  ####                    #####     ####   ####          ######### ###     |
|                          ####  ####                    ######     ###   ###                  ### ###     |
|         ####      ####  ################              ###  ###   ###   #########   ###       ### ##      |
|        ####      ####  ################              ###   ###  ###   ########    ###       ### ###      |
|       ####       ###  #### ####                     ###    ### ###   ###         ##       ### ###        |
|       #####   #####  #### ####                     ###      #####   ###         ###    ##### ###         |
|        ##########   ####  ###                     ###       #############      ########## #####          |
|                                                        #######################################           |
|                                                      ###               #####################             |
|                                                                             ############                 |
|                                                                                                          |
+==========================================================================================================+
                                                                                                            
ULF run at Sat Sep 12 00:08:16 2015



==== Status of problem ====

Parser configured
Database configured
Mixture configured
Solution configured
Solver configured
Problem NOT solved

==== END of Status ====
------------------------------------------------------------

Attempt Newton solution of steady-state problem...

At limits.

FAILURE

------------------------------------------------------------
Transient mode: take 50 timesteps   

 step    size (s)    log10(ss) 
===============================
    0        0.01       6.243
    0       0.005       6.243
    0      0.0025       6.243
    0     0.00125       6.243
    0    0.000625       6.243
    0   0.0003125       6.243
    0   0.0001562       6.243
    0   7.812e-05       6.243
    0   3.906e-05       6.243
    0   1.953e-05       6.243
    0   9.766e-06       6.243
    0   4.883e-06       6.243
    0   2.441e-06       6.243
    0   1.221e-06       6.243
    0   6.104e-07       6.243
    1   6.104e-07       6.188
    2   6.104e-07       6.189
    3   6.104e-07        6.19
    4   9.155e-07       6.191
    5   9.155e-07       6.192
    6   1.373e-06       6.194
    7   1.373e-06       6.195
    8   1.373e-06       6.196
    9    2.06e-06       6.196
   10    2.06e-06       6.196
   11    2.06e-06       6.196
   12    3.09e-06       6.194
   13    3.09e-06       6.192
   14    3.09e-06       6.188
   15   4.635e-06       6.185
   16   4.635e-06       6.179
   17   4.635e-06       6.173
   18   6.952e-06       6.168
   19   6.952e-06        6.16
   20   6.952e-06       6.153
   21   6.952e-06       6.146
   22   1.043e-05       6.139
   23   1.043e-05       6.129
   24   1.043e-05       6.119
   25   1.564e-05       6.109
   26   1.564e-05       6.094
   27   1.564e-05       6.079
   28   1.564e-05       6.064
   29   2.346e-05       6.049
   30   2.346e-05       6.027
   31   2.346e-05       6.005
   32    3.52e-05       5.984
   33    3.52e-05       5.953
   34    3.52e-05       5.922
   35    3.52e-05       5.893
   36   5.279e-05       5.864
   37   5.279e-05       5.824
   38   5.279e-05       5.785
   39   5.279e-05       5.748
   40   7.919e-05       5.712
   41   7.919e-05       5.663
   42   7.919e-05        5.62
   43   7.919e-05       5.584
   44   0.0001188        5.55
   45   0.0001188       5.503
   46   0.0001188       5.458
   47   0.0001188       5.415
   48   0.0001782       5.374
   49   0.0001782       5.315
  0.0001782      5.258 
------------------------------------------------------------

Attempt Newton solution of steady-state problem...

At limits.

FAILURE

------------------------------------------------------------
Transient mode: take 50 timesteps   

 step    size (s)    log10(ss) 
===============================
    0   0.0001782       5.258
    1   0.0001782       5.202
    2   0.0001782       5.168
    3   0.0002673       5.135
    4   0.0002673       5.089
    5   0.0002673       5.045
    6   0.0002673       5.002
    7   0.0004009        4.96
    8   0.0004009       4.897
    9   0.0004009       4.854
   10   0.0004009        4.89
   11   0.0004009       4.943
   12   0.0004009       4.969
   13   0.0006014       4.974
   14   0.0006014        4.96
   15    0.000902       4.948
   16    0.000902       4.957
   17    0.000902       4.946
   18    0.000902       4.919
   19    0.000902        4.88
   20    0.001353       4.832
   21    0.001353       4.799
   22    0.001353        4.75
   23    0.001353        4.69
   24     0.00203       4.623
   25     0.00203        4.52
   26     0.00203       4.433
   27     0.00203       4.354
   28    0.003044       4.266
   29    0.003044       4.134
   30    0.003044       3.995
   31    0.003044       3.865
   32    0.004567       3.759
   33    0.004567         3.6
   34    0.004567       3.472
   35     0.00685       3.388
   36     0.00685       3.263
   37     0.00685       3.134
   38        0.01       3.001
   39        0.01       2.816
   40        0.01       2.642
   41        0.01       2.465
   42        0.01       2.284
   43        0.01       2.101
   44        0.01       1.916
   45        0.01       1.728
   46        0.01       1.538
   47        0.01       1.352
   48        0.01       1.172
   49        0.01       1.011
       0.01     0.8849 
------------------------------------------------------------

Attempt Newton solution of steady-state problem...

    log10(ss0)     log10(s1)   N_jac 
    ------------------------------------
        0.8849        2.5828       87 
        0.7653        2.4500       87 
        0.6505        2.3191       87 
        0.5385        2.1898       87 
        0.4279        2.0619       87 
        0.3176        1.9350       87 
        0.2070        1.8089       87 
        0.0956       -1.6356       88 

SUCCESS

Problem solved on 30 grid points.

------------------------------------------------------------

Attempt Newton solution of steady-state problem...

    log10(ss0)     log10(s1)   N_jac 
    ------------------------------------
        6.5381        5.2802       1 

At limits.

At limits.

FAILURE

------------------------------------------------------------
Transient mode: take 50 timesteps   

 step    size (s)    log10(ss) 
===============================
    0        0.01       6.538
    1        0.01       3.588
    2        0.01       3.222
    3        0.01         2.9
    4        0.01        2.59
    5        0.01       2.424
    6        0.01       2.308
    7        0.01       2.181
    8        0.01       2.048
    9        0.01       1.913
   10        0.01       1.785
   11        0.01       1.672
   12        0.01       1.557
   13        0.01       1.443
   14        0.01       1.333
   15        0.01       1.222
   16        0.01       1.111
   17        0.01      0.9984
   18        0.01      0.8853
   19        0.01       0.772
   20        0.01      0.6578
   21        0.01      0.5429
   22        0.01        0.43
   23        0.01      0.3162
   24        0.01      0.2014
   25        0.01      0.0885
   26        0.01    -0.02514
   27        0.01     -0.1395
   28        0.01     -0.2482
   29        0.01     -0.3574
   30        0.01     -0.4671
   31        0.01     -0.5631
   32        0.01     -0.6593
   33        0.01     -0.7559
   34        0.01     -0.8527
   35        0.01     -0.9182
   36        0.01     -0.9838
   37        0.01      -1.049
   38        0.01      -1.115
   39        0.01      -1.181
   40        0.01      -1.247
   41        0.01      -1.313
   42        0.01      -1.379
   43        0.01      -1.445
   44        0.01      -1.512
   45        0.01      -1.578
   46        0.01      -1.644
   47        0.01      -1.711
   48        0.01      -1.777
   49        0.01      -1.843
       0.01      -1.91 
------------------------------------------------------------

Attempt Newton solution of steady-state problem...

    log10(ss0)     log10(s1)   N_jac 
    ------------------------------------
       -1.9100       -0.5623       14 

SUCCESS

Problem solved on 40 grid points.

------------------------------------------------------------

Attempt Newton solution of steady-state problem...

    log10(ss0)     log10(s1)   N_jac 
    ------------------------------------
        6.4423        4.2455       1 
        5.5187        3.2052       1 
        4.8936        2.6997       1 
        4.2676        1.9090       1 
        3.7308        1.4287       1 
        3.1689        0.8256       1 
        2.6434        0.3167       1 
        2.0959       -0.2501       1 

SUCCESS

Problem solved on 50 grid points.

------------------------------------------------------------

Attempt Newton solution of steady-state problem...

    log10(ss0)     log10(s1)   N_jac 
    ------------------------------------
        6.0924        4.1069       1 
        4.7016        3.4523       1 
        3.4179        2.7485       1 
        3.4446        2.0468       1 
        2.9047        1.3663       1 
        2.2671        0.6956       1 
        1.6026        0.0297       1 
        0.9302       -0.6339       1 

SUCCESS

Problem solved on 60 grid points.

------------------------------------------------------------

Attempt Newton solution of steady-state problem...

    log10(ss0)     log10(s1)   N_jac 
    ------------------------------------
        5.2462        2.9885       1 
        4.0952        1.9660       1 
        2.9503        0.8139       1 
        1.8419       -0.2339       1 

SUCCESS

Problem solved on 70 grid points.

------------------------------------------------------------

Attempt Newton solution of steady-state problem...

    log10(ss0)     log10(s1)   N_jac 
    ------------------------------------
        4.9887        2.6373       1 
        3.3079        0.8899       1 
        2.1585       -0.7664       1 

SUCCESS

Problem solved on 80 grid points.

------------------------------------------------------------

Attempt Newton solution of steady-state problem...

    log10(ss0)     log10(s1)   N_jac 
    ------------------------------------
        5.2348        3.3943       1 
        3.7765        2.3836       1 
        3.1548        1.3512       1 
        2.2358        0.3222       1 
        1.2181       -0.7011       1 

SUCCESS

Problem solved on 90 grid points.

------------------------------------------------------------

Attempt Newton solution of steady-state problem...

    log10(ss0)     log10(s1)   N_jac 
    ------------------------------------
        5.8745        3.3237       1 
        3.3268        2.2005       1 
        3.1433        1.0616       1 
        2.2039       -0.0412       1 

SUCCESS

Problem solved on 100 grid points.

------------------------------------------------------------

Attempt Newton solution of steady-state problem...

    log10(ss0)     log10(s1)   N_jac 
    ------------------------------------
        5.9379        2.7983       1 
        3.9641        1.5676       1 
        2.8404        0.3161       1 
        1.4299       -0.8702       1 

SUCCESS

Problem solved on 110 grid points.

------------------------------------------------------------

Attempt Newton solution of steady-state problem...

    log10(ss0)     log10(s1)   N_jac 
    ------------------------------------
        5.2006        2.2697       1 
        2.3855        0.7858       1 
        0.7691       -0.7057       1 

SUCCESS

Problem solved on 120 grid points.

------------------------------------------------------------

Attempt Newton solution of steady-state problem...

    log10(ss0)     log10(s1)   N_jac 
    ------------------------------------
        5.2392        2.1404       1 
        2.3421        0.0013       1 
        0.5519       -1.6926       1 

SUCCESS

Problem solved on 130 grid points.

------------------------------------------------------------

Attempt Newton solution of steady-state problem...

    log10(ss0)     log10(s1)   N_jac 
    ------------------------------------
        5.8559        2.5260       1 
        3.5045        1.1757       1 
        2.0857       -0.2145       1 

SUCCESS

Problem solved on 140 grid points.

------------------------------------------------------------

Attempt Newton solution of steady-state problem...

    log10(ss0)     log10(s1)   N_jac 
    ------------------------------------
        5.2657        1.6740       1 
        2.3808       -0.2581       1 

SUCCESS

Problem solved on 150 grid points.

------------------------------------------------------------

Attempt Newton solution of steady-state problem...

    log10(ss0)     log10(s1)   N_jac 
    ------------------------------------
        5.2792        2.1269       1 
        2.8686        0.3703       1 
        1.1553       -1.1791       1 

SUCCESS

Problem solved on 160 grid points.

------------------------------------------------------------

Attempt Newton solution of steady-state problem...

    log10(ss0)     log10(s1)   N_jac 
    ------------------------------------
        5.2806        2.0823       1 
        2.6529        0.4602       1 
        0.6694       -1.0945       1 

SUCCESS

Problem solved on 170 grid points.

------------------------------------------------------------

Attempt Newton solution of steady-state problem...

    log10(ss0)     log10(s1)   N_jac 
    ------------------------------------
        5.2694        2.4153       1 
        2.4202        0.8727       1 
        1.1497       -0.6642       1 

SUCCESS

Problem solved on 180 grid points.

------------------------------------------------------------

Attempt Newton solution of steady-state problem...

    log10(ss0)     log10(s1)   N_jac 
    ------------------------------------
        5.5908        2.6439       1 
        3.3775        1.0784       1 
        1.8660       -0.3469       1 

SUCCESS

Problem solved on 190 grid points.

------------------------------------------------------------

Attempt Newton solution of steady-state problem...

    log10(ss0)     log10(s1)   N_jac 
    ------------------------------------
        5.5421        2.5612       1 
        3.3658        1.1161       1 
        2.0805       -0.2969       1 

SUCCESS

Problem solved on 200 grid points.

------------------------------------------------------------

Attempt Newton solution of steady-state problem...

    log10(ss0)     log10(s1)   N_jac 
    ------------------------------------
        5.8900        2.2526       1 
        2.9341        0.8261       1 
        1.6248       -0.5572       1 

SUCCESS

Problem solved on 210 grid points.

------------------------------------------------------------

Attempt Newton solution of steady-state problem...

    log10(ss0)     log10(s1)   N_jac 
    ------------------------------------
        5.8527        1.6919       1 
        2.7405       -0.0210       1 

SUCCESS

Problem solved on 220 grid points.

------------------------------------------------------------

Attempt Newton solution of steady-state problem...

    log10(ss0)     log10(s1)   N_jac 
    ------------------------------------
        5.7964        1.8818       1 
        1.7252        0.4869       1 
        0.9758       -0.8568       1 

SUCCESS

Problem solved on 230 grid points.

------------------------------------------------------------

Attempt Newton solution of steady-state problem...

    log10(ss0)     log10(s1)   N_jac 
    ------------------------------------
        5.2336        2.0997       1 
        2.1827        0.8719       1 
        0.8595       -0.3516       1 

SUCCESS

Problem solved on 240 grid points.

------------------------------------------------------------

Attempt Newton solution of steady-state problem...

    log10(ss0)     log10(s1)   N_jac 
    ------------------------------------
        4.8893        1.8833       1 
        1.7826        0.6464       1 
        0.4467       -0.5563       1 

SUCCESS

Problem solved on 250 grid points.

------------------------------------------------------------

Attempt Newton solution of steady-state problem...

    log10(ss0)     log10(s1)   N_jac 
    ------------------------------------
        5.7593        1.2142       1 
        2.0727       -0.3776       1 

SUCCESS

Problem solved on 260 grid points.

------------------------------------------------------------

Attempt Newton solution of steady-state problem...

    log10(ss0)     log10(s1)   N_jac 
    ------------------------------------
        5.2517        1.2450       1 
        1.4396       -0.1447       1 

SUCCESS

Problem solved on 270 grid points.

------------------------------------------------------------

Attempt Newton solution of steady-state problem...

    log10(ss0)     log10(s1)   N_jac 
    ------------------------------------
        4.7667        1.2990       1 
        0.8553        0.0017       1 
       -0.5946       -1.1415       1 

SUCCESS

Problem solved on 280 grid points.

------------------------------------------------------------

Attempt Newton solution of steady-state problem...

    log10(ss0)     log10(s1)   N_jac 
    ------------------------------------
        5.2654        0.9790       1 
        1.3664       -1.0490       1 

SUCCESS

Problem solved on 290 grid points.

------------------------------------------------------------

Attempt Newton solution of steady-state problem...

    log10(ss0)     log10(s1)   N_jac 
    ------------------------------------
        4.6920        1.2438       1 
        1.4448        0.1141       1 
       -0.1844       -0.9645       1 

SUCCESS

Problem solved on 300 grid points.


==== Status of problem ====

Parser configured
Database configured
Mixture configured
Solution configured
Solver configured
Problem solved

==== END of Status ====

ULF run took 110.23 s

==== ULF END ====
