# RUNNING VERSION '1.07-1'
+==========================================================================================================+
|                                                                                                          |
|                                                                                              #           |
|                                                                                             ##           |
|                                                                                            ###           |
|                                                                                          ####            |
|                                                          TU Freiberg                    ######           |
|                                                          Chair of Numerical            #### ##           |
|                                                          Thermo-Fluid-Dynamics         ########          |
|        Universal Laminar Flame Solver                                                  #### #####        |
|                                                                                          ##########      |
|                                                                                                #####     |
|                            ###    ##########             ####  ################################# ###     |
|                           ####  ####                    #####     ####   ####          ######### ###     |
|                          ####  ####                    ######     ###   ###                  ### ###     |
|         ####      ####  ################              ###  ###   ###   #########   ###       ### ##      |
|        ####      ####  ################              ###   ###  ###   ########    ###       ### ###      |
|       ####       ###  #### ####                     ###    ### ###   ###         ##       ### ###        |
|       #####   #####  #### ####                     ###      #####   ###         ###    ##### ###         |
|        ##########   ####  ###                     ###       #############      ########## #####          |
|                                                        #######################################           |
|                                                      ###               #####################             |
|                                                                             ############                 |
|                                                                                                          |
+==========================================================================================================+
                                                                                                            
ULF run at Sat Sep 12 00:15:30 2015



==== Status of problem ====

Parser configured
Database configured
Mixture configured
Solution configured
Solver configured
Problem NOT solved

==== END of Status ====
------------------------------------------------------------

Attempt Newton solution of steady-state problem...

At limits.

FAILURE

------------------------------------------------------------
Transient mode: take 50 timesteps   

 step    size (s)    log10(ss) 
===============================
    0        0.01       6.678
    0       0.005       6.678
    0      0.0025       6.678
    0     0.00125       6.678
    0    0.000625       6.678
    0   0.0003125       6.678
    0   0.0001562       6.678
    0   7.812e-05       6.678
    0   3.906e-05       6.678
    0   1.953e-05       6.678
    0   9.766e-06       6.678
    0   4.883e-06       6.678
    0   2.441e-06       6.678
    0   1.221e-06       6.678
    0   6.104e-07       6.678
    1   6.104e-07       6.409
    2   6.104e-07       6.368
    3   6.104e-07       6.332
    4   9.155e-07       6.305
    5   9.155e-07       6.287
    6   9.155e-07       6.292
    7   1.373e-06        6.31
    8   1.373e-06       6.343
    9   1.373e-06       6.373
   10    2.06e-06       6.395
   11    2.06e-06       6.413
   12    2.06e-06       6.423
   13    3.09e-06       6.427
   14    3.09e-06       6.427
   15    3.09e-06       6.426
   16   4.635e-06       6.424
   17   4.635e-06       6.419
   18   4.635e-06       6.414
   19   6.952e-06       6.409
   20   6.952e-06       6.401
   21   6.952e-06       6.393
   22   6.952e-06       6.384
   23   1.043e-05       6.376
   24   1.043e-05       6.363
   25   1.043e-05       6.351
   26   1.564e-05       6.338
   27   1.564e-05       6.319
   28   1.564e-05         6.3
   29   1.564e-05       6.281
   30   2.346e-05       6.263
   31   2.346e-05       6.235
   32   2.346e-05       6.209
   33    3.52e-05       6.182
   34    3.52e-05       6.144
   35    3.52e-05       6.107
   36    3.52e-05       6.072
   37   5.279e-05       6.038
   38   5.279e-05        5.99
   39   5.279e-05       5.944
   40   5.279e-05       5.901
   41   7.919e-05       5.859
   42   7.919e-05       5.802
   43   7.919e-05       5.749
   44   7.919e-05       5.714
   45   0.0001188        5.69
   46   0.0001188       5.653
   47   0.0001188       5.617
   48   0.0001188       5.581
   49   0.0001188       5.547
  0.0001188      5.513 
------------------------------------------------------------

Attempt Newton solution of steady-state problem...
        5.5127        7.0284       54 

At limits.

At limits.

FAILURE

------------------------------------------------------------
Transient mode: take 50 timesteps   

 step    size (s)    log10(ss) 
===============================
    0   0.0001188       5.513
    1   0.0001188        5.48
    2   0.0001188       5.448
    3   0.0001782       5.416
    4   0.0001782       5.372
    5   0.0001782       5.329
    6   0.0002673       5.301
    7   0.0002673       5.265
    8   0.0002673       5.228
    9   0.0002673       5.191
   10   0.0002673       5.152
   11   0.0004009       5.127
   12   0.0004009       5.116
   13   0.0004009       5.076
   14   0.0004009       5.014
   15   0.0006014       4.964
   16   0.0006014       4.927
   17   0.0006014       4.865
   18   0.0006014       4.781
   19    0.000902       4.681
   20    0.000902       4.518
   21    0.000902        4.33
   22    0.001353       4.236
   23    0.001353        4.13
   24    0.001353       4.033
   25     0.00203       3.944
   26     0.00203       3.827
   27     0.00203       3.719
   28    0.003044       3.616
   29    0.003044       3.571
   30    0.003044       3.538
   31    0.003044       3.507
   32    0.004567       3.478
   33    0.004567       3.434
   34    0.004567       3.386
   35     0.00685       3.332
   36     0.00685       3.245
   37     0.00685       3.153
   38        0.01       3.057
   39        0.01        2.92
   40        0.01       2.781
   41        0.01        2.64
   42        0.01       2.498
   43        0.01       2.356
   44        0.01       2.213
   45        0.01       2.069
   46        0.01       1.925
   47        0.01       1.781
   48        0.01       1.636
   49        0.01       1.491
       0.01      1.346 
------------------------------------------------------------

Attempt Newton solution of steady-state problem...

    log10(ss0)     log10(s1)   N_jac 
    ------------------------------------
        1.3460        0.6940       90 
        1.6084       -2.0591       90 

SUCCESS

Problem solved on 30 grid points.

------------------------------------------------------------

Attempt Newton solution of steady-state problem...

    log10(ss0)     log10(s1)   N_jac 
    ------------------------------------
        7.2503        6.5924       1 

At limits.

At limits.

FAILURE

------------------------------------------------------------
Transient mode: take 50 timesteps   

 step    size (s)    log10(ss) 
===============================
    0        0.01        7.25
    0       0.005        7.25
    0      0.0025        7.25
    0     0.00125        7.25
    0    0.000625        7.25
    0   0.0003125        7.25
    0   0.0001562        7.25
    0   7.812e-05        7.25
    0   3.906e-05        7.25
    0   1.953e-05        7.25
    0   9.766e-06        7.25
    0   4.883e-06        7.25
    1   4.883e-06       6.188
    2   7.324e-06       5.759
    3   7.324e-06       5.714
    4   7.324e-06       5.676
    5   1.099e-05       5.647
    6   1.099e-05       5.615
    7   1.099e-05       5.594
    8   1.648e-05       5.579
    9   1.648e-05       5.567
   10   1.648e-05       5.559
   11   2.472e-05       5.555
   12   2.472e-05       5.552
   13   2.472e-05       5.551
   14   3.708e-05       5.549
   15   3.708e-05       5.547
   16   3.708e-05       5.544
   17   3.708e-05       5.541
   18   5.562e-05       5.537
   19   5.562e-05       5.531
   20   5.562e-05       5.524
   21   8.343e-05       5.516
   22   8.343e-05       5.504
   23   8.343e-05       5.491
   24   8.343e-05       5.479
   25   8.343e-05       5.469
   26   0.0001251       5.459
   27   0.0001251       5.444
   28   0.0001251       5.427
   29   0.0001251       5.414
   30   0.0001877       5.401
   31   0.0001877       5.378
   32   0.0001877       5.355
   33   0.0001877       5.336
   34   0.0002816       5.317
   35   0.0002816       5.285
   36   0.0002816       5.248
   37   0.0002816       5.209
   38   0.0002816        5.17
   39   0.0004224        5.14
   40   0.0004224       5.097
   41   0.0004224       5.053
   42   0.0006335       5.003
   43   0.0006335       4.923
   44   0.0006335       4.839
   45   0.0006335       4.753
   46   0.0009503       4.664
   47   0.0009503       4.549
   48   0.0009503        4.44
   49    0.001425       4.327
   0.001425      4.174 
------------------------------------------------------------

Attempt Newton solution of steady-state problem...

    log10(ss0)     log10(s1)   N_jac 
    ------------------------------------
        4.1736        4.7294       61 
        5.9020        4.3056       61 
        5.4748        4.0320       61 
        5.2162        3.6483       61 
        4.8822        3.3740       61 
        4.5464        2.9721       61 
        4.1996        2.6665       61 
        3.8483        2.2779       61 
        3.4944        1.9477       61 
        3.1378        1.5712       61 
        2.7808        1.2269       61 
        2.4222       -2.7550       62 

SUCCESS

Problem solved on 40 grid points.

------------------------------------------------------------

Attempt Newton solution of steady-state problem...

    log10(ss0)     log10(s1)   N_jac 
    ------------------------------------
        7.1685        5.0125       1 

At limits.
        6.7680        4.1122       2 
        5.8402        3.5201       2 
        5.3026        3.0149       2 
        4.8074        2.5108       2 
        4.3097        2.0081       2 
        3.8112        1.5096       2 
        3.3133        1.0144       2 
        2.8159        0.5232       2 
        2.3185        0.0388       2 
        1.8203       -0.4330       2 

SUCCESS

Problem solved on 50 grid points.

------------------------------------------------------------

Attempt Newton solution of steady-state problem...

    log10(ss0)     log10(s1)   N_jac 
    ------------------------------------
        6.6833        3.9693       1 
        5.4432        3.2398       1 
        4.8438        2.6040       1 
        4.1500        1.9575       1 
        3.4786        1.2862       1 
        2.7848        0.5997       1 
        2.0857       -0.0980       1 

SUCCESS

Problem solved on 60 grid points.

------------------------------------------------------------

Attempt Newton solution of steady-state problem...

    log10(ss0)     log10(s1)   N_jac 
    ------------------------------------
        6.4594        4.1850       1 
        5.2551        3.2451       1 
        3.9203        2.3458       1 
        3.2023        1.5068       1 
        2.0660        0.7097       1 
        1.2683       -0.0846       1 

SUCCESS

Problem solved on 70 grid points.

------------------------------------------------------------

Attempt Newton solution of steady-state problem...

    log10(ss0)     log10(s1)   N_jac 
    ------------------------------------
        5.6417        2.6108       1 
        3.7846        0.9562       1 
        2.4384       -0.4370       1 

SUCCESS

Problem solved on 80 grid points.

------------------------------------------------------------

Attempt Newton solution of steady-state problem...

    log10(ss0)     log10(s1)   N_jac 
    ------------------------------------
        6.3004        2.8143       1 
        3.4992        1.2440       1 
        2.3520       -0.2163       1 

SUCCESS

Problem solved on 90 grid points.

------------------------------------------------------------

Attempt Newton solution of steady-state problem...

    log10(ss0)     log10(s1)   N_jac 
    ------------------------------------
        5.6923        3.0444       1 
        4.2065        1.5278       1 
        2.8145        0.1499       1 
        1.3930       -1.2335       1 

SUCCESS

Problem solved on 100 grid points.

------------------------------------------------------------

Attempt Newton solution of steady-state problem...

    log10(ss0)     log10(s1)   N_jac 
    ------------------------------------
        6.2034        3.2878       1 
        4.5193        1.9332       1 
        2.9418        0.7126       1 
        1.4927       -0.4354       1 

SUCCESS

Problem solved on 110 grid points.

------------------------------------------------------------

Attempt Newton solution of steady-state problem...

    log10(ss0)     log10(s1)   N_jac 
    ------------------------------------
        1.7687        2.1511       1 
        4.0727        0.8354       1 
        2.3852       -0.8585       1 

SUCCESS

Problem solved on 120 grid points.

------------------------------------------------------------

Attempt Newton solution of steady-state problem...

    log10(ss0)     log10(s1)   N_jac 
    ------------------------------------
        6.3915        3.6442       1 
        4.7566        2.6123       1 
        4.0902        1.5879       1 
        3.1411        0.6017       1 
        2.1005       -0.3676       1 

SUCCESS

Problem solved on 130 grid points.

------------------------------------------------------------

Attempt Newton solution of steady-state problem...

    log10(ss0)     log10(s1)   N_jac 
    ------------------------------------
        5.5828        2.4120       1 
        3.0406        0.9176       1 
        1.6068       -0.5476       1 

SUCCESS

Problem solved on 140 grid points.

------------------------------------------------------------

Attempt Newton solution of steady-state problem...

    log10(ss0)     log10(s1)   N_jac 
    ------------------------------------
        5.6617        2.3027       1 
        2.9330        0.6925       1 
        1.5850       -0.8925       1 

SUCCESS

Problem solved on 150 grid points.

------------------------------------------------------------

Attempt Newton solution of steady-state problem...

    log10(ss0)     log10(s1)   N_jac 
    ------------------------------------
        5.1166        1.9893       1 
        2.6700       -0.4961       1 

SUCCESS

Problem solved on 160 grid points.

------------------------------------------------------------

Attempt Newton solution of steady-state problem...

    log10(ss0)     log10(s1)   N_jac 
    ------------------------------------
        5.6865        1.7932       1 
        2.7072       -0.1903       1 

SUCCESS

Problem solved on 170 grid points.

------------------------------------------------------------

Attempt Newton solution of steady-state problem...

    log10(ss0)     log10(s1)   N_jac 
    ------------------------------------
        6.2641        2.3796       1 
        2.9272        0.8448       1 
        1.7471       -0.6903       1 

SUCCESS

Problem solved on 180 grid points.

------------------------------------------------------------

Attempt Newton solution of steady-state problem...

    log10(ss0)     log10(s1)   N_jac 
    ------------------------------------
        6.2720        2.6271       1 
        3.1167        1.1544       1 
        1.8528       -0.3186       1 

SUCCESS

Problem solved on 190 grid points.

------------------------------------------------------------

Attempt Newton solution of steady-state problem...

    log10(ss0)     log10(s1)   N_jac 
    ------------------------------------
        5.6985        2.6662       1 
        3.6520        1.1646       1 
        2.0275       -0.2699       1 

SUCCESS

Problem solved on 200 grid points.

------------------------------------------------------------

Attempt Newton solution of steady-state problem...

    log10(ss0)     log10(s1)   N_jac 
    ------------------------------------
        6.1181        2.7929       1 
        4.0359        1.3769       1 
        2.8197        0.0047       1 
        1.3964       -1.3436       1 

SUCCESS

Problem solved on 210 grid points.

------------------------------------------------------------

Attempt Newton solution of steady-state problem...

    log10(ss0)     log10(s1)   N_jac 
    ------------------------------------
        5.7661        2.4187       1 
        2.9616        0.9671       1 
        1.6664       -0.4945       1 

SUCCESS

Problem solved on 220 grid points.

------------------------------------------------------------

Attempt Newton solution of steady-state problem...

    log10(ss0)     log10(s1)   N_jac 
    ------------------------------------
        1.3755        1.4348       1 
        2.1747       -0.0192       1 

SUCCESS

Problem solved on 230 grid points.

------------------------------------------------------------

Attempt Newton solution of steady-state problem...

    log10(ss0)     log10(s1)   N_jac 
    ------------------------------------
        1.1834        1.3088       1 
        2.0038       -0.1541       1 

SUCCESS

Problem solved on 240 grid points.

------------------------------------------------------------

Attempt Newton solution of steady-state problem...

    log10(ss0)     log10(s1)   N_jac 
    ------------------------------------
        0.9620        1.0035       1 
        0.2099       -0.4315       1 

SUCCESS

Problem solved on 250 grid points.

------------------------------------------------------------

Attempt Newton solution of steady-state problem...

    log10(ss0)     log10(s1)   N_jac 
    ------------------------------------
        6.3775        2.3282       1 
        3.2711        0.9693       1 
        2.0708       -0.3756       1 

SUCCESS

Problem solved on 260 grid points.

------------------------------------------------------------

Attempt Newton solution of steady-state problem...

    log10(ss0)     log10(s1)   N_jac 
    ------------------------------------
        5.5466        1.5678       1 
        2.2033        0.2909       1 
        0.7805       -0.9749       1 

SUCCESS

Problem solved on 270 grid points.

------------------------------------------------------------

Attempt Newton solution of steady-state problem...

    log10(ss0)     log10(s1)   N_jac 
    ------------------------------------
        6.2869        1.2084       1 
        2.6767       -0.4303       1 

SUCCESS

Problem solved on 280 grid points.

------------------------------------------------------------

Attempt Newton solution of steady-state problem...

    log10(ss0)     log10(s1)   N_jac 
    ------------------------------------
        6.3320        1.6405       1 
        2.8639        0.0781       1 
        1.0561       -1.0365       1 

SUCCESS

Problem solved on 290 grid points.

------------------------------------------------------------

Attempt Newton solution of steady-state problem...

    log10(ss0)     log10(s1)   N_jac 
    ------------------------------------
        5.7449        1.6007       1 
        2.3875        0.4275       1 
        0.6001       -0.6884       1 

SUCCESS

Problem solved on 300 grid points.


==== Status of problem ====

Parser configured
Database configured
Mixture configured
Solution configured
Solver configured
Problem solved

==== END of Status ====

ULF run took 130.95 s

==== ULF END ====
