# RUNNING VERSION '1.07-1'
+==========================================================================================================+
|                                                                                                          |
|                                                                                              #           |
|                                                                                             ##           |
|                                                                                            ###           |
|                                                                                          ####            |
|                                                          TU Freiberg                    ######           |
|                                                          Chair of Numerical            #### ##           |
|                                                          Thermo-Fluid-Dynamics         ########          |
|        Universal Laminar Flame Solver                                                  #### #####        |
|                                                                                          ##########      |
|                                                                                                #####     |
|                            ###    ##########             ####  ################################# ###     |
|                           ####  ####                    #####     ####   ####          ######### ###     |
|                          ####  ####                    ######     ###   ###                  ### ###     |
|         ####      ####  ################              ###  ###   ###   #########   ###       ### ##      |
|        ####      ####  ################              ###   ###  ###   ########    ###       ### ###      |
|       ####       ###  #### ####                     ###    ### ###   ###         ##       ### ###        |
|       #####   #####  #### ####                     ###      #####   ###         ###    ##### ###         |
|        ##########   ####  ###                     ###       #############      ########## #####          |
|                                                        #######################################           |
|                                                      ###               #####################             |
|                                                                             ############                 |
|                                                                                                          |
+==========================================================================================================+
                                                                                                            
ULF run at Sun Sep  6 06:45:36 2015



==== Status of problem ====

Parser configured
Database configured
Mixture configured
Solution configured
Solver configured
Problem NOT solved

==== END of Status ====
------------------------------------------------------------

Attempt Newton solution of steady-state problem...

At limits.

FAILURE

------------------------------------------------------------
Transient mode: take 50 timesteps   

 step    size (s)    log10(ss) 
===============================
    0        0.01       6.409
    0       0.005       6.409
    0      0.0025       6.409
    0     0.00125       6.409
    0    0.000625       6.409
    0   0.0003125       6.409
    0   0.0001562       6.409
    0   7.812e-05       6.409
    0   3.906e-05       6.409
    0   1.953e-05       6.409
    0   9.766e-06       6.409
    1   9.766e-06       6.341
    2   1.465e-05        6.33
    3   1.465e-05       6.306
    4   1.465e-05       6.283
    5   1.465e-05       6.261
    6   2.197e-05       6.241
    7   2.197e-05       6.213
    8   2.197e-05       6.185
    9   2.197e-05       6.159
   10   3.296e-05       6.134
   11   3.296e-05       6.098
   12   3.296e-05       6.064
   13   4.944e-05       6.031
   14   4.944e-05       5.985
   15   4.944e-05       5.943
   16   4.944e-05       5.902
   17   7.416e-05       5.864
   18   7.416e-05       5.812
   19   7.416e-05       5.763
   20   7.416e-05       5.718
   21   0.0001112       5.676
   22   0.0001112       5.618
   23   0.0001112       5.564
   24   0.0001112       5.514
   25   0.0001669       5.466
   26   0.0001669         5.4
   27   0.0001669       5.349
   28   0.0001669       5.295
   29   0.0001669       5.236
   30   0.0002503       5.174
   31   0.0002503       5.079
   32   0.0002503       5.022
   33   0.0002503       4.968
   34   0.0002503       4.916
   35   0.0003754       4.868
   36   0.0003754       4.806
   37   0.0003754       4.757
   38   0.0003754       4.761
   39   0.0005631       4.731
   40   0.0005631        4.68
   41   0.0005631       4.664
   42   0.0005631       4.661
   43   0.0008447       4.641
   44   0.0008447       4.594
   45   0.0008447       4.531
   46   0.0008447       4.507
   47    0.001267       4.477
   48    0.001267       4.417
   49    0.001267       4.345
   0.001267      4.264 
------------------------------------------------------------

Attempt Newton solution of steady-state problem...

    log10(ss0)     log10(s1)   N_jac 
    ------------------------------------
        4.2643        4.8373       49 
        4.8119        4.7693       49 
        5.1698        4.7007       49 
        5.2943        4.6320       49 
        5.3319        4.5639       49 
        5.3178        4.4975       49 
        5.2653        4.4340       49 
        5.1795        4.3739       49 
        5.0600        4.3177       49 
        4.9001        4.2652       49 
        4.6791        4.1328       50 
        5.1115        3.6296       50 
        3.2947        2.6552       50 
        2.8973        2.2235       50 
        2.1197        1.7735       50 
        2.2564        1.3599       50 
        1.8315        0.9041       50 
        1.3731        0.4469       50 
        0.9594        0.0417       50 
        0.5899       -0.2312       50 

SUCCESS

Problem solved on 30 grid points.

------------------------------------------------------------

Attempt Newton solution of steady-state problem...

    log10(ss0)     log10(s1)   N_jac 
    ------------------------------------
        6.7899        6.0884       1 

At limits.
        6.7390        6.8537       2 
        6.7326        6.8129       3 

At limits.

At limits.

FAILURE

------------------------------------------------------------
Transient mode: take 50 timesteps   

 step    size (s)    log10(ss) 
===============================
    0        0.01        6.79
    0       0.005        6.79
    0      0.0025        6.79
    0     0.00125        6.79
    1     0.00125       4.424
    2     0.00125       4.081
    3    0.001875       4.001
    4    0.001875       3.889
    5    0.001875       3.776
    6    0.002812       3.669
    7    0.002812       3.534
    8    0.004219       3.402
    9    0.004219       3.221
   10    0.004219       3.059
   11    0.006328       2.896
   12    0.006328       2.667
   13    0.009492       2.436
   14    0.009492       2.221
   15        0.01       2.022
   16        0.01        1.81
   17        0.01       1.593
   18        0.01       1.373
   19        0.01        1.15
   20        0.01      0.9776
   21        0.01      0.8025
   22        0.01      0.6281
   23        0.01      0.4566
   24        0.01      0.2807
   25        0.01      0.1043
   26        0.01    -0.07533
   27        0.01     -0.2492
   28        0.01     -0.4252
   29        0.01     -0.5783
   30        0.01     -0.7335
   31        0.01     -0.8903
   32        0.01     -0.9979
   33        0.01      -1.106
   34        0.01      -1.215
   35        0.01      -1.325
   36        0.01      -1.435
   37        0.01      -1.545
   38        0.01      -1.656
   39        0.01      -1.768
   40        0.01       -1.88
   41        0.01      -1.992
   42        0.01      -2.105
   43        0.01      -2.218
   44        0.01      -2.332
   45        0.01      -2.445
   46        0.01      -2.558
   47        0.01      -2.671
   48        0.01      -2.785
   49        0.01      -2.899
       0.01     -3.014 
------------------------------------------------------------

Attempt Newton solution of steady-state problem...

    log10(ss0)     log10(s1)   N_jac 
    ------------------------------------
       -3.0137       -1.8338       23 

SUCCESS

Problem solved on 40 grid points.

------------------------------------------------------------

Attempt Newton solution of steady-state problem...

    log10(ss0)     log10(s1)   N_jac 
    ------------------------------------
        6.4754        5.0440       1 

At limits.
        6.1488        4.1894       2 
        4.9263        3.4011       2 
        3.9863        2.8292       2 
        3.4522        2.2228       2 
        2.6651        1.7178       2 
        2.1466        1.2142       2 
        1.4782        0.7424       2 
        0.8924        0.2691       2 
        0.1649       -0.1964       2 

SUCCESS

Problem solved on 50 grid points.

------------------------------------------------------------

Attempt Newton solution of steady-state problem...

    log10(ss0)     log10(s1)   N_jac 
    ------------------------------------
        6.3020        3.3138       1 
        4.8899        2.5176       1 
        3.8542        1.9294       1 
        3.2243        1.2716       1 
        2.4355        0.5987       1 
        1.5919       -0.0954       1 

SUCCESS

Problem solved on 60 grid points.

------------------------------------------------------------

Attempt Newton solution of steady-state problem...

    log10(ss0)     log10(s1)   N_jac 
    ------------------------------------
        6.4484        3.3880       1 
        4.6978        2.2140       1 
        3.5276        1.5365       1 
        3.0984        0.6463       1 
        1.5588       -0.2230       1 

SUCCESS

Problem solved on 70 grid points.

------------------------------------------------------------

Attempt Newton solution of steady-state problem...

    log10(ss0)     log10(s1)   N_jac 
    ------------------------------------
        5.3489        3.9667       1 
        3.7780        3.2389       1 
        3.9960        2.4525       1 
        3.3423        1.6789       1 
        2.5347        0.9120       1 
        1.7542        0.1467       1 
        0.9845       -0.6174       1 

SUCCESS

Problem solved on 80 grid points.

------------------------------------------------------------

Attempt Newton solution of steady-state problem...

    log10(ss0)     log10(s1)   N_jac 
    ------------------------------------
        6.3068        3.8361       1 
        4.9740        2.9553       1 
        4.4227        2.1121       1 
        3.6827        1.2994       1 
        2.8190        0.4982       1 
        1.9920       -0.2832       1 

SUCCESS

Problem solved on 90 grid points.

------------------------------------------------------------

Attempt Newton solution of steady-state problem...

    log10(ss0)     log10(s1)   N_jac 
    ------------------------------------
        5.5929        2.5545       1 
        4.2096        1.3798       1 
        2.8466       -0.0035       1 

SUCCESS

Problem solved on 100 grid points.

------------------------------------------------------------

Attempt Newton solution of steady-state problem...

    log10(ss0)     log10(s1)   N_jac 
    ------------------------------------
        5.0210        2.2227       1 
        2.0576       -0.1159       1 

SUCCESS

Problem solved on 110 grid points.

------------------------------------------------------------

Attempt Newton solution of steady-state problem...

    log10(ss0)     log10(s1)   N_jac 
    ------------------------------------
        5.5962        2.4858       1 
        4.0559        1.1011       1 
        2.5967       -0.4528       1 

SUCCESS

Problem solved on 120 grid points.

------------------------------------------------------------

Attempt Newton solution of steady-state problem...

    log10(ss0)     log10(s1)   N_jac 
    ------------------------------------
        6.1265        2.7735       1 
        3.6858        1.4548       1 
        2.6319        0.1446       1 
        1.3679       -1.1772       1 

SUCCESS

Problem solved on 130 grid points.

------------------------------------------------------------

Attempt Newton solution of steady-state problem...

    log10(ss0)     log10(s1)   N_jac 
    ------------------------------------
        4.6993        2.2095       1 
        4.1731        1.1568       1 
        2.6489       -0.6995       1 

SUCCESS

Problem solved on 140 grid points.

------------------------------------------------------------

Attempt Newton solution of steady-state problem...

    log10(ss0)     log10(s1)   N_jac 
    ------------------------------------
        5.5845        2.6732       1 
        4.1968        1.0162       1 
        2.7599       -0.6656       1 

SUCCESS

Problem solved on 150 grid points.

------------------------------------------------------------

Attempt Newton solution of steady-state problem...

    log10(ss0)     log10(s1)   N_jac 
    ------------------------------------
        6.2303        2.7052       1 
        3.4433        1.1976       1 
        2.3334       -0.2615       1 

SUCCESS

Problem solved on 160 grid points.

------------------------------------------------------------

Attempt Newton solution of steady-state problem...

    log10(ss0)     log10(s1)   N_jac 
    ------------------------------------
        6.1098        2.8734       1 
        3.8979        1.5211       1 
        2.8614        0.1532       1 
        1.5288       -1.1844       1 

SUCCESS

Problem solved on 170 grid points.

------------------------------------------------------------

Attempt Newton solution of steady-state problem...

    log10(ss0)     log10(s1)   N_jac 
    ------------------------------------
        5.6111        1.8249       1 
        2.1693        0.0530       1 
        0.7189       -1.6606       1 

SUCCESS

Problem solved on 180 grid points.

------------------------------------------------------------

Attempt Newton solution of steady-state problem...

    log10(ss0)     log10(s1)   N_jac 
    ------------------------------------
        5.6210        1.8174       1 
        2.5365        0.4024       1 
        0.8872       -0.9605       1 

SUCCESS

Problem solved on 190 grid points.

------------------------------------------------------------

Attempt Newton solution of steady-state problem...

    log10(ss0)     log10(s1)   N_jac 
    ------------------------------------
        4.7330        1.9822       1 
        2.9969        0.6444       1 
        1.1936       -0.6882       1 

SUCCESS

Problem solved on 200 grid points.

------------------------------------------------------------

Attempt Newton solution of steady-state problem...

    log10(ss0)     log10(s1)   N_jac 
    ------------------------------------
        4.7331        1.3363       1 
        1.6099       -0.6334       1 

SUCCESS

Problem solved on 210 grid points.

------------------------------------------------------------

Attempt Newton solution of steady-state problem...

    log10(ss0)     log10(s1)   N_jac 
    ------------------------------------
        4.8468        1.5506       1 
        1.9601        0.1937       1 
        0.5314       -1.0880       1 

SUCCESS

Problem solved on 220 grid points.

------------------------------------------------------------

Attempt Newton solution of steady-state problem...

    log10(ss0)     log10(s1)   N_jac 
    ------------------------------------
        4.7205        1.8583       1 
        1.9621        0.5548       1 
        0.4958       -0.7020       1 

SUCCESS

Problem solved on 230 grid points.

------------------------------------------------------------

Attempt Newton solution of steady-state problem...

    log10(ss0)     log10(s1)   N_jac 
    ------------------------------------
        5.6232        2.2009       1 
        2.3179        0.7007       1 
        0.9388       -0.6792       1 

SUCCESS

Problem solved on 240 grid points.

------------------------------------------------------------

Attempt Newton solution of steady-state problem...

    log10(ss0)     log10(s1)   N_jac 
    ------------------------------------
        4.6784        2.0807       1 
        2.2719        0.7550       1 
        0.7687       -0.4745       1 

SUCCESS

Problem solved on 250 grid points.

------------------------------------------------------------

Attempt Newton solution of steady-state problem...

    log10(ss0)     log10(s1)   N_jac 
    ------------------------------------
        5.9417        2.0391       1 
        2.6855        0.8699       1 
        1.3270       -0.2905       1 

SUCCESS

Problem solved on 260 grid points.

------------------------------------------------------------

Attempt Newton solution of steady-state problem...

    log10(ss0)     log10(s1)   N_jac 
    ------------------------------------
        5.8692        1.1738       1 
        2.6876       -0.6690       1 

SUCCESS

Problem solved on 270 grid points.

------------------------------------------------------------

Attempt Newton solution of steady-state problem...

    log10(ss0)     log10(s1)   N_jac 
    ------------------------------------
        0.5804        1.8231       1 
        2.5655        0.6210       1 
        1.1107       -0.5338       1 

SUCCESS

Problem solved on 280 grid points.

------------------------------------------------------------

Attempt Newton solution of steady-state problem...

    log10(ss0)     log10(s1)   N_jac 
    ------------------------------------
        4.6844        2.2407       1 
        2.9458        1.0848       1 
        1.3029       -0.0580       1 

SUCCESS

Problem solved on 290 grid points.

------------------------------------------------------------

Attempt Newton solution of steady-state problem...

    log10(ss0)     log10(s1)   N_jac 
    ------------------------------------
        5.6025        2.4754       1 
        2.8290        1.3377       1 
        1.4683        0.2107       1 
        0.3608       -0.9149       1 

SUCCESS

Problem solved on 300 grid points.


==== Status of problem ====

Parser configured
Database configured
Mixture configured
Solution configured
Solver configured
Problem solved

==== END of Status ====

ULF run took 88.02 s

==== ULF END ====
