# RUNNING VERSION '1.07-1'
+==========================================================================================================+
|                                                                                                          |
|                                                                                              #           |
|                                                                                             ##           |
|                                                                                            ###           |
|                                                                                          ####            |
|                                                          TU Freiberg                    ######           |
|                                                          Chair of Numerical            #### ##           |
|                                                          Thermo-Fluid-Dynamics         ########          |
|        Universal Laminar Flame Solver                                                  #### #####        |
|                                                                                          ##########      |
|                                                                                                #####     |
|                            ###    ##########             ####  ################################# ###     |
|                           ####  ####                    #####     ####   ####          ######### ###     |
|                          ####  ####                    ######     ###   ###                  ### ###     |
|         ####      ####  ################              ###  ###   ###   #########   ###       ### ##      |
|        ####      ####  ################              ###   ###  ###   ########    ###       ### ###      |
|       ####       ###  #### ####                     ###    ### ###   ###         ##       ### ###        |
|       #####   #####  #### ####                     ###      #####   ###         ###    ##### ###         |
|        ##########   ####  ###                     ###       #############      ########## #####          |
|                                                        #######################################           |
|                                                      ###               #####################             |
|                                                                             ############                 |
|                                                                                                          |
+==========================================================================================================+
                                                                                                            
ULF run at Wed Sep  9 21:38:41 2015



==== Status of problem ====

Parser configured
Database configured
Mixture configured
Solution configured
Solver configured
Problem NOT solved

==== END of Status ====
------------------------------------------------------------

Attempt Newton solution of steady-state problem...

At limits.

FAILURE

------------------------------------------------------------
Transient mode: take 50 timesteps   

 step    size (s)    log10(ss) 
===============================
    0        0.01       6.191
    0       0.005       6.191
    0      0.0025       6.191
    0     0.00125       6.191
    0    0.000625       6.191
    0   0.0003125       6.191
    0   0.0001562       6.191
    0   7.812e-05       6.191
    0   3.906e-05       6.191
    0   1.953e-05       6.191
    0   9.766e-06       6.191
    1   9.766e-06       6.082
    2   1.465e-05       6.085
    3   1.465e-05       6.118
    4   1.465e-05       6.117
    5   1.465e-05       6.104
    6   2.197e-05       6.089
    7   2.197e-05       6.064
    8   2.197e-05        6.04
    9   2.197e-05       6.017
   10   3.296e-05       5.995
   11   3.296e-05       5.964
   12   3.296e-05       5.936
   13   4.944e-05       5.909
   14   4.944e-05       5.871
   15   4.944e-05       5.837
   16   4.944e-05       5.804
   17   7.416e-05       5.774
   18   7.416e-05       5.732
   19   7.416e-05       5.693
   20   7.416e-05       5.656
   21   7.416e-05       5.621
   22   0.0001112       5.588
   23   0.0001112       5.542
   24   0.0001112       5.498
   25   0.0001112       5.457
   26   0.0001112       5.416
   27   0.0001669       5.377
   28   0.0001669       5.322
   29   0.0001669       5.268
   30   0.0001669       5.225
   31   0.0001669       5.193
   32   0.0002503       5.162
   33   0.0002503       5.123
   34   0.0002503       5.088
   35   0.0002503       5.059
   36   0.0002503       5.035
   37   0.0003754       5.018
   38   0.0003754        5.01
   39   0.0003754       5.015
   40   0.0003754       5.038
   41   0.0003754       5.076
   42   0.0003754       5.095
   43   0.0005631         5.1
   44   0.0005631       5.125
   45   0.0005631       5.142
   46   0.0005631        5.15
   47   0.0005631       5.148
   48   0.0005631       5.148
   49   0.0005631       5.163
  0.0008447      5.169 
------------------------------------------------------------

Attempt Newton solution of steady-state problem...

At limits.

FAILURE

------------------------------------------------------------
Transient mode: take 50 timesteps   

 step    size (s)    log10(ss) 
===============================
    0   0.0008447       5.169
    1   0.0008447        5.16
    2   0.0008447       5.137
    3   0.0008447       5.107
    4   0.0008447       5.097
    5   0.0008447       5.103
    6   0.0008447       5.092
    7   0.0008447       5.069
    8    0.001267       5.039
    9    0.001267       4.993
   10    0.001267       4.992
   11    0.001267       4.971
   12    0.001267       4.937
   13    0.001267       4.898
   14    0.001267       4.858
   15    0.001267       4.849
   16    0.001901       4.827
   17    0.001901       4.784
   18    0.001901       4.735
   19    0.001901       4.691
   20    0.001901       4.664
   21    0.001901       4.628
   22    0.001901       4.588
   23    0.002851       4.546
   24    0.002851       4.493
   25    0.002851        4.45
   26    0.002851       4.399
   27    0.004276       4.345
   28    0.004276        4.27
   29    0.004276       4.211
   30    0.004276       4.144
   31    0.006414       4.073
   32    0.006414       3.967
   33    0.006414       3.868
   34    0.006414       3.757
   35    0.009622       3.633
   36    0.009622       3.442
   37    0.009622       3.257
   38    0.009622       3.194
   39        0.01       3.132
   40        0.01       3.069
   41        0.01       3.007
   42        0.01       2.946
   43        0.01       2.885
   44        0.01       2.824
   45        0.01       2.764
   46        0.01       2.703
   47        0.01       2.642
   48        0.01        2.58
   49        0.01       2.518
       0.01      2.455 
------------------------------------------------------------

Attempt Newton solution of steady-state problem...

    log10(ss0)     log10(s1)   N_jac 
    ------------------------------------
        2.4549        3.9000       91 
        4.3866        3.4081       91 
        3.7001        2.2871       91 
        2.9374        1.6551       91 
        2.1259        0.8925       91 
        1.2372       -0.4196       91 

SUCCESS

Problem solved on 30 grid points.

------------------------------------------------------------

Attempt Newton solution of steady-state problem...

    log10(ss0)     log10(s1)   N_jac 
    ------------------------------------
        6.5434        4.7469       1 

At limits.

At limits.

FAILURE

------------------------------------------------------------
Transient mode: take 50 timesteps   

 step    size (s)    log10(ss) 
===============================
    0        0.01       6.543
    1        0.01       3.158
    2        0.01       2.838
    3        0.01       2.623
    4        0.01       2.515
    5        0.01       2.415
    6        0.01       2.318
    7        0.01       2.225
    8        0.01       2.138
    9        0.01       2.058
   10        0.01       1.984
   11        0.01       1.915
   12        0.01       1.852
   13        0.01       1.794
   14        0.01        1.74
   15        0.01       1.688
   16        0.01       1.639
   17        0.01        1.59
   18        0.01       1.543
   19        0.01       1.497
   20        0.01        1.45
   21        0.01       1.404
   22        0.01       1.358
   23        0.01       1.311
   24        0.01       1.264
   25        0.01       1.217
   26        0.01       1.169
   27        0.01       1.121
   28        0.01       1.073
   29        0.01       1.023
   30        0.01      0.9739
   31        0.01      0.9241
   32        0.01      0.8738
   33        0.01      0.8232
   34        0.01      0.7722
   35        0.01      0.7209
   36        0.01      0.6692
   37        0.01      0.6172
   38        0.01      0.5652
   39        0.01       0.513
   40        0.01      0.4605
   41        0.01      0.4078
   42        0.01      0.3548
   43        0.01      0.3017
   44        0.01      0.2483
   45        0.01      0.1955
   46        0.01      0.1425
   47        0.01     0.08933
   48        0.01       0.036
   49        0.01    -0.01748
       0.01    -0.0711 
------------------------------------------------------------

Attempt Newton solution of steady-state problem...

    log10(ss0)     log10(s1)   N_jac 
    ------------------------------------
       -0.0711        1.5273       22 
       -0.1260       -0.5878       23 

SUCCESS

Problem solved on 40 grid points.

------------------------------------------------------------

Attempt Newton solution of steady-state problem...

    log10(ss0)     log10(s1)   N_jac 
    ------------------------------------
        5.7404        3.4014       1 
        4.1371        2.3889       1 
        2.6654        1.8798       1 
        2.1117        1.1950       1 
        1.2440        0.6709       1 
        0.5055        0.1136       1 
       -0.1980       -0.4189       1 

SUCCESS

Problem solved on 50 grid points.

------------------------------------------------------------

Attempt Newton solution of steady-state problem...

    log10(ss0)     log10(s1)   N_jac 
    ------------------------------------
        6.0358        3.3773       1 
        4.8813        2.6503       1 
        4.2351        1.6143       1 
        3.3496        1.1427       1 
        2.6949        0.1109       1 
        1.8499       -0.3857       1 

SUCCESS

Problem solved on 60 grid points.

------------------------------------------------------------

Attempt Newton solution of steady-state problem...

    log10(ss0)     log10(s1)   N_jac 
    ------------------------------------
        4.6584        3.4254       1 
        4.4383        2.4475       1 
        3.5897        1.0850       1 
        2.3668        0.5392       1 
        1.0489       -1.1131       1 

SUCCESS

Problem solved on 70 grid points.

------------------------------------------------------------

Attempt Newton solution of steady-state problem...

    log10(ss0)     log10(s1)   N_jac 
    ------------------------------------
        5.7673        2.8583       1 
        4.2482        2.0327       1 
        2.8529        0.7739       1 
        1.7420       -0.4002       1 

SUCCESS

Problem solved on 80 grid points.

------------------------------------------------------------

Attempt Newton solution of steady-state problem...

    log10(ss0)     log10(s1)   N_jac 
    ------------------------------------
        5.0154        1.9225       1 
        2.9983        0.1093       1 
        1.4044       -1.9225       1 

SUCCESS

Problem solved on 90 grid points.

------------------------------------------------------------

Attempt Newton solution of steady-state problem...

    log10(ss0)     log10(s1)   N_jac 
    ------------------------------------
        3.5590        2.1184       1 
        1.7200       -0.0260       1 

SUCCESS

Problem solved on 100 grid points.

------------------------------------------------------------

Attempt Newton solution of steady-state problem...

    log10(ss0)     log10(s1)   N_jac 
    ------------------------------------
        5.0215        2.4217       1 
        3.0157        0.6749       1 
        1.5531       -0.6628       1 

SUCCESS

Problem solved on 110 grid points.

------------------------------------------------------------

Attempt Newton solution of steady-state problem...

    log10(ss0)     log10(s1)   N_jac 
    ------------------------------------
        5.0597        2.3223       1 
        2.8329        0.6546       1 
        1.3778       -0.9961       1 

SUCCESS

Problem solved on 120 grid points.

------------------------------------------------------------

Attempt Newton solution of steady-state problem...

    log10(ss0)     log10(s1)   N_jac 
    ------------------------------------
        4.5361        2.3553       1 
        3.0035        0.4524       1 
        1.1920       -1.1419       1 

SUCCESS

Problem solved on 130 grid points.

------------------------------------------------------------

Attempt Newton solution of steady-state problem...

    log10(ss0)     log10(s1)   N_jac 
    ------------------------------------
        3.9058        1.9876       1 
        2.6292        0.3035       1 
        0.6587       -1.3204       1 

SUCCESS

Problem solved on 140 grid points.

------------------------------------------------------------

Attempt Newton solution of steady-state problem...

    log10(ss0)     log10(s1)   N_jac 
    ------------------------------------
        5.6264        2.8764       1 
        3.7878        1.3996       1 
        2.4747       -0.0045       1 

SUCCESS

Problem solved on 150 grid points.

------------------------------------------------------------

Attempt Newton solution of steady-state problem...

    log10(ss0)     log10(s1)   N_jac 
    ------------------------------------
        5.5532        3.7592       1 
        4.3659        2.3452       1 
        3.6586        1.2563       1 
        2.4263       -0.3743       1 

SUCCESS

Problem solved on 160 grid points.

------------------------------------------------------------

Attempt Newton solution of steady-state problem...

    log10(ss0)     log10(s1)   N_jac 
    ------------------------------------
        5.0435        1.5775       1 
        1.9060        0.2160       1 
        0.1214       -1.0947       1 

SUCCESS

Problem solved on 170 grid points.

------------------------------------------------------------

Attempt Newton solution of steady-state problem...

    log10(ss0)     log10(s1)   N_jac 
    ------------------------------------
        4.7449        1.3756       1 
        1.2498       -0.0798       1 

SUCCESS

Problem solved on 180 grid points.

------------------------------------------------------------

Attempt Newton solution of steady-state problem...

    log10(ss0)     log10(s1)   N_jac 
    ------------------------------------
        3.5130        1.3376       1 
        0.7946       -0.6960       1 

SUCCESS

Problem solved on 190 grid points.

------------------------------------------------------------

Attempt Newton solution of steady-state problem...

    log10(ss0)     log10(s1)   N_jac 
    ------------------------------------
        5.0511        1.3602       1 
        1.0253        0.0107       1 
       -0.1930       -1.2208       1 

SUCCESS

Problem solved on 200 grid points.

------------------------------------------------------------

Attempt Newton solution of steady-state problem...

    log10(ss0)     log10(s1)   N_jac 
    ------------------------------------
        4.6781        1.9066       1 
        2.0123        0.6791       1 
        0.3038       -0.5406       1 

SUCCESS

Problem solved on 210 grid points.

------------------------------------------------------------

Attempt Newton solution of steady-state problem...

    log10(ss0)     log10(s1)   N_jac 
    ------------------------------------
        5.0485        1.8654       1 
        1.4635        0.6839       1 
        0.3655       -0.4846       1 

SUCCESS

Problem solved on 220 grid points.

------------------------------------------------------------

Attempt Newton solution of steady-state problem...

    log10(ss0)     log10(s1)   N_jac 
    ------------------------------------
        5.3859        1.9020       1 
        2.3644        0.7776       1 
        0.6003       -0.3465       1 

SUCCESS

Problem solved on 230 grid points.

------------------------------------------------------------

Attempt Newton solution of steady-state problem...

    log10(ss0)     log10(s1)   N_jac 
    ------------------------------------
        4.4366        2.1915       1 
        2.4243        1.0839       1 
        0.3811       -0.0146       1 

SUCCESS

Problem solved on 240 grid points.

------------------------------------------------------------

Attempt Newton solution of steady-state problem...

    log10(ss0)     log10(s1)   N_jac 
    ------------------------------------
        5.0149        1.6927       1 
        1.0005        0.6597       1 
        0.2489       -0.3968       1 

SUCCESS

Problem solved on 250 grid points.

------------------------------------------------------------

Attempt Newton solution of steady-state problem...

    log10(ss0)     log10(s1)   N_jac 
    ------------------------------------
        4.2857        2.0955       1 
        1.8764        1.0684       1 
        0.0354        0.0351       1 
       -1.1758       -0.9991       1 

SUCCESS

Problem solved on 260 grid points.

------------------------------------------------------------

Attempt Newton solution of steady-state problem...

    log10(ss0)     log10(s1)   N_jac 
    ------------------------------------
        3.7813        1.8477       1 
        0.9601        0.8386       1 
       -0.5265       -0.1646       1 

SUCCESS

Problem solved on 270 grid points.

------------------------------------------------------------

Attempt Newton solution of steady-state problem...

    log10(ss0)     log10(s1)   N_jac 
    ------------------------------------
        3.7264        1.9430       1 
        1.5370        0.9402       1 
       -0.5001       -0.0418       1 

SUCCESS

Problem solved on 280 grid points.

------------------------------------------------------------

Attempt Newton solution of steady-state problem...

    log10(ss0)     log10(s1)   N_jac 
    ------------------------------------
        5.5929        2.3386       1 
        2.2588        1.3734       1 
        1.2630        0.4163       1 
        0.3073       -0.5401       1 

SUCCESS

Problem solved on 290 grid points.

------------------------------------------------------------

Attempt Newton solution of steady-state problem...

    log10(ss0)     log10(s1)   N_jac 
    ------------------------------------
        5.5732        2.3125       1 
        2.4141        1.3643       1 
        1.2345        0.4288       1 
        0.2985       -0.5053       1 

SUCCESS

Problem solved on 300 grid points.


==== Status of problem ====

Parser configured
Database configured
Mixture configured
Solution configured
Solver configured
Problem solved

==== END of Status ====

ULF run took 99.70 s

==== ULF END ====
