# RUNNING VERSION '1.07-1'
+==========================================================================================================+
|                                                                                                          |
|                                                                                              #           |
|                                                                                             ##           |
|                                                                                            ###           |
|                                                                                          ####            |
|                                                          TU Freiberg                    ######           |
|                                                          Chair of Numerical            #### ##           |
|                                                          Thermo-Fluid-Dynamics         ########          |
|        Universal Laminar Flame Solver                                                  #### #####        |
|                                                                                          ##########      |
|                                                                                                #####     |
|                            ###    ##########             ####  ################################# ###     |
|                           ####  ####                    #####     ####   ####          ######### ###     |
|                          ####  ####                    ######     ###   ###                  ### ###     |
|         ####      ####  ################              ###  ###   ###   #########   ###       ### ##      |
|        ####      ####  ################              ###   ###  ###   ########    ###       ### ###      |
|       ####       ###  #### ####                     ###    ### ###   ###         ##       ### ###        |
|       #####   #####  #### ####                     ###      #####   ###         ###    ##### ###         |
|        ##########   ####  ###                     ###       #############      ########## #####          |
|                                                        #######################################           |
|                                                      ###               #####################             |
|                                                                             ############                 |
|                                                                                                          |
+==========================================================================================================+
                                                                                                            
ULF run at Sun Sep  6 06:41:04 2015



==== Status of problem ====

Parser configured
Database configured
Mixture configured
Solution configured
Solver configured
Problem NOT solved

==== END of Status ====
------------------------------------------------------------

Attempt Newton solution of steady-state problem...

At limits.

FAILURE

------------------------------------------------------------
Transient mode: take 50 timesteps   

 step    size (s)    log10(ss) 
===============================
    0        0.01       6.191
    0       0.005       6.191
    0      0.0025       6.191
    0     0.00125       6.191
    0    0.000625       6.191
    0   0.0003125       6.191
    0   0.0001562       6.191
    0   7.812e-05       6.191
    0   3.906e-05       6.191
    0   1.953e-05       6.191
    0   9.766e-06       6.191
    1   1.465e-05       6.127
    2   1.465e-05       6.118
    3   1.465e-05       6.119
    4   1.465e-05       6.113
    5   1.465e-05       6.099
    6   2.197e-05       6.083
    7   2.197e-05       6.058
    8   2.197e-05       6.034
    9   2.197e-05       6.011
   10   3.296e-05       5.989
   11   3.296e-05       5.958
   12   3.296e-05        5.93
   13   4.944e-05       5.903
   14   4.944e-05       5.866
   15   4.944e-05       5.831
   16   4.944e-05       5.799
   17   7.416e-05       5.768
   18   7.416e-05       5.726
   19   7.416e-05       5.687
   20   7.416e-05        5.65
   21   0.0001112       5.615
   22   0.0001112       5.567
   23   0.0001112       5.522
   24   0.0001112       5.479
   25   0.0001112       5.437
   26   0.0001669       5.398
   27   0.0001669       5.341
   28   0.0001669       5.286
   29   0.0001669       5.233
   30   0.0001669       5.194
   31   0.0002503        5.16
   32   0.0002503       5.114
   33   0.0002503       5.071
   34   0.0002503        5.03
   35   0.0003754        4.99
   36   0.0003754       4.932
   37   0.0003754       4.904
   38   0.0003754       4.926
   39   0.0003754       4.955
   40   0.0003754       5.001
   41   0.0005631        5.03
   42   0.0005631       5.047
   43   0.0005631        5.04
   44   0.0005631        5.05
   45   0.0005631        5.06
   46   0.0005631        5.06
   47   0.0005631       5.054
   48   0.0008447       5.041
   49   0.0008447       5.028
  0.0008447      5.026 
------------------------------------------------------------

Attempt Newton solution of steady-state problem...

    log10(ss0)     log10(s1)   N_jac 
    ------------------------------------
        5.0260        6.6878       51 

At limits.
        5.7156        6.6181       52 

At limits.
        5.7041        6.5658       53 

At limits.

At limits.

FAILURE

------------------------------------------------------------
Transient mode: take 50 timesteps   

 step    size (s)    log10(ss) 
===============================
    0   0.0008447       5.026
    1   0.0008447       5.011
    2   0.0008447       4.987
    3   0.0008447       4.956
    4   0.0008447       4.923
    5    0.001267       4.895
    6    0.001267       4.879
    7    0.001267       4.845
    8    0.001267       4.805
    9    0.001267       4.761
   10    0.001901       4.715
   11    0.001901       4.662
   12    0.001901       4.615
   13    0.001901       4.558
   14    0.001901       4.497
   15    0.002851       4.434
   16    0.002851       4.351
   17    0.002851       4.283
   18    0.002851       4.207
   19    0.004276       4.126
   20    0.004276       4.007
   21    0.004276       3.906
   22    0.004276        3.81
   23    0.006414        3.71
   24    0.006414        3.56
   25    0.006414       3.412
   26    0.009622       3.325
   27    0.009622       3.223
   28    0.009622       3.114
   29        0.01       3.008
   30        0.01       2.901
   31        0.01       2.791
   32        0.01       2.685
   33        0.01       2.591
   34        0.01       2.494
   35        0.01       2.395
   36        0.01       2.295
   37        0.01       2.195
   38        0.01       2.096
   39        0.01       1.999
   40        0.01       1.904
   41        0.01       1.811
   42        0.01       1.722
   43        0.01       1.635
   44        0.01       1.552
   45        0.01       1.471
   46        0.01       1.393
   47        0.01       1.317
   48        0.01       1.242
   49        0.01       1.169
       0.01      1.097 
------------------------------------------------------------

Attempt Newton solution of steady-state problem...

    log10(ss0)     log10(s1)   N_jac 
    ------------------------------------
        1.0973        0.2961       87 
        0.8668       -2.7056       87 

SUCCESS

Problem solved on 30 grid points.

------------------------------------------------------------

Attempt Newton solution of steady-state problem...

    log10(ss0)     log10(s1)   N_jac 
    ------------------------------------
        6.7156        5.0818       1 

At limits.
        6.4745        4.4143       2 

At limits.
        5.8453        3.2224       3 
        4.6141        2.3975       3 
        3.7461        1.5780       3 
        2.9091        0.7563       3 
        2.0769       -0.0680       3 

SUCCESS

Problem solved on 40 grid points.

------------------------------------------------------------

Attempt Newton solution of steady-state problem...

    log10(ss0)     log10(s1)   N_jac 
    ------------------------------------
        6.2667        3.8107       1 
        4.8240        3.1500       1 
        3.8286        2.5208       1 
        3.6247        2.0525       1 
        3.4944        1.8599       1 
        3.2167        1.5789       1 
        2.8668        1.2671       1 
        2.4752        0.9141       1 
        2.0455        0.5306       1 
        1.5751        0.1175       1 
        1.0492       -0.3256       1 

SUCCESS

Problem solved on 50 grid points.

------------------------------------------------------------

Attempt Newton solution of steady-state problem...

    log10(ss0)     log10(s1)   N_jac 
    ------------------------------------
        5.7389        4.1761       1 
        4.4679        3.0538       1 
        3.9955        1.7876       1 
        3.2238        1.0648       1 
        2.5732        0.3549       1 
        1.9029       -0.3028       1 

SUCCESS

Problem solved on 60 grid points.

------------------------------------------------------------

Attempt Newton solution of steady-state problem...

    log10(ss0)     log10(s1)   N_jac 
    ------------------------------------
        6.0199        3.8935       1 
        4.6202        2.9984       1 
        4.3205        2.1878       1 
        3.5756        1.4431       1 
        2.7547        0.7314       1 
        1.9880        0.0709       1 
        1.2542       -0.5055       1 

SUCCESS

Problem solved on 70 grid points.

------------------------------------------------------------

Attempt Newton solution of steady-state problem...

    log10(ss0)     log10(s1)   N_jac 
    ------------------------------------
        5.2752        2.6368       1 
        3.3444        1.7191       1 
        2.2653        0.5897       1 
        1.1287       -0.5347       1 

SUCCESS

Problem solved on 80 grid points.

------------------------------------------------------------

Attempt Newton solution of steady-state problem...

    log10(ss0)     log10(s1)   N_jac 
    ------------------------------------
        5.1876        2.3730       1 
        2.6426        0.2723       1 
        1.6750       -1.5505       1 

SUCCESS

Problem solved on 90 grid points.

------------------------------------------------------------

Attempt Newton solution of steady-state problem...

    log10(ss0)     log10(s1)   N_jac 
    ------------------------------------
        4.7710        2.8298       1 
        3.8705        1.2707       1 
        2.5673       -0.1982       1 

SUCCESS

Problem solved on 100 grid points.

------------------------------------------------------------

Attempt Newton solution of steady-state problem...

    log10(ss0)     log10(s1)   N_jac 
    ------------------------------------
        5.2555        2.3697       1 
        3.3193        0.3356       1 
        1.8050       -0.9621       1 

SUCCESS

Problem solved on 110 grid points.

------------------------------------------------------------

Attempt Newton solution of steady-state problem...

    log10(ss0)     log10(s1)   N_jac 
    ------------------------------------
        5.7159        2.6006       1 
        3.9383        0.9737       1 
        2.5507       -0.4234       1 

SUCCESS

Problem solved on 120 grid points.

------------------------------------------------------------

Attempt Newton solution of steady-state problem...

    log10(ss0)     log10(s1)   N_jac 
    ------------------------------------
        5.8517        3.0013       1 
        3.9821        1.7349       1 
        3.0248        0.5257       1 
        1.8396       -0.6587       1 

SUCCESS

Problem solved on 130 grid points.

------------------------------------------------------------

Attempt Newton solution of steady-state problem...

    log10(ss0)     log10(s1)   N_jac 
    ------------------------------------
        5.5023        2.3176       1 
        2.5191        0.7362       1 
        0.5972       -0.8002       1 

SUCCESS

Problem solved on 140 grid points.

------------------------------------------------------------

Attempt Newton solution of steady-state problem...

    log10(ss0)     log10(s1)   N_jac 
    ------------------------------------
        5.7023        2.1703       1 
        3.3129        0.5487       1 
        1.6660       -1.0334       1 

SUCCESS

Problem solved on 150 grid points.

------------------------------------------------------------

Attempt Newton solution of steady-state problem...

    log10(ss0)     log10(s1)   N_jac 
    ------------------------------------
        4.8908        1.6325       1 
        2.0752       -0.1709       1 

SUCCESS

Problem solved on 160 grid points.

------------------------------------------------------------

Attempt Newton solution of steady-state problem...

    log10(ss0)     log10(s1)   N_jac 
    ------------------------------------
        3.8461        1.7127       1 
        0.5990        0.0642       1 
       -0.1138       -1.3853       1 

SUCCESS

Problem solved on 170 grid points.

------------------------------------------------------------

Attempt Newton solution of steady-state problem...

    log10(ss0)     log10(s1)   N_jac 
    ------------------------------------
        5.2314        1.7452       1 
        1.5930        0.2696       1 
        0.4164       -1.1547       1 

SUCCESS

Problem solved on 180 grid points.

------------------------------------------------------------

Attempt Newton solution of steady-state problem...

    log10(ss0)     log10(s1)   N_jac 
    ------------------------------------
        5.2222        2.1076       1 
        2.5637        0.6890       1 
        0.7989       -0.6921       1 

SUCCESS

Problem solved on 190 grid points.

------------------------------------------------------------

Attempt Newton solution of steady-state problem...

    log10(ss0)     log10(s1)   N_jac 
    ------------------------------------
        4.4563        1.7336       1 
        1.4871       -0.0073       1 

SUCCESS

Problem solved on 200 grid points.

------------------------------------------------------------

Attempt Newton solution of steady-state problem...

    log10(ss0)     log10(s1)   N_jac 
    ------------------------------------
        4.2986        1.6088       1 
        1.9333        0.1172       1 
       -0.0086       -1.1963       1 

SUCCESS

Problem solved on 210 grid points.

------------------------------------------------------------

Attempt Newton solution of steady-state problem...

    log10(ss0)     log10(s1)   N_jac 
    ------------------------------------
        5.2046        1.9862       1 
        1.9264        0.6782       1 
        0.6885       -0.5920       1 

SUCCESS

Problem solved on 220 grid points.

------------------------------------------------------------

Attempt Newton solution of steady-state problem...

    log10(ss0)     log10(s1)   N_jac 
    ------------------------------------
        4.5292        2.2061       1 
        2.4916        0.9610       1 
        0.9170       -0.2579       1 

SUCCESS

Problem solved on 230 grid points.

------------------------------------------------------------

Attempt Newton solution of steady-state problem...

    log10(ss0)     log10(s1)   N_jac 
    ------------------------------------
        5.8033        1.9312       1 
        2.7315        0.4342       1 
        1.1497       -0.8308       1 

SUCCESS

Problem solved on 240 grid points.

------------------------------------------------------------

Attempt Newton solution of steady-state problem...

    log10(ss0)     log10(s1)   N_jac 
    ------------------------------------
        5.7893        1.8158       1 
        2.1381        0.5447       1 
        0.7105       -0.6150       1 

SUCCESS

Problem solved on 250 grid points.

------------------------------------------------------------

Attempt Newton solution of steady-state problem...

    log10(ss0)     log10(s1)   N_jac 
    ------------------------------------
        5.6429        2.1032       1 
        2.3425        0.7447       1 
        1.0400       -0.4362       1 

SUCCESS

Problem solved on 260 grid points.

------------------------------------------------------------

Attempt Newton solution of steady-state problem...

    log10(ss0)     log10(s1)   N_jac 
    ------------------------------------
        5.7106        1.9557       1 
        2.3746        0.3134       1 
        1.0312       -1.0441       1 

SUCCESS

Problem solved on 270 grid points.

------------------------------------------------------------

Attempt Newton solution of steady-state problem...

    log10(ss0)     log10(s1)   N_jac 
    ------------------------------------
        5.4972        1.4525       1 
        1.7975        0.3404       1 
        0.2242       -0.6781       1 

SUCCESS

Problem solved on 280 grid points.

------------------------------------------------------------

Attempt Newton solution of steady-state problem...

    log10(ss0)     log10(s1)   N_jac 
    ------------------------------------
        5.5780        0.9171       1 
        1.5322       -0.1650       1 

SUCCESS

Problem solved on 290 grid points.

------------------------------------------------------------

Attempt Newton solution of steady-state problem...

    log10(ss0)     log10(s1)   N_jac 
    ------------------------------------
        4.8687        1.7829       1 
        1.4730        0.8344       1 
        0.1454       -0.1134       1 

SUCCESS

Problem solved on 300 grid points.


==== Status of problem ====

Parser configured
Database configured
Mixture configured
Solution configured
Solver configured
Problem solved

==== END of Status ====

ULF run took 89.63 s

==== ULF END ====
