# RUNNING VERSION '1.07-1'
+==========================================================================================================+
|                                                                                                          |
|                                                                                              #           |
|                                                                                             ##           |
|                                                                                            ###           |
|                                                                                          ####            |
|                                                          TU Freiberg                    ######           |
|                                                          Chair of Numerical            #### ##           |
|                                                          Thermo-Fluid-Dynamics         ########          |
|        Universal Laminar Flame Solver                                                  #### #####        |
|                                                                                          ##########      |
|                                                                                                #####     |
|                            ###    ##########             ####  ################################# ###     |
|                           ####  ####                    #####     ####   ####          ######### ###     |
|                          ####  ####                    ######     ###   ###                  ### ###     |
|         ####      ####  ################              ###  ###   ###   #########   ###       ### ##      |
|        ####      ####  ################              ###   ###  ###   ########    ###       ### ###      |
|       ####       ###  #### ####                     ###    ### ###   ###         ##       ### ###        |
|       #####   #####  #### ####                     ###      #####   ###         ###    ##### ###         |
|        ##########   ####  ###                     ###       #############      ########## #####          |
|                                                        #######################################           |
|                                                      ###               #####################             |
|                                                                             ############                 |
|                                                                                                          |
+==========================================================================================================+
                                                                                                            
ULF run at Thu Sep 10 01:52:09 2015



==== Status of problem ====

Parser configured
Database configured
Mixture configured
Solution configured
Solver configured
Problem NOT solved

==== END of Status ====
------------------------------------------------------------

Attempt Newton solution of steady-state problem...

At limits.

FAILURE

------------------------------------------------------------
Transient mode: take 50 timesteps   

 step    size (s)    log10(ss) 
===============================
    0        0.01       6.191
    0       0.005       6.191
    0      0.0025       6.191
    0     0.00125       6.191
    0    0.000625       6.191
    0   0.0003125       6.191
    0   0.0001562       6.191
    0   7.812e-05       6.191
    0   3.906e-05       6.191
    0   1.953e-05       6.191
    0   9.766e-06       6.191
    1   9.766e-06       6.065
    2   1.465e-05       6.085
    3   1.465e-05       6.119
    4   1.465e-05       6.117
    5   1.465e-05       6.105
    6   2.197e-05       6.089
    7   2.197e-05       6.065
    8   2.197e-05       6.041
    9   2.197e-05       6.018
   10   3.296e-05       5.996
   11   3.296e-05       5.965
   12   3.296e-05       5.936
   13   4.944e-05       5.909
   14   4.944e-05       5.872
   15   4.944e-05       5.838
   16   4.944e-05       5.805
   17   7.416e-05       5.775
   18   7.416e-05       5.733
   19   7.416e-05       5.694
   20   7.416e-05       5.657
   21   7.416e-05       5.622
   22   0.0001112       5.589
   23   0.0001112       5.543
   24   0.0001112         5.5
   25   0.0001112       5.458
   26   0.0001112       5.418
   27   0.0001669       5.379
   28   0.0001669       5.324
   29   0.0001669        5.27
   30   0.0001669       5.238
   31   0.0001669       5.212
   32   0.0002503       5.186
   33   0.0002503        5.15
   34   0.0002503       5.118
   35   0.0002503        5.09
   36   0.0002503       5.068
   37   0.0003754       5.052
   38   0.0003754       5.045
   39   0.0003754       5.051
   40   0.0003754       5.068
   41   0.0003754       5.099
   42   0.0003754       5.114
   43   0.0005631       5.133
   44   0.0005631       5.158
   45   0.0005631       5.173
   46   0.0005631       5.178
   47   0.0005631       5.177
   48   0.0005631         5.2
   49   0.0005631       5.211
  0.0008447      5.211 
------------------------------------------------------------

Attempt Newton solution of steady-state problem...

At limits.

FAILURE

------------------------------------------------------------
Transient mode: take 50 timesteps   

 step    size (s)    log10(ss) 
===============================
    0   0.0008447       5.211
    1   0.0008447       5.196
    2   0.0008447       5.169
    3   0.0008447       5.151
    4   0.0008447       5.169
    5   0.0008447       5.165
    6   0.0008447       5.143
    7   0.0008447       5.112
    8   0.0008447       5.077
    9   0.0008447       5.086
   10   0.0008447       5.086
   11   0.0008447       5.071
   12   0.0008447       5.047
   13   0.0008447       5.019
   14   0.0008447        4.99
   15   0.0008447       4.991
   16    0.001267       4.989
   17    0.001267       4.969
   18    0.001267       4.938
   19    0.001267       4.903
   20    0.001267       4.878
   21    0.001267       4.873
   22    0.001901       4.853
   23    0.001901       4.816
   24    0.001901       4.772
   25    0.001901       4.748
   26    0.001901       4.723
   27    0.001901       4.691
   28    0.001901       4.656
   29    0.002851       4.619
   30    0.002851        4.59
   31    0.002851       4.548
   32    0.002851       4.502
   33    0.002851       4.457
   34    0.004276       4.424
   35    0.004276       4.363
   36    0.004276       4.288
   37    0.004276       4.201
   38    0.004276       4.105
   39    0.004276       4.001
   40    0.006414       3.893
   41    0.006414       3.737
   42    0.006414       3.577
   43    0.009622       3.416
   44    0.009622       3.315
   45    0.009622       3.272
   46    0.009622       3.232
   47        0.01       3.193
   48        0.01       3.153
   49        0.01       3.115
       0.01      3.075 
------------------------------------------------------------

Attempt Newton solution of steady-state problem...

    log10(ss0)     log10(s1)   N_jac 
    ------------------------------------
        3.0749        5.7000       96 

At limits.

At limits.

FAILURE

------------------------------------------------------------
Transient mode: take 50 timesteps   

 step    size (s)    log10(ss) 
===============================
    0        0.01       3.075
    1        0.01       3.033
    2        0.01       2.991
    3        0.01       2.947
    4        0.01       2.902
    5        0.01       2.856
    6        0.01       2.809
    7        0.01       2.761
    8        0.01       2.713
    9        0.01       2.664
   10        0.01       2.615
   11        0.01       2.565
   12        0.01       2.515
   13        0.01       2.492
   14        0.01       2.481
   15        0.01       2.469
   16        0.01       2.456
   17        0.01       2.441
   18        0.01       2.425
   19        0.01       2.409
   20        0.01       2.391
   21        0.01       2.373
   22        0.01       2.353
   23        0.01       2.333
   24        0.01       2.312
   25        0.01        2.29
   26        0.01       2.268
   27        0.01       2.245
   28        0.01       2.221
   29        0.01       2.196
   30        0.01       2.171
   31        0.01       2.146
   32        0.01        2.12
   33        0.01       2.094
   34        0.01       2.067
   35        0.01        2.04
   36        0.01       2.012
   37        0.01       1.984
   38        0.01       1.956
   39        0.01       1.927
   40        0.01       1.898
   41        0.01       1.869
   42        0.01        1.84
   43        0.01        1.81
   44        0.01        1.78
   45        0.01        1.75
   46        0.01        1.72
   47        0.01       1.689
   48        0.01       1.658
   49        0.01       1.627
       0.01      1.596 
------------------------------------------------------------

Attempt Newton solution of steady-state problem...

    log10(ss0)     log10(s1)   N_jac 
    ------------------------------------
        1.5960        3.1237       126 
        1.5667        3.0935       126 
        1.5976        3.0631       126 
        1.6891        3.0328       126 
        1.7450        1.6942       127 
        2.8405        0.6680       127 
        1.1017       -1.3225       127 

SUCCESS

Problem solved on 30 grid points.

------------------------------------------------------------

Attempt Newton solution of steady-state problem...

    log10(ss0)     log10(s1)   N_jac 
    ------------------------------------
        6.4768        5.7715       1 
        6.1042        5.4824       1 

At limits.
        5.8930        4.6098       2 
        5.2068        3.9550       2 
        4.9858        3.7503       2 
        4.3537        3.6649       2 
        3.7370        2.7933       2 
        3.3492        2.5845       2 
        3.0348        2.3277       2 
        2.5762        2.0681       2 
        2.2932        1.8954       2 
        2.0355        1.6774       2 
        1.8759        1.5175       2 
        1.6690       -1.2053       3 

SUCCESS

Problem solved on 40 grid points.

------------------------------------------------------------

Attempt Newton solution of steady-state problem...

    log10(ss0)     log10(s1)   N_jac 
    ------------------------------------
        4.8215        3.8061       1 
        5.1580        3.7764       1 
        4.4107        2.5230       1 
        3.3731        2.0411       1 
        2.7428        0.7689       1 
        2.0482        0.5030       1 
        0.5294        0.0609       1 
        0.8838       -0.3104       1 

SUCCESS

Problem solved on 50 grid points.

------------------------------------------------------------

Attempt Newton solution of steady-state problem...

    log10(ss0)     log10(s1)   N_jac 
    ------------------------------------
        4.1813        2.9458       1 
        4.3822        2.7633       1 
        3.5458        1.5969       1 
        2.6508        0.8937       1 
        1.4571       -0.4278       1 

SUCCESS

Problem solved on 60 grid points.

------------------------------------------------------------

Attempt Newton solution of steady-state problem...

    log10(ss0)     log10(s1)   N_jac 
    ------------------------------------
        5.0218        3.5814       1 
        4.7208        2.9868       1 
        4.2039        2.2883       1 
        3.6247        1.8817       1 
        2.8416        1.1126       1 
        2.1263        0.5263       1 
        0.9083       -0.0013       1 

SUCCESS

Problem solved on 70 grid points.

------------------------------------------------------------

Attempt Newton solution of steady-state problem...

    log10(ss0)     log10(s1)   N_jac 
    ------------------------------------
        5.9740        3.4309       1 
        4.8346        2.5375       1 
        4.2208        2.0157       1 
        3.5719        1.4530       1 
        2.9430        0.9144       1 
        2.3152        0.3634       1 
        1.6897       -0.1847       1 

SUCCESS

Problem solved on 80 grid points.

------------------------------------------------------------

Attempt Newton solution of steady-state problem...

    log10(ss0)     log10(s1)   N_jac 
    ------------------------------------
        4.2452        2.3122       1 
        3.9192        1.8533       1 
        2.5217        0.2038       1 
        1.0472       -0.9201       1 

SUCCESS

Problem solved on 90 grid points.

------------------------------------------------------------

Attempt Newton solution of steady-state problem...

    log10(ss0)     log10(s1)   N_jac 
    ------------------------------------
        5.6744        2.3238       1 
        3.5817        1.0618       1 
        1.3216       -0.2743       1 

SUCCESS

Problem solved on 100 grid points.

------------------------------------------------------------

Attempt Newton solution of steady-state problem...

    log10(ss0)     log10(s1)   N_jac 
    ------------------------------------
        3.0573        1.9713       1 
        2.7666       -0.2424       1 

SUCCESS

Problem solved on 110 grid points.

------------------------------------------------------------

Attempt Newton solution of steady-state problem...

    log10(ss0)     log10(s1)   N_jac 
    ------------------------------------
        4.9227        1.8376       1 
        1.4133        0.0098       1 
        0.3137       -1.6626       1 

SUCCESS

Problem solved on 120 grid points.

------------------------------------------------------------

Attempt Newton solution of steady-state problem...

    log10(ss0)     log10(s1)   N_jac 
    ------------------------------------
        4.9639        2.0431       1 
        2.4957        0.4541       1 
        0.6109       -1.2152       1 

SUCCESS

Problem solved on 130 grid points.

------------------------------------------------------------

Attempt Newton solution of steady-state problem...

    log10(ss0)     log10(s1)   N_jac 
    ------------------------------------
        5.0258        4.6796       1 
        4.5742        3.4563       1 
        4.5020        2.1756       1 
        2.9998        1.1572       1 
        1.5783       -0.6196       1 

SUCCESS

Problem solved on 140 grid points.

------------------------------------------------------------

Attempt Newton solution of steady-state problem...

    log10(ss0)     log10(s1)   N_jac 
    ------------------------------------
        5.5826        2.4534       1 
        3.6256        0.7066       1 
        2.3795       -0.9421       1 

SUCCESS

Problem solved on 150 grid points.

------------------------------------------------------------

Attempt Newton solution of steady-state problem...

    log10(ss0)     log10(s1)   N_jac 
    ------------------------------------
        5.1183        2.2825       1 
        3.1374        1.0348       1 
        1.5274       -0.3936       1 

SUCCESS

Problem solved on 160 grid points.

------------------------------------------------------------

Attempt Newton solution of steady-state problem...

    log10(ss0)     log10(s1)   N_jac 
    ------------------------------------
        4.1234        2.1595       1 
        2.8346        0.8168       1 
        0.8576       -0.5909       1 

SUCCESS

Problem solved on 170 grid points.

------------------------------------------------------------

Attempt Newton solution of steady-state problem...

    log10(ss0)     log10(s1)   N_jac 
    ------------------------------------
        5.5458        1.9424       1 
        2.4175        0.6476       1 
        0.7143       -0.6631       1 

SUCCESS

Problem solved on 180 grid points.

------------------------------------------------------------

Attempt Newton solution of steady-state problem...

    log10(ss0)     log10(s1)   N_jac 
    ------------------------------------
        4.8228        1.5172       1 
        1.8047        0.2972       1 
       -0.1503       -0.9138       1 

SUCCESS

Problem solved on 190 grid points.

------------------------------------------------------------

Attempt Newton solution of steady-state problem...

    log10(ss0)     log10(s1)   N_jac 
    ------------------------------------
        2.8051        1.8372       1 
        1.9024        0.6158       1 
        0.3865       -0.5879       1 

SUCCESS

Problem solved on 200 grid points.

------------------------------------------------------------

Attempt Newton solution of steady-state problem...

    log10(ss0)     log10(s1)   N_jac 
    ------------------------------------
        3.0045        1.6816       1 
        1.5687        0.4472       1 
        0.1258       -0.7472       1 

SUCCESS

Problem solved on 210 grid points.

------------------------------------------------------------

Attempt Newton solution of steady-state problem...

    log10(ss0)     log10(s1)   N_jac 
    ------------------------------------
        4.8993        1.7092       1 
        1.6866        0.5353       1 
        0.1414       -0.6253       1 

SUCCESS

Problem solved on 220 grid points.

------------------------------------------------------------

Attempt Newton solution of steady-state problem...

    log10(ss0)     log10(s1)   N_jac 
    ------------------------------------
        4.9315        1.0536       1 
        1.0126       -0.6143       1 

SUCCESS

Problem solved on 230 grid points.

------------------------------------------------------------

Attempt Newton solution of steady-state problem...

    log10(ss0)     log10(s1)   N_jac 
    ------------------------------------
        5.5350        1.9397       1 
        2.6739        0.8214       1 
        1.1744       -0.3002       1 

SUCCESS

Problem solved on 240 grid points.

------------------------------------------------------------

Attempt Newton solution of steady-state problem...

    log10(ss0)     log10(s1)   N_jac 
    ------------------------------------
        4.9826        1.8905       1 
        1.2871        0.7810       1 
        0.3156       -0.3161       1 

SUCCESS

Problem solved on 250 grid points.

------------------------------------------------------------

Attempt Newton solution of steady-state problem...

    log10(ss0)     log10(s1)   N_jac 
    ------------------------------------
        5.0011        1.7148       1 
        0.7684        0.6250       1 
        0.1580       -0.4530       1 

SUCCESS

Problem solved on 260 grid points.

------------------------------------------------------------

Attempt Newton solution of steady-state problem...

    log10(ss0)     log10(s1)   N_jac 
    ------------------------------------
        5.0140        1.9342       1 
        1.3794        0.8386       1 
        0.3303       -0.2230       1 

SUCCESS

Problem solved on 270 grid points.

------------------------------------------------------------

Attempt Newton solution of steady-state problem...

    log10(ss0)     log10(s1)   N_jac 
    ------------------------------------
        5.3945        4.9116       1 
        4.7494        3.6012       1 
        4.7437        2.4183       1 
        2.9393        1.3296       1 
        1.4879        0.2320       1 
        0.2925       -0.8165       1 

SUCCESS

Problem solved on 280 grid points.

------------------------------------------------------------

Attempt Newton solution of steady-state problem...

    log10(ss0)     log10(s1)   N_jac 
    ------------------------------------
        5.0202        2.3838       1 
        1.9241        1.3797       1 
        0.9223        0.3731       1 
       -0.0836       -0.6334       1 

SUCCESS

Problem solved on 290 grid points.

------------------------------------------------------------

Attempt Newton solution of steady-state problem...

    log10(ss0)     log10(s1)   N_jac 
    ------------------------------------
        5.3804        2.3854       1 
        2.5670        1.4104       1 
        1.1940        0.4397       1 
        0.1699       -0.5305       1 

SUCCESS

Problem solved on 300 grid points.


==== Status of problem ====

Parser configured
Database configured
Mixture configured
Solution configured
Solver configured
Problem solved

==== END of Status ====

ULF run took 101.15 s

==== ULF END ====
