# RUNNING VERSION '1.07-1'
+==========================================================================================================+
|                                                                                                          |
|                                                                                              #           |
|                                                                                             ##           |
|                                                                                            ###           |
|                                                                                          ####            |
|                                                          TU Freiberg                    ######           |
|                                                          Chair of Numerical            #### ##           |
|                                                          Thermo-Fluid-Dynamics         ########          |
|        Universal Laminar Flame Solver                                                  #### #####        |
|                                                                                          ##########      |
|                                                                                                #####     |
|                            ###    ##########             ####  ################################# ###     |
|                           ####  ####                    #####     ####   ####          ######### ###     |
|                          ####  ####                    ######     ###   ###                  ### ###     |
|         ####      ####  ################              ###  ###   ###   #########   ###       ### ##      |
|        ####      ####  ################              ###   ###  ###   ########    ###       ### ###      |
|       ####       ###  #### ####                     ###    ### ###   ###         ##       ### ###        |
|       #####   #####  #### ####                     ###      #####   ###         ###    ##### ###         |
|        ##########   ####  ###                     ###       #############      ########## #####          |
|                                                        #######################################           |
|                                                      ###               #####################             |
|                                                                             ############                 |
|                                                                                                          |
+==========================================================================================================+
                                                                                                            
ULF run at Thu Sep 10 01:53:51 2015



==== Status of problem ====

Parser configured
Database configured
Mixture configured
Solution configured
Solver configured
Problem NOT solved

==== END of Status ====
------------------------------------------------------------

Attempt Newton solution of steady-state problem...

At limits.

FAILURE

------------------------------------------------------------
Transient mode: take 50 timesteps   

 step    size (s)    log10(ss) 
===============================
    0        0.01       6.191
    0       0.005       6.191
    0      0.0025       6.191
    0     0.00125       6.191
    0    0.000625       6.191
    0   0.0003125       6.191
    0   0.0001562       6.191
    0   7.812e-05       6.191
    0   3.906e-05       6.191
    0   1.953e-05       6.191
    0   9.766e-06       6.191
    1   9.766e-06       6.073
    2   1.465e-05       6.085
    3   1.465e-05       6.118
    4   1.465e-05       6.117
    5   1.465e-05       6.105
    6   2.197e-05       6.089
    7   2.197e-05       6.064
    8   2.197e-05       6.041
    9   2.197e-05       6.017
   10   3.296e-05       5.995
   11   3.296e-05       5.965
   12   3.296e-05       5.936
   13   4.944e-05       5.909
   14   4.944e-05       5.872
   15   4.944e-05       5.837
   16   4.944e-05       5.805
   17   7.416e-05       5.774
   18   7.416e-05       5.732
   19   7.416e-05       5.693
   20   7.416e-05       5.656
   21   7.416e-05       5.622
   22   0.0001112       5.589
   23   0.0001112       5.543
   24   0.0001112       5.499
   25   0.0001112       5.457
   26   0.0001112       5.417
   27   0.0001669       5.378
   28   0.0001669       5.323
   29   0.0001669       5.269
   30   0.0001669       5.228
   31   0.0001669       5.201
   32   0.0002503       5.175
   33   0.0002503       5.138
   34   0.0002503       5.105
   35   0.0002503       5.076
   36   0.0002503       5.053
   37   0.0003754       5.038
   38   0.0003754        5.03
   39   0.0003754       5.036
   40   0.0003754       5.054
   41   0.0003754       5.089
   42   0.0003754       5.106
   43   0.0005631       5.118
   44   0.0005631       5.144
   45   0.0005631        5.16
   46   0.0005631       5.166
   47   0.0005631       5.162
   48   0.0005631       5.177
   49   0.0005631       5.191
  0.0008447      5.193 
------------------------------------------------------------

Attempt Newton solution of steady-state problem...

At limits.

FAILURE

------------------------------------------------------------
Transient mode: take 50 timesteps   

 step    size (s)    log10(ss) 
===============================
    0   0.0008447       5.193
    1   0.0008447       5.181
    2   0.0008447       5.155
    3   0.0008447       5.123
    4   0.0008447       5.139
    5   0.0008447       5.139
    6   0.0008447       5.122
    7    0.001267       5.094
    8    0.001267       5.048
    9    0.001267       5.045
   10    0.001267       5.031
   11    0.001267       4.998
   12    0.001267       4.959
   13    0.001267       4.928
   14    0.001267        4.92
   15    0.001901       4.897
   16    0.001901       4.853
   17    0.001901       4.803
   18    0.001901       4.783
   19    0.001901       4.751
   20    0.001901       4.712
   21    0.002851       4.669
   22    0.002851       4.627
   23    0.002851       4.583
   24    0.002851       4.532
   25    0.002851       4.478
   26    0.004276       4.442
   27    0.004276       4.382
   28    0.004276       4.313
   29    0.004276       4.247
   30    0.004276       4.184
   31    0.006414       4.111
   32    0.006414       3.993
   33    0.006414       3.859
   34    0.006414       3.716
   35    0.009622       3.562
   36    0.009622       3.334
   37    0.009622       3.271
   38        0.01       3.221
   39        0.01        3.17
   40        0.01        3.12
   41        0.01       3.071
   42        0.01       3.021
   43        0.01       2.972
   44        0.01       2.922
   45        0.01       2.871
   46        0.01       2.819
   47        0.01       2.766
   48        0.01       2.713
   49        0.01       2.659
       0.01      2.604 
------------------------------------------------------------

Attempt Newton solution of steady-state problem...

    log10(ss0)     log10(s1)   N_jac 
    ------------------------------------
        2.6036        4.7671       95 

At limits.
        4.8448        3.3212       96 
        4.4614        2.7711       96 
        3.7784        2.0203       96 
        3.0299        1.3402       96 
        2.3012        0.6334       96 
        1.3765       -0.1027       96 

SUCCESS

Problem solved on 30 grid points.

------------------------------------------------------------

Attempt Newton solution of steady-state problem...

    log10(ss0)     log10(s1)   N_jac 
    ------------------------------------
        6.3477        5.1641       1 

At limits.
        6.1091        4.1368       2 

At limits.
        5.5313        3.2634       3 
        4.3156        2.3075       3 
        3.4642        1.4285       3 
        2.6321        0.5921       3 
        1.8041       -0.2360       3 

SUCCESS

Problem solved on 40 grid points.

------------------------------------------------------------

Attempt Newton solution of steady-state problem...

    log10(ss0)     log10(s1)   N_jac 
    ------------------------------------
        6.0322        3.4070       1 
        4.5166        2.8529       1 
        3.5641        2.1068       1 
        2.7931        1.4394       1 
        2.7649        1.0222       1 
        2.4306        0.6993       1 
        2.0012        0.3308       1 
        1.5174       -0.0963       1 

SUCCESS

Problem solved on 50 grid points.

------------------------------------------------------------

Attempt Newton solution of steady-state problem...

    log10(ss0)     log10(s1)   N_jac 
    ------------------------------------
        4.9312        3.2823       1 
        4.7483        3.2617       1 
        3.9924        1.8976       1 
        3.0430        1.5482       1 
        1.9810        0.4876       1 
        0.9128       -0.3362       1 

SUCCESS

Problem solved on 60 grid points.

------------------------------------------------------------

Attempt Newton solution of steady-state problem...

    log10(ss0)     log10(s1)   N_jac 
    ------------------------------------
        4.0371        3.1520       1 
        3.9786        1.8931       1 
        2.6278        0.9482       1 
        1.3310       -0.0786       1 

SUCCESS

Problem solved on 70 grid points.

------------------------------------------------------------

Attempt Newton solution of steady-state problem...

    log10(ss0)     log10(s1)   N_jac 
    ------------------------------------
        5.6979        3.4584       1 
        4.4951        2.1940       1 
        3.6076        1.3951       1 
        2.7495        0.5730       1 
        1.9425       -0.2396       1 

SUCCESS

Problem solved on 80 grid points.

------------------------------------------------------------

Attempt Newton solution of steady-state problem...

    log10(ss0)     log10(s1)   N_jac 
    ------------------------------------
        5.0280        1.8735       1 
        2.9748        0.1790       1 
        1.2894       -2.1296       1 

SUCCESS

Problem solved on 90 grid points.

------------------------------------------------------------

Attempt Newton solution of steady-state problem...

    log10(ss0)     log10(s1)   N_jac 
    ------------------------------------
        4.5284        1.9842       1 
        2.2969       -0.2955       1 

SUCCESS

Problem solved on 100 grid points.

------------------------------------------------------------

Attempt Newton solution of steady-state problem...

    log10(ss0)     log10(s1)   N_jac 
    ------------------------------------
        4.4042        1.8782       1 
        1.6472        0.1044       1 
        0.2426       -1.5831       1 

SUCCESS

Problem solved on 110 grid points.

------------------------------------------------------------

Attempt Newton solution of steady-state problem...

    log10(ss0)     log10(s1)   N_jac 
    ------------------------------------
        4.1130        2.6101       1 
        3.7277        1.6139       1 
        2.1879        0.0789       1 
        0.5421       -1.5001       1 

SUCCESS

Problem solved on 120 grid points.

------------------------------------------------------------

Attempt Newton solution of steady-state problem...

    log10(ss0)     log10(s1)   N_jac 
    ------------------------------------
        4.9967        2.3371       1 
        2.9128        0.8799       1 
        1.1143       -0.6708       1 

SUCCESS

Problem solved on 130 grid points.

------------------------------------------------------------

Attempt Newton solution of steady-state problem...

    log10(ss0)     log10(s1)   N_jac 
    ------------------------------------
        5.5500        2.4646       1 
        3.6024        1.1946       1 
        2.2669       -0.2560       1 

SUCCESS

Problem solved on 140 grid points.

------------------------------------------------------------

Attempt Newton solution of steady-state problem...

    log10(ss0)     log10(s1)   N_jac 
    ------------------------------------
        5.5878        4.1665       1 
        3.5692        2.7202       1 
        3.4986        1.1515       1 
        2.1130       -0.1931       1 

SUCCESS

Problem solved on 150 grid points.

------------------------------------------------------------

Attempt Newton solution of steady-state problem...

    log10(ss0)     log10(s1)   N_jac 
    ------------------------------------
        5.5118        1.7700       1 
        2.5748        0.5138       1 
        1.0583       -0.7813       1 

SUCCESS

Problem solved on 160 grid points.

------------------------------------------------------------

Attempt Newton solution of steady-state problem...

    log10(ss0)     log10(s1)   N_jac 
    ------------------------------------
        5.0199        1.4353       1 
        1.7065        0.1693       1 
       -0.1230       -1.0607       1 

SUCCESS

Problem solved on 170 grid points.

------------------------------------------------------------

Attempt Newton solution of steady-state problem...

    log10(ss0)     log10(s1)   N_jac 
    ------------------------------------
        3.2117        1.5207       1 
        1.3718        0.2368       1 
       -0.0314       -0.9852       1 

SUCCESS

Problem solved on 180 grid points.

------------------------------------------------------------

Attempt Newton solution of steady-state problem...

    log10(ss0)     log10(s1)   N_jac 
    ------------------------------------
        5.0249        1.2493       1 
        1.3081       -0.3162       1 

SUCCESS

Problem solved on 190 grid points.

------------------------------------------------------------

Attempt Newton solution of steady-state problem...

    log10(ss0)     log10(s1)   N_jac 
    ------------------------------------
        4.4817        1.2668       1 
        0.8386       -0.2252       1 

SUCCESS

Problem solved on 200 grid points.

------------------------------------------------------------

Attempt Newton solution of steady-state problem...

    log10(ss0)     log10(s1)   N_jac 
    ------------------------------------
        4.4149        1.4605       1 
        0.7194        0.2541       1 
       -0.5607       -0.8949       1 

SUCCESS

Problem solved on 210 grid points.

------------------------------------------------------------

Attempt Newton solution of steady-state problem...

    log10(ss0)     log10(s1)   N_jac 
    ------------------------------------
        5.0207        1.5337       1 
        0.6391        0.3734       1 
       -0.0518       -0.7466       1 

SUCCESS

Problem solved on 220 grid points.

------------------------------------------------------------

Attempt Newton solution of steady-state problem...

    log10(ss0)     log10(s1)   N_jac 
    ------------------------------------
        4.5461        1.8497       1 
        1.7406        0.7381       1 
        0.0041       -0.3580       1 

SUCCESS

Problem solved on 230 grid points.

------------------------------------------------------------

Attempt Newton solution of steady-state problem...

    log10(ss0)     log10(s1)   N_jac 
    ------------------------------------
        3.8575        2.6764       1 
        2.8774        1.6106       1 
        0.9757        0.5473       1 
       -0.2765       -0.5140       1 

SUCCESS

Problem solved on 240 grid points.

------------------------------------------------------------

Attempt Newton solution of steady-state problem...

    log10(ss0)     log10(s1)   N_jac 
    ------------------------------------
        5.0053        2.3235       1 
        1.8763        1.2740       1 
        0.7227        0.2359       1 
       -0.3132       -0.8014       1 

SUCCESS

Problem solved on 250 grid points.

------------------------------------------------------------

Attempt Newton solution of steady-state problem...

    log10(ss0)     log10(s1)   N_jac 
    ------------------------------------
        3.8613        2.2919       1 
        2.0822        1.2528       1 
        0.0485        0.2307       1 
       -0.9452       -0.7901       1 

SUCCESS

Problem solved on 260 grid points.

------------------------------------------------------------

Attempt Newton solution of steady-state problem...

    log10(ss0)     log10(s1)   N_jac 
    ------------------------------------
        5.3110        2.3120       1 
        2.2531        1.3094       1 
        1.0006        0.3121       1 
       -0.0054       -0.6846       1 

SUCCESS

Problem solved on 270 grid points.

------------------------------------------------------------

Attempt Newton solution of steady-state problem...

    log10(ss0)     log10(s1)   N_jac 
    ------------------------------------
        3.9219        2.4209       1 
        1.9807        1.4220       1 
        0.2176        0.4368       1 
       -0.7262       -0.5473       1 

SUCCESS

Problem solved on 280 grid points.

------------------------------------------------------------

Attempt Newton solution of steady-state problem...

    log10(ss0)     log10(s1)   N_jac 
    ------------------------------------
        4.9818        4.3566       1 
        3.6609        2.8372       1 
        3.6397        1.7073       1 
        1.5824        0.7160       1 
        0.1315       -0.2556       1 

SUCCESS

Problem solved on 290 grid points.

------------------------------------------------------------

Attempt Newton solution of steady-state problem...

    log10(ss0)     log10(s1)   N_jac 
    ------------------------------------
        5.5465        2.1478       1 
        1.9354        1.2824       1 
        1.1506        0.3918       1 
        0.2627       -0.4982       1 

SUCCESS

Problem solved on 300 grid points.


==== Status of problem ====

Parser configured
Database configured
Mixture configured
Solution configured
Solver configured
Problem solved

==== END of Status ====

ULF run took 95.14 s

==== ULF END ====
