# RUNNING VERSION '1.07-1'
+==========================================================================================================+
|                                                                                                          |
|                                                                                              #           |
|                                                                                             ##           |
|                                                                                            ###           |
|                                                                                          ####            |
|                                                          TU Freiberg                    ######           |
|                                                          Chair of Numerical            #### ##           |
|                                                          Thermo-Fluid-Dynamics         ########          |
|        Universal Laminar Flame Solver                                                  #### #####        |
|                                                                                          ##########      |
|                                                                                                #####     |
|                            ###    ##########             ####  ################################# ###     |
|                           ####  ####                    #####     ####   ####          ######### ###     |
|                          ####  ####                    ######     ###   ###                  ### ###     |
|         ####      ####  ################              ###  ###   ###   #########   ###       ### ##      |
|        ####      ####  ################              ###   ###  ###   ########    ###       ### ###      |
|       ####       ###  #### ####                     ###    ### ###   ###         ##       ### ###        |
|       #####   #####  #### ####                     ###      #####   ###         ###    ##### ###         |
|        ##########   ####  ###                     ###       #############      ########## #####          |
|                                                        #######################################           |
|                                                      ###               #####################             |
|                                                                             ############                 |
|                                                                                                          |
+==========================================================================================================+
                                                                                                            
ULF run at Sun Sep  6 06:44:06 2015



==== Status of problem ====

Parser configured
Database configured
Mixture configured
Solution configured
Solver configured
Problem NOT solved

==== END of Status ====
------------------------------------------------------------

Attempt Newton solution of steady-state problem...

At limits.

FAILURE

------------------------------------------------------------
Transient mode: take 50 timesteps   

 step    size (s)    log10(ss) 
===============================
    0        0.01        6.34
    0       0.005        6.34
    0      0.0025        6.34
    0     0.00125        6.34
    0    0.000625        6.34
    0   0.0003125        6.34
    0   0.0001562        6.34
    0   7.812e-05        6.34
    0   3.906e-05        6.34
    0   1.953e-05        6.34
    0   9.766e-06        6.34
    1   9.766e-06       6.281
    2   1.465e-05       6.271
    3   1.465e-05       6.249
    4   1.465e-05       6.228
    5   1.465e-05       6.208
    6   2.197e-05        6.19
    7   2.197e-05       6.164
    8   2.197e-05       6.139
    9   2.197e-05       6.115
   10   3.296e-05       6.091
   11   3.296e-05       6.058
   12   3.296e-05       6.026
   13   4.944e-05       5.995
   14   4.944e-05       5.951
   15   4.944e-05        5.91
   16   4.944e-05       5.871
   17   7.416e-05       5.834
   18   7.416e-05       5.783
   19   7.416e-05       5.735
   20   7.416e-05        5.69
   21   0.0001112       5.648
   22   0.0001112        5.59
   23   0.0001112       5.536
   24   0.0001112       5.486
   25   0.0001112       5.437
   26   0.0001669       5.391
   27   0.0001669       5.327
   28   0.0001669       5.272
   29   0.0001669       5.218
   30   0.0001669       5.165
   31   0.0002503       5.121
   32   0.0002503       5.064
   33   0.0002503        5.01
   34   0.0002503       4.959
   35   0.0002503       4.913
   36   0.0003754       4.875
   37   0.0003754       4.825
   38   0.0003754       4.798
   39   0.0003754       4.764
   40   0.0005631       4.751
   41   0.0005631       4.775
   42   0.0005631       4.769
   43   0.0005631       4.743
   44   0.0005631       4.731
   45   0.0008447       4.737
   46   0.0008447       4.725
   47   0.0008447       4.697
   48   0.0008447       4.658
   49    0.001267       4.608
   0.001267      4.542 
------------------------------------------------------------

Attempt Newton solution of steady-state problem...

    log10(ss0)     log10(s1)   N_jac 
    ------------------------------------
        4.5424        5.8845       50 

At limits.

At limits.

FAILURE

------------------------------------------------------------
Transient mode: take 50 timesteps   

 step    size (s)    log10(ss) 
===============================
    0    0.001267       4.542
    1    0.001267       4.491
    2    0.001267       4.429
    3    0.001901       4.361
    4    0.001901       4.253
    5    0.001901       4.152
    6    0.002851       4.067
    7    0.002851       3.933
    8    0.002851       3.789
    9    0.004276       3.637
   10    0.004276       3.433
   11    0.004276       3.267
   12    0.006414       3.152
   13    0.006414       3.038
   14    0.009622       2.946
   15    0.009622       2.782
   16        0.01       2.602
   17        0.01        2.41
   18        0.01       2.218
   19        0.01       2.027
   20        0.01       1.841
   21        0.01       1.659
   22        0.01       1.483
   23        0.01       1.317
   24        0.01       1.153
   25        0.01        0.99
   26        0.01      0.8268
   27        0.01      0.6644
   28        0.01      0.5012
   29        0.01      0.3402
   30        0.01       0.178
   31        0.01     0.01456
   32        0.01      -0.142
   33        0.01     -0.2997
   34        0.01     -0.4389
   35        0.01     -0.5791
   36        0.01       -0.72
   37        0.01      -0.816
   38        0.01     -0.9124
   39        0.01      -1.009
   40        0.01      -1.106
   41        0.01      -1.204
   42        0.01      -1.301
   43        0.01      -1.399
   44        0.01      -1.497
   45        0.01      -1.596
   46        0.01      -1.694
   47        0.01      -1.793
   48        0.01      -1.892
   49        0.01      -1.992
       0.01     -2.091 
------------------------------------------------------------

Attempt Newton solution of steady-state problem...

    log10(ss0)     log10(s1)   N_jac 
    ------------------------------------
       -2.0914       -4.5231       68 

SUCCESS

Problem solved on 30 grid points.

------------------------------------------------------------

Attempt Newton solution of steady-state problem...

    log10(ss0)     log10(s1)   N_jac 
    ------------------------------------
        7.1156        5.3948       1 

At limits.

At limits.

FAILURE

------------------------------------------------------------
Transient mode: take 50 timesteps   

 step    size (s)    log10(ss) 
===============================
    0        0.01       7.116
    1        0.01       3.739
    2        0.01       3.322
    3        0.01       2.993
    4        0.01       2.683
    5        0.01       2.387
    6        0.01       2.234
    7        0.01       2.072
    8        0.01       1.903
    9        0.01       1.732
   10        0.01       1.582
   11        0.01       1.431
   12        0.01       1.281
   13        0.01       1.134
   14        0.01      0.9904
   15        0.01      0.8455
   16        0.01      0.6987
   17        0.01      0.5514
   18        0.01      0.4021
   19        0.01      0.2524
   20        0.01       0.106
   21        0.01    -0.04248
   22        0.01     -0.1928
   23        0.01     -0.3372
   24        0.01      -0.483
   25        0.01     -0.6119
   26        0.01     -0.7417
   27        0.01     -0.8725
   28        0.01     -0.9616
   29        0.01       -1.05
   30        0.01      -1.139
   31        0.01      -1.228
   32        0.01      -1.318
   33        0.01      -1.408
   34        0.01      -1.498
   35        0.01      -1.588
   36        0.01      -1.679
   37        0.01       -1.77
   38        0.01      -1.862
   39        0.01      -1.953
   40        0.01      -2.045
   41        0.01      -2.137
   42        0.01       -2.23
   43        0.01      -2.323
   44        0.01      -2.415
   45        0.01      -2.509
   46        0.01      -2.602
   47        0.01      -2.695
   48        0.01      -2.789
   49        0.01      -2.883
       0.01     -2.977 
------------------------------------------------------------

Attempt Newton solution of steady-state problem...

    log10(ss0)     log10(s1)   N_jac 
    ------------------------------------
       -2.9774       -4.6796       13 

SUCCESS

Problem solved on 40 grid points.

------------------------------------------------------------

Attempt Newton solution of steady-state problem...

    log10(ss0)     log10(s1)   N_jac 
    ------------------------------------
        6.5973        4.9325       1 

At limits.
        6.2192        3.7939       2 
        4.5400        3.0835       2 
        4.1074        2.6214       2 
        3.8320        2.1421       2 
        3.2698        1.6539       2 
        2.7000        1.0732       2 
        1.9964        0.4673       2 
        1.1452       -0.1891       2 

SUCCESS

Problem solved on 50 grid points.

------------------------------------------------------------

Attempt Newton solution of steady-state problem...

    log10(ss0)     log10(s1)   N_jac 
    ------------------------------------
        6.4327        3.7263       1 
        5.1401        2.9797       1 
        4.4426        2.2336       1 
        3.6776        1.4895       1 
        2.9133        0.7194       1 
        2.1232       -0.0679       1 

SUCCESS

Problem solved on 60 grid points.

------------------------------------------------------------

Attempt Newton solution of steady-state problem...

    log10(ss0)     log10(s1)   N_jac 
    ------------------------------------
        5.4668        3.1038       1 
        3.5293        1.7299       1 
        2.2765        0.4721       1 
        0.7316       -0.8066       1 

SUCCESS

Problem solved on 70 grid points.

------------------------------------------------------------

Attempt Newton solution of steady-state problem...

    log10(ss0)     log10(s1)   N_jac 
    ------------------------------------
        5.4709        3.7977       1 
        4.6789        2.9412       1 
        4.1322        2.0395       1 
        3.4636        1.1823       1 
        2.6443        0.3333       1 
        1.7808       -0.5127       1 

SUCCESS

Problem solved on 80 grid points.

------------------------------------------------------------

Attempt Newton solution of steady-state problem...

    log10(ss0)     log10(s1)   N_jac 
    ------------------------------------
        6.0434        3.5475       1 
        4.6951        2.5999       1 
        3.8308        1.6396       1 
        2.4550        0.7025       1 
        1.7817       -0.2472       1 

SUCCESS

Problem solved on 90 grid points.

------------------------------------------------------------

Attempt Newton solution of steady-state problem...

    log10(ss0)     log10(s1)   N_jac 
    ------------------------------------
        6.2267        3.4479       1 
        4.5950        2.2925       1 
        3.9824        1.3478       1 
        2.9110        0.3858       1 
        1.7445       -0.5427       1 

SUCCESS

Problem solved on 100 grid points.

------------------------------------------------------------

Attempt Newton solution of steady-state problem...

    log10(ss0)     log10(s1)   N_jac 
    ------------------------------------
        5.5225        2.0989       1 
        3.7854        0.7054       1 
        2.2099       -1.4437       1 

SUCCESS

Problem solved on 110 grid points.

------------------------------------------------------------

Attempt Newton solution of steady-state problem...

    log10(ss0)     log10(s1)   N_jac 
    ------------------------------------
        4.9742        2.1827       1 
        3.5602        0.4553       1 
        2.1508       -1.3458       1 

SUCCESS

Problem solved on 120 grid points.

------------------------------------------------------------

Attempt Newton solution of steady-state problem...

    log10(ss0)     log10(s1)   N_jac 
    ------------------------------------
        6.0909        2.0817       1 
        3.7788        0.1972       1 
        1.6002       -1.2148       1 

SUCCESS

Problem solved on 130 grid points.

------------------------------------------------------------

Attempt Newton solution of steady-state problem...

    log10(ss0)     log10(s1)   N_jac 
    ------------------------------------
        4.7761        2.1399       1 
        2.7048        0.2757       1 
        1.3249       -1.5406       1 

SUCCESS

Problem solved on 140 grid points.

------------------------------------------------------------

Attempt Newton solution of steady-state problem...

    log10(ss0)     log10(s1)   N_jac 
    ------------------------------------
        5.5144        2.3668       1 
        3.1340        0.6629       1 
        1.4677       -1.0322       1 

SUCCESS

Problem solved on 150 grid points.

------------------------------------------------------------

Attempt Newton solution of steady-state problem...

    log10(ss0)     log10(s1)   N_jac 
    ------------------------------------
        5.1559        2.6530       1 
        2.7231        1.2017       1 
        1.2964       -0.2148       1 

SUCCESS

Problem solved on 160 grid points.

------------------------------------------------------------

Attempt Newton solution of steady-state problem...

    log10(ss0)     log10(s1)   N_jac 
    ------------------------------------
        6.1175        2.6711       1 
        3.7616        1.1114       1 
        2.3312       -0.4017       1 

SUCCESS

Problem solved on 170 grid points.

------------------------------------------------------------

Attempt Newton solution of steady-state problem...

    log10(ss0)     log10(s1)   N_jac 
    ------------------------------------
        6.1390        2.8069       1 
        3.8796        1.3945       1 
        2.8834       -0.0082       1 

SUCCESS

Problem solved on 180 grid points.

------------------------------------------------------------

Attempt Newton solution of steady-state problem...

    log10(ss0)     log10(s1)   N_jac 
    ------------------------------------
        6.0588        1.8618       1 
        2.4382        0.0541       1 
        0.9271       -1.5828       1 

SUCCESS

Problem solved on 190 grid points.

------------------------------------------------------------

Attempt Newton solution of steady-state problem...

    log10(ss0)     log10(s1)   N_jac 
    ------------------------------------
        5.5323        1.4812       1 
        2.1828        0.1587       1 
        0.5176       -1.1390       1 

SUCCESS

Problem solved on 200 grid points.

------------------------------------------------------------

Attempt Newton solution of steady-state problem...

    log10(ss0)     log10(s1)   N_jac 
    ------------------------------------
        5.5418        1.4011       1 
        2.0895       -0.0294       1 

SUCCESS

Problem solved on 210 grid points.

------------------------------------------------------------

Attempt Newton solution of steady-state problem...

    log10(ss0)     log10(s1)   N_jac 
    ------------------------------------
        4.9109        1.6098       1 
        1.9789        0.2796       1 
        0.5538       -0.9800       1 

SUCCESS

Problem solved on 220 grid points.

------------------------------------------------------------

Attempt Newton solution of steady-state problem...

    log10(ss0)     log10(s1)   N_jac 
    ------------------------------------
        4.1042        1.2616       1 
        0.9544       -0.5434       1 

SUCCESS

Problem solved on 230 grid points.

------------------------------------------------------------

Attempt Newton solution of steady-state problem...

    log10(ss0)     log10(s1)   N_jac 
    ------------------------------------
        3.3131        1.6508       1 
        2.4668        0.3522       1 
        0.8919       -0.8953       1 

SUCCESS

Problem solved on 240 grid points.

------------------------------------------------------------

Attempt Newton solution of steady-state problem...

    log10(ss0)     log10(s1)   N_jac 
    ------------------------------------
        4.1595        1.5549       1 
        2.0369        0.3292       1 
        0.1684       -0.9096       1 

SUCCESS

Problem solved on 250 grid points.

------------------------------------------------------------

Attempt Newton solution of steady-state problem...

    log10(ss0)     log10(s1)   N_jac 
    ------------------------------------
        4.8114        1.5884       1 
        1.9901        0.3015       1 
       -0.0097       -0.8925       1 

SUCCESS

Problem solved on 260 grid points.

------------------------------------------------------------

Attempt Newton solution of steady-state problem...

    log10(ss0)     log10(s1)   N_jac 
    ------------------------------------
        5.5450        1.8474       1 
        2.8201        0.6076       1 
        0.8910       -0.5551       1 

SUCCESS

Problem solved on 270 grid points.

------------------------------------------------------------

Attempt Newton solution of steady-state problem...

    log10(ss0)     log10(s1)   N_jac 
    ------------------------------------
        5.9026        1.6574       1 
        2.5680        0.4711       1 
        0.8571       -0.6768       1 

SUCCESS

Problem solved on 280 grid points.

------------------------------------------------------------

Attempt Newton solution of steady-state problem...

    log10(ss0)     log10(s1)   N_jac 
    ------------------------------------
        4.5964        2.0010       1 
        2.0223        0.8613       1 
        0.5273       -0.2574       1 

SUCCESS

Problem solved on 290 grid points.

------------------------------------------------------------

Attempt Newton solution of steady-state problem...

    log10(ss0)     log10(s1)   N_jac 
    ------------------------------------
        5.7969        2.2323       1 
        2.5486        1.1441       1 
        1.3560        0.0612       1 
        0.2745       -1.0213       1 

SUCCESS

Problem solved on 300 grid points.


==== Status of problem ====

Parser configured
Database configured
Mixture configured
Solution configured
Solver configured
Problem solved

==== END of Status ====

ULF run took 89.34 s

==== ULF END ====
