# RUNNING VERSION '1.07-1'
+==========================================================================================================+
|                                                                                                          |
|                                                                                              #           |
|                                                                                             ##           |
|                                                                                            ###           |
|                                                                                          ####            |
|                                                          TU Freiberg                    ######           |
|                                                          Chair of Numerical            #### ##           |
|                                                          Thermo-Fluid-Dynamics         ########          |
|        Universal Laminar Flame Solver                                                  #### #####        |
|                                                                                          ##########      |
|                                                                                                #####     |
|                            ###    ##########             ####  ################################# ###     |
|                           ####  ####                    #####     ####   ####          ######### ###     |
|                          ####  ####                    ######     ###   ###                  ### ###     |
|         ####      ####  ################              ###  ###   ###   #########   ###       ### ##      |
|        ####      ####  ################              ###   ###  ###   ########    ###       ### ###      |
|       ####       ###  #### ####                     ###    ### ###   ###         ##       ### ###        |
|       #####   #####  #### ####                     ###      #####   ###         ###    ##### ###         |
|        ##########   ####  ###                     ###       #############      ########## #####          |
|                                                        #######################################           |
|                                                      ###               #####################             |
|                                                                             ############                 |
|                                                                                                          |
+==========================================================================================================+
                                                                                                            
ULF run at Sun Sep  6 06:42:34 2015



==== Status of problem ====

Parser configured
Database configured
Mixture configured
Solution configured
Solver configured
Problem NOT solved

==== END of Status ====
------------------------------------------------------------

Attempt Newton solution of steady-state problem...

At limits.

FAILURE

------------------------------------------------------------
Transient mode: take 50 timesteps   

 step    size (s)    log10(ss) 
===============================
    0        0.01       6.258
    0       0.005       6.258
    0      0.0025       6.258
    0     0.00125       6.258
    0    0.000625       6.258
    0   0.0003125       6.258
    0   0.0001562       6.258
    0   7.812e-05       6.258
    0   3.906e-05       6.258
    0   1.953e-05       6.258
    0   9.766e-06       6.258
    1   1.465e-05        6.21
    2   1.465e-05       6.197
    3   1.465e-05       6.176
    4   1.465e-05       6.157
    5   1.465e-05        6.14
    6   2.197e-05       6.124
    7   2.197e-05       6.101
    8   2.197e-05       6.079
    9   2.197e-05       6.057
   10   3.296e-05       6.036
   11   3.296e-05       6.005
   12   3.296e-05       5.976
   13   4.944e-05       5.947
   14   4.944e-05       5.906
   15   4.944e-05       5.867
   16   4.944e-05       5.829
   17   7.416e-05       5.794
   18   7.416e-05       5.744
   19   7.416e-05       5.697
   20   7.416e-05       5.653
   21   0.0001112       5.611
   22   0.0001112        5.56
   23   0.0001112       5.515
   24   0.0001112       5.471
   25   0.0001112        5.43
   26   0.0001669       5.389
   27   0.0001669       5.332
   28   0.0001669       5.277
   29   0.0001669       5.223
   30   0.0001669       5.174
   31   0.0002503       5.136
   32   0.0002503       5.083
   33   0.0002503       5.034
   34   0.0002503       4.991
   35   0.0003754       4.952
   36   0.0003754       4.897
   37   0.0003754       4.843
   38   0.0003754       4.819
   39   0.0003754       4.854
   40   0.0005631       4.864
   41   0.0005631       4.859
   42   0.0005631       4.896
   43   0.0005631       4.911
   44   0.0005631       4.909
   45   0.0008447       4.893
   46   0.0008447       4.853
   47   0.0008447       4.842
   48   0.0008447       4.824
   49    0.001267       4.797
   0.001267      4.747 
------------------------------------------------------------

Attempt Newton solution of steady-state problem...

    log10(ss0)     log10(s1)   N_jac 
    ------------------------------------
        4.7468        6.1611       50 

At limits.
        5.0237        5.9201       51 

At limits.

At limits.

FAILURE

------------------------------------------------------------
Transient mode: take 50 timesteps   

 step    size (s)    log10(ss) 
===============================
    0    0.001267       4.747
    1    0.001267       4.687
    2    0.001267       4.642
    3    0.001267       4.598
    4    0.001901       4.547
    5    0.001901       4.468
    6    0.001901       4.384
    7    0.001901       4.294
    8    0.002851       4.228
    9    0.002851       4.124
   10    0.002851       4.011
   11    0.004276       3.891
   12    0.004276       3.714
   13    0.004276       3.576
   14    0.006414       3.434
   15    0.006414       3.297
   16    0.006414       3.167
   17    0.009622       3.047
   18    0.009622       2.941
   19    0.009622       2.813
   20        0.01       2.672
   21        0.01        2.52
   22        0.01       2.364
   23        0.01       2.209
   24        0.01       2.057
   25        0.01       1.909
   26        0.01       1.766
   27        0.01       1.628
   28        0.01       1.494
   29        0.01       1.365
   30        0.01       1.239
   31        0.01       1.115
   32        0.01      0.9956
   33        0.01      0.8773
   34        0.01       0.759
   35        0.01      0.6403
   36        0.01      0.5216
   37        0.01      0.4022
   38        0.01      0.2819
   39        0.01      0.1618
   40        0.01     0.04091
   41        0.01    -0.08092
   42        0.01     -0.2008
   43        0.01     -0.3215
   44        0.01      -0.443
   45        0.01     -0.5587
   46        0.01      -0.675
   47        0.01     -0.7919
   48        0.01     -0.8943
   49        0.01     -0.9971
       0.01       -1.1 
------------------------------------------------------------

Attempt Newton solution of steady-state problem...

    log10(ss0)     log10(s1)   N_jac 
    ------------------------------------
       -1.1003       -3.0693       76 

SUCCESS

Problem solved on 30 grid points.

------------------------------------------------------------

Attempt Newton solution of steady-state problem...

    log10(ss0)     log10(s1)   N_jac 
    ------------------------------------
        6.6073        5.3583       1 

At limits.

At limits.

FAILURE

------------------------------------------------------------
Transient mode: take 50 timesteps   

 step    size (s)    log10(ss) 
===============================
    0        0.01       6.607
    0       0.005       6.607
    1       0.005       3.743
    2       0.005       3.508
    3      0.0075       3.324
    4      0.0075       3.079
    5      0.0075       2.848
    6        0.01        2.62
    7        0.01       2.441
    8        0.01       2.348
    9        0.01       2.247
   10        0.01       2.136
   11        0.01       2.017
   12        0.01         1.9
   13        0.01       1.783
   14        0.01       1.665
   15        0.01       1.547
   16        0.01        1.43
   17        0.01       1.318
   18        0.01       1.205
   19        0.01       1.093
   20        0.01        0.98
   21        0.01      0.8667
   22        0.01      0.7533
   23        0.01      0.6394
   24        0.01      0.5264
   25        0.01      0.4137
   26        0.01         0.3
   27        0.01      0.1854
   28        0.01     0.07258
   29        0.01    -0.04106
   30        0.01     -0.1555
   31        0.01     -0.2644
   32        0.01     -0.3739
   33        0.01     -0.4841
   34        0.01     -0.5942
   35        0.01     -0.6903
   36        0.01     -0.7867
   37        0.01     -0.8836
   38        0.01     -0.9492
   39        0.01      -1.015
   40        0.01      -1.081
   41        0.01      -1.147
   42        0.01      -1.213
   43        0.01       -1.28
   44        0.01      -1.346
   45        0.01      -1.413
   46        0.01       -1.48
   47        0.01      -1.547
   48        0.01      -1.614
   49        0.01      -1.681
       0.01     -1.749 
------------------------------------------------------------

Attempt Newton solution of steady-state problem...

    log10(ss0)     log10(s1)   N_jac 
    ------------------------------------
       -1.7488       -0.3970       17 

SUCCESS

Problem solved on 40 grid points.

------------------------------------------------------------

Attempt Newton solution of steady-state problem...

    log10(ss0)     log10(s1)   N_jac 
    ------------------------------------
        6.3539        4.7026       1 

At limits.
        5.7612        3.5134       2 
        4.5380        2.3259       2 
        2.8801        1.5246       2 
        1.9696        0.4656       2 
        0.4358       -0.3851       2 

SUCCESS

Problem solved on 50 grid points.

------------------------------------------------------------

Attempt Newton solution of steady-state problem...

    log10(ss0)     log10(s1)   N_jac 
    ------------------------------------
        6.0689        3.9564       1 
        3.9592        3.2671       1 
        4.0901        2.4746       1 
        3.4953        1.7378       1 
        2.6413        0.9948       1 
        1.8321        0.2640       1 
        1.0090       -0.4671       1 

SUCCESS

Problem solved on 60 grid points.

------------------------------------------------------------

Attempt Newton solution of steady-state problem...

    log10(ss0)     log10(s1)   N_jac 
    ------------------------------------
        6.2203        3.2366       1 
        4.8375        2.3475       1 
        4.0184        1.4816       1 
        3.1024        0.6388       1 
        2.2547       -0.2229       1 

SUCCESS

Problem solved on 70 grid points.

------------------------------------------------------------

Attempt Newton solution of steady-state problem...

    log10(ss0)     log10(s1)   N_jac 
    ------------------------------------
        4.9977        2.8406       1 
        3.6490        1.1107       1 
        2.6830       -0.4094       1 

SUCCESS

Problem solved on 80 grid points.

------------------------------------------------------------

Attempt Newton solution of steady-state problem...

    log10(ss0)     log10(s1)   N_jac 
    ------------------------------------
        5.5098        3.1847       1 
        3.7245        2.0719       1 
        2.6250        0.9951       1 
        1.5349       -0.0947       1 

SUCCESS

Problem solved on 90 grid points.

------------------------------------------------------------

Attempt Newton solution of steady-state problem...

    log10(ss0)     log10(s1)   N_jac 
    ------------------------------------
        5.9590        3.1886       1 
        3.7477        2.0624       1 
        3.0404        0.8130       1 
        1.8473       -0.3831       1 

SUCCESS

Problem solved on 100 grid points.

------------------------------------------------------------

Attempt Newton solution of steady-state problem...

    log10(ss0)     log10(s1)   N_jac 
    ------------------------------------
        6.0868        3.1361       1 
        4.4959        2.0297       1 
        3.6377        0.9867       1 
        2.3503       -0.0711       1 

SUCCESS

Problem solved on 110 grid points.

------------------------------------------------------------

Attempt Newton solution of steady-state problem...

    log10(ss0)     log10(s1)   N_jac 
    ------------------------------------
        5.3904        2.4189       1 
        3.1493        0.9486       1 
        1.9937       -0.5083       1 

SUCCESS

Problem solved on 120 grid points.

------------------------------------------------------------

Attempt Newton solution of steady-state problem...

    log10(ss0)     log10(s1)   N_jac 
    ------------------------------------
        5.9377        1.7931       1 
        3.2956       -0.0486       1 

SUCCESS

Problem solved on 130 grid points.

------------------------------------------------------------

Attempt Newton solution of steady-state problem...

    log10(ss0)     log10(s1)   N_jac 
    ------------------------------------
        3.9481        1.9391       1 
        1.9936       -0.1788       1 

SUCCESS

Problem solved on 140 grid points.

------------------------------------------------------------

Attempt Newton solution of steady-state problem...

    log10(ss0)     log10(s1)   N_jac 
    ------------------------------------
        5.4149        2.2318       1 
        3.1608        0.5356       1 
        1.6539       -1.1643       1 

SUCCESS

Problem solved on 150 grid points.

------------------------------------------------------------

Attempt Newton solution of steady-state problem...

    log10(ss0)     log10(s1)   N_jac 
    ------------------------------------
        4.4799        1.9727       1 
        2.6861        0.1082       1 
        0.9108       -1.6743       1 

SUCCESS

Problem solved on 160 grid points.

------------------------------------------------------------

Attempt Newton solution of steady-state problem...

    log10(ss0)     log10(s1)   N_jac 
    ------------------------------------
        5.4013        2.1322       1 
        2.6100        0.5378       1 
        0.9458       -1.0158       1 

SUCCESS

Problem solved on 170 grid points.

------------------------------------------------------------

Attempt Newton solution of steady-state problem...

    log10(ss0)     log10(s1)   N_jac 
    ------------------------------------
        4.9429        2.4011       1 
        2.3359        0.8207       1 
        0.9895       -0.7538       1 

SUCCESS

Problem solved on 180 grid points.

------------------------------------------------------------

Attempt Newton solution of steady-state problem...

    log10(ss0)     log10(s1)   N_jac 
    ------------------------------------
        5.5927        2.4293       1 
        3.1940        0.8074       1 
        2.0694       -0.7901       1 

SUCCESS

Problem solved on 190 grid points.

------------------------------------------------------------

Attempt Newton solution of steady-state problem...

    log10(ss0)     log10(s1)   N_jac 
    ------------------------------------
        6.0139        2.4412       1 
        3.0448        0.9091       1 
        1.7960       -0.6374       1 

SUCCESS

Problem solved on 200 grid points.

------------------------------------------------------------

Attempt Newton solution of steady-state problem...

    log10(ss0)     log10(s1)   N_jac 
    ------------------------------------
        5.9331        1.8984       1 
        2.7510        0.2998       1 
        0.9371       -1.1803       1 

SUCCESS

Problem solved on 210 grid points.

------------------------------------------------------------

Attempt Newton solution of steady-state problem...

    log10(ss0)     log10(s1)   N_jac 
    ------------------------------------
        1.8095        1.3549       1 
        2.2519       -0.0556       1 

SUCCESS

Problem solved on 220 grid points.

------------------------------------------------------------

Attempt Newton solution of steady-state problem...

    log10(ss0)     log10(s1)   N_jac 
    ------------------------------------
        5.3505        1.9572       1 
        2.2477        0.1713       1 
        1.1056       -1.5790       1 

SUCCESS

Problem solved on 230 grid points.

------------------------------------------------------------

Attempt Newton solution of steady-state problem...

    log10(ss0)     log10(s1)   N_jac 
    ------------------------------------
        5.7419        1.8363       1 
        2.0881        0.6510       1 
        0.9192       -0.5405       1 

SUCCESS

Problem solved on 240 grid points.

------------------------------------------------------------

Attempt Newton solution of steady-state problem...

    log10(ss0)     log10(s1)   N_jac 
    ------------------------------------
        5.4318        1.6146       1 
        1.9404        0.4436       1 
        0.5148       -0.7063       1 

SUCCESS

Problem solved on 250 grid points.

------------------------------------------------------------

Attempt Newton solution of steady-state problem...

    log10(ss0)     log10(s1)   N_jac 
    ------------------------------------
        5.7828        1.5240       1 
        1.9968        0.3576       1 
        0.7049       -0.7676       1 

SUCCESS

Problem solved on 260 grid points.

------------------------------------------------------------

Attempt Newton solution of steady-state problem...

    log10(ss0)     log10(s1)   N_jac 
    ------------------------------------
        3.9681        1.2514       1 
        0.3474       -0.1215       1 

SUCCESS

Problem solved on 270 grid points.

------------------------------------------------------------

Attempt Newton solution of steady-state problem...

    log10(ss0)     log10(s1)   N_jac 
    ------------------------------------
        4.8140        1.3689       1 
        1.0739        0.1908       1 
       -0.0658       -0.9091       1 

SUCCESS

Problem solved on 280 grid points.

------------------------------------------------------------

Attempt Newton solution of steady-state problem...

    log10(ss0)     log10(s1)   N_jac 
    ------------------------------------
        5.4345        1.3841       1 
        1.7105       -0.0606       1 

SUCCESS

Problem solved on 290 grid points.

------------------------------------------------------------

Attempt Newton solution of steady-state problem...

    log10(ss0)     log10(s1)   N_jac 
    ------------------------------------
        4.7331        1.3346       1 
        1.2385        0.1928       1 
       -0.2769       -0.8620       1 

SUCCESS

Problem solved on 300 grid points.


==== Status of problem ====

Parser configured
Database configured
Mixture configured
Solution configured
Solver configured
Problem solved

==== END of Status ====

ULF run took 91.61 s

==== ULF END ====
