# RUNNING VERSION '1.07-1'
+==========================================================================================================+
|                                                                                                          |
|                                                                                              #           |
|                                                                                             ##           |
|                                                                                            ###           |
|                                                                                          ####            |
|                                                          TU Freiberg                    ######           |
|                                                          Chair of Numerical            #### ##           |
|                                                          Thermo-Fluid-Dynamics         ########          |
|        Universal Laminar Flame Solver                                                  #### #####        |
|                                                                                          ##########      |
|                                                                                                #####     |
|                            ###    ##########             ####  ################################# ###     |
|                           ####  ####                    #####     ####   ####          ######### ###     |
|                          ####  ####                    ######     ###   ###                  ### ###     |
|         ####      ####  ################              ###  ###   ###   #########   ###       ### ##      |
|        ####      ####  ################              ###   ###  ###   ########    ###       ### ###      |
|       ####       ###  #### ####                     ###    ### ###   ###         ##       ### ###        |
|       #####   #####  #### ####                     ###      #####   ###         ###    ##### ###         |
|        ##########   ####  ###                     ###       #############      ########## #####          |
|                                                        #######################################           |
|                                                      ###               #####################             |
|                                                                             ############                 |
|                                                                                                          |
+==========================================================================================================+
                                                                                                            
ULF run at Sun Sep  6 06:47:05 2015



==== Status of problem ====

Parser configured
Database configured
Mixture configured
Solution configured
Solver configured
Problem NOT solved

==== END of Status ====
------------------------------------------------------------

Attempt Newton solution of steady-state problem...

At limits.

FAILURE

------------------------------------------------------------
Transient mode: take 50 timesteps   

 step    size (s)    log10(ss) 
===============================
    0        0.01       6.468
    0       0.005       6.468
    0      0.0025       6.468
    0     0.00125       6.468
    0    0.000625       6.468
    0   0.0003125       6.468
    0   0.0001562       6.468
    0   7.812e-05       6.468
    0   3.906e-05       6.468
    0   1.953e-05       6.468
    0   9.766e-06       6.468
    1   9.766e-06       6.394
    2   1.465e-05       6.381
    3   1.465e-05       6.355
    4   1.465e-05        6.33
    5   1.465e-05       6.307
    6   2.197e-05       6.285
    7   2.197e-05       6.255
    8   2.197e-05       6.225
    9   2.197e-05       6.197
   10   3.296e-05        6.17
   11   3.296e-05       6.132
   12   3.296e-05       6.096
   13   4.944e-05       6.062
   14   4.944e-05       6.014
   15   4.944e-05        5.97
   16   4.944e-05       5.928
   17   7.416e-05       5.889
   18   7.416e-05       5.836
   19   7.416e-05       5.787
   20   7.416e-05       5.741
   21   0.0001112       5.698
   22   0.0001112        5.64
   23   0.0001112       5.585
   24   0.0001112       5.535
   25   0.0001112       5.493
   26   0.0001669       5.461
   27   0.0001669       5.412
   28   0.0001669       5.361
   29   0.0001669       5.308
   30   0.0002503       5.252
   31   0.0002503       5.165
   32   0.0002503       5.072
   33   0.0002503       4.985
   34   0.0003754       4.923
   35   0.0003754       4.852
   36   0.0003754       4.788
   37   0.0003754        4.73
   38   0.0003754       4.683
   39   0.0005631       4.673
   40   0.0005631       4.685
   41   0.0005631       4.627
   42   0.0005631       4.573
   43   0.0008447       4.541
   44   0.0008447       4.506
   45   0.0008447       4.453
   46   0.0008447       4.389
   47    0.001267       4.318
   48    0.001267       4.218
   49    0.001267        4.15
   0.001901       4.07 
------------------------------------------------------------

Attempt Newton solution of steady-state problem...

    log10(ss0)     log10(s1)   N_jac 
    ------------------------------------
        4.0700        4.2862       49 
        4.6568        3.4889       49 
        4.1781        2.6152       49 
        3.3815        1.7255       49 
        2.6357        1.6185       49 
        0.7653        1.6050       49 
        0.8523        1.5919       49 
        0.2746        1.5810       49 
       -0.3209        1.3850       49 
       -0.5463        1.3783       49 
       -0.5678        1.2381       49 
       -0.7205       -1.0792       50 

SUCCESS

Problem solved on 30 grid points.

------------------------------------------------------------

Attempt Newton solution of steady-state problem...

    log10(ss0)     log10(s1)   N_jac 
    ------------------------------------
        7.2888        6.1091       1 

At limits.

At limits.

FAILURE

------------------------------------------------------------
Transient mode: take 50 timesteps   

 step    size (s)    log10(ss) 
===============================
    0        0.01       7.289
    0       0.005       7.289
    1       0.005       4.082
    2      0.0075       3.752
    3      0.0075       3.438
    4        0.01       3.144
    5        0.01        2.79
    6        0.01       2.438
    7        0.01       2.084
    8        0.01       1.823
    9        0.01       1.571
   10        0.01       1.317
   11        0.01       1.061
   12        0.01      0.8045
   13        0.01      0.6053
   14        0.01      0.4077
   15        0.01      0.2133
   16        0.01      0.0111
   17        0.01     -0.1876
   18        0.01     -0.3909
   19        0.01     -0.5737
   20        0.01     -0.7544
   21        0.01     -0.8793
   22        0.01      -1.005
   23        0.01      -1.133
   24        0.01      -1.261
   25        0.01      -1.391
   26        0.01      -1.521
   27        0.01      -1.653
   28        0.01      -1.785
   29        0.01      -1.917
   30        0.01      -2.051
   31        0.01      -2.185
   32        0.01       -2.32
   33        0.01      -2.455
   34        0.01      -2.591
   35        0.01      -2.727
   36        0.01      -2.864
   37        0.01      -3.001
   38        0.01      -3.139
   39        0.01      -3.276
   40        0.01      -3.413
   41        0.01      -3.551
   42        0.01      -3.689
   43        0.01      -3.828
   44        0.01      -3.967
   45        0.01      -4.106
   46        0.01      -4.246
   47        0.01      -4.386
   48        0.01      -4.526
   49        0.01      -4.667
       0.01     -4.808 
------------------------------------------------------------

Attempt Newton solution of steady-state problem...

    log10(ss0)     log10(s1)   N_jac 
    ------------------------------------
       -4.8078       -6.8937       12 

SUCCESS

Problem solved on 40 grid points.

------------------------------------------------------------

Attempt Newton solution of steady-state problem...

    log10(ss0)     log10(s1)   N_jac 
    ------------------------------------
        7.0331        4.9164       1 

At limits.
        6.5881        4.3132       2 
        5.6871        3.8918       2 
        5.1462        3.4399       2 
        4.7029        3.0222       2 
        4.2982        2.6266       2 
        3.9055        2.2369       2 
        3.5158        1.8486       2 
        3.1271        1.4608       2 
        2.7390        1.0733       2 
        2.3512        0.6859       2 
        1.9636        0.2985       2 
        1.5761       -3.3912       3 

SUCCESS

Problem solved on 50 grid points.

------------------------------------------------------------

Attempt Newton solution of steady-state problem...

    log10(ss0)     log10(s1)   N_jac 
    ------------------------------------
        6.3657        3.4726       1 
        5.1232        2.6713       1 
        3.8450        2.0744       1 
        3.3475        1.4588       1 
        2.5706        0.8377       1 
        1.7840        0.2087       1 
        0.9500       -0.4256       1 

SUCCESS

Problem solved on 60 grid points.

------------------------------------------------------------

Attempt Newton solution of steady-state problem...

    log10(ss0)     log10(s1)   N_jac 
    ------------------------------------
        6.5445        3.6359       1 
        4.3437        2.4385       1 
        3.5000        1.6634       1 
        3.3254        0.7351       1 
        2.1717       -0.0920       1 

SUCCESS

Problem solved on 70 grid points.

------------------------------------------------------------

Attempt Newton solution of steady-state problem...

    log10(ss0)     log10(s1)   N_jac 
    ------------------------------------
        6.3800        3.8821       1 
        4.4389        3.0878       1 
        3.7532        2.2844       1 
        3.0785        1.4896       1 
        2.2942        0.6973       1 
        1.5022       -0.0956       1 

SUCCESS

Problem solved on 80 grid points.

------------------------------------------------------------

Attempt Newton solution of steady-state problem...

    log10(ss0)     log10(s1)   N_jac 
    ------------------------------------
        5.6567        2.8069       1 
        3.6838        1.5991       1 
        2.6530        0.3593       1 
        1.4905       -0.8813       1 

SUCCESS

Problem solved on 90 grid points.

------------------------------------------------------------

Attempt Newton solution of steady-state problem...

    log10(ss0)     log10(s1)   N_jac 
    ------------------------------------
        5.0742        2.2080       1 
        3.2896        0.1442       1 
        2.0424       -1.5416       1 

SUCCESS

Problem solved on 100 grid points.

------------------------------------------------------------

Attempt Newton solution of steady-state problem...

    log10(ss0)     log10(s1)   N_jac 
    ------------------------------------
        4.8437        3.1223       1 
        4.8093        2.0613       1 
        3.7879        0.8587       1 
        2.5967       -0.1689       1 

SUCCESS

Problem solved on 110 grid points.

------------------------------------------------------------

Attempt Newton solution of steady-state problem...

    log10(ss0)     log10(s1)   N_jac 
    ------------------------------------
        5.6465        2.7689       1 
        3.8058        1.1274       1 
        2.2123       -0.2568       1 

SUCCESS

Problem solved on 120 grid points.

------------------------------------------------------------

Attempt Newton solution of steady-state problem...

    log10(ss0)     log10(s1)   N_jac 
    ------------------------------------
        6.0911        2.4935       1 
        3.7116        0.9762       1 
        1.4713       -0.5739       1 

SUCCESS

Problem solved on 130 grid points.

------------------------------------------------------------

Attempt Newton solution of steady-state problem...

    log10(ss0)     log10(s1)   N_jac 
    ------------------------------------
        4.9551        1.9450       1 
        2.4218        0.1014       1 
        0.5901       -1.6686       1 

SUCCESS

Problem solved on 140 grid points.

------------------------------------------------------------

Attempt Newton solution of steady-state problem...

    log10(ss0)     log10(s1)   N_jac 
    ------------------------------------
        6.3053        3.2346       1 
        4.3664        2.0579       1 
        3.5294        0.8711       1 
        2.4580       -0.2764       1 

SUCCESS

Problem solved on 150 grid points.

------------------------------------------------------------

Attempt Newton solution of steady-state problem...

    log10(ss0)     log10(s1)   N_jac 
    ------------------------------------
        6.1861        3.0059       1 
        3.7903        1.8105       1 
        2.8447        0.5976       1 
        1.6905       -0.6148       1 

SUCCESS

Problem solved on 160 grid points.

------------------------------------------------------------

Attempt Newton solution of steady-state problem...

    log10(ss0)     log10(s1)   N_jac 
    ------------------------------------
        6.1475        2.4679       1 
        3.9050        0.7653       1 
        2.4251       -1.0041       1 

SUCCESS

Problem solved on 170 grid points.

------------------------------------------------------------

Attempt Newton solution of steady-state problem...

    log10(ss0)     log10(s1)   N_jac 
    ------------------------------------
        5.0559        1.7179       1 
        2.0737        0.2576       1 
        0.5726       -1.1707       1 

SUCCESS

Problem solved on 180 grid points.

------------------------------------------------------------

Attempt Newton solution of steady-state problem...

    log10(ss0)     log10(s1)   N_jac 
    ------------------------------------
        4.8186        1.7816       1 
        2.6370        0.2969       1 
        1.0533       -1.1013       1 

SUCCESS

Problem solved on 190 grid points.

------------------------------------------------------------

Attempt Newton solution of steady-state problem...

    log10(ss0)     log10(s1)   N_jac 
    ------------------------------------
        5.6844        1.6226       1 
        1.6886        0.1629       1 
        0.7302       -1.1879       1 

SUCCESS

Problem solved on 200 grid points.

------------------------------------------------------------

Attempt Newton solution of steady-state problem...

    log10(ss0)     log10(s1)   N_jac 
    ------------------------------------
        4.8076        1.5769       1 
        1.9414        0.0075       1 
        0.2858       -1.3279       1 

SUCCESS

Problem solved on 210 grid points.

------------------------------------------------------------

Attempt Newton solution of steady-state problem...

    log10(ss0)     log10(s1)   N_jac 
    ------------------------------------
        4.7878        2.2683       1 
        2.9942        0.9426       1 
        1.0434       -0.3570       1 

SUCCESS

Problem solved on 220 grid points.

------------------------------------------------------------

Attempt Newton solution of steady-state problem...

    log10(ss0)     log10(s1)   N_jac 
    ------------------------------------
        5.6832        2.3587       1 
        3.0487        1.0732       1 
        1.4548       -0.1991       1 

SUCCESS

Problem solved on 230 grid points.

------------------------------------------------------------

Attempt Newton solution of steady-state problem...

    log10(ss0)     log10(s1)   N_jac 
    ------------------------------------
        5.9634        2.2797       1 
        2.7588        0.9335       1 
        1.3471       -0.3388       1 

SUCCESS

Problem solved on 240 grid points.

------------------------------------------------------------

Attempt Newton solution of steady-state problem...

    log10(ss0)     log10(s1)   N_jac 
    ------------------------------------
        5.6588        2.2641       1 
        2.3972        1.0225       1 
        1.2817       -0.1934       1 

SUCCESS

Problem solved on 250 grid points.

------------------------------------------------------------

Attempt Newton solution of steady-state problem...

    log10(ss0)     log10(s1)   N_jac 
    ------------------------------------
        5.9296        2.1571       1 
        2.9033        0.9473       1 
        1.4935       -0.2562       1 

SUCCESS

Problem solved on 260 grid points.

------------------------------------------------------------

Attempt Newton solution of steady-state problem...

    log10(ss0)     log10(s1)   N_jac 
    ------------------------------------
        5.0128        1.7441       1 
        1.3995        0.5380       1 
        0.1731       -0.6619       1 

SUCCESS

Problem solved on 270 grid points.

------------------------------------------------------------

Attempt Newton solution of steady-state problem...

    log10(ss0)     log10(s1)   N_jac 
    ------------------------------------
        0.5504        1.7275       1 
        2.5680        0.4810       1 
        1.0445       -0.7160       1 

SUCCESS

Problem solved on 280 grid points.

------------------------------------------------------------

Attempt Newton solution of steady-state problem...

    log10(ss0)     log10(s1)   N_jac 
    ------------------------------------
        5.7303        2.2073       1 
        2.4306        1.0066       1 
        1.4061       -0.1784       1 

SUCCESS

Problem solved on 290 grid points.

------------------------------------------------------------

Attempt Newton solution of steady-state problem...

    log10(ss0)     log10(s1)   N_jac 
    ------------------------------------
        6.2860        2.2482       1 
        2.8076        0.7737       1 
        1.8111       -0.4859       1 

SUCCESS

Problem solved on 300 grid points.


==== Status of problem ====

Parser configured
Database configured
Mixture configured
Solution configured
Solver configured
Problem solved

==== END of Status ====

ULF run took 85.19 s

==== ULF END ====
