# RUNNING VERSION '1.07-1'
+==========================================================================================================+
|                                                                                                          |
|                                                                                              #           |
|                                                                                             ##           |
|                                                                                            ###           |
|                                                                                          ####            |
|                                                          TU Freiberg                    ######           |
|                                                          Chair of Numerical            #### ##           |
|                                                          Thermo-Fluid-Dynamics         ########          |
|        Universal Laminar Flame Solver                                                  #### #####        |
|                                                                                          ##########      |
|                                                                                                #####     |
|                            ###    ##########             ####  ################################# ###     |
|                           ####  ####                    #####     ####   ####          ######### ###     |
|                          ####  ####                    ######     ###   ###                  ### ###     |
|         ####      ####  ################              ###  ###   ###   #########   ###       ### ##      |
|        ####      ####  ################              ###   ###  ###   ########    ###       ### ###      |
|       ####       ###  #### ####                     ###    ### ###   ###         ##       ### ###        |
|       #####   #####  #### ####                     ###      #####   ###         ###    ##### ###         |
|        ##########   ####  ###                     ###       #############      ########## #####          |
|                                                        #######################################           |
|                                                      ###               #####################             |
|                                                                             ############                 |
|                                                                                                          |
+==========================================================================================================+
                                                                                                            
ULF run at Sun Sep  6 06:39:23 2015



==== Status of problem ====

Parser configured
Database configured
Mixture configured
Solution configured
Solver configured
Problem NOT solved

==== END of Status ====
------------------------------------------------------------

Attempt Newton solution of steady-state problem...

At limits.

FAILURE

------------------------------------------------------------
Transient mode: take 50 timesteps   

 step    size (s)    log10(ss) 
===============================
    0        0.01       6.683
    0       0.005       6.683
    0      0.0025       6.683
    0     0.00125       6.683
    0    0.000625       6.683
    0   0.0003125       6.683
    0   0.0001562       6.683
    0   7.812e-05       6.683
    0   3.906e-05       6.683
    0   1.953e-05       6.683
    0   9.766e-06       6.683
    0   4.883e-06       6.683
    1   4.883e-06       6.596
    2   4.883e-06       6.588
    3   7.324e-06       6.578
    4   7.324e-06       6.561
    5   7.324e-06       6.543
    6   1.099e-05       6.525
    7   1.099e-05       6.501
    8   1.099e-05       6.478
    9   1.099e-05       6.456
   10   1.648e-05       6.434
   11   1.648e-05       6.404
   12   1.648e-05       6.374
   13   2.472e-05       6.347
   14   2.472e-05       6.307
   15   2.472e-05       6.271
   16   2.472e-05       6.236
   17   3.708e-05       6.203
   18   3.708e-05       6.158
   19   3.708e-05       6.116
   20   3.708e-05       6.077
   21   5.562e-05        6.04
   22   5.562e-05        5.99
   23   5.562e-05       5.943
   24   5.562e-05         5.9
   25   8.343e-05       5.859
   26   8.343e-05       5.803
   27   8.343e-05       5.763
   28   8.343e-05       5.736
   29   0.0001251       5.708
   30   0.0001251       5.668
   31   0.0001251       5.628
   32   0.0001251       5.589
   33   0.0001877        5.55
   34   0.0001877       5.493
   35   0.0001877       5.438
   36   0.0001877       5.383
   37   0.0002816        5.33
   38   0.0002816       5.253
   39   0.0002816       5.178
   40   0.0002816       5.103
   41   0.0004224       5.027
   42   0.0004224       4.916
   43   0.0004224       4.868
   44   0.0004224       4.794
   45   0.0006335       4.745
   46   0.0006335       4.674
   47   0.0006335       4.606
   48   0.0006335       4.541
   49   0.0009503       4.478
  0.0009503      4.392 
------------------------------------------------------------

Attempt Newton solution of steady-state problem...

    log10(ss0)     log10(s1)   N_jac 
    ------------------------------------
        4.3919        5.5534       52 

At limits.

At limits.

FAILURE

------------------------------------------------------------
Transient mode: take 50 timesteps   

 step    size (s)    log10(ss) 
===============================
    0   0.0009503       4.392
    1   0.0009503       4.309
    2   0.0009503        4.23
    3    0.001425       4.152
    4    0.001425       4.039
    5    0.001425       3.926
    6    0.002138       3.812
    7    0.002138       3.645
    8    0.003207       3.474
    9    0.003207       3.236
   10    0.003207       3.025
   11    0.004811       2.881
   12    0.004811       2.763
   13    0.007216       2.623
   14    0.007216       2.376
   15        0.01       2.102
   16        0.01       1.737
   17        0.01        1.36
   18        0.01      0.9785
   19        0.01      0.5965
   20        0.01      0.2124
   21        0.01     -0.1626
   22        0.01     -0.5039
   23        0.01     -0.8472
   24        0.01      -1.088
   25        0.01      -1.329
   26        0.01      -1.571
   27        0.01      -1.815
   28        0.01      -2.059
   29        0.01      -2.304
   30        0.01       -2.55
   31        0.01      -2.796
   32        0.01      -3.044
   33        0.01      -3.293
   34        0.01      -3.542
   35        0.01      -3.792
   36        0.01      -4.043
   37        0.01      -4.295
   38        0.01      -4.548
   39        0.01      -4.801
   40        0.01      -5.055
   41        0.01      -5.311
   42        0.01      -5.567
   43        0.01      -5.824
   44        0.01      -6.082
   45        0.01      -6.344
   46        0.01      -6.599
   47        0.01      -6.867
   48        0.01      -7.119
   49        0.01      -7.244
       0.01     -7.276 
------------------------------------------------------------

Attempt Newton solution of steady-state problem...

    log10(ss0)     log10(s1)   N_jac 
    ------------------------------------
       -7.2760       -6.3978       65 

SUCCESS

Problem solved on 30 grid points.

------------------------------------------------------------

Attempt Newton solution of steady-state problem...

    log10(ss0)     log10(s1)   N_jac 
    ------------------------------------
        6.7777        5.9781       1 

At limits.
        6.7054        6.3114       2 

At limits.
        6.6438        5.4875       3 

At limits.

At limits.

FAILURE

------------------------------------------------------------
Transient mode: take 50 timesteps   

 step    size (s)    log10(ss) 
===============================
    0        0.01       6.778
    0       0.005       6.778
    0      0.0025       6.778
    0     0.00125       6.778
    0    0.000625       6.778
    0   0.0003125       6.778
    0   0.0001562       6.778
    0   7.812e-05       6.778
    0   3.906e-05       6.778
    0   1.953e-05       6.778
    0   9.766e-06       6.778
    0   4.883e-06       6.778
    0   2.441e-06       6.778
    1   3.662e-06       6.388
    2   5.493e-06        6.17
    3   5.493e-06       6.002
    4   5.493e-06       5.942
    5    8.24e-06       5.906
    6    8.24e-06       5.854
    7    8.24e-06       5.801
    8   1.236e-05       5.748
    9   1.236e-05       5.672
   10   1.854e-05       5.599
   11   1.854e-05       5.496
   12   1.854e-05       5.398
   13   2.781e-05       5.303
   14   2.781e-05       5.172
   15   2.781e-05       5.046
   16   4.171e-05       4.922
   17   4.171e-05       4.856
   18   6.257e-05       4.818
   19   6.257e-05       4.768
   20   6.257e-05       4.724
   21   9.386e-05       4.686
   22   9.386e-05       4.638
   23   9.386e-05       4.599
   24   0.0001408       4.567
   25   0.0001408       4.541
   26   0.0001408       4.533
   27   0.0002112       4.521
   28   0.0002112       4.502
   29   0.0002112       4.481
   30   0.0003168        4.46
   31   0.0003168       4.429
   32   0.0003168       4.398
   33   0.0004751       4.367
   34   0.0004751        4.32
   35   0.0004751       4.273
   36   0.0007127       4.225
   37   0.0007127       4.153
   38   0.0007127        4.08
   39    0.001069       4.007
   40    0.001069       3.911
   41    0.001069       3.819
   42    0.001604       3.726
   43    0.001604       3.592
   44    0.002405       3.459
   45    0.002405       3.271
   46    0.003608       3.106
   47    0.003608       2.877
   48    0.005412       2.637
   49    0.005412       2.391
   0.008118      2.144 
------------------------------------------------------------

Attempt Newton solution of steady-state problem...

    log10(ss0)     log10(s1)   N_jac 
    ------------------------------------
        2.1435        0.3379       52 
        1.1831       -2.1845       52 

SUCCESS

Problem solved on 40 grid points.

------------------------------------------------------------

Attempt Newton solution of steady-state problem...

    log10(ss0)     log10(s1)   N_jac 
    ------------------------------------
        7.1207        5.2204       1 

At limits.
        6.8629        4.3844       2 
        5.8101        3.4492       2 
        4.5965        2.7779       2 
        3.7721        2.2643       2 
        3.3209        1.7981       2 
        2.8131        1.4088       2 
        2.6648        1.0971       2 
        2.2319        0.8197       2 
        1.9637        0.5578       2 
        1.6246        0.3071       2 
        1.3436        0.0645       2 
        1.0446       -3.2785       3 

SUCCESS

Problem solved on 50 grid points.

------------------------------------------------------------

Attempt Newton solution of steady-state problem...

    log10(ss0)     log10(s1)   N_jac 
    ------------------------------------
        6.9573        4.2036       1 
        6.1690        3.6806       1 
        5.6176        3.2033       1 
        5.1279        2.7444       1 
        4.6486        2.2761       1 
        4.1727        1.8050       1 
        3.6982        1.3320       1 
        3.2240        0.8585       1 
        2.7500        0.3847       1 
        2.2760       -0.0891       1 

SUCCESS

Problem solved on 60 grid points.

------------------------------------------------------------

Attempt Newton solution of steady-state problem...

    log10(ss0)     log10(s1)   N_jac 
    ------------------------------------
        6.5275        4.1501       1 
        4.4628        3.4831       1 
        4.1958        2.7619       1 
        3.8789        2.0554       1 
        3.1928        1.3536       1 
        2.4598        0.6672       1 
        1.7295       -0.0108       1 

SUCCESS

Problem solved on 70 grid points.

------------------------------------------------------------

Attempt Newton solution of steady-state problem...

    log10(ss0)     log10(s1)   N_jac 
    ------------------------------------
        6.5893        2.6873       1 
        4.7227        1.5280       1 
        3.6769        0.3183       1 
        2.3618       -0.8024       1 

SUCCESS

Problem solved on 80 grid points.

------------------------------------------------------------

Attempt Newton solution of steady-state problem...

    log10(ss0)     log10(s1)   N_jac 
    ------------------------------------
        5.1212        2.9552       1 
        3.2293        1.4583       1 
        1.8890        0.0609       1 
        0.3722       -1.3417       1 

SUCCESS

Problem solved on 90 grid points.

------------------------------------------------------------

Attempt Newton solution of steady-state problem...

    log10(ss0)     log10(s1)   N_jac 
    ------------------------------------
        5.8376        3.3855       1 
        3.6529        2.3412       1 
        2.6059        1.3169       1 
        1.7723        0.3029       1 
        0.7791       -0.7084       1 

SUCCESS

Problem solved on 100 grid points.

------------------------------------------------------------

Attempt Newton solution of steady-state problem...

    log10(ss0)     log10(s1)   N_jac 
    ------------------------------------
        6.5268        3.2859       1 
        4.8755        1.7862       1 
        3.6498        0.2458       1 
        2.3121       -0.5101       1 

SUCCESS

Problem solved on 110 grid points.

------------------------------------------------------------

Attempt Newton solution of steady-state problem...

    log10(ss0)     log10(s1)   N_jac 
    ------------------------------------
        4.8439        2.4110       1 
        4.5200        1.3856       1 
        3.1055       -0.2244       1 

SUCCESS

Problem solved on 120 grid points.

------------------------------------------------------------

Attempt Newton solution of steady-state problem...

    log10(ss0)     log10(s1)   N_jac 
    ------------------------------------
        5.7804        0.9767       1 
        2.5333       -0.8162       1 

SUCCESS

Problem solved on 130 grid points.

------------------------------------------------------------

Attempt Newton solution of steady-state problem...

    log10(ss0)     log10(s1)   N_jac 
    ------------------------------------
        6.3226        2.3768       1 
        3.8053        0.8965       1 
        2.0731       -0.5733       1 

SUCCESS

Problem solved on 140 grid points.

------------------------------------------------------------

Attempt Newton solution of steady-state problem...

    log10(ss0)     log10(s1)   N_jac 
    ------------------------------------
        6.3662        1.7447       1 
        3.0990       -0.4398       1 

SUCCESS

Problem solved on 150 grid points.

------------------------------------------------------------

Attempt Newton solution of steady-state problem...

    log10(ss0)     log10(s1)   N_jac 
    ------------------------------------
        5.1891        1.7654       1 
        2.9389       -0.5859       1 

SUCCESS

Problem solved on 160 grid points.

------------------------------------------------------------

Attempt Newton solution of steady-state problem...

    log10(ss0)     log10(s1)   N_jac 
    ------------------------------------
        4.6854        2.0312       1 
        2.1705        0.3166       1 
        0.4031       -1.2465       1 

SUCCESS

Problem solved on 170 grid points.

------------------------------------------------------------

Attempt Newton solution of steady-state problem...

    log10(ss0)     log10(s1)   N_jac 
    ------------------------------------
        5.8717        3.0008       1 
        4.2443        1.7369       1 
        3.2121        0.4463       1 
        2.0020       -0.8295       1 

SUCCESS

Problem solved on 180 grid points.

------------------------------------------------------------

Attempt Newton solution of steady-state problem...

    log10(ss0)     log10(s1)   N_jac 
    ------------------------------------
        5.8625        2.8823       1 
        3.6489        1.6025       1 
        2.7748        0.3186       1 
        1.5250       -0.9561       1 

SUCCESS

Problem solved on 190 grid points.

------------------------------------------------------------

Attempt Newton solution of steady-state problem...

    log10(ss0)     log10(s1)   N_jac 
    ------------------------------------
        6.1384        2.6601       1 
        3.3826        1.2052       1 
        2.2372       -0.2688       1 

SUCCESS

Problem solved on 200 grid points.

------------------------------------------------------------

Attempt Newton solution of steady-state problem...

    log10(ss0)     log10(s1)   N_jac 
    ------------------------------------
        6.5111        2.5585       1 
        3.4436        1.1637       1 
        2.3154       -0.2364       1 

SUCCESS

Problem solved on 210 grid points.

------------------------------------------------------------

Attempt Newton solution of steady-state problem...

    log10(ss0)     log10(s1)   N_jac 
    ------------------------------------
        6.4830        1.9547       1 
        3.6289        0.4496       1 
        1.7016       -0.9289       1 

SUCCESS

Problem solved on 220 grid points.

------------------------------------------------------------

Attempt Newton solution of steady-state problem...

    log10(ss0)     log10(s1)   N_jac 
    ------------------------------------
        1.3324        1.4334       1 
        2.4644        0.0114       1 
        0.7434       -1.3698       1 

SUCCESS

Problem solved on 230 grid points.

------------------------------------------------------------

Attempt Newton solution of steady-state problem...

    log10(ss0)     log10(s1)   N_jac 
    ------------------------------------
        1.1128        1.6626       1 
        2.9171        0.2115       1 
        1.2114       -1.1658       1 

SUCCESS

Problem solved on 240 grid points.

------------------------------------------------------------

Attempt Newton solution of steady-state problem...

    log10(ss0)     log10(s1)   N_jac 
    ------------------------------------
        6.4283        1.8569       1 
        2.5334        0.3863       1 
        1.6187       -1.0031       1 

SUCCESS

Problem solved on 250 grid points.

------------------------------------------------------------

Attempt Newton solution of steady-state problem...

    log10(ss0)     log10(s1)   N_jac 
    ------------------------------------
        6.3993        2.5470       1 
        3.6834        1.0829       1 
        2.4688       -0.3389       1 

SUCCESS

Problem solved on 260 grid points.

------------------------------------------------------------

Attempt Newton solution of steady-state problem...

    log10(ss0)     log10(s1)   N_jac 
    ------------------------------------
        6.3261        1.9622       1 
        2.8206        0.7785       1 
        1.6698       -0.4047       1 

SUCCESS

Problem solved on 270 grid points.

------------------------------------------------------------

Attempt Newton solution of steady-state problem...

    log10(ss0)     log10(s1)   N_jac 
    ------------------------------------
        5.7446        1.6914       1 
        2.2718        0.5078       1 
        0.7755       -0.6406       1 

SUCCESS

Problem solved on 280 grid points.

------------------------------------------------------------

Attempt Newton solution of steady-state problem...

    log10(ss0)     log10(s1)   N_jac 
    ------------------------------------
        5.8718        1.5032       1 
        2.2513        0.3185       1 
        0.6476       -0.7805       1 

SUCCESS

Problem solved on 290 grid points.

------------------------------------------------------------

Attempt Newton solution of steady-state problem...

    log10(ss0)     log10(s1)   N_jac 
    ------------------------------------
        5.0616        1.6541       1 
        1.9446        0.5906       1 
        0.4984       -0.4763       1 

SUCCESS

Problem solved on 300 grid points.


==== Status of problem ====

Parser configured
Database configured
Mixture configured
Solution configured
Solver configured
Problem solved

==== END of Status ====

ULF run took 99.65 s

==== ULF END ====
