# RUNNING VERSION '1.07-1'
+==========================================================================================================+
|                                                                                                          |
|                                                                                              #           |
|                                                                                             ##           |
|                                                                                            ###           |
|                                                                                          ####            |
|                                                          TU Freiberg                    ######           |
|                                                          Chair of Numerical            #### ##           |
|                                                          Thermo-Fluid-Dynamics         ########          |
|        Universal Laminar Flame Solver                                                  #### #####        |
|                                                                                          ##########      |
|                                                                                                #####     |
|                            ###    ##########             ####  ################################# ###     |
|                           ####  ####                    #####     ####   ####          ######### ###     |
|                          ####  ####                    ######     ###   ###                  ### ###     |
|         ####      ####  ################              ###  ###   ###   #########   ###       ### ##      |
|        ####      ####  ################              ###   ###  ###   ########    ###       ### ###      |
|       ####       ###  #### ####                     ###    ### ###   ###         ##       ### ###        |
|       #####   #####  #### ####                     ###      #####   ###         ###    ##### ###         |
|        ##########   ####  ###                     ###       #############      ########## #####          |
|                                                        #######################################           |
|                                                      ###               #####################             |
|                                                                             ############                 |
|                                                                                                          |
+==========================================================================================================+
                                                                                                            
ULF run at Sun Sep  6 03:59:31 2015



==== Status of problem ====

Parser configured
Database configured
Mixture configured
Solution configured
Solver configured
Problem NOT solved

==== END of Status ====
------------------------------------------------------------

Attempt Newton solution of steady-state problem...

At limits.

FAILURE

------------------------------------------------------------
Transient mode: take 50 timesteps   

 step    size (s)    log10(ss) 
===============================
    0        0.01       6.934
    0       0.005       6.934
    0      0.0025       6.934
    0     0.00125       6.934
    0    0.000625       6.934
    0   0.0003125       6.934
    0   0.0001562       6.934
    0   7.812e-05       6.934
    0   3.906e-05       6.934
    0   1.953e-05       6.934
    0   9.766e-06       6.934
    0   4.883e-06       6.934
    0   2.441e-06       6.934
    0   1.221e-06       6.934
    0   6.104e-07       6.934
    0   3.052e-07       6.934
    0   1.526e-07       6.934
    0   7.629e-08       6.934
    0   3.815e-08       6.934
    0   1.907e-08       6.934
    0   9.537e-09       6.934
    0   4.768e-09       6.934
    0   2.384e-09       6.934
    0   1.192e-09       6.934
    0    5.96e-10       6.934
    0    2.98e-10       6.934
    0    1.49e-10       6.934
    1    1.49e-10       6.558
    2   2.235e-10       6.558
    3   3.353e-10       6.558
    4   5.029e-10       6.558
    5   7.544e-10       6.558
    6   1.132e-09       6.558
    7   1.697e-09       6.558
    8   1.697e-09       6.558
    9   2.546e-09       6.558
   10   3.819e-09       6.558
   11   3.819e-09       6.558
   12   5.729e-09       6.557
   13   8.593e-09       6.557
   14   8.593e-09       6.556
   15   1.289e-08       6.556
   16   1.933e-08       6.555
   17   1.933e-08       6.553
   18     2.9e-08       6.552
   19     2.9e-08       6.551
   20    4.35e-08       6.551
   21    4.35e-08       6.551
   22   6.525e-08       6.551
   23   6.525e-08       6.551
   24   9.788e-08       6.551
   25   9.788e-08       6.551
   26   1.468e-07       6.551
   27   1.468e-07       6.551
   28   2.202e-07       6.551
   29   2.202e-07       6.551
   30   3.303e-07       6.551
   31   3.303e-07       6.551
   32   3.303e-07       6.551
   33   4.955e-07       6.551
   34   4.955e-07       6.551
   35   7.433e-07        6.55
   36   7.433e-07        6.55
   37   7.433e-07       6.549
   38   1.115e-06       6.548
   39   1.115e-06       6.547
   40   1.115e-06       6.546
   41   1.672e-06       6.545
   42   1.672e-06       6.542
   43   1.672e-06        6.54
   44   2.508e-06       6.539
   45   2.508e-06       6.537
   46   2.508e-06       6.535
   47   3.763e-06       6.532
   48   3.763e-06       6.527
   49   3.763e-06       6.522
  5.644e-06      6.517 
------------------------------------------------------------

Attempt Newton solution of steady-state problem...

At limits.

FAILURE

------------------------------------------------------------
Transient mode: take 50 timesteps   

 step    size (s)    log10(ss) 
===============================
    0   5.644e-06       6.517
    1   5.644e-06       6.509
    2   5.644e-06         6.5
    3   8.466e-06       6.492
    4   8.466e-06       6.479
    5   8.466e-06       6.467
    6    1.27e-05       6.454
    7    1.27e-05       6.435
    8    1.27e-05       6.416
    9    1.27e-05       6.397
   10   1.905e-05       6.378
   11   1.905e-05       6.351
   12   1.905e-05       6.324
   13   1.905e-05       6.298
   14   2.857e-05       6.272
   15   2.857e-05       6.236
   16   2.857e-05         6.2
   17   2.857e-05       6.167
   18   4.286e-05       6.134
   19   4.286e-05       6.088
   20   4.286e-05       6.045
   21   4.286e-05       6.003
   22   6.429e-05       5.965
   23   6.429e-05       5.916
   24   6.429e-05       5.871
   25   6.429e-05       5.827
   26   9.643e-05       5.798
   27   9.643e-05       5.766
   28   9.643e-05       5.734
   29   9.643e-05       5.703
   30   9.643e-05       5.673
   31   0.0001447       5.644
   32   0.0001447       5.602
   33   0.0001447       5.562
   34   0.0001447       5.523
   35   0.0001447       5.486
   36    0.000217        5.45
   37    0.000217       5.413
   38    0.000217       5.375
   39    0.000217       5.336
   40    0.000217       5.297
   41   0.0003255       5.258
   42   0.0003255       5.202
   43   0.0003255       5.149
   44   0.0003255       5.103
   45   0.0004882       5.076
   46   0.0004882       4.995
   47   0.0004882       4.929
   48   0.0004882       4.862
   49   0.0007323       4.794
  0.0007323      4.696 
------------------------------------------------------------

Attempt Newton solution of steady-state problem...

    log10(ss0)     log10(s1)   N_jac 
    ------------------------------------
        4.6961        5.5181       122 

At limits.

At limits.

FAILURE

------------------------------------------------------------
Transient mode: take 50 timesteps   

 step    size (s)    log10(ss) 
===============================
    0   0.0007323       4.696
    1   0.0007323       4.601
    2   0.0007323       4.509
    3    0.001098        4.42
    4    0.001098       4.327
    5    0.001098        4.24
    6    0.001648       4.158
    7    0.001648       4.046
    8    0.001648        3.94
    9    0.002472       3.837
   10    0.002472       3.695
   11    0.002472       3.563
   12    0.003707       3.465
   13    0.003707       3.323
   14    0.005561       3.181
   15    0.005561       2.977
   16    0.008341       2.772
   17    0.008341       2.487
   18        0.01       2.201
   19        0.01       1.872
   20        0.01       1.543
   21        0.01       1.214
   22        0.01      0.8844
   23        0.01      0.5556
   24        0.01      0.2303
   25        0.01    -0.09525
   26        0.01     -0.4098
   27        0.01     -0.6917
   28        0.01     -0.9764
   29        0.01      -1.172
   30        0.01      -1.368
   31        0.01      -1.564
   32        0.01      -1.761
   33        0.01      -1.957
   34        0.01      -2.153
   35        0.01      -2.349
   36        0.01      -2.545
   37        0.01      -2.741
   38        0.01      -2.937
   39        0.01      -3.133
   40        0.01      -3.329
   41        0.01      -3.525
   42        0.01      -3.721
   43        0.01      -3.918
   44        0.01      -4.113
   45        0.01      -4.309
   46        0.01      -4.505
   47        0.01      -4.702
   48        0.01      -4.901
   49        0.01      -5.088
       0.01     -5.293 
------------------------------------------------------------

Attempt Newton solution of steady-state problem...

    log10(ss0)     log10(s1)   N_jac 
    ------------------------------------
       -5.2933       -4.1281       138 

SUCCESS

Problem solved on 30 grid points.

------------------------------------------------------------

Attempt Newton solution of steady-state problem...

FAILURE

------------------------------------------------------------
Transient mode: take 50 timesteps   

 step    size (s)    log10(ss) 
===============================
    0        0.01       7.591
    0       0.005       7.591
    0      0.0025       7.591
    0     0.00125       7.591
    0    0.000625       7.591
    0   0.0003125       7.591
    0   0.0001562       7.591
    0   7.812e-05       7.591
    0   3.906e-05       7.591
    0   1.953e-05       7.591
    0   9.766e-06       7.591
    0   4.883e-06       7.591
    1   4.883e-06       6.982
    2   4.883e-06       6.965
    3   7.324e-06       6.882
    4   7.324e-06       6.535
    5   7.324e-06       6.187
    6   1.099e-05       6.021
    7   1.099e-05       5.939
    8   1.099e-05       5.889
    9   1.648e-05       5.858
   10   1.648e-05        5.85
   11   1.648e-05       5.837
   12   1.648e-05       5.821
   13   2.472e-05       5.804
   14   2.472e-05        5.78
   15   2.472e-05       5.758
   16   3.708e-05        5.74
   17   3.708e-05       5.727
   18   3.708e-05       5.743
   19   3.708e-05       5.755
   20   3.708e-05       5.764
   21   5.562e-05       5.768
   22   5.562e-05        5.77
   23   5.562e-05       5.765
   24   5.562e-05       5.755
   25   8.343e-05        5.74
   26   8.343e-05       5.712
   27   8.343e-05       5.677
   28   8.343e-05       5.679
   29   0.0001251        5.68
   30   0.0001251        5.67
   31   0.0001877       5.645
   32   0.0001877       5.587
   33   0.0001877       5.508
   34   0.0001877       5.416
   35   0.0002816       5.334
   36   0.0002816       5.245
   37   0.0002816        5.13
   38   0.0004224       4.994
   39   0.0004224       4.766
   40   0.0004224       4.594
   41   0.0006335       4.513
   42   0.0006335        4.42
   43   0.0006335       4.344
   44   0.0009503       4.284
   45   0.0009503       4.215
   46   0.0009503       4.156
   47    0.001425       4.098
   48    0.001425       4.009
   49    0.001425       3.915
   0.002138      3.815 
------------------------------------------------------------

Attempt Newton solution of steady-state problem...

    log10(ss0)     log10(s1)   N_jac 
    ------------------------------------
        3.8149        4.5104       57 

At limits.

At limits.

FAILURE

------------------------------------------------------------
Transient mode: take 50 timesteps   

 step    size (s)    log10(ss) 
===============================
    0    0.002138       3.815
    1    0.002138       3.665
    2    0.003207        3.51
    3    0.003207       3.285
    4    0.003207       3.052
    5    0.004811       2.814
    6    0.004811       2.812
    7    0.007216       2.795
    8    0.007216       2.747
    9    0.007216       2.688
   10        0.01       2.625
   11        0.01       2.537
   12        0.01       2.447
   13        0.01       2.357
   14        0.01       2.266
   15        0.01       2.174
   16        0.01       2.082
   17        0.01        1.99
   18        0.01       1.898
   19        0.01       1.805
   20        0.01       1.712
   21        0.01        1.62
   22        0.01       1.527
   23        0.01       1.434
   24        0.01       1.341
   25        0.01       1.248
   26        0.01       1.156
   27        0.01       1.063
   28        0.01      0.9702
   29        0.01      0.8774
   30        0.01      0.7846
   31        0.01      0.6924
   32        0.01      0.6002
   33        0.01      0.5077
   34        0.01      0.4164
   35        0.01      0.3252
   36        0.01      0.2339
   37        0.01      0.1424
   38        0.01     0.05341
   39        0.01    -0.03559
   40        0.01     -0.1246
   41        0.01     -0.2136
   42        0.01     -0.2979
   43        0.01     -0.3818
   44        0.01     -0.4658
   45        0.01     -0.5498
   46        0.01     -0.6224
   47        0.01     -0.6953
   48        0.01     -0.7682
   49        0.01     -0.8411
       0.01     -0.914 
------------------------------------------------------------

Attempt Newton solution of steady-state problem...

    log10(ss0)     log10(s1)   N_jac 
    ------------------------------------
       -0.9140       -2.5462       77 

SUCCESS

Problem solved on 40 grid points.

------------------------------------------------------------

Attempt Newton solution of steady-state problem...

    log10(ss0)     log10(s1)   N_jac 
    ------------------------------------
        7.6650        5.5278       1 

At limits.

At limits.

FAILURE

------------------------------------------------------------
Transient mode: take 50 timesteps   

 step    size (s)    log10(ss) 
===============================
    0        0.01       7.665
    1        0.01       3.864
    2        0.01       3.319
    3        0.01       2.715
    4        0.01       2.099
    5        0.01       1.505
    6        0.01      0.9178
    7        0.01      0.8845
    8        0.01      0.8136
    9        0.01      0.7315
   10        0.01      0.6451
   11        0.01      0.5573
   12        0.01      0.4689
   13        0.01      0.3813
   14        0.01      0.2934
   15        0.01      0.2056
   16        0.01      0.1178
   17        0.01     0.03236
   18        0.01    -0.05323
   19        0.01      -0.139
   20        0.01     -0.2246
   21        0.01     -0.3052
   22        0.01     -0.3859
   23        0.01     -0.4666
   24        0.01     -0.5474
   25        0.01     -0.6175
   26        0.01     -0.6876
   27        0.01     -0.7576
   28        0.01     -0.8276
   29        0.01     -0.8976
   30        0.01     -0.9445
   31        0.01     -0.9916
   32        0.01      -1.039
   33        0.01      -1.086
   34        0.01      -1.133
   35        0.01       -1.18
   36        0.01      -1.227
   37        0.01      -1.274
   38        0.01      -1.321
   39        0.01      -1.368
   40        0.01      -1.416
   41        0.01      -1.463
   42        0.01       -1.51
   43        0.01      -1.557
   44        0.01      -1.604
   45        0.01      -1.652
   46        0.01      -1.699
   47        0.01      -1.746
   48        0.01      -1.793
   49        0.01       -1.84
       0.01     -1.887 
------------------------------------------------------------

Attempt Newton solution of steady-state problem...

    log10(ss0)     log10(s1)   N_jac 
    ------------------------------------
       -1.8872       -0.5125       11 

SUCCESS

Problem solved on 50 grid points.

------------------------------------------------------------

Attempt Newton solution of steady-state problem...

    log10(ss0)     log10(s1)   N_jac 
    ------------------------------------
        7.3400        4.7683       1 
        6.0462        4.0820       1 
        5.4395        3.8163       1 
        5.1860        3.4386       1 
        5.1904        3.2509       1 
        4.9140        2.9355       1 
        4.7339        2.7435       1 
        4.4827        2.4838       1 
        4.2704        2.2717       1 
        4.0314        2.0309       1 
        3.8088        1.8089       1 
        3.5756       -1.4601       2 

SUCCESS

Problem solved on 60 grid points.

------------------------------------------------------------

Attempt Newton solution of steady-state problem...

    log10(ss0)     log10(s1)   N_jac 
    ------------------------------------
        6.9944        3.5494       1 
        5.5445        2.7727       1 
        4.7974        1.9494       1 
        3.9526        1.1864       1 
        3.1713        0.3764       1 
        2.3727       -0.4107       1 

SUCCESS

Problem solved on 70 grid points.

------------------------------------------------------------

Attempt Newton solution of steady-state problem...

    log10(ss0)     log10(s1)   N_jac 
    ------------------------------------
        6.5682        3.5823       1 
        5.4248        2.6965       1 
        4.4217        1.4799       1 
        3.3541        0.7191       1 
        2.1237       -0.3485       1 

SUCCESS

Problem solved on 80 grid points.

------------------------------------------------------------

Attempt Newton solution of steady-state problem...

    log10(ss0)     log10(s1)   N_jac 
    ------------------------------------
        6.8308        4.6858       1 
        6.6036        4.1596       1 
        6.3190        3.7454       1 
        5.8167        3.3057       1 
        5.4335        2.9854       1 
        4.9739        2.6033       1 
        4.5311        2.3721       1 
        4.0941        2.0301       1 
        3.7091        1.7794       1 
        3.2814        1.4357       1 
        3.0951        1.1803       1 
        2.5170       -1.3997       2 

SUCCESS

Problem solved on 90 grid points.

------------------------------------------------------------

Attempt Newton solution of steady-state problem...

    log10(ss0)     log10(s1)   N_jac 
    ------------------------------------
        6.8442        3.8809       1 
        6.0794        3.5410       1 
        5.3530        2.5190       1 
        4.7393        2.3358       1 
        3.8988        1.4687       1 
        3.5083        1.1629       1 
        2.7184        0.4143       1 
        2.3397        0.0138       1 
        1.5336       -0.6946       1 

SUCCESS

Problem solved on 100 grid points.

------------------------------------------------------------

Attempt Newton solution of steady-state problem...

    log10(ss0)     log10(s1)   N_jac 
    ------------------------------------
        6.7780        2.9745       1 
        5.1122        2.0947       1 
        3.9160        0.6240       1 
        2.7727       -0.0954       1 

SUCCESS

Problem solved on 110 grid points.

------------------------------------------------------------

Attempt Newton solution of steady-state problem...

    log10(ss0)     log10(s1)   N_jac 
    ------------------------------------
        6.1127        2.4144       1 
        3.9989        0.8772       1 
        2.2160       -0.7438       1 

SUCCESS

Problem solved on 120 grid points.

------------------------------------------------------------

Attempt Newton solution of steady-state problem...

    log10(ss0)     log10(s1)   N_jac 
    ------------------------------------
        6.5343        3.2798       1 
        5.5804        2.7496       1 
        4.4782        1.4417       1 
        3.6305        0.8979       1 
        2.6045       -0.2355       1 

SUCCESS

Problem solved on 130 grid points.

------------------------------------------------------------

Attempt Newton solution of steady-state problem...

    log10(ss0)     log10(s1)   N_jac 
    ------------------------------------
        5.3894        5.5283       1 

At limits.

At limits.

FAILURE

------------------------------------------------------------
Transient mode: take 50 timesteps   

 step    size (s)    log10(ss) 
===============================
    0        0.01       5.389
    1        0.01       4.089
    2        0.01       2.816
    3        0.01       2.242
    4        0.01       1.511
    5        0.01      0.6404
    6        0.01     -0.1332
    7        0.01     -0.4642
    8        0.01     -0.5622
    9        0.01     -0.6287
   10        0.01     -0.7041
   11        0.01     -0.7818
   12        0.01     -0.8626
   13        0.01     -0.9101
   14        0.01     -0.9644
   15        0.01      -1.019
   16        0.01      -1.075
   17        0.01       -1.13
   18        0.01      -1.185
   19        0.01       -1.24
   20        0.01      -1.295
   21        0.01      -1.351
   22        0.01      -1.406
   23        0.01      -1.461
   24        0.01      -1.516
   25        0.01      -1.571
   26        0.01      -1.627
   27        0.01      -1.682
   28        0.01      -1.737
   29        0.01      -1.792
   30        0.01      -1.847
   31        0.01      -1.902
   32        0.01      -1.958
   33        0.01      -2.013
   34        0.01      -2.068
   35        0.01      -2.123
   36        0.01      -2.178
   37        0.01      -2.234
   38        0.01      -2.289
   39        0.01      -2.344
   40        0.01      -2.399
   41        0.01      -2.454
   42        0.01       -2.51
   43        0.01      -2.565
   44        0.01       -2.62
   45        0.01      -2.675
   46        0.01       -2.73
   47        0.01      -2.786
   48        0.01      -2.841
   49        0.01      -2.896
       0.01     -2.951 
------------------------------------------------------------

Attempt Newton solution of steady-state problem...

    log10(ss0)     log10(s1)   N_jac 
    ------------------------------------
       -2.9512       -2.8333       7 

SUCCESS

Problem solved on 140 grid points.

------------------------------------------------------------

Attempt Newton solution of steady-state problem...

    log10(ss0)     log10(s1)   N_jac 
    ------------------------------------
        6.1086        2.8824       1 
        5.1825        2.1732       1 
        3.9333        0.6751       1 
        2.9049       -0.0399       1 

SUCCESS

Problem solved on 150 grid points.

------------------------------------------------------------

Attempt Newton solution of steady-state problem...

    log10(ss0)     log10(s1)   N_jac 
    ------------------------------------
        6.7983        2.8129       1 
        4.6399        1.5358       1 
        3.3354        0.1610       1 
        2.0409       -1.1150       1 

SUCCESS

Problem solved on 160 grid points.

------------------------------------------------------------

Attempt Newton solution of steady-state problem...

    log10(ss0)     log10(s1)   N_jac 
    ------------------------------------
        6.0476        3.7301       1 
        5.9445        3.2892       1 
        5.0393        2.2388       1 
        4.3937        1.8602       1 
        3.5668        0.9211       1 
        2.9800        0.4538       1 
        2.1277       -0.4054       1 

SUCCESS

Problem solved on 170 grid points.

------------------------------------------------------------

Attempt Newton solution of steady-state problem...

    log10(ss0)     log10(s1)   N_jac 
    ------------------------------------
        6.6951        3.2996       1 
        5.5016        2.6193       1 
        4.4351        1.3318       1 
        3.4945        0.7680       1 
        2.4948       -0.3675       1 

SUCCESS

Problem solved on 180 grid points.

------------------------------------------------------------

Attempt Newton solution of steady-state problem...

    log10(ss0)     log10(s1)   N_jac 
    ------------------------------------
        6.6142        1.4464       1 
        3.4430       -0.0858       1 

SUCCESS

Problem solved on 190 grid points.

------------------------------------------------------------

Attempt Newton solution of steady-state problem...

    log10(ss0)     log10(s1)   N_jac 
    ------------------------------------
        5.4009        1.9013       1 
        3.0670        0.2100       1 
        1.6410       -1.4050       1 

SUCCESS

Problem solved on 200 grid points.

------------------------------------------------------------

Attempt Newton solution of steady-state problem...

    log10(ss0)     log10(s1)   N_jac 
    ------------------------------------
        5.1409        1.6177       1 
        2.3272       -0.4857       1 

SUCCESS

Problem solved on 210 grid points.

------------------------------------------------------------

Attempt Newton solution of steady-state problem...

    log10(ss0)     log10(s1)   N_jac 
    ------------------------------------
        6.1306        1.4908       1 
        2.9991       -0.1731       1 

SUCCESS

Problem solved on 220 grid points.

------------------------------------------------------------

Attempt Newton solution of steady-state problem...

    log10(ss0)     log10(s1)   N_jac 
    ------------------------------------
        6.1325        5.0120       1 

At limits.
        6.1271        3.8829       2 
        5.5364        2.9301       2 
        4.9165        1.9939       2 
        4.0465        1.2475       2 
        3.1113        0.5765       2 
        2.1845       -0.1205       2 

SUCCESS

Problem solved on 230 grid points.

------------------------------------------------------------

Attempt Newton solution of steady-state problem...

    log10(ss0)     log10(s1)   N_jac 
    ------------------------------------
        6.5902        2.4379       1 
        3.3326        0.8221       1 
        2.0322       -0.7654       1 

SUCCESS

Problem solved on 240 grid points.

------------------------------------------------------------

Attempt Newton solution of steady-state problem...

    log10(ss0)     log10(s1)   N_jac 
    ------------------------------------
        6.1266        4.2612       1 
        6.3562        3.9916       1 
        5.7969        3.3196       1 
        5.3357        2.9924       1 
        4.7988        2.4006       1 
        4.3561        2.0013       1 
        3.8274        1.4496       1 
        3.3849        1.0271       1 
        2.8612        0.4972       1 
        2.4179        0.0668       1 
        1.9051       -0.4461       1 

SUCCESS

Problem solved on 250 grid points.

------------------------------------------------------------

Attempt Newton solution of steady-state problem...

    log10(ss0)     log10(s1)   N_jac 
    ------------------------------------
        6.4335        6.6256       1 

At limits.

At limits.

FAILURE

------------------------------------------------------------
Transient mode: take 50 timesteps   

 step    size (s)    log10(ss) 
===============================
    0        0.01       6.434
    0       0.005       6.434
    0      0.0025       6.434
    0     0.00125       6.434
    0    0.000625       6.434
    0   0.0003125       6.434
    0   0.0001562       6.434
    0   7.812e-05       6.434
    0   3.906e-05       6.434
    0   1.953e-05       6.434
    0   9.766e-06       6.434
    0   4.883e-06       6.434
    0   2.441e-06       6.434
    1   2.441e-06       7.014
    2   3.662e-06       7.021
    3   3.662e-06       7.031
    4   3.662e-06       7.042
    5   3.662e-06       7.052
    6   3.662e-06       7.063
    7   5.493e-06       7.074
    8   5.493e-06        7.09
    9   5.493e-06       7.106
   10   5.493e-06       7.123
   11   5.493e-06        7.14
   12   5.493e-06       7.157
   13   5.493e-06       7.175
   14    8.24e-06       7.192
   15    8.24e-06       7.218
   16    8.24e-06       7.243
   17    8.24e-06       7.268
   18    8.24e-06       7.292
   19    8.24e-06       7.314
   20    8.24e-06       7.337
   21    8.24e-06       7.361
   22    8.24e-06       7.375
   23    8.24e-06        7.39
   24    8.24e-06       7.413
   25    8.24e-06       7.415
   26    8.24e-06       7.414
   27    8.24e-06       7.443
   28    8.24e-06       7.406
   29    8.24e-06       7.324
   30    8.24e-06       7.345
   31    8.24e-06       7.369
   32    8.24e-06       7.338
   33    8.24e-06       7.289
   34    8.24e-06       7.283
   35    8.24e-06       7.314
   36    8.24e-06       7.266
   37    8.24e-06       7.173
   38    8.24e-06       7.091
   39   1.236e-05       7.111
   40   1.236e-05       7.083
   41   1.236e-05       7.012
   42   1.236e-05       6.924
   43   1.236e-05       6.958
   44   1.236e-05       6.954
   45   1.236e-05       6.916
   46   1.236e-05        6.85
   47   1.236e-05       6.853
   48   1.854e-05       6.866
   49   1.854e-05       6.832
  1.854e-05      6.751 
------------------------------------------------------------

Attempt Newton solution of steady-state problem...

At limits.

FAILURE

------------------------------------------------------------
Transient mode: take 50 timesteps   

 step    size (s)    log10(ss) 
===============================
    0   1.854e-05       6.751
    1   1.854e-05       6.775
    2   1.854e-05       6.759
    3   1.854e-05       6.702
    4   2.781e-05       6.692
    5   2.781e-05       6.677
    6   2.781e-05       6.594
    7   2.781e-05       6.615
    8   2.781e-05       6.583
    9   2.781e-05       6.496
   10   4.171e-05        6.36
   11   4.171e-05       6.361
   12   4.171e-05       6.336
   13   4.171e-05        6.26
   14   4.171e-05       6.137
   15   6.257e-05       6.144
   16   6.257e-05       6.116
   17   6.257e-05       6.028
   18   6.257e-05       5.908
   19   6.257e-05       5.916
   20   6.257e-05       5.887
   21   9.386e-05       5.822
   22   9.386e-05       5.682
   23   9.386e-05       5.648
   24   9.386e-05       5.616
   25   9.386e-05       5.546
   26   0.0001408       5.506
   27   0.0001408       5.456
   28   0.0001408       5.408
   29   0.0001408        5.36
   30   0.0002112       5.313
   31   0.0002112        5.26
   32   0.0002112       5.206
   33   0.0002112       5.151
   34   0.0003168       5.098
   35   0.0003168       5.037
   36   0.0003168       4.973
   37   0.0003168       4.906
   38   0.0003168        4.84
   39   0.0004751       4.791
   40   0.0004751       4.712
   41   0.0004751       4.627
   42   0.0004751       4.535
   43   0.0007127       4.456
   44   0.0007127       4.365
   45   0.0007127       4.266
   46    0.001069       4.161
   47    0.001069       4.002
   48    0.001069       3.836
   49    0.001604       3.665
   0.001604      3.437 
------------------------------------------------------------

Attempt Newton solution of steady-state problem...

    log10(ss0)     log10(s1)   N_jac 
    ------------------------------------
        3.4374        4.3373       113 
        3.2714        4.1673       113 
        3.1031        3.9976       113 
        2.9324        3.8279       113 
        2.7595        3.4359       114 
        1.8880        2.2837       114 
        0.1838        2.0716       114 
       -1.2900        1.8640       114 
       -1.5375        1.6619       114 
       -1.7472        1.4326       114 
       -1.9481        1.2225       114 
       -2.1814        0.8776       114 
       -2.3901        0.7506       114 
       -2.7766        0.4839       114 
       -2.8660        0.1551       114 
       -3.1353       -0.6475       115 

SUCCESS

Problem solved on 260 grid points.

------------------------------------------------------------

Attempt Newton solution of steady-state problem...

    log10(ss0)     log10(s1)   N_jac 
    ------------------------------------
        4.2677        4.2701       1 
        2.7954        3.0142       1 
        1.8654        1.7767       1 
        0.7257        0.8152       1 
       -0.4493        0.8142       1 
       -1.2877        0.8013       1 

At limits.

At limits.

FAILURE

------------------------------------------------------------
Transient mode: take 50 timesteps   

 step    size (s)    log10(ss) 
===============================
    0        0.01       4.268
    1        0.01      0.8904
    2        0.01     -0.1007
    3        0.01     -0.9098
    4        0.01      -1.713
    5        0.01      -2.478
    6        0.01      -3.232
    7        0.01      -3.783
    8        0.01      -4.192
    9        0.01      -4.437
   10        0.01      -4.683
   11        0.01      -4.928
   12        0.01      -5.174
   13        0.01      -5.419
   14        0.01      -5.664
   15        0.01       -5.91
   16        0.01      -6.155
   17        0.01      -6.401
   18        0.01      -6.646
   19        0.01      -6.892
   20        0.01      -7.137
   21        0.01      -7.383
   22        0.01      -7.628
   23        0.01      -7.874
   24        0.01      -8.119
   25        0.01      -8.364
   26        0.01      -8.428
   27        0.01      -8.551
   28        0.01      -8.579
   29        0.01      -8.612
   30        0.01      -8.574
   31        0.01      -8.518
   32        0.01      -8.648
   33        0.01      -8.634
   34        0.01      -8.488
   35        0.01      -8.655
   36        0.01      -8.607
   37        0.01      -8.512
   38        0.01      -8.557
   39        0.01      -8.534
   40        0.01       -8.47
   41        0.01      -8.416
   42        0.01      -8.609
   43        0.01       -8.61
   44        0.01      -8.521
   45        0.01      -8.575
   46        0.01      -8.564
   47        0.01      -8.631
   48        0.01      -8.663
   49        0.01      -8.547
       0.01     -8.676 
------------------------------------------------------------

Attempt Newton solution of steady-state problem...

    log10(ss0)     log10(s1)   N_jac 
    ------------------------------------
       -8.6764       -6.3939       6 

SUCCESS

Problem solved on 270 grid points.

------------------------------------------------------------

Attempt Newton solution of steady-state problem...

    log10(ss0)     log10(s1)   N_jac 
    ------------------------------------
        4.0798        3.8494       1 
        2.4466        2.1037       1 
        1.2484        0.5622       1 
       -0.2205        0.4557       1 

FAILURE

------------------------------------------------------------
Transient mode: take 50 timesteps   

 step    size (s)    log10(ss) 
===============================
    0        0.01        4.08
    1        0.01      0.6297
    2        0.01     -0.4133
    3        0.01      -1.361
    4        0.01      -2.274
    5        0.01      -3.105
    6        0.01      -3.233
    7        0.01        -3.9
    8        0.01      -4.893
    9        0.01      -5.476
   10        0.01      -6.048
   11        0.01      -6.612
   12        0.01       -7.17
   13        0.01      -7.722
   14        0.01      -8.266
   15        0.01      -8.519
   16        0.01      -8.579
   17        0.01      -8.579
   18        0.01      -8.526
   19        0.01      -8.579
   20        0.01      -8.579
   21        0.01      -8.551
   22        0.01      -8.558
   23        0.01      -8.441
   24        0.01       -8.62
   25        0.01       -8.62
   26        0.01      -8.512
   27        0.01       -8.47
   28        0.01      -8.617
   29        0.01      -8.418
   30        0.01      -8.588
   31        0.01      -8.559
   32        0.01      -8.516
   33        0.01      -8.576
   34        0.01      -8.589
   35        0.01      -8.533
   36        0.01      -8.531
   37        0.01      -8.561
   38        0.01      -8.561
   39        0.01      -8.588
   40        0.01      -8.603
   41        0.01      -8.476
   42        0.01      -8.466
   43        0.01      -8.547
   44        0.01      -8.534
   45        0.01      -8.534
   46        0.01      -8.465
   47        0.01      -8.492
   48        0.01        -8.6
   49        0.01        -8.6
       0.01       -8.6 
------------------------------------------------------------

Attempt Newton solution of steady-state problem...

    log10(ss0)     log10(s1)   N_jac 
    ------------------------------------
       -8.5995       -6.5675       6 

SUCCESS

Problem solved on 280 grid points.

------------------------------------------------------------

Attempt Newton solution of steady-state problem...

    log10(ss0)     log10(s1)   N_jac 
    ------------------------------------
        3.9888        3.0949       1 
        2.0461        0.9592       1 
        0.4396        0.3148       1 

FAILURE

------------------------------------------------------------
Transient mode: take 50 timesteps   

 step    size (s)    log10(ss) 
===============================
    0        0.01       3.989
    1        0.01      0.1873
    2        0.01      -1.015
    3        0.01      -1.981
    4        0.01      -2.746
    5        0.01       -3.16
    6        0.01      -3.397
    7        0.01      -3.634
    8        0.01      -3.871
    9        0.01      -4.108
   10        0.01      -4.345
   11        0.01      -4.582
   12        0.01      -4.819
   13        0.01      -5.056
   14        0.01      -5.293
   15        0.01       -5.53
   16        0.01      -5.767
   17        0.01      -6.004
   18        0.01      -6.242
   19        0.01      -6.479
   20        0.01      -6.716
   21        0.01      -6.953
   22        0.01       -7.19
   23        0.01      -7.427
   24        0.01      -7.664
   25        0.01      -7.901
   26        0.01      -8.138
   27        0.01      -8.375
   28        0.01      -8.445
   29        0.01      -8.607
   30        0.01      -8.611
   31        0.01      -8.554
   32        0.01      -8.513
   33        0.01      -8.317
   34        0.01      -8.458
   35        0.01      -8.434
   36        0.01      -8.509
   37        0.01      -8.284
   38        0.01       -8.49
   39        0.01      -8.615
   40        0.01      -8.474
   41        0.01      -8.538
   42        0.01      -8.552
   43        0.01       -8.54
   44        0.01      -8.463
   45        0.01      -8.552
   46        0.01      -8.552
   47        0.01      -8.526
   48        0.01      -8.583
   49        0.01       -8.49
       0.01     -8.422 
------------------------------------------------------------

Attempt Newton solution of steady-state problem...

FAILURE

------------------------------------------------------------
Transient mode: take 50 timesteps   

 step    size (s)    log10(ss) 
===============================
    0        0.01      -8.422
    1        0.01       -8.57
    2        0.01      -8.349
    3        0.01      -8.541
    4        0.01      -8.549
    5        0.01      -8.562
    6        0.01      -8.562
    7        0.01      -8.615
    8        0.01      -8.603
    9        0.01      -8.582
   10        0.01      -8.345
   11        0.01      -8.533
   12        0.01        -8.4
   13        0.01      -8.562
   14        0.01      -8.473
   15        0.01      -8.535
   16        0.01      -8.502
   17        0.01      -8.532
   18        0.01      -8.555
   19        0.01      -8.524
   20        0.01      -8.427
   21        0.01      -8.601
   22        0.01      -8.601
   23        0.01      -8.531
   24        0.01      -8.571
   25        0.01      -8.526
   26        0.01      -8.571
   27        0.01       -8.55
   28        0.01      -8.379
   29        0.01       -8.48
   30        0.01      -8.463
   31        0.01       -8.57
   32        0.01      -8.553
   33        0.01      -8.543
   34        0.01      -8.426
   35        0.01      -8.543
   36        0.01      -8.543
   37        0.01       -8.49
   38        0.01      -8.365
   39        0.01      -8.591
   40        0.01       -8.57
   41        0.01       -8.52
   42        0.01       -8.53
   43        0.01      -8.536
   44        0.01      -8.376
   45        0.01      -8.415
   46        0.01      -8.553
   47        0.01      -8.549
   48        0.01      -8.559
   49        0.01      -8.454
       0.01     -8.564 
------------------------------------------------------------

Attempt Newton solution of steady-state problem...

    log10(ss0)     log10(s1)   N_jac 
    ------------------------------------
       -8.5640       -6.6039       9 

SUCCESS

Problem solved on 290 grid points.

------------------------------------------------------------

Attempt Newton solution of steady-state problem...

    log10(ss0)     log10(s1)   N_jac 
    ------------------------------------
        3.8679        3.0807       1 
        2.3132        1.5196       1 
        0.8492        0.1978       1 
       -0.6440        0.1512       2 
       -0.7020        0.3598       3 
       -6.2299        0.3128       3 

FAILURE

------------------------------------------------------------
Transient mode: take 50 timesteps   

 step    size (s)    log10(ss) 
===============================
    0        0.01       3.868
    1        0.01      0.2485
    2        0.01     -0.8814
    3        0.01      -1.827
    4        0.01      -2.749
    5        0.01      -3.624
    6        0.01       -4.03
    7        0.01      -4.677
    8        0.01      -5.321
    9        0.01      -5.961
   10        0.01      -6.602
   11        0.01      -7.339
   12        0.01      -7.905
   13        0.01      -8.076
   14        0.01      -8.044
   15        0.01      -7.971
   16        0.01      -8.527
   17        0.01      -7.962
   18        0.01      -8.227
   19        0.01      -7.981
   20        0.01      -8.248
   21        0.01      -8.044
   22        0.01      -8.338
   23        0.01      -8.183
   24        0.01      -8.042
   25        0.01       -8.44
   26        0.01      -8.162
   27        0.01      -8.096
   28        0.01      -8.135
   29        0.01      -8.285
   30        0.01      -8.042
   31        0.01      -7.832
   32        0.01      -8.118
   33        0.01      -7.859
   34        0.01      -8.044
   35        0.01      -8.149
   36        0.01      -8.271
   37        0.01      -8.055
   38        0.01      -8.075
   39        0.01      -8.035
   40        0.01       -8.01
   41        0.01      -7.939
   42        0.01      -8.024
   43        0.01      -8.264
   44        0.01      -7.845
   45        0.01       -8.26
   46        0.01      -8.008
   47        0.01      -8.221
   48        0.01      -8.012
   49        0.01      -8.009
       0.01     -8.292 
------------------------------------------------------------

Attempt Newton solution of steady-state problem...

FAILURE

------------------------------------------------------------
Transient mode: take 50 timesteps   

 step    size (s)    log10(ss) 
===============================
    0        0.01      -8.292
    1        0.01      -8.123
    2        0.01      -8.044
    3        0.01      -8.147
    4        0.01      -7.822
    5        0.01      -7.991
    6        0.01       -8.13
    7        0.01      -8.039
    8        0.01      -8.251
    9        0.01      -8.294
   10        0.01      -8.114
   11        0.01      -8.353
   12        0.01      -7.974
   13        0.01      -7.927
   14        0.01      -8.086
   15        0.01      -8.073
   16        0.01      -8.077
   17        0.01      -8.073
   18        0.01      -8.219
   19        0.01      -8.161
   20        0.01      -8.374
   21        0.01      -7.898
   22        0.01      -8.205
   23        0.01      -7.993
   24        0.01      -8.109
   25        0.01      -8.185
   26        0.01      -8.017
   27        0.01      -8.091
   28        0.01      -8.076
   29        0.01      -7.997
   30        0.01      -8.093
   31        0.01      -8.015
   32        0.01      -7.771
   33        0.01       -7.88
   34        0.01       -8.39
   35        0.01      -8.133
   36        0.01       -8.11
   37        0.01      -7.981
   38        0.01      -8.242
   39        0.01       -7.91
   40        0.01      -8.172
   41        0.01      -8.268
   42        0.01      -7.781
   43        0.01      -8.073
   44        0.01      -8.229
   45        0.01      -8.228
   46        0.01      -8.056
   47        0.01       -8.05
   48        0.01      -8.234
   49        0.01      -8.055
       0.01     -8.023 
------------------------------------------------------------

Attempt Newton solution of steady-state problem...

    log10(ss0)     log10(s1)   N_jac 
    ------------------------------------
       -8.0232       -6.5840       11 

SUCCESS

Problem solved on 300 grid points.


==== Status of problem ====

Parser configured
Database configured
Mixture configured
Solution configured
Solver configured
Problem solved

==== END of Status ====

ULF run took 986.72 s

==== ULF END ====
