# RUNNING VERSION '1.07-1'
+==========================================================================================================+
|                                                                                                          |
|                                                                                              #           |
|                                                                                             ##           |
|                                                                                            ###           |
|                                                                                          ####            |
|                                                          TU Freiberg                    ######           |
|                                                          Chair of Numerical            #### ##           |
|                                                          Thermo-Fluid-Dynamics         ########          |
|        Universal Laminar Flame Solver                                                  #### #####        |
|                                                                                          ##########      |
|                                                                                                #####     |
|                            ###    ##########             ####  ################################# ###     |
|                           ####  ####                    #####     ####   ####          ######### ###     |
|                          ####  ####                    ######     ###   ###                  ### ###     |
|         ####      ####  ################              ###  ###   ###   #########   ###       ### ##      |
|        ####      ####  ################              ###   ###  ###   ########    ###       ### ###      |
|       ####       ###  #### ####                     ###    ### ###   ###         ##       ### ###        |
|       #####   #####  #### ####                     ###      #####   ###         ###    ##### ###         |
|        ##########   ####  ###                     ###       #############      ########## #####          |
|                                                        #######################################           |
|                                                      ###               #####################             |
|                                                                             ############                 |
|                                                                                                          |
+==========================================================================================================+
                                                                                                            
ULF run at Sun Sep  6 03:40:59 2015



==== Status of problem ====

Parser configured
Database configured
Mixture configured
Solution configured
Solver configured
Problem NOT solved

==== END of Status ====
------------------------------------------------------------

Attempt Newton solution of steady-state problem...

At limits.

FAILURE

------------------------------------------------------------
Transient mode: take 50 timesteps   

 step    size (s)    log10(ss) 
===============================
    0        0.01       7.092
    0       0.005       7.092
    0      0.0025       7.092
    0     0.00125       7.092
    0    0.000625       7.092
    0   0.0003125       7.092
    0   0.0001562       7.092
    0   7.812e-05       7.092
    0   3.906e-05       7.092
    0   1.953e-05       7.092
    0   9.766e-06       7.092
    0   4.883e-06       7.092
    0   2.441e-06       7.092
    0   1.221e-06       7.092
    0   6.104e-07       7.092
    0   3.052e-07       7.092
    0   1.526e-07       7.092
    1   1.526e-07       6.214
    2   2.289e-07       6.208
    3   2.289e-07         6.2
    4   3.433e-07       6.191
    5   3.433e-07       6.177
    6    5.15e-07        6.17
    7    5.15e-07       6.171
    8    5.15e-07       6.171
    9   7.725e-07       6.171
   10   7.725e-07       6.172
   11   1.159e-06       6.172
   12   1.159e-06       6.172
   13   1.159e-06       6.171
   14   1.738e-06        6.17
   15   1.738e-06       6.169
   16   1.738e-06       6.167
   17   2.607e-06       6.164
   18   2.607e-06       6.159
   19   2.607e-06       6.165
   20   3.911e-06       6.179
   21   3.911e-06       6.191
   22   3.911e-06       6.199
   23   5.866e-06       6.204
   24   5.866e-06       6.207
   25   5.866e-06       6.209
   26   5.866e-06        6.21
   27   8.799e-06        6.21
   28   8.799e-06        6.21
   29   8.799e-06        6.21
   30    1.32e-05       6.208
   31    1.32e-05       6.206
   32    1.32e-05       6.203
   33    1.32e-05         6.2
   34    1.98e-05       6.195
   35    1.98e-05       6.188
   36    1.98e-05       6.181
   37    1.98e-05       6.172
   38    2.97e-05       6.163
   39    2.97e-05       6.148
   40    2.97e-05       6.133
   41    2.97e-05       6.116
   42   4.454e-05       6.099
   43   4.454e-05       6.072
   44   4.454e-05       6.045
   45   4.454e-05       6.017
   46   4.454e-05       5.989
   47   6.682e-05       5.961
   48   6.682e-05       5.919
   49   6.682e-05       5.884
  6.682e-05      5.867 
------------------------------------------------------------

Attempt Newton solution of steady-state problem...

    log10(ss0)     log10(s1)   N_jac 
    ------------------------------------
        5.8670        5.0594       65 
        5.8498        5.0546       65 

At limits.

At limits.

FAILURE

------------------------------------------------------------
Transient mode: take 50 timesteps   

 step    size (s)    log10(ss) 
===============================
    0   6.682e-05       5.867
    1   6.682e-05       5.848
    2   6.682e-05       5.828
    3   6.682e-05       5.807
    4   0.0001002       5.784
    5   0.0001002        5.75
    6   0.0001002       5.716
    7   0.0001002       5.686
    8   0.0001002       5.664
    9   0.0001503       5.642
   10   0.0001503       5.606
   11   0.0001503       5.569
   12   0.0001503       5.532
   13   0.0001503       5.496
   14   0.0002255       5.459
   15   0.0002255       5.407
   16   0.0002255       5.356
   17   0.0002255       5.308
   18   0.0002255       5.265
   19   0.0003383       5.231
   20   0.0003383       5.184
   21   0.0003383       5.139
   22   0.0003383       5.094
   23   0.0005074       5.048
   24   0.0005074       4.983
   25   0.0005074        4.92
   26   0.0005074       4.857
   27   0.0007611       4.796
   28   0.0007611       4.705
   29   0.0007611        4.62
   30   0.0007611       4.555
   31   0.0007611       4.492
   32    0.001142       4.433
   33    0.001142       4.395
   34    0.001142       4.365
   35    0.001142       4.328
   36    0.001712       4.287
   37    0.001712       4.224
   38    0.001712       4.163
   39    0.002569       4.103
   40    0.002569       4.018
   41    0.002569       3.934
   42    0.002569       3.852
   43    0.003853        3.77
   44    0.003853       3.655
   45    0.003853        3.54
   46     0.00578       3.425
   47     0.00578       3.261
   48    0.008669       3.095
   49    0.008669       2.862
       0.01      2.625 
------------------------------------------------------------

Attempt Newton solution of steady-state problem...

    log10(ss0)     log10(s1)   N_jac 
    ------------------------------------
        2.6248        2.1043       104 
        3.4841        0.5578       104 
        1.7938       -1.2830       104 

SUCCESS

Problem solved on 30 grid points.

------------------------------------------------------------

Attempt Newton solution of steady-state problem...

    log10(ss0)     log10(s1)   N_jac 
    ------------------------------------
        7.6166        6.3258       1 

At limits.

At limits.

FAILURE

------------------------------------------------------------
Transient mode: take 50 timesteps   

 step    size (s)    log10(ss) 
===============================
    0        0.01       7.617
    0       0.005       7.617
    0      0.0025       7.617
    0     0.00125       7.617
    0    0.000625       7.617
    0   0.0003125       7.617
    0   0.0001562       7.617
    0   7.812e-05       7.617
    0   3.906e-05       7.617
    0   1.953e-05       7.617
    1   1.953e-05       6.178
    2    2.93e-05       5.983
    3    2.93e-05       5.681
    4    2.93e-05       5.606
    5   4.395e-05       5.563
    6   4.395e-05       5.503
    7   4.395e-05       5.449
    8   6.592e-05       5.399
    9   6.592e-05       5.334
   10   6.592e-05       5.289
   11   9.888e-05       5.268
   12   9.888e-05       5.221
   13   9.888e-05       5.164
   14   9.888e-05       5.097
   15   0.0001483       5.022
   16   0.0001483       4.912
   17   0.0001483       4.927
   18   0.0002225       4.968
   19   0.0002225       5.004
   20   0.0002225       4.992
   21   0.0002225       4.969
   22   0.0003337       4.936
   23   0.0003337       4.876
   24   0.0003337       4.811
   25   0.0003337       4.743
   26   0.0005006       4.674
   27   0.0005006       4.565
   28   0.0005006       4.464
   29   0.0007508       4.366
   30   0.0007508       4.225
   31    0.001126       4.086
   32    0.001126       3.898
   33    0.001689       3.721
   34    0.001689       3.496
   35    0.002534       3.284
   36    0.002534       3.007
   37    0.003801       2.734
   38    0.003801       2.371
   39    0.005702       2.011
   40    0.008553       1.546
   41    0.008553      0.9719
   42        0.01       0.471
   43        0.01   -0.007399
   44        0.01     -0.4145
   45        0.01     -0.7075
   46        0.01     -0.9781
   47        0.01      -1.161
   48        0.01      -1.344
   49        0.01      -1.528
       0.01     -1.711 
------------------------------------------------------------

Attempt Newton solution of steady-state problem...

    log10(ss0)     log10(s1)   N_jac 
    ------------------------------------
       -1.7115       -4.6078       39 

SUCCESS

Problem solved on 40 grid points.

------------------------------------------------------------

Attempt Newton solution of steady-state problem...

    log10(ss0)     log10(s1)   N_jac 
    ------------------------------------
        7.5444        6.0477       1 

At limits.
        7.4532        5.6856       2 

At limits.

At limits.

FAILURE

------------------------------------------------------------
Transient mode: take 50 timesteps   

 step    size (s)    log10(ss) 
===============================
    0        0.01       7.544
    0       0.005       7.544
    1       0.005       4.384
    2       0.005       3.922
    3      0.0075        3.41
    4        0.01       2.751
    5        0.01       2.009
    6        0.01       1.281
    7        0.01      0.5733
    8        0.01    -0.08655
    9        0.01     -0.5626
   10        0.01      -1.034
   11        0.01      -1.497
   12        0.01      -1.949
   13        0.01       -2.38
   14        0.01      -2.777
   15        0.01      -3.122
   16        0.01      -3.399
   17        0.01      -3.605
   18        0.01      -3.749
   19        0.01      -4.068
   20        0.01      -4.445
   21        0.01      -4.649
   22        0.01      -4.849
   23        0.01      -5.047
   24        0.01      -5.245
   25        0.01      -5.443
   26        0.01       -5.64
   27        0.01      -5.837
   28        0.01      -6.035
   29        0.01      -6.231
   30        0.01       -6.43
   31        0.01      -6.625
   32        0.01      -6.785
   33        0.01      -6.661
   34        0.01       -7.01
   35        0.01       -6.75
   36        0.01      -6.743
   37        0.01      -6.713
   38        0.01      -6.682
   39        0.01      -6.668
   40        0.01      -7.194
   41        0.01      -6.981
   42        0.01      -6.806
   43        0.01      -6.997
   44        0.01      -6.873
   45        0.01      -6.785
   46        0.01      -6.498
   47        0.01      -6.719
   48        0.01      -7.165
   49        0.01      -6.879
       0.01     -6.628 
------------------------------------------------------------

Attempt Newton solution of steady-state problem...

    log10(ss0)     log10(s1)   N_jac 
    ------------------------------------
       -6.6278       -7.6205       10 

SUCCESS

Problem solved on 50 grid points.

------------------------------------------------------------

Attempt Newton solution of steady-state problem...

    log10(ss0)     log10(s1)   N_jac 
    ------------------------------------
        7.1574        4.7430       1 

At limits.
        6.6356        4.1764       2 
        5.4738        3.4162       2 
        5.0435        2.8233       2 
        4.4450        2.2599       2 
        3.8898        1.6717       2 
        3.3183        1.1024       2 
        2.7509        0.5282       2 
        2.1805       -0.0424       2 

SUCCESS

Problem solved on 60 grid points.

------------------------------------------------------------

Attempt Newton solution of steady-state problem...

    log10(ss0)     log10(s1)   N_jac 
    ------------------------------------
        7.1233        3.4150       1 
        5.7330        2.7220       1 
        5.0048        1.9193       1 
        4.0756        1.2562       1 
        3.3114        0.4745       1 
        2.4456       -0.2736       1 

SUCCESS

Problem solved on 70 grid points.

------------------------------------------------------------

Attempt Newton solution of steady-state problem...

    log10(ss0)     log10(s1)   N_jac 
    ------------------------------------
        6.9732        4.2431       1 
        6.5562        4.0333       1 
        5.8365        3.3267       1 
        5.4681        3.1189       1 
        4.9532        2.5860       1 
        4.6152        2.2535       1 
        4.1255        1.7906       1 
        3.7791        1.4097       1 
        3.2991        0.9658       1 
        2.9438        0.5705       1 
        2.4722        0.1327       1 
        2.1091       -2.7585       2 

SUCCESS

Problem solved on 80 grid points.

------------------------------------------------------------

Attempt Newton solution of steady-state problem...

    log10(ss0)     log10(s1)   N_jac 
    ------------------------------------
        6.9812        3.2326       1 
        5.1221        2.2328       1 
        4.2478        1.0322       1 
        3.1970        0.1968       1 
        2.1446       -0.8463       1 

SUCCESS

Problem solved on 90 grid points.

------------------------------------------------------------

Attempt Newton solution of steady-state problem...

    log10(ss0)     log10(s1)   N_jac 
    ------------------------------------
        5.7426        2.5536       1 
        4.6406        1.3955       1 
        3.0663       -0.3838       1 

SUCCESS

Problem solved on 100 grid points.

------------------------------------------------------------

Attempt Newton solution of steady-state problem...

    log10(ss0)     log10(s1)   N_jac 
    ------------------------------------
        6.8209        2.8381       1 
        4.6325        1.5086       1 
        3.1534        0.0291       1 
        1.5809       -1.3024       1 

SUCCESS

Problem solved on 110 grid points.

------------------------------------------------------------

Attempt Newton solution of steady-state problem...

    log10(ss0)     log10(s1)   N_jac 
    ------------------------------------
        6.4575        3.1421       1 
        4.5722        1.6031       1 
        3.6060        0.3050       1 
        2.1762       -1.1744       1 

SUCCESS

Problem solved on 120 grid points.

------------------------------------------------------------

Attempt Newton solution of steady-state problem...

    log10(ss0)     log10(s1)   N_jac 
    ------------------------------------
        4.9033        5.9840       1 

At limits.
        6.6827        5.6773       2 

At limits.

At limits.

FAILURE

------------------------------------------------------------
Transient mode: take 50 timesteps   

 step    size (s)    log10(ss) 
===============================
    0        0.01       4.903
    0       0.005       4.903
    0      0.0025       4.903
    0     0.00125       4.903
    1     0.00125       5.145
    2     0.00125       4.639
    3    0.001875       4.074
    4    0.001875       3.804
    5    0.002812       3.596
    6    0.004219       3.127
    7    0.004219       2.438
    8    0.006328       1.692
    9    0.009492      0.7562
   10        0.01     -0.2284
   11        0.01     -0.6128
   12        0.01     -0.8806
   13        0.01      -1.165
   14        0.01      -1.456
   15        0.01      -1.743
   16        0.01      -1.998
   17        0.01      -2.075
   18        0.01      -2.178
   19        0.01       -2.29
   20        0.01      -2.406
   21        0.01      -2.524
   22        0.01      -2.643
   23        0.01      -2.761
   24        0.01      -2.881
   25        0.01          -3
   26        0.01      -3.119
   27        0.01      -3.239
   28        0.01      -3.358
   29        0.01      -3.478
   30        0.01      -3.597
   31        0.01      -3.716
   32        0.01      -3.836
   33        0.01      -3.956
   34        0.01      -4.073
   35        0.01      -4.194
   36        0.01      -4.313
   37        0.01      -4.431
   38        0.01      -4.551
   39        0.01      -4.667
   40        0.01      -4.787
   41        0.01      -4.908
   42        0.01       -5.02
   43        0.01      -5.139
   44        0.01       -5.26
   45        0.01      -5.364
   46        0.01      -5.474
   47        0.01      -5.594
   48        0.01      -5.685
   49        0.01      -5.796
       0.01     -5.904 
------------------------------------------------------------

Attempt Newton solution of steady-state problem...

    log10(ss0)     log10(s1)   N_jac 
    ------------------------------------
       -5.9043       -6.4010       21 

SUCCESS

Problem solved on 130 grid points.

------------------------------------------------------------

Attempt Newton solution of steady-state problem...

    log10(ss0)     log10(s1)   N_jac 
    ------------------------------------
        6.8227        3.4639       1 
        5.8430        3.0323       1 
        4.8474        1.7894       1 
        4.1053        1.3517       1 
        3.0873        0.3455       1 
        2.4364       -0.2414       1 

SUCCESS

Problem solved on 140 grid points.

------------------------------------------------------------

Attempt Newton solution of steady-state problem...

    log10(ss0)     log10(s1)   N_jac 
    ------------------------------------
        6.9358        2.2285       1 
        3.7401        0.0837       1 
        2.5643       -1.6243       1 

SUCCESS

Problem solved on 150 grid points.

------------------------------------------------------------

Attempt Newton solution of steady-state problem...

    log10(ss0)     log10(s1)   N_jac 
    ------------------------------------
        6.1978        1.7584       1 
        3.2916       -0.0101       1 

SUCCESS

Problem solved on 160 grid points.

------------------------------------------------------------

Attempt Newton solution of steady-state problem...

    log10(ss0)     log10(s1)   N_jac 
    ------------------------------------
        6.2189        1.7807       1 
        3.3893       -0.2012       1 

SUCCESS

Problem solved on 170 grid points.

------------------------------------------------------------

Attempt Newton solution of steady-state problem...

    log10(ss0)     log10(s1)   N_jac 
    ------------------------------------
        5.5510        1.7011       1 
        3.2105       -0.3622       1 

SUCCESS

Problem solved on 180 grid points.

------------------------------------------------------------

Attempt Newton solution of steady-state problem...

    log10(ss0)     log10(s1)   N_jac 
    ------------------------------------
        6.2309        1.7413       1 
        3.1653       -0.0346       1 

SUCCESS

Problem solved on 190 grid points.

------------------------------------------------------------

Attempt Newton solution of steady-state problem...

    log10(ss0)     log10(s1)   N_jac 
    ------------------------------------
        6.6117        2.1094       1 
        3.7520        0.2561       1 
        2.0192       -1.4466       1 

SUCCESS

Problem solved on 200 grid points.

------------------------------------------------------------

Attempt Newton solution of steady-state problem...

    log10(ss0)     log10(s1)   N_jac 
    ------------------------------------
        6.7258        2.5516       1 
        3.6777        0.8752       1 
        2.4123       -0.7219       1 

SUCCESS

Problem solved on 210 grid points.

------------------------------------------------------------

Attempt Newton solution of steady-state problem...

    log10(ss0)     log10(s1)   N_jac 
    ------------------------------------
        6.4348        5.1911       1 

At limits.
        6.6917        4.7191       2 
        6.5752        4.4787       2 
        6.3074        4.2363       2 
        6.0980        4.0627       2 
        5.9061        3.8570       2 
        5.7321        3.7086       2 
        5.5547        3.5240       2 
        5.3955        3.3818       2 
        5.2295        3.2058       2 
        5.0770        3.0684       2 
        4.9155        2.8963       2 
        4.7670        1.3897       3 
        2.7004       -0.0874       3 

SUCCESS

Problem solved on 220 grid points.

------------------------------------------------------------

Attempt Newton solution of steady-state problem...

    log10(ss0)     log10(s1)   N_jac 
    ------------------------------------
        5.5016        6.1577       1 

At limits.

At limits.

FAILURE

------------------------------------------------------------
Transient mode: take 50 timesteps   

 step    size (s)    log10(ss) 
===============================
    0        0.01       5.502
    1        0.01       4.214
    2        0.01        2.84
    3        0.01       2.126
    4        0.01       1.222
    5        0.01      0.2129
    6        0.01      0.4444
    7        0.01     -0.6842
    8        0.01       -1.98
    9        0.01      -2.124
   10        0.01      -2.429
   11        0.01      -2.683
   12        0.01      -2.879
   13        0.01      -3.043
   14        0.01       -3.19
   15        0.01      -4.499
   16        0.01      -4.627
   17        0.01      -4.748
   18        0.01      -4.872
   19        0.01      -4.961
   20        0.01      -5.112
   21        0.01      -5.233
   22        0.01      -5.348
   23        0.01      -5.431
   24        0.01      -5.503
   25        0.01      -5.532
   26        0.01       -5.64
   27        0.01      -5.678
   28        0.01      -5.734
   29        0.01      -5.768
   30        0.01       -5.75
   31        0.01      -5.762
   32        0.01      -5.674
   33        0.01      -5.758
   34        0.01      -5.916
   35        0.01      -5.766
   36        0.01      -5.713
   37        0.01      -5.864
   38        0.01       -5.82
   39        0.01      -5.862
   40        0.01      -5.763
   41        0.01      -5.771
   42        0.01      -5.931
   43        0.01      -5.881
   44        0.01      -5.758
   45        0.01      -5.861
   46        0.01      -5.855
   47        0.01      -5.725
   48        0.01      -5.795
   49        0.01      -5.814
       0.01     -5.756 
------------------------------------------------------------

Attempt Newton solution of steady-state problem...

    log10(ss0)     log10(s1)   N_jac 
    ------------------------------------
       -5.7563       -8.1613       7 

SUCCESS

Problem solved on 230 grid points.

------------------------------------------------------------

Attempt Newton solution of steady-state problem...

    log10(ss0)     log10(s1)   N_jac 
    ------------------------------------
        4.8871        6.5552       1 

At limits.

At limits.

FAILURE

------------------------------------------------------------
Transient mode: take 50 timesteps   

 step    size (s)    log10(ss) 
===============================
    0        0.01       4.887
    0       0.005       4.887
    0      0.0025       4.887
    0     0.00125       4.887
    0    0.000625       4.887
    0   0.0003125       4.887
    0   0.0001562       4.887
    0   7.812e-05       4.887
    0   3.906e-05       4.887
    0   1.953e-05       4.887
    1   1.953e-05       7.085
    2   1.953e-05       7.131
    3   1.953e-05       7.175
    4   1.953e-05       7.219
    5   1.953e-05       7.259
    6   1.953e-05       7.283
    7   1.953e-05       7.294
    8   1.953e-05       7.288
    9   1.953e-05       7.306
   10   1.953e-05       7.204
   11   1.953e-05       7.225
   12   1.953e-05        7.18
   13   1.953e-05       7.123
   14   1.953e-05       6.921
   15   1.953e-05       6.898
   16   1.953e-05       6.853
   17   1.953e-05       6.761
   18   1.953e-05        6.72
   19   1.953e-05       6.727
   20   1.953e-05       6.694
   21    2.93e-05        6.63
   22    2.93e-05       6.588
   23    2.93e-05       6.578
   24    2.93e-05       6.517
   25    2.93e-05       6.445
   26    2.93e-05       6.455
   27    2.93e-05       6.426
   28   4.395e-05       6.363
   29   4.395e-05       6.317
   30   4.395e-05       6.294
   31   4.395e-05       6.222
   32   4.395e-05       6.159
   33   4.395e-05       6.151
   34   6.592e-05       6.108
   35   6.592e-05       5.991
   36   6.592e-05        5.96
   37   6.592e-05       5.908
   38   6.592e-05       5.817
   39   9.888e-05       5.698
   40   9.888e-05       5.687
   41   9.888e-05       5.637
   42   9.888e-05       5.564
   43   9.888e-05       5.526
   44   0.0001483        5.49
   45   0.0001483       5.443
   46   0.0001483       5.398
   47   0.0001483       5.354
   48   0.0002225       5.315
   49   0.0002225       5.261
  0.0002225      5.208 
------------------------------------------------------------

Attempt Newton solution of steady-state problem...

    log10(ss0)     log10(s1)   N_jac 
    ------------------------------------
        5.2085        5.2663       84 
        5.1609        5.2508       84 

At limits.

FAILURE

------------------------------------------------------------
Transient mode: take 50 timesteps   

 step    size (s)    log10(ss) 
===============================
    0   0.0002225       5.208
    1   0.0002225       5.161
    2   0.0002225       5.117
    3   0.0003337       5.073
    4   0.0003337       5.009
    5   0.0003337       4.953
    6   0.0003337       4.893
    7   0.0005006       4.834
    8   0.0005006       4.757
    9   0.0005006       4.674
   10   0.0005006       4.591
   11   0.0007508       4.519
   12   0.0007508       4.403
   13   0.0007508       4.278
   14    0.001126       4.145
   15    0.001126       3.945
   16    0.001689       3.737
   17    0.001689       3.486
   18    0.002534        3.28
   19    0.002534       2.993
   20    0.003801       2.702
   21    0.003801       2.312
   22    0.005702       1.919
   23    0.008553       1.412
   24    0.008553       0.776
   25        0.01      0.1476
   26        0.01     -0.4849
   27        0.01      -1.118
   28        0.01      -1.565
   29        0.01      -2.013
   30        0.01      -2.461
   31        0.01      -2.909
   32        0.01      -3.356
   33        0.01      -3.804
   34        0.01      -4.252
   35        0.01        -4.7
   36        0.01      -5.147
   37        0.01      -5.593
   38        0.01      -6.037
   39        0.01      -6.496
   40        0.01      -6.935
   41        0.01      -7.239
   42        0.01      -7.239
   43        0.01      -7.239
   44        0.01      -7.239
   45        0.01      -7.239
   46        0.01      -7.239
   47        0.01      -7.239
   48        0.01      -7.239
   49        0.01      -7.239
       0.01     -7.238 
------------------------------------------------------------

Attempt Newton solution of steady-state problem...

At limits.

FAILURE

------------------------------------------------------------
Transient mode: take 50 timesteps   

 step    size (s)    log10(ss) 
===============================
    0        0.01      -7.238
    1        0.01       -7.23
    2        0.01      -7.236
    3        0.01      -7.236
    4        0.01      -7.235
    5        0.01      -7.241
    6        0.01      -7.238
    7        0.01      -7.241
    8        0.01      -7.236
    9        0.01       -7.24
   10        0.01      -7.241
   11        0.01      -7.242
   12        0.01      -7.242
   13        0.01      -7.241
   14        0.01      -7.241
   15        0.01       -7.24
   16        0.01       -7.24
   17        0.01      -7.239
   18        0.01      -7.239
   19        0.01      -7.239
   20        0.01      -7.238
   21        0.01      -7.238
   22        0.01      -7.237
   23        0.01      -7.236
   24        0.01      -7.235
   25        0.01      -7.241
   26        0.01      -7.238
   27        0.01      -7.242
   28        0.01      -7.237
   29        0.01      -7.239
   30        0.01      -7.239
   31        0.01      -7.239
   32        0.01      -7.239
   33        0.01      -7.239
   34        0.01      -7.237
   35        0.01      -7.236
   36        0.01      -7.236
   37        0.01      -7.242
   38        0.01      -7.241
   39        0.01      -7.241
   40        0.01       -7.24
   41        0.01      -7.239
   42        0.01      -7.236
   43        0.01      -7.241
   44        0.01      -7.239
   45        0.01      -7.242
   46        0.01      -7.237
   47        0.01      -7.239
   48        0.01      -7.241
   49        0.01      -7.242
       0.01     -7.242 
------------------------------------------------------------

Attempt Newton solution of steady-state problem...

    log10(ss0)     log10(s1)   N_jac 
    ------------------------------------
       -7.2418       -4.4494       105 

SUCCESS

Problem solved on 240 grid points.

------------------------------------------------------------

Attempt Newton solution of steady-state problem...

At limits.

FAILURE

------------------------------------------------------------
Transient mode: take 50 timesteps   

 step    size (s)    log10(ss) 
===============================
    0        0.01       4.354
    1        0.01      0.7134
    2        0.01     -0.3992
    3        0.01      -1.364
    4        0.01      -2.265
    5        0.01      -2.802
    6        0.01      -2.727
    7        0.01      -3.337
    8        0.01      -3.946
    9        0.01      -4.946
   10        0.01      -5.425
   11        0.01      -5.905
   12        0.01      -6.384
   13        0.01      -6.864
   14        0.01      -7.349
   15        0.01      -7.392
   16        0.01      -7.392
   17        0.01      -7.392
   18        0.01      -7.392
   19        0.01      -7.392
   20        0.01      -7.391
   21        0.01      -7.391
   22        0.01      -7.392
   23        0.01      -7.392
   24        0.01      -7.392
   25        0.01      -7.392
   26        0.01      -7.392
   27        0.01      -7.392
   28        0.01      -7.392
   29        0.01      -7.392
   30        0.01      -7.391
   31        0.01      -7.392
   32        0.01      -7.392
   33        0.01      -7.391
   34        0.01      -7.392
   35        0.01      -7.392
   36        0.01      -7.391
   37        0.01      -7.391
   38        0.01      -7.391
   39        0.01      -7.391
   40        0.01      -7.392
   41        0.01      -7.392
   42        0.01      -7.392
   43        0.01      -7.392
   44        0.01      -7.392
   45        0.01      -7.392
   46        0.01      -7.392
   47        0.01      -7.391
   48        0.01      -7.391
   49        0.01      -7.392
       0.01     -7.392 
------------------------------------------------------------

Attempt Newton solution of steady-state problem...

At limits.

FAILURE

------------------------------------------------------------
Transient mode: take 50 timesteps   

 step    size (s)    log10(ss) 
===============================
    0        0.01      -7.392
    1        0.01      -7.392
    2        0.01      -7.392
    3        0.01      -7.392
    4        0.01      -7.393
    5        0.01      -7.392
    6        0.01      -7.392
    7        0.01      -7.392
    8        0.01      -7.392
    9        0.01      -7.392
   10        0.01      -7.392
   11        0.01      -7.392
   12        0.01      -7.392
   13        0.01      -7.392
   14        0.01      -7.392
   15        0.01      -7.392
   16        0.01      -7.392
   17        0.01      -7.392
   18        0.01      -7.392
   19        0.01      -7.392
   20        0.01      -7.393
   21        0.01      -7.393
   22        0.01      -7.393
   23        0.01      -7.392
   24        0.01      -7.392
   25        0.01      -7.392
   26        0.01      -7.392
   27        0.01      -7.392
   28        0.01      -7.392
   29        0.01      -7.393
   30        0.01      -7.392
   31        0.01      -7.392
   32        0.01      -7.392
   33        0.01      -7.392
   34        0.01      -7.393
   35        0.01      -7.392
   36        0.01      -7.392
   37        0.01      -7.393
   38        0.01      -7.392
   39        0.01      -7.392
   40        0.01      -7.392
   41        0.01      -7.392
   42        0.01      -7.392
   43        0.01      -7.392
   44        0.01      -7.392
   45        0.01      -7.392
   46        0.01      -7.392
   47        0.01      -7.392
   48        0.01      -7.392
   49        0.01      -7.392
       0.01     -7.392 
------------------------------------------------------------

Attempt Newton solution of steady-state problem...

    log10(ss0)     log10(s1)   N_jac 
    ------------------------------------
       -7.3917       -4.4781       8 

SUCCESS

Problem solved on 250 grid points.

------------------------------------------------------------

Attempt Newton solution of steady-state problem...

At limits.

FAILURE

------------------------------------------------------------
Transient mode: take 50 timesteps   

 step    size (s)    log10(ss) 
===============================
    0        0.01       4.158
    1        0.01      0.4064
    2        0.01     -0.7824
    3        0.01      -1.755
    4        0.01      -2.642
    5        0.01      -3.347
    6        0.01      -3.444
    7        0.01      -4.051
    8        0.01      -4.654
    9        0.01      -5.254
   10        0.01      -5.754
   11        0.01      -6.224
   12        0.01      -6.697
   13        0.01      -7.173
   14        0.01      -7.428
   15        0.01      -7.432
   16        0.01      -7.428
   17        0.01      -7.434
   18        0.01       -7.43
   19        0.01      -7.423
   20        0.01       -7.43
   21        0.01      -7.434
   22        0.01      -7.429
   23        0.01      -7.433
   24        0.01      -7.425
   25        0.01      -7.429
   26        0.01       -7.43
   27        0.01      -7.432
   28        0.01      -7.434
   29        0.01      -7.427
   30        0.01      -7.429
   31        0.01      -7.429
   32        0.01      -7.429
   33        0.01      -7.428
   34        0.01      -7.428
   35        0.01      -7.427
   36        0.01      -7.427
   37        0.01      -7.425
   38        0.01      -7.424
   39        0.01      -7.434
   40        0.01      -7.434
   41        0.01      -7.434
   42        0.01      -7.433
   43        0.01      -7.433
   44        0.01      -7.433
   45        0.01      -7.432
   46        0.01      -7.431
   47        0.01       -7.43
   48        0.01      -7.429
   49        0.01      -7.428
       0.01     -7.425 
------------------------------------------------------------

Attempt Newton solution of steady-state problem...

    log10(ss0)     log10(s1)   N_jac 
    ------------------------------------
       -7.4246        4.1212       5 
        0.8958        3.3556       5 
        0.8732        2.0973       6 
        0.8452        2.0316       6 

At limits.

FAILURE

------------------------------------------------------------
Transient mode: take 50 timesteps   

 step    size (s)    log10(ss) 
===============================
    0        0.01      -7.425
    1        0.01      -7.412
    2        0.01      -7.424
    3        0.01      -7.429
    4        0.01      -7.433
    5        0.01       -7.43
    6        0.01      -7.433
    7        0.01       -7.43
    8        0.01      -7.433
    9        0.01      -7.428
   10        0.01      -7.432
   11        0.01      -7.434
   12        0.01       -7.43
   13        0.01      -7.432
   14        0.01      -7.434
   15        0.01      -7.427
   16        0.01      -7.431
   17        0.01      -7.432
   18        0.01      -7.433
   19        0.01      -7.433
   20        0.01      -7.433
   21        0.01      -7.433
   22        0.01      -7.432
   23        0.01      -7.432
   24        0.01      -7.432
   25        0.01      -7.431
   26        0.01       -7.43
   27        0.01       -7.43
   28        0.01       -7.43
   29        0.01      -7.429
   30        0.01      -7.429
   31        0.01      -7.428
   32        0.01      -7.428
   33        0.01      -7.428
   34        0.01      -7.426
   35        0.01      -7.425
   36        0.01      -7.425
   37        0.01      -7.434
   38        0.01      -7.433
   39        0.01      -7.433
   40        0.01      -7.431
   41        0.01      -7.428
   42        0.01      -7.434
   43        0.01      -7.431
   44        0.01      -7.425
   45        0.01      -7.433
   46        0.01       -7.43
   47        0.01      -7.434
   48        0.01       -7.43
   49        0.01      -7.434
       0.01      -7.43 
------------------------------------------------------------

Attempt Newton solution of steady-state problem...

    log10(ss0)     log10(s1)   N_jac 
    ------------------------------------
       -7.4297       -4.4411       10 

SUCCESS

Problem solved on 260 grid points.

------------------------------------------------------------

Attempt Newton solution of steady-state problem...

FAILURE

------------------------------------------------------------
Transient mode: take 50 timesteps   

 step    size (s)    log10(ss) 
===============================
    0        0.01       4.079
    1        0.01     0.04275
    2        0.01      -1.183
    3        0.01      -2.151
    4        0.01      -2.884
    5        0.01      -3.346
    6        0.01      -3.804
    7        0.01      -4.268
    8        0.01      -4.732
    9        0.01      -5.199
   10        0.01      -5.669
   11        0.01      -6.138
   12        0.01      -6.609
   13        0.01      -7.083
   14        0.01      -7.432
   15        0.01      -7.431
   16        0.01      -7.431
   17        0.01      -7.431
   18        0.01      -7.431
   19        0.01       -7.43
   20        0.01       -7.43
   21        0.01       -7.43
   22        0.01       -7.43
   23        0.01       -7.43
   24        0.01       -7.43
   25        0.01       -7.43
   26        0.01      -7.429
   27        0.01      -7.429
   28        0.01      -7.429
   29        0.01      -7.428
   30        0.01      -7.427
   31        0.01      -7.427
   32        0.01      -7.427
   33        0.01      -7.425
   34        0.01      -7.422
   35        0.01      -7.431
   36        0.01      -7.429
   37        0.01      -7.425
   38        0.01      -7.432
   39        0.01      -7.429
   40        0.01      -7.424
   41        0.01       -7.43
   42        0.01      -7.427
   43        0.01      -7.432
   44        0.01      -7.429
   45        0.01      -7.422
   46        0.01      -7.428
   47        0.01      -7.432
   48        0.01      -7.427
   49        0.01      -7.432
       0.01     -7.427 
------------------------------------------------------------

Attempt Newton solution of steady-state problem...

At limits.

FAILURE

------------------------------------------------------------
Transient mode: take 50 timesteps   

 step    size (s)    log10(ss) 
===============================
    0        0.01      -7.427
    1        0.01      -7.422
    2        0.01       -7.43
    3        0.01      -7.431
    4        0.01      -7.427
    5        0.01       -7.43
    6        0.01      -7.425
    7        0.01       -7.43
    8        0.01      -7.424
    9        0.01      -7.429
   10        0.01      -7.431
   11        0.01      -7.425
   12        0.01      -7.429
   13        0.01       -7.43
   14        0.01      -7.431
   15        0.01      -7.432
   16        0.01      -7.432
   17        0.01      -7.432
   18        0.01      -7.432
   19        0.01      -7.432
   20        0.01      -7.432
   21        0.01      -7.432
   22        0.01      -7.431
   23        0.01       -7.43
   24        0.01       -7.43
   25        0.01       -7.43
   26        0.01       -7.43
   27        0.01       -7.43
   28        0.01       -7.43
   29        0.01       -7.43
   30        0.01      -7.429
   31        0.01      -7.429
   32        0.01      -7.428
   33        0.01      -7.428
   34        0.01      -7.428
   35        0.01      -7.428
   36        0.01      -7.428
   37        0.01      -7.427
   38        0.01      -7.426
   39        0.01      -7.422
   40        0.01      -7.431
   41        0.01      -7.429
   42        0.01      -7.427
   43        0.01      -7.423
   44        0.01       -7.43
   45        0.01      -7.427
   46        0.01      -7.433
   47        0.01      -7.429
   48        0.01      -7.425
   49        0.01      -7.431
       0.01     -7.428 
------------------------------------------------------------

Attempt Newton solution of steady-state problem...

    log10(ss0)     log10(s1)   N_jac 
    ------------------------------------
       -7.4275       -4.3408       8 

SUCCESS

Problem solved on 270 grid points.

------------------------------------------------------------

Attempt Newton solution of steady-state problem...

FAILURE

------------------------------------------------------------
Transient mode: take 50 timesteps   

 step    size (s)    log10(ss) 
===============================
    0        0.01       4.027
    1        0.01    -0.09398
    2        0.01      -1.235
    3        0.01      -2.122
    4        0.01      -2.938
    5        0.01      -3.363
    6        0.01      -3.961
    7        0.01      -4.556
    8        0.01      -5.151
    9        0.01      -5.745
   10        0.01       -6.34
   11        0.01      -6.864
   12        0.01      -7.348
   13        0.01      -7.478
   14        0.01      -7.478
   15        0.01      -7.478
   16        0.01      -7.478
   17        0.01      -7.478
   18        0.01      -7.478
   19        0.01      -7.478
   20        0.01      -7.478
   21        0.01      -7.478
   22        0.01      -7.478
   23        0.01      -7.478
   24        0.01      -7.478
   25        0.01      -7.478
   26        0.01      -7.478
   27        0.01      -7.478
   28        0.01      -7.442
   29        0.01      -7.478
   30        0.01      -7.442
   31        0.01      -7.478
   32        0.01      -7.478
   33        0.01      -7.478
   34        0.01      -7.478
   35        0.01      -7.478
   36        0.01      -7.478
   37        0.01      -7.478
   38        0.01      -7.478
   39        0.01      -7.478
   40        0.01      -7.478
   41        0.01      -7.478
   42        0.01      -7.478
   43        0.01      -7.478
   44        0.01      -7.478
   45        0.01      -7.478
   46        0.01      -7.478
   47        0.01      -7.478
   48        0.01      -7.478
   49        0.01      -7.478
       0.01     -7.478 
------------------------------------------------------------

Attempt Newton solution of steady-state problem...

FAILURE

------------------------------------------------------------
Transient mode: take 50 timesteps   

 step    size (s)    log10(ss) 
===============================
    0        0.01      -7.478
    1        0.01      -7.478
    2        0.01      -7.478
    3        0.01      -7.478
    4        0.01      -7.478
    5        0.01      -7.478
    6        0.01      -7.478
    7        0.01      -7.478
    8        0.01      -7.478
    9        0.01      -7.478
   10        0.01      -7.478
   11        0.01      -7.478
   12        0.01      -7.478
   13        0.01      -7.478
   14        0.01      -7.478
   15        0.01      -7.478
   16        0.01      -7.478
   17        0.01      -7.478
   18        0.01      -7.478
   19        0.01      -7.478
   20        0.01      -7.478
   21        0.01      -7.478
   22        0.01      -7.478
   23        0.01      -7.478
   24        0.01      -7.478
   25        0.01      -7.478
   26        0.01      -7.478
   27        0.01      -7.478
   28        0.01      -7.478
   29        0.01      -7.478
   30        0.01      -7.478
   31        0.01      -7.478
   32        0.01      -7.478
   33        0.01      -7.478
   34        0.01      -7.478
   35        0.01      -7.478
   36        0.01      -7.478
   37        0.01      -7.478
   38        0.01      -7.478
   39        0.01      -7.478
   40        0.01      -7.478
   41        0.01      -7.478
   42        0.01      -7.478
   43        0.01      -7.478
   44        0.01      -7.478
   45        0.01      -7.478
   46        0.01      -7.478
   47        0.01      -7.478
   48        0.01      -7.478
   49        0.01      -7.478
       0.01     -7.478 
------------------------------------------------------------

Attempt Newton solution of steady-state problem...

    log10(ss0)     log10(s1)   N_jac 
    ------------------------------------
       -7.4778       -4.3348       8 

SUCCESS

Problem solved on 280 grid points.

------------------------------------------------------------

Attempt Newton solution of steady-state problem...

    log10(ss0)     log10(s1)   N_jac 
    ------------------------------------
        4.0430        3.8929       1 
        2.8889        2.3145       1 
        1.4979        1.3455       2 
       -1.1477       -0.3162       2 

SUCCESS

Problem solved on 290 grid points.

------------------------------------------------------------

Attempt Newton solution of steady-state problem...

    log10(ss0)     log10(s1)   N_jac 
    ------------------------------------
        3.9514        3.0312       1 
        2.1869        2.7839       1 
        0.7029        2.7036       1 
        0.6354        2.6269       1 
        0.5704        2.5534       1 
        0.5008        2.4021       1 
        0.3443        2.2666       1 
        0.1936        2.2103       1 
        0.1316        2.0976       1 
        0.0034        2.0007       1 
       -0.1081        1.9193       1 
       -0.2039        2.3585       2 
       -3.1326        2.3154       2 
       -2.7117        2.2787       2 
       -2.5522        2.2467       2 
       -2.4618        2.2182       2 
       -2.4024        2.2027       2 

At limits.

At limits.

FAILURE

------------------------------------------------------------
Transient mode: take 50 timesteps   

 step    size (s)    log10(ss) 
===============================
    0        0.01       3.951
    1        0.01      0.1271
    2        0.01      -0.877
    3        0.01      -1.758
    4        0.01      -2.626
    5        0.01       -3.45
    6        0.01      -3.743
    7        0.01      -4.332
    8        0.01      -4.921
    9        0.01      -5.829
   10        0.01      -5.922
   11        0.01      -5.921
   12        0.01      -5.921
   13        0.01      -5.921
   14        0.01      -5.976
   15        0.01      -6.044
   16        0.01      -6.042
   17        0.01      -6.042
   18        0.01      -6.045
   19        0.01      -6.042
   20        0.01      -6.049
   21        0.01       -6.04
   22        0.01      -6.041
   23        0.01      -6.043
   24        0.01      -6.039
   25        0.01      -6.038
   26        0.01       -6.05
   27        0.01      -6.045
   28        0.01      -6.041
   29        0.01      -6.043
   30        0.01      -6.044
   31        0.01      -6.226
   32        0.01      -6.246
   33        0.01      -6.243
   34        0.01      -6.234
   35        0.01      -6.241
   36        0.01      -6.239
   37        0.01      -6.239
   38        0.01      -6.239
   39        0.01      -6.237
   40        0.01      -6.236
   41        0.01      -6.246
   42        0.01      -6.235
   43        0.01      -6.239
   44        0.01      -6.238
   45        0.01      -6.241
   46        0.01      -6.237
   47        0.01      -6.245
   48        0.01      -6.235
   49        0.01      -6.239
       0.01     -6.243 
------------------------------------------------------------

Attempt Newton solution of steady-state problem...

    log10(ss0)     log10(s1)   N_jac 
    ------------------------------------
       -6.2431        3.3986       7 
       -0.0740        3.3358       7 

FAILURE

------------------------------------------------------------
Transient mode: take 50 timesteps   

 step    size (s)    log10(ss) 
===============================
    0        0.01      -6.243
    1        0.01      -6.241
    2        0.01       -6.23
    3        0.01      -6.231
    4        0.01      -6.236
    5        0.01      -6.232
    6        0.01      -6.235
    7        0.01      -6.381
    8        0.01      -6.432
    9        0.01      -6.438
   10        0.01      -6.441
   11        0.01      -6.431
   12        0.01      -6.427
   13        0.01      -6.438
   14        0.01       -6.43
   15        0.01      -6.426
   16        0.01      -6.436
   17        0.01      -6.423
   18        0.01      -6.433
   19        0.01      -6.434
   20        0.01      -6.432
   21        0.01      -6.431
   22        0.01      -6.435
   23        0.01      -6.429
   24        0.01      -6.424
   25        0.01       -6.44
   26        0.01      -6.423
   27        0.01       -6.44
   28        0.01      -6.425
   29        0.01      -6.427
   30        0.01      -6.428
   31        0.01      -6.438
   32        0.01      -6.422
   33        0.01       -6.43
   34        0.01      -6.417
   35        0.01      -6.432
   36        0.01      -6.419
   37        0.01      -6.431
   38        0.01       -6.43
   39        0.01      -6.432
   40        0.01      -6.431
   41        0.01      -6.425
   42        0.01      -6.441
   43        0.01      -6.427
   44        0.01      -6.422
   45        0.01      -6.437
   46        0.01       -6.43
   47        0.01      -6.432
   48        0.01      -6.866
   49        0.01       -6.61
       0.01     -6.634 
------------------------------------------------------------

Attempt Newton solution of steady-state problem...

    log10(ss0)     log10(s1)   N_jac 
    ------------------------------------
       -6.6340       -4.3891       11 

SUCCESS

Problem solved on 300 grid points.


==== Status of problem ====

Parser configured
Database configured
Mixture configured
Solution configured
Solver configured
Problem solved

==== END of Status ====

ULF run took 905.40 s

==== ULF END ====
