# RUNNING VERSION '1.07-1'
+==========================================================================================================+
|                                                                                                          |
|                                                                                              #           |
|                                                                                             ##           |
|                                                                                            ###           |
|                                                                                          ####            |
|                                                          TU Freiberg                    ######           |
|                                                          Chair of Numerical            #### ##           |
|                                                          Thermo-Fluid-Dynamics         ########          |
|        Universal Laminar Flame Solver                                                  #### #####        |
|                                                                                          ##########      |
|                                                                                                #####     |
|                            ###    ##########             ####  ################################# ###     |
|                           ####  ####                    #####     ####   ####          ######### ###     |
|                          ####  ####                    ######     ###   ###                  ### ###     |
|         ####      ####  ################              ###  ###   ###   #########   ###       ### ##      |
|        ####      ####  ################              ###   ###  ###   ########    ###       ### ###      |
|       ####       ###  #### ####                     ###    ### ###   ###         ##       ### ###        |
|       #####   #####  #### ####                     ###      #####   ###         ###    ##### ###         |
|        ##########   ####  ###                     ###       #############      ########## #####          |
|                                                        #######################################           |
|                                                      ###               #####################             |
|                                                                             ############                 |
|                                                                                                          |
+==========================================================================================================+
                                                                                                            
ULF run at Sun Sep  6 03:34:01 2015



==== Status of problem ====

Parser configured
Database configured
Mixture configured
Solution configured
Solver configured
Problem NOT solved

==== END of Status ====
------------------------------------------------------------

Attempt Newton solution of steady-state problem...

At limits.

FAILURE

------------------------------------------------------------
Transient mode: take 50 timesteps   

 step    size (s)    log10(ss) 
===============================
    0        0.01       7.153
    0       0.005       7.153
    0      0.0025       7.153
    0     0.00125       7.153
    0    0.000625       7.153
    0   0.0003125       7.153
    0   0.0001562       7.153
    0   7.812e-05       7.153
    0   3.906e-05       7.153
    0   1.953e-05       7.153
    0   9.766e-06       7.153
    0   4.883e-06       7.153
    0   2.441e-06       7.153
    0   1.221e-06       7.153
    0   6.104e-07       7.153
    0   3.052e-07       7.153
    0   1.526e-07       7.153
    0   7.629e-08       7.153
    1   7.629e-08       6.785
    2   1.144e-07       6.785
    3   1.144e-07       6.785
    4   1.717e-07       6.785
    5   1.717e-07       6.784
    6   2.575e-07       6.784
    7   2.575e-07       6.784
    8   2.575e-07       6.783
    9   3.862e-07       6.782
   10   3.862e-07       6.782
   11   5.794e-07       6.781
   12   5.794e-07        6.78
   13   5.794e-07       6.778
   14    8.69e-07       6.777
   15    8.69e-07       6.775
   16    8.69e-07       6.773
   17   1.304e-06        6.77
   18   1.304e-06       6.767
   19   1.304e-06       6.763
   20   1.955e-06        6.76
   21   1.955e-06       6.754
   22   1.955e-06       6.748
   23   2.933e-06       6.742
   24   2.933e-06       6.733
   25   2.933e-06       6.724
   26   4.399e-06       6.715
   27   4.399e-06       6.702
   28   4.399e-06       6.689
   29   6.599e-06       6.677
   30   6.599e-06       6.659
   31   6.599e-06       6.641
   32   6.599e-06       6.624
   33   9.899e-06       6.608
   34   9.899e-06       6.584
   35   9.899e-06       6.561
   36   1.485e-05       6.538
   37   1.485e-05       6.506
   38   1.485e-05       6.476
   39   1.485e-05       6.447
   40   2.227e-05       6.419
   41   2.227e-05        6.38
   42   2.227e-05       6.344
   43   3.341e-05        6.31
   44   3.341e-05       6.263
   45   3.341e-05        6.22
   46   3.341e-05       6.179
   47   5.011e-05       6.141
   48   5.011e-05       6.088
   49   5.011e-05       6.038
  5.011e-05      5.995 
------------------------------------------------------------

Attempt Newton solution of steady-state problem...

    log10(ss0)     log10(s1)   N_jac 
    ------------------------------------
        5.9952        4.9762       66 
        5.9763        4.9557       66 
        5.9590        4.9373       66 
        5.9413        4.9204       66 
        5.9231        4.9048       66 

At limits.

FAILURE

------------------------------------------------------------
Transient mode: take 50 timesteps   

 step    size (s)    log10(ss) 
===============================
    0   5.011e-05       5.995
    1   5.011e-05       5.974
    2   5.011e-05       5.952
    3   7.517e-05       5.929
    4   7.517e-05       5.896
    5   7.517e-05       5.862
    6   7.517e-05       5.828
    7   7.517e-05       5.795
    8   0.0001128       5.761
    9   0.0001128        5.71
   10   0.0001128       5.659
   11   0.0001128       5.608
   12   0.0001128       5.567
   13   0.0001691       5.547
   14   0.0001691       5.516
   15   0.0001691       5.483
   16   0.0001691       5.451
   17   0.0001691        5.42
   18   0.0001691       5.391
   19   0.0002537       5.365
   20   0.0002537       5.348
   21   0.0002537       5.322
   22   0.0002537       5.287
   23   0.0002537       5.245
   24   0.0003805         5.2
   25   0.0003805       5.129
   26   0.0003805       5.057
   27   0.0003805       4.989
   28   0.0005708       4.935
   29   0.0005708        4.86
   30   0.0005708       4.789
   31   0.0005708       4.724
   32   0.0008562       4.662
   33   0.0008562        4.58
   34   0.0008562       4.505
   35    0.001284       4.436
   36    0.001284       4.346
   37    0.001284       4.265
   38    0.001284       4.201
   39    0.001927       4.148
   40    0.001927       4.082
   41    0.001927       4.026
   42     0.00289       3.969
   43     0.00289       3.889
   44     0.00289       3.829
   45     0.00289       3.878
   46     0.00289       3.958
   47    0.004335       4.007
   48    0.004335       3.985
   49    0.004335       3.888
   0.006502      3.754 
------------------------------------------------------------

Attempt Newton solution of steady-state problem...

    log10(ss0)     log10(s1)   N_jac 
    ------------------------------------
        3.7538        5.0136       106 

At limits.
        4.4024        3.2074       107 
        3.5712        1.8713       107 
        2.0765        0.9523       107 
        0.6347       -0.2107       107 

SUCCESS

Problem solved on 30 grid points.

------------------------------------------------------------

Attempt Newton solution of steady-state problem...

    log10(ss0)     log10(s1)   N_jac 
    ------------------------------------
        7.2552        6.3477       1 

At limits.

At limits.

FAILURE

------------------------------------------------------------
Transient mode: take 50 timesteps   

 step    size (s)    log10(ss) 
===============================
    0        0.01       7.255
    0       0.005       7.255
    0      0.0025       7.255
    0     0.00125       7.255
    0    0.000625       7.255
    0   0.0003125       7.255
    0   0.0001562       7.255
    0   7.812e-05       7.255
    0   3.906e-05       7.255
    1   3.906e-05       5.802
    2   3.906e-05       5.668
    3   5.859e-05       5.668
    4   5.859e-05        5.61
    5   5.859e-05       5.552
    6   5.859e-05       5.502
    7   8.789e-05       5.487
    8   8.789e-05       5.472
    9   8.789e-05       5.454
   10   8.789e-05       5.436
   11   0.0001318       5.422
   12   0.0001318       5.407
   13   0.0001318       5.426
   14   0.0001318       5.578
   15   0.0001318        5.85
   16   0.0001318       5.785
   17   0.0001318       5.659
   18   0.0001318       5.545
   19   0.0001318       5.445
   20   0.0001318       5.384
   21   0.0001978       5.419
   22   0.0001978       5.392
   23   0.0001978       5.363
   24   0.0001978        5.33
   25   0.0001978       5.301
   26   0.0002966       5.269
   27   0.0002966       5.218
   28   0.0002966       5.165
   29   0.0002966       5.113
   30   0.0004449       5.063
   31   0.0004449       4.992
   32   0.0004449       4.925
   33   0.0004449       4.862
   34   0.0006674       4.812
   35   0.0006674       4.739
   36   0.0006674       4.668
   37   0.0006674       4.599
   38    0.001001        4.53
   39    0.001001       4.445
   40    0.001001       4.353
   41    0.001001       4.274
   42    0.001502       4.196
   43    0.001502       4.085
   44    0.001502       3.975
   45    0.002253       3.866
   46    0.002253       3.714
   47    0.002253       3.568
   48    0.003379       3.429
   49    0.003379       3.248
   0.005068      3.084 
------------------------------------------------------------

Attempt Newton solution of steady-state problem...

    log10(ss0)     log10(s1)   N_jac 
    ------------------------------------
        3.0838        3.7729       50 

At limits.

At limits.

FAILURE

------------------------------------------------------------
Transient mode: take 50 timesteps   

 step    size (s)    log10(ss) 
===============================
    0    0.005068       3.084
    1    0.005068       2.885
    2    0.007602       2.711
    3    0.007602       2.517
    4        0.01       2.339
    5        0.01       2.124
    6        0.01        1.91
    7        0.01       1.697
    8        0.01       1.484
    9        0.01        1.27
   10        0.01       1.057
   11        0.01      0.8434
   12        0.01      0.6303
   13        0.01      0.4171
   14        0.01      0.2053
   15        0.01   -0.006649
   16        0.01     -0.2151
   17        0.01     -0.4235
   18        0.01     -0.6227
   19        0.01      -0.822
   20        0.01     -0.9981
   21        0.01      -1.174
   22        0.01      -1.294
   23        0.01      -1.414
   24        0.01      -1.534
   25        0.01      -1.655
   26        0.01      -1.775
   27        0.01      -1.895
   28        0.01      -2.015
   29        0.01      -2.135
   30        0.01      -2.255
   31        0.01      -2.375
   32        0.01      -2.495
   33        0.01      -2.616
   34        0.01      -2.736
   35        0.01      -2.856
   36        0.01      -2.976
   37        0.01      -3.096
   38        0.01      -3.216
   39        0.01      -3.336
   40        0.01      -3.456
   41        0.01      -3.577
   42        0.01      -3.697
   43        0.01      -3.817
   44        0.01      -3.937
   45        0.01      -4.057
   46        0.01      -4.177
   47        0.01      -4.297
   48        0.01      -4.417
   49        0.01      -4.538
       0.01     -4.658 
------------------------------------------------------------

Attempt Newton solution of steady-state problem...

    log10(ss0)     log10(s1)   N_jac 
    ------------------------------------
       -4.6577       -6.9232       60 

SUCCESS

Problem solved on 40 grid points.

------------------------------------------------------------

Attempt Newton solution of steady-state problem...

    log10(ss0)     log10(s1)   N_jac 
    ------------------------------------
        4.7344        5.5975       1 

At limits.
        4.3326        5.5327       2 

At limits.
        4.1489        6.2775       3 

At limits.

FAILURE

------------------------------------------------------------
Transient mode: take 50 timesteps   

 step    size (s)    log10(ss) 
===============================
    0        0.01       4.734
    0       0.005       4.734
    0      0.0025       4.734
    0     0.00125       4.734
    0    0.000625       4.734
    0   0.0003125       4.734
    0   0.0001562       4.734
    0   7.812e-05       4.734
    0   3.906e-05       4.734
    0   1.953e-05       4.734
    0   9.766e-06       4.734
    0   4.883e-06       4.734
    0   2.441e-06       4.734
    0   1.221e-06       4.734
    0   6.104e-07       4.734
    0   3.052e-07       4.734
    0   1.526e-07       4.734
    0   7.629e-08       4.734
    0   3.815e-08       4.734
    0   1.907e-08       4.734
    0   9.537e-09       4.734
    0   4.768e-09       4.734
    0   2.384e-09       4.734
    0   1.192e-09       4.734
    0    5.96e-10       4.734
    0    2.98e-10       4.734
    0    1.49e-10       4.734
    0   7.451e-11       4.734
    0   3.725e-11       4.734
    0   1.863e-11       4.734
    0   9.313e-12       4.734
    0   4.657e-12       4.734
    0   2.328e-12       4.734
    0   1.164e-12       4.734
