# RUNNING VERSION '1.07-1'
+==========================================================================================================+
|                                                                                                          |
|                                                                                              #           |
|                                                                                             ##           |
|                                                                                            ###           |
|                                                                                          ####            |
|                                                          TU Freiberg                    ######           |
|                                                          Chair of Numerical            #### ##           |
|                                                          Thermo-Fluid-Dynamics         ########          |
|        Universal Laminar Flame Solver                                                  #### #####        |
|                                                                                          ##########      |
|                                                                                                #####     |
|                            ###    ##########             ####  ################################# ###     |
|                           ####  ####                    #####     ####   ####          ######### ###     |
|                          ####  ####                    ######     ###   ###                  ### ###     |
|         ####      ####  ################              ###  ###   ###   #########   ###       ### ##      |
|        ####      ####  ################              ###   ###  ###   ########    ###       ### ###      |
|       ####       ###  #### ####                     ###    ### ###   ###         ##       ### ###        |
|       #####   #####  #### ####                     ###      #####   ###         ###    ##### ###         |
|        ##########   ####  ###                     ###       #############      ########## #####          |
|                                                        #######################################           |
|                                                      ###               #####################             |
|                                                                             ############                 |
|                                                                                                          |
+==========================================================================================================+
                                                                                                            
ULF run at Sun Sep  6 03:27:34 2015



==== Status of problem ====

Parser configured
Database configured
Mixture configured
Solution configured
Solver configured
Problem NOT solved

==== END of Status ====
------------------------------------------------------------

Attempt Newton solution of steady-state problem...

At limits.

FAILURE

------------------------------------------------------------
Transient mode: take 50 timesteps   

 step    size (s)    log10(ss) 
===============================
    0        0.01       7.298
    0       0.005       7.298
    0      0.0025       7.298
    0     0.00125       7.298
    0    0.000625       7.298
    0   0.0003125       7.298
    0   0.0001562       7.298
    0   7.812e-05       7.298
    0   3.906e-05       7.298
    0   1.953e-05       7.298
    0   9.766e-06       7.298
    0   4.883e-06       7.298
    0   2.441e-06       7.298
    0   1.221e-06       7.298
    0   6.104e-07       7.298
    0   3.052e-07       7.298
    0   1.526e-07       7.298
    0   7.629e-08       7.298
    0   3.815e-08       7.298
    0   1.907e-08       7.298
    0   9.537e-09       7.298
    0   4.768e-09       7.298
    0   2.384e-09       7.298
    0   1.192e-09       7.298
    0    5.96e-10       7.298
    0    2.98e-10       7.298
    0    1.49e-10       7.298
    0   7.451e-11       7.298
    0   3.725e-11       7.298
    0   1.863e-11       7.298
    0   9.313e-12       7.298
    0   4.657e-12       7.298
    0   2.328e-12       7.298
    1   2.328e-12         7.2
    2   3.492e-12         7.2
    3   5.239e-12         7.2
    4   7.858e-12         7.2
    5   1.179e-11         7.2
    6   1.768e-11         7.2
    7   2.652e-11         7.2
    8   3.978e-11         7.2
    9   5.967e-11         7.2
   10   8.951e-11         7.2
   11   1.343e-10         7.2
   12   2.014e-10         7.2
   13   3.021e-10         7.2
   14   4.531e-10         7.2
   15   6.797e-10         7.2
   16    1.02e-09         7.2
   17   1.529e-09         7.2
   18   2.294e-09         7.2
   19   3.441e-09         7.2
   20   5.161e-09         7.2
   21   7.742e-09         7.2
   22   7.742e-09         7.2
   23   1.161e-08         7.2
   24   1.161e-08         7.2
   25   1.742e-08         7.2
   26   1.742e-08         7.2
   27   2.613e-08         7.2
   28   3.919e-08         7.2
   29   3.919e-08       7.199
   30   5.879e-08       7.199
   31   5.879e-08       7.199
   32   8.819e-08       7.198
   33   8.819e-08       7.198
   34   1.323e-07       7.197
   35   1.323e-07       7.196
   36   1.323e-07       7.195
   37   1.984e-07       7.194
   38   1.984e-07       7.193
   39   2.976e-07       7.191
   40   2.976e-07       7.189
   41   4.465e-07       7.187
   42   4.465e-07       7.184
   43   4.465e-07       7.181
   44   6.697e-07       7.178
   45   6.697e-07       7.173
   46   6.697e-07       7.169
   47   1.005e-06       7.164
   48   1.005e-06       7.157
   49   1.005e-06        7.15
  1.507e-06      7.143 
------------------------------------------------------------

Attempt Newton solution of steady-state problem...

At limits.

FAILURE

------------------------------------------------------------
Transient mode: take 50 timesteps   

 step    size (s)    log10(ss) 
===============================
    0   1.507e-06       7.143
    1   1.507e-06       7.132
    2    2.26e-06       7.122
    3    2.26e-06       7.106
    4    2.26e-06       7.091
    5    2.26e-06       7.076
    6    3.39e-06       7.061
    7    3.39e-06        7.04
    8    3.39e-06       7.019
    9   5.085e-06       6.998
   10   5.085e-06       6.969
   11   5.085e-06       6.941
   12   5.085e-06       6.914
   13   7.628e-06       6.887
   14   7.628e-06        6.85
   15   7.628e-06       6.815
   16   1.144e-05       6.781
   17   1.144e-05       6.735
   18   1.144e-05       6.691
   19   1.144e-05        6.65
   20   1.716e-05       6.612
   21   1.716e-05        6.56
   22   1.716e-05       6.511
   23   1.716e-05       6.469
   24   2.574e-05       6.447
   25   2.574e-05       6.415
   26   2.574e-05       6.383
   27   2.574e-05       6.352
   28   3.862e-05       6.321
   29   3.862e-05       6.277
   30   3.862e-05       6.234
   31   3.862e-05       6.192
   32   3.862e-05       6.152
   33   5.793e-05       6.128
   34   5.793e-05       6.091
   35   5.793e-05       6.054
   36   5.793e-05       6.017
   37   8.689e-05        5.98
   38   8.689e-05       5.927
   39   8.689e-05       5.875
   40   8.689e-05       5.878
   41   8.689e-05       5.874
   42   0.0001303       5.861
   43   0.0001303       5.829
   44   0.0001303       5.788
   45   0.0001303       5.741
   46   0.0001303       5.691
   47   0.0001955       5.639
   48   0.0001955       5.563
   49   0.0001955       5.487
  0.0001955      5.413 
------------------------------------------------------------

Attempt Newton solution of steady-state problem...

    log10(ss0)     log10(s1)   N_jac 
    ------------------------------------
        5.4127        5.3229       136 
        5.3407        5.3073       136 
        5.2712        5.2933       136 
        5.2050        6.1564       137 

At limits.

At limits.

FAILURE

------------------------------------------------------------
Transient mode: take 50 timesteps   

 step    size (s)    log10(ss) 
===============================
    0   0.0001955       5.413
    1   0.0001955       5.341
    2   0.0001955       5.272
    3   0.0001955       5.206
    4   0.0002933       5.143
    5   0.0002933       5.056
    6   0.0002933       4.974
    7   0.0002933       4.923
    8   0.0004399       4.872
    9   0.0004399       4.787
   10   0.0004399       4.692
   11   0.0006598       4.585
   12   0.0006598        4.41
   13   0.0006598       4.249
   14   0.0009897       4.111
   15   0.0009897       3.916
   16    0.001485         3.8
   17    0.001485       3.631
   18    0.002227        3.42
   19    0.002227       3.098
   20     0.00334       2.759
   21     0.00334       2.309
   22     0.00501       1.862
   23    0.007516       1.303
   24        0.01      0.6307
   25        0.01    -0.08602
   26        0.01     -0.7912
   27        0.01      -1.353
   28        0.01      -1.919
   29        0.01      -2.488
   30        0.01      -3.061
   31        0.01      -3.636
   32        0.01      -4.215
   33        0.01      -4.797
   34        0.01      -5.383
   35        0.01      -5.964
   36        0.01      -6.538
   37        0.01      -7.034
   38        0.01      -7.676
   39        0.01      -7.463
   40        0.01       -8.43
   41        0.01      -7.451
   42        0.01      -7.311
   43        0.01      -7.637
   44        0.01      -7.285
   45        0.01      -7.131
   46        0.01      -6.804
   47        0.01       -7.22
   48        0.01      -7.253
   49        0.01      -7.741
       0.01      -6.89 
------------------------------------------------------------

Attempt Newton solution of steady-state problem...

    log10(ss0)     log10(s1)   N_jac 
    ------------------------------------
       -6.8902       -7.5051       154 

SUCCESS

Problem solved on 30 grid points.

------------------------------------------------------------

Attempt Newton solution of steady-state problem...

    log10(ss0)     log10(s1)   N_jac 
    ------------------------------------
        6.8877        6.2831       1 

At limits.

At limits.

FAILURE

------------------------------------------------------------
Transient mode: take 50 timesteps   

 step    size (s)    log10(ss) 
===============================
    0        0.01       6.888
    0       0.005       6.888
    0      0.0025       6.888
    0     0.00125       6.888
    0    0.000625       6.888
    0   0.0003125       6.888
    0   0.0001562       6.888
    0   7.812e-05       6.888
    0   3.906e-05       6.888
    0   1.953e-05       6.888
    0   9.766e-06       6.888
    0   4.883e-06       6.888
    0   2.441e-06       6.888
    0   1.221e-06       6.888
    1   1.831e-06       6.757
    2   1.831e-06       6.771
    3   2.747e-06       6.708
    4   2.747e-06       6.626
    5   2.747e-06       6.569
    6    4.12e-06       6.533
    7    4.12e-06       6.491
    8    4.12e-06        6.45
    9    6.18e-06       6.409
   10    6.18e-06       6.349
   11    6.18e-06       6.291
   12    9.27e-06       6.235
   13    9.27e-06       6.155
   14    9.27e-06       6.079
   15    1.39e-05       6.004
   16    1.39e-05       5.901
   17    1.39e-05       5.802
   18   2.086e-05       5.706
   19   2.086e-05       5.573
   20   2.086e-05       5.514
   21   3.129e-05        5.48
   22   3.129e-05       5.434
   23   3.129e-05       5.391
   24   4.693e-05       5.353
   25   4.693e-05       5.303
   26   4.693e-05       5.259
   27   7.039e-05       5.221
   28   7.039e-05       5.173
   29   7.039e-05       5.132
   30   7.039e-05       5.096
   31   0.0001056       5.063
   32   0.0001056       5.026
   33   0.0001056       4.988
   34   0.0001584       4.949
   35   0.0001584       4.891
   36   0.0001584        4.84
   37   0.0002376       4.791
   38   0.0002376       4.721
   39   0.0002376       4.653
   40   0.0003564       4.586
   41   0.0003564       4.489
   42   0.0003564       4.392
   43   0.0005345       4.294
   44   0.0005345       4.151
   45   0.0008018       4.004
   46   0.0008018       3.787
   47    0.001203       3.557
   48    0.001203       3.304
   49    0.001804        3.04
   0.001804      2.669 
------------------------------------------------------------

Attempt Newton solution of steady-state problem...

    log10(ss0)     log10(s1)   N_jac 
    ------------------------------------
        2.6689        2.8722       49 
        2.2923        2.5294       49 
        2.0318        2.2308       49 
        1.8069        1.9557       49 
        1.5484        1.6852       49 
        1.2687        1.4103       49 
        0.9741        1.1284       49 
        0.6683       -3.1787       50 

SUCCESS

Problem solved on 40 grid points.

------------------------------------------------------------

Attempt Newton solution of steady-state problem...

    log10(ss0)     log10(s1)   N_jac 
    ------------------------------------
        7.8128        6.7433       1 

At limits.

At limits.

FAILURE

------------------------------------------------------------
Transient mode: take 50 timesteps   

 step    size (s)    log10(ss) 
===============================
    0        0.01       7.813
    1        0.01       4.231
    2        0.01        3.13
    3        0.01       2.064
    4        0.01        1.08
    5        0.01      0.2555
    6        0.01     -0.4656
    7        0.01      -1.033
    8        0.01      -1.619
    9        0.01      -2.204
   10        0.01      -2.809
   11        0.01      -3.429
   12        0.01      -4.062
   13        0.01      -4.707
   14        0.01      -5.031
   15        0.01      -4.903
   16        0.01      -4.879
   17        0.01      -4.874
   18        0.01      -4.873
   19        0.01      -4.873
   20        0.01      -4.873
   21        0.01      -4.873
   22        0.01      -4.873
   23        0.01      -4.873
   24        0.01      -4.873
   25        0.01      -4.873
   26        0.01      -4.873
   27        0.01      -4.873
   28        0.01      -4.873
   29        0.01      -4.873
   30        0.01      -4.873
   31        0.01      -4.873
   32        0.01      -4.873
   33        0.01      -4.872
   34        0.01      -4.873
   35        0.01      -4.873
   36        0.01      -4.873
   37        0.01      -4.873
   38        0.01      -4.873
   39        0.01      -4.873
   40        0.01      -4.872
   41        0.01      -4.873
   42        0.01      -4.873
   43        0.01      -4.873
   44        0.01      -4.873
   45        0.01      -5.226
   46        0.01      -6.522
   47        0.01      -6.555
   48        0.01      -6.768
   49        0.01      -6.835
       0.01     -6.653 
------------------------------------------------------------

Attempt Newton solution of steady-state problem...

    log10(ss0)     log10(s1)   N_jac 
    ------------------------------------
       -6.6525       -7.9787       8 

SUCCESS

Problem solved on 50 grid points.

------------------------------------------------------------

Attempt Newton solution of steady-state problem...

    log10(ss0)     log10(s1)   N_jac 
    ------------------------------------
        7.5017        4.9112       1 
        6.7764        4.4320       1 
        5.8240        3.7273       1 
        5.0682        3.4837       1 

At limits.
        5.0973        1.7417       2 
        2.8930        0.2000       2 
        1.5627       -1.4142       2 

SUCCESS

Problem solved on 60 grid points.

------------------------------------------------------------

Attempt Newton solution of steady-state problem...

    log10(ss0)     log10(s1)   N_jac 
    ------------------------------------
        7.2543        4.1011       1 
        5.9810        3.1364       1 
        5.3658        2.4195       1 
        4.5584        1.6660       1 
        3.8890        0.9807       1 
        3.1435        0.3966       1 
        2.4417       -0.0270       1 

SUCCESS

Problem solved on 70 grid points.

------------------------------------------------------------

Attempt Newton solution of steady-state problem...

    log10(ss0)     log10(s1)   N_jac 
    ------------------------------------
        7.0682        4.2731       1 
        6.0240        3.6777       1 
        4.5596        3.0177       1 
        4.1401        2.3294       1 
        3.5647        1.6515       1 
        2.8642        0.9891       1 
        2.1622        0.3366       1 
        1.4815       -0.3104       1 

SUCCESS

Problem solved on 80 grid points.

------------------------------------------------------------

Attempt Newton solution of steady-state problem...

    log10(ss0)     log10(s1)   N_jac 
    ------------------------------------
        6.2790        3.3529       1 
        4.8635        2.3384       1 
        3.6794        1.3427       1 
        2.7280        0.3538       1 
        1.8097       -0.6336       1 

SUCCESS

Problem solved on 90 grid points.

------------------------------------------------------------

Attempt Newton solution of steady-state problem...

    log10(ss0)     log10(s1)   N_jac 
    ------------------------------------
        6.8775        2.9158       1 
        4.7367        1.2358       1 
        2.7063       -0.2559       1 

SUCCESS

Problem solved on 100 grid points.

------------------------------------------------------------

Attempt Newton solution of steady-state problem...

    log10(ss0)     log10(s1)   N_jac 
    ------------------------------------
        6.4666        3.3839       1 
        4.5886        2.0892       1 
        3.2671        0.8671       1 
        2.1077       -0.3316       1 

SUCCESS

Problem solved on 110 grid points.

------------------------------------------------------------

Attempt Newton solution of steady-state problem...

    log10(ss0)     log10(s1)   N_jac 
    ------------------------------------
        7.0266        2.5869       1 
        4.2586        1.1098       1 
        2.8712       -0.3026       1 

SUCCESS

Problem solved on 120 grid points.

------------------------------------------------------------

Attempt Newton solution of steady-state problem...

    log10(ss0)     log10(s1)   N_jac 
    ------------------------------------
        2.8434        2.2983       1 
        4.6486        1.0258       1 
        2.9491       -0.7693       1 

SUCCESS

Problem solved on 130 grid points.

------------------------------------------------------------

Attempt Newton solution of steady-state problem...

    log10(ss0)     log10(s1)   N_jac 
    ------------------------------------
        6.9041        2.1126       1 
        4.2225        0.2269       1 
        2.0706       -1.6365       1 

SUCCESS

Problem solved on 140 grid points.

------------------------------------------------------------

Attempt Newton solution of steady-state problem...

    log10(ss0)     log10(s1)   N_jac 
    ------------------------------------
        6.9350        1.9259       1 
        3.9575        0.1093       1 
        1.7425       -1.7003       1 

SUCCESS

Problem solved on 150 grid points.

------------------------------------------------------------

Attempt Newton solution of steady-state problem...

    log10(ss0)     log10(s1)   N_jac 
    ------------------------------------
        5.6894        1.8488       1 
        3.6318       -0.2200       1 

SUCCESS

Problem solved on 160 grid points.

------------------------------------------------------------

Attempt Newton solution of steady-state problem...

    log10(ss0)     log10(s1)   N_jac 
    ------------------------------------
        6.2951        2.1004       1 
        2.8302        0.3576       1 
        1.8472       -1.2420       1 

SUCCESS

Problem solved on 170 grid points.

------------------------------------------------------------

Attempt Newton solution of steady-state problem...

    log10(ss0)     log10(s1)   N_jac 
    ------------------------------------
        6.7162        2.5769       1 
        3.7345        1.0461       1 
        2.6314       -0.4708       1 

SUCCESS

Problem solved on 180 grid points.

------------------------------------------------------------

Attempt Newton solution of steady-state problem...

    log10(ss0)     log10(s1)   N_jac 
    ------------------------------------
        6.5069        2.7956       1 
        4.1210        1.3431       1 
        2.7082       -0.1180       1 

SUCCESS

Problem solved on 190 grid points.

------------------------------------------------------------

Attempt Newton solution of steady-state problem...

    log10(ss0)     log10(s1)   N_jac 
    ------------------------------------
        6.7819        3.3980       1 
        4.6519        2.2197       1 
        3.9054        0.9801       1 
        2.7691       -0.2047       1 

SUCCESS

Problem solved on 200 grid points.

------------------------------------------------------------

Attempt Newton solution of steady-state problem...

    log10(ss0)     log10(s1)   N_jac 
    ------------------------------------
        7.0205        2.4494       1 
        3.9887        0.9774       1 
        2.5056       -0.5001       1 

SUCCESS

Problem solved on 210 grid points.

------------------------------------------------------------

Attempt Newton solution of steady-state problem...

    log10(ss0)     log10(s1)   N_jac 
    ------------------------------------
        2.7772        1.6973       1 
        3.1287        0.2386       1 
        1.3115       -1.1864       1 

SUCCESS

Problem solved on 220 grid points.

------------------------------------------------------------

Attempt Newton solution of steady-state problem...

    log10(ss0)     log10(s1)   N_jac 
    ------------------------------------
        2.6525        1.8768       1 
        3.4338        0.4335       1 
        1.6117       -0.9848       1 

SUCCESS

Problem solved on 230 grid points.

------------------------------------------------------------

Attempt Newton solution of steady-state problem...

    log10(ss0)     log10(s1)   N_jac 
    ------------------------------------
        2.6657        1.5872       1 
        2.9878        0.1006       1 
        1.2744       -1.3218       1 

SUCCESS

Problem solved on 240 grid points.

------------------------------------------------------------

Attempt Newton solution of steady-state problem...

    log10(ss0)     log10(s1)   N_jac 
    ------------------------------------
        2.6147        2.1208       1 
        3.9671        0.4948       1 
        2.2747       -0.9119       1 

SUCCESS

Problem solved on 250 grid points.

------------------------------------------------------------

Attempt Newton solution of steady-state problem...

    log10(ss0)     log10(s1)   N_jac 
    ------------------------------------
        6.9839        2.9122       1 
        4.4779        1.5613       1 
        3.4049        0.1876       1 
        2.0857       -1.1564       1 

SUCCESS

Problem solved on 260 grid points.

------------------------------------------------------------

Attempt Newton solution of steady-state problem...

    log10(ss0)     log10(s1)   N_jac 
    ------------------------------------
        6.1379        1.4798       1 
        3.0500       -0.0479       1 

SUCCESS

Problem solved on 270 grid points.

------------------------------------------------------------

Attempt Newton solution of steady-state problem...

    log10(ss0)     log10(s1)   N_jac 
    ------------------------------------
        6.2246        1.4483       1 
        2.9606        0.0830       1 
        1.2562       -1.1481       1 

SUCCESS

Problem solved on 280 grid points.

------------------------------------------------------------

Attempt Newton solution of steady-state problem...

    log10(ss0)     log10(s1)   N_jac 
    ------------------------------------
        6.7968        1.7685       1 
        3.2201        0.5360       1 
        1.7258       -0.6244       1 

SUCCESS

Problem solved on 290 grid points.

------------------------------------------------------------

Attempt Newton solution of steady-state problem...

    log10(ss0)     log10(s1)   N_jac 
    ------------------------------------
        6.3401        2.2672       1 
        3.2550        1.1446       1 
        2.1241        0.0318       1 
        1.0237       -1.0794       1 

SUCCESS

Problem solved on 300 grid points.


==== Status of problem ====

Parser configured
Database configured
Mixture configured
Solution configured
Solver configured
Problem solved

==== END of Status ====

ULF run took 113.95 s

==== ULF END ====
