# RUNNING VERSION '1.07-1'
+==========================================================================================================+
|                                                                                                          |
|                                                                                              #           |
|                                                                                             ##           |
|                                                                                            ###           |
|                                                                                          ####            |
|                                                          TU Freiberg                    ######           |
|                                                          Chair of Numerical            #### ##           |
|                                                          Thermo-Fluid-Dynamics         ########          |
|        Universal Laminar Flame Solver                                                  #### #####        |
|                                                                                          ##########      |
|                                                                                                #####     |
|                            ###    ##########             ####  ################################# ###     |
|                           ####  ####                    #####     ####   ####          ######### ###     |
|                          ####  ####                    ######     ###   ###                  ### ###     |
|         ####      ####  ################              ###  ###   ###   #########   ###       ### ##      |
|        ####      ####  ################              ###   ###  ###   ########    ###       ### ###      |
|       ####       ###  #### ####                     ###    ### ###   ###         ##       ### ###        |
|       #####   #####  #### ####                     ###      #####   ###         ###    ##### ###         |
|        ##########   ####  ###                     ###       #############      ########## #####          |
|                                                        #######################################           |
|                                                      ###               #####################             |
|                                                                             ############                 |
|                                                                                                          |
+==========================================================================================================+
                                                                                                            
ULF run at Sun Sep  6 03:25:08 2015



==== Status of problem ====

Parser configured
Database configured
Mixture configured
Solution configured
Solver configured
Problem NOT solved

==== END of Status ====
------------------------------------------------------------

Attempt Newton solution of steady-state problem...

At limits.

FAILURE

------------------------------------------------------------
Transient mode: take 50 timesteps   

 step    size (s)    log10(ss) 
===============================
    0        0.01        7.33
    0       0.005        7.33
    0      0.0025        7.33
    0     0.00125        7.33
    0    0.000625        7.33
    0   0.0003125        7.33
    0   0.0001562        7.33
    0   7.812e-05        7.33
    0   3.906e-05        7.33
    0   1.953e-05        7.33
    0   9.766e-06        7.33
    0   4.883e-06        7.33
    0   2.441e-06        7.33
    0   1.221e-06        7.33
    0   6.104e-07        7.33
    0   3.052e-07        7.33
    0   1.526e-07        7.33
    0   7.629e-08        7.33
    0   3.815e-08        7.33
    0   1.907e-08        7.33
    0   9.537e-09        7.33
    0   4.768e-09        7.33
    0   2.384e-09        7.33
    0   1.192e-09        7.33
    0    5.96e-10        7.33
    0    2.98e-10        7.33
    0    1.49e-10        7.33
    0   7.451e-11        7.33
    0   3.725e-11        7.33
    0   1.863e-11        7.33
    0   9.313e-12        7.33
    0   4.657e-12        7.33
    0   2.328e-12        7.33
    0   1.164e-12        7.33
